[0.010s] Invoking command in '/home/cairlab/twist_mux/diagnostics/build/diagnostic_common_diagnostics': AMENT_PREFIX_PATH=/home/cairlab/twist_mux/diagnostics/install/diagnostic_updater:${AMENT_PREFIX_PATH} CMAKE_PREFIX_PATH=/home/cairlab/twist_mux/diagnostics/install/diagnostic_updater:/opt/ros/humble LD_LIBRARY_PATH=/home/cairlab/twist_mux/diagnostics/install/diagnostic_updater/lib:${LD_LIBRARY_PATH} PYTHONPATH=/home/cairlab/twist_mux/diagnostics/install/diagnostic_updater/local/lib/python3.10/dist-packages:${PYTHONPATH} /usr/bin/cmake /home/cairlab/twist_mux/diagnostics/diagnostic_common_diagnostics -DCMAKE_INSTALL_PREFIX=/home/cairlab/twist_mux/diagnostics/install/diagnostic_common_diagnostics
[0.068s] -- The C compiler identification is GNU 11.3.0
[0.139s] -- The CXX compiler identification is GNU 11.3.0
[0.146s] -- Detecting C compiler ABI info
[0.218s] -- Detecting C compiler ABI info - done
[0.224s] -- Check for working C compiler: /usr/bin/cc - skipped
[0.224s] -- Detecting C compile features
[0.224s] -- Detecting C compile features - done
[0.227s] -- Detecting CXX compiler ABI info
[0.293s] -- Detecting CXX compiler ABI info - done
[0.300s] -- Check for working CXX compiler: /usr/bin/c++ - skipped
[0.300s] -- Detecting CXX compile features
[0.300s] -- Detecting CXX compile features - done
[0.302s] -- Found ament_cmake: 1.3.5 (/opt/ros/humble/share/ament_cmake/cmake)
[0.450s] -- Found Python3: /usr/bin/python3.10 (found version "3.10.6") found components: Interpreter 
[0.605s] -- Found ament_lint_auto: 0.12.6 (/opt/ros/humble/share/ament_lint_auto/cmake)
[0.963s] -- Added test 'xmllint' to check XML markup files
[0.964s] -- Added test 'lint_cmake' to check CMake code style
[0.965s] -- Configuring done
[0.968s] -- Generating done
[0.969s] -- Build files have been written to: /home/cairlab/twist_mux/diagnostics/build/diagnostic_common_diagnostics
[0.976s] Invoked command in '/home/cairlab/twist_mux/diagnostics/build/diagnostic_common_diagnostics' returned '0': AMENT_PREFIX_PATH=/home/cairlab/twist_mux/diagnostics/install/diagnostic_updater:${AMENT_PREFIX_PATH} CMAKE_PREFIX_PATH=/home/cairlab/twist_mux/diagnostics/install/diagnostic_updater:/opt/ros/humble LD_LIBRARY_PATH=/home/cairlab/twist_mux/diagnostics/install/diagnostic_updater/lib:${LD_LIBRARY_PATH} PYTHONPATH=/home/cairlab/twist_mux/diagnostics/install/diagnostic_updater/local/lib/python3.10/dist-packages:${PYTHONPATH} /usr/bin/cmake /home/cairlab/twist_mux/diagnostics/diagnostic_common_diagnostics -DCMAKE_INSTALL_PREFIX=/home/cairlab/twist_mux/diagnostics/install/diagnostic_common_diagnostics
[0.977s] Invoking command in '/home/cairlab/twist_mux/diagnostics/build/diagnostic_common_diagnostics': AMENT_PREFIX_PATH=/home/cairlab/twist_mux/diagnostics/install/diagnostic_updater:${AMENT_PREFIX_PATH} CMAKE_PREFIX_PATH=/home/cairlab/twist_mux/diagnostics/install/diagnostic_updater:/opt/ros/humble LD_LIBRARY_PATH=/home/cairlab/twist_mux/diagnostics/install/diagnostic_updater/lib:${LD_LIBRARY_PATH} PYTHONPATH=/home/cairlab/twist_mux/diagnostics/install/diagnostic_updater/local/lib/python3.10/dist-packages:${PYTHONPATH} /usr/bin/cmake --build /home/cairlab/twist_mux/diagnostics/build/diagnostic_common_diagnostics -- -j12 -l12
[1.025s] Built target ament_cmake_python_copy_diagnostic_common_diagnostics
[1.239s] running egg_info
[1.240s] creating diagnostic_common_diagnostics.egg-info
[1.240s] writing diagnostic_common_diagnostics.egg-info/PKG-INFO
[1.240s] writing dependency_links to diagnostic_common_diagnostics.egg-info/dependency_links.txt
[1.240s] writing top-level names to diagnostic_common_diagnostics.egg-info/top_level.txt
[1.240s] writing manifest file 'diagnostic_common_diagnostics.egg-info/SOURCES.txt'
[1.242s] reading manifest file 'diagnostic_common_diagnostics.egg-info/SOURCES.txt'
[1.243s] writing manifest file 'diagnostic_common_diagnostics.egg-info/SOURCES.txt'
[1.270s] Built target ament_cmake_python_build_diagnostic_common_diagnostics_egg
[1.281s] Invoked command in '/home/cairlab/twist_mux/diagnostics/build/diagnostic_common_diagnostics' returned '0': AMENT_PREFIX_PATH=/home/cairlab/twist_mux/diagnostics/install/diagnostic_updater:${AMENT_PREFIX_PATH} CMAKE_PREFIX_PATH=/home/cairlab/twist_mux/diagnostics/install/diagnostic_updater:/opt/ros/humble LD_LIBRARY_PATH=/home/cairlab/twist_mux/diagnostics/install/diagnostic_updater/lib:${LD_LIBRARY_PATH} PYTHONPATH=/home/cairlab/twist_mux/diagnostics/install/diagnostic_updater/local/lib/python3.10/dist-packages:${PYTHONPATH} /usr/bin/cmake --build /home/cairlab/twist_mux/diagnostics/build/diagnostic_common_diagnostics -- -j12 -l12
[1.302s] Invoking command in '/home/cairlab/twist_mux/diagnostics/build/diagnostic_common_diagnostics': AMENT_PREFIX_PATH=/home/cairlab/twist_mux/diagnostics/install/diagnostic_updater:${AMENT_PREFIX_PATH} CMAKE_PREFIX_PATH=/home/cairlab/twist_mux/diagnostics/install/diagnostic_updater:/opt/ros/humble LD_LIBRARY_PATH=/home/cairlab/twist_mux/diagnostics/install/diagnostic_updater/lib:${LD_LIBRARY_PATH} PYTHONPATH=/home/cairlab/twist_mux/diagnostics/install/diagnostic_updater/local/lib/python3.10/dist-packages:${PYTHONPATH} /usr/bin/cmake --install /home/cairlab/twist_mux/diagnostics/build/diagnostic_common_diagnostics
[1.309s] -- Install configuration: ""
[1.309s] -- Installing: /home/cairlab/twist_mux/diagnostics/install/diagnostic_common_diagnostics/share/diagnostic_common_diagnostics/environment/pythonpath.sh
[1.309s] -- Installing: /home/cairlab/twist_mux/diagnostics/install/diagnostic_common_diagnostics/share/diagnostic_common_diagnostics/environment/pythonpath.dsv
[1.309s] -- Up-to-date: /home/cairlab/twist_mux/diagnostics/install/diagnostic_common_diagnostics/local/lib/python3.10/dist-packages/diagnostic_common_diagnostics-3.1.2-py3.10.egg-info
[1.309s] -- Installing: /home/cairlab/twist_mux/diagnostics/install/diagnostic_common_diagnostics/local/lib/python3.10/dist-packages/diagnostic_common_diagnostics-3.1.2-py3.10.egg-info/dependency_links.txt
[1.310s] -- Installing: /home/cairlab/twist_mux/diagnostics/install/diagnostic_common_diagnostics/local/lib/python3.10/dist-packages/diagnostic_common_diagnostics-3.1.2-py3.10.egg-info/PKG-INFO
[1.310s] -- Installing: /home/cairlab/twist_mux/diagnostics/install/diagnostic_common_diagnostics/local/lib/python3.10/dist-packages/diagnostic_common_diagnostics-3.1.2-py3.10.egg-info/SOURCES.txt
[1.310s] -- Installing: /home/cairlab/twist_mux/diagnostics/install/diagnostic_common_diagnostics/local/lib/python3.10/dist-packages/diagnostic_common_diagnostics-3.1.2-py3.10.egg-info/top_level.txt
[1.310s] -- Up-to-date: /home/cairlab/twist_mux/diagnostics/install/diagnostic_common_diagnostics/local/lib/python3.10/dist-packages/diagnostic_common_diagnostics
[1.310s] -- Up-to-date: /home/cairlab/twist_mux/diagnostics/install/diagnostic_common_diagnostics/local/lib/python3.10/dist-packages/diagnostic_common_diagnostics/ntp_monitor.py
[1.310s] -- Up-to-date: /home/cairlab/twist_mux/diagnostics/install/diagnostic_common_diagnostics/local/lib/python3.10/dist-packages/diagnostic_common_diagnostics/__init__.py
[1.337s] Listing '/home/cairlab/twist_mux/diagnostics/install/diagnostic_common_diagnostics/local/lib/python3.10/dist-packages/diagnostic_common_diagnostics'...
[1.342s] -- Up-to-date: /home/cairlab/twist_mux/diagnostics/install/diagnostic_common_diagnostics/lib/diagnostic_common_diagnostics/ntp_monitor.py
[1.342s] -- Installing: /home/cairlab/twist_mux/diagnostics/install/diagnostic_common_diagnostics/share/ament_index/resource_index/package_run_dependencies/diagnostic_common_diagnostics
[1.343s] -- Installing: /home/cairlab/twist_mux/diagnostics/install/diagnostic_common_diagnostics/share/ament_index/resource_index/parent_prefix_path/diagnostic_common_diagnostics
[1.343s] -- Up-to-date: /home/cairlab/twist_mux/diagnostics/install/diagnostic_common_diagnostics/share/diagnostic_common_diagnostics/environment/ament_prefix_path.sh
[1.343s] -- Installing: /home/cairlab/twist_mux/diagnostics/install/diagnostic_common_diagnostics/share/diagnostic_common_diagnostics/environment/ament_prefix_path.dsv
[1.343s] -- Up-to-date: /home/cairlab/twist_mux/diagnostics/install/diagnostic_common_diagnostics/share/diagnostic_common_diagnostics/environment/path.sh
[1.343s] -- Installing: /home/cairlab/twist_mux/diagnostics/install/diagnostic_common_diagnostics/share/diagnostic_common_diagnostics/environment/path.dsv
[1.343s] -- Installing: /home/cairlab/twist_mux/diagnostics/install/diagnostic_common_diagnostics/share/diagnostic_common_diagnostics/local_setup.bash
[1.343s] -- Installing: /home/cairlab/twist_mux/diagnostics/install/diagnostic_common_diagnostics/share/diagnostic_common_diagnostics/local_setup.sh
[1.343s] -- Installing: /home/cairlab/twist_mux/diagnostics/install/diagnostic_common_diagnostics/share/diagnostic_common_diagnostics/local_setup.zsh
[1.343s] -- Installing: /home/cairlab/twist_mux/diagnostics/install/diagnostic_common_diagnostics/share/diagnostic_common_diagnostics/local_setup.dsv
[1.343s] -- Installing: /home/cairlab/twist_mux/diagnostics/install/diagnostic_common_diagnostics/share/diagnostic_common_diagnostics/package.dsv
[1.344s] -- Installing: /home/cairlab/twist_mux/diagnostics/install/diagnostic_common_diagnostics/share/ament_index/resource_index/packages/diagnostic_common_diagnostics
[1.344s] -- Installing: /home/cairlab/twist_mux/diagnostics/install/diagnostic_common_diagnostics/share/diagnostic_common_diagnostics/cmake/diagnostic_common_diagnosticsConfig.cmake
[1.344s] -- Installing: /home/cairlab/twist_mux/diagnostics/install/diagnostic_common_diagnostics/share/diagnostic_common_diagnostics/cmake/diagnostic_common_diagnosticsConfig-version.cmake
[1.344s] -- Up-to-date: /home/cairlab/twist_mux/diagnostics/install/diagnostic_common_diagnostics/share/diagnostic_common_diagnostics/package.xml
[1.348s] Invoked command in '/home/cairlab/twist_mux/diagnostics/build/diagnostic_common_diagnostics' returned '0': AMENT_PREFIX_PATH=/home/cairlab/twist_mux/diagnostics/install/diagnostic_updater:${AMENT_PREFIX_PATH} CMAKE_PREFIX_PATH=/home/cairlab/twist_mux/diagnostics/install/diagnostic_updater:/opt/ros/humble LD_LIBRARY_PATH=/home/cairlab/twist_mux/diagnostics/install/diagnostic_updater/lib:${LD_LIBRARY_PATH} PYTHONPATH=/home/cairlab/twist_mux/diagnostics/install/diagnostic_updater/local/lib/python3.10/dist-packages:${PYTHONPATH} /usr/bin/cmake --install /home/cairlab/twist_mux/diagnostics/build/diagnostic_common_diagnostics
