[0.735s] Invoking command in '/home/odin/Documents/GitHub/saga_repo/build/rasberry_gazebo': CMAKE_PREFIX_PATH=/opt/ros/humble /usr/bin/cmake --build /home/odin/Documents/GitHub/saga_repo/build/rasberry_gazebo -- -j8 -l8
[0.866s] Invoked command in '/home/odin/Documents/GitHub/saga_repo/build/rasberry_gazebo' returned '0': CMAKE_PREFIX_PATH=/opt/ros/humble /usr/bin/cmake --build /home/odin/Documents/GitHub/saga_repo/build/rasberry_gazebo -- -j8 -l8
[1.105s] Invoking command in '/home/odin/Documents/GitHub/saga_repo/build/rasberry_gazebo': CMAKE_PREFIX_PATH=/opt/ros/humble /usr/bin/cmake --install /home/odin/Documents/GitHub/saga_repo/build/rasberry_gazebo
[1.129s] -- Install configuration: ""
[1.129s] -- Up-to-date: /home/odin/Documents/GitHub/saga_repo/install/rasberry_gazebo/lib/rasberry_gazebo/move_base_seq.py
[1.130s] -- Up-to-date: /home/odin/Documents/GitHub/saga_repo/install/rasberry_gazebo/share/rasberry_gazebo/launch
[1.130s] -- Up-to-date: /home/odin/Documents/GitHub/saga_repo/install/rasberry_gazebo/share/rasberry_gazebo/launch/spawn_thorvald.launch.py
[1.130s] -- Up-to-date: /home/odin/Documents/GitHub/saga_repo/install/rasberry_gazebo/share/rasberry_gazebo/launch/thorvald_playpen.launch.py
[1.130s] -- Installing: /home/odin/Documents/GitHub/saga_repo/install/rasberry_gazebo/share/rasberry_gazebo/launch/gazebo.launch.py
[1.131s] -- Up-to-date: /home/odin/Documents/GitHub/saga_repo/install/rasberry_gazebo/share/rasberry_gazebo/launch/world.launch
[1.131s] -- Up-to-date: /home/odin/Documents/GitHub/saga_repo/install/rasberry_gazebo/share/rasberry_gazebo/worlds
[1.131s] -- Up-to-date: /home/odin/Documents/GitHub/saga_repo/install/rasberry_gazebo/share/rasberry_gazebo/worlds/empty_grass.world
[1.131s] -- Up-to-date: /home/odin/Documents/GitHub/saga_repo/install/rasberry_gazebo/share/ament_index/resource_index/package_run_dependencies/rasberry_gazebo
[1.132s] -- Up-to-date: /home/odin/Documents/GitHub/saga_repo/install/rasberry_gazebo/share/ament_index/resource_index/parent_prefix_path/rasberry_gazebo
[1.132s] -- Up-to-date: /home/odin/Documents/GitHub/saga_repo/install/rasberry_gazebo/share/rasberry_gazebo/environment/ament_prefix_path.sh
[1.132s] -- Up-to-date: /home/odin/Documents/GitHub/saga_repo/install/rasberry_gazebo/share/rasberry_gazebo/environment/ament_prefix_path.dsv
[1.132s] -- Up-to-date: /home/odin/Documents/GitHub/saga_repo/install/rasberry_gazebo/share/rasberry_gazebo/environment/path.sh
[1.132s] -- Up-to-date: /home/odin/Documents/GitHub/saga_repo/install/rasberry_gazebo/share/rasberry_gazebo/environment/path.dsv
[1.133s] -- Up-to-date: /home/odin/Documents/GitHub/saga_repo/install/rasberry_gazebo/share/rasberry_gazebo/local_setup.bash
[1.133s] -- Up-to-date: /home/odin/Documents/GitHub/saga_repo/install/rasberry_gazebo/share/rasberry_gazebo/local_setup.sh
[1.133s] -- Up-to-date: /home/odin/Documents/GitHub/saga_repo/install/rasberry_gazebo/share/rasberry_gazebo/local_setup.zsh
[1.133s] -- Up-to-date: /home/odin/Documents/GitHub/saga_repo/install/rasberry_gazebo/share/rasberry_gazebo/local_setup.dsv
[1.133s] -- Installing: /home/odin/Documents/GitHub/saga_repo/install/rasberry_gazebo/share/rasberry_gazebo/package.dsv
[1.133s] -- Up-to-date: /home/odin/Documents/GitHub/saga_repo/install/rasberry_gazebo/share/ament_index/resource_index/packages/rasberry_gazebo
[1.133s] -- Up-to-date: /home/odin/Documents/GitHub/saga_repo/install/rasberry_gazebo/share/rasberry_gazebo/cmake/rasberry_gazeboConfig.cmake
[1.134s] -- Up-to-date: /home/odin/Documents/GitHub/saga_repo/install/rasberry_gazebo/share/rasberry_gazebo/cmake/rasberry_gazeboConfig-version.cmake
[1.134s] -- Up-to-date: /home/odin/Documents/GitHub/saga_repo/install/rasberry_gazebo/share/rasberry_gazebo/package.xml
[1.382s] Invoked command in '/home/odin/Documents/GitHub/saga_repo/build/rasberry_gazebo' returned '0': CMAKE_PREFIX_PATH=/opt/ros/humble /usr/bin/cmake --install /home/odin/Documents/GitHub/saga_repo/build/rasberry_gazebo
