[0.462s] Invoking command in '/home/loki/Documents/GitHub/saga_repo/build/loki_twist_mux': CMAKE_PREFIX_PATH=${CMAKE_PREFIX_PATH}:/home/loki/Documents/GitHub/saga_repo/install/loki_teleop:/home/loki/Documents/GitHub/saga_repo/install/loki_base:/opt/ros/humble /usr/bin/cmake --build /home/loki/Documents/GitHub/saga_repo/build/loki_twist_mux -- -j4 -l4
[0.521s] Invoked command in '/home/loki/Documents/GitHub/saga_repo/build/loki_twist_mux' returned '0': CMAKE_PREFIX_PATH=${CMAKE_PREFIX_PATH}:/home/loki/Documents/GitHub/saga_repo/install/loki_teleop:/home/loki/Documents/GitHub/saga_repo/install/loki_base:/opt/ros/humble /usr/bin/cmake --build /home/loki/Documents/GitHub/saga_repo/build/loki_twist_mux -- -j4 -l4
[0.596s] Invoking command in '/home/loki/Documents/GitHub/saga_repo/build/loki_twist_mux': CMAKE_PREFIX_PATH=${CMAKE_PREFIX_PATH}:/home/loki/Documents/GitHub/saga_repo/install/loki_teleop:/home/loki/Documents/GitHub/saga_repo/install/loki_base:/opt/ros/humble /usr/bin/cmake --install /home/loki/Documents/GitHub/saga_repo/build/loki_twist_mux
[0.605s] -- Install configuration: ""
[0.605s] -- Up-to-date: /home/loki/Documents/GitHub/saga_repo/install/loki_twist_mux/share/loki_twist_mux/launch
[0.606s] -- Up-to-date: /home/loki/Documents/GitHub/saga_repo/install/loki_twist_mux/share/loki_twist_mux/launch/twist_mux.launch
[0.607s] -- Up-to-date: /home/loki/Documents/GitHub/saga_repo/install/loki_twist_mux/share/loki_twist_mux/config
[0.607s] -- Up-to-date: /home/loki/Documents/GitHub/saga_repo/install/loki_twist_mux/share/loki_twist_mux/config/twist_mux_topics.yaml
[0.608s] -- Up-to-date: /home/loki/Documents/GitHub/saga_repo/install/loki_twist_mux/share/loki_twist_mux/config/twist_mux_locks.yaml
[0.608s] -- Up-to-date: /home/loki/Documents/GitHub/saga_repo/install/loki_twist_mux/share/ament_index/resource_index/package_run_dependencies/loki_twist_mux
[0.609s] -- Up-to-date: /home/loki/Documents/GitHub/saga_repo/install/loki_twist_mux/share/ament_index/resource_index/parent_prefix_path/loki_twist_mux
[0.609s] -- Up-to-date: /home/loki/Documents/GitHub/saga_repo/install/loki_twist_mux/share/loki_twist_mux/environment/ament_prefix_path.sh
[0.610s] -- Up-to-date: /home/loki/Documents/GitHub/saga_repo/install/loki_twist_mux/share/loki_twist_mux/environment/ament_prefix_path.dsv
[0.610s] -- Up-to-date: /home/loki/Documents/GitHub/saga_repo/install/loki_twist_mux/share/loki_twist_mux/environment/path.sh
[0.610s] -- Up-to-date: /home/loki/Documents/GitHub/saga_repo/install/loki_twist_mux/share/loki_twist_mux/environment/path.dsv
[0.610s] -- Up-to-date: /home/loki/Documents/GitHub/saga_repo/install/loki_twist_mux/share/loki_twist_mux/local_setup.bash
[0.611s] -- Up-to-date: /home/loki/Documents/GitHub/saga_repo/install/loki_twist_mux/share/loki_twist_mux/local_setup.sh
[0.612s] -- Up-to-date: /home/loki/Documents/GitHub/saga_repo/install/loki_twist_mux/share/loki_twist_mux/local_setup.zsh
[0.612s] -- Up-to-date: /home/loki/Documents/GitHub/saga_repo/install/loki_twist_mux/share/loki_twist_mux/local_setup.dsv
[0.613s] -- Installing: /home/loki/Documents/GitHub/saga_repo/install/loki_twist_mux/share/loki_twist_mux/package.dsv
[0.615s] -- Up-to-date: /home/loki/Documents/GitHub/saga_repo/install/loki_twist_mux/share/ament_index/resource_index/packages/loki_twist_mux
[0.616s] -- Up-to-date: /home/loki/Documents/GitHub/saga_repo/install/loki_twist_mux/share/loki_twist_mux/cmake/loki_twist_muxConfig.cmake
[0.616s] -- Up-to-date: /home/loki/Documents/GitHub/saga_repo/install/loki_twist_mux/share/loki_twist_mux/cmake/loki_twist_muxConfig-version.cmake
[0.616s] -- Up-to-date: /home/loki/Documents/GitHub/saga_repo/install/loki_twist_mux/share/loki_twist_mux/package.xml
[0.664s] Invoked command in '/home/loki/Documents/GitHub/saga_repo/build/loki_twist_mux' returned '0': CMAKE_PREFIX_PATH=${CMAKE_PREFIX_PATH}:/home/loki/Documents/GitHub/saga_repo/install/loki_teleop:/home/loki/Documents/GitHub/saga_repo/install/loki_base:/opt/ros/humble /usr/bin/cmake --install /home/loki/Documents/GitHub/saga_repo/build/loki_twist_mux
