[0.164s] Invoking command in '/home/loki/Documents/GitHub/saga_repo/build/loki_twist_mux': /usr/bin/cmake /home/loki/Documents/GitHub/saga_repo/ros2_thor/src/loki/loki_twist_mux -DCMAKE_INSTALL_PREFIX=/home/loki/Documents/GitHub/saga_repo/install/loki_twist_mux
[0.177s] -- Configuring incomplete, errors occurred!
[0.177s] See also "/home/loki/Documents/GitHub/saga_repo/build/loki_twist_mux/CMakeFiles/CMakeOutput.log".
[0.177s] [31mCMake Error at CMakeLists.txt:4 (find_package):
[0.177s]   By not providing "Findament_cmake.cmake" in CMAKE_MODULE_PATH this project
[0.177s]   has asked CMake to find a package configuration file provided by
[0.177s]   "ament_cmake", but CMake did not find one.
[0.178s] 
[0.178s]   Could not find a package configuration file provided by "ament_cmake" with
[0.178s]   any of the following names:
[0.178s] 
[0.178s]     ament_cmakeConfig.cmake
[0.178s]     ament_cmake-config.cmake
[0.178s] 
[0.178s]   Add the installation prefix of "ament_cmake" to CMAKE_PREFIX_PATH or set
[0.178s]   "ament_cmake_DIR" to a directory containing one of the above files.  If
[0.178s]   "ament_cmake" provides a separate development package or SDK, be sure it
[0.178s]   has been installed.
[0.178s] 
[0.178s] [0m
