[0.234s] DEBUG:colcon:Command line arguments: ['/usr/bin/colcon', 'build', '--packages-select', 'loki_can_devices']
[0.234s] DEBUG:colcon:Parsed command line arguments: Namespace(log_base=None, log_level=None, verb_name='build', build_base='build', install_base='install', merge_install=False, symlink_install=False, test_result_base=None, continue_on_error=False, executor='parallel', parallel_workers=12, event_handlers=None, ignore_user_meta=False, metas=['./colcon.meta'], base_paths=['.'], packages_ignore=None, packages_ignore_regex=None, paths=None, packages_up_to=None, packages_up_to_regex=None, packages_above=None, packages_above_and_dependencies=None, packages_above_depth=None, packages_select_by_dep=None, packages_skip_by_dep=None, packages_skip_up_to=None, packages_select_build_failed=False, packages_skip_build_finished=False, packages_select_test_failures=False, packages_skip_test_passed=False, packages_select=['loki_can_devices'], packages_skip=None, packages_select_regex=None, packages_skip_regex=None, packages_start=None, packages_end=None, allow_overriding=[], cmake_args=None, cmake_target=None, cmake_target_skip_unavailable=False, cmake_clean_cache=False, cmake_clean_first=False, cmake_force_configure=False, ament_cmake_args=None, catkin_cmake_args=None, catkin_skip_building_tests=False, verb_parser=<colcon_defaults.argument_parser.defaults.DefaultArgumentsDecorator object at 0x7ff06e944940>, verb_extension=<colcon_core.verb.build.BuildVerb object at 0x7ff06eb92ec0>, main=<bound method BuildVerb.main of <colcon_core.verb.build.BuildVerb object at 0x7ff06eb92ec0>>)
[0.257s] Level 1:colcon.colcon_core.package_discovery:discover_packages(colcon_meta) check parameters
[0.257s] Level 1:colcon.colcon_core.package_discovery:discover_packages(recursive) check parameters
[0.258s] Level 1:colcon.colcon_core.package_discovery:discover_packages(ignore) check parameters
[0.258s] Level 1:colcon.colcon_core.package_discovery:discover_packages(path) check parameters
[0.258s] Level 1:colcon.colcon_core.package_discovery:discover_packages(colcon_meta) discover
[0.258s] Level 1:colcon.colcon_core.package_discovery:discover_packages(recursive) discover
[0.258s] INFO:colcon.colcon_core.package_discovery:Crawling recursively for packages in '/home/cairlab/Documents/GitHub/saga_repo'
[0.258s] Level 1:colcon.colcon_core.package_identification:_identify(.) by extensions ['ignore', 'ignore_ament_install']
[0.258s] Level 1:colcon.colcon_core.package_identification:_identify(.) by extension 'ignore'
[0.258s] Level 1:colcon.colcon_core.package_identification:_identify(.) by extension 'ignore_ament_install'
[0.258s] Level 1:colcon.colcon_core.package_identification:_identify(.) by extensions ['colcon_pkg']
[0.258s] Level 1:colcon.colcon_core.package_identification:_identify(.) by extension 'colcon_pkg'
[0.258s] Level 1:colcon.colcon_core.package_identification:_identify(.) by extensions ['colcon_meta']
[0.258s] Level 1:colcon.colcon_core.package_identification:_identify(.) by extension 'colcon_meta'
[0.258s] Level 1:colcon.colcon_core.package_identification:_identify(.) by extensions ['ros']
[0.258s] Level 1:colcon.colcon_core.package_identification:_identify(.) by extension 'ros'
[0.269s] Level 1:colcon.colcon_core.package_identification:_identify(.) by extensions ['cmake', 'python']
[0.269s] Level 1:colcon.colcon_core.package_identification:_identify(.) by extension 'cmake'
[0.269s] Level 1:colcon.colcon_core.package_identification:_identify(.) by extension 'python'
[0.269s] Level 1:colcon.colcon_core.package_identification:_identify(.) by extensions ['python_setup_py']
[0.270s] Level 1:colcon.colcon_core.package_identification:_identify(.) by extension 'python_setup_py'
[0.270s] Level 1:colcon.colcon_core.package_identification:_identify(build) by extensions ['ignore', 'ignore_ament_install']
[0.270s] Level 1:colcon.colcon_core.package_identification:_identify(build) by extension 'ignore'
[0.270s] Level 1:colcon.colcon_core.package_identification:_identify(build) ignored
[0.270s] Level 1:colcon.colcon_core.package_identification:_identify(install) by extensions ['ignore', 'ignore_ament_install']
[0.270s] Level 1:colcon.colcon_core.package_identification:_identify(install) by extension 'ignore'
[0.270s] Level 1:colcon.colcon_core.package_identification:_identify(install) ignored
[0.270s] Level 1:colcon.colcon_core.package_identification:_identify(log) by extensions ['ignore', 'ignore_ament_install']
[0.270s] Level 1:colcon.colcon_core.package_identification:_identify(log) by extension 'ignore'
[0.270s] Level 1:colcon.colcon_core.package_identification:_identify(log) ignored
[0.270s] Level 1:colcon.colcon_core.package_identification:_identify(ros2_thor) by extensions ['ignore', 'ignore_ament_install']
[0.270s] Level 1:colcon.colcon_core.package_identification:_identify(ros2_thor) by extension 'ignore'
[0.270s] Level 1:colcon.colcon_core.package_identification:_identify(ros2_thor) by extension 'ignore_ament_install'
[0.271s] Level 1:colcon.colcon_core.package_identification:_identify(ros2_thor) by extensions ['colcon_pkg']
[0.271s] Level 1:colcon.colcon_core.package_identification:_identify(ros2_thor) by extension 'colcon_pkg'
[0.271s] Level 1:colcon.colcon_core.package_identification:_identify(ros2_thor) by extensions ['colcon_meta']
[0.271s] Level 1:colcon.colcon_core.package_identification:_identify(ros2_thor) by extension 'colcon_meta'
[0.271s] Level 1:colcon.colcon_core.package_identification:_identify(ros2_thor) by extensions ['ros']
[0.271s] Level 1:colcon.colcon_core.package_identification:_identify(ros2_thor) by extension 'ros'
[0.271s] Level 1:colcon.colcon_core.package_identification:_identify(ros2_thor) by extensions ['cmake', 'python']
[0.271s] Level 1:colcon.colcon_core.package_identification:_identify(ros2_thor) by extension 'cmake'
[0.271s] Level 1:colcon.colcon_core.package_identification:_identify(ros2_thor) by extension 'python'
[0.271s] Level 1:colcon.colcon_core.package_identification:_identify(ros2_thor) by extensions ['python_setup_py']
[0.271s] Level 1:colcon.colcon_core.package_identification:_identify(ros2_thor) by extension 'python_setup_py'
[0.271s] Level 1:colcon.colcon_core.package_identification:_identify(ros2_thor/src) by extensions ['ignore', 'ignore_ament_install']
[0.271s] Level 1:colcon.colcon_core.package_identification:_identify(ros2_thor/src) by extension 'ignore'
[0.271s] Level 1:colcon.colcon_core.package_identification:_identify(ros2_thor/src) by extension 'ignore_ament_install'
[0.271s] Level 1:colcon.colcon_core.package_identification:_identify(ros2_thor/src) by extensions ['colcon_pkg']
[0.271s] Level 1:colcon.colcon_core.package_identification:_identify(ros2_thor/src) by extension 'colcon_pkg'
[0.271s] Level 1:colcon.colcon_core.package_identification:_identify(ros2_thor/src) by extensions ['colcon_meta']
[0.271s] Level 1:colcon.colcon_core.package_identification:_identify(ros2_thor/src) by extension 'colcon_meta'
[0.271s] Level 1:colcon.colcon_core.package_identification:_identify(ros2_thor/src) by extensions ['ros']
[0.271s] Level 1:colcon.colcon_core.package_identification:_identify(ros2_thor/src) by extension 'ros'
[0.271s] Level 1:colcon.colcon_core.package_identification:_identify(ros2_thor/src) by extensions ['cmake', 'python']
[0.271s] Level 1:colcon.colcon_core.package_identification:_identify(ros2_thor/src) by extension 'cmake'
[0.271s] Level 1:colcon.colcon_core.package_identification:_identify(ros2_thor/src) by extension 'python'
[0.272s] Level 1:colcon.colcon_core.package_identification:_identify(ros2_thor/src) by extensions ['python_setup_py']
[0.272s] Level 1:colcon.colcon_core.package_identification:_identify(ros2_thor/src) by extension 'python_setup_py'
[0.272s] Level 1:colcon.colcon_core.package_identification:_identify(ros2_thor/src/common_interfaces) by extensions ['ignore', 'ignore_ament_install']
[0.272s] Level 1:colcon.colcon_core.package_identification:_identify(ros2_thor/src/common_interfaces) by extension 'ignore'
[0.272s] Level 1:colcon.colcon_core.package_identification:_identify(ros2_thor/src/common_interfaces) by extension 'ignore_ament_install'
[0.272s] Level 1:colcon.colcon_core.package_identification:_identify(ros2_thor/src/common_interfaces) by extensions ['colcon_pkg']
[0.272s] Level 1:colcon.colcon_core.package_identification:_identify(ros2_thor/src/common_interfaces) by extension 'colcon_pkg'
[0.272s] Level 1:colcon.colcon_core.package_identification:_identify(ros2_thor/src/common_interfaces) by extensions ['colcon_meta']
[0.272s] Level 1:colcon.colcon_core.package_identification:_identify(ros2_thor/src/common_interfaces) by extension 'colcon_meta'
[0.272s] Level 1:colcon.colcon_core.package_identification:_identify(ros2_thor/src/common_interfaces) by extensions ['ros']
[0.272s] Level 1:colcon.colcon_core.package_identification:_identify(ros2_thor/src/common_interfaces) by extension 'ros'
[0.272s] Level 1:colcon.colcon_core.package_identification:_identify(ros2_thor/src/common_interfaces) by extensions ['cmake', 'python']
[0.272s] Level 1:colcon.colcon_core.package_identification:_identify(ros2_thor/src/common_interfaces) by extension 'cmake'
[0.272s] Level 1:colcon.colcon_core.package_identification:_identify(ros2_thor/src/common_interfaces) by extension 'python'
[0.272s] Level 1:colcon.colcon_core.package_identification:_identify(ros2_thor/src/common_interfaces) by extensions ['python_setup_py']
[0.272s] Level 1:colcon.colcon_core.package_identification:_identify(ros2_thor/src/common_interfaces) by extension 'python_setup_py'
[0.272s] Level 1:colcon.colcon_core.package_identification:_identify(ros2_thor/src/common_interfaces/actionlib_msgs) by extensions ['ignore', 'ignore_ament_install']
[0.272s] Level 1:colcon.colcon_core.package_identification:_identify(ros2_thor/src/common_interfaces/actionlib_msgs) by extension 'ignore'
[0.273s] Level 1:colcon.colcon_core.package_identification:_identify(ros2_thor/src/common_interfaces/actionlib_msgs) by extension 'ignore_ament_install'
[0.273s] Level 1:colcon.colcon_core.package_identification:_identify(ros2_thor/src/common_interfaces/actionlib_msgs) by extensions ['colcon_pkg']
[0.273s] Level 1:colcon.colcon_core.package_identification:_identify(ros2_thor/src/common_interfaces/actionlib_msgs) by extension 'colcon_pkg'
[0.273s] Level 1:colcon.colcon_core.package_identification:_identify(ros2_thor/src/common_interfaces/actionlib_msgs) by extensions ['colcon_meta']
[0.273s] Level 1:colcon.colcon_core.package_identification:_identify(ros2_thor/src/common_interfaces/actionlib_msgs) by extension 'colcon_meta'
[0.273s] Level 1:colcon.colcon_core.package_identification:_identify(ros2_thor/src/common_interfaces/actionlib_msgs) by extensions ['ros']
[0.273s] Level 1:colcon.colcon_core.package_identification:_identify(ros2_thor/src/common_interfaces/actionlib_msgs) by extension 'ros'
[0.275s] DEBUG:colcon.colcon_core.package_identification:Package 'ros2_thor/src/common_interfaces/actionlib_msgs' with type 'ros.ament_cmake' and name 'actionlib_msgs'
[0.275s] Level 1:colcon.colcon_core.package_identification:_identify(ros2_thor/src/common_interfaces/common_interfaces) by extensions ['ignore', 'ignore_ament_install']
[0.275s] Level 1:colcon.colcon_core.package_identification:_identify(ros2_thor/src/common_interfaces/common_interfaces) by extension 'ignore'
[0.275s] Level 1:colcon.colcon_core.package_identification:_identify(ros2_thor/src/common_interfaces/common_interfaces) by extension 'ignore_ament_install'
[0.275s] Level 1:colcon.colcon_core.package_identification:_identify(ros2_thor/src/common_interfaces/common_interfaces) by extensions ['colcon_pkg']
[0.275s] Level 1:colcon.colcon_core.package_identification:_identify(ros2_thor/src/common_interfaces/common_interfaces) by extension 'colcon_pkg'
[0.275s] Level 1:colcon.colcon_core.package_identification:_identify(ros2_thor/src/common_interfaces/common_interfaces) by extensions ['colcon_meta']
[0.275s] Level 1:colcon.colcon_core.package_identification:_identify(ros2_thor/src/common_interfaces/common_interfaces) by extension 'colcon_meta'
[0.275s] Level 1:colcon.colcon_core.package_identification:_identify(ros2_thor/src/common_interfaces/common_interfaces) by extensions ['ros']
[0.275s] Level 1:colcon.colcon_core.package_identification:_identify(ros2_thor/src/common_interfaces/common_interfaces) by extension 'ros'
[0.276s] DEBUG:colcon.colcon_core.package_identification:Package 'ros2_thor/src/common_interfaces/common_interfaces' with type 'ros.ament_cmake' and name 'common_interfaces'
[0.276s] Level 1:colcon.colcon_core.package_identification:_identify(ros2_thor/src/common_interfaces/diagnostic_msgs) by extensions ['ignore', 'ignore_ament_install']
[0.276s] Level 1:colcon.colcon_core.package_identification:_identify(ros2_thor/src/common_interfaces/diagnostic_msgs) by extension 'ignore'
[0.276s] Level 1:colcon.colcon_core.package_identification:_identify(ros2_thor/src/common_interfaces/diagnostic_msgs) by extension 'ignore_ament_install'
[0.276s] Level 1:colcon.colcon_core.package_identification:_identify(ros2_thor/src/common_interfaces/diagnostic_msgs) by extensions ['colcon_pkg']
[0.276s] Level 1:colcon.colcon_core.package_identification:_identify(ros2_thor/src/common_interfaces/diagnostic_msgs) by extension 'colcon_pkg'
[0.276s] Level 1:colcon.colcon_core.package_identification:_identify(ros2_thor/src/common_interfaces/diagnostic_msgs) by extensions ['colcon_meta']
[0.276s] Level 1:colcon.colcon_core.package_identification:_identify(ros2_thor/src/common_interfaces/diagnostic_msgs) by extension 'colcon_meta'
[0.276s] Level 1:colcon.colcon_core.package_identification:_identify(ros2_thor/src/common_interfaces/diagnostic_msgs) by extensions ['ros']
[0.276s] Level 1:colcon.colcon_core.package_identification:_identify(ros2_thor/src/common_interfaces/diagnostic_msgs) by extension 'ros'
[0.277s] DEBUG:colcon.colcon_core.package_identification:Package 'ros2_thor/src/common_interfaces/diagnostic_msgs' with type 'ros.ament_cmake' and name 'diagnostic_msgs'
[0.277s] Level 1:colcon.colcon_core.package_identification:_identify(ros2_thor/src/common_interfaces/docs) by extensions ['ignore', 'ignore_ament_install']
[0.277s] Level 1:colcon.colcon_core.package_identification:_identify(ros2_thor/src/common_interfaces/docs) by extension 'ignore'
[0.277s] Level 1:colcon.colcon_core.package_identification:_identify(ros2_thor/src/common_interfaces/docs) by extension 'ignore_ament_install'
[0.277s] Level 1:colcon.colcon_core.package_identification:_identify(ros2_thor/src/common_interfaces/docs) by extensions ['colcon_pkg']
[0.277s] Level 1:colcon.colcon_core.package_identification:_identify(ros2_thor/src/common_interfaces/docs) by extension 'colcon_pkg'
[0.277s] Level 1:colcon.colcon_core.package_identification:_identify(ros2_thor/src/common_interfaces/docs) by extensions ['colcon_meta']
[0.277s] Level 1:colcon.colcon_core.package_identification:_identify(ros2_thor/src/common_interfaces/docs) by extension 'colcon_meta'
[0.277s] Level 1:colcon.colcon_core.package_identification:_identify(ros2_thor/src/common_interfaces/docs) by extensions ['ros']
[0.277s] Level 1:colcon.colcon_core.package_identification:_identify(ros2_thor/src/common_interfaces/docs) by extension 'ros'
[0.277s] Level 1:colcon.colcon_core.package_identification:_identify(ros2_thor/src/common_interfaces/docs) by extensions ['cmake', 'python']
[0.277s] Level 1:colcon.colcon_core.package_identification:_identify(ros2_thor/src/common_interfaces/docs) by extension 'cmake'
[0.277s] Level 1:colcon.colcon_core.package_identification:_identify(ros2_thor/src/common_interfaces/docs) by extension 'python'
[0.278s] Level 1:colcon.colcon_core.package_identification:_identify(ros2_thor/src/common_interfaces/docs) by extensions ['python_setup_py']
[0.278s] Level 1:colcon.colcon_core.package_identification:_identify(ros2_thor/src/common_interfaces/docs) by extension 'python_setup_py'
[0.278s] Level 1:colcon.colcon_core.package_identification:_identify(ros2_thor/src/common_interfaces/geometry_msgs) by extensions ['ignore', 'ignore_ament_install']
[0.278s] Level 1:colcon.colcon_core.package_identification:_identify(ros2_thor/src/common_interfaces/geometry_msgs) by extension 'ignore'
[0.278s] Level 1:colcon.colcon_core.package_identification:_identify(ros2_thor/src/common_interfaces/geometry_msgs) by extension 'ignore_ament_install'
[0.278s] Level 1:colcon.colcon_core.package_identification:_identify(ros2_thor/src/common_interfaces/geometry_msgs) by extensions ['colcon_pkg']
[0.278s] Level 1:colcon.colcon_core.package_identification:_identify(ros2_thor/src/common_interfaces/geometry_msgs) by extension 'colcon_pkg'
[0.278s] Level 1:colcon.colcon_core.package_identification:_identify(ros2_thor/src/common_interfaces/geometry_msgs) by extensions ['colcon_meta']
[0.278s] Level 1:colcon.colcon_core.package_identification:_identify(ros2_thor/src/common_interfaces/geometry_msgs) by extension 'colcon_meta'
[0.278s] Level 1:colcon.colcon_core.package_identification:_identify(ros2_thor/src/common_interfaces/geometry_msgs) by extensions ['ros']
[0.278s] Level 1:colcon.colcon_core.package_identification:_identify(ros2_thor/src/common_interfaces/geometry_msgs) by extension 'ros'
[0.278s] DEBUG:colcon.colcon_core.package_identification:Package 'ros2_thor/src/common_interfaces/geometry_msgs' with type 'ros.ament_cmake' and name 'geometry_msgs'
[0.279s] Level 1:colcon.colcon_core.package_identification:_identify(ros2_thor/src/common_interfaces/nav_msgs) by extensions ['ignore', 'ignore_ament_install']
[0.279s] Level 1:colcon.colcon_core.package_identification:_identify(ros2_thor/src/common_interfaces/nav_msgs) by extension 'ignore'
[0.279s] Level 1:colcon.colcon_core.package_identification:_identify(ros2_thor/src/common_interfaces/nav_msgs) by extension 'ignore_ament_install'
[0.279s] Level 1:colcon.colcon_core.package_identification:_identify(ros2_thor/src/common_interfaces/nav_msgs) by extensions ['colcon_pkg']
[0.279s] Level 1:colcon.colcon_core.package_identification:_identify(ros2_thor/src/common_interfaces/nav_msgs) by extension 'colcon_pkg'
[0.279s] Level 1:colcon.colcon_core.package_identification:_identify(ros2_thor/src/common_interfaces/nav_msgs) by extensions ['colcon_meta']
[0.279s] Level 1:colcon.colcon_core.package_identification:_identify(ros2_thor/src/common_interfaces/nav_msgs) by extension 'colcon_meta'
[0.279s] Level 1:colcon.colcon_core.package_identification:_identify(ros2_thor/src/common_interfaces/nav_msgs) by extensions ['ros']
[0.279s] Level 1:colcon.colcon_core.package_identification:_identify(ros2_thor/src/common_interfaces/nav_msgs) by extension 'ros'
[0.280s] DEBUG:colcon.colcon_core.package_identification:Package 'ros2_thor/src/common_interfaces/nav_msgs' with type 'ros.ament_cmake' and name 'nav_msgs'
[0.280s] Level 1:colcon.colcon_core.package_identification:_identify(ros2_thor/src/common_interfaces/sensor_msgs) by extensions ['ignore', 'ignore_ament_install']
[0.280s] Level 1:colcon.colcon_core.package_identification:_identify(ros2_thor/src/common_interfaces/sensor_msgs) by extension 'ignore'
[0.280s] Level 1:colcon.colcon_core.package_identification:_identify(ros2_thor/src/common_interfaces/sensor_msgs) by extension 'ignore_ament_install'
[0.280s] Level 1:colcon.colcon_core.package_identification:_identify(ros2_thor/src/common_interfaces/sensor_msgs) by extensions ['colcon_pkg']
[0.280s] Level 1:colcon.colcon_core.package_identification:_identify(ros2_thor/src/common_interfaces/sensor_msgs) by extension 'colcon_pkg'
[0.280s] Level 1:colcon.colcon_core.package_identification:_identify(ros2_thor/src/common_interfaces/sensor_msgs) by extensions ['colcon_meta']
[0.280s] Level 1:colcon.colcon_core.package_identification:_identify(ros2_thor/src/common_interfaces/sensor_msgs) by extension 'colcon_meta'
[0.280s] Level 1:colcon.colcon_core.package_identification:_identify(ros2_thor/src/common_interfaces/sensor_msgs) by extensions ['ros']
[0.280s] Level 1:colcon.colcon_core.package_identification:_identify(ros2_thor/src/common_interfaces/sensor_msgs) by extension 'ros'
[0.281s] DEBUG:colcon.colcon_core.package_identification:Package 'ros2_thor/src/common_interfaces/sensor_msgs' with type 'ros.ament_cmake' and name 'sensor_msgs'
[0.281s] Level 1:colcon.colcon_core.package_identification:_identify(ros2_thor/src/common_interfaces/sensor_msgs_py) by extensions ['ignore', 'ignore_ament_install']
[0.281s] Level 1:colcon.colcon_core.package_identification:_identify(ros2_thor/src/common_interfaces/sensor_msgs_py) by extension 'ignore'
[0.281s] Level 1:colcon.colcon_core.package_identification:_identify(ros2_thor/src/common_interfaces/sensor_msgs_py) by extension 'ignore_ament_install'
[0.281s] Level 1:colcon.colcon_core.package_identification:_identify(ros2_thor/src/common_interfaces/sensor_msgs_py) by extensions ['colcon_pkg']
[0.281s] Level 1:colcon.colcon_core.package_identification:_identify(ros2_thor/src/common_interfaces/sensor_msgs_py) by extension 'colcon_pkg'
[0.281s] Level 1:colcon.colcon_core.package_identification:_identify(ros2_thor/src/common_interfaces/sensor_msgs_py) by extensions ['colcon_meta']
[0.281s] Level 1:colcon.colcon_core.package_identification:_identify(ros2_thor/src/common_interfaces/sensor_msgs_py) by extension 'colcon_meta'
[0.281s] Level 1:colcon.colcon_core.package_identification:_identify(ros2_thor/src/common_interfaces/sensor_msgs_py) by extensions ['ros']
[0.281s] Level 1:colcon.colcon_core.package_identification:_identify(ros2_thor/src/common_interfaces/sensor_msgs_py) by extension 'ros'
[0.282s] DEBUG:colcon.colcon_core.package_identification:Package 'ros2_thor/src/common_interfaces/sensor_msgs_py' with type 'ros.ament_python' and name 'sensor_msgs_py'
[0.282s] Level 1:colcon.colcon_core.package_identification:_identify(ros2_thor/src/common_interfaces/shape_msgs) by extensions ['ignore', 'ignore_ament_install']
[0.282s] Level 1:colcon.colcon_core.package_identification:_identify(ros2_thor/src/common_interfaces/shape_msgs) by extension 'ignore'
[0.282s] Level 1:colcon.colcon_core.package_identification:_identify(ros2_thor/src/common_interfaces/shape_msgs) by extension 'ignore_ament_install'
[0.282s] Level 1:colcon.colcon_core.package_identification:_identify(ros2_thor/src/common_interfaces/shape_msgs) by extensions ['colcon_pkg']
[0.282s] Level 1:colcon.colcon_core.package_identification:_identify(ros2_thor/src/common_interfaces/shape_msgs) by extension 'colcon_pkg'
[0.282s] Level 1:colcon.colcon_core.package_identification:_identify(ros2_thor/src/common_interfaces/shape_msgs) by extensions ['colcon_meta']
[0.282s] Level 1:colcon.colcon_core.package_identification:_identify(ros2_thor/src/common_interfaces/shape_msgs) by extension 'colcon_meta'
[0.282s] Level 1:colcon.colcon_core.package_identification:_identify(ros2_thor/src/common_interfaces/shape_msgs) by extensions ['ros']
[0.282s] Level 1:colcon.colcon_core.package_identification:_identify(ros2_thor/src/common_interfaces/shape_msgs) by extension 'ros'
[0.283s] DEBUG:colcon.colcon_core.package_identification:Package 'ros2_thor/src/common_interfaces/shape_msgs' with type 'ros.ament_cmake' and name 'shape_msgs'
[0.283s] Level 1:colcon.colcon_core.package_identification:_identify(ros2_thor/src/common_interfaces/std_msgs) by extensions ['ignore', 'ignore_ament_install']
[0.283s] Level 1:colcon.colcon_core.package_identification:_identify(ros2_thor/src/common_interfaces/std_msgs) by extension 'ignore'
[0.283s] Level 1:colcon.colcon_core.package_identification:_identify(ros2_thor/src/common_interfaces/std_msgs) by extension 'ignore_ament_install'
[0.283s] Level 1:colcon.colcon_core.package_identification:_identify(ros2_thor/src/common_interfaces/std_msgs) by extensions ['colcon_pkg']
[0.283s] Level 1:colcon.colcon_core.package_identification:_identify(ros2_thor/src/common_interfaces/std_msgs) by extension 'colcon_pkg'
[0.283s] Level 1:colcon.colcon_core.package_identification:_identify(ros2_thor/src/common_interfaces/std_msgs) by extensions ['colcon_meta']
[0.283s] Level 1:colcon.colcon_core.package_identification:_identify(ros2_thor/src/common_interfaces/std_msgs) by extension 'colcon_meta'
[0.283s] Level 1:colcon.colcon_core.package_identification:_identify(ros2_thor/src/common_interfaces/std_msgs) by extensions ['ros']
[0.283s] Level 1:colcon.colcon_core.package_identification:_identify(ros2_thor/src/common_interfaces/std_msgs) by extension 'ros'
[0.284s] DEBUG:colcon.colcon_core.package_identification:Package 'ros2_thor/src/common_interfaces/std_msgs' with type 'ros.ament_cmake' and name 'std_msgs'
[0.284s] Level 1:colcon.colcon_core.package_identification:_identify(ros2_thor/src/common_interfaces/std_srvs) by extensions ['ignore', 'ignore_ament_install']
[0.284s] Level 1:colcon.colcon_core.package_identification:_identify(ros2_thor/src/common_interfaces/std_srvs) by extension 'ignore'
[0.284s] Level 1:colcon.colcon_core.package_identification:_identify(ros2_thor/src/common_interfaces/std_srvs) by extension 'ignore_ament_install'
[0.284s] Level 1:colcon.colcon_core.package_identification:_identify(ros2_thor/src/common_interfaces/std_srvs) by extensions ['colcon_pkg']
[0.284s] Level 1:colcon.colcon_core.package_identification:_identify(ros2_thor/src/common_interfaces/std_srvs) by extension 'colcon_pkg'
[0.284s] Level 1:colcon.colcon_core.package_identification:_identify(ros2_thor/src/common_interfaces/std_srvs) by extensions ['colcon_meta']
[0.284s] Level 1:colcon.colcon_core.package_identification:_identify(ros2_thor/src/common_interfaces/std_srvs) by extension 'colcon_meta'
[0.284s] Level 1:colcon.colcon_core.package_identification:_identify(ros2_thor/src/common_interfaces/std_srvs) by extensions ['ros']
[0.284s] Level 1:colcon.colcon_core.package_identification:_identify(ros2_thor/src/common_interfaces/std_srvs) by extension 'ros'
[0.285s] DEBUG:colcon.colcon_core.package_identification:Package 'ros2_thor/src/common_interfaces/std_srvs' with type 'ros.ament_cmake' and name 'std_srvs'
[0.285s] Level 1:colcon.colcon_core.package_identification:_identify(ros2_thor/src/common_interfaces/stereo_msgs) by extensions ['ignore', 'ignore_ament_install']
[0.285s] Level 1:colcon.colcon_core.package_identification:_identify(ros2_thor/src/common_interfaces/stereo_msgs) by extension 'ignore'
[0.285s] Level 1:colcon.colcon_core.package_identification:_identify(ros2_thor/src/common_interfaces/stereo_msgs) by extension 'ignore_ament_install'
[0.285s] Level 1:colcon.colcon_core.package_identification:_identify(ros2_thor/src/common_interfaces/stereo_msgs) by extensions ['colcon_pkg']
[0.285s] Level 1:colcon.colcon_core.package_identification:_identify(ros2_thor/src/common_interfaces/stereo_msgs) by extension 'colcon_pkg'
[0.285s] Level 1:colcon.colcon_core.package_identification:_identify(ros2_thor/src/common_interfaces/stereo_msgs) by extensions ['colcon_meta']
[0.285s] Level 1:colcon.colcon_core.package_identification:_identify(ros2_thor/src/common_interfaces/stereo_msgs) by extension 'colcon_meta'
[0.285s] Level 1:colcon.colcon_core.package_identification:_identify(ros2_thor/src/common_interfaces/stereo_msgs) by extensions ['ros']
[0.285s] Level 1:colcon.colcon_core.package_identification:_identify(ros2_thor/src/common_interfaces/stereo_msgs) by extension 'ros'
[0.286s] DEBUG:colcon.colcon_core.package_identification:Package 'ros2_thor/src/common_interfaces/stereo_msgs' with type 'ros.ament_cmake' and name 'stereo_msgs'
[0.286s] Level 1:colcon.colcon_core.package_identification:_identify(ros2_thor/src/common_interfaces/trajectory_msgs) by extensions ['ignore', 'ignore_ament_install']
[0.286s] Level 1:colcon.colcon_core.package_identification:_identify(ros2_thor/src/common_interfaces/trajectory_msgs) by extension 'ignore'
[0.286s] Level 1:colcon.colcon_core.package_identification:_identify(ros2_thor/src/common_interfaces/trajectory_msgs) by extension 'ignore_ament_install'
[0.286s] Level 1:colcon.colcon_core.package_identification:_identify(ros2_thor/src/common_interfaces/trajectory_msgs) by extensions ['colcon_pkg']
[0.286s] Level 1:colcon.colcon_core.package_identification:_identify(ros2_thor/src/common_interfaces/trajectory_msgs) by extension 'colcon_pkg'
[0.286s] Level 1:colcon.colcon_core.package_identification:_identify(ros2_thor/src/common_interfaces/trajectory_msgs) by extensions ['colcon_meta']
[0.286s] Level 1:colcon.colcon_core.package_identification:_identify(ros2_thor/src/common_interfaces/trajectory_msgs) by extension 'colcon_meta'
[0.286s] Level 1:colcon.colcon_core.package_identification:_identify(ros2_thor/src/common_interfaces/trajectory_msgs) by extensions ['ros']
[0.286s] Level 1:colcon.colcon_core.package_identification:_identify(ros2_thor/src/common_interfaces/trajectory_msgs) by extension 'ros'
[0.287s] DEBUG:colcon.colcon_core.package_identification:Package 'ros2_thor/src/common_interfaces/trajectory_msgs' with type 'ros.ament_cmake' and name 'trajectory_msgs'
[0.287s] Level 1:colcon.colcon_core.package_identification:_identify(ros2_thor/src/common_interfaces/visualization_msgs) by extensions ['ignore', 'ignore_ament_install']
[0.287s] Level 1:colcon.colcon_core.package_identification:_identify(ros2_thor/src/common_interfaces/visualization_msgs) by extension 'ignore'
[0.287s] Level 1:colcon.colcon_core.package_identification:_identify(ros2_thor/src/common_interfaces/visualization_msgs) by extension 'ignore_ament_install'
[0.287s] Level 1:colcon.colcon_core.package_identification:_identify(ros2_thor/src/common_interfaces/visualization_msgs) by extensions ['colcon_pkg']
[0.287s] Level 1:colcon.colcon_core.package_identification:_identify(ros2_thor/src/common_interfaces/visualization_msgs) by extension 'colcon_pkg'
[0.287s] Level 1:colcon.colcon_core.package_identification:_identify(ros2_thor/src/common_interfaces/visualization_msgs) by extensions ['colcon_meta']
[0.287s] Level 1:colcon.colcon_core.package_identification:_identify(ros2_thor/src/common_interfaces/visualization_msgs) by extension 'colcon_meta'
[0.287s] Level 1:colcon.colcon_core.package_identification:_identify(ros2_thor/src/common_interfaces/visualization_msgs) by extensions ['ros']
[0.287s] Level 1:colcon.colcon_core.package_identification:_identify(ros2_thor/src/common_interfaces/visualization_msgs) by extension 'ros'
[0.288s] DEBUG:colcon.colcon_core.package_identification:Package 'ros2_thor/src/common_interfaces/visualization_msgs' with type 'ros.ament_cmake' and name 'visualization_msgs'
[0.288s] Level 1:colcon.colcon_core.package_identification:_identify(ros2_thor/src/diagnostics) by extensions ['ignore', 'ignore_ament_install']
[0.288s] Level 1:colcon.colcon_core.package_identification:_identify(ros2_thor/src/diagnostics) by extension 'ignore'
[0.288s] Level 1:colcon.colcon_core.package_identification:_identify(ros2_thor/src/diagnostics) by extension 'ignore_ament_install'
[0.288s] Level 1:colcon.colcon_core.package_identification:_identify(ros2_thor/src/diagnostics) by extensions ['colcon_pkg']
[0.288s] Level 1:colcon.colcon_core.package_identification:_identify(ros2_thor/src/diagnostics) by extension 'colcon_pkg'
[0.288s] Level 1:colcon.colcon_core.package_identification:_identify(ros2_thor/src/diagnostics) by extensions ['colcon_meta']
[0.288s] Level 1:colcon.colcon_core.package_identification:_identify(ros2_thor/src/diagnostics) by extension 'colcon_meta'
[0.288s] Level 1:colcon.colcon_core.package_identification:_identify(ros2_thor/src/diagnostics) by extensions ['ros']
[0.288s] Level 1:colcon.colcon_core.package_identification:_identify(ros2_thor/src/diagnostics) by extension 'ros'
[0.288s] Level 1:colcon.colcon_core.package_identification:_identify(ros2_thor/src/diagnostics) by extensions ['cmake', 'python']
[0.288s] Level 1:colcon.colcon_core.package_identification:_identify(ros2_thor/src/diagnostics) by extension 'cmake'
[0.288s] Level 1:colcon.colcon_core.package_identification:_identify(ros2_thor/src/diagnostics) by extension 'python'
[0.288s] Level 1:colcon.colcon_core.package_identification:_identify(ros2_thor/src/diagnostics) by extensions ['python_setup_py']
[0.288s] Level 1:colcon.colcon_core.package_identification:_identify(ros2_thor/src/diagnostics) by extension 'python_setup_py'
[0.288s] Level 1:colcon.colcon_core.package_identification:_identify(ros2_thor/src/diagnostics/diagnostic_aggregator) by extensions ['ignore', 'ignore_ament_install']
[0.289s] Level 1:colcon.colcon_core.package_identification:_identify(ros2_thor/src/diagnostics/diagnostic_aggregator) by extension 'ignore'
[0.289s] Level 1:colcon.colcon_core.package_identification:_identify(ros2_thor/src/diagnostics/diagnostic_aggregator) by extension 'ignore_ament_install'
[0.289s] Level 1:colcon.colcon_core.package_identification:_identify(ros2_thor/src/diagnostics/diagnostic_aggregator) by extensions ['colcon_pkg']
[0.289s] Level 1:colcon.colcon_core.package_identification:_identify(ros2_thor/src/diagnostics/diagnostic_aggregator) by extension 'colcon_pkg'
[0.289s] Level 1:colcon.colcon_core.package_identification:_identify(ros2_thor/src/diagnostics/diagnostic_aggregator) by extensions ['colcon_meta']
[0.289s] Level 1:colcon.colcon_core.package_identification:_identify(ros2_thor/src/diagnostics/diagnostic_aggregator) by extension 'colcon_meta'
[0.289s] Level 1:colcon.colcon_core.package_identification:_identify(ros2_thor/src/diagnostics/diagnostic_aggregator) by extensions ['ros']
[0.289s] Level 1:colcon.colcon_core.package_identification:_identify(ros2_thor/src/diagnostics/diagnostic_aggregator) by extension 'ros'
[0.289s] DEBUG:colcon.colcon_core.package_identification:Package 'ros2_thor/src/diagnostics/diagnostic_aggregator' with type 'ros.ament_cmake' and name 'diagnostic_aggregator'
[0.290s] Level 1:colcon.colcon_core.package_identification:_identify(ros2_thor/src/diagnostics/diagnostic_common_diagnostics) by extensions ['ignore', 'ignore_ament_install']
[0.290s] Level 1:colcon.colcon_core.package_identification:_identify(ros2_thor/src/diagnostics/diagnostic_common_diagnostics) by extension 'ignore'
[0.290s] Level 1:colcon.colcon_core.package_identification:_identify(ros2_thor/src/diagnostics/diagnostic_common_diagnostics) by extension 'ignore_ament_install'
[0.290s] Level 1:colcon.colcon_core.package_identification:_identify(ros2_thor/src/diagnostics/diagnostic_common_diagnostics) by extensions ['colcon_pkg']
[0.290s] Level 1:colcon.colcon_core.package_identification:_identify(ros2_thor/src/diagnostics/diagnostic_common_diagnostics) by extension 'colcon_pkg'
[0.290s] Level 1:colcon.colcon_core.package_identification:_identify(ros2_thor/src/diagnostics/diagnostic_common_diagnostics) by extensions ['colcon_meta']
[0.290s] Level 1:colcon.colcon_core.package_identification:_identify(ros2_thor/src/diagnostics/diagnostic_common_diagnostics) by extension 'colcon_meta'
[0.290s] Level 1:colcon.colcon_core.package_identification:_identify(ros2_thor/src/diagnostics/diagnostic_common_diagnostics) by extensions ['ros']
[0.290s] Level 1:colcon.colcon_core.package_identification:_identify(ros2_thor/src/diagnostics/diagnostic_common_diagnostics) by extension 'ros'
[0.290s] DEBUG:colcon.colcon_core.package_identification:Package 'ros2_thor/src/diagnostics/diagnostic_common_diagnostics' with type 'ros.ament_cmake' and name 'diagnostic_common_diagnostics'
[0.290s] Level 1:colcon.colcon_core.package_identification:_identify(ros2_thor/src/diagnostics/diagnostic_updater) by extensions ['ignore', 'ignore_ament_install']
[0.290s] Level 1:colcon.colcon_core.package_identification:_identify(ros2_thor/src/diagnostics/diagnostic_updater) by extension 'ignore'
[0.291s] Level 1:colcon.colcon_core.package_identification:_identify(ros2_thor/src/diagnostics/diagnostic_updater) by extension 'ignore_ament_install'
[0.291s] Level 1:colcon.colcon_core.package_identification:_identify(ros2_thor/src/diagnostics/diagnostic_updater) by extensions ['colcon_pkg']
[0.291s] Level 1:colcon.colcon_core.package_identification:_identify(ros2_thor/src/diagnostics/diagnostic_updater) by extension 'colcon_pkg'
[0.291s] Level 1:colcon.colcon_core.package_identification:_identify(ros2_thor/src/diagnostics/diagnostic_updater) by extensions ['colcon_meta']
[0.291s] Level 1:colcon.colcon_core.package_identification:_identify(ros2_thor/src/diagnostics/diagnostic_updater) by extension 'colcon_meta'
[0.291s] Level 1:colcon.colcon_core.package_identification:_identify(ros2_thor/src/diagnostics/diagnostic_updater) by extensions ['ros']
[0.291s] Level 1:colcon.colcon_core.package_identification:_identify(ros2_thor/src/diagnostics/diagnostic_updater) by extension 'ros'
[0.291s] DEBUG:colcon.colcon_core.package_identification:Package 'ros2_thor/src/diagnostics/diagnostic_updater' with type 'ros.ament_cmake' and name 'diagnostic_updater'
[0.291s] Level 1:colcon.colcon_core.package_identification:_identify(ros2_thor/src/diagnostics/diagnostics) by extensions ['ignore', 'ignore_ament_install']
[0.292s] Level 1:colcon.colcon_core.package_identification:_identify(ros2_thor/src/diagnostics/diagnostics) by extension 'ignore'
[0.292s] Level 1:colcon.colcon_core.package_identification:_identify(ros2_thor/src/diagnostics/diagnostics) by extension 'ignore_ament_install'
[0.292s] Level 1:colcon.colcon_core.package_identification:_identify(ros2_thor/src/diagnostics/diagnostics) by extensions ['colcon_pkg']
[0.292s] Level 1:colcon.colcon_core.package_identification:_identify(ros2_thor/src/diagnostics/diagnostics) by extension 'colcon_pkg'
[0.292s] Level 1:colcon.colcon_core.package_identification:_identify(ros2_thor/src/diagnostics/diagnostics) by extensions ['colcon_meta']
[0.292s] Level 1:colcon.colcon_core.package_identification:_identify(ros2_thor/src/diagnostics/diagnostics) by extension 'colcon_meta'
[0.292s] Level 1:colcon.colcon_core.package_identification:_identify(ros2_thor/src/diagnostics/diagnostics) by extensions ['ros']
[0.292s] Level 1:colcon.colcon_core.package_identification:_identify(ros2_thor/src/diagnostics/diagnostics) by extension 'ros'
[0.292s] DEBUG:colcon.colcon_core.package_identification:Package 'ros2_thor/src/diagnostics/diagnostics' with type 'ros.ament_cmake' and name 'diagnostics'
[0.292s] Level 1:colcon.colcon_core.package_identification:_identify(ros2_thor/src/diagnostics/install) by extensions ['ignore', 'ignore_ament_install']
[0.293s] Level 1:colcon.colcon_core.package_identification:_identify(ros2_thor/src/diagnostics/install) by extension 'ignore'
[0.293s] Level 1:colcon.colcon_core.package_identification:_identify(ros2_thor/src/diagnostics/install) ignored
[0.293s] Level 1:colcon.colcon_core.package_identification:_identify(ros2_thor/src/diagnostics/log) by extensions ['ignore', 'ignore_ament_install']
[0.293s] Level 1:colcon.colcon_core.package_identification:_identify(ros2_thor/src/diagnostics/log) by extension 'ignore'
[0.293s] Level 1:colcon.colcon_core.package_identification:_identify(ros2_thor/src/diagnostics/log) ignored
[0.293s] Level 1:colcon.colcon_core.package_identification:_identify(ros2_thor/src/diagnostics/self_test) by extensions ['ignore', 'ignore_ament_install']
[0.293s] Level 1:colcon.colcon_core.package_identification:_identify(ros2_thor/src/diagnostics/self_test) by extension 'ignore'
[0.293s] Level 1:colcon.colcon_core.package_identification:_identify(ros2_thor/src/diagnostics/self_test) by extension 'ignore_ament_install'
[0.293s] Level 1:colcon.colcon_core.package_identification:_identify(ros2_thor/src/diagnostics/self_test) by extensions ['colcon_pkg']
[0.293s] Level 1:colcon.colcon_core.package_identification:_identify(ros2_thor/src/diagnostics/self_test) by extension 'colcon_pkg'
[0.293s] Level 1:colcon.colcon_core.package_identification:_identify(ros2_thor/src/diagnostics/self_test) by extensions ['colcon_meta']
[0.293s] Level 1:colcon.colcon_core.package_identification:_identify(ros2_thor/src/diagnostics/self_test) by extension 'colcon_meta'
[0.293s] Level 1:colcon.colcon_core.package_identification:_identify(ros2_thor/src/diagnostics/self_test) by extensions ['ros']
[0.293s] Level 1:colcon.colcon_core.package_identification:_identify(ros2_thor/src/diagnostics/self_test) by extension 'ros'
[0.294s] DEBUG:colcon.colcon_core.package_identification:Package 'ros2_thor/src/diagnostics/self_test' with type 'ros.ament_cmake' and name 'self_test'
[0.294s] Level 1:colcon.colcon_core.package_identification:_identify(ros2_thor/src/loki) by extensions ['ignore', 'ignore_ament_install']
[0.294s] Level 1:colcon.colcon_core.package_identification:_identify(ros2_thor/src/loki) by extension 'ignore'
[0.294s] Level 1:colcon.colcon_core.package_identification:_identify(ros2_thor/src/loki) by extension 'ignore_ament_install'
[0.294s] Level 1:colcon.colcon_core.package_identification:_identify(ros2_thor/src/loki) by extensions ['colcon_pkg']
[0.294s] Level 1:colcon.colcon_core.package_identification:_identify(ros2_thor/src/loki) by extension 'colcon_pkg'
[0.294s] Level 1:colcon.colcon_core.package_identification:_identify(ros2_thor/src/loki) by extensions ['colcon_meta']
[0.294s] Level 1:colcon.colcon_core.package_identification:_identify(ros2_thor/src/loki) by extension 'colcon_meta'
[0.294s] Level 1:colcon.colcon_core.package_identification:_identify(ros2_thor/src/loki) by extensions ['ros']
[0.294s] Level 1:colcon.colcon_core.package_identification:_identify(ros2_thor/src/loki) by extension 'ros'
[0.294s] Level 1:colcon.colcon_core.package_identification:_identify(ros2_thor/src/loki) by extensions ['cmake', 'python']
[0.294s] Level 1:colcon.colcon_core.package_identification:_identify(ros2_thor/src/loki) by extension 'cmake'
[0.294s] Level 1:colcon.colcon_core.package_identification:_identify(ros2_thor/src/loki) by extension 'python'
[0.294s] Level 1:colcon.colcon_core.package_identification:_identify(ros2_thor/src/loki) by extensions ['python_setup_py']
[0.294s] Level 1:colcon.colcon_core.package_identification:_identify(ros2_thor/src/loki) by extension 'python_setup_py'
[0.294s] Level 1:colcon.colcon_core.package_identification:_identify(ros2_thor/src/loki/loki_base) by extensions ['ignore', 'ignore_ament_install']
[0.295s] Level 1:colcon.colcon_core.package_identification:_identify(ros2_thor/src/loki/loki_base) by extension 'ignore'
[0.295s] Level 1:colcon.colcon_core.package_identification:_identify(ros2_thor/src/loki/loki_base) by extension 'ignore_ament_install'
[0.295s] Level 1:colcon.colcon_core.package_identification:_identify(ros2_thor/src/loki/loki_base) by extensions ['colcon_pkg']
[0.295s] Level 1:colcon.colcon_core.package_identification:_identify(ros2_thor/src/loki/loki_base) by extension 'colcon_pkg'
[0.295s] Level 1:colcon.colcon_core.package_identification:_identify(ros2_thor/src/loki/loki_base) by extensions ['colcon_meta']
[0.295s] Level 1:colcon.colcon_core.package_identification:_identify(ros2_thor/src/loki/loki_base) by extension 'colcon_meta'
[0.295s] Level 1:colcon.colcon_core.package_identification:_identify(ros2_thor/src/loki/loki_base) by extensions ['ros']
[0.295s] Level 1:colcon.colcon_core.package_identification:_identify(ros2_thor/src/loki/loki_base) by extension 'ros'
[0.297s] DEBUG:colcon.colcon_core.package_identification:Package 'ros2_thor/src/loki/loki_base' with type 'ros.ament_python' and name 'loki_base'
[0.297s] Level 1:colcon.colcon_core.package_identification:_identify(ros2_thor/src/loki/loki_bringup) by extensions ['ignore', 'ignore_ament_install']
[0.297s] Level 1:colcon.colcon_core.package_identification:_identify(ros2_thor/src/loki/loki_bringup) by extension 'ignore'
[0.297s] Level 1:colcon.colcon_core.package_identification:_identify(ros2_thor/src/loki/loki_bringup) by extension 'ignore_ament_install'
[0.297s] Level 1:colcon.colcon_core.package_identification:_identify(ros2_thor/src/loki/loki_bringup) by extensions ['colcon_pkg']
[0.297s] Level 1:colcon.colcon_core.package_identification:_identify(ros2_thor/src/loki/loki_bringup) by extension 'colcon_pkg'
[0.297s] Level 1:colcon.colcon_core.package_identification:_identify(ros2_thor/src/loki/loki_bringup) by extensions ['colcon_meta']
[0.297s] Level 1:colcon.colcon_core.package_identification:_identify(ros2_thor/src/loki/loki_bringup) by extension 'colcon_meta'
[0.297s] Level 1:colcon.colcon_core.package_identification:_identify(ros2_thor/src/loki/loki_bringup) by extensions ['ros']
[0.297s] Level 1:colcon.colcon_core.package_identification:_identify(ros2_thor/src/loki/loki_bringup) by extension 'ros'
[0.298s] DEBUG:colcon.colcon_core.package_identification:Package 'ros2_thor/src/loki/loki_bringup' with type 'ros.ament_cmake' and name 'loki_bringup'
[0.298s] Level 1:colcon.colcon_core.package_identification:_identify(ros2_thor/src/loki/loki_can_devices) by extensions ['ignore', 'ignore_ament_install']
[0.298s] Level 1:colcon.colcon_core.package_identification:_identify(ros2_thor/src/loki/loki_can_devices) by extension 'ignore'
[0.298s] Level 1:colcon.colcon_core.package_identification:_identify(ros2_thor/src/loki/loki_can_devices) by extension 'ignore_ament_install'
[0.298s] Level 1:colcon.colcon_core.package_identification:_identify(ros2_thor/src/loki/loki_can_devices) by extensions ['colcon_pkg']
[0.298s] Level 1:colcon.colcon_core.package_identification:_identify(ros2_thor/src/loki/loki_can_devices) by extension 'colcon_pkg'
[0.298s] Level 1:colcon.colcon_core.package_identification:_identify(ros2_thor/src/loki/loki_can_devices) by extensions ['colcon_meta']
[0.298s] Level 1:colcon.colcon_core.package_identification:_identify(ros2_thor/src/loki/loki_can_devices) by extension 'colcon_meta'
[0.298s] Level 1:colcon.colcon_core.package_identification:_identify(ros2_thor/src/loki/loki_can_devices) by extensions ['ros']
[0.298s] Level 1:colcon.colcon_core.package_identification:_identify(ros2_thor/src/loki/loki_can_devices) by extension 'ros'
[0.299s] DEBUG:colcon.colcon_core.package_identification:Package 'ros2_thor/src/loki/loki_can_devices' with type 'ros.ament_cmake' and name 'loki_can_devices'
[0.299s] Level 1:colcon.colcon_core.package_identification:_identify(ros2_thor/src/loki/loki_description) by extensions ['ignore', 'ignore_ament_install']
[0.299s] Level 1:colcon.colcon_core.package_identification:_identify(ros2_thor/src/loki/loki_description) by extension 'ignore'
[0.299s] Level 1:colcon.colcon_core.package_identification:_identify(ros2_thor/src/loki/loki_description) by extension 'ignore_ament_install'
[0.299s] Level 1:colcon.colcon_core.package_identification:_identify(ros2_thor/src/loki/loki_description) by extensions ['colcon_pkg']
[0.299s] Level 1:colcon.colcon_core.package_identification:_identify(ros2_thor/src/loki/loki_description) by extension 'colcon_pkg'
[0.299s] Level 1:colcon.colcon_core.package_identification:_identify(ros2_thor/src/loki/loki_description) by extensions ['colcon_meta']
[0.299s] Level 1:colcon.colcon_core.package_identification:_identify(ros2_thor/src/loki/loki_description) by extension 'colcon_meta'
[0.299s] Level 1:colcon.colcon_core.package_identification:_identify(ros2_thor/src/loki/loki_description) by extensions ['ros']
[0.299s] Level 1:colcon.colcon_core.package_identification:_identify(ros2_thor/src/loki/loki_description) by extension 'ros'
[0.300s] DEBUG:colcon.colcon_core.package_identification:Package 'ros2_thor/src/loki/loki_description' with type 'ros.ament_cmake' and name 'loki_description'
[0.300s] Level 1:colcon.colcon_core.package_identification:_identify(ros2_thor/src/loki/loki_msgs) by extensions ['ignore', 'ignore_ament_install']
[0.300s] Level 1:colcon.colcon_core.package_identification:_identify(ros2_thor/src/loki/loki_msgs) by extension 'ignore'
[0.300s] Level 1:colcon.colcon_core.package_identification:_identify(ros2_thor/src/loki/loki_msgs) by extension 'ignore_ament_install'
[0.300s] Level 1:colcon.colcon_core.package_identification:_identify(ros2_thor/src/loki/loki_msgs) by extensions ['colcon_pkg']
[0.300s] Level 1:colcon.colcon_core.package_identification:_identify(ros2_thor/src/loki/loki_msgs) by extension 'colcon_pkg'
[0.300s] Level 1:colcon.colcon_core.package_identification:_identify(ros2_thor/src/loki/loki_msgs) by extensions ['colcon_meta']
[0.300s] Level 1:colcon.colcon_core.package_identification:_identify(ros2_thor/src/loki/loki_msgs) by extension 'colcon_meta'
[0.300s] Level 1:colcon.colcon_core.package_identification:_identify(ros2_thor/src/loki/loki_msgs) by extensions ['ros']
[0.300s] Level 1:colcon.colcon_core.package_identification:_identify(ros2_thor/src/loki/loki_msgs) by extension 'ros'
[0.302s] DEBUG:colcon.colcon_core.package_identification:Package 'ros2_thor/src/loki/loki_msgs' with type 'ros.ament_cmake' and name 'loki_msgs'
[0.302s] Level 1:colcon.colcon_core.package_identification:_identify(ros2_thor/src/loki/loki_simulator) by extensions ['ignore', 'ignore_ament_install']
[0.302s] Level 1:colcon.colcon_core.package_identification:_identify(ros2_thor/src/loki/loki_simulator) by extension 'ignore'
[0.302s] Level 1:colcon.colcon_core.package_identification:_identify(ros2_thor/src/loki/loki_simulator) by extension 'ignore_ament_install'
[0.302s] Level 1:colcon.colcon_core.package_identification:_identify(ros2_thor/src/loki/loki_simulator) by extensions ['colcon_pkg']
[0.302s] Level 1:colcon.colcon_core.package_identification:_identify(ros2_thor/src/loki/loki_simulator) by extension 'colcon_pkg'
[0.302s] Level 1:colcon.colcon_core.package_identification:_identify(ros2_thor/src/loki/loki_simulator) by extensions ['colcon_meta']
[0.302s] Level 1:colcon.colcon_core.package_identification:_identify(ros2_thor/src/loki/loki_simulator) by extension 'colcon_meta'
[0.302s] Level 1:colcon.colcon_core.package_identification:_identify(ros2_thor/src/loki/loki_simulator) by extensions ['ros']
[0.302s] Level 1:colcon.colcon_core.package_identification:_identify(ros2_thor/src/loki/loki_simulator) by extension 'ros'
[0.302s] DEBUG:colcon.colcon_core.package_identification:Package 'ros2_thor/src/loki/loki_simulator' with type 'ros.ament_cmake' and name 'loki_simulator'
[0.302s] Level 1:colcon.colcon_core.package_identification:_identify(ros2_thor/src/loki/loki_teleop) by extensions ['ignore', 'ignore_ament_install']
[0.302s] Level 1:colcon.colcon_core.package_identification:_identify(ros2_thor/src/loki/loki_teleop) by extension 'ignore'
[0.302s] Level 1:colcon.colcon_core.package_identification:_identify(ros2_thor/src/loki/loki_teleop) by extension 'ignore_ament_install'
[0.303s] Level 1:colcon.colcon_core.package_identification:_identify(ros2_thor/src/loki/loki_teleop) by extensions ['colcon_pkg']
[0.303s] Level 1:colcon.colcon_core.package_identification:_identify(ros2_thor/src/loki/loki_teleop) by extension 'colcon_pkg'
[0.303s] Level 1:colcon.colcon_core.package_identification:_identify(ros2_thor/src/loki/loki_teleop) by extensions ['colcon_meta']
[0.303s] Level 1:colcon.colcon_core.package_identification:_identify(ros2_thor/src/loki/loki_teleop) by extension 'colcon_meta'
[0.303s] Level 1:colcon.colcon_core.package_identification:_identify(ros2_thor/src/loki/loki_teleop) by extensions ['ros']
[0.303s] Level 1:colcon.colcon_core.package_identification:_identify(ros2_thor/src/loki/loki_teleop) by extension 'ros'
[0.303s] DEBUG:colcon.colcon_core.package_identification:Package 'ros2_thor/src/loki/loki_teleop' with type 'ros.ament_python' and name 'loki_teleop'
[0.304s] Level 1:colcon.colcon_core.package_identification:_identify(ros2_thor/src/loki/loki_twist_mux) by extensions ['ignore', 'ignore_ament_install']
[0.304s] Level 1:colcon.colcon_core.package_identification:_identify(ros2_thor/src/loki/loki_twist_mux) by extension 'ignore'
[0.304s] Level 1:colcon.colcon_core.package_identification:_identify(ros2_thor/src/loki/loki_twist_mux) by extension 'ignore_ament_install'
[0.304s] Level 1:colcon.colcon_core.package_identification:_identify(ros2_thor/src/loki/loki_twist_mux) by extensions ['colcon_pkg']
[0.304s] Level 1:colcon.colcon_core.package_identification:_identify(ros2_thor/src/loki/loki_twist_mux) by extension 'colcon_pkg'
[0.304s] Level 1:colcon.colcon_core.package_identification:_identify(ros2_thor/src/loki/loki_twist_mux) by extensions ['colcon_meta']
[0.304s] Level 1:colcon.colcon_core.package_identification:_identify(ros2_thor/src/loki/loki_twist_mux) by extension 'colcon_meta'
[0.304s] Level 1:colcon.colcon_core.package_identification:_identify(ros2_thor/src/loki/loki_twist_mux) by extensions ['ros']
[0.304s] Level 1:colcon.colcon_core.package_identification:_identify(ros2_thor/src/loki/loki_twist_mux) by extension 'ros'
[0.304s] DEBUG:colcon.colcon_core.package_identification:Package 'ros2_thor/src/loki/loki_twist_mux' with type 'ros.ament_cmake' and name 'loki_twist_mux'
[0.304s] Level 1:colcon.colcon_core.package_identification:_identify(ros2_thor/src/loki/rasberry_gazebo) by extensions ['ignore', 'ignore_ament_install']
[0.305s] Level 1:colcon.colcon_core.package_identification:_identify(ros2_thor/src/loki/rasberry_gazebo) by extension 'ignore'
[0.305s] Level 1:colcon.colcon_core.package_identification:_identify(ros2_thor/src/loki/rasberry_gazebo) by extension 'ignore_ament_install'
[0.305s] Level 1:colcon.colcon_core.package_identification:_identify(ros2_thor/src/loki/rasberry_gazebo) by extensions ['colcon_pkg']
[0.305s] Level 1:colcon.colcon_core.package_identification:_identify(ros2_thor/src/loki/rasberry_gazebo) by extension 'colcon_pkg'
[0.305s] Level 1:colcon.colcon_core.package_identification:_identify(ros2_thor/src/loki/rasberry_gazebo) by extensions ['colcon_meta']
[0.305s] Level 1:colcon.colcon_core.package_identification:_identify(ros2_thor/src/loki/rasberry_gazebo) by extension 'colcon_meta'
[0.305s] Level 1:colcon.colcon_core.package_identification:_identify(ros2_thor/src/loki/rasberry_gazebo) by extensions ['ros']
[0.305s] Level 1:colcon.colcon_core.package_identification:_identify(ros2_thor/src/loki/rasberry_gazebo) by extension 'ros'
[0.313s] DEBUG:colcon.colcon_core.package_identification:Package 'ros2_thor/src/loki/rasberry_gazebo' with type 'ros.ament_cmake' and name 'rasberry_gazebo'
[0.314s] Level 1:colcon.colcon_core.package_identification:_identify(ros2_thor/src/loki/robot_bringup) by extensions ['ignore', 'ignore_ament_install']
[0.314s] Level 1:colcon.colcon_core.package_identification:_identify(ros2_thor/src/loki/robot_bringup) by extension 'ignore'
[0.314s] Level 1:colcon.colcon_core.package_identification:_identify(ros2_thor/src/loki/robot_bringup) by extension 'ignore_ament_install'
[0.314s] Level 1:colcon.colcon_core.package_identification:_identify(ros2_thor/src/loki/robot_bringup) by extensions ['colcon_pkg']
[0.314s] Level 1:colcon.colcon_core.package_identification:_identify(ros2_thor/src/loki/robot_bringup) by extension 'colcon_pkg'
[0.314s] Level 1:colcon.colcon_core.package_identification:_identify(ros2_thor/src/loki/robot_bringup) by extensions ['colcon_meta']
[0.314s] Level 1:colcon.colcon_core.package_identification:_identify(ros2_thor/src/loki/robot_bringup) by extension 'colcon_meta'
[0.314s] Level 1:colcon.colcon_core.package_identification:_identify(ros2_thor/src/loki/robot_bringup) by extensions ['ros']
[0.314s] Level 1:colcon.colcon_core.package_identification:_identify(ros2_thor/src/loki/robot_bringup) by extension 'ros'
[0.315s] DEBUG:colcon.colcon_core.package_identification:Package 'ros2_thor/src/loki/robot_bringup' with type 'ros.ament_cmake' and name 'robot_bringup'
[0.315s] Level 1:colcon.colcon_core.package_identification:_identify(ros2_thor/src/twist_mux) by extensions ['ignore', 'ignore_ament_install']
[0.315s] Level 1:colcon.colcon_core.package_identification:_identify(ros2_thor/src/twist_mux) by extension 'ignore'
[0.315s] Level 1:colcon.colcon_core.package_identification:_identify(ros2_thor/src/twist_mux) by extension 'ignore_ament_install'
[0.315s] Level 1:colcon.colcon_core.package_identification:_identify(ros2_thor/src/twist_mux) by extensions ['colcon_pkg']
[0.315s] Level 1:colcon.colcon_core.package_identification:_identify(ros2_thor/src/twist_mux) by extension 'colcon_pkg'
[0.315s] Level 1:colcon.colcon_core.package_identification:_identify(ros2_thor/src/twist_mux) by extensions ['colcon_meta']
[0.315s] Level 1:colcon.colcon_core.package_identification:_identify(ros2_thor/src/twist_mux) by extension 'colcon_meta'
[0.315s] Level 1:colcon.colcon_core.package_identification:_identify(ros2_thor/src/twist_mux) by extensions ['ros']
[0.315s] Level 1:colcon.colcon_core.package_identification:_identify(ros2_thor/src/twist_mux) by extension 'ros'
[0.316s] DEBUG:colcon.colcon_core.package_identification:Package 'ros2_thor/src/twist_mux' with type 'ros.ament_cmake' and name 'twist_mux'
[0.316s] Level 1:colcon.colcon_core.package_discovery:discover_packages(recursive) using defaults
[0.316s] Level 1:colcon.colcon_core.package_discovery:discover_packages(ignore) discover
[0.316s] Level 1:colcon.colcon_core.package_discovery:discover_packages(ignore) using defaults
[0.316s] Level 1:colcon.colcon_core.package_discovery:discover_packages(path) discover
[0.316s] Level 1:colcon.colcon_core.package_discovery:discover_packages(path) using defaults
[0.335s] INFO:colcon.colcon_core.package_selection:Skipping not selected package 'loki_description' in 'ros2_thor/src/loki/loki_description'
[0.335s] INFO:colcon.colcon_core.package_selection:Skipping not selected package 'std_msgs' in 'ros2_thor/src/common_interfaces/std_msgs'
[0.335s] INFO:colcon.colcon_core.package_selection:Skipping not selected package 'std_srvs' in 'ros2_thor/src/common_interfaces/std_srvs'
[0.335s] INFO:colcon.colcon_core.package_selection:Skipping not selected package 'actionlib_msgs' in 'ros2_thor/src/common_interfaces/actionlib_msgs'
[0.335s] INFO:colcon.colcon_core.package_selection:Skipping not selected package 'geometry_msgs' in 'ros2_thor/src/common_interfaces/geometry_msgs'
[0.335s] INFO:colcon.colcon_core.package_selection:Skipping not selected package 'diagnostic_msgs' in 'ros2_thor/src/common_interfaces/diagnostic_msgs'
[0.335s] INFO:colcon.colcon_core.package_selection:Skipping not selected package 'nav_msgs' in 'ros2_thor/src/common_interfaces/nav_msgs'
[0.335s] INFO:colcon.colcon_core.package_selection:Skipping not selected package 'sensor_msgs' in 'ros2_thor/src/common_interfaces/sensor_msgs'
[0.335s] INFO:colcon.colcon_core.package_selection:Skipping not selected package 'shape_msgs' in 'ros2_thor/src/common_interfaces/shape_msgs'
[0.335s] INFO:colcon.colcon_core.package_selection:Skipping not selected package 'trajectory_msgs' in 'ros2_thor/src/common_interfaces/trajectory_msgs'
[0.335s] INFO:colcon.colcon_core.package_selection:Skipping not selected package 'diagnostic_aggregator' in 'ros2_thor/src/diagnostics/diagnostic_aggregator'
[0.335s] INFO:colcon.colcon_core.package_selection:Skipping not selected package 'diagnostic_updater' in 'ros2_thor/src/diagnostics/diagnostic_updater'
[0.335s] INFO:colcon.colcon_core.package_selection:Skipping not selected package 'loki_msgs' in 'ros2_thor/src/loki/loki_msgs'
[0.335s] INFO:colcon.colcon_core.package_selection:Skipping not selected package 'rasberry_gazebo' in 'ros2_thor/src/loki/rasberry_gazebo'
[0.335s] INFO:colcon.colcon_core.package_selection:Skipping not selected package 'sensor_msgs_py' in 'ros2_thor/src/common_interfaces/sensor_msgs_py'
[0.335s] INFO:colcon.colcon_core.package_selection:Skipping not selected package 'stereo_msgs' in 'ros2_thor/src/common_interfaces/stereo_msgs'
[0.335s] INFO:colcon.colcon_core.package_selection:Skipping not selected package 'visualization_msgs' in 'ros2_thor/src/common_interfaces/visualization_msgs'
[0.335s] INFO:colcon.colcon_core.package_selection:Skipping not selected package 'common_interfaces' in 'ros2_thor/src/common_interfaces/common_interfaces'
[0.335s] INFO:colcon.colcon_core.package_selection:Skipping not selected package 'diagnostic_common_diagnostics' in 'ros2_thor/src/diagnostics/diagnostic_common_diagnostics'
[0.335s] INFO:colcon.colcon_core.package_selection:Skipping not selected package 'self_test' in 'ros2_thor/src/diagnostics/self_test'
[0.335s] INFO:colcon.colcon_core.package_selection:Skipping not selected package 'twist_mux' in 'ros2_thor/src/twist_mux'
[0.335s] INFO:colcon.colcon_core.package_selection:Skipping not selected package 'diagnostics' in 'ros2_thor/src/diagnostics/diagnostics'
[0.335s] INFO:colcon.colcon_core.package_selection:Skipping not selected package 'loki_base' in 'ros2_thor/src/loki/loki_base'
[0.335s] INFO:colcon.colcon_core.package_selection:Skipping not selected package 'loki_teleop' in 'ros2_thor/src/loki/loki_teleop'
[0.335s] INFO:colcon.colcon_core.package_selection:Skipping not selected package 'loki_twist_mux' in 'ros2_thor/src/loki/loki_twist_mux'
[0.335s] INFO:colcon.colcon_core.package_selection:Skipping not selected package 'loki_simulator' in 'ros2_thor/src/loki/loki_simulator'
[0.335s] INFO:colcon.colcon_core.package_selection:Skipping not selected package 'robot_bringup' in 'ros2_thor/src/loki/robot_bringup'
[0.335s] INFO:colcon.colcon_core.package_selection:Skipping not selected package 'loki_bringup' in 'ros2_thor/src/loki/loki_bringup'
[0.336s] Level 1:colcon.colcon_core.package_discovery:discover_packages(prefix_path) check parameters
[0.336s] Level 1:colcon.colcon_core.package_discovery:discover_packages(prefix_path) discover
[0.339s] DEBUG:colcon.colcon_installed_package_information.package_discovery:Found 374 installed packages in /opt/ros/humble
[0.340s] Level 1:colcon.colcon_core.package_discovery:discover_packages(prefix_path) using defaults
[0.384s] Level 5:colcon.colcon_core.verb:set package 'loki_can_devices' build argument 'cmake_args' from command line to 'None'
[0.384s] Level 5:colcon.colcon_core.verb:set package 'loki_can_devices' build argument 'cmake_target' from command line to 'None'
[0.384s] Level 5:colcon.colcon_core.verb:set package 'loki_can_devices' build argument 'cmake_target_skip_unavailable' from command line to 'False'
[0.384s] Level 5:colcon.colcon_core.verb:set package 'loki_can_devices' build argument 'cmake_clean_cache' from command line to 'False'
[0.384s] Level 5:colcon.colcon_core.verb:set package 'loki_can_devices' build argument 'cmake_clean_first' from command line to 'False'
[0.384s] Level 5:colcon.colcon_core.verb:set package 'loki_can_devices' build argument 'cmake_force_configure' from command line to 'False'
[0.384s] Level 5:colcon.colcon_core.verb:set package 'loki_can_devices' build argument 'ament_cmake_args' from command line to 'None'
[0.384s] Level 5:colcon.colcon_core.verb:set package 'loki_can_devices' build argument 'catkin_cmake_args' from command line to 'None'
[0.384s] Level 5:colcon.colcon_core.verb:set package 'loki_can_devices' build argument 'catkin_skip_building_tests' from command line to 'False'
[0.384s] DEBUG:colcon.colcon_core.verb:Building package 'loki_can_devices' with the following arguments: {'ament_cmake_args': None, 'build_base': '/home/cairlab/Documents/GitHub/saga_repo/build/loki_can_devices', 'catkin_cmake_args': None, 'catkin_skip_building_tests': False, 'cmake_args': None, 'cmake_clean_cache': False, 'cmake_clean_first': False, 'cmake_force_configure': False, 'cmake_target': None, 'cmake_target_skip_unavailable': False, 'install_base': '/home/cairlab/Documents/GitHub/saga_repo/install/loki_can_devices', 'merge_install': False, 'path': '/home/cairlab/Documents/GitHub/saga_repo/ros2_thor/src/loki/loki_can_devices', 'symlink_install': False, 'test_result_base': None}
[0.384s] INFO:colcon.colcon_core.executor:Executing jobs using 'parallel' executor
[0.387s] DEBUG:colcon.colcon_parallel_executor.executor.parallel:run_until_complete
[0.387s] INFO:colcon.colcon_ros.task.ament_cmake.build:Building ROS package in '/home/cairlab/Documents/GitHub/saga_repo/ros2_thor/src/loki/loki_can_devices' with build type 'ament_cmake'
[0.387s] INFO:colcon.colcon_cmake.task.cmake.build:Building CMake package in '/home/cairlab/Documents/GitHub/saga_repo/ros2_thor/src/loki/loki_can_devices'
[0.391s] INFO:colcon.colcon_core.plugin_system:Skipping extension 'colcon_core.shell.bat': Not used on non-Windows systems
[0.391s] INFO:colcon.colcon_core.shell:Skip shell extension 'powershell' for command environment: Not usable outside of PowerShell
[0.391s] DEBUG:colcon.colcon_core.shell:Skip shell extension 'dsv' for command environment
[0.413s] DEBUG:colcon.colcon_core.event_handler.log_command:Invoking command in '/home/cairlab/Documents/GitHub/saga_repo/build/loki_can_devices': AMENT_PREFIX_PATH=/home/cairlab/Documents/GitHub/saga_repo/install/loki_msgs:/home/cairlab/Documents/GitHub/saga_repo/install/sensor_msgs:/home/cairlab/Documents/GitHub/saga_repo/install/nav_msgs:/home/cairlab/Documents/GitHub/saga_repo/install/diagnostic_msgs:/home/cairlab/Documents/GitHub/saga_repo/install/geometry_msgs:/home/cairlab/Documents/GitHub/saga_repo/install/std_srvs:/home/cairlab/Documents/GitHub/saga_repo/install/std_msgs:/home/cairlab/Documents/GitHub/saga_repo/install/loki_description:${AMENT_PREFIX_PATH} CMAKE_PREFIX_PATH=/home/cairlab/Documents/GitHub/saga_repo/install/loki_msgs:/home/cairlab/Documents/GitHub/saga_repo/install/sensor_msgs:/home/cairlab/Documents/GitHub/saga_repo/install/nav_msgs:/home/cairlab/Documents/GitHub/saga_repo/install/diagnostic_msgs:/home/cairlab/Documents/GitHub/saga_repo/install/geometry_msgs:/home/cairlab/Documents/GitHub/saga_repo/install/std_srvs:/home/cairlab/Documents/GitHub/saga_repo/install/std_msgs:/home/cairlab/Documents/GitHub/saga_repo/install/loki_description:/opt/ros/humble LD_LIBRARY_PATH=/home/cairlab/Documents/GitHub/saga_repo/install/loki_msgs/lib:/home/cairlab/Documents/GitHub/saga_repo/install/sensor_msgs/lib:/home/cairlab/Documents/GitHub/saga_repo/install/nav_msgs/lib:/home/cairlab/Documents/GitHub/saga_repo/install/diagnostic_msgs/lib:/home/cairlab/Documents/GitHub/saga_repo/install/geometry_msgs/lib:/home/cairlab/Documents/GitHub/saga_repo/install/std_srvs/lib:/home/cairlab/Documents/GitHub/saga_repo/install/std_msgs/lib:${LD_LIBRARY_PATH} PYTHONPATH=/home/cairlab/Documents/GitHub/saga_repo/install/loki_msgs/local/lib/python3.10/dist-packages:/home/cairlab/Documents/GitHub/saga_repo/install/sensor_msgs/local/lib/python3.10/dist-packages:/home/cairlab/Documents/GitHub/saga_repo/install/nav_msgs/local/lib/python3.10/dist-packages:/home/cairlab/Documents/GitHub/saga_repo/install/diagnostic_msgs/local/lib/python3.10/dist-packages:/home/cairlab/Documents/GitHub/saga_repo/install/geometry_msgs/local/lib/python3.10/dist-packages:/home/cairlab/Documents/GitHub/saga_repo/install/std_srvs/local/lib/python3.10/dist-packages:/home/cairlab/Documents/GitHub/saga_repo/install/std_msgs/local/lib/python3.10/dist-packages:${PYTHONPATH} /usr/bin/cmake --build /home/cairlab/Documents/GitHub/saga_repo/build/loki_can_devices -- -j12 -l12
[10.196s] DEBUG:colcon.colcon_core.event_handler.log_command:Invoked command in '/home/cairlab/Documents/GitHub/saga_repo/build/loki_can_devices' returned '2': AMENT_PREFIX_PATH=/home/cairlab/Documents/GitHub/saga_repo/install/loki_msgs:/home/cairlab/Documents/GitHub/saga_repo/install/sensor_msgs:/home/cairlab/Documents/GitHub/saga_repo/install/nav_msgs:/home/cairlab/Documents/GitHub/saga_repo/install/diagnostic_msgs:/home/cairlab/Documents/GitHub/saga_repo/install/geometry_msgs:/home/cairlab/Documents/GitHub/saga_repo/install/std_srvs:/home/cairlab/Documents/GitHub/saga_repo/install/std_msgs:/home/cairlab/Documents/GitHub/saga_repo/install/loki_description:${AMENT_PREFIX_PATH} CMAKE_PREFIX_PATH=/home/cairlab/Documents/GitHub/saga_repo/install/loki_msgs:/home/cairlab/Documents/GitHub/saga_repo/install/sensor_msgs:/home/cairlab/Documents/GitHub/saga_repo/install/nav_msgs:/home/cairlab/Documents/GitHub/saga_repo/install/diagnostic_msgs:/home/cairlab/Documents/GitHub/saga_repo/install/geometry_msgs:/home/cairlab/Documents/GitHub/saga_repo/install/std_srvs:/home/cairlab/Documents/GitHub/saga_repo/install/std_msgs:/home/cairlab/Documents/GitHub/saga_repo/install/loki_description:/opt/ros/humble LD_LIBRARY_PATH=/home/cairlab/Documents/GitHub/saga_repo/install/loki_msgs/lib:/home/cairlab/Documents/GitHub/saga_repo/install/sensor_msgs/lib:/home/cairlab/Documents/GitHub/saga_repo/install/nav_msgs/lib:/home/cairlab/Documents/GitHub/saga_repo/install/diagnostic_msgs/lib:/home/cairlab/Documents/GitHub/saga_repo/install/geometry_msgs/lib:/home/cairlab/Documents/GitHub/saga_repo/install/std_srvs/lib:/home/cairlab/Documents/GitHub/saga_repo/install/std_msgs/lib:${LD_LIBRARY_PATH} PYTHONPATH=/home/cairlab/Documents/GitHub/saga_repo/install/loki_msgs/local/lib/python3.10/dist-packages:/home/cairlab/Documents/GitHub/saga_repo/install/sensor_msgs/local/lib/python3.10/dist-packages:/home/cairlab/Documents/GitHub/saga_repo/install/nav_msgs/local/lib/python3.10/dist-packages:/home/cairlab/Documents/GitHub/saga_repo/install/diagnostic_msgs/local/lib/python3.10/dist-packages:/home/cairlab/Documents/GitHub/saga_repo/install/geometry_msgs/local/lib/python3.10/dist-packages:/home/cairlab/Documents/GitHub/saga_repo/install/std_srvs/local/lib/python3.10/dist-packages:/home/cairlab/Documents/GitHub/saga_repo/install/std_msgs/local/lib/python3.10/dist-packages:${PYTHONPATH} /usr/bin/cmake --build /home/cairlab/Documents/GitHub/saga_repo/build/loki_can_devices -- -j12 -l12
[10.247s] Level 1:colcon.colcon_core.environment:create_environment_scripts_only(loki_can_devices)
[10.251s] Level 1:colcon.colcon_core.environment:checking '/home/cairlab/Documents/GitHub/saga_repo/install/loki_can_devices' for CMake module files
[10.252s] Level 1:colcon.colcon_core.environment:checking '/home/cairlab/Documents/GitHub/saga_repo/install/loki_can_devices' for CMake config files
[10.252s] Level 1:colcon.colcon_core.environment:checking '/home/cairlab/Documents/GitHub/saga_repo/install/loki_can_devices/bin'
[10.252s] Level 1:colcon.colcon_core.environment:checking '/home/cairlab/Documents/GitHub/saga_repo/install/loki_can_devices/lib/pkgconfig/loki_can_devices.pc'
[10.252s] Level 1:colcon.colcon_core.environment:checking '/home/cairlab/Documents/GitHub/saga_repo/install/loki_can_devices/lib/python3.10/site-packages'
[10.253s] Level 1:colcon.colcon_core.environment:checking '/home/cairlab/Documents/GitHub/saga_repo/install/loki_can_devices/bin'
[10.254s] INFO:colcon.colcon_core.shell:Creating package script '/home/cairlab/Documents/GitHub/saga_repo/install/loki_can_devices/share/loki_can_devices/package.ps1'
[10.254s] INFO:colcon.colcon_core.shell:Creating package descriptor '/home/cairlab/Documents/GitHub/saga_repo/install/loki_can_devices/share/loki_can_devices/package.dsv'
[10.255s] INFO:colcon.colcon_core.shell:Creating package script '/home/cairlab/Documents/GitHub/saga_repo/install/loki_can_devices/share/loki_can_devices/package.sh'
[10.255s] INFO:colcon.colcon_core.shell:Creating package script '/home/cairlab/Documents/GitHub/saga_repo/install/loki_can_devices/share/loki_can_devices/package.bash'
[10.256s] INFO:colcon.colcon_core.shell:Creating package script '/home/cairlab/Documents/GitHub/saga_repo/install/loki_can_devices/share/loki_can_devices/package.zsh'
[10.257s] Level 1:colcon.colcon_core.environment:create_file_with_runtime_dependencies(/home/cairlab/Documents/GitHub/saga_repo/install/loki_can_devices/share/colcon-core/packages/loki_can_devices)
[10.267s] DEBUG:colcon.colcon_parallel_executor.executor.parallel:closing loop
[10.267s] DEBUG:colcon.colcon_parallel_executor.executor.parallel:loop closed
[10.268s] DEBUG:colcon.colcon_parallel_executor.executor.parallel:run_until_complete finished with '2'
[10.268s] DEBUG:colcon.colcon_core.event_reactor:joining thread
[10.274s] INFO:colcon.colcon_core.plugin_system:Skipping extension 'colcon_notification.desktop_notification.terminal_notifier': Not used on non-Darwin systems
[10.274s] INFO:colcon.colcon_core.plugin_system:Skipping extension 'colcon_notification.desktop_notification.win32': Not used on non-Windows systems
[10.274s] INFO:colcon.colcon_notification.desktop_notification:Sending desktop notification using 'notify2'
[10.283s] DEBUG:colcon.colcon_core.event_reactor:joined thread
[10.285s] INFO:colcon.colcon_core.shell:Creating prefix script '/home/cairlab/Documents/GitHub/saga_repo/install/local_setup.ps1'
[10.285s] INFO:colcon.colcon_core.shell:Creating prefix util module '/home/cairlab/Documents/GitHub/saga_repo/install/_local_setup_util_ps1.py'
[10.286s] INFO:colcon.colcon_core.shell:Creating prefix chain script '/home/cairlab/Documents/GitHub/saga_repo/install/setup.ps1'
[10.287s] INFO:colcon.colcon_core.shell:Creating prefix script '/home/cairlab/Documents/GitHub/saga_repo/install/local_setup.sh'
[10.287s] INFO:colcon.colcon_core.shell:Creating prefix util module '/home/cairlab/Documents/GitHub/saga_repo/install/_local_setup_util_sh.py'
[10.288s] INFO:colcon.colcon_core.shell:Creating prefix chain script '/home/cairlab/Documents/GitHub/saga_repo/install/setup.sh'
[10.289s] INFO:colcon.colcon_core.shell:Creating prefix script '/home/cairlab/Documents/GitHub/saga_repo/install/local_setup.bash'
[10.289s] INFO:colcon.colcon_core.shell:Creating prefix chain script '/home/cairlab/Documents/GitHub/saga_repo/install/setup.bash'
[10.292s] INFO:colcon.colcon_core.shell:Creating prefix script '/home/cairlab/Documents/GitHub/saga_repo/install/local_setup.zsh'
[10.293s] INFO:colcon.colcon_core.shell:Creating prefix chain script '/home/cairlab/Documents/GitHub/saga_repo/install/setup.zsh'
