[1.372s] Invoking command in '/home/loki/Documents/GitHub/saga_repo/ros2_thor/src/loki/loki_nav': PYTHONPATH=/home/loki/Documents/GitHub/saga_repo/build/loki_nav/prefix_override:/home/loki/Documents/GitHub/saga_repo/install/loki_nav/lib/python3.10/site-packages:${PYTHONPATH} /usr/bin/python3 setup.py egg_info --egg-base ../../../../build/loki_nav build --build-base /home/loki/Documents/GitHub/saga_repo/build/loki_nav/build install --record /home/loki/Documents/GitHub/saga_repo/build/loki_nav/install.log --single-version-externally-managed
[1.820s] running egg_info
[1.822s] writing ../../../../build/loki_nav/loki_nav.egg-info/PKG-INFO
[1.822s] writing dependency_links to ../../../../build/loki_nav/loki_nav.egg-info/dependency_links.txt
[1.823s] writing entry points to ../../../../build/loki_nav/loki_nav.egg-info/entry_points.txt
[1.823s] writing requirements to ../../../../build/loki_nav/loki_nav.egg-info/requires.txt
[1.823s] writing top-level names to ../../../../build/loki_nav/loki_nav.egg-info/top_level.txt
[1.827s] reading manifest file '../../../../build/loki_nav/loki_nav.egg-info/SOURCES.txt'
[1.829s] writing manifest file '../../../../build/loki_nav/loki_nav.egg-info/SOURCES.txt'
[1.830s] running build
[1.830s] running build_py
[1.831s] running install
[1.832s] /usr/lib/python3/dist-packages/setuptools/command/install.py:34: SetuptoolsDeprecationWarning: setup.py install is deprecated. Use build and pip and other standards-based tools.
[1.833s]   warnings.warn(
[1.833s] running install_lib
[1.834s] running install_data
[1.835s] running install_egg_info
[1.843s] removing '/home/loki/Documents/GitHub/saga_repo/install/loki_nav/lib/python3.10/site-packages/loki_nav-2.0.0-py3.10.egg-info' (and everything under it)
[1.844s] Copying ../../../../build/loki_nav/loki_nav.egg-info to /home/loki/Documents/GitHub/saga_repo/install/loki_nav/lib/python3.10/site-packages/loki_nav-2.0.0-py3.10.egg-info
[1.845s] running install_scripts
[1.879s] Installing waypoint_node script to /home/loki/Documents/GitHub/saga_repo/install/loki_nav/lib/loki_nav
[1.879s] writing list of installed files to '/home/loki/Documents/GitHub/saga_repo/build/loki_nav/install.log'
[1.920s] Invoked command in '/home/loki/Documents/GitHub/saga_repo/ros2_thor/src/loki/loki_nav' returned '0': PYTHONPATH=/home/loki/Documents/GitHub/saga_repo/build/loki_nav/prefix_override:/home/loki/Documents/GitHub/saga_repo/install/loki_nav/lib/python3.10/site-packages:${PYTHONPATH} /usr/bin/python3 setup.py egg_info --egg-base ../../../../build/loki_nav build --build-base /home/loki/Documents/GitHub/saga_repo/build/loki_nav/build install --record /home/loki/Documents/GitHub/saga_repo/build/loki_nav/install.log --single-version-externally-managed
