[0.010s] Invoking command in '/home/cairlab/twist_mux/build/twist_mux': CMAKE_PREFIX_PATH=/opt/ros/humble /usr/bin/cmake /home/cairlab/twist_mux -DCMAKE_INSTALL_PREFIX=/home/cairlab/twist_mux/install/twist_mux
[0.019s] -- Found ament_cmake: 1.3.5 (/opt/ros/humble/share/ament_cmake/cmake)
[0.132s] -- Found rclcpp: 16.0.4 (/opt/ros/humble/share/rclcpp/cmake)
[0.157s] -- Found rosidl_generator_c: 3.1.4 (/opt/ros/humble/share/rosidl_generator_c/cmake)
[0.159s] -- Found rosidl_adapter: 3.1.4 (/opt/ros/humble/share/rosidl_adapter/cmake)
[0.164s] -- Found rosidl_generator_cpp: 3.1.4 (/opt/ros/humble/share/rosidl_generator_cpp/cmake)
[0.173s] -- Using all available rosidl_typesupport_c: rosidl_typesupport_fastrtps_c;rosidl_typesupport_introspection_c
[0.185s] -- Using all available rosidl_typesupport_cpp: rosidl_typesupport_fastrtps_cpp;rosidl_typesupport_introspection_cpp
[0.242s] -- Found rmw_implementation_cmake: 6.1.1 (/opt/ros/humble/share/rmw_implementation_cmake/cmake)
[0.242s] -- Found rmw_fastrtps_cpp: 6.2.2 (/opt/ros/humble/share/rmw_fastrtps_cpp/cmake)
[0.340s] -- Using RMW implementation 'rmw_fastrtps_cpp' as default
[0.488s] -- Found geometry_msgs: 4.2.3 (/opt/ros/humble/share/geometry_msgs/cmake)
[0.527s] -- Found visualization_msgs: 4.2.3 (/opt/ros/humble/share/visualization_msgs/cmake)
[0.762s] [31mCMake Error at CMakeLists.txt:18 (find_package):
[0.762s]   By not providing "Finddiagnostics.cmake" in CMAKE_MODULE_PATH this project
[0.762s]   has asked CMake to find a package configuration file provided by
[0.762s]   "diagnostics", but CMake did not find one.
[0.762s] 
[0.762s]   Could not find a package configuration file provided by "diagnostics" with
[0.762s]   any of the following names:
[0.762s] 
[0.762s]     diagnosticsConfig.cmake
[0.762s]     diagnostics-config.cmake
[0.763s] 
[0.763s]   Add the installation prefix of "diagnostics" to CMAKE_PREFIX_PATH or set
[0.763s]   "diagnostics_DIR" to a directory containing one of the above files.  If
[0.763s]   "diagnostics" provides a separate development package or SDK, be sure it
[0.763s]   has been installed.
[0.763s] 
[0.763s] [0m
[0.763s] -- Configuring incomplete, errors occurred!
[0.763s] See also "/home/cairlab/twist_mux/build/twist_mux/CMakeFiles/CMakeOutput.log".
[0.767s] Invoked command in '/home/cairlab/twist_mux/build/twist_mux' returned '1': CMAKE_PREFIX_PATH=/opt/ros/humble /usr/bin/cmake /home/cairlab/twist_mux -DCMAKE_INSTALL_PREFIX=/home/cairlab/twist_mux/install/twist_mux
