[0.061s] Invoking command in '/home/loki/Documents/GitHub/saga_repo/build/loki_msgs': AMENT_PREFIX_PATH=/home/loki/Documents/GitHub/saga_repo/install/loki_description CMAKE_PREFIX_PATH=/home/loki/Documents/GitHub/saga_repo/install/loki_description /usr/bin/cmake --build /home/loki/Documents/GitHub/saga_repo/build/loki_msgs -- -j8 -l8
[0.114s] [31mCMake Error at CMakeLists.txt:59:
[0.114s]   Parse error.  Function missing ending ")".  Instead found unterminated
[0.114s]   string with text "srv/HomeS.srv
[0.114s] 
[0.114s]   
[0.114s] 
[0.115s]     DEPENDENCIES 
[0.115s]     std_msgs
[0.115s]     sensor_msgs 
[0.115s] 
[0.115s]   )
[0.115s] 
[0.115s]   
[0.115s] 
[0.115s]   ament_export_dependencies(rosidl_default_runtime)
[0.115s] 
[0.115s]   
[0.115s] 
[0.115s]   ament_package()".
[0.115s] 
[0.116s] [0m
[0.116s] -- Configuring incomplete, errors occurred!
[0.116s] See also "/home/loki/Documents/GitHub/saga_repo/build/loki_msgs/CMakeFiles/CMakeOutput.log".
[0.117s] gmake: *** [Makefile:8955: cmake_check_build_system] Error 1
[0.120s] Invoked command in '/home/loki/Documents/GitHub/saga_repo/build/loki_msgs' returned '2': AMENT_PREFIX_PATH=/home/loki/Documents/GitHub/saga_repo/install/loki_description CMAKE_PREFIX_PATH=/home/loki/Documents/GitHub/saga_repo/install/loki_description /usr/bin/cmake --build /home/loki/Documents/GitHub/saga_repo/build/loki_msgs -- -j8 -l8
