[0.557s] DEBUG:colcon:Command line arguments: ['/usr/bin/colcon', 'build']
[0.558s] DEBUG:colcon:Parsed command line arguments: Namespace(log_base=None, log_level=None, verb_name='build', build_base='build', install_base='install', merge_install=False, symlink_install=False, test_result_base=None, continue_on_error=False, executor='parallel', parallel_workers=8, event_handlers=None, ignore_user_meta=False, metas=['./colcon.meta'], base_paths=['.'], packages_ignore=None, packages_ignore_regex=None, paths=None, packages_up_to=None, packages_up_to_regex=None, packages_above=None, packages_above_and_dependencies=None, packages_above_depth=None, packages_select_by_dep=None, packages_skip_by_dep=None, packages_skip_up_to=None, packages_select_build_failed=False, packages_skip_build_finished=False, packages_select_test_failures=False, packages_skip_test_passed=False, packages_select=None, packages_skip=None, packages_select_regex=None, packages_skip_regex=None, packages_start=None, packages_end=None, allow_overriding=[], cmake_args=None, cmake_target=None, cmake_target_skip_unavailable=False, cmake_clean_cache=False, cmake_clean_first=False, cmake_force_configure=False, ament_cmake_args=None, catkin_cmake_args=None, catkin_skip_building_tests=False, verb_parser=<colcon_defaults.argument_parser.defaults.DefaultArgumentsDecorator object at 0x7fae00ebae00>, verb_extension=<colcon_core.verb.build.BuildVerb object at 0x7fae012cef50>, main=<bound method BuildVerb.main of <colcon_core.verb.build.BuildVerb object at 0x7fae012cef50>>)
[0.585s] Level 1:colcon.colcon_core.package_discovery:discover_packages(colcon_meta) check parameters
[0.585s] Level 1:colcon.colcon_core.package_discovery:discover_packages(recursive) check parameters
[0.585s] Level 1:colcon.colcon_core.package_discovery:discover_packages(ignore) check parameters
[0.585s] Level 1:colcon.colcon_core.package_discovery:discover_packages(path) check parameters
[0.585s] Level 1:colcon.colcon_core.package_discovery:discover_packages(colcon_meta) discover
[0.585s] Level 1:colcon.colcon_core.package_discovery:discover_packages(recursive) discover
[0.586s] INFO:colcon.colcon_core.package_discovery:Crawling recursively for packages in '/home/odin/Documents/GitHub/saga_repo'
[0.586s] Level 1:colcon.colcon_core.package_identification:_identify(.) by extensions ['ignore', 'ignore_ament_install']
[0.586s] Level 1:colcon.colcon_core.package_identification:_identify(.) by extension 'ignore'
[0.586s] Level 1:colcon.colcon_core.package_identification:_identify(.) by extension 'ignore_ament_install'
[0.586s] Level 1:colcon.colcon_core.package_identification:_identify(.) by extensions ['colcon_pkg']
[0.586s] Level 1:colcon.colcon_core.package_identification:_identify(.) by extension 'colcon_pkg'
[0.586s] Level 1:colcon.colcon_core.package_identification:_identify(.) by extensions ['colcon_meta']
[0.586s] Level 1:colcon.colcon_core.package_identification:_identify(.) by extension 'colcon_meta'
[0.586s] Level 1:colcon.colcon_core.package_identification:_identify(.) by extensions ['ros']
[0.586s] Level 1:colcon.colcon_core.package_identification:_identify(.) by extension 'ros'
[0.593s] Level 1:colcon.colcon_core.package_identification:_identify(.) by extensions ['cmake', 'python']
[0.593s] Level 1:colcon.colcon_core.package_identification:_identify(.) by extension 'cmake'
[0.593s] Level 1:colcon.colcon_core.package_identification:_identify(.) by extension 'python'
[0.593s] Level 1:colcon.colcon_core.package_identification:_identify(.) by extensions ['python_setup_py']
[0.593s] Level 1:colcon.colcon_core.package_identification:_identify(.) by extension 'python_setup_py'
[0.593s] Level 1:colcon.colcon_core.package_identification:_identify(build) by extensions ['ignore', 'ignore_ament_install']
[0.593s] Level 1:colcon.colcon_core.package_identification:_identify(build) by extension 'ignore'
[0.593s] Level 1:colcon.colcon_core.package_identification:_identify(build) ignored
[0.593s] Level 1:colcon.colcon_core.package_identification:_identify(install) by extensions ['ignore', 'ignore_ament_install']
[0.593s] Level 1:colcon.colcon_core.package_identification:_identify(install) by extension 'ignore'
[0.593s] Level 1:colcon.colcon_core.package_identification:_identify(install) ignored
[0.594s] Level 1:colcon.colcon_core.package_identification:_identify(log) by extensions ['ignore', 'ignore_ament_install']
[0.594s] Level 1:colcon.colcon_core.package_identification:_identify(log) by extension 'ignore'
[0.594s] Level 1:colcon.colcon_core.package_identification:_identify(log) ignored
[0.594s] Level 1:colcon.colcon_core.package_identification:_identify(ros2_thor) by extensions ['ignore', 'ignore_ament_install']
[0.594s] Level 1:colcon.colcon_core.package_identification:_identify(ros2_thor) by extension 'ignore'
[0.594s] Level 1:colcon.colcon_core.package_identification:_identify(ros2_thor) by extension 'ignore_ament_install'
[0.594s] Level 1:colcon.colcon_core.package_identification:_identify(ros2_thor) by extensions ['colcon_pkg']
[0.594s] Level 1:colcon.colcon_core.package_identification:_identify(ros2_thor) by extension 'colcon_pkg'
[0.594s] Level 1:colcon.colcon_core.package_identification:_identify(ros2_thor) by extensions ['colcon_meta']
[0.594s] Level 1:colcon.colcon_core.package_identification:_identify(ros2_thor) by extension 'colcon_meta'
[0.594s] Level 1:colcon.colcon_core.package_identification:_identify(ros2_thor) by extensions ['ros']
[0.594s] Level 1:colcon.colcon_core.package_identification:_identify(ros2_thor) by extension 'ros'
[0.594s] Level 1:colcon.colcon_core.package_identification:_identify(ros2_thor) by extensions ['cmake', 'python']
[0.594s] Level 1:colcon.colcon_core.package_identification:_identify(ros2_thor) by extension 'cmake'
[0.594s] Level 1:colcon.colcon_core.package_identification:_identify(ros2_thor) by extension 'python'
[0.594s] Level 1:colcon.colcon_core.package_identification:_identify(ros2_thor) by extensions ['python_setup_py']
[0.594s] Level 1:colcon.colcon_core.package_identification:_identify(ros2_thor) by extension 'python_setup_py'
[0.594s] Level 1:colcon.colcon_core.package_identification:_identify(ros2_thor/src) by extensions ['ignore', 'ignore_ament_install']
[0.594s] Level 1:colcon.colcon_core.package_identification:_identify(ros2_thor/src) by extension 'ignore'
[0.594s] Level 1:colcon.colcon_core.package_identification:_identify(ros2_thor/src) by extension 'ignore_ament_install'
[0.594s] Level 1:colcon.colcon_core.package_identification:_identify(ros2_thor/src) by extensions ['colcon_pkg']
[0.594s] Level 1:colcon.colcon_core.package_identification:_identify(ros2_thor/src) by extension 'colcon_pkg'
[0.594s] Level 1:colcon.colcon_core.package_identification:_identify(ros2_thor/src) by extensions ['colcon_meta']
[0.594s] Level 1:colcon.colcon_core.package_identification:_identify(ros2_thor/src) by extension 'colcon_meta'
[0.594s] Level 1:colcon.colcon_core.package_identification:_identify(ros2_thor/src) by extensions ['ros']
[0.594s] Level 1:colcon.colcon_core.package_identification:_identify(ros2_thor/src) by extension 'ros'
[0.594s] Level 1:colcon.colcon_core.package_identification:_identify(ros2_thor/src) by extensions ['cmake', 'python']
[0.594s] Level 1:colcon.colcon_core.package_identification:_identify(ros2_thor/src) by extension 'cmake'
[0.594s] Level 1:colcon.colcon_core.package_identification:_identify(ros2_thor/src) by extension 'python'
[0.594s] Level 1:colcon.colcon_core.package_identification:_identify(ros2_thor/src) by extensions ['python_setup_py']
[0.594s] Level 1:colcon.colcon_core.package_identification:_identify(ros2_thor/src) by extension 'python_setup_py'
[0.594s] Level 1:colcon.colcon_core.package_identification:_identify(ros2_thor/src/loki) by extensions ['ignore', 'ignore_ament_install']
[0.594s] Level 1:colcon.colcon_core.package_identification:_identify(ros2_thor/src/loki) by extension 'ignore'
[0.595s] Level 1:colcon.colcon_core.package_identification:_identify(ros2_thor/src/loki) by extension 'ignore_ament_install'
[0.595s] Level 1:colcon.colcon_core.package_identification:_identify(ros2_thor/src/loki) by extensions ['colcon_pkg']
[0.595s] Level 1:colcon.colcon_core.package_identification:_identify(ros2_thor/src/loki) by extension 'colcon_pkg'
[0.595s] Level 1:colcon.colcon_core.package_identification:_identify(ros2_thor/src/loki) by extensions ['colcon_meta']
[0.595s] Level 1:colcon.colcon_core.package_identification:_identify(ros2_thor/src/loki) by extension 'colcon_meta'
[0.595s] Level 1:colcon.colcon_core.package_identification:_identify(ros2_thor/src/loki) by extensions ['ros']
[0.595s] Level 1:colcon.colcon_core.package_identification:_identify(ros2_thor/src/loki) by extension 'ros'
[0.595s] Level 1:colcon.colcon_core.package_identification:_identify(ros2_thor/src/loki) by extensions ['cmake', 'python']
[0.595s] Level 1:colcon.colcon_core.package_identification:_identify(ros2_thor/src/loki) by extension 'cmake'
[0.595s] Level 1:colcon.colcon_core.package_identification:_identify(ros2_thor/src/loki) by extension 'python'
[0.595s] Level 1:colcon.colcon_core.package_identification:_identify(ros2_thor/src/loki) by extensions ['python_setup_py']
[0.595s] Level 1:colcon.colcon_core.package_identification:_identify(ros2_thor/src/loki) by extension 'python_setup_py'
[0.595s] Level 1:colcon.colcon_core.package_identification:_identify(ros2_thor/src/loki/loki_base) by extensions ['ignore', 'ignore_ament_install']
[0.595s] Level 1:colcon.colcon_core.package_identification:_identify(ros2_thor/src/loki/loki_base) by extension 'ignore'
[0.595s] Level 1:colcon.colcon_core.package_identification:_identify(ros2_thor/src/loki/loki_base) by extension 'ignore_ament_install'
[0.595s] Level 1:colcon.colcon_core.package_identification:_identify(ros2_thor/src/loki/loki_base) by extensions ['colcon_pkg']
[0.595s] Level 1:colcon.colcon_core.package_identification:_identify(ros2_thor/src/loki/loki_base) by extension 'colcon_pkg'
[0.595s] Level 1:colcon.colcon_core.package_identification:_identify(ros2_thor/src/loki/loki_base) by extensions ['colcon_meta']
[0.595s] Level 1:colcon.colcon_core.package_identification:_identify(ros2_thor/src/loki/loki_base) by extension 'colcon_meta'
[0.595s] Level 1:colcon.colcon_core.package_identification:_identify(ros2_thor/src/loki/loki_base) by extensions ['ros']
[0.595s] Level 1:colcon.colcon_core.package_identification:_identify(ros2_thor/src/loki/loki_base) by extension 'ros'
[0.598s] DEBUG:colcon.colcon_core.package_identification:Package 'ros2_thor/src/loki/loki_base' with type 'ros.ament_python' and name 'loki_base'
[0.598s] Level 1:colcon.colcon_core.package_identification:_identify(ros2_thor/src/loki/loki_bringup) by extensions ['ignore', 'ignore_ament_install']
[0.598s] Level 1:colcon.colcon_core.package_identification:_identify(ros2_thor/src/loki/loki_bringup) by extension 'ignore'
[0.598s] Level 1:colcon.colcon_core.package_identification:_identify(ros2_thor/src/loki/loki_bringup) by extension 'ignore_ament_install'
[0.598s] Level 1:colcon.colcon_core.package_identification:_identify(ros2_thor/src/loki/loki_bringup) by extensions ['colcon_pkg']
[0.598s] Level 1:colcon.colcon_core.package_identification:_identify(ros2_thor/src/loki/loki_bringup) by extension 'colcon_pkg'
[0.598s] Level 1:colcon.colcon_core.package_identification:_identify(ros2_thor/src/loki/loki_bringup) by extensions ['colcon_meta']
[0.598s] Level 1:colcon.colcon_core.package_identification:_identify(ros2_thor/src/loki/loki_bringup) by extension 'colcon_meta'
[0.598s] Level 1:colcon.colcon_core.package_identification:_identify(ros2_thor/src/loki/loki_bringup) by extensions ['ros']
[0.598s] Level 1:colcon.colcon_core.package_identification:_identify(ros2_thor/src/loki/loki_bringup) by extension 'ros'
[0.599s] DEBUG:colcon.colcon_core.package_identification:Package 'ros2_thor/src/loki/loki_bringup' with type 'ros.ament_cmake' and name 'loki_bringup'
[0.599s] Level 1:colcon.colcon_core.package_identification:_identify(ros2_thor/src/loki/loki_can_devices) by extensions ['ignore', 'ignore_ament_install']
[0.599s] Level 1:colcon.colcon_core.package_identification:_identify(ros2_thor/src/loki/loki_can_devices) by extension 'ignore'
[0.599s] Level 1:colcon.colcon_core.package_identification:_identify(ros2_thor/src/loki/loki_can_devices) by extension 'ignore_ament_install'
[0.599s] Level 1:colcon.colcon_core.package_identification:_identify(ros2_thor/src/loki/loki_can_devices) by extensions ['colcon_pkg']
[0.599s] Level 1:colcon.colcon_core.package_identification:_identify(ros2_thor/src/loki/loki_can_devices) by extension 'colcon_pkg'
[0.599s] Level 1:colcon.colcon_core.package_identification:_identify(ros2_thor/src/loki/loki_can_devices) by extensions ['colcon_meta']
[0.599s] Level 1:colcon.colcon_core.package_identification:_identify(ros2_thor/src/loki/loki_can_devices) by extension 'colcon_meta'
[0.599s] Level 1:colcon.colcon_core.package_identification:_identify(ros2_thor/src/loki/loki_can_devices) by extensions ['ros']
[0.599s] Level 1:colcon.colcon_core.package_identification:_identify(ros2_thor/src/loki/loki_can_devices) by extension 'ros'
[0.600s] DEBUG:colcon.colcon_core.package_identification:Package 'ros2_thor/src/loki/loki_can_devices' with type 'ros.ament_cmake' and name 'loki_can_devices'
[0.600s] Level 1:colcon.colcon_core.package_identification:_identify(ros2_thor/src/loki/loki_description) by extensions ['ignore', 'ignore_ament_install']
[0.600s] Level 1:colcon.colcon_core.package_identification:_identify(ros2_thor/src/loki/loki_description) by extension 'ignore'
[0.600s] Level 1:colcon.colcon_core.package_identification:_identify(ros2_thor/src/loki/loki_description) by extension 'ignore_ament_install'
[0.600s] Level 1:colcon.colcon_core.package_identification:_identify(ros2_thor/src/loki/loki_description) by extensions ['colcon_pkg']
[0.600s] Level 1:colcon.colcon_core.package_identification:_identify(ros2_thor/src/loki/loki_description) by extension 'colcon_pkg'
[0.600s] Level 1:colcon.colcon_core.package_identification:_identify(ros2_thor/src/loki/loki_description) by extensions ['colcon_meta']
[0.600s] Level 1:colcon.colcon_core.package_identification:_identify(ros2_thor/src/loki/loki_description) by extension 'colcon_meta'
[0.600s] Level 1:colcon.colcon_core.package_identification:_identify(ros2_thor/src/loki/loki_description) by extensions ['ros']
[0.600s] Level 1:colcon.colcon_core.package_identification:_identify(ros2_thor/src/loki/loki_description) by extension 'ros'
[0.600s] DEBUG:colcon.colcon_core.package_identification:Package 'ros2_thor/src/loki/loki_description' with type 'ros.ament_cmake' and name 'loki_description'
[0.600s] Level 1:colcon.colcon_core.package_identification:_identify(ros2_thor/src/loki/loki_msgs) by extensions ['ignore', 'ignore_ament_install']
[0.600s] Level 1:colcon.colcon_core.package_identification:_identify(ros2_thor/src/loki/loki_msgs) by extension 'ignore'
[0.600s] Level 1:colcon.colcon_core.package_identification:_identify(ros2_thor/src/loki/loki_msgs) by extension 'ignore_ament_install'
[0.600s] Level 1:colcon.colcon_core.package_identification:_identify(ros2_thor/src/loki/loki_msgs) by extensions ['colcon_pkg']
[0.601s] Level 1:colcon.colcon_core.package_identification:_identify(ros2_thor/src/loki/loki_msgs) by extension 'colcon_pkg'
[0.601s] Level 1:colcon.colcon_core.package_identification:_identify(ros2_thor/src/loki/loki_msgs) by extensions ['colcon_meta']
[0.601s] Level 1:colcon.colcon_core.package_identification:_identify(ros2_thor/src/loki/loki_msgs) by extension 'colcon_meta'
[0.601s] Level 1:colcon.colcon_core.package_identification:_identify(ros2_thor/src/loki/loki_msgs) by extensions ['ros']
[0.601s] Level 1:colcon.colcon_core.package_identification:_identify(ros2_thor/src/loki/loki_msgs) by extension 'ros'
[0.601s] DEBUG:colcon.colcon_core.package_identification:Package 'ros2_thor/src/loki/loki_msgs' with type 'ros.ament_cmake' and name 'loki_msgs'
[0.601s] Level 1:colcon.colcon_core.package_identification:_identify(ros2_thor/src/loki/loki_simulator) by extensions ['ignore', 'ignore_ament_install']
[0.601s] Level 1:colcon.colcon_core.package_identification:_identify(ros2_thor/src/loki/loki_simulator) by extension 'ignore'
[0.601s] Level 1:colcon.colcon_core.package_identification:_identify(ros2_thor/src/loki/loki_simulator) by extension 'ignore_ament_install'
[0.601s] Level 1:colcon.colcon_core.package_identification:_identify(ros2_thor/src/loki/loki_simulator) by extensions ['colcon_pkg']
[0.601s] Level 1:colcon.colcon_core.package_identification:_identify(ros2_thor/src/loki/loki_simulator) by extension 'colcon_pkg'
[0.601s] Level 1:colcon.colcon_core.package_identification:_identify(ros2_thor/src/loki/loki_simulator) by extensions ['colcon_meta']
[0.601s] Level 1:colcon.colcon_core.package_identification:_identify(ros2_thor/src/loki/loki_simulator) by extension 'colcon_meta'
[0.602s] Level 1:colcon.colcon_core.package_identification:_identify(ros2_thor/src/loki/loki_simulator) by extensions ['ros']
[0.602s] Level 1:colcon.colcon_core.package_identification:_identify(ros2_thor/src/loki/loki_simulator) by extension 'ros'
[0.602s] DEBUG:colcon.colcon_core.package_identification:Package 'ros2_thor/src/loki/loki_simulator' with type 'ros.ament_cmake' and name 'loki_simulator'
[0.602s] Level 1:colcon.colcon_core.package_identification:_identify(ros2_thor/src/loki/loki_teleop) by extensions ['ignore', 'ignore_ament_install']
[0.602s] Level 1:colcon.colcon_core.package_identification:_identify(ros2_thor/src/loki/loki_teleop) by extension 'ignore'
[0.602s] Level 1:colcon.colcon_core.package_identification:_identify(ros2_thor/src/loki/loki_teleop) by extension 'ignore_ament_install'
[0.602s] Level 1:colcon.colcon_core.package_identification:_identify(ros2_thor/src/loki/loki_teleop) by extensions ['colcon_pkg']
[0.602s] Level 1:colcon.colcon_core.package_identification:_identify(ros2_thor/src/loki/loki_teleop) by extension 'colcon_pkg'
[0.602s] Level 1:colcon.colcon_core.package_identification:_identify(ros2_thor/src/loki/loki_teleop) by extensions ['colcon_meta']
[0.602s] Level 1:colcon.colcon_core.package_identification:_identify(ros2_thor/src/loki/loki_teleop) by extension 'colcon_meta'
[0.602s] Level 1:colcon.colcon_core.package_identification:_identify(ros2_thor/src/loki/loki_teleop) by extensions ['ros']
[0.602s] Level 1:colcon.colcon_core.package_identification:_identify(ros2_thor/src/loki/loki_teleop) by extension 'ros'
[0.603s] DEBUG:colcon.colcon_core.package_identification:Package 'ros2_thor/src/loki/loki_teleop' with type 'ros.ament_python' and name 'loki_teleop'
[0.603s] Level 1:colcon.colcon_core.package_identification:_identify(ros2_thor/src/loki/loki_twist_mux) by extensions ['ignore', 'ignore_ament_install']
[0.603s] Level 1:colcon.colcon_core.package_identification:_identify(ros2_thor/src/loki/loki_twist_mux) by extension 'ignore'
[0.603s] Level 1:colcon.colcon_core.package_identification:_identify(ros2_thor/src/loki/loki_twist_mux) by extension 'ignore_ament_install'
[0.603s] Level 1:colcon.colcon_core.package_identification:_identify(ros2_thor/src/loki/loki_twist_mux) by extensions ['colcon_pkg']
[0.603s] Level 1:colcon.colcon_core.package_identification:_identify(ros2_thor/src/loki/loki_twist_mux) by extension 'colcon_pkg'
[0.603s] Level 1:colcon.colcon_core.package_identification:_identify(ros2_thor/src/loki/loki_twist_mux) by extensions ['colcon_meta']
[0.603s] Level 1:colcon.colcon_core.package_identification:_identify(ros2_thor/src/loki/loki_twist_mux) by extension 'colcon_meta'
[0.603s] Level 1:colcon.colcon_core.package_identification:_identify(ros2_thor/src/loki/loki_twist_mux) by extensions ['ros']
[0.603s] Level 1:colcon.colcon_core.package_identification:_identify(ros2_thor/src/loki/loki_twist_mux) by extension 'ros'
[0.603s] DEBUG:colcon.colcon_core.package_identification:Package 'ros2_thor/src/loki/loki_twist_mux' with type 'ros.ament_cmake' and name 'loki_twist_mux'
[0.603s] Level 1:colcon.colcon_core.package_identification:_identify(ros2_thor/src/loki/rasberry_gazebo) by extensions ['ignore', 'ignore_ament_install']
[0.603s] Level 1:colcon.colcon_core.package_identification:_identify(ros2_thor/src/loki/rasberry_gazebo) by extension 'ignore'
[0.604s] Level 1:colcon.colcon_core.package_identification:_identify(ros2_thor/src/loki/rasberry_gazebo) by extension 'ignore_ament_install'
[0.604s] Level 1:colcon.colcon_core.package_identification:_identify(ros2_thor/src/loki/rasberry_gazebo) by extensions ['colcon_pkg']
[0.604s] Level 1:colcon.colcon_core.package_identification:_identify(ros2_thor/src/loki/rasberry_gazebo) by extension 'colcon_pkg'
[0.604s] Level 1:colcon.colcon_core.package_identification:_identify(ros2_thor/src/loki/rasberry_gazebo) by extensions ['colcon_meta']
[0.604s] Level 1:colcon.colcon_core.package_identification:_identify(ros2_thor/src/loki/rasberry_gazebo) by extension 'colcon_meta'
[0.604s] Level 1:colcon.colcon_core.package_identification:_identify(ros2_thor/src/loki/rasberry_gazebo) by extensions ['ros']
[0.604s] Level 1:colcon.colcon_core.package_identification:_identify(ros2_thor/src/loki/rasberry_gazebo) by extension 'ros'
[0.604s] DEBUG:colcon.colcon_core.package_identification:Package 'ros2_thor/src/loki/rasberry_gazebo' with type 'ros.ament_cmake' and name 'rasberry_gazebo'
[0.605s] Level 1:colcon.colcon_core.package_identification:_identify(ros2_thor/src/loki/robot_bringup) by extensions ['ignore', 'ignore_ament_install']
[0.605s] Level 1:colcon.colcon_core.package_identification:_identify(ros2_thor/src/loki/robot_bringup) by extension 'ignore'
[0.605s] Level 1:colcon.colcon_core.package_identification:_identify(ros2_thor/src/loki/robot_bringup) by extension 'ignore_ament_install'
[0.605s] Level 1:colcon.colcon_core.package_identification:_identify(ros2_thor/src/loki/robot_bringup) by extensions ['colcon_pkg']
[0.605s] Level 1:colcon.colcon_core.package_identification:_identify(ros2_thor/src/loki/robot_bringup) by extension 'colcon_pkg'
[0.605s] Level 1:colcon.colcon_core.package_identification:_identify(ros2_thor/src/loki/robot_bringup) by extensions ['colcon_meta']
[0.605s] Level 1:colcon.colcon_core.package_identification:_identify(ros2_thor/src/loki/robot_bringup) by extension 'colcon_meta'
[0.605s] Level 1:colcon.colcon_core.package_identification:_identify(ros2_thor/src/loki/robot_bringup) by extensions ['ros']
[0.605s] Level 1:colcon.colcon_core.package_identification:_identify(ros2_thor/src/loki/robot_bringup) by extension 'ros'
[0.605s] DEBUG:colcon.colcon_core.package_identification:Package 'ros2_thor/src/loki/robot_bringup' with type 'ros.ament_cmake' and name 'robot_bringup'
[0.605s] Level 1:colcon.colcon_core.package_discovery:discover_packages(recursive) using defaults
[0.605s] Level 1:colcon.colcon_core.package_discovery:discover_packages(ignore) discover
[0.605s] Level 1:colcon.colcon_core.package_discovery:discover_packages(ignore) using defaults
[0.605s] Level 1:colcon.colcon_core.package_discovery:discover_packages(path) discover
[0.605s] Level 1:colcon.colcon_core.package_discovery:discover_packages(path) using defaults
[0.659s] Level 1:colcon.colcon_core.package_discovery:discover_packages(prefix_path) check parameters
[0.660s] Level 1:colcon.colcon_core.package_discovery:discover_packages(prefix_path) discover
[0.676s] DEBUG:colcon.colcon_installed_package_information.package_discovery:Found 330 installed packages in /opt/ros/humble
[0.677s] Level 1:colcon.colcon_core.package_discovery:discover_packages(prefix_path) using defaults
[0.734s] Level 5:colcon.colcon_core.verb:set package 'loki_description' build argument 'cmake_args' from command line to 'None'
[0.734s] Level 5:colcon.colcon_core.verb:set package 'loki_description' build argument 'cmake_target' from command line to 'None'
[0.734s] Level 5:colcon.colcon_core.verb:set package 'loki_description' build argument 'cmake_target_skip_unavailable' from command line to 'False'
[0.734s] Level 5:colcon.colcon_core.verb:set package 'loki_description' build argument 'cmake_clean_cache' from command line to 'False'
[0.734s] Level 5:colcon.colcon_core.verb:set package 'loki_description' build argument 'cmake_clean_first' from command line to 'False'
[0.734s] Level 5:colcon.colcon_core.verb:set package 'loki_description' build argument 'cmake_force_configure' from command line to 'False'
[0.734s] Level 5:colcon.colcon_core.verb:set package 'loki_description' build argument 'ament_cmake_args' from command line to 'None'
[0.734s] Level 5:colcon.colcon_core.verb:set package 'loki_description' build argument 'catkin_cmake_args' from command line to 'None'
[0.734s] Level 5:colcon.colcon_core.verb:set package 'loki_description' build argument 'catkin_skip_building_tests' from command line to 'False'
[0.734s] DEBUG:colcon.colcon_core.verb:Building package 'loki_description' with the following arguments: {'ament_cmake_args': None, 'build_base': '/home/odin/Documents/GitHub/saga_repo/build/loki_description', 'catkin_cmake_args': None, 'catkin_skip_building_tests': False, 'cmake_args': None, 'cmake_clean_cache': False, 'cmake_clean_first': False, 'cmake_force_configure': False, 'cmake_target': None, 'cmake_target_skip_unavailable': False, 'install_base': '/home/odin/Documents/GitHub/saga_repo/install/loki_description', 'merge_install': False, 'path': '/home/odin/Documents/GitHub/saga_repo/ros2_thor/src/loki/loki_description', 'symlink_install': False, 'test_result_base': None}
[0.742s] Level 5:colcon.colcon_core.verb:set package 'loki_teleop' build argument 'cmake_args' from command line to 'None'
[0.742s] Level 5:colcon.colcon_core.verb:set package 'loki_teleop' build argument 'cmake_target' from command line to 'None'
[0.742s] Level 5:colcon.colcon_core.verb:set package 'loki_teleop' build argument 'cmake_target_skip_unavailable' from command line to 'False'
[0.742s] Level 5:colcon.colcon_core.verb:set package 'loki_teleop' build argument 'cmake_clean_cache' from command line to 'False'
[0.742s] Level 5:colcon.colcon_core.verb:set package 'loki_teleop' build argument 'cmake_clean_first' from command line to 'False'
[0.742s] Level 5:colcon.colcon_core.verb:set package 'loki_teleop' build argument 'cmake_force_configure' from command line to 'False'
[0.742s] Level 5:colcon.colcon_core.verb:set package 'loki_teleop' build argument 'ament_cmake_args' from command line to 'None'
[0.742s] Level 5:colcon.colcon_core.verb:set package 'loki_teleop' build argument 'catkin_cmake_args' from command line to 'None'
[0.742s] Level 5:colcon.colcon_core.verb:set package 'loki_teleop' build argument 'catkin_skip_building_tests' from command line to 'False'
[0.743s] DEBUG:colcon.colcon_core.verb:Building package 'loki_teleop' with the following arguments: {'ament_cmake_args': None, 'build_base': '/home/odin/Documents/GitHub/saga_repo/build/loki_teleop', 'catkin_cmake_args': None, 'catkin_skip_building_tests': False, 'cmake_args': None, 'cmake_clean_cache': False, 'cmake_clean_first': False, 'cmake_force_configure': False, 'cmake_target': None, 'cmake_target_skip_unavailable': False, 'install_base': '/home/odin/Documents/GitHub/saga_repo/install/loki_teleop', 'merge_install': False, 'path': '/home/odin/Documents/GitHub/saga_repo/ros2_thor/src/loki/loki_teleop', 'symlink_install': False, 'test_result_base': None}
[0.750s] Level 5:colcon.colcon_core.verb:set package 'loki_twist_mux' build argument 'cmake_args' from command line to 'None'
[0.750s] Level 5:colcon.colcon_core.verb:set package 'loki_twist_mux' build argument 'cmake_target' from command line to 'None'
[0.750s] Level 5:colcon.colcon_core.verb:set package 'loki_twist_mux' build argument 'cmake_target_skip_unavailable' from command line to 'False'
[0.750s] Level 5:colcon.colcon_core.verb:set package 'loki_twist_mux' build argument 'cmake_clean_cache' from command line to 'False'
[0.750s] Level 5:colcon.colcon_core.verb:set package 'loki_twist_mux' build argument 'cmake_clean_first' from command line to 'False'
[0.750s] Level 5:colcon.colcon_core.verb:set package 'loki_twist_mux' build argument 'cmake_force_configure' from command line to 'False'
[0.750s] Level 5:colcon.colcon_core.verb:set package 'loki_twist_mux' build argument 'ament_cmake_args' from command line to 'None'
[0.750s] Level 5:colcon.colcon_core.verb:set package 'loki_twist_mux' build argument 'catkin_cmake_args' from command line to 'None'
[0.750s] Level 5:colcon.colcon_core.verb:set package 'loki_twist_mux' build argument 'catkin_skip_building_tests' from command line to 'False'
[0.750s] DEBUG:colcon.colcon_core.verb:Building package 'loki_twist_mux' with the following arguments: {'ament_cmake_args': None, 'build_base': '/home/odin/Documents/GitHub/saga_repo/build/loki_twist_mux', 'catkin_cmake_args': None, 'catkin_skip_building_tests': False, 'cmake_args': None, 'cmake_clean_cache': False, 'cmake_clean_first': False, 'cmake_force_configure': False, 'cmake_target': None, 'cmake_target_skip_unavailable': False, 'install_base': '/home/odin/Documents/GitHub/saga_repo/install/loki_twist_mux', 'merge_install': False, 'path': '/home/odin/Documents/GitHub/saga_repo/ros2_thor/src/loki/loki_twist_mux', 'symlink_install': False, 'test_result_base': None}
[0.758s] Level 5:colcon.colcon_core.verb:set package 'rasberry_gazebo' build argument 'cmake_args' from command line to 'None'
[0.758s] Level 5:colcon.colcon_core.verb:set package 'rasberry_gazebo' build argument 'cmake_target' from command line to 'None'
[0.758s] Level 5:colcon.colcon_core.verb:set package 'rasberry_gazebo' build argument 'cmake_target_skip_unavailable' from command line to 'False'
[0.758s] Level 5:colcon.colcon_core.verb:set package 'rasberry_gazebo' build argument 'cmake_clean_cache' from command line to 'False'
[0.758s] Level 5:colcon.colcon_core.verb:set package 'rasberry_gazebo' build argument 'cmake_clean_first' from command line to 'False'
[0.758s] Level 5:colcon.colcon_core.verb:set package 'rasberry_gazebo' build argument 'cmake_force_configure' from command line to 'False'
[0.758s] Level 5:colcon.colcon_core.verb:set package 'rasberry_gazebo' build argument 'ament_cmake_args' from command line to 'None'
[0.758s] Level 5:colcon.colcon_core.verb:set package 'rasberry_gazebo' build argument 'catkin_cmake_args' from command line to 'None'
[0.758s] Level 5:colcon.colcon_core.verb:set package 'rasberry_gazebo' build argument 'catkin_skip_building_tests' from command line to 'False'
[0.758s] DEBUG:colcon.colcon_core.verb:Building package 'rasberry_gazebo' with the following arguments: {'ament_cmake_args': None, 'build_base': '/home/odin/Documents/GitHub/saga_repo/build/rasberry_gazebo', 'catkin_cmake_args': None, 'catkin_skip_building_tests': False, 'cmake_args': None, 'cmake_clean_cache': False, 'cmake_clean_first': False, 'cmake_force_configure': False, 'cmake_target': None, 'cmake_target_skip_unavailable': False, 'install_base': '/home/odin/Documents/GitHub/saga_repo/install/rasberry_gazebo', 'merge_install': False, 'path': '/home/odin/Documents/GitHub/saga_repo/ros2_thor/src/loki/rasberry_gazebo', 'symlink_install': False, 'test_result_base': None}
[0.766s] Level 5:colcon.colcon_core.verb:set package 'loki_msgs' build argument 'cmake_args' from command line to 'None'
[0.766s] Level 5:colcon.colcon_core.verb:set package 'loki_msgs' build argument 'cmake_target' from command line to 'None'
[0.766s] Level 5:colcon.colcon_core.verb:set package 'loki_msgs' build argument 'cmake_target_skip_unavailable' from command line to 'False'
[0.766s] Level 5:colcon.colcon_core.verb:set package 'loki_msgs' build argument 'cmake_clean_cache' from command line to 'False'
[0.766s] Level 5:colcon.colcon_core.verb:set package 'loki_msgs' build argument 'cmake_clean_first' from command line to 'False'
[0.766s] Level 5:colcon.colcon_core.verb:set package 'loki_msgs' build argument 'cmake_force_configure' from command line to 'False'
[0.766s] Level 5:colcon.colcon_core.verb:set package 'loki_msgs' build argument 'ament_cmake_args' from command line to 'None'
[0.766s] Level 5:colcon.colcon_core.verb:set package 'loki_msgs' build argument 'catkin_cmake_args' from command line to 'None'
[0.766s] Level 5:colcon.colcon_core.verb:set package 'loki_msgs' build argument 'catkin_skip_building_tests' from command line to 'False'
[0.766s] DEBUG:colcon.colcon_core.verb:Building package 'loki_msgs' with the following arguments: {'ament_cmake_args': None, 'build_base': '/home/odin/Documents/GitHub/saga_repo/build/loki_msgs', 'catkin_cmake_args': None, 'catkin_skip_building_tests': False, 'cmake_args': None, 'cmake_clean_cache': False, 'cmake_clean_first': False, 'cmake_force_configure': False, 'cmake_target': None, 'cmake_target_skip_unavailable': False, 'install_base': '/home/odin/Documents/GitHub/saga_repo/install/loki_msgs', 'merge_install': False, 'path': '/home/odin/Documents/GitHub/saga_repo/ros2_thor/src/loki/loki_msgs', 'symlink_install': False, 'test_result_base': None}
[0.774s] Level 5:colcon.colcon_core.verb:set package 'loki_can_devices' build argument 'cmake_args' from command line to 'None'
[0.774s] Level 5:colcon.colcon_core.verb:set package 'loki_can_devices' build argument 'cmake_target' from command line to 'None'
[0.774s] Level 5:colcon.colcon_core.verb:set package 'loki_can_devices' build argument 'cmake_target_skip_unavailable' from command line to 'False'
[0.774s] Level 5:colcon.colcon_core.verb:set package 'loki_can_devices' build argument 'cmake_clean_cache' from command line to 'False'
[0.774s] Level 5:colcon.colcon_core.verb:set package 'loki_can_devices' build argument 'cmake_clean_first' from command line to 'False'
[0.774s] Level 5:colcon.colcon_core.verb:set package 'loki_can_devices' build argument 'cmake_force_configure' from command line to 'False'
[0.774s] Level 5:colcon.colcon_core.verb:set package 'loki_can_devices' build argument 'ament_cmake_args' from command line to 'None'
[0.774s] Level 5:colcon.colcon_core.verb:set package 'loki_can_devices' build argument 'catkin_cmake_args' from command line to 'None'
[0.774s] Level 5:colcon.colcon_core.verb:set package 'loki_can_devices' build argument 'catkin_skip_building_tests' from command line to 'False'
[0.774s] DEBUG:colcon.colcon_core.verb:Building package 'loki_can_devices' with the following arguments: {'ament_cmake_args': None, 'build_base': '/home/odin/Documents/GitHub/saga_repo/build/loki_can_devices', 'catkin_cmake_args': None, 'catkin_skip_building_tests': False, 'cmake_args': None, 'cmake_clean_cache': False, 'cmake_clean_first': False, 'cmake_force_configure': False, 'cmake_target': None, 'cmake_target_skip_unavailable': False, 'install_base': '/home/odin/Documents/GitHub/saga_repo/install/loki_can_devices', 'merge_install': False, 'path': '/home/odin/Documents/GitHub/saga_repo/ros2_thor/src/loki/loki_can_devices', 'symlink_install': False, 'test_result_base': None}
[0.782s] Level 5:colcon.colcon_core.verb:set package 'loki_base' build argument 'cmake_args' from command line to 'None'
[0.782s] Level 5:colcon.colcon_core.verb:set package 'loki_base' build argument 'cmake_target' from command line to 'None'
[0.782s] Level 5:colcon.colcon_core.verb:set package 'loki_base' build argument 'cmake_target_skip_unavailable' from command line to 'False'
[0.782s] Level 5:colcon.colcon_core.verb:set package 'loki_base' build argument 'cmake_clean_cache' from command line to 'False'
[0.782s] Level 5:colcon.colcon_core.verb:set package 'loki_base' build argument 'cmake_clean_first' from command line to 'False'
[0.782s] Level 5:colcon.colcon_core.verb:set package 'loki_base' build argument 'cmake_force_configure' from command line to 'False'
[0.782s] Level 5:colcon.colcon_core.verb:set package 'loki_base' build argument 'ament_cmake_args' from command line to 'None'
[0.782s] Level 5:colcon.colcon_core.verb:set package 'loki_base' build argument 'catkin_cmake_args' from command line to 'None'
[0.782s] Level 5:colcon.colcon_core.verb:set package 'loki_base' build argument 'catkin_skip_building_tests' from command line to 'False'
[0.782s] DEBUG:colcon.colcon_core.verb:Building package 'loki_base' with the following arguments: {'ament_cmake_args': None, 'build_base': '/home/odin/Documents/GitHub/saga_repo/build/loki_base', 'catkin_cmake_args': None, 'catkin_skip_building_tests': False, 'cmake_args': None, 'cmake_clean_cache': False, 'cmake_clean_first': False, 'cmake_force_configure': False, 'cmake_target': None, 'cmake_target_skip_unavailable': False, 'install_base': '/home/odin/Documents/GitHub/saga_repo/install/loki_base', 'merge_install': False, 'path': '/home/odin/Documents/GitHub/saga_repo/ros2_thor/src/loki/loki_base', 'symlink_install': False, 'test_result_base': None}
[0.790s] Level 5:colcon.colcon_core.verb:set package 'loki_simulator' build argument 'cmake_args' from command line to 'None'
[0.790s] Level 5:colcon.colcon_core.verb:set package 'loki_simulator' build argument 'cmake_target' from command line to 'None'
[0.790s] Level 5:colcon.colcon_core.verb:set package 'loki_simulator' build argument 'cmake_target_skip_unavailable' from command line to 'False'
[0.790s] Level 5:colcon.colcon_core.verb:set package 'loki_simulator' build argument 'cmake_clean_cache' from command line to 'False'
[0.790s] Level 5:colcon.colcon_core.verb:set package 'loki_simulator' build argument 'cmake_clean_first' from command line to 'False'
[0.790s] Level 5:colcon.colcon_core.verb:set package 'loki_simulator' build argument 'cmake_force_configure' from command line to 'False'
[0.790s] Level 5:colcon.colcon_core.verb:set package 'loki_simulator' build argument 'ament_cmake_args' from command line to 'None'
[0.790s] Level 5:colcon.colcon_core.verb:set package 'loki_simulator' build argument 'catkin_cmake_args' from command line to 'None'
[0.790s] Level 5:colcon.colcon_core.verb:set package 'loki_simulator' build argument 'catkin_skip_building_tests' from command line to 'False'
[0.790s] DEBUG:colcon.colcon_core.verb:Building package 'loki_simulator' with the following arguments: {'ament_cmake_args': None, 'build_base': '/home/odin/Documents/GitHub/saga_repo/build/loki_simulator', 'catkin_cmake_args': None, 'catkin_skip_building_tests': False, 'cmake_args': None, 'cmake_clean_cache': False, 'cmake_clean_first': False, 'cmake_force_configure': False, 'cmake_target': None, 'cmake_target_skip_unavailable': False, 'install_base': '/home/odin/Documents/GitHub/saga_repo/install/loki_simulator', 'merge_install': False, 'path': '/home/odin/Documents/GitHub/saga_repo/ros2_thor/src/loki/loki_simulator', 'symlink_install': False, 'test_result_base': None}
[0.798s] Level 5:colcon.colcon_core.verb:set package 'robot_bringup' build argument 'cmake_args' from command line to 'None'
[0.798s] Level 5:colcon.colcon_core.verb:set package 'robot_bringup' build argument 'cmake_target' from command line to 'None'
[0.798s] Level 5:colcon.colcon_core.verb:set package 'robot_bringup' build argument 'cmake_target_skip_unavailable' from command line to 'False'
[0.798s] Level 5:colcon.colcon_core.verb:set package 'robot_bringup' build argument 'cmake_clean_cache' from command line to 'False'
[0.798s] Level 5:colcon.colcon_core.verb:set package 'robot_bringup' build argument 'cmake_clean_first' from command line to 'False'
[0.798s] Level 5:colcon.colcon_core.verb:set package 'robot_bringup' build argument 'cmake_force_configure' from command line to 'False'
[0.798s] Level 5:colcon.colcon_core.verb:set package 'robot_bringup' build argument 'ament_cmake_args' from command line to 'None'
[0.798s] Level 5:colcon.colcon_core.verb:set package 'robot_bringup' build argument 'catkin_cmake_args' from command line to 'None'
[0.798s] Level 5:colcon.colcon_core.verb:set package 'robot_bringup' build argument 'catkin_skip_building_tests' from command line to 'False'
[0.798s] DEBUG:colcon.colcon_core.verb:Building package 'robot_bringup' with the following arguments: {'ament_cmake_args': None, 'build_base': '/home/odin/Documents/GitHub/saga_repo/build/robot_bringup', 'catkin_cmake_args': None, 'catkin_skip_building_tests': False, 'cmake_args': None, 'cmake_clean_cache': False, 'cmake_clean_first': False, 'cmake_force_configure': False, 'cmake_target': None, 'cmake_target_skip_unavailable': False, 'install_base': '/home/odin/Documents/GitHub/saga_repo/install/robot_bringup', 'merge_install': False, 'path': '/home/odin/Documents/GitHub/saga_repo/ros2_thor/src/loki/robot_bringup', 'symlink_install': False, 'test_result_base': None}
[0.806s] Level 5:colcon.colcon_core.verb:set package 'loki_bringup' build argument 'cmake_args' from command line to 'None'
[0.806s] Level 5:colcon.colcon_core.verb:set package 'loki_bringup' build argument 'cmake_target' from command line to 'None'
[0.806s] Level 5:colcon.colcon_core.verb:set package 'loki_bringup' build argument 'cmake_target_skip_unavailable' from command line to 'False'
[0.806s] Level 5:colcon.colcon_core.verb:set package 'loki_bringup' build argument 'cmake_clean_cache' from command line to 'False'
[0.806s] Level 5:colcon.colcon_core.verb:set package 'loki_bringup' build argument 'cmake_clean_first' from command line to 'False'
[0.806s] Level 5:colcon.colcon_core.verb:set package 'loki_bringup' build argument 'cmake_force_configure' from command line to 'False'
[0.806s] Level 5:colcon.colcon_core.verb:set package 'loki_bringup' build argument 'ament_cmake_args' from command line to 'None'
[0.806s] Level 5:colcon.colcon_core.verb:set package 'loki_bringup' build argument 'catkin_cmake_args' from command line to 'None'
[0.806s] Level 5:colcon.colcon_core.verb:set package 'loki_bringup' build argument 'catkin_skip_building_tests' from command line to 'False'
[0.806s] DEBUG:colcon.colcon_core.verb:Building package 'loki_bringup' with the following arguments: {'ament_cmake_args': None, 'build_base': '/home/odin/Documents/GitHub/saga_repo/build/loki_bringup', 'catkin_cmake_args': None, 'catkin_skip_building_tests': False, 'cmake_args': None, 'cmake_clean_cache': False, 'cmake_clean_first': False, 'cmake_force_configure': False, 'cmake_target': None, 'cmake_target_skip_unavailable': False, 'install_base': '/home/odin/Documents/GitHub/saga_repo/install/loki_bringup', 'merge_install': False, 'path': '/home/odin/Documents/GitHub/saga_repo/ros2_thor/src/loki/loki_bringup', 'symlink_install': False, 'test_result_base': None}
[0.813s] INFO:colcon.colcon_core.executor:Executing jobs using 'parallel' executor
[0.822s] DEBUG:colcon.colcon_parallel_executor.executor.parallel:run_until_complete
[0.822s] INFO:colcon.colcon_ros.task.ament_cmake.build:Building ROS package in '/home/odin/Documents/GitHub/saga_repo/ros2_thor/src/loki/loki_description' with build type 'ament_cmake'
[0.822s] INFO:colcon.colcon_cmake.task.cmake.build:Building CMake package in '/home/odin/Documents/GitHub/saga_repo/ros2_thor/src/loki/loki_description'
[0.831s] INFO:colcon.colcon_core.plugin_system:Skipping extension 'colcon_core.shell.bat': Not used on non-Windows systems
[0.831s] INFO:colcon.colcon_core.shell:Skip shell extension 'powershell' for command environment: Not usable outside of PowerShell
[0.831s] DEBUG:colcon.colcon_core.shell:Skip shell extension 'dsv' for command environment
[0.849s] INFO:colcon.colcon_ros.task.ament_python.build:Building ROS package in '/home/odin/Documents/GitHub/saga_repo/ros2_thor/src/loki/loki_teleop' with build type 'ament_python'
[0.850s] Level 1:colcon.colcon_core.shell:create_environment_hook('loki_teleop', 'ament_prefix_path')
[0.859s] INFO:colcon.colcon_core.shell:Creating environment hook '/home/odin/Documents/GitHub/saga_repo/install/loki_teleop/share/loki_teleop/hook/ament_prefix_path.ps1'
[0.859s] INFO:colcon.colcon_core.shell:Creating environment descriptor '/home/odin/Documents/GitHub/saga_repo/install/loki_teleop/share/loki_teleop/hook/ament_prefix_path.dsv'
[0.859s] INFO:colcon.colcon_core.shell:Creating environment hook '/home/odin/Documents/GitHub/saga_repo/install/loki_teleop/share/loki_teleop/hook/ament_prefix_path.sh'
[0.868s] INFO:colcon.colcon_core.shell:Skip shell extension 'powershell' for command environment: Not usable outside of PowerShell
[0.868s] DEBUG:colcon.colcon_core.shell:Skip shell extension 'dsv' for command environment
[0.885s] INFO:colcon.colcon_ros.task.ament_cmake.build:Building ROS package in '/home/odin/Documents/GitHub/saga_repo/ros2_thor/src/loki/loki_twist_mux' with build type 'ament_cmake'
[0.885s] INFO:colcon.colcon_cmake.task.cmake.build:Building CMake package in '/home/odin/Documents/GitHub/saga_repo/ros2_thor/src/loki/loki_twist_mux'
[0.894s] INFO:colcon.colcon_core.shell:Skip shell extension 'powershell' for command environment: Not usable outside of PowerShell
[0.894s] DEBUG:colcon.colcon_core.shell:Skip shell extension 'dsv' for command environment
[0.912s] INFO:colcon.colcon_ros.task.ament_cmake.build:Building ROS package in '/home/odin/Documents/GitHub/saga_repo/ros2_thor/src/loki/rasberry_gazebo' with build type 'ament_cmake'
[0.912s] INFO:colcon.colcon_cmake.task.cmake.build:Building CMake package in '/home/odin/Documents/GitHub/saga_repo/ros2_thor/src/loki/rasberry_gazebo'
[0.920s] INFO:colcon.colcon_core.shell:Skip shell extension 'powershell' for command environment: Not usable outside of PowerShell
[0.920s] DEBUG:colcon.colcon_core.shell:Skip shell extension 'dsv' for command environment
[0.942s] DEBUG:colcon.colcon_core.event_handler.log_command:Invoking command in '/home/odin/Documents/GitHub/saga_repo/build/loki_description': CMAKE_PREFIX_PATH=/opt/ros/humble /usr/bin/cmake --build /home/odin/Documents/GitHub/saga_repo/build/loki_description -- -j8 -l8
[1.100s] INFO:colcon.colcon_core.task.python.build:Building Python package in '/home/odin/Documents/GitHub/saga_repo/ros2_thor/src/loki/loki_teleop'
[1.116s] INFO:colcon.colcon_core.shell:Skip shell extension 'powershell' for command environment: Not usable outside of PowerShell
[1.116s] DEBUG:colcon.colcon_core.shell:Skip shell extension 'dsv' for command environment
[1.137s] DEBUG:colcon.colcon_core.event_handler.log_command:Invoking command in '/home/odin/Documents/GitHub/saga_repo/build/loki_twist_mux': CMAKE_PREFIX_PATH=/opt/ros/humble /usr/bin/cmake --build /home/odin/Documents/GitHub/saga_repo/build/loki_twist_mux -- -j8 -l8
[1.140s] DEBUG:colcon.colcon_core.event_handler.log_command:Invoking command in '/home/odin/Documents/GitHub/saga_repo/build/rasberry_gazebo': CMAKE_PREFIX_PATH=/opt/ros/humble /usr/bin/cmake /home/odin/Documents/GitHub/saga_repo/ros2_thor/src/loki/rasberry_gazebo -DCMAKE_INSTALL_PREFIX=/home/odin/Documents/GitHub/saga_repo/install/rasberry_gazebo
[1.141s] DEBUG:colcon.colcon_core.event_handler.log_command:Invoked command in '/home/odin/Documents/GitHub/saga_repo/build/loki_description' returned '0': CMAKE_PREFIX_PATH=/opt/ros/humble /usr/bin/cmake --build /home/odin/Documents/GitHub/saga_repo/build/loki_description -- -j8 -l8
[1.168s] DEBUG:colcon.colcon_core.event_handler.log_command:Invoking command in '/home/odin/Documents/GitHub/saga_repo/build/loki_description': CMAKE_PREFIX_PATH=/opt/ros/humble /usr/bin/cmake --install /home/odin/Documents/GitHub/saga_repo/build/loki_description
[1.169s] DEBUG:colcon.colcon_core.event_handler.log_command:Invoked command in '/home/odin/Documents/GitHub/saga_repo/build/loki_twist_mux' returned '0': CMAKE_PREFIX_PATH=/opt/ros/humble /usr/bin/cmake --build /home/odin/Documents/GitHub/saga_repo/build/loki_twist_mux -- -j8 -l8
[1.176s] Level 1:colcon.colcon_core.environment:create_environment_scripts_only(loki_description)
[1.176s] DEBUG:colcon.colcon_core.event_handler.log_command:Invoked command in '/home/odin/Documents/GitHub/saga_repo/build/loki_description' returned '0': CMAKE_PREFIX_PATH=/opt/ros/humble /usr/bin/cmake --install /home/odin/Documents/GitHub/saga_repo/build/loki_description
[1.187s] Level 1:colcon.colcon_core.environment:checking '/home/odin/Documents/GitHub/saga_repo/install/loki_description' for CMake module files
[1.187s] Level 1:colcon.colcon_core.environment:checking '/home/odin/Documents/GitHub/saga_repo/install/loki_description' for CMake config files
[1.187s] Level 1:colcon.colcon_core.shell:create_environment_hook('loki_description', 'cmake_prefix_path')
[1.197s] INFO:colcon.colcon_core.shell:Creating environment hook '/home/odin/Documents/GitHub/saga_repo/install/loki_description/share/loki_description/hook/cmake_prefix_path.ps1'
[1.197s] INFO:colcon.colcon_core.shell:Creating environment descriptor '/home/odin/Documents/GitHub/saga_repo/install/loki_description/share/loki_description/hook/cmake_prefix_path.dsv'
[1.197s] INFO:colcon.colcon_core.shell:Creating environment hook '/home/odin/Documents/GitHub/saga_repo/install/loki_description/share/loki_description/hook/cmake_prefix_path.sh'
[1.198s] Level 1:colcon.colcon_core.environment:checking '/home/odin/Documents/GitHub/saga_repo/install/loki_description/bin'
[1.198s] Level 1:colcon.colcon_core.environment:checking '/home/odin/Documents/GitHub/saga_repo/install/loki_description/lib/pkgconfig/loki_description.pc'
[1.198s] Level 1:colcon.colcon_core.environment:checking '/home/odin/Documents/GitHub/saga_repo/install/loki_description/lib/python3.10/site-packages'
[1.198s] Level 1:colcon.colcon_core.environment:checking '/home/odin/Documents/GitHub/saga_repo/install/loki_description/bin'
[1.207s] INFO:colcon.colcon_core.shell:Creating package script '/home/odin/Documents/GitHub/saga_repo/install/loki_description/share/loki_description/package.ps1'
[1.208s] INFO:colcon.colcon_core.shell:Creating package descriptor '/home/odin/Documents/GitHub/saga_repo/install/loki_description/share/loki_description/package.dsv'
[1.208s] INFO:colcon.colcon_core.shell:Creating package script '/home/odin/Documents/GitHub/saga_repo/install/loki_description/share/loki_description/package.sh'
[1.209s] INFO:colcon.colcon_core.shell:Creating package script '/home/odin/Documents/GitHub/saga_repo/install/loki_description/share/loki_description/package.bash'
[1.209s] INFO:colcon.colcon_core.shell:Creating package script '/home/odin/Documents/GitHub/saga_repo/install/loki_description/share/loki_description/package.zsh'
[1.210s] Level 1:colcon.colcon_core.environment:create_file_with_runtime_dependencies(/home/odin/Documents/GitHub/saga_repo/install/loki_description/share/colcon-core/packages/loki_description)
[1.212s] DEBUG:colcon.colcon_core.event_handler.log_command:Invoking command in '/home/odin/Documents/GitHub/saga_repo/build/loki_twist_mux': CMAKE_PREFIX_PATH=/opt/ros/humble /usr/bin/cmake --install /home/odin/Documents/GitHub/saga_repo/build/loki_twist_mux
[1.234s] Level 1:colcon.colcon_core.environment:create_environment_scripts_only(loki_description)
[1.243s] Level 1:colcon.colcon_core.environment:checking '/home/odin/Documents/GitHub/saga_repo/install/loki_description' for CMake module files
[1.243s] Level 1:colcon.colcon_core.environment:checking '/home/odin/Documents/GitHub/saga_repo/install/loki_description' for CMake config files
[1.243s] Level 1:colcon.colcon_core.shell:create_environment_hook('loki_description', 'cmake_prefix_path')
[1.253s] INFO:colcon.colcon_core.shell:Creating environment hook '/home/odin/Documents/GitHub/saga_repo/install/loki_description/share/loki_description/hook/cmake_prefix_path.ps1'
[1.253s] INFO:colcon.colcon_core.shell:Creating environment descriptor '/home/odin/Documents/GitHub/saga_repo/install/loki_description/share/loki_description/hook/cmake_prefix_path.dsv'
[1.253s] INFO:colcon.colcon_core.shell:Creating environment hook '/home/odin/Documents/GitHub/saga_repo/install/loki_description/share/loki_description/hook/cmake_prefix_path.sh'
[1.254s] Level 1:colcon.colcon_core.environment:checking '/home/odin/Documents/GitHub/saga_repo/install/loki_description/bin'
[1.254s] Level 1:colcon.colcon_core.environment:checking '/home/odin/Documents/GitHub/saga_repo/install/loki_description/lib/pkgconfig/loki_description.pc'
[1.254s] Level 1:colcon.colcon_core.environment:checking '/home/odin/Documents/GitHub/saga_repo/install/loki_description/lib/python3.10/site-packages'
[1.254s] Level 1:colcon.colcon_core.environment:checking '/home/odin/Documents/GitHub/saga_repo/install/loki_description/bin'
[1.263s] INFO:colcon.colcon_core.shell:Creating package script '/home/odin/Documents/GitHub/saga_repo/install/loki_description/share/loki_description/package.ps1'
[1.264s] INFO:colcon.colcon_core.shell:Creating package descriptor '/home/odin/Documents/GitHub/saga_repo/install/loki_description/share/loki_description/package.dsv'
[1.264s] INFO:colcon.colcon_core.shell:Creating package script '/home/odin/Documents/GitHub/saga_repo/install/loki_description/share/loki_description/package.sh'
[1.264s] INFO:colcon.colcon_core.shell:Creating package script '/home/odin/Documents/GitHub/saga_repo/install/loki_description/share/loki_description/package.bash'
[1.264s] INFO:colcon.colcon_core.shell:Creating package script '/home/odin/Documents/GitHub/saga_repo/install/loki_description/share/loki_description/package.zsh'
[1.265s] Level 1:colcon.colcon_core.environment:create_file_with_runtime_dependencies(/home/odin/Documents/GitHub/saga_repo/install/loki_description/share/colcon-core/packages/loki_description)
[1.265s] INFO:colcon.colcon_ros.task.ament_cmake.build:Building ROS package in '/home/odin/Documents/GitHub/saga_repo/ros2_thor/src/loki/loki_msgs' with build type 'ament_cmake'
[1.265s] INFO:colcon.colcon_cmake.task.cmake.build:Building CMake package in '/home/odin/Documents/GitHub/saga_repo/ros2_thor/src/loki/loki_msgs'
[1.274s] INFO:colcon.colcon_core.shell:Skip shell extension 'powershell' for command environment: Not usable outside of PowerShell
[1.274s] DEBUG:colcon.colcon_core.shell:Skip shell extension 'dsv' for command environment
[1.297s] Level 1:colcon.colcon_core.environment:create_environment_scripts_only(loki_twist_mux)
[1.297s] DEBUG:colcon.colcon_core.event_handler.log_command:Invoked command in '/home/odin/Documents/GitHub/saga_repo/build/loki_twist_mux' returned '0': CMAKE_PREFIX_PATH=/opt/ros/humble /usr/bin/cmake --install /home/odin/Documents/GitHub/saga_repo/build/loki_twist_mux
[1.309s] Level 1:colcon.colcon_core.environment:checking '/home/odin/Documents/GitHub/saga_repo/install/loki_twist_mux' for CMake module files
[1.309s] Level 1:colcon.colcon_core.environment:checking '/home/odin/Documents/GitHub/saga_repo/install/loki_twist_mux' for CMake config files
[1.309s] Level 1:colcon.colcon_core.shell:create_environment_hook('loki_twist_mux', 'cmake_prefix_path')
[1.318s] INFO:colcon.colcon_core.shell:Creating environment hook '/home/odin/Documents/GitHub/saga_repo/install/loki_twist_mux/share/loki_twist_mux/hook/cmake_prefix_path.ps1'
[1.318s] INFO:colcon.colcon_core.shell:Creating environment descriptor '/home/odin/Documents/GitHub/saga_repo/install/loki_twist_mux/share/loki_twist_mux/hook/cmake_prefix_path.dsv'
[1.319s] INFO:colcon.colcon_core.shell:Creating environment hook '/home/odin/Documents/GitHub/saga_repo/install/loki_twist_mux/share/loki_twist_mux/hook/cmake_prefix_path.sh'
[1.319s] Level 1:colcon.colcon_core.environment:checking '/home/odin/Documents/GitHub/saga_repo/install/loki_twist_mux/bin'
[1.319s] Level 1:colcon.colcon_core.environment:checking '/home/odin/Documents/GitHub/saga_repo/install/loki_twist_mux/lib/pkgconfig/loki_twist_mux.pc'
[1.319s] Level 1:colcon.colcon_core.environment:checking '/home/odin/Documents/GitHub/saga_repo/install/loki_twist_mux/lib/python3.10/site-packages'
[1.319s] Level 1:colcon.colcon_core.environment:checking '/home/odin/Documents/GitHub/saga_repo/install/loki_twist_mux/bin'
[1.328s] INFO:colcon.colcon_core.shell:Creating package script '/home/odin/Documents/GitHub/saga_repo/install/loki_twist_mux/share/loki_twist_mux/package.ps1'
[1.329s] INFO:colcon.colcon_core.shell:Creating package descriptor '/home/odin/Documents/GitHub/saga_repo/install/loki_twist_mux/share/loki_twist_mux/package.dsv'
[1.329s] INFO:colcon.colcon_core.shell:Creating package script '/home/odin/Documents/GitHub/saga_repo/install/loki_twist_mux/share/loki_twist_mux/package.sh'
[1.329s] INFO:colcon.colcon_core.shell:Creating package script '/home/odin/Documents/GitHub/saga_repo/install/loki_twist_mux/share/loki_twist_mux/package.bash'
[1.329s] INFO:colcon.colcon_core.shell:Creating package script '/home/odin/Documents/GitHub/saga_repo/install/loki_twist_mux/share/loki_twist_mux/package.zsh'
[1.330s] Level 1:colcon.colcon_core.environment:create_file_with_runtime_dependencies(/home/odin/Documents/GitHub/saga_repo/install/loki_twist_mux/share/colcon-core/packages/loki_twist_mux)
[1.334s] DEBUG:colcon.colcon_core.event_handler.log_command:Invoking command in '/home/odin/Documents/GitHub/saga_repo/build/loki_msgs': AMENT_PREFIX_PATH=/home/odin/Documents/GitHub/saga_repo/install/loki_description:${AMENT_PREFIX_PATH} CMAKE_PREFIX_PATH=/home/odin/Documents/GitHub/saga_repo/install/loki_description:/opt/ros/humble /usr/bin/cmake --build /home/odin/Documents/GitHub/saga_repo/build/loki_msgs -- -j8 -l8
[1.361s] Level 1:colcon.colcon_core.environment:create_environment_scripts_only(loki_twist_mux)
[1.376s] Level 1:colcon.colcon_core.environment:checking '/home/odin/Documents/GitHub/saga_repo/install/loki_twist_mux' for CMake module files
[1.377s] Level 1:colcon.colcon_core.environment:checking '/home/odin/Documents/GitHub/saga_repo/install/loki_twist_mux' for CMake config files
[1.377s] Level 1:colcon.colcon_core.shell:create_environment_hook('loki_twist_mux', 'cmake_prefix_path')
[1.392s] INFO:colcon.colcon_core.shell:Creating environment hook '/home/odin/Documents/GitHub/saga_repo/install/loki_twist_mux/share/loki_twist_mux/hook/cmake_prefix_path.ps1'
[1.393s] INFO:colcon.colcon_core.shell:Creating environment descriptor '/home/odin/Documents/GitHub/saga_repo/install/loki_twist_mux/share/loki_twist_mux/hook/cmake_prefix_path.dsv'
[1.394s] INFO:colcon.colcon_core.shell:Creating environment hook '/home/odin/Documents/GitHub/saga_repo/install/loki_twist_mux/share/loki_twist_mux/hook/cmake_prefix_path.sh'
[1.394s] Level 1:colcon.colcon_core.environment:checking '/home/odin/Documents/GitHub/saga_repo/install/loki_twist_mux/bin'
[1.394s] Level 1:colcon.colcon_core.environment:checking '/home/odin/Documents/GitHub/saga_repo/install/loki_twist_mux/lib/pkgconfig/loki_twist_mux.pc'
[1.395s] Level 1:colcon.colcon_core.environment:checking '/home/odin/Documents/GitHub/saga_repo/install/loki_twist_mux/lib/python3.10/site-packages'
[1.395s] Level 1:colcon.colcon_core.environment:checking '/home/odin/Documents/GitHub/saga_repo/install/loki_twist_mux/bin'
[1.411s] INFO:colcon.colcon_core.shell:Creating package script '/home/odin/Documents/GitHub/saga_repo/install/loki_twist_mux/share/loki_twist_mux/package.ps1'
[1.411s] INFO:colcon.colcon_core.shell:Creating package descriptor '/home/odin/Documents/GitHub/saga_repo/install/loki_twist_mux/share/loki_twist_mux/package.dsv'
[1.412s] INFO:colcon.colcon_core.shell:Creating package script '/home/odin/Documents/GitHub/saga_repo/install/loki_twist_mux/share/loki_twist_mux/package.sh'
[1.412s] INFO:colcon.colcon_core.shell:Creating package script '/home/odin/Documents/GitHub/saga_repo/install/loki_twist_mux/share/loki_twist_mux/package.bash'
[1.413s] INFO:colcon.colcon_core.shell:Creating package script '/home/odin/Documents/GitHub/saga_repo/install/loki_twist_mux/share/loki_twist_mux/package.zsh'
[1.413s] Level 1:colcon.colcon_core.environment:create_file_with_runtime_dependencies(/home/odin/Documents/GitHub/saga_repo/install/loki_twist_mux/share/colcon-core/packages/loki_twist_mux)
[1.415s] DEBUG:colcon.colcon_core.event_handler.log_command:Invoking command in '/home/odin/Documents/GitHub/saga_repo/ros2_thor/src/loki/loki_teleop': PYTHONPATH=/home/odin/Documents/GitHub/saga_repo/build/loki_teleop/prefix_override:/home/odin/Documents/GitHub/saga_repo/install/loki_teleop/lib/python3.10/site-packages:${PYTHONPATH} /usr/bin/python3 setup.py egg_info --egg-base ../../../../build/loki_teleop build --build-base /home/odin/Documents/GitHub/saga_repo/build/loki_teleop/build install --record /home/odin/Documents/GitHub/saga_repo/build/loki_teleop/install.log --single-version-externally-managed
[1.616s] DEBUG:colcon.colcon_core.event_handler.log_command:Invoked command in '/home/odin/Documents/GitHub/saga_repo/ros2_thor/src/loki/loki_teleop' returned '0': PYTHONPATH=/home/odin/Documents/GitHub/saga_repo/build/loki_teleop/prefix_override:/home/odin/Documents/GitHub/saga_repo/install/loki_teleop/lib/python3.10/site-packages:${PYTHONPATH} /usr/bin/python3 setup.py egg_info --egg-base ../../../../build/loki_teleop build --build-base /home/odin/Documents/GitHub/saga_repo/build/loki_teleop/build install --record /home/odin/Documents/GitHub/saga_repo/build/loki_teleop/install.log --single-version-externally-managed
[1.625s] Level 1:colcon.colcon_core.environment:checking '/home/odin/Documents/GitHub/saga_repo/install/loki_teleop' for CMake module files
[1.626s] Level 1:colcon.colcon_core.environment:checking '/home/odin/Documents/GitHub/saga_repo/install/loki_teleop' for CMake config files
[1.626s] Level 1:colcon.colcon_core.environment:checking '/home/odin/Documents/GitHub/saga_repo/install/loki_teleop/lib'
[1.626s] Level 1:colcon.colcon_core.environment:checking '/home/odin/Documents/GitHub/saga_repo/install/loki_teleop/bin'
[1.626s] Level 1:colcon.colcon_core.environment:checking '/home/odin/Documents/GitHub/saga_repo/install/loki_teleop/lib/pkgconfig/loki_teleop.pc'
[1.626s] Level 1:colcon.colcon_core.environment:checking '/home/odin/Documents/GitHub/saga_repo/install/loki_teleop/lib/python3.10/site-packages'
[1.626s] Level 1:colcon.colcon_core.shell:create_environment_hook('loki_teleop', 'pythonpath')
[1.635s] INFO:colcon.colcon_core.shell:Creating environment hook '/home/odin/Documents/GitHub/saga_repo/install/loki_teleop/share/loki_teleop/hook/pythonpath.ps1'
[1.636s] INFO:colcon.colcon_core.shell:Creating environment descriptor '/home/odin/Documents/GitHub/saga_repo/install/loki_teleop/share/loki_teleop/hook/pythonpath.dsv'
[1.636s] INFO:colcon.colcon_core.shell:Creating environment hook '/home/odin/Documents/GitHub/saga_repo/install/loki_teleop/share/loki_teleop/hook/pythonpath.sh'
[1.636s] Level 1:colcon.colcon_core.environment:checking '/home/odin/Documents/GitHub/saga_repo/install/loki_teleop/bin'
[1.636s] Level 1:colcon.colcon_core.environment:create_environment_scripts_only(loki_teleop)
[1.645s] INFO:colcon.colcon_core.shell:Creating package script '/home/odin/Documents/GitHub/saga_repo/install/loki_teleop/share/loki_teleop/package.ps1'
[1.646s] INFO:colcon.colcon_core.shell:Creating package descriptor '/home/odin/Documents/GitHub/saga_repo/install/loki_teleop/share/loki_teleop/package.dsv'
[1.646s] INFO:colcon.colcon_core.shell:Creating package script '/home/odin/Documents/GitHub/saga_repo/install/loki_teleop/share/loki_teleop/package.sh'
[1.646s] INFO:colcon.colcon_core.shell:Creating package script '/home/odin/Documents/GitHub/saga_repo/install/loki_teleop/share/loki_teleop/package.bash'
[1.646s] INFO:colcon.colcon_core.shell:Creating package script '/home/odin/Documents/GitHub/saga_repo/install/loki_teleop/share/loki_teleop/package.zsh'
[1.646s] Level 1:colcon.colcon_core.environment:create_file_with_runtime_dependencies(/home/odin/Documents/GitHub/saga_repo/install/loki_teleop/share/colcon-core/packages/loki_teleop)
[3.337s] DEBUG:colcon.colcon_core.event_handler.log_command:Invoked command in '/home/odin/Documents/GitHub/saga_repo/build/rasberry_gazebo' returned '1': CMAKE_PREFIX_PATH=/opt/ros/humble /usr/bin/cmake /home/odin/Documents/GitHub/saga_repo/ros2_thor/src/loki/rasberry_gazebo -DCMAKE_INSTALL_PREFIX=/home/odin/Documents/GitHub/saga_repo/install/rasberry_gazebo
[3.348s] Level 1:colcon.colcon_core.environment:create_environment_scripts_only(rasberry_gazebo)
[3.367s] Level 1:colcon.colcon_core.environment:checking '/home/odin/Documents/GitHub/saga_repo/install/rasberry_gazebo' for CMake module files
[3.367s] Level 1:colcon.colcon_core.environment:checking '/home/odin/Documents/GitHub/saga_repo/install/rasberry_gazebo' for CMake config files
[3.367s] Level 1:colcon.colcon_core.environment:checking '/home/odin/Documents/GitHub/saga_repo/install/rasberry_gazebo/bin'
[3.368s] Level 1:colcon.colcon_core.environment:checking '/home/odin/Documents/GitHub/saga_repo/install/rasberry_gazebo/lib/pkgconfig/rasberry_gazebo.pc'
[3.368s] Level 1:colcon.colcon_core.environment:checking '/home/odin/Documents/GitHub/saga_repo/install/rasberry_gazebo/lib/python3.10/site-packages'
[3.368s] Level 1:colcon.colcon_core.environment:checking '/home/odin/Documents/GitHub/saga_repo/install/rasberry_gazebo/bin'
[3.384s] INFO:colcon.colcon_core.shell:Creating package script '/home/odin/Documents/GitHub/saga_repo/install/rasberry_gazebo/share/rasberry_gazebo/package.ps1'
[3.384s] INFO:colcon.colcon_core.shell:Creating package descriptor '/home/odin/Documents/GitHub/saga_repo/install/rasberry_gazebo/share/rasberry_gazebo/package.dsv'
[3.384s] INFO:colcon.colcon_core.shell:Creating package script '/home/odin/Documents/GitHub/saga_repo/install/rasberry_gazebo/share/rasberry_gazebo/package.sh'
[3.385s] INFO:colcon.colcon_core.shell:Creating package script '/home/odin/Documents/GitHub/saga_repo/install/rasberry_gazebo/share/rasberry_gazebo/package.bash'
[3.385s] INFO:colcon.colcon_core.shell:Creating package script '/home/odin/Documents/GitHub/saga_repo/install/rasberry_gazebo/share/rasberry_gazebo/package.zsh'
[3.385s] Level 1:colcon.colcon_core.environment:create_file_with_runtime_dependencies(/home/odin/Documents/GitHub/saga_repo/install/rasberry_gazebo/share/colcon-core/packages/rasberry_gazebo)
[21.800s] DEBUG:colcon.colcon_parallel_executor.executor.parallel:closing loop
[21.800s] DEBUG:colcon.colcon_parallel_executor.executor.parallel:loop closed
[21.801s] DEBUG:colcon.colcon_parallel_executor.executor.parallel:run_until_complete finished with '1'
[21.801s] DEBUG:colcon.colcon_core.event_reactor:joining thread
[21.812s] INFO:colcon.colcon_core.plugin_system:Skipping extension 'colcon_notification.desktop_notification.terminal_notifier': Not used on non-Darwin systems
[21.812s] INFO:colcon.colcon_core.plugin_system:Skipping extension 'colcon_notification.desktop_notification.win32': Not used on non-Windows systems
[21.812s] INFO:colcon.colcon_notification.desktop_notification:Sending desktop notification using 'notify2'
[21.821s] DEBUG:colcon.colcon_core.event_reactor:joined thread
[21.830s] INFO:colcon.colcon_core.shell:Creating prefix script '/home/odin/Documents/GitHub/saga_repo/install/local_setup.ps1'
[21.831s] INFO:colcon.colcon_core.shell:Creating prefix util module '/home/odin/Documents/GitHub/saga_repo/install/_local_setup_util_ps1.py'
[21.831s] INFO:colcon.colcon_core.shell:Creating prefix chain script '/home/odin/Documents/GitHub/saga_repo/install/setup.ps1'
[21.840s] INFO:colcon.colcon_core.shell:Creating prefix script '/home/odin/Documents/GitHub/saga_repo/install/local_setup.sh'
[21.840s] INFO:colcon.colcon_core.shell:Creating prefix util module '/home/odin/Documents/GitHub/saga_repo/install/_local_setup_util_sh.py'
[21.840s] INFO:colcon.colcon_core.shell:Creating prefix chain script '/home/odin/Documents/GitHub/saga_repo/install/setup.sh'
[21.849s] INFO:colcon.colcon_core.shell:Creating prefix script '/home/odin/Documents/GitHub/saga_repo/install/local_setup.bash'
[21.850s] INFO:colcon.colcon_core.shell:Creating prefix chain script '/home/odin/Documents/GitHub/saga_repo/install/setup.bash'
[21.859s] INFO:colcon.colcon_core.shell:Creating prefix script '/home/odin/Documents/GitHub/saga_repo/install/local_setup.zsh'
[21.859s] INFO:colcon.colcon_core.shell:Creating prefix chain script '/home/odin/Documents/GitHub/saga_repo/install/setup.zsh'
