[0.576s] Invoking command in '/home/loki/Documents/GitHub/saga_repo/ros2_thor/src/loki/loki_base': CMAKE_PREFIX_PATH=/home/loki/Documents/GitHub/saga_repo/install/loki_can_devices:/home/loki/Documents/GitHub/saga_repo/install/loki_msgs:/home/loki/Documents/GitHub/saga_repo/install/loki_description:/home/loki/Documents/GitHub/saga_repo/install/loki_bringup:/home/loki/Documents/GitHub/saga_repo/install/robot_bringup:/home/loki/Documents/GitHub/saga_repo/install/rasberry_gazebo:/home/loki/Documents/GitHub/saga_repo/install/loki_twist_mux:/home/loki/Documents/GitHub/saga_repo/install/loki_simulator PYTHONPATH=/home/loki/Documents/GitHub/saga_repo/build/loki_base/prefix_override:/home/loki/Documents/GitHub/saga_repo/install/loki_base/lib/python3.10/site-packages:${PYTHONPATH} /usr/bin/python3 setup.py egg_info --egg-base ../../../../build/loki_base build --build-base /home/loki/Documents/GitHub/saga_repo/build/loki_base/build install --record /home/loki/Documents/GitHub/saga_repo/build/loki_base/install.log --single-version-externally-managed
[0.728s] running egg_info
[0.729s] writing ../../../../build/loki_base/loki_base.egg-info/PKG-INFO
[0.729s] writing dependency_links to ../../../../build/loki_base/loki_base.egg-info/dependency_links.txt
[0.729s] writing entry points to ../../../../build/loki_base/loki_base.egg-info/entry_points.txt
[0.729s] writing requirements to ../../../../build/loki_base/loki_base.egg-info/requires.txt
[0.729s] writing top-level names to ../../../../build/loki_base/loki_base.egg-info/top_level.txt
[0.730s] reading manifest file '../../../../build/loki_base/loki_base.egg-info/SOURCES.txt'
[0.731s] writing manifest file '../../../../build/loki_base/loki_base.egg-info/SOURCES.txt'
[0.731s] running build
[0.731s] running build_py
[0.731s] running install
[0.731s] /usr/lib/python3/dist-packages/setuptools/command/install.py:34: SetuptoolsDeprecationWarning: setup.py install is deprecated. Use build and pip and other standards-based tools.
[0.732s]   warnings.warn(
[0.732s] running install_lib
[0.732s] running install_data
[0.733s] running install_egg_info
[0.734s] removing '/home/loki/Documents/GitHub/saga_repo/install/loki_base/lib/python3.10/site-packages/loki_base-2.0.0-py3.10.egg-info' (and everything under it)
[0.734s] Copying ../../../../build/loki_base/loki_base.egg-info to /home/loki/Documents/GitHub/saga_repo/install/loki_base/lib/python3.10/site-packages/loki_base-2.0.0-py3.10.egg-info
[0.734s] running install_scripts
[0.749s] Installing base_driver script to /home/loki/Documents/GitHub/saga_repo/install/loki_base/lib/loki_base
[0.749s] Installing enlcosure_board_serial script to /home/loki/Documents/GitHub/saga_repo/install/loki_base/lib/loki_base
[0.749s] writing list of installed files to '/home/loki/Documents/GitHub/saga_repo/build/loki_base/install.log'
[0.766s] Invoked command in '/home/loki/Documents/GitHub/saga_repo/ros2_thor/src/loki/loki_base' returned '0': CMAKE_PREFIX_PATH=/home/loki/Documents/GitHub/saga_repo/install/loki_can_devices:/home/loki/Documents/GitHub/saga_repo/install/loki_msgs:/home/loki/Documents/GitHub/saga_repo/install/loki_description:/home/loki/Documents/GitHub/saga_repo/install/loki_bringup:/home/loki/Documents/GitHub/saga_repo/install/robot_bringup:/home/loki/Documents/GitHub/saga_repo/install/rasberry_gazebo:/home/loki/Documents/GitHub/saga_repo/install/loki_twist_mux:/home/loki/Documents/GitHub/saga_repo/install/loki_simulator PYTHONPATH=/home/loki/Documents/GitHub/saga_repo/build/loki_base/prefix_override:/home/loki/Documents/GitHub/saga_repo/install/loki_base/lib/python3.10/site-packages:${PYTHONPATH} /usr/bin/python3 setup.py egg_info --egg-base ../../../../build/loki_base build --build-base /home/loki/Documents/GitHub/saga_repo/build/loki_base/build install --record /home/loki/Documents/GitHub/saga_repo/build/loki_base/install.log --single-version-externally-managed
