[0.958s] Invoking command in '/home/odin/Documents/GitHub/saga_repo/ros2_thor/src/loki/loki_teleop': PYTHONPATH=/home/odin/Documents/GitHub/saga_repo/build/loki_teleop/prefix_override:/home/odin/Documents/GitHub/saga_repo/install/loki_teleop/lib/python3.10/site-packages:${PYTHONPATH} /usr/bin/python3 setup.py egg_info --egg-base ../../../../build/loki_teleop build --build-base /home/odin/Documents/GitHub/saga_repo/build/loki_teleop/build install --record /home/odin/Documents/GitHub/saga_repo/build/loki_teleop/install.log --single-version-externally-managed
[1.421s] running egg_info
[1.424s] writing ../../../../build/loki_teleop/loki_teleop.egg-info/PKG-INFO
[1.424s] writing dependency_links to ../../../../build/loki_teleop/loki_teleop.egg-info/dependency_links.txt
[1.425s] writing entry points to ../../../../build/loki_teleop/loki_teleop.egg-info/entry_points.txt
[1.425s] writing requirements to ../../../../build/loki_teleop/loki_teleop.egg-info/requires.txt
[1.425s] writing top-level names to ../../../../build/loki_teleop/loki_teleop.egg-info/top_level.txt
[1.432s] reading manifest file '../../../../build/loki_teleop/loki_teleop.egg-info/SOURCES.txt'
[1.435s] writing manifest file '../../../../build/loki_teleop/loki_teleop.egg-info/SOURCES.txt'
[1.436s] running build
[1.436s] running build_py
[1.436s] running install
[1.437s] /usr/lib/python3/dist-packages/setuptools/command/install.py:34: SetuptoolsDeprecationWarning: setup.py install is deprecated. Use build and pip and other standards-based tools.
[1.437s]   warnings.warn(
[1.438s] running install_lib
[1.445s] running install_data
[1.446s] running install_egg_info
[1.448s] removing '/home/odin/Documents/GitHub/saga_repo/install/loki_teleop/lib/python3.10/site-packages/loki_teleop-2.0.0-py3.10.egg-info' (and everything under it)
[1.448s] Copying ../../../../build/loki_teleop/loki_teleop.egg-info to /home/odin/Documents/GitHub/saga_repo/install/loki_teleop/lib/python3.10/site-packages/loki_teleop-2.0.0-py3.10.egg-info
[1.449s] running install_scripts
[1.489s] Installing teleop_node script to /home/odin/Documents/GitHub/saga_repo/install/loki_teleop/lib/loki_teleop
[1.490s] writing list of installed files to '/home/odin/Documents/GitHub/saga_repo/build/loki_teleop/install.log'
[1.588s] Invoked command in '/home/odin/Documents/GitHub/saga_repo/ros2_thor/src/loki/loki_teleop' returned '0': PYTHONPATH=/home/odin/Documents/GitHub/saga_repo/build/loki_teleop/prefix_override:/home/odin/Documents/GitHub/saga_repo/install/loki_teleop/lib/python3.10/site-packages:${PYTHONPATH} /usr/bin/python3 setup.py egg_info --egg-base ../../../../build/loki_teleop build --build-base /home/odin/Documents/GitHub/saga_repo/build/loki_teleop/build install --record /home/odin/Documents/GitHub/saga_repo/build/loki_teleop/install.log --single-version-externally-managed
