running egg_info
writing ../../../../build/loki_nav/loki_nav.egg-info/PKG-INFO
writing dependency_links to ../../../../build/loki_nav/loki_nav.egg-info/dependency_links.txt
writing entry points to ../../../../build/loki_nav/loki_nav.egg-info/entry_points.txt
writing requirements to ../../../../build/loki_nav/loki_nav.egg-info/requires.txt
writing top-level names to ../../../../build/loki_nav/loki_nav.egg-info/top_level.txt
reading manifest file '../../../../build/loki_nav/loki_nav.egg-info/SOURCES.txt'
writing manifest file '../../../../build/loki_nav/loki_nav.egg-info/SOURCES.txt'
running build
running build_py
running install
running install_lib
running install_data
copying launch/nav.launch.py -> /home/loki/Documents/GitHub/saga_repo/install/loki_nav/share/loki_nav/launch
running install_egg_info
removing '/home/loki/Documents/GitHub/saga_repo/install/loki_nav/lib/python3.10/site-packages/loki_nav-2.0.0-py3.10.egg-info' (and everything under it)
Copying ../../../../build/loki_nav/loki_nav.egg-info to /home/loki/Documents/GitHub/saga_repo/install/loki_nav/lib/python3.10/site-packages/loki_nav-2.0.0-py3.10.egg-info
running install_scripts
Installing waypoint_node script to /home/loki/Documents/GitHub/saga_repo/install/loki_nav/lib/loki_nav
writing list of installed files to '/home/loki/Documents/GitHub/saga_repo/build/loki_nav/install.log'
