[0.032s] Invoking command in '/home/cairlab/Documents/GitHub/saga_repo/build/stereo_msgs': AMENT_PREFIX_PATH=/home/cairlab/Documents/GitHub/saga_repo/install/sensor_msgs:/home/cairlab/Documents/GitHub/saga_repo/install/geometry_msgs:/home/cairlab/Documents/GitHub/saga_repo/install/std_msgs:${AMENT_PREFIX_PATH} CMAKE_PREFIX_PATH=/home/cairlab/Documents/GitHub/saga_repo/install/sensor_msgs:/home/cairlab/Documents/GitHub/saga_repo/install/geometry_msgs:/home/cairlab/Documents/GitHub/saga_repo/install/std_msgs:/opt/ros/humble LD_LIBRARY_PATH=/home/cairlab/Documents/GitHub/saga_repo/install/sensor_msgs/lib:/home/cairlab/Documents/GitHub/saga_repo/install/geometry_msgs/lib:/home/cairlab/Documents/GitHub/saga_repo/install/std_msgs/lib:${LD_LIBRARY_PATH} PYTHONPATH=/home/cairlab/Documents/GitHub/saga_repo/install/sensor_msgs/local/lib/python3.10/dist-packages:/home/cairlab/Documents/GitHub/saga_repo/install/geometry_msgs/local/lib/python3.10/dist-packages:/home/cairlab/Documents/GitHub/saga_repo/install/std_msgs/local/lib/python3.10/dist-packages:${PYTHONPATH} /usr/bin/cmake /home/cairlab/Documents/GitHub/saga_repo/ros2_thor/src/common_interfaces/stereo_msgs -DCMAKE_INSTALL_PREFIX=/home/cairlab/Documents/GitHub/saga_repo/install/stereo_msgs
[0.106s] -- The C compiler identification is GNU 11.4.0
[0.179s] -- The CXX compiler identification is GNU 11.4.0
[0.188s] -- Detecting C compiler ABI info
[0.263s] -- Detecting C compiler ABI info - done
[0.275s] -- Check for working C compiler: /usr/bin/cc - skipped
[0.275s] -- Detecting C compile features
[0.276s] -- Detecting C compile features - done
[0.280s] -- Detecting CXX compiler ABI info
[0.391s] -- Detecting CXX compiler ABI info - done
[0.403s] -- Check for working CXX compiler: /usr/bin/c++ - skipped
[0.403s] -- Detecting CXX compile features
[0.404s] -- Detecting CXX compile features - done
[0.407s] -- Found ament_cmake: 1.3.5 (/opt/ros/humble/share/ament_cmake/cmake)
[0.959s] -- Found Python3: /usr/bin/python3.10 (found version "3.10.12") found components: Interpreter 
[1.080s] -- Found rosidl_default_generators: 1.2.0 (/opt/ros/humble/share/rosidl_default_generators/cmake)
[1.086s] -- Using all available rosidl_typesupport_c: rosidl_typesupport_fastrtps_c;rosidl_typesupport_introspection_c
[1.097s] -- Found rosidl_adapter: 3.1.5 (/opt/ros/humble/share/rosidl_adapter/cmake)
[1.166s] -- Using all available rosidl_typesupport_cpp: rosidl_typesupport_fastrtps_cpp;rosidl_typesupport_introspection_cpp
[1.225s] -- Found sensor_msgs: 5.2.0 (/home/cairlab/Documents/GitHub/saga_repo/install/sensor_msgs/share/sensor_msgs/cmake)
[2.064s] -- Found ament_cmake_cppcheck: 0.12.7 (/opt/ros/humble/share/ament_cmake_cppcheck/cmake)
[2.068s] -- Found ament_cmake_cpplint: 0.12.7 (/opt/ros/humble/share/ament_cmake_cpplint/cmake)
[2.071s] -- Found ament_cmake_uncrustify: 0.12.7 (/opt/ros/humble/share/ament_cmake_uncrustify/cmake)
[2.074s] -- Found ament_cmake_ros: 0.10.0 (/opt/ros/humble/share/ament_cmake_ros/cmake)
[2.430s] -- Using all available rosidl_typesupport_c: rosidl_typesupport_fastrtps_c;rosidl_typesupport_introspection_c
[3.053s] -- Using all available rosidl_typesupport_cpp: rosidl_typesupport_fastrtps_cpp;rosidl_typesupport_introspection_cpp
[3.082s] -- Found PythonInterp: /usr/bin/python3 (found suitable version "3.10.12", minimum required is "3.6") 
[3.084s] -- Found python_cmake_module: 0.10.0 (/opt/ros/humble/share/python_cmake_module/cmake)
[3.122s] -- Found PythonLibs: /usr/lib/x86_64-linux-gnu/libpython3.10.so (found suitable version "3.10.12", minimum required is "3.5") 
[3.122s] -- Using PYTHON_EXECUTABLE: /usr/bin/python3
[3.122s] -- Using PYTHON_INCLUDE_DIRS: /usr/include/python3.10
[3.122s] -- Using PYTHON_LIBRARIES: /usr/lib/x86_64-linux-gnu/libpython3.10.so
[3.154s] -- Found PythonExtra: .so  
[3.287s] -- Found ament_cmake_flake8: 0.12.7 (/opt/ros/humble/share/ament_cmake_flake8/cmake)
[3.291s] -- Found ament_cmake_pep257: 0.12.7 (/opt/ros/humble/share/ament_cmake_pep257/cmake)
[3.302s] -- Configuring done
[3.365s] -- Generating done
[3.369s] -- Build files have been written to: /home/cairlab/Documents/GitHub/saga_repo/build/stereo_msgs
[3.388s] Invoked command in '/home/cairlab/Documents/GitHub/saga_repo/build/stereo_msgs' returned '0': AMENT_PREFIX_PATH=/home/cairlab/Documents/GitHub/saga_repo/install/sensor_msgs:/home/cairlab/Documents/GitHub/saga_repo/install/geometry_msgs:/home/cairlab/Documents/GitHub/saga_repo/install/std_msgs:${AMENT_PREFIX_PATH} CMAKE_PREFIX_PATH=/home/cairlab/Documents/GitHub/saga_repo/install/sensor_msgs:/home/cairlab/Documents/GitHub/saga_repo/install/geometry_msgs:/home/cairlab/Documents/GitHub/saga_repo/install/std_msgs:/opt/ros/humble LD_LIBRARY_PATH=/home/cairlab/Documents/GitHub/saga_repo/install/sensor_msgs/lib:/home/cairlab/Documents/GitHub/saga_repo/install/geometry_msgs/lib:/home/cairlab/Documents/GitHub/saga_repo/install/std_msgs/lib:${LD_LIBRARY_PATH} PYTHONPATH=/home/cairlab/Documents/GitHub/saga_repo/install/sensor_msgs/local/lib/python3.10/dist-packages:/home/cairlab/Documents/GitHub/saga_repo/install/geometry_msgs/local/lib/python3.10/dist-packages:/home/cairlab/Documents/GitHub/saga_repo/install/std_msgs/local/lib/python3.10/dist-packages:${PYTHONPATH} /usr/bin/cmake /home/cairlab/Documents/GitHub/saga_repo/ros2_thor/src/common_interfaces/stereo_msgs -DCMAKE_INSTALL_PREFIX=/home/cairlab/Documents/GitHub/saga_repo/install/stereo_msgs
[3.388s] Invoking command in '/home/cairlab/Documents/GitHub/saga_repo/build/stereo_msgs': AMENT_PREFIX_PATH=/home/cairlab/Documents/GitHub/saga_repo/install/sensor_msgs:/home/cairlab/Documents/GitHub/saga_repo/install/geometry_msgs:/home/cairlab/Documents/GitHub/saga_repo/install/std_msgs:${AMENT_PREFIX_PATH} CMAKE_PREFIX_PATH=/home/cairlab/Documents/GitHub/saga_repo/install/sensor_msgs:/home/cairlab/Documents/GitHub/saga_repo/install/geometry_msgs:/home/cairlab/Documents/GitHub/saga_repo/install/std_msgs:/opt/ros/humble LD_LIBRARY_PATH=/home/cairlab/Documents/GitHub/saga_repo/install/sensor_msgs/lib:/home/cairlab/Documents/GitHub/saga_repo/install/geometry_msgs/lib:/home/cairlab/Documents/GitHub/saga_repo/install/std_msgs/lib:${LD_LIBRARY_PATH} PYTHONPATH=/home/cairlab/Documents/GitHub/saga_repo/install/sensor_msgs/local/lib/python3.10/dist-packages:/home/cairlab/Documents/GitHub/saga_repo/install/geometry_msgs/local/lib/python3.10/dist-packages:/home/cairlab/Documents/GitHub/saga_repo/install/std_msgs/local/lib/python3.10/dist-packages:${PYTHONPATH} /usr/bin/cmake --build /home/cairlab/Documents/GitHub/saga_repo/build/stereo_msgs -- -j12 -l12
[3.446s] [  3%] [34m[1mGenerating C code for ROS interfaces[0m
[3.469s] [  6%] [34m[1mGenerating C++ code for ROS interfaces[0m
[3.480s] [  6%] Built target ament_cmake_python_copy_stereo_msgs
[3.820s] running egg_info
[3.822s] creating stereo_msgs.egg-info
[3.846s] writing stereo_msgs.egg-info/PKG-INFO
[3.846s] writing dependency_links to stereo_msgs.egg-info/dependency_links.txt
[3.847s] writing top-level names to stereo_msgs.egg-info/top_level.txt
[3.847s] writing manifest file 'stereo_msgs.egg-info/SOURCES.txt'
[3.936s] reading manifest file 'stereo_msgs.egg-info/SOURCES.txt'
[3.937s] writing manifest file 'stereo_msgs.egg-info/SOURCES.txt'
[3.998s] [  6%] Built target ament_cmake_python_build_stereo_msgs_egg
[4.037s] [  6%] Built target stereo_msgs__cpp
[4.038s] [  9%] [32mBuilding C object CMakeFiles/stereo_msgs__rosidl_generator_c.dir/rosidl_generator_c/stereo_msgs/msg/detail/disparity_image__functions.c.o[0m
[4.053s] [ 12%] [34m[1mGenerating C++ type support dispatch for ROS interfaces[0m
[4.055s] [ 16%] [34m[1mGenerating C++ type support for eProsima Fast-RTPS[0m
[4.113s] [ 19%] [32m[1mLinking C shared library libstereo_msgs__rosidl_generator_c.so[0m
[4.163s] [ 19%] Built target stereo_msgs__rosidl_generator_c
[4.179s] [ 22%] [34m[1mGenerating C++ introspection for ROS interfaces[0m
[4.626s] [ 25%] [32mBuilding CXX object CMakeFiles/stereo_msgs__rosidl_typesupport_cpp.dir/rosidl_typesupport_cpp/stereo_msgs/msg/disparity_image__type_support.cpp.o[0m
[4.712s] [ 29%] [32mBuilding CXX object CMakeFiles/stereo_msgs__rosidl_typesupport_fastrtps_cpp.dir/rosidl_typesupport_fastrtps_cpp/stereo_msgs/msg/detail/dds_fastrtps/disparity_image__type_support.cpp.o[0m
[4.751s] [ 32%] [32mBuilding CXX object CMakeFiles/stereo_msgs__rosidl_typesupport_introspection_cpp.dir/rosidl_typesupport_introspection_cpp/stereo_msgs/msg/detail/disparity_image__type_support.cpp.o[0m
[5.020s] [ 35%] [32m[1mLinking CXX shared library libstereo_msgs__rosidl_typesupport_cpp.so[0m
[5.081s] [ 35%] Built target stereo_msgs__rosidl_typesupport_cpp
[5.097s] [ 38%] [34m[1mGenerating C type support dispatch for ROS interfaces[0m
[5.241s] [ 41%] [32m[1mLinking CXX shared library libstereo_msgs__rosidl_typesupport_introspection_cpp.so[0m
[5.249s] [ 45%] [32m[1mLinking CXX shared library libstereo_msgs__rosidl_typesupport_fastrtps_cpp.so[0m
[5.356s] [ 45%] Built target stereo_msgs__rosidl_typesupport_introspection_cpp
[5.367s] [ 48%] [34m[1mGenerating C introspection for ROS interfaces[0m
[5.368s] [ 48%] Built target stereo_msgs__rosidl_typesupport_fastrtps_cpp
[5.384s] [ 51%] [34m[1mGenerating C type support for eProsima Fast-RTPS[0m
[5.585s] [ 54%] [32mBuilding CXX object CMakeFiles/stereo_msgs__rosidl_typesupport_c.dir/rosidl_typesupport_c/stereo_msgs/msg/disparity_image__type_support.cpp.o[0m
[5.632s] [ 58%] [32m[1mLinking CXX shared library libstereo_msgs__rosidl_typesupport_c.so[0m
[5.690s] [ 58%] Built target stereo_msgs__rosidl_typesupport_c
[5.764s] [ 61%] [32mBuilding C object CMakeFiles/stereo_msgs__rosidl_typesupport_introspection_c.dir/rosidl_typesupport_introspection_c/stereo_msgs/msg/detail/disparity_image__type_support.c.o[0m
[5.803s] [ 64%] [32m[1mLinking C shared library libstereo_msgs__rosidl_typesupport_introspection_c.so[0m
[5.848s] [ 64%] Built target stereo_msgs__rosidl_typesupport_introspection_c
[5.879s] [ 67%] [32mBuilding CXX object CMakeFiles/stereo_msgs__rosidl_typesupport_fastrtps_c.dir/rosidl_typesupport_fastrtps_c/stereo_msgs/msg/detail/disparity_image__type_support_c.cpp.o[0m
[6.205s] [ 70%] [32m[1mLinking CXX shared library libstereo_msgs__rosidl_typesupport_fastrtps_c.so[0m
[6.345s] [ 70%] Built target stereo_msgs__rosidl_typesupport_fastrtps_c
[6.370s] [ 70%] Built target stereo_msgs
[6.392s] [ 74%] [34m[1mGenerating Python code for ROS interfaces[0m
[6.997s] [ 74%] Built target stereo_msgs__py
[7.016s] [ 77%] [32mBuilding C object CMakeFiles/stereo_msgs__rosidl_generator_py.dir/rosidl_generator_py/stereo_msgs/msg/_disparity_image_s.c.o[0m
[7.117s] [ 80%] [32m[1mLinking C shared library rosidl_generator_py/stereo_msgs/libstereo_msgs__rosidl_generator_py.so[0m
[7.157s] [ 80%] Built target stereo_msgs__rosidl_generator_py
[7.181s] [ 83%] [32mBuilding C object CMakeFiles/stereo_msgs__rosidl_typesupport_c__pyext.dir/rosidl_generator_py/stereo_msgs/_stereo_msgs_s.ep.rosidl_typesupport_c.c.o[0m
[7.185s] [ 87%] [32mBuilding C object CMakeFiles/stereo_msgs__rosidl_typesupport_introspection_c__pyext.dir/rosidl_generator_py/stereo_msgs/_stereo_msgs_s.ep.rosidl_typesupport_introspection_c.c.o[0m
[7.185s] [ 90%] [32mBuilding C object CMakeFiles/stereo_msgs__rosidl_typesupport_fastrtps_c__pyext.dir/rosidl_generator_py/stereo_msgs/_stereo_msgs_s.ep.rosidl_typesupport_fastrtps_c.c.o[0m
[7.281s] [ 93%] [32m[1mLinking C shared library rosidl_generator_py/stereo_msgs/stereo_msgs_s__rosidl_typesupport_introspection_c.cpython-310-x86_64-linux-gnu.so[0m
[7.329s] [ 96%] [32m[1mLinking C shared library rosidl_generator_py/stereo_msgs/stereo_msgs_s__rosidl_typesupport_c.cpython-310-x86_64-linux-gnu.so[0m
[7.329s] [ 96%] Built target stereo_msgs__rosidl_typesupport_introspection_c__pyext
[7.333s] [100%] [32m[1mLinking C shared library rosidl_generator_py/stereo_msgs/stereo_msgs_s__rosidl_typesupport_fastrtps_c.cpython-310-x86_64-linux-gnu.so[0m
[7.388s] [100%] Built target stereo_msgs__rosidl_typesupport_c__pyext
[7.392s] [100%] Built target stereo_msgs__rosidl_typesupport_fastrtps_c__pyext
[7.407s] Invoked command in '/home/cairlab/Documents/GitHub/saga_repo/build/stereo_msgs' returned '0': AMENT_PREFIX_PATH=/home/cairlab/Documents/GitHub/saga_repo/install/sensor_msgs:/home/cairlab/Documents/GitHub/saga_repo/install/geometry_msgs:/home/cairlab/Documents/GitHub/saga_repo/install/std_msgs:${AMENT_PREFIX_PATH} CMAKE_PREFIX_PATH=/home/cairlab/Documents/GitHub/saga_repo/install/sensor_msgs:/home/cairlab/Documents/GitHub/saga_repo/install/geometry_msgs:/home/cairlab/Documents/GitHub/saga_repo/install/std_msgs:/opt/ros/humble LD_LIBRARY_PATH=/home/cairlab/Documents/GitHub/saga_repo/install/sensor_msgs/lib:/home/cairlab/Documents/GitHub/saga_repo/install/geometry_msgs/lib:/home/cairlab/Documents/GitHub/saga_repo/install/std_msgs/lib:${LD_LIBRARY_PATH} PYTHONPATH=/home/cairlab/Documents/GitHub/saga_repo/install/sensor_msgs/local/lib/python3.10/dist-packages:/home/cairlab/Documents/GitHub/saga_repo/install/geometry_msgs/local/lib/python3.10/dist-packages:/home/cairlab/Documents/GitHub/saga_repo/install/std_msgs/local/lib/python3.10/dist-packages:${PYTHONPATH} /usr/bin/cmake --build /home/cairlab/Documents/GitHub/saga_repo/build/stereo_msgs -- -j12 -l12
[7.475s] Invoking command in '/home/cairlab/Documents/GitHub/saga_repo/build/stereo_msgs': AMENT_PREFIX_PATH=/home/cairlab/Documents/GitHub/saga_repo/install/sensor_msgs:/home/cairlab/Documents/GitHub/saga_repo/install/geometry_msgs:/home/cairlab/Documents/GitHub/saga_repo/install/std_msgs:${AMENT_PREFIX_PATH} CMAKE_PREFIX_PATH=/home/cairlab/Documents/GitHub/saga_repo/install/sensor_msgs:/home/cairlab/Documents/GitHub/saga_repo/install/geometry_msgs:/home/cairlab/Documents/GitHub/saga_repo/install/std_msgs:/opt/ros/humble LD_LIBRARY_PATH=/home/cairlab/Documents/GitHub/saga_repo/install/sensor_msgs/lib:/home/cairlab/Documents/GitHub/saga_repo/install/geometry_msgs/lib:/home/cairlab/Documents/GitHub/saga_repo/install/std_msgs/lib:${LD_LIBRARY_PATH} PYTHONPATH=/home/cairlab/Documents/GitHub/saga_repo/install/sensor_msgs/local/lib/python3.10/dist-packages:/home/cairlab/Documents/GitHub/saga_repo/install/geometry_msgs/local/lib/python3.10/dist-packages:/home/cairlab/Documents/GitHub/saga_repo/install/std_msgs/local/lib/python3.10/dist-packages:${PYTHONPATH} /usr/bin/cmake --install /home/cairlab/Documents/GitHub/saga_repo/build/stereo_msgs
[7.486s] -- Install configuration: ""
[7.486s] -- Installing: /home/cairlab/Documents/GitHub/saga_repo/install/stereo_msgs/share/ament_index/resource_index/rosidl_interfaces/stereo_msgs
[7.486s] -- Installing: /home/cairlab/Documents/GitHub/saga_repo/install/stereo_msgs/include/stereo_msgs/stereo_msgs
[7.486s] -- Installing: /home/cairlab/Documents/GitHub/saga_repo/install/stereo_msgs/include/stereo_msgs/stereo_msgs/msg
[7.486s] -- Installing: /home/cairlab/Documents/GitHub/saga_repo/install/stereo_msgs/include/stereo_msgs/stereo_msgs/msg/disparity_image.h
[7.486s] -- Installing: /home/cairlab/Documents/GitHub/saga_repo/install/stereo_msgs/include/stereo_msgs/stereo_msgs/msg/rosidl_generator_c__visibility_control.h
[7.487s] -- Installing: /home/cairlab/Documents/GitHub/saga_repo/install/stereo_msgs/include/stereo_msgs/stereo_msgs/msg/detail
[7.487s] -- Installing: /home/cairlab/Documents/GitHub/saga_repo/install/stereo_msgs/include/stereo_msgs/stereo_msgs/msg/detail/disparity_image__struct.h
[7.487s] -- Installing: /home/cairlab/Documents/GitHub/saga_repo/install/stereo_msgs/include/stereo_msgs/stereo_msgs/msg/detail/disparity_image__functions.h
[7.487s] -- Installing: /home/cairlab/Documents/GitHub/saga_repo/install/stereo_msgs/include/stereo_msgs/stereo_msgs/msg/detail/disparity_image__functions.c
[7.487s] -- Installing: /home/cairlab/Documents/GitHub/saga_repo/install/stereo_msgs/include/stereo_msgs/stereo_msgs/msg/detail/disparity_image__type_support.h
[7.487s] -- Installing: /home/cairlab/Documents/GitHub/saga_repo/install/stereo_msgs/share/stereo_msgs/environment/library_path.sh
[7.488s] -- Installing: /home/cairlab/Documents/GitHub/saga_repo/install/stereo_msgs/share/stereo_msgs/environment/library_path.dsv
[7.488s] -- Installing: /home/cairlab/Documents/GitHub/saga_repo/install/stereo_msgs/lib/libstereo_msgs__rosidl_generator_c.so
[7.488s] -- Set runtime path of "/home/cairlab/Documents/GitHub/saga_repo/install/stereo_msgs/lib/libstereo_msgs__rosidl_generator_c.so" to ""
[7.489s] -- Up-to-date: /home/cairlab/Documents/GitHub/saga_repo/install/stereo_msgs/include/stereo_msgs/stereo_msgs
[7.489s] -- Up-to-date: /home/cairlab/Documents/GitHub/saga_repo/install/stereo_msgs/include/stereo_msgs/stereo_msgs/msg
[7.489s] -- Installing: /home/cairlab/Documents/GitHub/saga_repo/install/stereo_msgs/include/stereo_msgs/stereo_msgs/msg/rosidl_typesupport_fastrtps_c__visibility_control.h
[7.489s] -- Up-to-date: /home/cairlab/Documents/GitHub/saga_repo/install/stereo_msgs/include/stereo_msgs/stereo_msgs/msg/detail
[7.489s] -- Installing: /home/cairlab/Documents/GitHub/saga_repo/install/stereo_msgs/include/stereo_msgs/stereo_msgs/msg/detail/disparity_image__rosidl_typesupport_fastrtps_c.h
[7.489s] -- Installing: /home/cairlab/Documents/GitHub/saga_repo/install/stereo_msgs/lib/libstereo_msgs__rosidl_typesupport_fastrtps_c.so
[7.490s] -- Set runtime path of "/home/cairlab/Documents/GitHub/saga_repo/install/stereo_msgs/lib/libstereo_msgs__rosidl_typesupport_fastrtps_c.so" to ""
[7.490s] -- Up-to-date: /home/cairlab/Documents/GitHub/saga_repo/install/stereo_msgs/include/stereo_msgs/stereo_msgs
[7.490s] -- Up-to-date: /home/cairlab/Documents/GitHub/saga_repo/install/stereo_msgs/include/stereo_msgs/stereo_msgs/msg
[7.490s] -- Installing: /home/cairlab/Documents/GitHub/saga_repo/install/stereo_msgs/include/stereo_msgs/stereo_msgs/msg/rosidl_typesupport_introspection_c__visibility_control.h
[7.490s] -- Up-to-date: /home/cairlab/Documents/GitHub/saga_repo/install/stereo_msgs/include/stereo_msgs/stereo_msgs/msg/detail
[7.490s] -- Installing: /home/cairlab/Documents/GitHub/saga_repo/install/stereo_msgs/include/stereo_msgs/stereo_msgs/msg/detail/disparity_image__type_support.c
[7.490s] -- Installing: /home/cairlab/Documents/GitHub/saga_repo/install/stereo_msgs/include/stereo_msgs/stereo_msgs/msg/detail/disparity_image__rosidl_typesupport_introspection_c.h
[7.490s] -- Installing: /home/cairlab/Documents/GitHub/saga_repo/install/stereo_msgs/lib/libstereo_msgs__rosidl_typesupport_introspection_c.so
[7.491s] -- Set runtime path of "/home/cairlab/Documents/GitHub/saga_repo/install/stereo_msgs/lib/libstereo_msgs__rosidl_typesupport_introspection_c.so" to ""
[7.491s] -- Installing: /home/cairlab/Documents/GitHub/saga_repo/install/stereo_msgs/lib/libstereo_msgs__rosidl_typesupport_c.so
[7.491s] -- Set runtime path of "/home/cairlab/Documents/GitHub/saga_repo/install/stereo_msgs/lib/libstereo_msgs__rosidl_typesupport_c.so" to ""
[7.491s] -- Up-to-date: /home/cairlab/Documents/GitHub/saga_repo/install/stereo_msgs/include/stereo_msgs/stereo_msgs
[7.492s] -- Up-to-date: /home/cairlab/Documents/GitHub/saga_repo/install/stereo_msgs/include/stereo_msgs/stereo_msgs/msg
[7.492s] -- Installing: /home/cairlab/Documents/GitHub/saga_repo/install/stereo_msgs/include/stereo_msgs/stereo_msgs/msg/disparity_image.hpp
[7.492s] -- Up-to-date: /home/cairlab/Documents/GitHub/saga_repo/install/stereo_msgs/include/stereo_msgs/stereo_msgs/msg/detail
[7.492s] -- Installing: /home/cairlab/Documents/GitHub/saga_repo/install/stereo_msgs/include/stereo_msgs/stereo_msgs/msg/detail/disparity_image__builder.hpp
[7.492s] -- Installing: /home/cairlab/Documents/GitHub/saga_repo/install/stereo_msgs/include/stereo_msgs/stereo_msgs/msg/detail/disparity_image__struct.hpp
[7.492s] -- Installing: /home/cairlab/Documents/GitHub/saga_repo/install/stereo_msgs/include/stereo_msgs/stereo_msgs/msg/detail/disparity_image__traits.hpp
[7.492s] -- Up-to-date: /home/cairlab/Documents/GitHub/saga_repo/install/stereo_msgs/include/stereo_msgs/stereo_msgs
[7.492s] -- Up-to-date: /home/cairlab/Documents/GitHub/saga_repo/install/stereo_msgs/include/stereo_msgs/stereo_msgs/msg
[7.492s] -- Installing: /home/cairlab/Documents/GitHub/saga_repo/install/stereo_msgs/include/stereo_msgs/stereo_msgs/msg/rosidl_typesupport_fastrtps_cpp__visibility_control.h
[7.493s] -- Up-to-date: /home/cairlab/Documents/GitHub/saga_repo/install/stereo_msgs/include/stereo_msgs/stereo_msgs/msg/detail
[7.493s] -- Installing: /home/cairlab/Documents/GitHub/saga_repo/install/stereo_msgs/include/stereo_msgs/stereo_msgs/msg/detail/disparity_image__rosidl_typesupport_fastrtps_cpp.hpp
[7.493s] -- Installing: /home/cairlab/Documents/GitHub/saga_repo/install/stereo_msgs/include/stereo_msgs/stereo_msgs/msg/detail/dds_fastrtps
[7.493s] -- Installing: /home/cairlab/Documents/GitHub/saga_repo/install/stereo_msgs/lib/libstereo_msgs__rosidl_typesupport_fastrtps_cpp.so
[7.493s] -- Set runtime path of "/home/cairlab/Documents/GitHub/saga_repo/install/stereo_msgs/lib/libstereo_msgs__rosidl_typesupport_fastrtps_cpp.so" to ""
[7.493s] -- Up-to-date: /home/cairlab/Documents/GitHub/saga_repo/install/stereo_msgs/include/stereo_msgs/stereo_msgs
[7.494s] -- Up-to-date: /home/cairlab/Documents/GitHub/saga_repo/install/stereo_msgs/include/stereo_msgs/stereo_msgs/msg
[7.494s] -- Up-to-date: /home/cairlab/Documents/GitHub/saga_repo/install/stereo_msgs/include/stereo_msgs/stereo_msgs/msg/detail
[7.494s] -- Installing: /home/cairlab/Documents/GitHub/saga_repo/install/stereo_msgs/include/stereo_msgs/stereo_msgs/msg/detail/disparity_image__type_support.cpp
[7.494s] -- Installing: /home/cairlab/Documents/GitHub/saga_repo/install/stereo_msgs/include/stereo_msgs/stereo_msgs/msg/detail/disparity_image__rosidl_typesupport_introspection_cpp.hpp
[7.494s] -- Installing: /home/cairlab/Documents/GitHub/saga_repo/install/stereo_msgs/lib/libstereo_msgs__rosidl_typesupport_introspection_cpp.so
[7.494s] -- Set runtime path of "/home/cairlab/Documents/GitHub/saga_repo/install/stereo_msgs/lib/libstereo_msgs__rosidl_typesupport_introspection_cpp.so" to ""
[7.495s] -- Installing: /home/cairlab/Documents/GitHub/saga_repo/install/stereo_msgs/lib/libstereo_msgs__rosidl_typesupport_cpp.so
[7.495s] -- Set runtime path of "/home/cairlab/Documents/GitHub/saga_repo/install/stereo_msgs/lib/libstereo_msgs__rosidl_typesupport_cpp.so" to ""
[7.495s] -- Installing: /home/cairlab/Documents/GitHub/saga_repo/install/stereo_msgs/share/stereo_msgs/environment/pythonpath.sh
[7.495s] -- Installing: /home/cairlab/Documents/GitHub/saga_repo/install/stereo_msgs/share/stereo_msgs/environment/pythonpath.dsv
[7.495s] -- Installing: /home/cairlab/Documents/GitHub/saga_repo/install/stereo_msgs/local/lib/python3.10/dist-packages/stereo_msgs-5.2.0-py3.10.egg-info
[7.495s] -- Installing: /home/cairlab/Documents/GitHub/saga_repo/install/stereo_msgs/local/lib/python3.10/dist-packages/stereo_msgs-5.2.0-py3.10.egg-info/dependency_links.txt
[7.496s] -- Installing: /home/cairlab/Documents/GitHub/saga_repo/install/stereo_msgs/local/lib/python3.10/dist-packages/stereo_msgs-5.2.0-py3.10.egg-info/PKG-INFO
[7.496s] -- Installing: /home/cairlab/Documents/GitHub/saga_repo/install/stereo_msgs/local/lib/python3.10/dist-packages/stereo_msgs-5.2.0-py3.10.egg-info/SOURCES.txt
[7.496s] -- Installing: /home/cairlab/Documents/GitHub/saga_repo/install/stereo_msgs/local/lib/python3.10/dist-packages/stereo_msgs-5.2.0-py3.10.egg-info/top_level.txt
[7.496s] -- Installing: /home/cairlab/Documents/GitHub/saga_repo/install/stereo_msgs/local/lib/python3.10/dist-packages/stereo_msgs
[7.496s] -- Installing: /home/cairlab/Documents/GitHub/saga_repo/install/stereo_msgs/local/lib/python3.10/dist-packages/stereo_msgs/_stereo_msgs_s.ep.rosidl_typesupport_fastrtps_c.c
[7.496s] -- Installing: /home/cairlab/Documents/GitHub/saga_repo/install/stereo_msgs/local/lib/python3.10/dist-packages/stereo_msgs/stereo_msgs_s__rosidl_typesupport_introspection_c.cpython-310-x86_64-linux-gnu.so
[7.496s] -- Installing: /home/cairlab/Documents/GitHub/saga_repo/install/stereo_msgs/local/lib/python3.10/dist-packages/stereo_msgs/libstereo_msgs__rosidl_generator_py.so
[7.497s] -- Installing: /home/cairlab/Documents/GitHub/saga_repo/install/stereo_msgs/local/lib/python3.10/dist-packages/stereo_msgs/stereo_msgs_s__rosidl_typesupport_fastrtps_c.cpython-310-x86_64-linux-gnu.so
[7.497s] -- Installing: /home/cairlab/Documents/GitHub/saga_repo/install/stereo_msgs/local/lib/python3.10/dist-packages/stereo_msgs/__init__.py
[7.497s] -- Installing: /home/cairlab/Documents/GitHub/saga_repo/install/stereo_msgs/local/lib/python3.10/dist-packages/stereo_msgs/_stereo_msgs_s.ep.rosidl_typesupport_c.c
[7.497s] -- Installing: /home/cairlab/Documents/GitHub/saga_repo/install/stereo_msgs/local/lib/python3.10/dist-packages/stereo_msgs/_stereo_msgs_s.ep.rosidl_typesupport_introspection_c.c
[7.497s] -- Installing: /home/cairlab/Documents/GitHub/saga_repo/install/stereo_msgs/local/lib/python3.10/dist-packages/stereo_msgs/stereo_msgs_s__rosidl_typesupport_c.cpython-310-x86_64-linux-gnu.so
[7.497s] -- Installing: /home/cairlab/Documents/GitHub/saga_repo/install/stereo_msgs/local/lib/python3.10/dist-packages/stereo_msgs/msg
[7.497s] -- Installing: /home/cairlab/Documents/GitHub/saga_repo/install/stereo_msgs/local/lib/python3.10/dist-packages/stereo_msgs/msg/_disparity_image.py
[7.498s] -- Installing: /home/cairlab/Documents/GitHub/saga_repo/install/stereo_msgs/local/lib/python3.10/dist-packages/stereo_msgs/msg/_disparity_image_s.c
[7.498s] -- Installing: /home/cairlab/Documents/GitHub/saga_repo/install/stereo_msgs/local/lib/python3.10/dist-packages/stereo_msgs/msg/__init__.py
[7.545s] Listing '/home/cairlab/Documents/GitHub/saga_repo/install/stereo_msgs/local/lib/python3.10/dist-packages/stereo_msgs'...
[7.546s] Compiling '/home/cairlab/Documents/GitHub/saga_repo/install/stereo_msgs/local/lib/python3.10/dist-packages/stereo_msgs/__init__.py'...
[7.546s] Listing '/home/cairlab/Documents/GitHub/saga_repo/install/stereo_msgs/local/lib/python3.10/dist-packages/stereo_msgs/msg'...
[7.546s] Compiling '/home/cairlab/Documents/GitHub/saga_repo/install/stereo_msgs/local/lib/python3.10/dist-packages/stereo_msgs/msg/__init__.py'...
[7.546s] Compiling '/home/cairlab/Documents/GitHub/saga_repo/install/stereo_msgs/local/lib/python3.10/dist-packages/stereo_msgs/msg/_disparity_image.py'...
[7.553s] -- Installing: /home/cairlab/Documents/GitHub/saga_repo/install/stereo_msgs/local/lib/python3.10/dist-packages/stereo_msgs/stereo_msgs_s__rosidl_typesupport_fastrtps_c.cpython-310-x86_64-linux-gnu.so
[7.553s] -- Set runtime path of "/home/cairlab/Documents/GitHub/saga_repo/install/stereo_msgs/local/lib/python3.10/dist-packages/stereo_msgs/stereo_msgs_s__rosidl_typesupport_fastrtps_c.cpython-310-x86_64-linux-gnu.so" to ""
[7.553s] -- Installing: /home/cairlab/Documents/GitHub/saga_repo/install/stereo_msgs/local/lib/python3.10/dist-packages/stereo_msgs/stereo_msgs_s__rosidl_typesupport_introspection_c.cpython-310-x86_64-linux-gnu.so
[7.554s] -- Set runtime path of "/home/cairlab/Documents/GitHub/saga_repo/install/stereo_msgs/local/lib/python3.10/dist-packages/stereo_msgs/stereo_msgs_s__rosidl_typesupport_introspection_c.cpython-310-x86_64-linux-gnu.so" to ""
[7.554s] -- Installing: /home/cairlab/Documents/GitHub/saga_repo/install/stereo_msgs/local/lib/python3.10/dist-packages/stereo_msgs/stereo_msgs_s__rosidl_typesupport_c.cpython-310-x86_64-linux-gnu.so
[7.555s] -- Set runtime path of "/home/cairlab/Documents/GitHub/saga_repo/install/stereo_msgs/local/lib/python3.10/dist-packages/stereo_msgs/stereo_msgs_s__rosidl_typesupport_c.cpython-310-x86_64-linux-gnu.so" to ""
[7.555s] -- Installing: /home/cairlab/Documents/GitHub/saga_repo/install/stereo_msgs/lib/libstereo_msgs__rosidl_generator_py.so
[7.555s] -- Set runtime path of "/home/cairlab/Documents/GitHub/saga_repo/install/stereo_msgs/lib/libstereo_msgs__rosidl_generator_py.so" to ""
[7.555s] -- Installing: /home/cairlab/Documents/GitHub/saga_repo/install/stereo_msgs/share/stereo_msgs/msg/DisparityImage.idl
[7.556s] -- Installing: /home/cairlab/Documents/GitHub/saga_repo/install/stereo_msgs/share/stereo_msgs/msg/DisparityImage.msg
[7.556s] -- Installing: /home/cairlab/Documents/GitHub/saga_repo/install/stereo_msgs/share/ament_index/resource_index/package_run_dependencies/stereo_msgs
[7.556s] -- Installing: /home/cairlab/Documents/GitHub/saga_repo/install/stereo_msgs/share/ament_index/resource_index/parent_prefix_path/stereo_msgs
[7.556s] -- Installing: /home/cairlab/Documents/GitHub/saga_repo/install/stereo_msgs/share/stereo_msgs/environment/ament_prefix_path.sh
[7.556s] -- Installing: /home/cairlab/Documents/GitHub/saga_repo/install/stereo_msgs/share/stereo_msgs/environment/ament_prefix_path.dsv
[7.557s] -- Installing: /home/cairlab/Documents/GitHub/saga_repo/install/stereo_msgs/share/stereo_msgs/environment/path.sh
[7.557s] -- Installing: /home/cairlab/Documents/GitHub/saga_repo/install/stereo_msgs/share/stereo_msgs/environment/path.dsv
[7.557s] -- Installing: /home/cairlab/Documents/GitHub/saga_repo/install/stereo_msgs/share/stereo_msgs/local_setup.bash
[7.557s] -- Installing: /home/cairlab/Documents/GitHub/saga_repo/install/stereo_msgs/share/stereo_msgs/local_setup.sh
[7.557s] -- Installing: /home/cairlab/Documents/GitHub/saga_repo/install/stereo_msgs/share/stereo_msgs/local_setup.zsh
[7.557s] -- Installing: /home/cairlab/Documents/GitHub/saga_repo/install/stereo_msgs/share/stereo_msgs/local_setup.dsv
[7.558s] -- Installing: /home/cairlab/Documents/GitHub/saga_repo/install/stereo_msgs/share/stereo_msgs/package.dsv
[7.558s] -- Installing: /home/cairlab/Documents/GitHub/saga_repo/install/stereo_msgs/share/ament_index/resource_index/packages/stereo_msgs
[7.558s] -- Installing: /home/cairlab/Documents/GitHub/saga_repo/install/stereo_msgs/share/stereo_msgs/cmake/export_stereo_msgs__rosidl_generator_cExport.cmake
[7.558s] -- Installing: /home/cairlab/Documents/GitHub/saga_repo/install/stereo_msgs/share/stereo_msgs/cmake/export_stereo_msgs__rosidl_generator_cExport-noconfig.cmake
[7.558s] -- Installing: /home/cairlab/Documents/GitHub/saga_repo/install/stereo_msgs/share/stereo_msgs/cmake/export_stereo_msgs__rosidl_typesupport_fastrtps_cExport.cmake
[7.558s] -- Installing: /home/cairlab/Documents/GitHub/saga_repo/install/stereo_msgs/share/stereo_msgs/cmake/export_stereo_msgs__rosidl_typesupport_fastrtps_cExport-noconfig.cmake
[7.559s] -- Installing: /home/cairlab/Documents/GitHub/saga_repo/install/stereo_msgs/share/stereo_msgs/cmake/stereo_msgs__rosidl_typesupport_introspection_cExport.cmake
[7.559s] -- Installing: /home/cairlab/Documents/GitHub/saga_repo/install/stereo_msgs/share/stereo_msgs/cmake/stereo_msgs__rosidl_typesupport_introspection_cExport-noconfig.cmake
[7.559s] -- Installing: /home/cairlab/Documents/GitHub/saga_repo/install/stereo_msgs/share/stereo_msgs/cmake/stereo_msgs__rosidl_typesupport_cExport.cmake
[7.559s] -- Installing: /home/cairlab/Documents/GitHub/saga_repo/install/stereo_msgs/share/stereo_msgs/cmake/stereo_msgs__rosidl_typesupport_cExport-noconfig.cmake
[7.559s] -- Installing: /home/cairlab/Documents/GitHub/saga_repo/install/stereo_msgs/share/stereo_msgs/cmake/export_stereo_msgs__rosidl_generator_cppExport.cmake
[7.560s] -- Installing: /home/cairlab/Documents/GitHub/saga_repo/install/stereo_msgs/share/stereo_msgs/cmake/export_stereo_msgs__rosidl_typesupport_fastrtps_cppExport.cmake
[7.560s] -- Installing: /home/cairlab/Documents/GitHub/saga_repo/install/stereo_msgs/share/stereo_msgs/cmake/export_stereo_msgs__rosidl_typesupport_fastrtps_cppExport-noconfig.cmake
[7.560s] -- Installing: /home/cairlab/Documents/GitHub/saga_repo/install/stereo_msgs/share/stereo_msgs/cmake/stereo_msgs__rosidl_typesupport_introspection_cppExport.cmake
[7.560s] -- Installing: /home/cairlab/Documents/GitHub/saga_repo/install/stereo_msgs/share/stereo_msgs/cmake/stereo_msgs__rosidl_typesupport_introspection_cppExport-noconfig.cmake
[7.560s] -- Installing: /home/cairlab/Documents/GitHub/saga_repo/install/stereo_msgs/share/stereo_msgs/cmake/stereo_msgs__rosidl_typesupport_cppExport.cmake
[7.560s] -- Installing: /home/cairlab/Documents/GitHub/saga_repo/install/stereo_msgs/share/stereo_msgs/cmake/stereo_msgs__rosidl_typesupport_cppExport-noconfig.cmake
[7.561s] -- Installing: /home/cairlab/Documents/GitHub/saga_repo/install/stereo_msgs/share/stereo_msgs/cmake/export_stereo_msgs__rosidl_generator_pyExport.cmake
[7.561s] -- Installing: /home/cairlab/Documents/GitHub/saga_repo/install/stereo_msgs/share/stereo_msgs/cmake/export_stereo_msgs__rosidl_generator_pyExport-noconfig.cmake
[7.561s] -- Installing: /home/cairlab/Documents/GitHub/saga_repo/install/stereo_msgs/share/stereo_msgs/cmake/rosidl_cmake-extras.cmake
[7.561s] -- Installing: /home/cairlab/Documents/GitHub/saga_repo/install/stereo_msgs/share/stereo_msgs/cmake/ament_cmake_export_dependencies-extras.cmake
[7.561s] -- Installing: /home/cairlab/Documents/GitHub/saga_repo/install/stereo_msgs/share/stereo_msgs/cmake/ament_cmake_export_include_directories-extras.cmake
[7.561s] -- Installing: /home/cairlab/Documents/GitHub/saga_repo/install/stereo_msgs/share/stereo_msgs/cmake/ament_cmake_export_libraries-extras.cmake
[7.562s] -- Installing: /home/cairlab/Documents/GitHub/saga_repo/install/stereo_msgs/share/stereo_msgs/cmake/ament_cmake_export_targets-extras.cmake
[7.562s] -- Installing: /home/cairlab/Documents/GitHub/saga_repo/install/stereo_msgs/share/stereo_msgs/cmake/rosidl_cmake_export_typesupport_targets-extras.cmake
[7.562s] -- Installing: /home/cairlab/Documents/GitHub/saga_repo/install/stereo_msgs/share/stereo_msgs/cmake/rosidl_cmake_export_typesupport_libraries-extras.cmake
[7.562s] -- Installing: /home/cairlab/Documents/GitHub/saga_repo/install/stereo_msgs/share/stereo_msgs/cmake/stereo_msgsConfig.cmake
[7.562s] -- Installing: /home/cairlab/Documents/GitHub/saga_repo/install/stereo_msgs/share/stereo_msgs/cmake/stereo_msgsConfig-version.cmake
[7.562s] -- Installing: /home/cairlab/Documents/GitHub/saga_repo/install/stereo_msgs/share/stereo_msgs/package.xml
[7.568s] Invoked command in '/home/cairlab/Documents/GitHub/saga_repo/build/stereo_msgs' returned '0': AMENT_PREFIX_PATH=/home/cairlab/Documents/GitHub/saga_repo/install/sensor_msgs:/home/cairlab/Documents/GitHub/saga_repo/install/geometry_msgs:/home/cairlab/Documents/GitHub/saga_repo/install/std_msgs:${AMENT_PREFIX_PATH} CMAKE_PREFIX_PATH=/home/cairlab/Documents/GitHub/saga_repo/install/sensor_msgs:/home/cairlab/Documents/GitHub/saga_repo/install/geometry_msgs:/home/cairlab/Documents/GitHub/saga_repo/install/std_msgs:/opt/ros/humble LD_LIBRARY_PATH=/home/cairlab/Documents/GitHub/saga_repo/install/sensor_msgs/lib:/home/cairlab/Documents/GitHub/saga_repo/install/geometry_msgs/lib:/home/cairlab/Documents/GitHub/saga_repo/install/std_msgs/lib:${LD_LIBRARY_PATH} PYTHONPATH=/home/cairlab/Documents/GitHub/saga_repo/install/sensor_msgs/local/lib/python3.10/dist-packages:/home/cairlab/Documents/GitHub/saga_repo/install/geometry_msgs/local/lib/python3.10/dist-packages:/home/cairlab/Documents/GitHub/saga_repo/install/std_msgs/local/lib/python3.10/dist-packages:${PYTHONPATH} /usr/bin/cmake --install /home/cairlab/Documents/GitHub/saga_repo/build/stereo_msgs
