[0.058s] Invoking command in '/home/cairlab/Documents/GitHub/saga_repo/build/loki_simulator': AMENT_PREFIX_PATH=/home/cairlab/Documents/GitHub/saga_repo/install/loki_base:/home/cairlab/Documents/GitHub/saga_repo/install/loki_can_devices:/home/cairlab/Documents/GitHub/saga_repo/install/loki_msgs:/home/cairlab/Documents/GitHub/saga_repo/install/loki_description:${AMENT_PREFIX_PATH} CMAKE_PREFIX_PATH=/home/cairlab/Documents/GitHub/saga_repo/install/loki_can_devices:/home/cairlab/Documents/GitHub/saga_repo/install/loki_msgs:/home/cairlab/Documents/GitHub/saga_repo/install/loki_description:/opt/ros/humble LD_LIBRARY_PATH=/home/cairlab/Documents/GitHub/saga_repo/install/loki_can_devices/lib:/home/cairlab/Documents/GitHub/saga_repo/install/loki_msgs/lib:${LD_LIBRARY_PATH} PYTHONPATH=/home/cairlab/Documents/GitHub/saga_repo/install/loki_base/lib/python3.10/site-packages:/home/cairlab/Documents/GitHub/saga_repo/install/loki_msgs/local/lib/python3.10/dist-packages:${PYTHONPATH} /usr/bin/cmake /home/cairlab/Documents/GitHub/saga_repo/ros2_thor/src/loki/loki_simulator -DCMAKE_INSTALL_PREFIX=/home/cairlab/Documents/GitHub/saga_repo/install/loki_simulator
[0.112s] -- The C compiler identification is GNU 11.4.0
[0.177s] -- The CXX compiler identification is GNU 11.4.0
[0.184s] -- Detecting C compiler ABI info
[0.252s] -- Detecting C compiler ABI info - done
[0.258s] -- Check for working C compiler: /usr/bin/cc - skipped
[0.258s] -- Detecting C compile features
[0.258s] -- Detecting C compile features - done
[0.261s] -- Detecting CXX compiler ABI info
[0.332s] -- Detecting CXX compiler ABI info - done
[0.338s] -- Check for working CXX compiler: /usr/bin/c++ - skipped
[0.338s] -- Detecting CXX compile features
[0.339s] -- Detecting CXX compile features - done
[0.341s] -- Found ament_cmake: 1.3.5 (/opt/ros/humble/share/ament_cmake/cmake)
[0.671s] -- Found Python3: /usr/bin/python3.10 (found version "3.10.12") found components: Interpreter 
[0.804s] -- Configuring done
[0.806s] -- Generating done
[0.807s] -- Build files have been written to: /home/cairlab/Documents/GitHub/saga_repo/build/loki_simulator
[0.811s] Invoked command in '/home/cairlab/Documents/GitHub/saga_repo/build/loki_simulator' returned '0': AMENT_PREFIX_PATH=/home/cairlab/Documents/GitHub/saga_repo/install/loki_base:/home/cairlab/Documents/GitHub/saga_repo/install/loki_can_devices:/home/cairlab/Documents/GitHub/saga_repo/install/loki_msgs:/home/cairlab/Documents/GitHub/saga_repo/install/loki_description:${AMENT_PREFIX_PATH} CMAKE_PREFIX_PATH=/home/cairlab/Documents/GitHub/saga_repo/install/loki_can_devices:/home/cairlab/Documents/GitHub/saga_repo/install/loki_msgs:/home/cairlab/Documents/GitHub/saga_repo/install/loki_description:/opt/ros/humble LD_LIBRARY_PATH=/home/cairlab/Documents/GitHub/saga_repo/install/loki_can_devices/lib:/home/cairlab/Documents/GitHub/saga_repo/install/loki_msgs/lib:${LD_LIBRARY_PATH} PYTHONPATH=/home/cairlab/Documents/GitHub/saga_repo/install/loki_base/lib/python3.10/site-packages:/home/cairlab/Documents/GitHub/saga_repo/install/loki_msgs/local/lib/python3.10/dist-packages:${PYTHONPATH} /usr/bin/cmake /home/cairlab/Documents/GitHub/saga_repo/ros2_thor/src/loki/loki_simulator -DCMAKE_INSTALL_PREFIX=/home/cairlab/Documents/GitHub/saga_repo/install/loki_simulator
[0.812s] Invoking command in '/home/cairlab/Documents/GitHub/saga_repo/build/loki_simulator': AMENT_PREFIX_PATH=/home/cairlab/Documents/GitHub/saga_repo/install/loki_base:/home/cairlab/Documents/GitHub/saga_repo/install/loki_can_devices:/home/cairlab/Documents/GitHub/saga_repo/install/loki_msgs:/home/cairlab/Documents/GitHub/saga_repo/install/loki_description:${AMENT_PREFIX_PATH} CMAKE_PREFIX_PATH=/home/cairlab/Documents/GitHub/saga_repo/install/loki_can_devices:/home/cairlab/Documents/GitHub/saga_repo/install/loki_msgs:/home/cairlab/Documents/GitHub/saga_repo/install/loki_description:/opt/ros/humble LD_LIBRARY_PATH=/home/cairlab/Documents/GitHub/saga_repo/install/loki_can_devices/lib:/home/cairlab/Documents/GitHub/saga_repo/install/loki_msgs/lib:${LD_LIBRARY_PATH} PYTHONPATH=/home/cairlab/Documents/GitHub/saga_repo/install/loki_base/lib/python3.10/site-packages:/home/cairlab/Documents/GitHub/saga_repo/install/loki_msgs/local/lib/python3.10/dist-packages:${PYTHONPATH} /usr/bin/cmake --build /home/cairlab/Documents/GitHub/saga_repo/build/loki_simulator -- -j12 -l12
[0.850s] Invoked command in '/home/cairlab/Documents/GitHub/saga_repo/build/loki_simulator' returned '0': AMENT_PREFIX_PATH=/home/cairlab/Documents/GitHub/saga_repo/install/loki_base:/home/cairlab/Documents/GitHub/saga_repo/install/loki_can_devices:/home/cairlab/Documents/GitHub/saga_repo/install/loki_msgs:/home/cairlab/Documents/GitHub/saga_repo/install/loki_description:${AMENT_PREFIX_PATH} CMAKE_PREFIX_PATH=/home/cairlab/Documents/GitHub/saga_repo/install/loki_can_devices:/home/cairlab/Documents/GitHub/saga_repo/install/loki_msgs:/home/cairlab/Documents/GitHub/saga_repo/install/loki_description:/opt/ros/humble LD_LIBRARY_PATH=/home/cairlab/Documents/GitHub/saga_repo/install/loki_can_devices/lib:/home/cairlab/Documents/GitHub/saga_repo/install/loki_msgs/lib:${LD_LIBRARY_PATH} PYTHONPATH=/home/cairlab/Documents/GitHub/saga_repo/install/loki_base/lib/python3.10/site-packages:/home/cairlab/Documents/GitHub/saga_repo/install/loki_msgs/local/lib/python3.10/dist-packages:${PYTHONPATH} /usr/bin/cmake --build /home/cairlab/Documents/GitHub/saga_repo/build/loki_simulator -- -j12 -l12
[0.869s] Invoking command in '/home/cairlab/Documents/GitHub/saga_repo/build/loki_simulator': AMENT_PREFIX_PATH=/home/cairlab/Documents/GitHub/saga_repo/install/loki_base:/home/cairlab/Documents/GitHub/saga_repo/install/loki_can_devices:/home/cairlab/Documents/GitHub/saga_repo/install/loki_msgs:/home/cairlab/Documents/GitHub/saga_repo/install/loki_description:${AMENT_PREFIX_PATH} CMAKE_PREFIX_PATH=/home/cairlab/Documents/GitHub/saga_repo/install/loki_can_devices:/home/cairlab/Documents/GitHub/saga_repo/install/loki_msgs:/home/cairlab/Documents/GitHub/saga_repo/install/loki_description:/opt/ros/humble LD_LIBRARY_PATH=/home/cairlab/Documents/GitHub/saga_repo/install/loki_can_devices/lib:/home/cairlab/Documents/GitHub/saga_repo/install/loki_msgs/lib:${LD_LIBRARY_PATH} PYTHONPATH=/home/cairlab/Documents/GitHub/saga_repo/install/loki_base/lib/python3.10/site-packages:/home/cairlab/Documents/GitHub/saga_repo/install/loki_msgs/local/lib/python3.10/dist-packages:${PYTHONPATH} /usr/bin/cmake --install /home/cairlab/Documents/GitHub/saga_repo/build/loki_simulator
[0.876s] -- Install configuration: ""
[0.876s] -- Installing: /home/cairlab/Documents/GitHub/saga_repo/install/loki_simulator/share/ament_index/resource_index/package_run_dependencies/loki_simulator
[0.877s] -- Installing: /home/cairlab/Documents/GitHub/saga_repo/install/loki_simulator/share/ament_index/resource_index/parent_prefix_path/loki_simulator
[0.877s] -- Installing: /home/cairlab/Documents/GitHub/saga_repo/install/loki_simulator/share/loki_simulator/environment/ament_prefix_path.sh
[0.877s] -- Installing: /home/cairlab/Documents/GitHub/saga_repo/install/loki_simulator/share/loki_simulator/environment/ament_prefix_path.dsv
[0.877s] -- Installing: /home/cairlab/Documents/GitHub/saga_repo/install/loki_simulator/share/loki_simulator/environment/path.sh
[0.877s] -- Installing: /home/cairlab/Documents/GitHub/saga_repo/install/loki_simulator/share/loki_simulator/environment/path.dsv
[0.877s] -- Installing: /home/cairlab/Documents/GitHub/saga_repo/install/loki_simulator/share/loki_simulator/local_setup.bash
[0.878s] -- Installing: /home/cairlab/Documents/GitHub/saga_repo/install/loki_simulator/share/loki_simulator/local_setup.sh
[0.878s] -- Installing: /home/cairlab/Documents/GitHub/saga_repo/install/loki_simulator/share/loki_simulator/local_setup.zsh
[0.878s] -- Installing: /home/cairlab/Documents/GitHub/saga_repo/install/loki_simulator/share/loki_simulator/local_setup.dsv
[0.878s] -- Installing: /home/cairlab/Documents/GitHub/saga_repo/install/loki_simulator/share/loki_simulator/package.dsv
[0.878s] -- Installing: /home/cairlab/Documents/GitHub/saga_repo/install/loki_simulator/share/ament_index/resource_index/packages/loki_simulator
[0.878s] -- Installing: /home/cairlab/Documents/GitHub/saga_repo/install/loki_simulator/share/loki_simulator/cmake/loki_simulatorConfig.cmake
[0.878s] -- Installing: /home/cairlab/Documents/GitHub/saga_repo/install/loki_simulator/share/loki_simulator/cmake/loki_simulatorConfig-version.cmake
[0.878s] -- Installing: /home/cairlab/Documents/GitHub/saga_repo/install/loki_simulator/share/loki_simulator/package.xml
[0.881s] Invoked command in '/home/cairlab/Documents/GitHub/saga_repo/build/loki_simulator' returned '0': AMENT_PREFIX_PATH=/home/cairlab/Documents/GitHub/saga_repo/install/loki_base:/home/cairlab/Documents/GitHub/saga_repo/install/loki_can_devices:/home/cairlab/Documents/GitHub/saga_repo/install/loki_msgs:/home/cairlab/Documents/GitHub/saga_repo/install/loki_description:${AMENT_PREFIX_PATH} CMAKE_PREFIX_PATH=/home/cairlab/Documents/GitHub/saga_repo/install/loki_can_devices:/home/cairlab/Documents/GitHub/saga_repo/install/loki_msgs:/home/cairlab/Documents/GitHub/saga_repo/install/loki_description:/opt/ros/humble LD_LIBRARY_PATH=/home/cairlab/Documents/GitHub/saga_repo/install/loki_can_devices/lib:/home/cairlab/Documents/GitHub/saga_repo/install/loki_msgs/lib:${LD_LIBRARY_PATH} PYTHONPATH=/home/cairlab/Documents/GitHub/saga_repo/install/loki_base/lib/python3.10/site-packages:/home/cairlab/Documents/GitHub/saga_repo/install/loki_msgs/local/lib/python3.10/dist-packages:${PYTHONPATH} /usr/bin/cmake --install /home/cairlab/Documents/GitHub/saga_repo/build/loki_simulator
