[0.015s] Invoking command in '/home/cairlab/Documents/GitHub/saga_repo/build/diagnostic_aggregator': AMENT_PREFIX_PATH=/home/cairlab/Documents/GitHub/saga_repo/install/diagnostic_msgs:/home/cairlab/Documents/GitHub/saga_repo/install/geometry_msgs:/home/cairlab/Documents/GitHub/saga_repo/install/std_msgs:${AMENT_PREFIX_PATH} CMAKE_PREFIX_PATH=/home/cairlab/Documents/GitHub/saga_repo/install/diagnostic_msgs:/home/cairlab/Documents/GitHub/saga_repo/install/geometry_msgs:/home/cairlab/Documents/GitHub/saga_repo/install/std_msgs:/opt/ros/humble LD_LIBRARY_PATH=/home/cairlab/Documents/GitHub/saga_repo/install/diagnostic_msgs/lib:/home/cairlab/Documents/GitHub/saga_repo/install/geometry_msgs/lib:/home/cairlab/Documents/GitHub/saga_repo/install/std_msgs/lib:${LD_LIBRARY_PATH} PYTHONPATH=/home/cairlab/Documents/GitHub/saga_repo/install/diagnostic_msgs/local/lib/python3.10/dist-packages:/home/cairlab/Documents/GitHub/saga_repo/install/geometry_msgs/local/lib/python3.10/dist-packages:/home/cairlab/Documents/GitHub/saga_repo/install/std_msgs/local/lib/python3.10/dist-packages:${PYTHONPATH} /usr/bin/cmake /home/cairlab/Documents/GitHub/saga_repo/ros2_thor/src/diagnostics/diagnostic_aggregator -DCMAKE_INSTALL_PREFIX=/home/cairlab/Documents/GitHub/saga_repo/install/diagnostic_aggregator
[0.067s] -- The C compiler identification is GNU 11.4.0
[0.117s] -- The CXX compiler identification is GNU 11.4.0
[0.124s] -- Detecting C compiler ABI info
[0.186s] -- Detecting C compiler ABI info - done
[0.198s] -- Check for working C compiler: /usr/bin/cc - skipped
[0.198s] -- Detecting C compile features
[0.199s] -- Detecting C compile features - done
[0.203s] -- Detecting CXX compiler ABI info
[0.309s] -- Detecting CXX compiler ABI info - done
[0.323s] -- Check for working CXX compiler: /usr/bin/c++ - skipped
[0.323s] -- Detecting CXX compile features
[0.324s] -- Detecting CXX compile features - done
[0.328s] -- Found ament_cmake: 1.3.5 (/opt/ros/humble/share/ament_cmake/cmake)
[0.838s] -- Found Python3: /usr/bin/python3.10 (found version "3.10.12") found components: Interpreter 
[0.948s] -- Found diagnostic_msgs: 5.2.0 (/home/cairlab/Documents/GitHub/saga_repo/install/diagnostic_msgs/share/diagnostic_msgs/cmake)
[1.003s] -- Found rosidl_generator_c: 3.1.5 (/opt/ros/humble/share/rosidl_generator_c/cmake)
[1.012s] -- Found rosidl_adapter: 3.1.5 (/opt/ros/humble/share/rosidl_adapter/cmake)
[1.027s] -- Found rosidl_generator_cpp: 3.1.5 (/opt/ros/humble/share/rosidl_generator_cpp/cmake)
[1.055s] -- Using all available rosidl_typesupport_c: rosidl_typesupport_fastrtps_c;rosidl_typesupport_introspection_c
[1.094s] -- Using all available rosidl_typesupport_cpp: rosidl_typesupport_fastrtps_cpp;rosidl_typesupport_introspection_cpp
[1.312s] -- Found pluginlib: 5.1.0 (/opt/ros/humble/share/pluginlib/cmake)
[1.356s] -- Found rclcpp: 16.0.5 (/opt/ros/humble/share/rclcpp/cmake)
[1.500s] -- Found rmw_implementation_cmake: 6.1.1 (/opt/ros/humble/share/rmw_implementation_cmake/cmake)
[1.505s] -- Found rmw_fastrtps_cpp: 6.2.3 (/opt/ros/humble/share/rmw_fastrtps_cpp/cmake)
[1.762s] -- Found OpenSSL: /usr/lib/x86_64-linux-gnu/libcrypto.so (found version "3.0.2")  
[1.807s] -- Found FastRTPS: /opt/ros/humble/include  
[1.935s] -- Using RMW implementation 'rmw_fastrtps_cpp' as default
[1.976s] -- Looking for pthread.h
[2.119s] -- Looking for pthread.h - found
[2.119s] -- Performing Test CMAKE_HAVE_LIBC_PTHREAD
[2.241s] -- Performing Test CMAKE_HAVE_LIBC_PTHREAD - Success
[2.242s] -- Found Threads: TRUE  
[2.475s] -- Found ament_lint_auto: 0.12.7 (/opt/ros/humble/share/ament_lint_auto/cmake)
[2.597s] -- Found python_cmake_module: 0.10.0 (/opt/ros/humble/share/python_cmake_module/cmake)
[2.627s] -- Found PythonInterp: /usr/bin/python3 (found suitable version "3.10.12", minimum required is "3.6") 
[2.633s] -- Found PythonLibs: /usr/lib/x86_64-linux-gnu/libpython3.10.so (found suitable version "3.10.12", minimum required is "3.5") 
[2.633s] -- Using PYTHON_EXECUTABLE: /usr/bin/python3
[2.634s] -- Using PYTHON_INCLUDE_DIRS: /usr/include/python3.10
[2.634s] -- Using PYTHON_LIBRARIES: /usr/lib/x86_64-linux-gnu/libpython3.10.so
[2.667s] -- Found PythonExtra: .so  
[2.727s] -- Added test 'cppcheck' to perform static code analysis on C / C++ code
[2.728s] -- Configured cppcheck include dirs: $<BUILD_INTERFACE:/home/cairlab/Documents/GitHub/saga_repo/ros2_thor/src/diagnostics/diagnostic_aggregator/include>
[2.728s] -- Configured cppcheck exclude dirs and/or files: 
[2.731s] -- Added test 'cpplint' to check C / C++ code against the Google style
[2.732s] -- Configured cpplint exclude dirs and/or files: 
[2.732s] -- Added test 'flake8' to check Python code syntax and style conventions
[2.734s] -- Added test 'lint_cmake' to check CMake code style
[2.735s] -- Added test 'pep257' to check Python code against some of the docstring style conventions in PEP 257
[2.739s] -- Added test 'uncrustify' to check C / C++ code style
[2.739s] -- Configured uncrustify additional arguments: 
[2.739s] -- Added test 'xmllint' to check XML markup files
[2.743s] -- Configuring done
[2.780s] -- Generating done
[2.784s] -- Build files have been written to: /home/cairlab/Documents/GitHub/saga_repo/build/diagnostic_aggregator
[2.805s] Invoked command in '/home/cairlab/Documents/GitHub/saga_repo/build/diagnostic_aggregator' returned '0': AMENT_PREFIX_PATH=/home/cairlab/Documents/GitHub/saga_repo/install/diagnostic_msgs:/home/cairlab/Documents/GitHub/saga_repo/install/geometry_msgs:/home/cairlab/Documents/GitHub/saga_repo/install/std_msgs:${AMENT_PREFIX_PATH} CMAKE_PREFIX_PATH=/home/cairlab/Documents/GitHub/saga_repo/install/diagnostic_msgs:/home/cairlab/Documents/GitHub/saga_repo/install/geometry_msgs:/home/cairlab/Documents/GitHub/saga_repo/install/std_msgs:/opt/ros/humble LD_LIBRARY_PATH=/home/cairlab/Documents/GitHub/saga_repo/install/diagnostic_msgs/lib:/home/cairlab/Documents/GitHub/saga_repo/install/geometry_msgs/lib:/home/cairlab/Documents/GitHub/saga_repo/install/std_msgs/lib:${LD_LIBRARY_PATH} PYTHONPATH=/home/cairlab/Documents/GitHub/saga_repo/install/diagnostic_msgs/local/lib/python3.10/dist-packages:/home/cairlab/Documents/GitHub/saga_repo/install/geometry_msgs/local/lib/python3.10/dist-packages:/home/cairlab/Documents/GitHub/saga_repo/install/std_msgs/local/lib/python3.10/dist-packages:${PYTHONPATH} /usr/bin/cmake /home/cairlab/Documents/GitHub/saga_repo/ros2_thor/src/diagnostics/diagnostic_aggregator -DCMAKE_INSTALL_PREFIX=/home/cairlab/Documents/GitHub/saga_repo/install/diagnostic_aggregator
[2.805s] Invoking command in '/home/cairlab/Documents/GitHub/saga_repo/build/diagnostic_aggregator': AMENT_PREFIX_PATH=/home/cairlab/Documents/GitHub/saga_repo/install/diagnostic_msgs:/home/cairlab/Documents/GitHub/saga_repo/install/geometry_msgs:/home/cairlab/Documents/GitHub/saga_repo/install/std_msgs:${AMENT_PREFIX_PATH} CMAKE_PREFIX_PATH=/home/cairlab/Documents/GitHub/saga_repo/install/diagnostic_msgs:/home/cairlab/Documents/GitHub/saga_repo/install/geometry_msgs:/home/cairlab/Documents/GitHub/saga_repo/install/std_msgs:/opt/ros/humble LD_LIBRARY_PATH=/home/cairlab/Documents/GitHub/saga_repo/install/diagnostic_msgs/lib:/home/cairlab/Documents/GitHub/saga_repo/install/geometry_msgs/lib:/home/cairlab/Documents/GitHub/saga_repo/install/std_msgs/lib:${LD_LIBRARY_PATH} PYTHONPATH=/home/cairlab/Documents/GitHub/saga_repo/install/diagnostic_msgs/local/lib/python3.10/dist-packages:/home/cairlab/Documents/GitHub/saga_repo/install/geometry_msgs/local/lib/python3.10/dist-packages:/home/cairlab/Documents/GitHub/saga_repo/install/std_msgs/local/lib/python3.10/dist-packages:${PYTHONPATH} /usr/bin/cmake --build /home/cairlab/Documents/GitHub/saga_repo/build/diagnostic_aggregator -- -j12 -l12
[2.874s] [ 10%] [32mBuilding CXX object CMakeFiles/diagnostic_aggregator.dir/src/analyzer_group.cpp.o[0m
[2.876s] [ 20%] [32mBuilding CXX object CMakeFiles/diagnostic_aggregator.dir/src/aggregator.cpp.o[0m
[2.883s] [ 20%] Built target ament_cmake_python_copy_diagnostic_aggregator
[2.887s] [ 30%] [32mBuilding CXX object CMakeFiles/diagnostic_aggregator.dir/src/status_item.cpp.o[0m
[3.210s] running egg_info
[3.210s] creating diagnostic_aggregator.egg-info
[3.275s] writing diagnostic_aggregator.egg-info/PKG-INFO
[3.275s] writing dependency_links to diagnostic_aggregator.egg-info/dependency_links.txt
[3.275s] writing top-level names to diagnostic_aggregator.egg-info/top_level.txt
[3.276s] writing manifest file 'diagnostic_aggregator.egg-info/SOURCES.txt'
[3.360s] reading manifest file 'diagnostic_aggregator.egg-info/SOURCES.txt'
[3.363s] writing manifest file 'diagnostic_aggregator.egg-info/SOURCES.txt'
[3.458s] [ 30%] Built target ament_cmake_python_build_diagnostic_aggregator_egg
[19.722s] [ 40%] [32m[1mLinking CXX shared library libdiagnostic_aggregator.so[0m
[20.458s] [ 40%] Built target diagnostic_aggregator
[20.478s] [ 70%] [32mBuilding CXX object CMakeFiles/diagnostic_aggregator_analyzers.dir/src/generic_analyzer.cpp.o[0m
[20.478s] [ 70%] [32mBuilding CXX object CMakeFiles/diagnostic_aggregator_analyzers.dir/src/discard_analyzer.cpp.o[0m
[20.478s] [ 70%] [32mBuilding CXX object CMakeFiles/aggregator_node.dir/src/aggregator_node.cpp.o[0m
[23.565s] [ 80%] [32mBuilding CXX object CMakeFiles/diagnostic_aggregator_analyzers.dir/src/ignore_analyzer.cpp.o[0m
[24.048s] [ 90%] [32m[1mLinking CXX executable aggregator_node[0m
[24.347s] [ 90%] Built target aggregator_node
[26.639s] [100%] [32m[1mLinking CXX shared library libdiagnostic_aggregator_analyzers.so[0m
[26.909s] [100%] Built target diagnostic_aggregator_analyzers
[26.920s] Invoked command in '/home/cairlab/Documents/GitHub/saga_repo/build/diagnostic_aggregator' returned '0': AMENT_PREFIX_PATH=/home/cairlab/Documents/GitHub/saga_repo/install/diagnostic_msgs:/home/cairlab/Documents/GitHub/saga_repo/install/geometry_msgs:/home/cairlab/Documents/GitHub/saga_repo/install/std_msgs:${AMENT_PREFIX_PATH} CMAKE_PREFIX_PATH=/home/cairlab/Documents/GitHub/saga_repo/install/diagnostic_msgs:/home/cairlab/Documents/GitHub/saga_repo/install/geometry_msgs:/home/cairlab/Documents/GitHub/saga_repo/install/std_msgs:/opt/ros/humble LD_LIBRARY_PATH=/home/cairlab/Documents/GitHub/saga_repo/install/diagnostic_msgs/lib:/home/cairlab/Documents/GitHub/saga_repo/install/geometry_msgs/lib:/home/cairlab/Documents/GitHub/saga_repo/install/std_msgs/lib:${LD_LIBRARY_PATH} PYTHONPATH=/home/cairlab/Documents/GitHub/saga_repo/install/diagnostic_msgs/local/lib/python3.10/dist-packages:/home/cairlab/Documents/GitHub/saga_repo/install/geometry_msgs/local/lib/python3.10/dist-packages:/home/cairlab/Documents/GitHub/saga_repo/install/std_msgs/local/lib/python3.10/dist-packages:${PYTHONPATH} /usr/bin/cmake --build /home/cairlab/Documents/GitHub/saga_repo/build/diagnostic_aggregator -- -j12 -l12
[26.958s] Invoking command in '/home/cairlab/Documents/GitHub/saga_repo/build/diagnostic_aggregator': AMENT_PREFIX_PATH=/home/cairlab/Documents/GitHub/saga_repo/install/diagnostic_msgs:/home/cairlab/Documents/GitHub/saga_repo/install/geometry_msgs:/home/cairlab/Documents/GitHub/saga_repo/install/std_msgs:${AMENT_PREFIX_PATH} CMAKE_PREFIX_PATH=/home/cairlab/Documents/GitHub/saga_repo/install/diagnostic_msgs:/home/cairlab/Documents/GitHub/saga_repo/install/geometry_msgs:/home/cairlab/Documents/GitHub/saga_repo/install/std_msgs:/opt/ros/humble LD_LIBRARY_PATH=/home/cairlab/Documents/GitHub/saga_repo/install/diagnostic_msgs/lib:/home/cairlab/Documents/GitHub/saga_repo/install/geometry_msgs/lib:/home/cairlab/Documents/GitHub/saga_repo/install/std_msgs/lib:${LD_LIBRARY_PATH} PYTHONPATH=/home/cairlab/Documents/GitHub/saga_repo/install/diagnostic_msgs/local/lib/python3.10/dist-packages:/home/cairlab/Documents/GitHub/saga_repo/install/geometry_msgs/local/lib/python3.10/dist-packages:/home/cairlab/Documents/GitHub/saga_repo/install/std_msgs/local/lib/python3.10/dist-packages:${PYTHONPATH} /usr/bin/cmake --install /home/cairlab/Documents/GitHub/saga_repo/build/diagnostic_aggregator
[26.965s] -- Install configuration: ""
[26.965s] -- Installing: /home/cairlab/Documents/GitHub/saga_repo/install/diagnostic_aggregator/lib/diagnostic_aggregator/aggregator_node
[26.965s] -- Set runtime path of "/home/cairlab/Documents/GitHub/saga_repo/install/diagnostic_aggregator/lib/diagnostic_aggregator/aggregator_node" to ""
[26.965s] -- Installing: /home/cairlab/Documents/GitHub/saga_repo/install/diagnostic_aggregator/lib/libdiagnostic_aggregator.so
[26.973s] -- Set runtime path of "/home/cairlab/Documents/GitHub/saga_repo/install/diagnostic_aggregator/lib/libdiagnostic_aggregator.so" to ""
[26.974s] -- Installing: /home/cairlab/Documents/GitHub/saga_repo/install/diagnostic_aggregator/lib/libdiagnostic_aggregator_analyzers.so
[26.975s] -- Set runtime path of "/home/cairlab/Documents/GitHub/saga_repo/install/diagnostic_aggregator/lib/libdiagnostic_aggregator_analyzers.so" to ""
[26.976s] -- Installing: /home/cairlab/Documents/GitHub/saga_repo/install/diagnostic_aggregator/include
[26.976s] -- Installing: /home/cairlab/Documents/GitHub/saga_repo/install/diagnostic_aggregator/include/diagnostic_aggregator
[26.976s] -- Installing: /home/cairlab/Documents/GitHub/saga_repo/install/diagnostic_aggregator/include/diagnostic_aggregator/generic_analyzer.hpp
[26.976s] -- Installing: /home/cairlab/Documents/GitHub/saga_repo/install/diagnostic_aggregator/include/diagnostic_aggregator/status_item.hpp
[26.976s] -- Installing: /home/cairlab/Documents/GitHub/saga_repo/install/diagnostic_aggregator/include/diagnostic_aggregator/visibility_control.hpp
[26.976s] -- Installing: /home/cairlab/Documents/GitHub/saga_repo/install/diagnostic_aggregator/include/diagnostic_aggregator/ignore_analyzer.hpp
[26.976s] -- Installing: /home/cairlab/Documents/GitHub/saga_repo/install/diagnostic_aggregator/include/diagnostic_aggregator/discard_analyzer.hpp
[26.976s] -- Installing: /home/cairlab/Documents/GitHub/saga_repo/install/diagnostic_aggregator/include/diagnostic_aggregator/analyzer.hpp
[26.976s] -- Installing: /home/cairlab/Documents/GitHub/saga_repo/install/diagnostic_aggregator/include/diagnostic_aggregator/aggregator.hpp
[26.976s] -- Installing: /home/cairlab/Documents/GitHub/saga_repo/install/diagnostic_aggregator/include/diagnostic_aggregator/generic_analyzer_base.hpp
[26.976s] -- Installing: /home/cairlab/Documents/GitHub/saga_repo/install/diagnostic_aggregator/include/diagnostic_aggregator/other_analyzer.hpp
[26.976s] -- Installing: /home/cairlab/Documents/GitHub/saga_repo/install/diagnostic_aggregator/include/diagnostic_aggregator/analyzer_group.hpp
[26.977s] -- Installing: /home/cairlab/Documents/GitHub/saga_repo/install/diagnostic_aggregator/share/diagnostic_aggregator/environment/pythonpath.sh
[26.977s] -- Installing: /home/cairlab/Documents/GitHub/saga_repo/install/diagnostic_aggregator/share/diagnostic_aggregator/environment/pythonpath.dsv
[26.977s] -- Installing: /home/cairlab/Documents/GitHub/saga_repo/install/diagnostic_aggregator/local/lib/python3.10/dist-packages/diagnostic_aggregator-3.1.2-py3.10.egg-info
[26.977s] -- Installing: /home/cairlab/Documents/GitHub/saga_repo/install/diagnostic_aggregator/local/lib/python3.10/dist-packages/diagnostic_aggregator-3.1.2-py3.10.egg-info/dependency_links.txt
[26.977s] -- Installing: /home/cairlab/Documents/GitHub/saga_repo/install/diagnostic_aggregator/local/lib/python3.10/dist-packages/diagnostic_aggregator-3.1.2-py3.10.egg-info/PKG-INFO
[26.978s] -- Installing: /home/cairlab/Documents/GitHub/saga_repo/install/diagnostic_aggregator/local/lib/python3.10/dist-packages/diagnostic_aggregator-3.1.2-py3.10.egg-info/SOURCES.txt
[26.978s] -- Installing: /home/cairlab/Documents/GitHub/saga_repo/install/diagnostic_aggregator/local/lib/python3.10/dist-packages/diagnostic_aggregator-3.1.2-py3.10.egg-info/top_level.txt
[26.978s] -- Installing: /home/cairlab/Documents/GitHub/saga_repo/install/diagnostic_aggregator/local/lib/python3.10/dist-packages/diagnostic_aggregator
[26.978s] -- Installing: /home/cairlab/Documents/GitHub/saga_repo/install/diagnostic_aggregator/local/lib/python3.10/dist-packages/diagnostic_aggregator/__init__.py
[27.006s] Listing '/home/cairlab/Documents/GitHub/saga_repo/install/diagnostic_aggregator/local/lib/python3.10/dist-packages/diagnostic_aggregator'...
[27.006s] Compiling '/home/cairlab/Documents/GitHub/saga_repo/install/diagnostic_aggregator/local/lib/python3.10/dist-packages/diagnostic_aggregator/__init__.py'...
[27.009s] -- Installing: /home/cairlab/Documents/GitHub/saga_repo/install/diagnostic_aggregator/share/diagnostic_aggregator/example.launch.py
[27.010s] -- Installing: /home/cairlab/Documents/GitHub/saga_repo/install/diagnostic_aggregator/lib/diagnostic_aggregator/example_pub.py
[27.010s] -- Installing: /home/cairlab/Documents/GitHub/saga_repo/install/diagnostic_aggregator/share/diagnostic_aggregator/example_analyzers.yaml
[27.010s] -- Installing: /home/cairlab/Documents/GitHub/saga_repo/install/diagnostic_aggregator/share/diagnostic_aggregator/plugin_description.xml
[27.010s] -- Installing: /home/cairlab/Documents/GitHub/saga_repo/install/diagnostic_aggregator/share/diagnostic_aggregator/environment/library_path.sh
[27.010s] -- Installing: /home/cairlab/Documents/GitHub/saga_repo/install/diagnostic_aggregator/share/diagnostic_aggregator/environment/library_path.dsv
[27.011s] -- Installing: /home/cairlab/Documents/GitHub/saga_repo/install/diagnostic_aggregator/share/ament_index/resource_index/package_run_dependencies/diagnostic_aggregator
[27.011s] -- Installing: /home/cairlab/Documents/GitHub/saga_repo/install/diagnostic_aggregator/share/ament_index/resource_index/parent_prefix_path/diagnostic_aggregator
[27.011s] -- Installing: /home/cairlab/Documents/GitHub/saga_repo/install/diagnostic_aggregator/share/diagnostic_aggregator/environment/ament_prefix_path.sh
[27.011s] -- Installing: /home/cairlab/Documents/GitHub/saga_repo/install/diagnostic_aggregator/share/diagnostic_aggregator/environment/ament_prefix_path.dsv
[27.011s] -- Installing: /home/cairlab/Documents/GitHub/saga_repo/install/diagnostic_aggregator/share/diagnostic_aggregator/environment/path.sh
[27.011s] -- Installing: /home/cairlab/Documents/GitHub/saga_repo/install/diagnostic_aggregator/share/diagnostic_aggregator/environment/path.dsv
[27.012s] -- Installing: /home/cairlab/Documents/GitHub/saga_repo/install/diagnostic_aggregator/share/diagnostic_aggregator/local_setup.bash
[27.012s] -- Installing: /home/cairlab/Documents/GitHub/saga_repo/install/diagnostic_aggregator/share/diagnostic_aggregator/local_setup.sh
[27.012s] -- Installing: /home/cairlab/Documents/GitHub/saga_repo/install/diagnostic_aggregator/share/diagnostic_aggregator/local_setup.zsh
[27.012s] -- Installing: /home/cairlab/Documents/GitHub/saga_repo/install/diagnostic_aggregator/share/diagnostic_aggregator/local_setup.dsv
[27.012s] -- Installing: /home/cairlab/Documents/GitHub/saga_repo/install/diagnostic_aggregator/share/diagnostic_aggregator/package.dsv
[27.013s] -- Installing: /home/cairlab/Documents/GitHub/saga_repo/install/diagnostic_aggregator/share/ament_index/resource_index/packages/diagnostic_aggregator
[27.013s] -- Installing: /home/cairlab/Documents/GitHub/saga_repo/install/diagnostic_aggregator/share/ament_index/resource_index/diagnostic_aggregator__pluginlib__plugin/diagnostic_aggregator
[27.013s] -- Installing: /home/cairlab/Documents/GitHub/saga_repo/install/diagnostic_aggregator/share/diagnostic_aggregator/cmake/diagnostic_aggregatorTargetsExport.cmake
[27.013s] -- Installing: /home/cairlab/Documents/GitHub/saga_repo/install/diagnostic_aggregator/share/diagnostic_aggregator/cmake/diagnostic_aggregatorTargetsExport-noconfig.cmake
[27.014s] -- Installing: /home/cairlab/Documents/GitHub/saga_repo/install/diagnostic_aggregator/share/diagnostic_aggregator/cmake/ament_cmake_export_targets-extras.cmake
[27.014s] -- Installing: /home/cairlab/Documents/GitHub/saga_repo/install/diagnostic_aggregator/share/diagnostic_aggregator/cmake/ament_cmake_export_include_directories-extras.cmake
[27.014s] -- Installing: /home/cairlab/Documents/GitHub/saga_repo/install/diagnostic_aggregator/share/diagnostic_aggregator/cmake/ament_cmake_export_dependencies-extras.cmake
[27.014s] -- Installing: /home/cairlab/Documents/GitHub/saga_repo/install/diagnostic_aggregator/share/diagnostic_aggregator/cmake/diagnostic_aggregatorConfig.cmake
[27.014s] -- Installing: /home/cairlab/Documents/GitHub/saga_repo/install/diagnostic_aggregator/share/diagnostic_aggregator/cmake/diagnostic_aggregatorConfig-version.cmake
[27.014s] -- Installing: /home/cairlab/Documents/GitHub/saga_repo/install/diagnostic_aggregator/share/diagnostic_aggregator/package.xml
[27.017s] Invoked command in '/home/cairlab/Documents/GitHub/saga_repo/build/diagnostic_aggregator' returned '0': AMENT_PREFIX_PATH=/home/cairlab/Documents/GitHub/saga_repo/install/diagnostic_msgs:/home/cairlab/Documents/GitHub/saga_repo/install/geometry_msgs:/home/cairlab/Documents/GitHub/saga_repo/install/std_msgs:${AMENT_PREFIX_PATH} CMAKE_PREFIX_PATH=/home/cairlab/Documents/GitHub/saga_repo/install/diagnostic_msgs:/home/cairlab/Documents/GitHub/saga_repo/install/geometry_msgs:/home/cairlab/Documents/GitHub/saga_repo/install/std_msgs:/opt/ros/humble LD_LIBRARY_PATH=/home/cairlab/Documents/GitHub/saga_repo/install/diagnostic_msgs/lib:/home/cairlab/Documents/GitHub/saga_repo/install/geometry_msgs/lib:/home/cairlab/Documents/GitHub/saga_repo/install/std_msgs/lib:${LD_LIBRARY_PATH} PYTHONPATH=/home/cairlab/Documents/GitHub/saga_repo/install/diagnostic_msgs/local/lib/python3.10/dist-packages:/home/cairlab/Documents/GitHub/saga_repo/install/geometry_msgs/local/lib/python3.10/dist-packages:/home/cairlab/Documents/GitHub/saga_repo/install/std_msgs/local/lib/python3.10/dist-packages:${PYTHONPATH} /usr/bin/cmake --install /home/cairlab/Documents/GitHub/saga_repo/build/diagnostic_aggregator
