[0.134s] Invoking command in '/home/loki/Documents/GitHub/saga_repo/build/loki_description': CMAKE_PREFIX_PATH=/opt/ros/humble /usr/bin/cmake /home/loki/Documents/GitHub/saga_repo/ros2_thor/src/loki/loki_description -DCMAKE_INSTALL_PREFIX=/home/loki/Documents/GitHub/saga_repo/install/loki_description
[0.355s] -- Found ament_cmake: 1.3.5 (/opt/ros/humble/share/ament_cmake/cmake)
[0.355s] -- Found Python3: /usr/bin/python3.10 (found version "3.10.12") found components: Interpreter 
[0.355s] -- Found controller_manager: 2.31.0 (/opt/ros/humble/share/controller_manager/cmake)
[0.382s] -- Found rosidl_generator_c: 3.1.5 (/opt/ros/humble/share/rosidl_generator_c/cmake)
[0.387s] -- Found rosidl_adapter: 3.1.5 (/opt/ros/humble/share/rosidl_adapter/cmake)
[0.395s] -- Found rosidl_generator_cpp: 3.1.5 (/opt/ros/humble/share/rosidl_generator_cpp/cmake)
[0.408s] -- Using all available rosidl_typesupport_c: rosidl_typesupport_fastrtps_c;rosidl_typesupport_introspection_c
[0.431s] -- Using all available rosidl_typesupport_cpp: rosidl_typesupport_fastrtps_cpp;rosidl_typesupport_introspection_cpp
[0.965s] -- Found rmw_implementation_cmake: 6.1.1 (/opt/ros/humble/share/rmw_implementation_cmake/cmake)
[0.967s] -- Found rmw_fastrtps_cpp: 6.2.4 (/opt/ros/humble/share/rmw_fastrtps_cpp/cmake)
[1.033s] -- Found OpenSSL: /usr/lib/x86_64-linux-gnu/libcrypto.so (found version "3.0.2")  
[1.055s] -- Found FastRTPS: /opt/ros/humble/include  
[1.091s] -- Using RMW implementation 'rmw_fastrtps_cpp' as default
[1.098s] -- Looking for pthread.h
[1.150s] -- Looking for pthread.h - found
[1.150s] -- Performing Test CMAKE_HAVE_LIBC_PTHREAD
[1.201s] -- Performing Test CMAKE_HAVE_LIBC_PTHREAD - Success
[1.202s] -- Found Threads: TRUE  
[1.635s] -- Found robot_state_publisher: 3.0.2 (/opt/ros/humble/share/robot_state_publisher/cmake)
[1.649s] -- Found eigen3_cmake_module: 0.1.1 (/opt/ros/humble/share/eigen3_cmake_module/cmake)
[1.650s] -- Found Eigen3: TRUE (found version "3.4.0") 
[1.650s] -- Ensuring Eigen3 include directory is part of orocos-kdl CMake target
[1.848s] -- Found rclpy: 3.3.10 (/opt/ros/humble/share/rclpy/cmake)
[1.849s] -- Found xacro: 2.0.8 (/opt/ros/humble/share/xacro/cmake)
[1.893s] -- Configuring done
[1.896s] -- Generating done
[1.897s] -- Build files have been written to: /home/loki/Documents/GitHub/saga_repo/build/loki_description
[1.905s] Invoked command in '/home/loki/Documents/GitHub/saga_repo/build/loki_description' returned '0': CMAKE_PREFIX_PATH=/opt/ros/humble /usr/bin/cmake /home/loki/Documents/GitHub/saga_repo/ros2_thor/src/loki/loki_description -DCMAKE_INSTALL_PREFIX=/home/loki/Documents/GitHub/saga_repo/install/loki_description
[1.905s] Invoking command in '/home/loki/Documents/GitHub/saga_repo/build/loki_description': CMAKE_PREFIX_PATH=/opt/ros/humble /usr/bin/cmake --build /home/loki/Documents/GitHub/saga_repo/build/loki_description -- -j8 -l8
[1.936s] Invoked command in '/home/loki/Documents/GitHub/saga_repo/build/loki_description' returned '0': CMAKE_PREFIX_PATH=/opt/ros/humble /usr/bin/cmake --build /home/loki/Documents/GitHub/saga_repo/build/loki_description -- -j8 -l8
[1.953s] Invoking command in '/home/loki/Documents/GitHub/saga_repo/build/loki_description': CMAKE_PREFIX_PATH=/opt/ros/humble /usr/bin/cmake --install /home/loki/Documents/GitHub/saga_repo/build/loki_description
[1.960s] -- Install configuration: ""
[1.960s] -- Installing: /home/loki/Documents/GitHub/saga_repo/install/loki_description/share/loki_description/launch
[1.960s] -- Installing: /home/loki/Documents/GitHub/saga_repo/install/loki_description/share/loki_description/launch/model.launch.py
[1.960s] -- Installing: /home/loki/Documents/GitHub/saga_repo/install/loki_description/share/loki_description/launch/model.launch
[1.960s] -- Installing: /home/loki/Documents/GitHub/saga_repo/install/loki_description/share/loki_description/meshes
[1.960s] -- Installing: /home/loki/Documents/GitHub/saga_repo/install/loki_description/share/loki_description/meshes/tower_modules
[1.960s] -- Installing: /home/loki/Documents/GitHub/saga_repo/install/loki_description/share/loki_description/meshes/tower_modules/DUMMY-DRIVE-BRACKET.stl
[1.960s] -- Installing: /home/loki/Documents/GitHub/saga_repo/install/loki_description/share/loki_description/meshes/tower_modules/DUMMY-TOWER-MIRROR-M.stl
[1.960s] -- Installing: /home/loki/Documents/GitHub/saga_repo/install/loki_description/share/loki_description/meshes/tower_modules/DUMMY-TOWER-M.stl
[1.961s] -- Installing: /home/loki/Documents/GitHub/saga_repo/install/loki_description/share/loki_description/meshes/hokuyo
[1.961s] -- Installing: /home/loki/Documents/GitHub/saga_repo/install/loki_description/share/loki_description/meshes/hokuyo/hokuyo.dae
[1.961s] -- Installing: /home/loki/Documents/GitHub/saga_repo/install/loki_description/share/loki_description/meshes/bat_enc_modules
[1.962s] -- Installing: /home/loki/Documents/GitHub/saga_repo/install/loki_description/share/loki_description/meshes/bat_enc_modules/836586-1-DUMMY-RevA.stl
[1.962s] -- Installing: /home/loki/Documents/GitHub/saga_repo/install/loki_description/share/loki_description/meshes/clamps
[1.962s] -- Installing: /home/loki/Documents/GitHub/saga_repo/install/loki_description/share/loki_description/meshes/clamps/DUMMY-SUSP.stl
[1.962s] -- Installing: /home/loki/Documents/GitHub/saga_repo/install/loki_description/share/loki_description/meshes/clamps/DUMMY-T-BRACKET.stl
[1.962s] -- Installing: /home/loki/Documents/GitHub/saga_repo/install/loki_description/share/loki_description/meshes/drive_modules
[1.962s] -- Installing: /home/loki/Documents/GitHub/saga_repo/install/loki_description/share/loki_description/meshes/drive_modules/836745-5-DUMMY-RevA.stl
[1.962s] -- Installing: /home/loki/Documents/GitHub/saga_repo/install/loki_description/share/loki_description/meshes/drive_modules/old
[1.962s] -- Installing: /home/loki/Documents/GitHub/saga_repo/install/loki_description/share/loki_description/meshes/drive_modules/old/836586-1-DUMMY-RevA.stl
[1.962s] -- Installing: /home/loki/Documents/GitHub/saga_repo/install/loki_description/share/loki_description/meshes/drive_modules/old/836745-5-DUMMY-RevA.stl
[1.962s] -- Installing: /home/loki/Documents/GitHub/saga_repo/install/loki_description/share/loki_description/meshes/drive_modules/old/836745-5-DUMMY-MIRROR-RevA.stl
[1.963s] -- Installing: /home/loki/Documents/GitHub/saga_repo/install/loki_description/share/loki_description/meshes/drive_modules/836745-5-DUMMY-MIRROR-RevA.stl
[1.963s] -- Installing: /home/loki/Documents/GitHub/saga_repo/install/loki_description/share/loki_description/meshes/uv_frame
[1.963s] -- Installing: /home/loki/Documents/GitHub/saga_repo/install/loki_description/share/loki_description/meshes/uv_frame/uv_arc.STL
[1.974s] -- Installing: /home/loki/Documents/GitHub/saga_repo/install/loki_description/share/loki_description/urdf
[1.974s] -- Installing: /home/loki/Documents/GitHub/saga_repo/install/loki_description/share/loki_description/urdf/sensor_modules
[1.974s] -- Installing: /home/loki/Documents/GitHub/saga_repo/install/loki_description/share/loki_description/urdf/sensor_modules/sensor_frames_example.xacro
[1.974s] -- Installing: /home/loki/Documents/GitHub/saga_repo/install/loki_description/share/loki_description/urdf/thorvald_model.xacro
[1.974s] -- Installing: /home/loki/Documents/GitHub/saga_repo/install/loki_description/share/ament_index/resource_index/package_run_dependencies/loki_description
[1.974s] -- Installing: /home/loki/Documents/GitHub/saga_repo/install/loki_description/share/ament_index/resource_index/parent_prefix_path/loki_description
[1.975s] -- Installing: /home/loki/Documents/GitHub/saga_repo/install/loki_description/share/loki_description/environment/ament_prefix_path.sh
[1.975s] -- Installing: /home/loki/Documents/GitHub/saga_repo/install/loki_description/share/loki_description/environment/ament_prefix_path.dsv
[1.975s] -- Installing: /home/loki/Documents/GitHub/saga_repo/install/loki_description/share/loki_description/environment/path.sh
[1.975s] -- Installing: /home/loki/Documents/GitHub/saga_repo/install/loki_description/share/loki_description/environment/path.dsv
[1.975s] -- Installing: /home/loki/Documents/GitHub/saga_repo/install/loki_description/share/loki_description/local_setup.bash
[1.975s] -- Installing: /home/loki/Documents/GitHub/saga_repo/install/loki_description/share/loki_description/local_setup.sh
[1.975s] -- Installing: /home/loki/Documents/GitHub/saga_repo/install/loki_description/share/loki_description/local_setup.zsh
[1.975s] -- Installing: /home/loki/Documents/GitHub/saga_repo/install/loki_description/share/loki_description/local_setup.dsv
[1.975s] -- Installing: /home/loki/Documents/GitHub/saga_repo/install/loki_description/share/loki_description/package.dsv
[1.975s] -- Installing: /home/loki/Documents/GitHub/saga_repo/install/loki_description/share/ament_index/resource_index/packages/loki_description
[1.975s] -- Installing: /home/loki/Documents/GitHub/saga_repo/install/loki_description/share/loki_description/cmake/loki_descriptionConfig.cmake
[1.975s] -- Installing: /home/loki/Documents/GitHub/saga_repo/install/loki_description/share/loki_description/cmake/loki_descriptionConfig-version.cmake
[1.975s] -- Installing: /home/loki/Documents/GitHub/saga_repo/install/loki_description/share/loki_description/package.xml
[1.977s] Invoked command in '/home/loki/Documents/GitHub/saga_repo/build/loki_description' returned '0': CMAKE_PREFIX_PATH=/opt/ros/humble /usr/bin/cmake --install /home/loki/Documents/GitHub/saga_repo/build/loki_description
