[0.772s] Invoking command in '/home/odin/Documents/GitHub/saga_repo/ros2_thor/src/loki/loki_base': AMENT_PREFIX_PATH=/home/odin/Documents/GitHub/saga_repo/install/loki_can_devices:/home/odin/Documents/GitHub/saga_repo/install/loki_msgs:/home/odin/Documents/GitHub/saga_repo/install/loki_description:${AMENT_PREFIX_PATH} CMAKE_PREFIX_PATH=/home/odin/Documents/GitHub/saga_repo/install/loki_can_devices:/home/odin/Documents/GitHub/saga_repo/install/loki_msgs:/home/odin/Documents/GitHub/saga_repo/install/loki_description LD_LIBRARY_PATH=/home/odin/Documents/GitHub/saga_repo/install/loki_can_devices/lib:/home/odin/Documents/GitHub/saga_repo/install/loki_msgs/lib:${LD_LIBRARY_PATH} PYTHONPATH=/home/odin/Documents/GitHub/saga_repo/build/loki_base/prefix_override:/home/odin/Documents/GitHub/saga_repo/install/loki_base/lib/python3.10/site-packages:/home/odin/Documents/GitHub/saga_repo/install/loki_msgs/local/lib/python3.10/dist-packages:${PYTHONPATH} /usr/bin/python3 setup.py egg_info --egg-base ../../../../build/loki_base build --build-base /home/odin/Documents/GitHub/saga_repo/build/loki_base/build install --record /home/odin/Documents/GitHub/saga_repo/build/loki_base/install.log --single-version-externally-managed
[0.918s] running egg_info
[0.919s] creating ../../../../build/loki_base/loki_base.egg-info
[0.919s] writing ../../../../build/loki_base/loki_base.egg-info/PKG-INFO
[0.919s] writing dependency_links to ../../../../build/loki_base/loki_base.egg-info/dependency_links.txt
[0.919s] writing entry points to ../../../../build/loki_base/loki_base.egg-info/entry_points.txt
[0.919s] writing requirements to ../../../../build/loki_base/loki_base.egg-info/requires.txt
[0.919s] writing top-level names to ../../../../build/loki_base/loki_base.egg-info/top_level.txt
[0.919s] writing manifest file '../../../../build/loki_base/loki_base.egg-info/SOURCES.txt'
[0.920s] reading manifest file '../../../../build/loki_base/loki_base.egg-info/SOURCES.txt'
[0.921s] writing manifest file '../../../../build/loki_base/loki_base.egg-info/SOURCES.txt'
[0.921s] running build
[0.921s] running build_py
[0.921s] creating /home/odin/Documents/GitHub/saga_repo/build/loki_base/build
[0.921s] creating /home/odin/Documents/GitHub/saga_repo/build/loki_base/build/lib
[0.921s] creating /home/odin/Documents/GitHub/saga_repo/build/loki_base/build/lib/loki_base
[0.921s] copying loki_base/pltf_clc_std.py -> /home/odin/Documents/GitHub/saga_repo/build/loki_base/build/lib/loki_base
[0.922s] copying loki_base/enclosure_board_serial.py -> /home/odin/Documents/GitHub/saga_repo/build/loki_base/build/lib/loki_base
[0.922s] copying loki_base/base_driver.py -> /home/odin/Documents/GitHub/saga_repo/build/loki_base/build/lib/loki_base
[0.922s] copying loki_base/__init__.py -> /home/odin/Documents/GitHub/saga_repo/build/loki_base/build/lib/loki_base
[0.922s] copying loki_base/canframe.py -> /home/odin/Documents/GitHub/saga_repo/build/loki_base/build/lib/loki_base
[0.922s] copying loki_base/Py_Base_State.py -> /home/odin/Documents/GitHub/saga_repo/build/loki_base/build/lib/loki_base
[0.922s] running install
[0.922s] /usr/lib/python3/dist-packages/setuptools/command/install.py:34: SetuptoolsDeprecationWarning: setup.py install is deprecated. Use build and pip and other standards-based tools.
[0.922s]   warnings.warn(
[0.922s] running install_lib
[0.922s] creating /home/odin/Documents/GitHub/saga_repo/install/loki_base/lib/python3.10/site-packages/loki_base
[0.922s] copying /home/odin/Documents/GitHub/saga_repo/build/loki_base/build/lib/loki_base/pltf_clc_std.py -> /home/odin/Documents/GitHub/saga_repo/install/loki_base/lib/python3.10/site-packages/loki_base
[0.923s] copying /home/odin/Documents/GitHub/saga_repo/build/loki_base/build/lib/loki_base/enclosure_board_serial.py -> /home/odin/Documents/GitHub/saga_repo/install/loki_base/lib/python3.10/site-packages/loki_base
[0.923s] copying /home/odin/Documents/GitHub/saga_repo/build/loki_base/build/lib/loki_base/base_driver.py -> /home/odin/Documents/GitHub/saga_repo/install/loki_base/lib/python3.10/site-packages/loki_base
[0.923s] copying /home/odin/Documents/GitHub/saga_repo/build/loki_base/build/lib/loki_base/__init__.py -> /home/odin/Documents/GitHub/saga_repo/install/loki_base/lib/python3.10/site-packages/loki_base
[0.923s] copying /home/odin/Documents/GitHub/saga_repo/build/loki_base/build/lib/loki_base/canframe.py -> /home/odin/Documents/GitHub/saga_repo/install/loki_base/lib/python3.10/site-packages/loki_base
[0.923s] copying /home/odin/Documents/GitHub/saga_repo/build/loki_base/build/lib/loki_base/Py_Base_State.py -> /home/odin/Documents/GitHub/saga_repo/install/loki_base/lib/python3.10/site-packages/loki_base
[0.923s] byte-compiling /home/odin/Documents/GitHub/saga_repo/install/loki_base/lib/python3.10/site-packages/loki_base/pltf_clc_std.py to pltf_clc_std.cpython-310.pyc
[0.925s] byte-compiling /home/odin/Documents/GitHub/saga_repo/install/loki_base/lib/python3.10/site-packages/loki_base/enclosure_board_serial.py to enclosure_board_serial.cpython-310.pyc
[0.926s] byte-compiling /home/odin/Documents/GitHub/saga_repo/install/loki_base/lib/python3.10/site-packages/loki_base/base_driver.py to base_driver.cpython-310.pyc
[0.929s] byte-compiling /home/odin/Documents/GitHub/saga_repo/install/loki_base/lib/python3.10/site-packages/loki_base/__init__.py to __init__.cpython-310.pyc
[0.930s] byte-compiling /home/odin/Documents/GitHub/saga_repo/install/loki_base/lib/python3.10/site-packages/loki_base/canframe.py to canframe.cpython-310.pyc
[0.930s] byte-compiling /home/odin/Documents/GitHub/saga_repo/install/loki_base/lib/python3.10/site-packages/loki_base/Py_Base_State.py to Py_Base_State.cpython-310.pyc
[0.930s] running install_data
[0.930s] creating /home/odin/Documents/GitHub/saga_repo/install/loki_base/share/ament_index
[0.930s] creating /home/odin/Documents/GitHub/saga_repo/install/loki_base/share/ament_index/resource_index
[0.930s] creating /home/odin/Documents/GitHub/saga_repo/install/loki_base/share/ament_index/resource_index/packages
[0.931s] copying resource/loki_base -> /home/odin/Documents/GitHub/saga_repo/install/loki_base/share/ament_index/resource_index/packages
[0.931s] copying package.xml -> /home/odin/Documents/GitHub/saga_repo/install/loki_base/share/loki_base
[0.931s] creating /home/odin/Documents/GitHub/saga_repo/install/loki_base/share/loki_base/launch
[0.931s] copying launch/base_bringup.launch.py -> /home/odin/Documents/GitHub/saga_repo/install/loki_base/share/loki_base/launch
[0.931s] creating /home/odin/Documents/GitHub/saga_repo/install/loki_base/share/loki_base/config
[0.931s] copying config/robot_017.yaml -> /home/odin/Documents/GitHub/saga_repo/install/loki_base/share/loki_base/config
[0.931s] running install_egg_info
[0.932s] Copying ../../../../build/loki_base/loki_base.egg-info to /home/odin/Documents/GitHub/saga_repo/install/loki_base/lib/python3.10/site-packages/loki_base-2.0.0-py3.10.egg-info
[0.932s] running install_scripts
[0.946s] Installing base_driver script to /home/odin/Documents/GitHub/saga_repo/install/loki_base/lib/loki_base
[0.946s] Installing enlcosure_board_serial script to /home/odin/Documents/GitHub/saga_repo/install/loki_base/lib/loki_base
[0.946s] writing list of installed files to '/home/odin/Documents/GitHub/saga_repo/build/loki_base/install.log'
[0.963s] Invoked command in '/home/odin/Documents/GitHub/saga_repo/ros2_thor/src/loki/loki_base' returned '0': AMENT_PREFIX_PATH=/home/odin/Documents/GitHub/saga_repo/install/loki_can_devices:/home/odin/Documents/GitHub/saga_repo/install/loki_msgs:/home/odin/Documents/GitHub/saga_repo/install/loki_description:${AMENT_PREFIX_PATH} CMAKE_PREFIX_PATH=/home/odin/Documents/GitHub/saga_repo/install/loki_can_devices:/home/odin/Documents/GitHub/saga_repo/install/loki_msgs:/home/odin/Documents/GitHub/saga_repo/install/loki_description LD_LIBRARY_PATH=/home/odin/Documents/GitHub/saga_repo/install/loki_can_devices/lib:/home/odin/Documents/GitHub/saga_repo/install/loki_msgs/lib:${LD_LIBRARY_PATH} PYTHONPATH=/home/odin/Documents/GitHub/saga_repo/build/loki_base/prefix_override:/home/odin/Documents/GitHub/saga_repo/install/loki_base/lib/python3.10/site-packages:/home/odin/Documents/GitHub/saga_repo/install/loki_msgs/local/lib/python3.10/dist-packages:${PYTHONPATH} /usr/bin/python3 setup.py egg_info --egg-base ../../../../build/loki_base build --build-base /home/odin/Documents/GitHub/saga_repo/build/loki_base/build install --record /home/odin/Documents/GitHub/saga_repo/build/loki_base/install.log --single-version-externally-managed
