-- Found ament_cmake: 1.3.5 (/opt/ros/humble/share/ament_cmake/cmake)
-- Found rclcpp: 16.0.5 (/opt/ros/humble/share/rclcpp/cmake)
-- Found rosidl_generator_c: 3.1.5 (/opt/ros/humble/share/rosidl_generator_c/cmake)
-- Found rosidl_adapter: 3.1.5 (/opt/ros/humble/share/rosidl_adapter/cmake)
-- Found rosidl_generator_cpp: 3.1.5 (/opt/ros/humble/share/rosidl_generator_cpp/cmake)
-- Using all available rosidl_typesupport_c: rosidl_typesupport_fastrtps_c;rosidl_typesupport_introspection_c
-- Using all available rosidl_typesupport_cpp: rosidl_typesupport_fastrtps_cpp;rosidl_typesupport_introspection_cpp
-- Found rmw_implementation_cmake: 6.1.1 (/opt/ros/humble/share/rmw_implementation_cmake/cmake)
-- Found rmw_fastrtps_cpp: 6.2.3 (/opt/ros/humble/share/rmw_fastrtps_cpp/cmake)
-- Using RMW implementation 'rmw_fastrtps_cpp' as default
-- Found angles: 1.15.0 (/opt/ros/humble/share/angles/cmake)
-- Found geometry_msgs: 5.2.0 (/home/cairlab/Documents/GitHub/saga_repo/install/geometry_msgs/share/geometry_msgs/cmake)
-- Found loki_msgs: 2.0.0 (/home/cairlab/Documents/GitHub/saga_repo/install/loki_msgs/share/loki_msgs/cmake)
[31mCMake Error at /usr/lib/x86_64-linux-gnu/cmake/Boost-1.74.0/BoostConfig.cmake:141 (find_package):
  Could not find a package configuration file provided by "boost_data_time"
  (requested version 1.74.0) with any of the following names:

    boost_data_timeConfig.cmake
    boost_data_time-config.cmake

  Add the installation prefix of "boost_data_time" to CMAKE_PREFIX_PATH or
  set "boost_data_time_DIR" to a directory containing one of the above files.
  If "boost_data_time" provides a separate development package or SDK, be
  sure it has been installed.
Call Stack (most recent call first):
  /usr/lib/x86_64-linux-gnu/cmake/Boost-1.74.0/BoostConfig.cmake:258 (boost_find_component)
  /usr/share/cmake-3.22/Modules/FindBoost.cmake:594 (find_package)
  ConfigExtras.cmake:1 (find_package)
  CMakeLists.txt:11 (include)

[0m
-- Configuring incomplete, errors occurred!
See also "/home/cairlab/Documents/GitHub/saga_repo/build/loki_can_devices/CMakeFiles/CMakeOutput.log".
gmake: *** [Makefile:497: cmake_check_build_system] Error 1
