[0.023s] Invoking command in '/home/cairlab/Documents/GitHub/saga_repo/build/loki_can_devices': AMENT_PREFIX_PATH=/home/cairlab/Documents/GitHub/saga_repo/install/loki_msgs:/home/cairlab/Documents/GitHub/saga_repo/install/sensor_msgs:/home/cairlab/Documents/GitHub/saga_repo/install/nav_msgs:/home/cairlab/Documents/GitHub/saga_repo/install/diagnostic_msgs:/home/cairlab/Documents/GitHub/saga_repo/install/geometry_msgs:/home/cairlab/Documents/GitHub/saga_repo/install/std_srvs:/home/cairlab/Documents/GitHub/saga_repo/install/std_msgs:/home/cairlab/Documents/GitHub/saga_repo/install/loki_description:${AMENT_PREFIX_PATH} CMAKE_PREFIX_PATH=/home/cairlab/Documents/GitHub/saga_repo/install/loki_msgs:/home/cairlab/Documents/GitHub/saga_repo/install/sensor_msgs:/home/cairlab/Documents/GitHub/saga_repo/install/nav_msgs:/home/cairlab/Documents/GitHub/saga_repo/install/diagnostic_msgs:/home/cairlab/Documents/GitHub/saga_repo/install/geometry_msgs:/home/cairlab/Documents/GitHub/saga_repo/install/std_srvs:/home/cairlab/Documents/GitHub/saga_repo/install/std_msgs:/home/cairlab/Documents/GitHub/saga_repo/install/loki_description:/opt/ros/humble LD_LIBRARY_PATH=/home/cairlab/Documents/GitHub/saga_repo/install/loki_msgs/lib:/home/cairlab/Documents/GitHub/saga_repo/install/sensor_msgs/lib:/home/cairlab/Documents/GitHub/saga_repo/install/nav_msgs/lib:/home/cairlab/Documents/GitHub/saga_repo/install/diagnostic_msgs/lib:/home/cairlab/Documents/GitHub/saga_repo/install/geometry_msgs/lib:/home/cairlab/Documents/GitHub/saga_repo/install/std_srvs/lib:/home/cairlab/Documents/GitHub/saga_repo/install/std_msgs/lib:${LD_LIBRARY_PATH} PYTHONPATH=/home/cairlab/Documents/GitHub/saga_repo/install/loki_msgs/local/lib/python3.10/dist-packages:/home/cairlab/Documents/GitHub/saga_repo/install/sensor_msgs/local/lib/python3.10/dist-packages:/home/cairlab/Documents/GitHub/saga_repo/install/nav_msgs/local/lib/python3.10/dist-packages:/home/cairlab/Documents/GitHub/saga_repo/install/diagnostic_msgs/local/lib/python3.10/dist-packages:/home/cairlab/Documents/GitHub/saga_repo/install/geometry_msgs/local/lib/python3.10/dist-packages:/home/cairlab/Documents/GitHub/saga_repo/install/std_srvs/local/lib/python3.10/dist-packages:/home/cairlab/Documents/GitHub/saga_repo/install/std_msgs/local/lib/python3.10/dist-packages:${PYTHONPATH} /usr/bin/cmake --build /home/cairlab/Documents/GitHub/saga_repo/build/loki_can_devices -- -j12 -l12
[0.049s] -- Found ament_cmake: 1.3.5 (/opt/ros/humble/share/ament_cmake/cmake)
[0.178s] -- Found rclcpp: 16.0.5 (/opt/ros/humble/share/rclcpp/cmake)
[0.203s] -- Found rosidl_generator_c: 3.1.5 (/opt/ros/humble/share/rosidl_generator_c/cmake)
[0.205s] -- Found rosidl_adapter: 3.1.5 (/opt/ros/humble/share/rosidl_adapter/cmake)
[0.210s] -- Found rosidl_generator_cpp: 3.1.5 (/opt/ros/humble/share/rosidl_generator_cpp/cmake)
[0.220s] -- Using all available rosidl_typesupport_c: rosidl_typesupport_fastrtps_c;rosidl_typesupport_introspection_c
[0.234s] -- Using all available rosidl_typesupport_cpp: rosidl_typesupport_fastrtps_cpp;rosidl_typesupport_introspection_cpp
[0.284s] -- Found rmw_implementation_cmake: 6.1.1 (/opt/ros/humble/share/rmw_implementation_cmake/cmake)
[0.285s] -- Found rmw_fastrtps_cpp: 6.2.3 (/opt/ros/humble/share/rmw_fastrtps_cpp/cmake)
[0.394s] -- Using RMW implementation 'rmw_fastrtps_cpp' as default
[0.536s] -- Found angles: 1.15.0 (/opt/ros/humble/share/angles/cmake)
[0.537s] -- Found geometry_msgs: 5.2.0 (/home/cairlab/Documents/GitHub/saga_repo/install/geometry_msgs/share/geometry_msgs/cmake)
[0.575s] -- Found loki_msgs: 2.0.0 (/home/cairlab/Documents/GitHub/saga_repo/install/loki_msgs/share/loki_msgs/cmake)
[0.792s] [31mCMake Error at /usr/lib/x86_64-linux-gnu/cmake/Boost-1.74.0/BoostConfig.cmake:141 (find_package):
[0.792s]   Could not find a package configuration file provided by "boost_data_time"
[0.792s]   (requested version 1.74.0) with any of the following names:
[0.792s] 
[0.792s]     boost_data_timeConfig.cmake
[0.792s]     boost_data_time-config.cmake
[0.792s] 
[0.793s]   Add the installation prefix of "boost_data_time" to CMAKE_PREFIX_PATH or
[0.793s]   set "boost_data_time_DIR" to a directory containing one of the above files.
[0.793s]   If "boost_data_time" provides a separate development package or SDK, be
[0.793s]   sure it has been installed.
[0.793s] Call Stack (most recent call first):
[0.793s]   /usr/lib/x86_64-linux-gnu/cmake/Boost-1.74.0/BoostConfig.cmake:258 (boost_find_component)
[0.793s]   /usr/share/cmake-3.22/Modules/FindBoost.cmake:594 (find_package)
[0.793s]   ConfigExtras.cmake:1 (find_package)
[0.793s]   CMakeLists.txt:11 (include)
[0.793s] 
[0.793s] [0m
[0.793s] -- Configuring incomplete, errors occurred!
[0.793s] See also "/home/cairlab/Documents/GitHub/saga_repo/build/loki_can_devices/CMakeFiles/CMakeOutput.log".
[0.798s] gmake: *** [Makefile:497: cmake_check_build_system] Error 1
[0.800s] Invoked command in '/home/cairlab/Documents/GitHub/saga_repo/build/loki_can_devices' returned '2': AMENT_PREFIX_PATH=/home/cairlab/Documents/GitHub/saga_repo/install/loki_msgs:/home/cairlab/Documents/GitHub/saga_repo/install/sensor_msgs:/home/cairlab/Documents/GitHub/saga_repo/install/nav_msgs:/home/cairlab/Documents/GitHub/saga_repo/install/diagnostic_msgs:/home/cairlab/Documents/GitHub/saga_repo/install/geometry_msgs:/home/cairlab/Documents/GitHub/saga_repo/install/std_srvs:/home/cairlab/Documents/GitHub/saga_repo/install/std_msgs:/home/cairlab/Documents/GitHub/saga_repo/install/loki_description:${AMENT_PREFIX_PATH} CMAKE_PREFIX_PATH=/home/cairlab/Documents/GitHub/saga_repo/install/loki_msgs:/home/cairlab/Documents/GitHub/saga_repo/install/sensor_msgs:/home/cairlab/Documents/GitHub/saga_repo/install/nav_msgs:/home/cairlab/Documents/GitHub/saga_repo/install/diagnostic_msgs:/home/cairlab/Documents/GitHub/saga_repo/install/geometry_msgs:/home/cairlab/Documents/GitHub/saga_repo/install/std_srvs:/home/cairlab/Documents/GitHub/saga_repo/install/std_msgs:/home/cairlab/Documents/GitHub/saga_repo/install/loki_description:/opt/ros/humble LD_LIBRARY_PATH=/home/cairlab/Documents/GitHub/saga_repo/install/loki_msgs/lib:/home/cairlab/Documents/GitHub/saga_repo/install/sensor_msgs/lib:/home/cairlab/Documents/GitHub/saga_repo/install/nav_msgs/lib:/home/cairlab/Documents/GitHub/saga_repo/install/diagnostic_msgs/lib:/home/cairlab/Documents/GitHub/saga_repo/install/geometry_msgs/lib:/home/cairlab/Documents/GitHub/saga_repo/install/std_srvs/lib:/home/cairlab/Documents/GitHub/saga_repo/install/std_msgs/lib:${LD_LIBRARY_PATH} PYTHONPATH=/home/cairlab/Documents/GitHub/saga_repo/install/loki_msgs/local/lib/python3.10/dist-packages:/home/cairlab/Documents/GitHub/saga_repo/install/sensor_msgs/local/lib/python3.10/dist-packages:/home/cairlab/Documents/GitHub/saga_repo/install/nav_msgs/local/lib/python3.10/dist-packages:/home/cairlab/Documents/GitHub/saga_repo/install/diagnostic_msgs/local/lib/python3.10/dist-packages:/home/cairlab/Documents/GitHub/saga_repo/install/geometry_msgs/local/lib/python3.10/dist-packages:/home/cairlab/Documents/GitHub/saga_repo/install/std_srvs/local/lib/python3.10/dist-packages:/home/cairlab/Documents/GitHub/saga_repo/install/std_msgs/local/lib/python3.10/dist-packages:${PYTHONPATH} /usr/bin/cmake --build /home/cairlab/Documents/GitHub/saga_repo/build/loki_can_devices -- -j12 -l12
