[1.151s] Invoking command in '/home/cairlab/Documents/GitHub/saga_repo/ros2_thor/src/loki/loki_teleop': AMENT_PREFIX_PATH=/home/cairlab/Documents/GitHub/saga_repo/install/twist_mux:${AMENT_PREFIX_PATH} CMAKE_PREFIX_PATH=/home/cairlab/Documents/GitHub/saga_repo/install/twist_mux PYTHONPATH=/home/cairlab/Documents/GitHub/saga_repo/build/loki_teleop/prefix_override:/home/cairlab/Documents/GitHub/saga_repo/install/loki_teleop/lib/python3.10/site-packages:${PYTHONPATH} /usr/bin/python3 setup.py egg_info --egg-base ../../../../build/loki_teleop build --build-base /home/cairlab/Documents/GitHub/saga_repo/build/loki_teleop/build install --record /home/cairlab/Documents/GitHub/saga_repo/build/loki_teleop/install.log --single-version-externally-managed
[1.440s] running egg_info
[1.464s] writing ../../../../build/loki_teleop/loki_teleop.egg-info/PKG-INFO
[1.464s] writing dependency_links to ../../../../build/loki_teleop/loki_teleop.egg-info/dependency_links.txt
[1.465s] writing entry points to ../../../../build/loki_teleop/loki_teleop.egg-info/entry_points.txt
[1.465s] writing requirements to ../../../../build/loki_teleop/loki_teleop.egg-info/requires.txt
[1.465s] writing top-level names to ../../../../build/loki_teleop/loki_teleop.egg-info/top_level.txt
[1.496s] reading manifest file '../../../../build/loki_teleop/loki_teleop.egg-info/SOURCES.txt'
[1.497s] writing manifest file '../../../../build/loki_teleop/loki_teleop.egg-info/SOURCES.txt'
[1.498s] running build
[1.498s] running build_py
[1.498s] running install
[1.499s] /home/cairlab/.local/lib/python3.10/site-packages/setuptools/_distutils/cmd.py:66: SetuptoolsDeprecationWarning: setup.py install is deprecated.
[1.499s] !!
[1.499s] 
[1.499s]         ********************************************************************************
[1.499s]         Please avoid running ``setup.py`` directly.
[1.500s]         Instead, use pypa/build, pypa/installer or other
[1.500s]         standards-based tools.
[1.500s] 
[1.500s]         See https://blog.ganssle.io/articles/2021/10/setup-py-deprecated.html for details.
[1.500s]         ********************************************************************************
[1.503s] 
[1.503s] !!
[1.504s]   self.initialize_options()
[1.504s] running install_lib
[1.526s] running install_data
[1.546s] running install_egg_info
[1.572s] removing '/home/cairlab/Documents/GitHub/saga_repo/install/loki_teleop/lib/python3.10/site-packages/loki_teleop-2.0.0-py3.10.egg-info' (and everything under it)
[1.573s] Copying ../../../../build/loki_teleop/loki_teleop.egg-info to /home/cairlab/Documents/GitHub/saga_repo/install/loki_teleop/lib/python3.10/site-packages/loki_teleop-2.0.0-py3.10.egg-info
[1.574s] running install_scripts
[1.770s] Installing teleop_node script to /home/cairlab/Documents/GitHub/saga_repo/install/loki_teleop/lib/loki_teleop
[1.771s] writing list of installed files to '/home/cairlab/Documents/GitHub/saga_repo/build/loki_teleop/install.log'
[1.819s] Invoked command in '/home/cairlab/Documents/GitHub/saga_repo/ros2_thor/src/loki/loki_teleop' returned '0': AMENT_PREFIX_PATH=/home/cairlab/Documents/GitHub/saga_repo/install/twist_mux:${AMENT_PREFIX_PATH} CMAKE_PREFIX_PATH=/home/cairlab/Documents/GitHub/saga_repo/install/twist_mux PYTHONPATH=/home/cairlab/Documents/GitHub/saga_repo/build/loki_teleop/prefix_override:/home/cairlab/Documents/GitHub/saga_repo/install/loki_teleop/lib/python3.10/site-packages:${PYTHONPATH} /usr/bin/python3 setup.py egg_info --egg-base ../../../../build/loki_teleop build --build-base /home/cairlab/Documents/GitHub/saga_repo/build/loki_teleop/build install --record /home/cairlab/Documents/GitHub/saga_repo/build/loki_teleop/install.log --single-version-externally-managed
