[0.330s] DEBUG:colcon:Command line arguments: ['/usr/bin/colcon', 'build']
[0.330s] DEBUG:colcon:Parsed command line arguments: Namespace(log_base=None, log_level=None, verb_name='build', build_base='build', install_base='install', merge_install=False, symlink_install=False, test_result_base=None, continue_on_error=False, executor='parallel', parallel_workers=8, event_handlers=None, ignore_user_meta=False, metas=['./colcon.meta'], base_paths=['.'], packages_ignore=None, packages_ignore_regex=None, paths=None, packages_up_to=None, packages_up_to_regex=None, packages_above=None, packages_above_and_dependencies=None, packages_above_depth=None, packages_select_by_dep=None, packages_skip_by_dep=None, packages_skip_up_to=None, packages_select_build_failed=False, packages_skip_build_finished=False, packages_select_test_failures=False, packages_skip_test_passed=False, packages_select=None, packages_skip=None, packages_select_regex=None, packages_skip_regex=None, packages_start=None, packages_end=None, allow_overriding=[], cmake_args=None, cmake_target=None, cmake_target_skip_unavailable=False, cmake_clean_cache=False, cmake_clean_first=False, cmake_force_configure=False, ament_cmake_args=None, catkin_cmake_args=None, catkin_skip_building_tests=False, verb_parser=<colcon_defaults.argument_parser.defaults.DefaultArgumentsDecorator object at 0x7f5866211120>, verb_extension=<colcon_core.verb.build.BuildVerb object at 0x7f586650d0c0>, main=<bound method BuildVerb.main of <colcon_core.verb.build.BuildVerb object at 0x7f586650d0c0>>)
[0.350s] Level 1:colcon.colcon_core.package_discovery:discover_packages(colcon_meta) check parameters
[0.350s] Level 1:colcon.colcon_core.package_discovery:discover_packages(recursive) check parameters
[0.350s] Level 1:colcon.colcon_core.package_discovery:discover_packages(ignore) check parameters
[0.350s] Level 1:colcon.colcon_core.package_discovery:discover_packages(path) check parameters
[0.350s] Level 1:colcon.colcon_core.package_discovery:discover_packages(colcon_meta) discover
[0.350s] Level 1:colcon.colcon_core.package_discovery:discover_packages(recursive) discover
[0.350s] INFO:colcon.colcon_core.package_discovery:Crawling recursively for packages in '/home/loki/Documents/GitHub/saga_repo'
[0.350s] Level 1:colcon.colcon_core.package_identification:_identify(.) by extensions ['ignore', 'ignore_ament_install']
[0.350s] Level 1:colcon.colcon_core.package_identification:_identify(.) by extension 'ignore'
[0.351s] Level 1:colcon.colcon_core.package_identification:_identify(.) by extension 'ignore_ament_install'
[0.351s] Level 1:colcon.colcon_core.package_identification:_identify(.) by extensions ['colcon_pkg']
[0.351s] Level 1:colcon.colcon_core.package_identification:_identify(.) by extension 'colcon_pkg'
[0.351s] Level 1:colcon.colcon_core.package_identification:_identify(.) by extensions ['colcon_meta']
[0.351s] Level 1:colcon.colcon_core.package_identification:_identify(.) by extension 'colcon_meta'
[0.351s] Level 1:colcon.colcon_core.package_identification:_identify(.) by extensions ['ros']
[0.351s] Level 1:colcon.colcon_core.package_identification:_identify(.) by extension 'ros'
[0.358s] Level 1:colcon.colcon_core.package_identification:_identify(.) by extensions ['cmake', 'python']
[0.358s] Level 1:colcon.colcon_core.package_identification:_identify(.) by extension 'cmake'
[0.358s] Level 1:colcon.colcon_core.package_identification:_identify(.) by extension 'python'
[0.358s] Level 1:colcon.colcon_core.package_identification:_identify(.) by extensions ['python_setup_py']
[0.358s] Level 1:colcon.colcon_core.package_identification:_identify(.) by extension 'python_setup_py'
[0.358s] Level 1:colcon.colcon_core.package_identification:_identify(build) by extensions ['ignore', 'ignore_ament_install']
[0.358s] Level 1:colcon.colcon_core.package_identification:_identify(build) by extension 'ignore'
[0.358s] Level 1:colcon.colcon_core.package_identification:_identify(build) ignored
[0.358s] Level 1:colcon.colcon_core.package_identification:_identify(install) by extensions ['ignore', 'ignore_ament_install']
[0.359s] Level 1:colcon.colcon_core.package_identification:_identify(install) by extension 'ignore'
[0.359s] Level 1:colcon.colcon_core.package_identification:_identify(install) ignored
[0.359s] Level 1:colcon.colcon_core.package_identification:_identify(log) by extensions ['ignore', 'ignore_ament_install']
[0.359s] Level 1:colcon.colcon_core.package_identification:_identify(log) by extension 'ignore'
[0.359s] Level 1:colcon.colcon_core.package_identification:_identify(log) ignored
[0.359s] Level 1:colcon.colcon_core.package_identification:_identify(ros2_thor) by extensions ['ignore', 'ignore_ament_install']
[0.359s] Level 1:colcon.colcon_core.package_identification:_identify(ros2_thor) by extension 'ignore'
[0.359s] Level 1:colcon.colcon_core.package_identification:_identify(ros2_thor) by extension 'ignore_ament_install'
[0.359s] Level 1:colcon.colcon_core.package_identification:_identify(ros2_thor) by extensions ['colcon_pkg']
[0.359s] Level 1:colcon.colcon_core.package_identification:_identify(ros2_thor) by extension 'colcon_pkg'
[0.359s] Level 1:colcon.colcon_core.package_identification:_identify(ros2_thor) by extensions ['colcon_meta']
[0.359s] Level 1:colcon.colcon_core.package_identification:_identify(ros2_thor) by extension 'colcon_meta'
[0.359s] Level 1:colcon.colcon_core.package_identification:_identify(ros2_thor) by extensions ['ros']
[0.359s] Level 1:colcon.colcon_core.package_identification:_identify(ros2_thor) by extension 'ros'
[0.359s] Level 1:colcon.colcon_core.package_identification:_identify(ros2_thor) by extensions ['cmake', 'python']
[0.359s] Level 1:colcon.colcon_core.package_identification:_identify(ros2_thor) by extension 'cmake'
[0.359s] Level 1:colcon.colcon_core.package_identification:_identify(ros2_thor) by extension 'python'
[0.359s] Level 1:colcon.colcon_core.package_identification:_identify(ros2_thor) by extensions ['python_setup_py']
[0.359s] Level 1:colcon.colcon_core.package_identification:_identify(ros2_thor) by extension 'python_setup_py'
[0.359s] Level 1:colcon.colcon_core.package_identification:_identify(ros2_thor/src) by extensions ['ignore', 'ignore_ament_install']
[0.360s] Level 1:colcon.colcon_core.package_identification:_identify(ros2_thor/src) by extension 'ignore'
[0.360s] Level 1:colcon.colcon_core.package_identification:_identify(ros2_thor/src) by extension 'ignore_ament_install'
[0.360s] Level 1:colcon.colcon_core.package_identification:_identify(ros2_thor/src) by extensions ['colcon_pkg']
[0.360s] Level 1:colcon.colcon_core.package_identification:_identify(ros2_thor/src) by extension 'colcon_pkg'
[0.360s] Level 1:colcon.colcon_core.package_identification:_identify(ros2_thor/src) by extensions ['colcon_meta']
[0.360s] Level 1:colcon.colcon_core.package_identification:_identify(ros2_thor/src) by extension 'colcon_meta'
[0.360s] Level 1:colcon.colcon_core.package_identification:_identify(ros2_thor/src) by extensions ['ros']
[0.360s] Level 1:colcon.colcon_core.package_identification:_identify(ros2_thor/src) by extension 'ros'
[0.360s] Level 1:colcon.colcon_core.package_identification:_identify(ros2_thor/src) by extensions ['cmake', 'python']
[0.360s] Level 1:colcon.colcon_core.package_identification:_identify(ros2_thor/src) by extension 'cmake'
[0.360s] Level 1:colcon.colcon_core.package_identification:_identify(ros2_thor/src) by extension 'python'
[0.360s] Level 1:colcon.colcon_core.package_identification:_identify(ros2_thor/src) by extensions ['python_setup_py']
[0.360s] Level 1:colcon.colcon_core.package_identification:_identify(ros2_thor/src) by extension 'python_setup_py'
[0.360s] Level 1:colcon.colcon_core.package_identification:_identify(ros2_thor/src/loki) by extensions ['ignore', 'ignore_ament_install']
[0.360s] Level 1:colcon.colcon_core.package_identification:_identify(ros2_thor/src/loki) by extension 'ignore'
[0.360s] Level 1:colcon.colcon_core.package_identification:_identify(ros2_thor/src/loki) by extension 'ignore_ament_install'
[0.360s] Level 1:colcon.colcon_core.package_identification:_identify(ros2_thor/src/loki) by extensions ['colcon_pkg']
[0.360s] Level 1:colcon.colcon_core.package_identification:_identify(ros2_thor/src/loki) by extension 'colcon_pkg'
[0.360s] Level 1:colcon.colcon_core.package_identification:_identify(ros2_thor/src/loki) by extensions ['colcon_meta']
[0.360s] Level 1:colcon.colcon_core.package_identification:_identify(ros2_thor/src/loki) by extension 'colcon_meta'
[0.360s] Level 1:colcon.colcon_core.package_identification:_identify(ros2_thor/src/loki) by extensions ['ros']
[0.360s] Level 1:colcon.colcon_core.package_identification:_identify(ros2_thor/src/loki) by extension 'ros'
[0.361s] Level 1:colcon.colcon_core.package_identification:_identify(ros2_thor/src/loki) by extensions ['cmake', 'python']
[0.361s] Level 1:colcon.colcon_core.package_identification:_identify(ros2_thor/src/loki) by extension 'cmake'
[0.361s] Level 1:colcon.colcon_core.package_identification:_identify(ros2_thor/src/loki) by extension 'python'
[0.361s] Level 1:colcon.colcon_core.package_identification:_identify(ros2_thor/src/loki) by extensions ['python_setup_py']
[0.361s] Level 1:colcon.colcon_core.package_identification:_identify(ros2_thor/src/loki) by extension 'python_setup_py'
[0.361s] Level 1:colcon.colcon_core.package_identification:_identify(ros2_thor/src/loki/loki_base) by extensions ['ignore', 'ignore_ament_install']
[0.361s] Level 1:colcon.colcon_core.package_identification:_identify(ros2_thor/src/loki/loki_base) by extension 'ignore'
[0.361s] Level 1:colcon.colcon_core.package_identification:_identify(ros2_thor/src/loki/loki_base) by extension 'ignore_ament_install'
[0.361s] Level 1:colcon.colcon_core.package_identification:_identify(ros2_thor/src/loki/loki_base) by extensions ['colcon_pkg']
[0.361s] Level 1:colcon.colcon_core.package_identification:_identify(ros2_thor/src/loki/loki_base) by extension 'colcon_pkg'
[0.361s] Level 1:colcon.colcon_core.package_identification:_identify(ros2_thor/src/loki/loki_base) by extensions ['colcon_meta']
[0.361s] Level 1:colcon.colcon_core.package_identification:_identify(ros2_thor/src/loki/loki_base) by extension 'colcon_meta'
[0.361s] Level 1:colcon.colcon_core.package_identification:_identify(ros2_thor/src/loki/loki_base) by extensions ['ros']
[0.361s] Level 1:colcon.colcon_core.package_identification:_identify(ros2_thor/src/loki/loki_base) by extension 'ros'
[0.364s] DEBUG:colcon.colcon_core.package_identification:Package 'ros2_thor/src/loki/loki_base' with type 'ros.ament_python' and name 'loki_base'
[0.364s] Level 1:colcon.colcon_core.package_identification:_identify(ros2_thor/src/loki/loki_bringup) by extensions ['ignore', 'ignore_ament_install']
[0.364s] Level 1:colcon.colcon_core.package_identification:_identify(ros2_thor/src/loki/loki_bringup) by extension 'ignore'
[0.364s] Level 1:colcon.colcon_core.package_identification:_identify(ros2_thor/src/loki/loki_bringup) by extension 'ignore_ament_install'
[0.364s] Level 1:colcon.colcon_core.package_identification:_identify(ros2_thor/src/loki/loki_bringup) by extensions ['colcon_pkg']
[0.364s] Level 1:colcon.colcon_core.package_identification:_identify(ros2_thor/src/loki/loki_bringup) by extension 'colcon_pkg'
[0.364s] Level 1:colcon.colcon_core.package_identification:_identify(ros2_thor/src/loki/loki_bringup) by extensions ['colcon_meta']
[0.364s] Level 1:colcon.colcon_core.package_identification:_identify(ros2_thor/src/loki/loki_bringup) by extension 'colcon_meta'
[0.364s] Level 1:colcon.colcon_core.package_identification:_identify(ros2_thor/src/loki/loki_bringup) by extensions ['ros']
[0.364s] Level 1:colcon.colcon_core.package_identification:_identify(ros2_thor/src/loki/loki_bringup) by extension 'ros'
[0.365s] DEBUG:colcon.colcon_core.package_identification:Package 'ros2_thor/src/loki/loki_bringup' with type 'ros.ament_cmake' and name 'loki_bringup'
[0.365s] Level 1:colcon.colcon_core.package_identification:_identify(ros2_thor/src/loki/loki_can_devices) by extensions ['ignore', 'ignore_ament_install']
[0.365s] Level 1:colcon.colcon_core.package_identification:_identify(ros2_thor/src/loki/loki_can_devices) by extension 'ignore'
[0.365s] Level 1:colcon.colcon_core.package_identification:_identify(ros2_thor/src/loki/loki_can_devices) by extension 'ignore_ament_install'
[0.365s] Level 1:colcon.colcon_core.package_identification:_identify(ros2_thor/src/loki/loki_can_devices) by extensions ['colcon_pkg']
[0.365s] Level 1:colcon.colcon_core.package_identification:_identify(ros2_thor/src/loki/loki_can_devices) by extension 'colcon_pkg'
[0.365s] Level 1:colcon.colcon_core.package_identification:_identify(ros2_thor/src/loki/loki_can_devices) by extensions ['colcon_meta']
[0.365s] Level 1:colcon.colcon_core.package_identification:_identify(ros2_thor/src/loki/loki_can_devices) by extension 'colcon_meta'
[0.365s] Level 1:colcon.colcon_core.package_identification:_identify(ros2_thor/src/loki/loki_can_devices) by extensions ['ros']
[0.365s] Level 1:colcon.colcon_core.package_identification:_identify(ros2_thor/src/loki/loki_can_devices) by extension 'ros'
[0.366s] DEBUG:colcon.colcon_core.package_identification:Package 'ros2_thor/src/loki/loki_can_devices' with type 'ros.ament_cmake' and name 'loki_can_devices'
[0.366s] Level 1:colcon.colcon_core.package_identification:_identify(ros2_thor/src/loki/loki_description) by extensions ['ignore', 'ignore_ament_install']
[0.366s] Level 1:colcon.colcon_core.package_identification:_identify(ros2_thor/src/loki/loki_description) by extension 'ignore'
[0.366s] Level 1:colcon.colcon_core.package_identification:_identify(ros2_thor/src/loki/loki_description) by extension 'ignore_ament_install'
[0.366s] Level 1:colcon.colcon_core.package_identification:_identify(ros2_thor/src/loki/loki_description) by extensions ['colcon_pkg']
[0.366s] Level 1:colcon.colcon_core.package_identification:_identify(ros2_thor/src/loki/loki_description) by extension 'colcon_pkg'
[0.366s] Level 1:colcon.colcon_core.package_identification:_identify(ros2_thor/src/loki/loki_description) by extensions ['colcon_meta']
[0.366s] Level 1:colcon.colcon_core.package_identification:_identify(ros2_thor/src/loki/loki_description) by extension 'colcon_meta'
[0.366s] Level 1:colcon.colcon_core.package_identification:_identify(ros2_thor/src/loki/loki_description) by extensions ['ros']
[0.366s] Level 1:colcon.colcon_core.package_identification:_identify(ros2_thor/src/loki/loki_description) by extension 'ros'
[0.367s] DEBUG:colcon.colcon_core.package_identification:Package 'ros2_thor/src/loki/loki_description' with type 'ros.ament_cmake' and name 'loki_description'
[0.367s] Level 1:colcon.colcon_core.package_identification:_identify(ros2_thor/src/loki/loki_msgs) by extensions ['ignore', 'ignore_ament_install']
[0.367s] Level 1:colcon.colcon_core.package_identification:_identify(ros2_thor/src/loki/loki_msgs) by extension 'ignore'
[0.367s] Level 1:colcon.colcon_core.package_identification:_identify(ros2_thor/src/loki/loki_msgs) by extension 'ignore_ament_install'
[0.367s] Level 1:colcon.colcon_core.package_identification:_identify(ros2_thor/src/loki/loki_msgs) by extensions ['colcon_pkg']
[0.367s] Level 1:colcon.colcon_core.package_identification:_identify(ros2_thor/src/loki/loki_msgs) by extension 'colcon_pkg'
[0.367s] Level 1:colcon.colcon_core.package_identification:_identify(ros2_thor/src/loki/loki_msgs) by extensions ['colcon_meta']
[0.367s] Level 1:colcon.colcon_core.package_identification:_identify(ros2_thor/src/loki/loki_msgs) by extension 'colcon_meta'
[0.367s] Level 1:colcon.colcon_core.package_identification:_identify(ros2_thor/src/loki/loki_msgs) by extensions ['ros']
[0.367s] Level 1:colcon.colcon_core.package_identification:_identify(ros2_thor/src/loki/loki_msgs) by extension 'ros'
[0.368s] DEBUG:colcon.colcon_core.package_identification:Package 'ros2_thor/src/loki/loki_msgs' with type 'ros.ament_cmake' and name 'loki_msgs'
[0.368s] Level 1:colcon.colcon_core.package_identification:_identify(ros2_thor/src/loki/loki_simulator) by extensions ['ignore', 'ignore_ament_install']
[0.368s] Level 1:colcon.colcon_core.package_identification:_identify(ros2_thor/src/loki/loki_simulator) by extension 'ignore'
[0.368s] Level 1:colcon.colcon_core.package_identification:_identify(ros2_thor/src/loki/loki_simulator) by extension 'ignore_ament_install'
[0.368s] Level 1:colcon.colcon_core.package_identification:_identify(ros2_thor/src/loki/loki_simulator) by extensions ['colcon_pkg']
[0.368s] Level 1:colcon.colcon_core.package_identification:_identify(ros2_thor/src/loki/loki_simulator) by extension 'colcon_pkg'
[0.368s] Level 1:colcon.colcon_core.package_identification:_identify(ros2_thor/src/loki/loki_simulator) by extensions ['colcon_meta']
[0.368s] Level 1:colcon.colcon_core.package_identification:_identify(ros2_thor/src/loki/loki_simulator) by extension 'colcon_meta'
[0.369s] Level 1:colcon.colcon_core.package_identification:_identify(ros2_thor/src/loki/loki_simulator) by extensions ['ros']
[0.369s] Level 1:colcon.colcon_core.package_identification:_identify(ros2_thor/src/loki/loki_simulator) by extension 'ros'
[0.369s] DEBUG:colcon.colcon_core.package_identification:Package 'ros2_thor/src/loki/loki_simulator' with type 'ros.ament_cmake' and name 'loki_simulator'
[0.369s] Level 1:colcon.colcon_core.package_identification:_identify(ros2_thor/src/loki/loki_teleop) by extensions ['ignore', 'ignore_ament_install']
[0.369s] Level 1:colcon.colcon_core.package_identification:_identify(ros2_thor/src/loki/loki_teleop) by extension 'ignore'
[0.369s] Level 1:colcon.colcon_core.package_identification:_identify(ros2_thor/src/loki/loki_teleop) by extension 'ignore_ament_install'
[0.369s] Level 1:colcon.colcon_core.package_identification:_identify(ros2_thor/src/loki/loki_teleop) by extensions ['colcon_pkg']
[0.369s] Level 1:colcon.colcon_core.package_identification:_identify(ros2_thor/src/loki/loki_teleop) by extension 'colcon_pkg'
[0.369s] Level 1:colcon.colcon_core.package_identification:_identify(ros2_thor/src/loki/loki_teleop) by extensions ['colcon_meta']
[0.369s] Level 1:colcon.colcon_core.package_identification:_identify(ros2_thor/src/loki/loki_teleop) by extension 'colcon_meta'
[0.369s] Level 1:colcon.colcon_core.package_identification:_identify(ros2_thor/src/loki/loki_teleop) by extensions ['ros']
[0.369s] Level 1:colcon.colcon_core.package_identification:_identify(ros2_thor/src/loki/loki_teleop) by extension 'ros'
[0.370s] DEBUG:colcon.colcon_core.package_identification:Package 'ros2_thor/src/loki/loki_teleop' with type 'ros.ament_python' and name 'loki_teleop'
[0.370s] Level 1:colcon.colcon_core.package_identification:_identify(ros2_thor/src/loki/loki_twist_mux) by extensions ['ignore', 'ignore_ament_install']
[0.370s] Level 1:colcon.colcon_core.package_identification:_identify(ros2_thor/src/loki/loki_twist_mux) by extension 'ignore'
[0.370s] Level 1:colcon.colcon_core.package_identification:_identify(ros2_thor/src/loki/loki_twist_mux) by extension 'ignore_ament_install'
[0.370s] Level 1:colcon.colcon_core.package_identification:_identify(ros2_thor/src/loki/loki_twist_mux) by extensions ['colcon_pkg']
[0.370s] Level 1:colcon.colcon_core.package_identification:_identify(ros2_thor/src/loki/loki_twist_mux) by extension 'colcon_pkg'
[0.370s] Level 1:colcon.colcon_core.package_identification:_identify(ros2_thor/src/loki/loki_twist_mux) by extensions ['colcon_meta']
[0.370s] Level 1:colcon.colcon_core.package_identification:_identify(ros2_thor/src/loki/loki_twist_mux) by extension 'colcon_meta'
[0.370s] Level 1:colcon.colcon_core.package_identification:_identify(ros2_thor/src/loki/loki_twist_mux) by extensions ['ros']
[0.370s] Level 1:colcon.colcon_core.package_identification:_identify(ros2_thor/src/loki/loki_twist_mux) by extension 'ros'
[0.371s] DEBUG:colcon.colcon_core.package_identification:Package 'ros2_thor/src/loki/loki_twist_mux' with type 'ros.ament_cmake' and name 'loki_twist_mux'
[0.371s] Level 1:colcon.colcon_core.package_identification:_identify(ros2_thor/src/loki/rasberry_gazebo) by extensions ['ignore', 'ignore_ament_install']
[0.371s] Level 1:colcon.colcon_core.package_identification:_identify(ros2_thor/src/loki/rasberry_gazebo) by extension 'ignore'
[0.371s] Level 1:colcon.colcon_core.package_identification:_identify(ros2_thor/src/loki/rasberry_gazebo) by extension 'ignore_ament_install'
[0.371s] Level 1:colcon.colcon_core.package_identification:_identify(ros2_thor/src/loki/rasberry_gazebo) by extensions ['colcon_pkg']
[0.371s] Level 1:colcon.colcon_core.package_identification:_identify(ros2_thor/src/loki/rasberry_gazebo) by extension 'colcon_pkg'
[0.371s] Level 1:colcon.colcon_core.package_identification:_identify(ros2_thor/src/loki/rasberry_gazebo) by extensions ['colcon_meta']
[0.371s] Level 1:colcon.colcon_core.package_identification:_identify(ros2_thor/src/loki/rasberry_gazebo) by extension 'colcon_meta'
[0.371s] Level 1:colcon.colcon_core.package_identification:_identify(ros2_thor/src/loki/rasberry_gazebo) by extensions ['ros']
[0.371s] Level 1:colcon.colcon_core.package_identification:_identify(ros2_thor/src/loki/rasberry_gazebo) by extension 'ros'
[0.372s] DEBUG:colcon.colcon_core.package_identification:Package 'ros2_thor/src/loki/rasberry_gazebo' with type 'ros.ament_cmake' and name 'rasberry_gazebo'
[0.372s] Level 1:colcon.colcon_core.package_identification:_identify(ros2_thor/src/loki/robot_bringup) by extensions ['ignore', 'ignore_ament_install']
[0.372s] Level 1:colcon.colcon_core.package_identification:_identify(ros2_thor/src/loki/robot_bringup) by extension 'ignore'
[0.372s] Level 1:colcon.colcon_core.package_identification:_identify(ros2_thor/src/loki/robot_bringup) by extension 'ignore_ament_install'
[0.372s] Level 1:colcon.colcon_core.package_identification:_identify(ros2_thor/src/loki/robot_bringup) by extensions ['colcon_pkg']
[0.372s] Level 1:colcon.colcon_core.package_identification:_identify(ros2_thor/src/loki/robot_bringup) by extension 'colcon_pkg'
[0.372s] Level 1:colcon.colcon_core.package_identification:_identify(ros2_thor/src/loki/robot_bringup) by extensions ['colcon_meta']
[0.372s] Level 1:colcon.colcon_core.package_identification:_identify(ros2_thor/src/loki/robot_bringup) by extension 'colcon_meta'
[0.373s] Level 1:colcon.colcon_core.package_identification:_identify(ros2_thor/src/loki/robot_bringup) by extensions ['ros']
[0.373s] Level 1:colcon.colcon_core.package_identification:_identify(ros2_thor/src/loki/robot_bringup) by extension 'ros'
[0.373s] DEBUG:colcon.colcon_core.package_identification:Package 'ros2_thor/src/loki/robot_bringup' with type 'ros.ament_cmake' and name 'robot_bringup'
[0.373s] Level 1:colcon.colcon_core.package_discovery:discover_packages(recursive) using defaults
[0.373s] Level 1:colcon.colcon_core.package_discovery:discover_packages(ignore) discover
[0.373s] Level 1:colcon.colcon_core.package_discovery:discover_packages(ignore) using defaults
[0.373s] Level 1:colcon.colcon_core.package_discovery:discover_packages(path) discover
[0.373s] Level 1:colcon.colcon_core.package_discovery:discover_packages(path) using defaults
[0.417s] Level 1:colcon.colcon_core.package_discovery:discover_packages(prefix_path) check parameters
[0.417s] Level 1:colcon.colcon_core.package_discovery:discover_packages(prefix_path) discover
[0.422s] Level 1:colcon.colcon_core.package_discovery:discover_packages(prefix_path) using defaults
[0.430s] Level 5:colcon.colcon_core.verb:set package 'loki_description' build argument 'cmake_args' from command line to 'None'
[0.430s] Level 5:colcon.colcon_core.verb:set package 'loki_description' build argument 'cmake_target' from command line to 'None'
[0.430s] Level 5:colcon.colcon_core.verb:set package 'loki_description' build argument 'cmake_target_skip_unavailable' from command line to 'False'
[0.430s] Level 5:colcon.colcon_core.verb:set package 'loki_description' build argument 'cmake_clean_cache' from command line to 'False'
[0.430s] Level 5:colcon.colcon_core.verb:set package 'loki_description' build argument 'cmake_clean_first' from command line to 'False'
[0.430s] Level 5:colcon.colcon_core.verb:set package 'loki_description' build argument 'cmake_force_configure' from command line to 'False'
[0.430s] Level 5:colcon.colcon_core.verb:set package 'loki_description' build argument 'ament_cmake_args' from command line to 'None'
[0.430s] Level 5:colcon.colcon_core.verb:set package 'loki_description' build argument 'catkin_cmake_args' from command line to 'None'
[0.430s] Level 5:colcon.colcon_core.verb:set package 'loki_description' build argument 'catkin_skip_building_tests' from command line to 'False'
[0.430s] DEBUG:colcon.colcon_core.verb:Building package 'loki_description' with the following arguments: {'ament_cmake_args': None, 'build_base': '/home/loki/Documents/GitHub/saga_repo/build/loki_description', 'catkin_cmake_args': None, 'catkin_skip_building_tests': False, 'cmake_args': None, 'cmake_clean_cache': False, 'cmake_clean_first': False, 'cmake_force_configure': False, 'cmake_target': None, 'cmake_target_skip_unavailable': False, 'install_base': '/home/loki/Documents/GitHub/saga_repo/install/loki_description', 'merge_install': False, 'path': '/home/loki/Documents/GitHub/saga_repo/ros2_thor/src/loki/loki_description', 'symlink_install': False, 'test_result_base': None}
[0.435s] Level 5:colcon.colcon_core.verb:set package 'loki_teleop' build argument 'cmake_args' from command line to 'None'
[0.435s] Level 5:colcon.colcon_core.verb:set package 'loki_teleop' build argument 'cmake_target' from command line to 'None'
[0.435s] Level 5:colcon.colcon_core.verb:set package 'loki_teleop' build argument 'cmake_target_skip_unavailable' from command line to 'False'
[0.435s] Level 5:colcon.colcon_core.verb:set package 'loki_teleop' build argument 'cmake_clean_cache' from command line to 'False'
[0.435s] Level 5:colcon.colcon_core.verb:set package 'loki_teleop' build argument 'cmake_clean_first' from command line to 'False'
[0.435s] Level 5:colcon.colcon_core.verb:set package 'loki_teleop' build argument 'cmake_force_configure' from command line to 'False'
[0.435s] Level 5:colcon.colcon_core.verb:set package 'loki_teleop' build argument 'ament_cmake_args' from command line to 'None'
[0.435s] Level 5:colcon.colcon_core.verb:set package 'loki_teleop' build argument 'catkin_cmake_args' from command line to 'None'
[0.435s] Level 5:colcon.colcon_core.verb:set package 'loki_teleop' build argument 'catkin_skip_building_tests' from command line to 'False'
[0.435s] DEBUG:colcon.colcon_core.verb:Building package 'loki_teleop' with the following arguments: {'ament_cmake_args': None, 'build_base': '/home/loki/Documents/GitHub/saga_repo/build/loki_teleop', 'catkin_cmake_args': None, 'catkin_skip_building_tests': False, 'cmake_args': None, 'cmake_clean_cache': False, 'cmake_clean_first': False, 'cmake_force_configure': False, 'cmake_target': None, 'cmake_target_skip_unavailable': False, 'install_base': '/home/loki/Documents/GitHub/saga_repo/install/loki_teleop', 'merge_install': False, 'path': '/home/loki/Documents/GitHub/saga_repo/ros2_thor/src/loki/loki_teleop', 'symlink_install': False, 'test_result_base': None}
[0.439s] Level 5:colcon.colcon_core.verb:set package 'loki_twist_mux' build argument 'cmake_args' from command line to 'None'
[0.439s] Level 5:colcon.colcon_core.verb:set package 'loki_twist_mux' build argument 'cmake_target' from command line to 'None'
[0.439s] Level 5:colcon.colcon_core.verb:set package 'loki_twist_mux' build argument 'cmake_target_skip_unavailable' from command line to 'False'
[0.439s] Level 5:colcon.colcon_core.verb:set package 'loki_twist_mux' build argument 'cmake_clean_cache' from command line to 'False'
[0.439s] Level 5:colcon.colcon_core.verb:set package 'loki_twist_mux' build argument 'cmake_clean_first' from command line to 'False'
[0.439s] Level 5:colcon.colcon_core.verb:set package 'loki_twist_mux' build argument 'cmake_force_configure' from command line to 'False'
[0.439s] Level 5:colcon.colcon_core.verb:set package 'loki_twist_mux' build argument 'ament_cmake_args' from command line to 'None'
[0.439s] Level 5:colcon.colcon_core.verb:set package 'loki_twist_mux' build argument 'catkin_cmake_args' from command line to 'None'
[0.439s] Level 5:colcon.colcon_core.verb:set package 'loki_twist_mux' build argument 'catkin_skip_building_tests' from command line to 'False'
[0.439s] DEBUG:colcon.colcon_core.verb:Building package 'loki_twist_mux' with the following arguments: {'ament_cmake_args': None, 'build_base': '/home/loki/Documents/GitHub/saga_repo/build/loki_twist_mux', 'catkin_cmake_args': None, 'catkin_skip_building_tests': False, 'cmake_args': None, 'cmake_clean_cache': False, 'cmake_clean_first': False, 'cmake_force_configure': False, 'cmake_target': None, 'cmake_target_skip_unavailable': False, 'install_base': '/home/loki/Documents/GitHub/saga_repo/install/loki_twist_mux', 'merge_install': False, 'path': '/home/loki/Documents/GitHub/saga_repo/ros2_thor/src/loki/loki_twist_mux', 'symlink_install': False, 'test_result_base': None}
[0.444s] Level 5:colcon.colcon_core.verb:set package 'rasberry_gazebo' build argument 'cmake_args' from command line to 'None'
[0.444s] Level 5:colcon.colcon_core.verb:set package 'rasberry_gazebo' build argument 'cmake_target' from command line to 'None'
[0.444s] Level 5:colcon.colcon_core.verb:set package 'rasberry_gazebo' build argument 'cmake_target_skip_unavailable' from command line to 'False'
[0.444s] Level 5:colcon.colcon_core.verb:set package 'rasberry_gazebo' build argument 'cmake_clean_cache' from command line to 'False'
[0.444s] Level 5:colcon.colcon_core.verb:set package 'rasberry_gazebo' build argument 'cmake_clean_first' from command line to 'False'
[0.444s] Level 5:colcon.colcon_core.verb:set package 'rasberry_gazebo' build argument 'cmake_force_configure' from command line to 'False'
[0.444s] Level 5:colcon.colcon_core.verb:set package 'rasberry_gazebo' build argument 'ament_cmake_args' from command line to 'None'
[0.444s] Level 5:colcon.colcon_core.verb:set package 'rasberry_gazebo' build argument 'catkin_cmake_args' from command line to 'None'
[0.444s] Level 5:colcon.colcon_core.verb:set package 'rasberry_gazebo' build argument 'catkin_skip_building_tests' from command line to 'False'
[0.444s] DEBUG:colcon.colcon_core.verb:Building package 'rasberry_gazebo' with the following arguments: {'ament_cmake_args': None, 'build_base': '/home/loki/Documents/GitHub/saga_repo/build/rasberry_gazebo', 'catkin_cmake_args': None, 'catkin_skip_building_tests': False, 'cmake_args': None, 'cmake_clean_cache': False, 'cmake_clean_first': False, 'cmake_force_configure': False, 'cmake_target': None, 'cmake_target_skip_unavailable': False, 'install_base': '/home/loki/Documents/GitHub/saga_repo/install/rasberry_gazebo', 'merge_install': False, 'path': '/home/loki/Documents/GitHub/saga_repo/ros2_thor/src/loki/rasberry_gazebo', 'symlink_install': False, 'test_result_base': None}
[0.448s] Level 5:colcon.colcon_core.verb:set package 'loki_msgs' build argument 'cmake_args' from command line to 'None'
[0.448s] Level 5:colcon.colcon_core.verb:set package 'loki_msgs' build argument 'cmake_target' from command line to 'None'
[0.448s] Level 5:colcon.colcon_core.verb:set package 'loki_msgs' build argument 'cmake_target_skip_unavailable' from command line to 'False'
[0.448s] Level 5:colcon.colcon_core.verb:set package 'loki_msgs' build argument 'cmake_clean_cache' from command line to 'False'
[0.448s] Level 5:colcon.colcon_core.verb:set package 'loki_msgs' build argument 'cmake_clean_first' from command line to 'False'
[0.448s] Level 5:colcon.colcon_core.verb:set package 'loki_msgs' build argument 'cmake_force_configure' from command line to 'False'
[0.448s] Level 5:colcon.colcon_core.verb:set package 'loki_msgs' build argument 'ament_cmake_args' from command line to 'None'
[0.448s] Level 5:colcon.colcon_core.verb:set package 'loki_msgs' build argument 'catkin_cmake_args' from command line to 'None'
[0.448s] Level 5:colcon.colcon_core.verb:set package 'loki_msgs' build argument 'catkin_skip_building_tests' from command line to 'False'
[0.448s] DEBUG:colcon.colcon_core.verb:Building package 'loki_msgs' with the following arguments: {'ament_cmake_args': None, 'build_base': '/home/loki/Documents/GitHub/saga_repo/build/loki_msgs', 'catkin_cmake_args': None, 'catkin_skip_building_tests': False, 'cmake_args': None, 'cmake_clean_cache': False, 'cmake_clean_first': False, 'cmake_force_configure': False, 'cmake_target': None, 'cmake_target_skip_unavailable': False, 'install_base': '/home/loki/Documents/GitHub/saga_repo/install/loki_msgs', 'merge_install': False, 'path': '/home/loki/Documents/GitHub/saga_repo/ros2_thor/src/loki/loki_msgs', 'symlink_install': False, 'test_result_base': None}
[0.452s] Level 5:colcon.colcon_core.verb:set package 'loki_can_devices' build argument 'cmake_args' from command line to 'None'
[0.452s] Level 5:colcon.colcon_core.verb:set package 'loki_can_devices' build argument 'cmake_target' from command line to 'None'
[0.452s] Level 5:colcon.colcon_core.verb:set package 'loki_can_devices' build argument 'cmake_target_skip_unavailable' from command line to 'False'
[0.452s] Level 5:colcon.colcon_core.verb:set package 'loki_can_devices' build argument 'cmake_clean_cache' from command line to 'False'
[0.452s] Level 5:colcon.colcon_core.verb:set package 'loki_can_devices' build argument 'cmake_clean_first' from command line to 'False'
[0.452s] Level 5:colcon.colcon_core.verb:set package 'loki_can_devices' build argument 'cmake_force_configure' from command line to 'False'
[0.452s] Level 5:colcon.colcon_core.verb:set package 'loki_can_devices' build argument 'ament_cmake_args' from command line to 'None'
[0.452s] Level 5:colcon.colcon_core.verb:set package 'loki_can_devices' build argument 'catkin_cmake_args' from command line to 'None'
[0.452s] Level 5:colcon.colcon_core.verb:set package 'loki_can_devices' build argument 'catkin_skip_building_tests' from command line to 'False'
[0.452s] DEBUG:colcon.colcon_core.verb:Building package 'loki_can_devices' with the following arguments: {'ament_cmake_args': None, 'build_base': '/home/loki/Documents/GitHub/saga_repo/build/loki_can_devices', 'catkin_cmake_args': None, 'catkin_skip_building_tests': False, 'cmake_args': None, 'cmake_clean_cache': False, 'cmake_clean_first': False, 'cmake_force_configure': False, 'cmake_target': None, 'cmake_target_skip_unavailable': False, 'install_base': '/home/loki/Documents/GitHub/saga_repo/install/loki_can_devices', 'merge_install': False, 'path': '/home/loki/Documents/GitHub/saga_repo/ros2_thor/src/loki/loki_can_devices', 'symlink_install': False, 'test_result_base': None}
[0.457s] Level 5:colcon.colcon_core.verb:set package 'loki_base' build argument 'cmake_args' from command line to 'None'
[0.457s] Level 5:colcon.colcon_core.verb:set package 'loki_base' build argument 'cmake_target' from command line to 'None'
[0.457s] Level 5:colcon.colcon_core.verb:set package 'loki_base' build argument 'cmake_target_skip_unavailable' from command line to 'False'
[0.457s] Level 5:colcon.colcon_core.verb:set package 'loki_base' build argument 'cmake_clean_cache' from command line to 'False'
[0.457s] Level 5:colcon.colcon_core.verb:set package 'loki_base' build argument 'cmake_clean_first' from command line to 'False'
[0.457s] Level 5:colcon.colcon_core.verb:set package 'loki_base' build argument 'cmake_force_configure' from command line to 'False'
[0.457s] Level 5:colcon.colcon_core.verb:set package 'loki_base' build argument 'ament_cmake_args' from command line to 'None'
[0.457s] Level 5:colcon.colcon_core.verb:set package 'loki_base' build argument 'catkin_cmake_args' from command line to 'None'
[0.457s] Level 5:colcon.colcon_core.verb:set package 'loki_base' build argument 'catkin_skip_building_tests' from command line to 'False'
[0.457s] DEBUG:colcon.colcon_core.verb:Building package 'loki_base' with the following arguments: {'ament_cmake_args': None, 'build_base': '/home/loki/Documents/GitHub/saga_repo/build/loki_base', 'catkin_cmake_args': None, 'catkin_skip_building_tests': False, 'cmake_args': None, 'cmake_clean_cache': False, 'cmake_clean_first': False, 'cmake_force_configure': False, 'cmake_target': None, 'cmake_target_skip_unavailable': False, 'install_base': '/home/loki/Documents/GitHub/saga_repo/install/loki_base', 'merge_install': False, 'path': '/home/loki/Documents/GitHub/saga_repo/ros2_thor/src/loki/loki_base', 'symlink_install': False, 'test_result_base': None}
[0.461s] Level 5:colcon.colcon_core.verb:set package 'loki_simulator' build argument 'cmake_args' from command line to 'None'
[0.461s] Level 5:colcon.colcon_core.verb:set package 'loki_simulator' build argument 'cmake_target' from command line to 'None'
[0.461s] Level 5:colcon.colcon_core.verb:set package 'loki_simulator' build argument 'cmake_target_skip_unavailable' from command line to 'False'
[0.461s] Level 5:colcon.colcon_core.verb:set package 'loki_simulator' build argument 'cmake_clean_cache' from command line to 'False'
[0.461s] Level 5:colcon.colcon_core.verb:set package 'loki_simulator' build argument 'cmake_clean_first' from command line to 'False'
[0.461s] Level 5:colcon.colcon_core.verb:set package 'loki_simulator' build argument 'cmake_force_configure' from command line to 'False'
[0.461s] Level 5:colcon.colcon_core.verb:set package 'loki_simulator' build argument 'ament_cmake_args' from command line to 'None'
[0.461s] Level 5:colcon.colcon_core.verb:set package 'loki_simulator' build argument 'catkin_cmake_args' from command line to 'None'
[0.461s] Level 5:colcon.colcon_core.verb:set package 'loki_simulator' build argument 'catkin_skip_building_tests' from command line to 'False'
[0.461s] DEBUG:colcon.colcon_core.verb:Building package 'loki_simulator' with the following arguments: {'ament_cmake_args': None, 'build_base': '/home/loki/Documents/GitHub/saga_repo/build/loki_simulator', 'catkin_cmake_args': None, 'catkin_skip_building_tests': False, 'cmake_args': None, 'cmake_clean_cache': False, 'cmake_clean_first': False, 'cmake_force_configure': False, 'cmake_target': None, 'cmake_target_skip_unavailable': False, 'install_base': '/home/loki/Documents/GitHub/saga_repo/install/loki_simulator', 'merge_install': False, 'path': '/home/loki/Documents/GitHub/saga_repo/ros2_thor/src/loki/loki_simulator', 'symlink_install': False, 'test_result_base': None}
[0.465s] Level 5:colcon.colcon_core.verb:set package 'robot_bringup' build argument 'cmake_args' from command line to 'None'
[0.465s] Level 5:colcon.colcon_core.verb:set package 'robot_bringup' build argument 'cmake_target' from command line to 'None'
[0.465s] Level 5:colcon.colcon_core.verb:set package 'robot_bringup' build argument 'cmake_target_skip_unavailable' from command line to 'False'
[0.465s] Level 5:colcon.colcon_core.verb:set package 'robot_bringup' build argument 'cmake_clean_cache' from command line to 'False'
[0.465s] Level 5:colcon.colcon_core.verb:set package 'robot_bringup' build argument 'cmake_clean_first' from command line to 'False'
[0.465s] Level 5:colcon.colcon_core.verb:set package 'robot_bringup' build argument 'cmake_force_configure' from command line to 'False'
[0.465s] Level 5:colcon.colcon_core.verb:set package 'robot_bringup' build argument 'ament_cmake_args' from command line to 'None'
[0.465s] Level 5:colcon.colcon_core.verb:set package 'robot_bringup' build argument 'catkin_cmake_args' from command line to 'None'
[0.466s] Level 5:colcon.colcon_core.verb:set package 'robot_bringup' build argument 'catkin_skip_building_tests' from command line to 'False'
[0.466s] DEBUG:colcon.colcon_core.verb:Building package 'robot_bringup' with the following arguments: {'ament_cmake_args': None, 'build_base': '/home/loki/Documents/GitHub/saga_repo/build/robot_bringup', 'catkin_cmake_args': None, 'catkin_skip_building_tests': False, 'cmake_args': None, 'cmake_clean_cache': False, 'cmake_clean_first': False, 'cmake_force_configure': False, 'cmake_target': None, 'cmake_target_skip_unavailable': False, 'install_base': '/home/loki/Documents/GitHub/saga_repo/install/robot_bringup', 'merge_install': False, 'path': '/home/loki/Documents/GitHub/saga_repo/ros2_thor/src/loki/robot_bringup', 'symlink_install': False, 'test_result_base': None}
[0.470s] Level 5:colcon.colcon_core.verb:set package 'loki_bringup' build argument 'cmake_args' from command line to 'None'
[0.470s] Level 5:colcon.colcon_core.verb:set package 'loki_bringup' build argument 'cmake_target' from command line to 'None'
[0.470s] Level 5:colcon.colcon_core.verb:set package 'loki_bringup' build argument 'cmake_target_skip_unavailable' from command line to 'False'
[0.470s] Level 5:colcon.colcon_core.verb:set package 'loki_bringup' build argument 'cmake_clean_cache' from command line to 'False'
[0.470s] Level 5:colcon.colcon_core.verb:set package 'loki_bringup' build argument 'cmake_clean_first' from command line to 'False'
[0.470s] Level 5:colcon.colcon_core.verb:set package 'loki_bringup' build argument 'cmake_force_configure' from command line to 'False'
[0.470s] Level 5:colcon.colcon_core.verb:set package 'loki_bringup' build argument 'ament_cmake_args' from command line to 'None'
[0.470s] Level 5:colcon.colcon_core.verb:set package 'loki_bringup' build argument 'catkin_cmake_args' from command line to 'None'
[0.470s] Level 5:colcon.colcon_core.verb:set package 'loki_bringup' build argument 'catkin_skip_building_tests' from command line to 'False'
[0.470s] DEBUG:colcon.colcon_core.verb:Building package 'loki_bringup' with the following arguments: {'ament_cmake_args': None, 'build_base': '/home/loki/Documents/GitHub/saga_repo/build/loki_bringup', 'catkin_cmake_args': None, 'catkin_skip_building_tests': False, 'cmake_args': None, 'cmake_clean_cache': False, 'cmake_clean_first': False, 'cmake_force_configure': False, 'cmake_target': None, 'cmake_target_skip_unavailable': False, 'install_base': '/home/loki/Documents/GitHub/saga_repo/install/loki_bringup', 'merge_install': False, 'path': '/home/loki/Documents/GitHub/saga_repo/ros2_thor/src/loki/loki_bringup', 'symlink_install': False, 'test_result_base': None}
[0.474s] INFO:colcon.colcon_core.executor:Executing jobs using 'parallel' executor
[0.479s] DEBUG:colcon.colcon_parallel_executor.executor.parallel:run_until_complete
[0.479s] INFO:colcon.colcon_ros.task.ament_cmake.build:Building ROS package in '/home/loki/Documents/GitHub/saga_repo/ros2_thor/src/loki/loki_description' with build type 'ament_cmake'
[0.479s] INFO:colcon.colcon_cmake.task.cmake.build:Building CMake package in '/home/loki/Documents/GitHub/saga_repo/ros2_thor/src/loki/loki_description'
[0.485s] INFO:colcon.colcon_core.plugin_system:Skipping extension 'colcon_core.shell.bat': Not used on non-Windows systems
[0.485s] INFO:colcon.colcon_core.shell:Skip shell extension 'powershell' for command environment: Not usable outside of PowerShell
[0.485s] DEBUG:colcon.colcon_core.shell:Skip shell extension 'dsv' for command environment
[0.490s] INFO:colcon.colcon_ros.task.ament_python.build:Building ROS package in '/home/loki/Documents/GitHub/saga_repo/ros2_thor/src/loki/loki_teleop' with build type 'ament_python'
[0.490s] Level 1:colcon.colcon_core.shell:create_environment_hook('loki_teleop', 'ament_prefix_path')
[0.495s] INFO:colcon.colcon_core.shell:Creating environment hook '/home/loki/Documents/GitHub/saga_repo/install/loki_teleop/share/loki_teleop/hook/ament_prefix_path.ps1'
[0.496s] INFO:colcon.colcon_core.shell:Creating environment descriptor '/home/loki/Documents/GitHub/saga_repo/install/loki_teleop/share/loki_teleop/hook/ament_prefix_path.dsv'
[0.496s] INFO:colcon.colcon_core.shell:Creating environment hook '/home/loki/Documents/GitHub/saga_repo/install/loki_teleop/share/loki_teleop/hook/ament_prefix_path.sh'
[0.501s] INFO:colcon.colcon_core.shell:Skip shell extension 'powershell' for command environment: Not usable outside of PowerShell
[0.501s] DEBUG:colcon.colcon_core.shell:Skip shell extension 'dsv' for command environment
[0.506s] INFO:colcon.colcon_ros.task.ament_cmake.build:Building ROS package in '/home/loki/Documents/GitHub/saga_repo/ros2_thor/src/loki/loki_twist_mux' with build type 'ament_cmake'
[0.506s] INFO:colcon.colcon_cmake.task.cmake.build:Building CMake package in '/home/loki/Documents/GitHub/saga_repo/ros2_thor/src/loki/loki_twist_mux'
[0.511s] INFO:colcon.colcon_core.shell:Skip shell extension 'powershell' for command environment: Not usable outside of PowerShell
[0.511s] DEBUG:colcon.colcon_core.shell:Skip shell extension 'dsv' for command environment
[0.517s] INFO:colcon.colcon_ros.task.ament_cmake.build:Building ROS package in '/home/loki/Documents/GitHub/saga_repo/ros2_thor/src/loki/rasberry_gazebo' with build type 'ament_cmake'
[0.517s] INFO:colcon.colcon_cmake.task.cmake.build:Building CMake package in '/home/loki/Documents/GitHub/saga_repo/ros2_thor/src/loki/rasberry_gazebo'
[0.522s] INFO:colcon.colcon_core.shell:Skip shell extension 'powershell' for command environment: Not usable outside of PowerShell
[0.522s] DEBUG:colcon.colcon_core.shell:Skip shell extension 'dsv' for command environment
[0.530s] DEBUG:colcon.colcon_core.event_handler.log_command:Invoking command in '/home/loki/Documents/GitHub/saga_repo/build/loki_description': /usr/bin/cmake /home/loki/Documents/GitHub/saga_repo/ros2_thor/src/loki/loki_description -DCMAKE_INSTALL_PREFIX=/home/loki/Documents/GitHub/saga_repo/install/loki_description
[0.658s] INFO:colcon.colcon_core.task.python.build:Building Python package in '/home/loki/Documents/GitHub/saga_repo/ros2_thor/src/loki/loki_teleop'
[0.663s] INFO:colcon.colcon_core.shell:Skip shell extension 'powershell' for command environment: Not usable outside of PowerShell
[0.663s] DEBUG:colcon.colcon_core.shell:Skip shell extension 'dsv' for command environment
[0.670s] DEBUG:colcon.colcon_core.event_handler.log_command:Invoking command in '/home/loki/Documents/GitHub/saga_repo/build/loki_twist_mux': /usr/bin/cmake /home/loki/Documents/GitHub/saga_repo/ros2_thor/src/loki/loki_twist_mux -DCMAKE_INSTALL_PREFIX=/home/loki/Documents/GitHub/saga_repo/install/loki_twist_mux
[0.675s] DEBUG:colcon.colcon_core.event_handler.log_command:Invoking command in '/home/loki/Documents/GitHub/saga_repo/build/rasberry_gazebo': /usr/bin/cmake /home/loki/Documents/GitHub/saga_repo/ros2_thor/src/loki/rasberry_gazebo -DCMAKE_INSTALL_PREFIX=/home/loki/Documents/GitHub/saga_repo/install/rasberry_gazebo
[0.675s] DEBUG:colcon.colcon_core.event_handler.log_command:Invoked command in '/home/loki/Documents/GitHub/saga_repo/build/loki_description' returned '1': /usr/bin/cmake /home/loki/Documents/GitHub/saga_repo/ros2_thor/src/loki/loki_description -DCMAKE_INSTALL_PREFIX=/home/loki/Documents/GitHub/saga_repo/install/loki_description
[0.681s] Level 1:colcon.colcon_core.environment:create_environment_scripts_only(loki_description)
[0.689s] Level 1:colcon.colcon_core.environment:checking '/home/loki/Documents/GitHub/saga_repo/install/loki_description' for CMake module files
[0.690s] Level 1:colcon.colcon_core.environment:checking '/home/loki/Documents/GitHub/saga_repo/install/loki_description' for CMake config files
[0.690s] Level 1:colcon.colcon_core.environment:checking '/home/loki/Documents/GitHub/saga_repo/install/loki_description/bin'
[0.690s] Level 1:colcon.colcon_core.environment:checking '/home/loki/Documents/GitHub/saga_repo/install/loki_description/lib/pkgconfig/loki_description.pc'
[0.690s] Level 1:colcon.colcon_core.environment:checking '/home/loki/Documents/GitHub/saga_repo/install/loki_description/lib/python3.10/site-packages'
[0.691s] Level 1:colcon.colcon_core.environment:checking '/home/loki/Documents/GitHub/saga_repo/install/loki_description/bin'
[0.695s] INFO:colcon.colcon_core.shell:Creating package script '/home/loki/Documents/GitHub/saga_repo/install/loki_description/share/loki_description/package.ps1'
[0.696s] INFO:colcon.colcon_core.shell:Creating package descriptor '/home/loki/Documents/GitHub/saga_repo/install/loki_description/share/loki_description/package.dsv'
[0.696s] INFO:colcon.colcon_core.shell:Creating package script '/home/loki/Documents/GitHub/saga_repo/install/loki_description/share/loki_description/package.sh'
[0.696s] INFO:colcon.colcon_core.shell:Creating package script '/home/loki/Documents/GitHub/saga_repo/install/loki_description/share/loki_description/package.bash'
[0.697s] INFO:colcon.colcon_core.shell:Creating package script '/home/loki/Documents/GitHub/saga_repo/install/loki_description/share/loki_description/package.zsh'
[0.697s] Level 1:colcon.colcon_core.environment:create_file_with_runtime_dependencies(/home/loki/Documents/GitHub/saga_repo/install/loki_description/share/colcon-core/packages/loki_description)
[0.863s] DEBUG:colcon.colcon_parallel_executor.executor.parallel:closing loop
[0.863s] DEBUG:colcon.colcon_parallel_executor.executor.parallel:loop closed
[0.863s] DEBUG:colcon.colcon_parallel_executor.executor.parallel:run_until_complete finished with '1'
[0.863s] DEBUG:colcon.colcon_core.event_reactor:joining thread
[0.871s] INFO:colcon.colcon_core.plugin_system:Skipping extension 'colcon_notification.desktop_notification.terminal_notifier': Not used on non-Darwin systems
[0.872s] INFO:colcon.colcon_core.plugin_system:Skipping extension 'colcon_notification.desktop_notification.win32': Not used on non-Windows systems
[0.872s] INFO:colcon.colcon_notification.desktop_notification:Sending desktop notification using 'notify2'
[0.885s] DEBUG:colcon.colcon_core.event_reactor:joined thread
[0.891s] INFO:colcon.colcon_core.shell:Creating prefix script '/home/loki/Documents/GitHub/saga_repo/install/local_setup.ps1'
[0.892s] INFO:colcon.colcon_core.shell:Creating prefix util module '/home/loki/Documents/GitHub/saga_repo/install/_local_setup_util_ps1.py'
[0.892s] INFO:colcon.colcon_core.shell:Creating prefix chain script '/home/loki/Documents/GitHub/saga_repo/install/setup.ps1'
[0.898s] INFO:colcon.colcon_core.shell:Creating prefix script '/home/loki/Documents/GitHub/saga_repo/install/local_setup.sh'
[0.898s] INFO:colcon.colcon_core.shell:Creating prefix util module '/home/loki/Documents/GitHub/saga_repo/install/_local_setup_util_sh.py'
[0.898s] INFO:colcon.colcon_core.shell:Creating prefix chain script '/home/loki/Documents/GitHub/saga_repo/install/setup.sh'
[0.903s] INFO:colcon.colcon_core.shell:Creating prefix script '/home/loki/Documents/GitHub/saga_repo/install/local_setup.bash'
[0.903s] INFO:colcon.colcon_core.shell:Creating prefix chain script '/home/loki/Documents/GitHub/saga_repo/install/setup.bash'
[0.910s] INFO:colcon.colcon_core.shell:Creating prefix script '/home/loki/Documents/GitHub/saga_repo/install/local_setup.zsh'
[0.910s] INFO:colcon.colcon_core.shell:Creating prefix chain script '/home/loki/Documents/GitHub/saga_repo/install/setup.zsh'
