[0.012s] Invoking command in '/home/cairlab/Documents/GitHub/saga_repo/build/loki_description': CMAKE_PREFIX_PATH=/opt/ros/humble /usr/bin/cmake /home/cairlab/Documents/GitHub/saga_repo/ros2_thor/src/loki/loki_description -DCMAKE_INSTALL_PREFIX=/home/cairlab/Documents/GitHub/saga_repo/install/loki_description
[0.067s] -- The C compiler identification is GNU 11.4.0
[0.120s] -- The CXX compiler identification is GNU 11.4.0
[0.125s] -- Detecting C compiler ABI info
[0.183s] -- Detecting C compiler ABI info - done
[0.188s] -- Check for working C compiler: /usr/bin/cc - skipped
[0.189s] -- Detecting C compile features
[0.190s] -- Detecting C compile features - done
[0.193s] -- Detecting CXX compiler ABI info
[0.261s] -- Detecting CXX compiler ABI info - done
[0.268s] -- Check for working CXX compiler: /usr/bin/c++ - skipped
[0.268s] -- Detecting CXX compile features
[0.268s] -- Detecting CXX compile features - done
[0.275s] -- Found ament_cmake: 1.3.5 (/opt/ros/humble/share/ament_cmake/cmake)
[0.604s] -- Found Python3: /usr/bin/python3.10 (found version "3.10.12") found components: Interpreter 
[0.679s] -- Found controller_manager: 2.30.0 (/opt/ros/humble/share/controller_manager/cmake)
[0.729s] -- Found rosidl_generator_c: 3.1.5 (/opt/ros/humble/share/rosidl_generator_c/cmake)
[0.733s] -- Found rosidl_adapter: 3.1.5 (/opt/ros/humble/share/rosidl_adapter/cmake)
[0.740s] -- Found rosidl_generator_cpp: 3.1.5 (/opt/ros/humble/share/rosidl_generator_cpp/cmake)
[0.751s] -- Using all available rosidl_typesupport_c: rosidl_typesupport_fastrtps_c;rosidl_typesupport_introspection_c
[0.768s] -- Using all available rosidl_typesupport_cpp: rosidl_typesupport_fastrtps_cpp;rosidl_typesupport_introspection_cpp
[1.496s] -- Found rmw_implementation_cmake: 6.1.1 (/opt/ros/humble/share/rmw_implementation_cmake/cmake)
[1.501s] -- Found rmw_fastrtps_cpp: 6.2.3 (/opt/ros/humble/share/rmw_fastrtps_cpp/cmake)
[1.611s] -- Found OpenSSL: /usr/lib/x86_64-linux-gnu/libcrypto.so (found version "3.0.2")  
[1.639s] -- Found FastRTPS: /opt/ros/humble/include  
[1.684s] -- Using RMW implementation 'rmw_fastrtps_cpp' as default
[1.695s] -- Looking for pthread.h
[1.766s] -- Looking for pthread.h - found
[1.766s] -- Performing Test CMAKE_HAVE_LIBC_PTHREAD
[1.834s] -- Performing Test CMAKE_HAVE_LIBC_PTHREAD - Success
[1.836s] -- Found Threads: TRUE  
[2.830s] -- Found robot_state_publisher: 3.0.2 (/opt/ros/humble/share/robot_state_publisher/cmake)
[2.888s] -- Found eigen3_cmake_module: 0.1.1 (/opt/ros/humble/share/eigen3_cmake_module/cmake)
[2.891s] -- Found Eigen3: TRUE (found version "3.4.0") 
[2.891s] -- Ensuring Eigen3 include directory is part of orocos-kdl CMake target
[3.457s] -- Found rclpy: 3.3.9 (/opt/ros/humble/share/rclpy/cmake)
[3.459s] -- Found xacro: 2.0.8 (/opt/ros/humble/share/xacro/cmake)
[3.520s] -- Configuring done
[3.525s] -- Generating done
[3.527s] -- Build files have been written to: /home/cairlab/Documents/GitHub/saga_repo/build/loki_description
[3.541s] Invoked command in '/home/cairlab/Documents/GitHub/saga_repo/build/loki_description' returned '0': CMAKE_PREFIX_PATH=/opt/ros/humble /usr/bin/cmake /home/cairlab/Documents/GitHub/saga_repo/ros2_thor/src/loki/loki_description -DCMAKE_INSTALL_PREFIX=/home/cairlab/Documents/GitHub/saga_repo/install/loki_description
[3.542s] Invoking command in '/home/cairlab/Documents/GitHub/saga_repo/build/loki_description': CMAKE_PREFIX_PATH=/opt/ros/humble /usr/bin/cmake --build /home/cairlab/Documents/GitHub/saga_repo/build/loki_description -- -j12 -l12
[3.586s] Invoked command in '/home/cairlab/Documents/GitHub/saga_repo/build/loki_description' returned '0': CMAKE_PREFIX_PATH=/opt/ros/humble /usr/bin/cmake --build /home/cairlab/Documents/GitHub/saga_repo/build/loki_description -- -j12 -l12
[3.614s] Invoking command in '/home/cairlab/Documents/GitHub/saga_repo/build/loki_description': CMAKE_PREFIX_PATH=/opt/ros/humble /usr/bin/cmake --install /home/cairlab/Documents/GitHub/saga_repo/build/loki_description
[3.621s] -- Install configuration: ""
[3.621s] -- Installing: /home/cairlab/Documents/GitHub/saga_repo/install/loki_description/share/loki_description/launch
[3.621s] -- Installing: /home/cairlab/Documents/GitHub/saga_repo/install/loki_description/share/loki_description/launch/model.launch
[3.621s] -- Installing: /home/cairlab/Documents/GitHub/saga_repo/install/loki_description/share/loki_description/meshes
[3.621s] -- Installing: /home/cairlab/Documents/GitHub/saga_repo/install/loki_description/share/loki_description/meshes/drive_modules
[3.622s] -- Installing: /home/cairlab/Documents/GitHub/saga_repo/install/loki_description/share/loki_description/meshes/drive_modules/836745-5-DUMMY-RevA.stl
[3.622s] -- Installing: /home/cairlab/Documents/GitHub/saga_repo/install/loki_description/share/loki_description/meshes/drive_modules/836745-5-DUMMY-MIRROR-RevA.stl
[3.622s] -- Installing: /home/cairlab/Documents/GitHub/saga_repo/install/loki_description/share/loki_description/meshes/drive_modules/old
[3.622s] -- Installing: /home/cairlab/Documents/GitHub/saga_repo/install/loki_description/share/loki_description/meshes/drive_modules/old/836745-5-DUMMY-RevA.stl
[3.622s] -- Installing: /home/cairlab/Documents/GitHub/saga_repo/install/loki_description/share/loki_description/meshes/drive_modules/old/836745-5-DUMMY-MIRROR-RevA.stl
[3.622s] -- Installing: /home/cairlab/Documents/GitHub/saga_repo/install/loki_description/share/loki_description/meshes/drive_modules/old/836586-1-DUMMY-RevA.stl
[3.622s] -- Installing: /home/cairlab/Documents/GitHub/saga_repo/install/loki_description/share/loki_description/meshes/bat_enc_modules
[3.622s] -- Installing: /home/cairlab/Documents/GitHub/saga_repo/install/loki_description/share/loki_description/meshes/bat_enc_modules/836586-1-DUMMY-RevA.stl
[3.623s] -- Installing: /home/cairlab/Documents/GitHub/saga_repo/install/loki_description/share/loki_description/meshes/hokuyo
[3.623s] -- Installing: /home/cairlab/Documents/GitHub/saga_repo/install/loki_description/share/loki_description/meshes/hokuyo/hokuyo.dae
[3.623s] -- Installing: /home/cairlab/Documents/GitHub/saga_repo/install/loki_description/share/loki_description/meshes/clamps
[3.623s] -- Installing: /home/cairlab/Documents/GitHub/saga_repo/install/loki_description/share/loki_description/meshes/clamps/DUMMY-SUSP.stl
[3.623s] -- Installing: /home/cairlab/Documents/GitHub/saga_repo/install/loki_description/share/loki_description/meshes/clamps/DUMMY-T-BRACKET.stl
[3.623s] -- Installing: /home/cairlab/Documents/GitHub/saga_repo/install/loki_description/share/loki_description/meshes/tower_modules
[3.623s] -- Installing: /home/cairlab/Documents/GitHub/saga_repo/install/loki_description/share/loki_description/meshes/tower_modules/DUMMY-TOWER-MIRROR-M.stl
[3.623s] -- Installing: /home/cairlab/Documents/GitHub/saga_repo/install/loki_description/share/loki_description/meshes/tower_modules/DUMMY-DRIVE-BRACKET.stl
[3.623s] -- Installing: /home/cairlab/Documents/GitHub/saga_repo/install/loki_description/share/loki_description/meshes/tower_modules/DUMMY-TOWER-M.stl
[3.623s] -- Installing: /home/cairlab/Documents/GitHub/saga_repo/install/loki_description/share/loki_description/meshes/uv_frame
[3.623s] -- Installing: /home/cairlab/Documents/GitHub/saga_repo/install/loki_description/share/loki_description/meshes/uv_frame/uv_arc.STL
[3.637s] -- Installing: /home/cairlab/Documents/GitHub/saga_repo/install/loki_description/share/loki_description/urdf
[3.637s] -- Installing: /home/cairlab/Documents/GitHub/saga_repo/install/loki_description/share/loki_description/urdf/thorvald_model.xacro
[3.637s] -- Installing: /home/cairlab/Documents/GitHub/saga_repo/install/loki_description/share/loki_description/urdf/sensor_modules
[3.637s] -- Installing: /home/cairlab/Documents/GitHub/saga_repo/install/loki_description/share/loki_description/urdf/sensor_modules/sensor_frames_example.xacro
[3.637s] -- Installing: /home/cairlab/Documents/GitHub/saga_repo/install/loki_description/share/loki_description/config
[3.637s] -- Installing: /home/cairlab/Documents/GitHub/saga_repo/install/loki_description/share/loki_description/config/thorvald_ii_4wd4ws_std
[3.637s] -- Installing: /home/cairlab/Documents/GitHub/saga_repo/install/loki_description/share/loki_description/config/thorvald_ii_4wd4ws_std/thorvald_ii_4wd4ws_std.yaml
[3.638s] -- Installing: /home/cairlab/Documents/GitHub/saga_repo/install/loki_description/share/ament_index/resource_index/package_run_dependencies/loki_description
[3.638s] -- Installing: /home/cairlab/Documents/GitHub/saga_repo/install/loki_description/share/ament_index/resource_index/parent_prefix_path/loki_description
[3.638s] -- Installing: /home/cairlab/Documents/GitHub/saga_repo/install/loki_description/share/loki_description/environment/ament_prefix_path.sh
[3.638s] -- Installing: /home/cairlab/Documents/GitHub/saga_repo/install/loki_description/share/loki_description/environment/ament_prefix_path.dsv
[3.638s] -- Installing: /home/cairlab/Documents/GitHub/saga_repo/install/loki_description/share/loki_description/environment/path.sh
[3.638s] -- Installing: /home/cairlab/Documents/GitHub/saga_repo/install/loki_description/share/loki_description/environment/path.dsv
[3.638s] -- Installing: /home/cairlab/Documents/GitHub/saga_repo/install/loki_description/share/loki_description/local_setup.bash
[3.638s] -- Installing: /home/cairlab/Documents/GitHub/saga_repo/install/loki_description/share/loki_description/local_setup.sh
[3.638s] -- Installing: /home/cairlab/Documents/GitHub/saga_repo/install/loki_description/share/loki_description/local_setup.zsh
[3.639s] -- Installing: /home/cairlab/Documents/GitHub/saga_repo/install/loki_description/share/loki_description/local_setup.dsv
[3.639s] -- Installing: /home/cairlab/Documents/GitHub/saga_repo/install/loki_description/share/loki_description/package.dsv
[3.639s] -- Installing: /home/cairlab/Documents/GitHub/saga_repo/install/loki_description/share/ament_index/resource_index/packages/loki_description
[3.639s] -- Installing: /home/cairlab/Documents/GitHub/saga_repo/install/loki_description/share/loki_description/cmake/loki_descriptionConfig.cmake
[3.639s] -- Installing: /home/cairlab/Documents/GitHub/saga_repo/install/loki_description/share/loki_description/cmake/loki_descriptionConfig-version.cmake
[3.639s] -- Installing: /home/cairlab/Documents/GitHub/saga_repo/install/loki_description/share/loki_description/package.xml
[3.642s] Invoked command in '/home/cairlab/Documents/GitHub/saga_repo/build/loki_description' returned '0': CMAKE_PREFIX_PATH=/opt/ros/humble /usr/bin/cmake --install /home/cairlab/Documents/GitHub/saga_repo/build/loki_description
