[0.013s] Invoking command in '/home/cairlab/twist_mux/build/twist_mux': CMAKE_PREFIX_PATH=/opt/ros/humble /usr/bin/cmake /home/cairlab/twist_mux -DCMAKE_INSTALL_PREFIX=/home/cairlab/twist_mux/install/twist_mux
[0.024s] -- Found ament_cmake: 1.3.5 (/opt/ros/humble/share/ament_cmake/cmake)
[0.139s] -- Found rclcpp: 16.0.4 (/opt/ros/humble/share/rclcpp/cmake)
[0.165s] -- Found rosidl_generator_c: 3.1.4 (/opt/ros/humble/share/rosidl_generator_c/cmake)
[0.167s] -- Found rosidl_adapter: 3.1.4 (/opt/ros/humble/share/rosidl_adapter/cmake)
[0.172s] -- Found rosidl_generator_cpp: 3.1.4 (/opt/ros/humble/share/rosidl_generator_cpp/cmake)
[0.183s] -- Using all available rosidl_typesupport_c: rosidl_typesupport_fastrtps_c;rosidl_typesupport_introspection_c
[0.195s] -- Using all available rosidl_typesupport_cpp: rosidl_typesupport_fastrtps_cpp;rosidl_typesupport_introspection_cpp
[0.247s] -- Found rmw_implementation_cmake: 6.1.1 (/opt/ros/humble/share/rmw_implementation_cmake/cmake)
[0.248s] -- Found rmw_fastrtps_cpp: 6.2.2 (/opt/ros/humble/share/rmw_fastrtps_cpp/cmake)
[0.349s] -- Using RMW implementation 'rmw_fastrtps_cpp' as default
[0.489s] -- Found geometry_msgs: 4.2.3 (/opt/ros/humble/share/geometry_msgs/cmake)
[0.533s] -- Found visualization_msgs: 4.2.3 (/opt/ros/humble/share/visualization_msgs/cmake)
[0.743s] [31mCMake Error at CMakeLists.txt:18 (find_package):
[0.743s]   By not providing "Finddiagnostic_updater.cmake" in CMAKE_MODULE_PATH this
[0.743s]   project has asked CMake to find a package configuration file provided by
[0.743s]   "diagnostic_updater", but CMake did not find one.
[0.743s] 
[0.744s]   Could not find a package configuration file provided by
[0.744s]   "diagnostic_updater" with any of the following names:
[0.744s] 
[0.744s]     diagnostic_updaterConfig.cmake
[0.744s]     diagnostic_updater-config.cmake
[0.744s] 
[0.744s]   Add the installation prefix of "diagnostic_updater" to CMAKE_PREFIX_PATH or
[0.744s]   set "diagnostic_updater_DIR" to a directory containing one of the above
[0.744s]   files.  If "diagnostic_updater" provides a separate development package or
[0.744s]   SDK, be sure it has been installed.
[0.744s] 
[0.744s] [0m
[0.744s] -- Configuring incomplete, errors occurred!
[0.744s] See also "/home/cairlab/twist_mux/build/twist_mux/CMakeFiles/CMakeOutput.log".
[0.750s] Invoked command in '/home/cairlab/twist_mux/build/twist_mux' returned '1': CMAKE_PREFIX_PATH=/opt/ros/humble /usr/bin/cmake /home/cairlab/twist_mux -DCMAKE_INSTALL_PREFIX=/home/cairlab/twist_mux/install/twist_mux
