[0.034s] Invoking command in '/home/loki/Documents/GitHub/saga_repo/build/loki_can_devices': AMENT_PREFIX_PATH=/home/loki/Documents/GitHub/saga_repo/install/loki_msgs:/home/loki/Documents/GitHub/saga_repo/install/loki_description:${AMENT_PREFIX_PATH} CMAKE_PREFIX_PATH=/home/loki/Documents/GitHub/saga_repo/install/loki_msgs:/home/loki/Documents/GitHub/saga_repo/install/loki_description:/opt/ros/humble LD_LIBRARY_PATH=/home/loki/Documents/GitHub/saga_repo/install/loki_msgs/lib:${LD_LIBRARY_PATH} PYTHONPATH=/home/loki/Documents/GitHub/saga_repo/install/loki_msgs/local/lib/python3.10/dist-packages:${PYTHONPATH} /usr/bin/cmake --build /home/loki/Documents/GitHub/saga_repo/build/loki_can_devices -- -j8 -l8
[0.080s] [ 81%] Built target can
[0.105s] [ 90%] [32mBuilding CXX object CMakeFiles/pytocpp.dir/src/py_to_cpp.cpp.o[0m
[23.680s] [100%] [32m[1mLinking CXX executable pytocpp[0m
[24.897s] [100%] Built target pytocpp
[24.905s] Invoked command in '/home/loki/Documents/GitHub/saga_repo/build/loki_can_devices' returned '0': AMENT_PREFIX_PATH=/home/loki/Documents/GitHub/saga_repo/install/loki_msgs:/home/loki/Documents/GitHub/saga_repo/install/loki_description:${AMENT_PREFIX_PATH} CMAKE_PREFIX_PATH=/home/loki/Documents/GitHub/saga_repo/install/loki_msgs:/home/loki/Documents/GitHub/saga_repo/install/loki_description:/opt/ros/humble LD_LIBRARY_PATH=/home/loki/Documents/GitHub/saga_repo/install/loki_msgs/lib:${LD_LIBRARY_PATH} PYTHONPATH=/home/loki/Documents/GitHub/saga_repo/install/loki_msgs/local/lib/python3.10/dist-packages:${PYTHONPATH} /usr/bin/cmake --build /home/loki/Documents/GitHub/saga_repo/build/loki_can_devices -- -j8 -l8
[24.937s] Invoking command in '/home/loki/Documents/GitHub/saga_repo/build/loki_can_devices': AMENT_PREFIX_PATH=/home/loki/Documents/GitHub/saga_repo/install/loki_msgs:/home/loki/Documents/GitHub/saga_repo/install/loki_description:${AMENT_PREFIX_PATH} CMAKE_PREFIX_PATH=/home/loki/Documents/GitHub/saga_repo/install/loki_msgs:/home/loki/Documents/GitHub/saga_repo/install/loki_description:/opt/ros/humble LD_LIBRARY_PATH=/home/loki/Documents/GitHub/saga_repo/install/loki_msgs/lib:${LD_LIBRARY_PATH} PYTHONPATH=/home/loki/Documents/GitHub/saga_repo/install/loki_msgs/local/lib/python3.10/dist-packages:${PYTHONPATH} /usr/bin/cmake --install /home/loki/Documents/GitHub/saga_repo/build/loki_can_devices
[24.944s] -- Install configuration: ""
[24.944s] -- Installing: /home/loki/Documents/GitHub/saga_repo/install/loki_can_devices/include
[24.944s] -- Installing: /home/loki/Documents/GitHub/saga_repo/install/loki_can_devices/include/loki_can_devices
[24.944s] -- Installing: /home/loki/Documents/GitHub/saga_repo/install/loki_can_devices/include/loki_can_devices/kc_battery.h
[24.944s] -- Installing: /home/loki/Documents/GitHub/saga_repo/install/loki_can_devices/include/loki_can_devices/RoboteqFbl2360.h
[24.944s] -- Installing: /home/loki/Documents/GitHub/saga_repo/install/loki_can_devices/include/loki_can_devices/can_frame.h
[24.944s] -- Installing: /home/loki/Documents/GitHub/saga_repo/install/loki_can_devices/include/loki_can_devices/can_line_socketcan.h
[24.944s] -- Installing: /home/loki/Documents/GitHub/saga_repo/install/loki_can_devices/include/loki_can_devices/can_battery_itf.h
[24.944s] -- Installing: /home/loki/Documents/GitHub/saga_repo/install/loki_can_devices/include/loki_can_devices/can_ctrl_pltf.h
[24.944s] -- Installing: /home/loki/Documents/GitHub/saga_repo/install/loki_can_devices/include/loki_can_devices/RoboteqFbl2360Diff.h
[24.944s] -- Installing: /home/loki/Documents/GitHub/saga_repo/install/loki_can_devices/include/loki_can_devices/can_io_v1uv.h
[24.944s] -- Installing: /home/loki/Documents/GitHub/saga_repo/install/loki_can_devices/include/loki_can_devices/can_io_itf.h
[24.944s] -- Installing: /home/loki/Documents/GitHub/saga_repo/install/loki_can_devices/include/loki_can_devices/can_line_itf.h
[24.944s] -- Installing: /home/loki/Documents/GitHub/saga_repo/install/loki_can_devices/include/loki_can_devices/CanDriveItf.h
[24.944s] -- Installing: /home/loki/Documents/GitHub/saga_repo/install/loki_can_devices/include/loki_can_devices/can_io_v1pcb.h
[24.944s] -- Installing: /home/loki/Documents/GitHub/saga_repo/install/loki_can_devices/share/loki_can_devices/launch
[24.944s] -- Installing: /home/loki/Documents/GitHub/saga_repo/install/loki_can_devices/share/loki_can_devices/launch/pytocpp.launch.py
[24.945s] -- Installing: /home/loki/Documents/GitHub/saga_repo/install/loki_can_devices/lib/libcan.so
[24.946s] -- Set runtime path of "/home/loki/Documents/GitHub/saga_repo/install/loki_can_devices/lib/libcan.so" to ""
[24.946s] -- Installing: /home/loki/Documents/GitHub/saga_repo/install/loki_can_devices/lib/loki_can_devices/pytocpp
[24.953s] -- Set runtime path of "/home/loki/Documents/GitHub/saga_repo/install/loki_can_devices/lib/loki_can_devices/pytocpp" to ""
[24.953s] -- Installing: /home/loki/Documents/GitHub/saga_repo/install/loki_can_devices/share/loki_can_devices/environment/library_path.sh
[24.953s] -- Installing: /home/loki/Documents/GitHub/saga_repo/install/loki_can_devices/share/loki_can_devices/environment/library_path.dsv
[24.953s] -- Installing: /home/loki/Documents/GitHub/saga_repo/install/loki_can_devices/share/ament_index/resource_index/package_run_dependencies/loki_can_devices
[24.953s] -- Installing: /home/loki/Documents/GitHub/saga_repo/install/loki_can_devices/share/ament_index/resource_index/parent_prefix_path/loki_can_devices
[24.954s] -- Installing: /home/loki/Documents/GitHub/saga_repo/install/loki_can_devices/share/loki_can_devices/environment/ament_prefix_path.sh
[24.954s] -- Installing: /home/loki/Documents/GitHub/saga_repo/install/loki_can_devices/share/loki_can_devices/environment/ament_prefix_path.dsv
[24.954s] -- Installing: /home/loki/Documents/GitHub/saga_repo/install/loki_can_devices/share/loki_can_devices/environment/path.sh
[24.954s] -- Installing: /home/loki/Documents/GitHub/saga_repo/install/loki_can_devices/share/loki_can_devices/environment/path.dsv
[24.954s] -- Installing: /home/loki/Documents/GitHub/saga_repo/install/loki_can_devices/share/loki_can_devices/local_setup.bash
[24.954s] -- Installing: /home/loki/Documents/GitHub/saga_repo/install/loki_can_devices/share/loki_can_devices/local_setup.sh
[24.954s] -- Installing: /home/loki/Documents/GitHub/saga_repo/install/loki_can_devices/share/loki_can_devices/local_setup.zsh
[24.954s] -- Installing: /home/loki/Documents/GitHub/saga_repo/install/loki_can_devices/share/loki_can_devices/local_setup.dsv
[24.954s] -- Installing: /home/loki/Documents/GitHub/saga_repo/install/loki_can_devices/share/loki_can_devices/package.dsv
[24.954s] -- Installing: /home/loki/Documents/GitHub/saga_repo/install/loki_can_devices/share/ament_index/resource_index/packages/loki_can_devices
[24.954s] -- Installing: /home/loki/Documents/GitHub/saga_repo/install/loki_can_devices/share/loki_can_devices/cmake/ConfigExtras.cmake
[24.954s] -- Installing: /home/loki/Documents/GitHub/saga_repo/install/loki_can_devices/share/loki_can_devices/cmake/ament_cmake_export_dependencies-extras.cmake
[24.954s] -- Installing: /home/loki/Documents/GitHub/saga_repo/install/loki_can_devices/share/loki_can_devices/cmake/ament_cmake_export_include_directories-extras.cmake
[24.954s] -- Installing: /home/loki/Documents/GitHub/saga_repo/install/loki_can_devices/share/loki_can_devices/cmake/ament_cmake_export_libraries-extras.cmake
[24.955s] -- Installing: /home/loki/Documents/GitHub/saga_repo/install/loki_can_devices/share/loki_can_devices/cmake/loki_can_devicesConfig.cmake
[24.955s] -- Installing: /home/loki/Documents/GitHub/saga_repo/install/loki_can_devices/share/loki_can_devices/cmake/loki_can_devicesConfig-version.cmake
[24.955s] -- Installing: /home/loki/Documents/GitHub/saga_repo/install/loki_can_devices/share/loki_can_devices/package.xml
[24.956s] Invoked command in '/home/loki/Documents/GitHub/saga_repo/build/loki_can_devices' returned '0': AMENT_PREFIX_PATH=/home/loki/Documents/GitHub/saga_repo/install/loki_msgs:/home/loki/Documents/GitHub/saga_repo/install/loki_description:${AMENT_PREFIX_PATH} CMAKE_PREFIX_PATH=/home/loki/Documents/GitHub/saga_repo/install/loki_msgs:/home/loki/Documents/GitHub/saga_repo/install/loki_description:/opt/ros/humble LD_LIBRARY_PATH=/home/loki/Documents/GitHub/saga_repo/install/loki_msgs/lib:${LD_LIBRARY_PATH} PYTHONPATH=/home/loki/Documents/GitHub/saga_repo/install/loki_msgs/local/lib/python3.10/dist-packages:${PYTHONPATH} /usr/bin/cmake --install /home/loki/Documents/GitHub/saga_repo/build/loki_can_devices
