running egg_info
creating ../../../../build/loki_teleop/loki_teleop.egg-info
writing ../../../../build/loki_teleop/loki_teleop.egg-info/PKG-INFO
writing dependency_links to ../../../../build/loki_teleop/loki_teleop.egg-info/dependency_links.txt
writing entry points to ../../../../build/loki_teleop/loki_teleop.egg-info/entry_points.txt
writing requirements to ../../../../build/loki_teleop/loki_teleop.egg-info/requires.txt
writing top-level names to ../../../../build/loki_teleop/loki_teleop.egg-info/top_level.txt
writing manifest file '../../../../build/loki_teleop/loki_teleop.egg-info/SOURCES.txt'
reading manifest file '../../../../build/loki_teleop/loki_teleop.egg-info/SOURCES.txt'
writing manifest file '../../../../build/loki_teleop/loki_teleop.egg-info/SOURCES.txt'
running build
running build_py
creating /home/odin/Documents/GitHub/saga_repo/build/loki_teleop/build
creating /home/odin/Documents/GitHub/saga_repo/build/loki_teleop/build/lib
creating /home/odin/Documents/GitHub/saga_repo/build/loki_teleop/build/lib/loki_teleop
copying loki_teleop/__init__.py -> /home/odin/Documents/GitHub/saga_repo/build/loki_teleop/build/lib/loki_teleop
copying loki_teleop/teleop_node.py -> /home/odin/Documents/GitHub/saga_repo/build/loki_teleop/build/lib/loki_teleop
running install
/usr/lib/python3/dist-packages/setuptools/command/install.py:34: SetuptoolsDeprecationWarning: setup.py install is deprecated. Use build and pip and other standards-based tools.
  warnings.warn(
running install_lib
creating /home/odin/Documents/GitHub/saga_repo/install/loki_teleop/lib/python3.10/site-packages/loki_teleop
copying /home/odin/Documents/GitHub/saga_repo/build/loki_teleop/build/lib/loki_teleop/__init__.py -> /home/odin/Documents/GitHub/saga_repo/install/loki_teleop/lib/python3.10/site-packages/loki_teleop
copying /home/odin/Documents/GitHub/saga_repo/build/loki_teleop/build/lib/loki_teleop/teleop_node.py -> /home/odin/Documents/GitHub/saga_repo/install/loki_teleop/lib/python3.10/site-packages/loki_teleop
byte-compiling /home/odin/Documents/GitHub/saga_repo/install/loki_teleop/lib/python3.10/site-packages/loki_teleop/__init__.py to __init__.cpython-310.pyc
byte-compiling /home/odin/Documents/GitHub/saga_repo/install/loki_teleop/lib/python3.10/site-packages/loki_teleop/teleop_node.py to teleop_node.cpython-310.pyc
running install_data
creating /home/odin/Documents/GitHub/saga_repo/install/loki_teleop/share/ament_index
creating /home/odin/Documents/GitHub/saga_repo/install/loki_teleop/share/ament_index/resource_index
creating /home/odin/Documents/GitHub/saga_repo/install/loki_teleop/share/ament_index/resource_index/packages
copying resource/loki_teleop -> /home/odin/Documents/GitHub/saga_repo/install/loki_teleop/share/ament_index/resource_index/packages
copying package.xml -> /home/odin/Documents/GitHub/saga_repo/install/loki_teleop/share/loki_teleop
creating /home/odin/Documents/GitHub/saga_repo/install/loki_teleop/share/loki_teleop/launch
copying launch/teleop.launch -> /home/odin/Documents/GitHub/saga_repo/install/loki_teleop/share/loki_teleop/launch
copying launch/teleop_xbox.launch -> /home/odin/Documents/GitHub/saga_repo/install/loki_teleop/share/loki_teleop/launch
running install_egg_info
Copying ../../../../build/loki_teleop/loki_teleop.egg-info to /home/odin/Documents/GitHub/saga_repo/install/loki_teleop/lib/python3.10/site-packages/loki_teleop-2.0.0-py3.10.egg-info
running install_scripts
Installing teleop_node script to /home/odin/Documents/GitHub/saga_repo/install/loki_teleop/lib/loki_teleop
writing list of installed files to '/home/odin/Documents/GitHub/saga_repo/build/loki_teleop/install.log'
