[0.546s] Invoking command in '/home/odin/Documents/GitHub/saga_repo/ros2_thor/src/loki/loki_teleop': PYTHONPATH=/home/odin/Documents/GitHub/saga_repo/build/loki_teleop/prefix_override:/home/odin/Documents/GitHub/saga_repo/install/loki_teleop/lib/python3.10/site-packages:${PYTHONPATH} /usr/bin/python3 setup.py egg_info --egg-base ../../../../build/loki_teleop build --build-base /home/odin/Documents/GitHub/saga_repo/build/loki_teleop/build install --record /home/odin/Documents/GitHub/saga_repo/build/loki_teleop/install.log --single-version-externally-managed
[0.721s] running egg_info
[0.721s] creating ../../../../build/loki_teleop/loki_teleop.egg-info
[0.721s] writing ../../../../build/loki_teleop/loki_teleop.egg-info/PKG-INFO
[0.722s] writing dependency_links to ../../../../build/loki_teleop/loki_teleop.egg-info/dependency_links.txt
[0.722s] writing entry points to ../../../../build/loki_teleop/loki_teleop.egg-info/entry_points.txt
[0.722s] writing requirements to ../../../../build/loki_teleop/loki_teleop.egg-info/requires.txt
[0.722s] writing top-level names to ../../../../build/loki_teleop/loki_teleop.egg-info/top_level.txt
[0.722s] writing manifest file '../../../../build/loki_teleop/loki_teleop.egg-info/SOURCES.txt'
[0.723s] reading manifest file '../../../../build/loki_teleop/loki_teleop.egg-info/SOURCES.txt'
[0.723s] writing manifest file '../../../../build/loki_teleop/loki_teleop.egg-info/SOURCES.txt'
[0.724s] running build
[0.724s] running build_py
[0.724s] creating /home/odin/Documents/GitHub/saga_repo/build/loki_teleop/build
[0.724s] creating /home/odin/Documents/GitHub/saga_repo/build/loki_teleop/build/lib
[0.724s] creating /home/odin/Documents/GitHub/saga_repo/build/loki_teleop/build/lib/loki_teleop
[0.724s] copying loki_teleop/__init__.py -> /home/odin/Documents/GitHub/saga_repo/build/loki_teleop/build/lib/loki_teleop
[0.724s] copying loki_teleop/teleop_node.py -> /home/odin/Documents/GitHub/saga_repo/build/loki_teleop/build/lib/loki_teleop
[0.724s] running install
[0.724s] /usr/lib/python3/dist-packages/setuptools/command/install.py:34: SetuptoolsDeprecationWarning: setup.py install is deprecated. Use build and pip and other standards-based tools.
[0.724s]   warnings.warn(
[0.725s] running install_lib
[0.725s] creating /home/odin/Documents/GitHub/saga_repo/install/loki_teleop/lib/python3.10/site-packages/loki_teleop
[0.725s] copying /home/odin/Documents/GitHub/saga_repo/build/loki_teleop/build/lib/loki_teleop/__init__.py -> /home/odin/Documents/GitHub/saga_repo/install/loki_teleop/lib/python3.10/site-packages/loki_teleop
[0.725s] copying /home/odin/Documents/GitHub/saga_repo/build/loki_teleop/build/lib/loki_teleop/teleop_node.py -> /home/odin/Documents/GitHub/saga_repo/install/loki_teleop/lib/python3.10/site-packages/loki_teleop
[0.725s] byte-compiling /home/odin/Documents/GitHub/saga_repo/install/loki_teleop/lib/python3.10/site-packages/loki_teleop/__init__.py to __init__.cpython-310.pyc
[0.725s] byte-compiling /home/odin/Documents/GitHub/saga_repo/install/loki_teleop/lib/python3.10/site-packages/loki_teleop/teleop_node.py to teleop_node.cpython-310.pyc
[0.727s] running install_data
[0.728s] creating /home/odin/Documents/GitHub/saga_repo/install/loki_teleop/share/ament_index
[0.728s] creating /home/odin/Documents/GitHub/saga_repo/install/loki_teleop/share/ament_index/resource_index
[0.728s] creating /home/odin/Documents/GitHub/saga_repo/install/loki_teleop/share/ament_index/resource_index/packages
[0.728s] copying resource/loki_teleop -> /home/odin/Documents/GitHub/saga_repo/install/loki_teleop/share/ament_index/resource_index/packages
[0.728s] copying package.xml -> /home/odin/Documents/GitHub/saga_repo/install/loki_teleop/share/loki_teleop
[0.728s] creating /home/odin/Documents/GitHub/saga_repo/install/loki_teleop/share/loki_teleop/launch
[0.729s] copying launch/teleop.launch -> /home/odin/Documents/GitHub/saga_repo/install/loki_teleop/share/loki_teleop/launch
[0.729s] copying launch/teleop_xbox.launch -> /home/odin/Documents/GitHub/saga_repo/install/loki_teleop/share/loki_teleop/launch
[0.729s] running install_egg_info
[0.729s] Copying ../../../../build/loki_teleop/loki_teleop.egg-info to /home/odin/Documents/GitHub/saga_repo/install/loki_teleop/lib/python3.10/site-packages/loki_teleop-2.0.0-py3.10.egg-info
[0.730s] running install_scripts
[0.746s] Installing teleop_node script to /home/odin/Documents/GitHub/saga_repo/install/loki_teleop/lib/loki_teleop
[0.746s] writing list of installed files to '/home/odin/Documents/GitHub/saga_repo/build/loki_teleop/install.log'
