-- The C compiler identification is GNU 11.3.0
-- The CXX compiler identification is GNU 11.3.0
-- Detecting C compiler ABI info
-- Detecting C compiler ABI info - done
-- Check for working C compiler: /usr/bin/cc - skipped
-- Detecting C compile features
-- Detecting C compile features - done
-- Detecting CXX compiler ABI info
-- Detecting CXX compiler ABI info - done
-- Check for working CXX compiler: /usr/bin/c++ - skipped
-- Detecting CXX compile features
-- Detecting CXX compile features - done
-- Found ament_cmake: 1.3.5 (/opt/ros/humble/share/ament_cmake/cmake)
-- Found Python3: /usr/bin/python3.10 (found version "3.10.6") found components: Interpreter 
-- Configuring done
-- Generating done
-- Build files have been written to: /home/cairlab/twist_mux/diagnostics/build/diagnostics
-- Install configuration: ""
-- Installing: /home/cairlab/twist_mux/diagnostics/install/diagnostics/share/ament_index/resource_index/package_run_dependencies/diagnostics
-- Installing: /home/cairlab/twist_mux/diagnostics/install/diagnostics/share/ament_index/resource_index/parent_prefix_path/diagnostics
-- Up-to-date: /home/cairlab/twist_mux/diagnostics/install/diagnostics/share/diagnostics/environment/ament_prefix_path.sh
-- Installing: /home/cairlab/twist_mux/diagnostics/install/diagnostics/share/diagnostics/environment/ament_prefix_path.dsv
-- Up-to-date: /home/cairlab/twist_mux/diagnostics/install/diagnostics/share/diagnostics/environment/path.sh
-- Installing: /home/cairlab/twist_mux/diagnostics/install/diagnostics/share/diagnostics/environment/path.dsv
-- Installing: /home/cairlab/twist_mux/diagnostics/install/diagnostics/share/diagnostics/local_setup.bash
-- Installing: /home/cairlab/twist_mux/diagnostics/install/diagnostics/share/diagnostics/local_setup.sh
-- Installing: /home/cairlab/twist_mux/diagnostics/install/diagnostics/share/diagnostics/local_setup.zsh
-- Installing: /home/cairlab/twist_mux/diagnostics/install/diagnostics/share/diagnostics/local_setup.dsv
-- Installing: /home/cairlab/twist_mux/diagnostics/install/diagnostics/share/diagnostics/package.dsv
-- Installing: /home/cairlab/twist_mux/diagnostics/install/diagnostics/share/ament_index/resource_index/packages/diagnostics
-- Installing: /home/cairlab/twist_mux/diagnostics/install/diagnostics/share/diagnostics/cmake/diagnosticsConfig.cmake
-- Installing: /home/cairlab/twist_mux/diagnostics/install/diagnostics/share/diagnostics/cmake/diagnosticsConfig-version.cmake
-- Up-to-date: /home/cairlab/twist_mux/diagnostics/install/diagnostics/share/diagnostics/package.xml
