[0.013s] Invoking command in '/home/cairlab/twist_mux/diagnostics/build/diagnostics': AMENT_PREFIX_PATH=/home/cairlab/twist_mux/diagnostics/install/self_test:/home/cairlab/twist_mux/diagnostics/install/diagnostic_common_diagnostics:/home/cairlab/twist_mux/diagnostics/install/diagnostic_updater:/home/cairlab/twist_mux/diagnostics/install/diagnostic_aggregator:${AMENT_PREFIX_PATH} CMAKE_PREFIX_PATH=/home/cairlab/twist_mux/diagnostics/install/self_test:/home/cairlab/twist_mux/diagnostics/install/diagnostic_common_diagnostics:/home/cairlab/twist_mux/diagnostics/install/diagnostic_updater:/home/cairlab/twist_mux/diagnostics/install/diagnostic_aggregator:/opt/ros/humble LD_LIBRARY_PATH=/home/cairlab/twist_mux/diagnostics/install/diagnostic_updater/lib:/home/cairlab/twist_mux/diagnostics/install/diagnostic_aggregator/lib:${LD_LIBRARY_PATH} PYTHONPATH=/home/cairlab/twist_mux/diagnostics/install/diagnostic_common_diagnostics/local/lib/python3.10/dist-packages:/home/cairlab/twist_mux/diagnostics/install/diagnostic_updater/local/lib/python3.10/dist-packages:/home/cairlab/twist_mux/diagnostics/install/diagnostic_aggregator/local/lib/python3.10/dist-packages:${PYTHONPATH} /usr/bin/cmake /home/cairlab/twist_mux/diagnostics/diagnostics -DCMAKE_INSTALL_PREFIX=/home/cairlab/twist_mux/diagnostics/install/diagnostics
[0.061s] -- The C compiler identification is GNU 11.3.0
[0.109s] -- The CXX compiler identification is GNU 11.3.0
[0.115s] -- Detecting C compiler ABI info
[0.178s] -- Detecting C compiler ABI info - done
[0.184s] -- Check for working C compiler: /usr/bin/cc - skipped
[0.185s] -- Detecting C compile features
[0.185s] -- Detecting C compile features - done
[0.187s] -- Detecting CXX compiler ABI info
[0.252s] -- Detecting CXX compiler ABI info - done
[0.258s] -- Check for working CXX compiler: /usr/bin/c++ - skipped
[0.258s] -- Detecting CXX compile features
[0.258s] -- Detecting CXX compile features - done
[0.261s] -- Found ament_cmake: 1.3.5 (/opt/ros/humble/share/ament_cmake/cmake)
[0.402s] -- Found Python3: /usr/bin/python3.10 (found version "3.10.6") found components: Interpreter 
[0.525s] -- Configuring done
[0.527s] -- Generating done
[0.528s] -- Build files have been written to: /home/cairlab/twist_mux/diagnostics/build/diagnostics
[0.533s] Invoked command in '/home/cairlab/twist_mux/diagnostics/build/diagnostics' returned '0': AMENT_PREFIX_PATH=/home/cairlab/twist_mux/diagnostics/install/self_test:/home/cairlab/twist_mux/diagnostics/install/diagnostic_common_diagnostics:/home/cairlab/twist_mux/diagnostics/install/diagnostic_updater:/home/cairlab/twist_mux/diagnostics/install/diagnostic_aggregator:${AMENT_PREFIX_PATH} CMAKE_PREFIX_PATH=/home/cairlab/twist_mux/diagnostics/install/self_test:/home/cairlab/twist_mux/diagnostics/install/diagnostic_common_diagnostics:/home/cairlab/twist_mux/diagnostics/install/diagnostic_updater:/home/cairlab/twist_mux/diagnostics/install/diagnostic_aggregator:/opt/ros/humble LD_LIBRARY_PATH=/home/cairlab/twist_mux/diagnostics/install/diagnostic_updater/lib:/home/cairlab/twist_mux/diagnostics/install/diagnostic_aggregator/lib:${LD_LIBRARY_PATH} PYTHONPATH=/home/cairlab/twist_mux/diagnostics/install/diagnostic_common_diagnostics/local/lib/python3.10/dist-packages:/home/cairlab/twist_mux/diagnostics/install/diagnostic_updater/local/lib/python3.10/dist-packages:/home/cairlab/twist_mux/diagnostics/install/diagnostic_aggregator/local/lib/python3.10/dist-packages:${PYTHONPATH} /usr/bin/cmake /home/cairlab/twist_mux/diagnostics/diagnostics -DCMAKE_INSTALL_PREFIX=/home/cairlab/twist_mux/diagnostics/install/diagnostics
[0.535s] Invoking command in '/home/cairlab/twist_mux/diagnostics/build/diagnostics': AMENT_PREFIX_PATH=/home/cairlab/twist_mux/diagnostics/install/self_test:/home/cairlab/twist_mux/diagnostics/install/diagnostic_common_diagnostics:/home/cairlab/twist_mux/diagnostics/install/diagnostic_updater:/home/cairlab/twist_mux/diagnostics/install/diagnostic_aggregator:${AMENT_PREFIX_PATH} CMAKE_PREFIX_PATH=/home/cairlab/twist_mux/diagnostics/install/self_test:/home/cairlab/twist_mux/diagnostics/install/diagnostic_common_diagnostics:/home/cairlab/twist_mux/diagnostics/install/diagnostic_updater:/home/cairlab/twist_mux/diagnostics/install/diagnostic_aggregator:/opt/ros/humble LD_LIBRARY_PATH=/home/cairlab/twist_mux/diagnostics/install/diagnostic_updater/lib:/home/cairlab/twist_mux/diagnostics/install/diagnostic_aggregator/lib:${LD_LIBRARY_PATH} PYTHONPATH=/home/cairlab/twist_mux/diagnostics/install/diagnostic_common_diagnostics/local/lib/python3.10/dist-packages:/home/cairlab/twist_mux/diagnostics/install/diagnostic_updater/local/lib/python3.10/dist-packages:/home/cairlab/twist_mux/diagnostics/install/diagnostic_aggregator/local/lib/python3.10/dist-packages:${PYTHONPATH} /usr/bin/cmake --build /home/cairlab/twist_mux/diagnostics/build/diagnostics -- -j12 -l12
[0.566s] Invoked command in '/home/cairlab/twist_mux/diagnostics/build/diagnostics' returned '0': AMENT_PREFIX_PATH=/home/cairlab/twist_mux/diagnostics/install/self_test:/home/cairlab/twist_mux/diagnostics/install/diagnostic_common_diagnostics:/home/cairlab/twist_mux/diagnostics/install/diagnostic_updater:/home/cairlab/twist_mux/diagnostics/install/diagnostic_aggregator:${AMENT_PREFIX_PATH} CMAKE_PREFIX_PATH=/home/cairlab/twist_mux/diagnostics/install/self_test:/home/cairlab/twist_mux/diagnostics/install/diagnostic_common_diagnostics:/home/cairlab/twist_mux/diagnostics/install/diagnostic_updater:/home/cairlab/twist_mux/diagnostics/install/diagnostic_aggregator:/opt/ros/humble LD_LIBRARY_PATH=/home/cairlab/twist_mux/diagnostics/install/diagnostic_updater/lib:/home/cairlab/twist_mux/diagnostics/install/diagnostic_aggregator/lib:${LD_LIBRARY_PATH} PYTHONPATH=/home/cairlab/twist_mux/diagnostics/install/diagnostic_common_diagnostics/local/lib/python3.10/dist-packages:/home/cairlab/twist_mux/diagnostics/install/diagnostic_updater/local/lib/python3.10/dist-packages:/home/cairlab/twist_mux/diagnostics/install/diagnostic_aggregator/local/lib/python3.10/dist-packages:${PYTHONPATH} /usr/bin/cmake --build /home/cairlab/twist_mux/diagnostics/build/diagnostics -- -j12 -l12
[0.585s] Invoking command in '/home/cairlab/twist_mux/diagnostics/build/diagnostics': AMENT_PREFIX_PATH=/home/cairlab/twist_mux/diagnostics/install/self_test:/home/cairlab/twist_mux/diagnostics/install/diagnostic_common_diagnostics:/home/cairlab/twist_mux/diagnostics/install/diagnostic_updater:/home/cairlab/twist_mux/diagnostics/install/diagnostic_aggregator:${AMENT_PREFIX_PATH} CMAKE_PREFIX_PATH=/home/cairlab/twist_mux/diagnostics/install/self_test:/home/cairlab/twist_mux/diagnostics/install/diagnostic_common_diagnostics:/home/cairlab/twist_mux/diagnostics/install/diagnostic_updater:/home/cairlab/twist_mux/diagnostics/install/diagnostic_aggregator:/opt/ros/humble LD_LIBRARY_PATH=/home/cairlab/twist_mux/diagnostics/install/diagnostic_updater/lib:/home/cairlab/twist_mux/diagnostics/install/diagnostic_aggregator/lib:${LD_LIBRARY_PATH} PYTHONPATH=/home/cairlab/twist_mux/diagnostics/install/diagnostic_common_diagnostics/local/lib/python3.10/dist-packages:/home/cairlab/twist_mux/diagnostics/install/diagnostic_updater/local/lib/python3.10/dist-packages:/home/cairlab/twist_mux/diagnostics/install/diagnostic_aggregator/local/lib/python3.10/dist-packages:${PYTHONPATH} /usr/bin/cmake --install /home/cairlab/twist_mux/diagnostics/build/diagnostics
[0.591s] -- Install configuration: ""
[0.591s] -- Installing: /home/cairlab/twist_mux/diagnostics/install/diagnostics/share/ament_index/resource_index/package_run_dependencies/diagnostics
[0.591s] -- Installing: /home/cairlab/twist_mux/diagnostics/install/diagnostics/share/ament_index/resource_index/parent_prefix_path/diagnostics
[0.591s] -- Up-to-date: /home/cairlab/twist_mux/diagnostics/install/diagnostics/share/diagnostics/environment/ament_prefix_path.sh
[0.592s] -- Installing: /home/cairlab/twist_mux/diagnostics/install/diagnostics/share/diagnostics/environment/ament_prefix_path.dsv
[0.592s] -- Up-to-date: /home/cairlab/twist_mux/diagnostics/install/diagnostics/share/diagnostics/environment/path.sh
[0.592s] -- Installing: /home/cairlab/twist_mux/diagnostics/install/diagnostics/share/diagnostics/environment/path.dsv
[0.592s] -- Installing: /home/cairlab/twist_mux/diagnostics/install/diagnostics/share/diagnostics/local_setup.bash
[0.592s] -- Installing: /home/cairlab/twist_mux/diagnostics/install/diagnostics/share/diagnostics/local_setup.sh
[0.592s] -- Installing: /home/cairlab/twist_mux/diagnostics/install/diagnostics/share/diagnostics/local_setup.zsh
[0.592s] -- Installing: /home/cairlab/twist_mux/diagnostics/install/diagnostics/share/diagnostics/local_setup.dsv
[0.592s] -- Installing: /home/cairlab/twist_mux/diagnostics/install/diagnostics/share/diagnostics/package.dsv
[0.592s] -- Installing: /home/cairlab/twist_mux/diagnostics/install/diagnostics/share/ament_index/resource_index/packages/diagnostics
[0.592s] -- Installing: /home/cairlab/twist_mux/diagnostics/install/diagnostics/share/diagnostics/cmake/diagnosticsConfig.cmake
[0.592s] -- Installing: /home/cairlab/twist_mux/diagnostics/install/diagnostics/share/diagnostics/cmake/diagnosticsConfig-version.cmake
[0.593s] -- Up-to-date: /home/cairlab/twist_mux/diagnostics/install/diagnostics/share/diagnostics/package.xml
[0.594s] Invoked command in '/home/cairlab/twist_mux/diagnostics/build/diagnostics' returned '0': AMENT_PREFIX_PATH=/home/cairlab/twist_mux/diagnostics/install/self_test:/home/cairlab/twist_mux/diagnostics/install/diagnostic_common_diagnostics:/home/cairlab/twist_mux/diagnostics/install/diagnostic_updater:/home/cairlab/twist_mux/diagnostics/install/diagnostic_aggregator:${AMENT_PREFIX_PATH} CMAKE_PREFIX_PATH=/home/cairlab/twist_mux/diagnostics/install/self_test:/home/cairlab/twist_mux/diagnostics/install/diagnostic_common_diagnostics:/home/cairlab/twist_mux/diagnostics/install/diagnostic_updater:/home/cairlab/twist_mux/diagnostics/install/diagnostic_aggregator:/opt/ros/humble LD_LIBRARY_PATH=/home/cairlab/twist_mux/diagnostics/install/diagnostic_updater/lib:/home/cairlab/twist_mux/diagnostics/install/diagnostic_aggregator/lib:${LD_LIBRARY_PATH} PYTHONPATH=/home/cairlab/twist_mux/diagnostics/install/diagnostic_common_diagnostics/local/lib/python3.10/dist-packages:/home/cairlab/twist_mux/diagnostics/install/diagnostic_updater/local/lib/python3.10/dist-packages:/home/cairlab/twist_mux/diagnostics/install/diagnostic_aggregator/local/lib/python3.10/dist-packages:${PYTHONPATH} /usr/bin/cmake --install /home/cairlab/twist_mux/diagnostics/build/diagnostics
