[ 83%] Built target can
[35m[1mConsolidate compiler generated dependencies of target pytocpp[0m
[ 91%] [32mBuilding CXX object CMakeFiles/pytocpp.dir/src/py_to_cpp.cpp.o[0m
[100%] [32m[1mLinking CXX executable pytocpp[0m
[100%] Built target pytocpp
-- Install configuration: ""
-- Up-to-date: /home/loki/Documents/GitHub/saga_repo/install/loki_can_devices/include
-- Up-to-date: /home/loki/Documents/GitHub/saga_repo/install/loki_can_devices/include/loki_can_devices
-- Installing: /home/loki/Documents/GitHub/saga_repo/install/loki_can_devices/include/loki_can_devices/kc_battery.h
-- Installing: /home/loki/Documents/GitHub/saga_repo/install/loki_can_devices/include/loki_can_devices/RoboteqFbl2360.h
-- Installing: /home/loki/Documents/GitHub/saga_repo/install/loki_can_devices/include/loki_can_devices/can_frame.h
-- Installing: /home/loki/Documents/GitHub/saga_repo/install/loki_can_devices/include/loki_can_devices/can_line_socketcan.h
-- Installing: /home/loki/Documents/GitHub/saga_repo/install/loki_can_devices/include/loki_can_devices/can_battery_itf.h
-- Installing: /home/loki/Documents/GitHub/saga_repo/install/loki_can_devices/include/loki_can_devices/can_ctrl_pltf.h
-- Installing: /home/loki/Documents/GitHub/saga_repo/install/loki_can_devices/include/loki_can_devices/RoboteqFbl2360Diff.h
-- Installing: /home/loki/Documents/GitHub/saga_repo/install/loki_can_devices/include/loki_can_devices/can_io_v1uv.h
-- Installing: /home/loki/Documents/GitHub/saga_repo/install/loki_can_devices/include/loki_can_devices/can_line_dummy.h
-- Installing: /home/loki/Documents/GitHub/saga_repo/install/loki_can_devices/include/loki_can_devices/can_io_itf.h
-- Installing: /home/loki/Documents/GitHub/saga_repo/install/loki_can_devices/include/loki_can_devices/can_line_itf.h
-- Installing: /home/loki/Documents/GitHub/saga_repo/install/loki_can_devices/include/loki_can_devices/CanDriveItf.h
-- Installing: /home/loki/Documents/GitHub/saga_repo/install/loki_can_devices/include/loki_can_devices/can_io_v1pcb.h
-- Up-to-date: /home/loki/Documents/GitHub/saga_repo/install/loki_can_devices/share/loki_can_devices/launch
-- Installing: /home/loki/Documents/GitHub/saga_repo/install/loki_can_devices/share/loki_can_devices/launch/pytocpp.launch.py
-- Installing: /home/loki/Documents/GitHub/saga_repo/install/loki_can_devices/lib/libcan.so
-- Set runtime path of "/home/loki/Documents/GitHub/saga_repo/install/loki_can_devices/lib/libcan.so" to ""
-- Installing: /home/loki/Documents/GitHub/saga_repo/install/loki_can_devices/lib/loki_can_devices/pytocpp
-- Set runtime path of "/home/loki/Documents/GitHub/saga_repo/install/loki_can_devices/lib/loki_can_devices/pytocpp" to ""
-- Up-to-date: /home/loki/Documents/GitHub/saga_repo/install/loki_can_devices/share/loki_can_devices/environment/library_path.sh
-- Installing: /home/loki/Documents/GitHub/saga_repo/install/loki_can_devices/share/loki_can_devices/environment/library_path.dsv
-- Up-to-date: /home/loki/Documents/GitHub/saga_repo/install/loki_can_devices/share/ament_index/resource_index/package_run_dependencies/loki_can_devices
-- Up-to-date: /home/loki/Documents/GitHub/saga_repo/install/loki_can_devices/share/ament_index/resource_index/parent_prefix_path/loki_can_devices
-- Up-to-date: /home/loki/Documents/GitHub/saga_repo/install/loki_can_devices/share/loki_can_devices/environment/ament_prefix_path.sh
-- Installing: /home/loki/Documents/GitHub/saga_repo/install/loki_can_devices/share/loki_can_devices/environment/ament_prefix_path.dsv
-- Up-to-date: /home/loki/Documents/GitHub/saga_repo/install/loki_can_devices/share/loki_can_devices/environment/path.sh
-- Installing: /home/loki/Documents/GitHub/saga_repo/install/loki_can_devices/share/loki_can_devices/environment/path.dsv
-- Up-to-date: /home/loki/Documents/GitHub/saga_repo/install/loki_can_devices/share/loki_can_devices/local_setup.bash
-- Up-to-date: /home/loki/Documents/GitHub/saga_repo/install/loki_can_devices/share/loki_can_devices/local_setup.sh
-- Up-to-date: /home/loki/Documents/GitHub/saga_repo/install/loki_can_devices/share/loki_can_devices/local_setup.zsh
-- Installing: /home/loki/Documents/GitHub/saga_repo/install/loki_can_devices/share/loki_can_devices/local_setup.dsv
-- Installing: /home/loki/Documents/GitHub/saga_repo/install/loki_can_devices/share/loki_can_devices/package.dsv
-- Up-to-date: /home/loki/Documents/GitHub/saga_repo/install/loki_can_devices/share/ament_index/resource_index/packages/loki_can_devices
-- Installing: /home/loki/Documents/GitHub/saga_repo/install/loki_can_devices/share/loki_can_devices/cmake/ConfigExtras.cmake
-- Up-to-date: /home/loki/Documents/GitHub/saga_repo/install/loki_can_devices/share/loki_can_devices/cmake/ament_cmake_export_dependencies-extras.cmake
-- Up-to-date: /home/loki/Documents/GitHub/saga_repo/install/loki_can_devices/share/loki_can_devices/cmake/ament_cmake_export_include_directories-extras.cmake
-- Up-to-date: /home/loki/Documents/GitHub/saga_repo/install/loki_can_devices/share/loki_can_devices/cmake/ament_cmake_export_libraries-extras.cmake
-- Up-to-date: /home/loki/Documents/GitHub/saga_repo/install/loki_can_devices/share/loki_can_devices/cmake/loki_can_devicesConfig.cmake
-- Up-to-date: /home/loki/Documents/GitHub/saga_repo/install/loki_can_devices/share/loki_can_devices/cmake/loki_can_devicesConfig-version.cmake
-- Installing: /home/loki/Documents/GitHub/saga_repo/install/loki_can_devices/share/loki_can_devices/package.xml
