[0.858s] Invoking command in '/home/odin/Documents/GitHub/saga_repo/ros2_thor/src/loki/loki_teleop': PYTHONPATH=/home/odin/Documents/GitHub/saga_repo/build/loki_teleop/prefix_override:/home/odin/Documents/GitHub/saga_repo/install/loki_teleop/lib/python3.10/site-packages:${PYTHONPATH} /usr/bin/python3 setup.py egg_info --egg-base ../../../../build/loki_teleop build --build-base /home/odin/Documents/GitHub/saga_repo/build/loki_teleop/build install --record /home/odin/Documents/GitHub/saga_repo/build/loki_teleop/install.log --single-version-externally-managed
[1.265s] running egg_info
[1.266s] writing ../../../../build/loki_teleop/loki_teleop.egg-info/PKG-INFO
[1.267s] writing dependency_links to ../../../../build/loki_teleop/loki_teleop.egg-info/dependency_links.txt
[1.267s] writing entry points to ../../../../build/loki_teleop/loki_teleop.egg-info/entry_points.txt
[1.267s] writing requirements to ../../../../build/loki_teleop/loki_teleop.egg-info/requires.txt
[1.267s] writing top-level names to ../../../../build/loki_teleop/loki_teleop.egg-info/top_level.txt
[1.270s] reading manifest file '../../../../build/loki_teleop/loki_teleop.egg-info/SOURCES.txt'
[1.272s] writing manifest file '../../../../build/loki_teleop/loki_teleop.egg-info/SOURCES.txt'
[1.272s] running build
[1.273s] running build_py
[1.273s] running install
[1.274s] /usr/lib/python3/dist-packages/setuptools/command/install.py:34: SetuptoolsDeprecationWarning: setup.py install is deprecated. Use build and pip and other standards-based tools.
[1.274s]   warnings.warn(
[1.274s] running install_lib
[1.278s] running install_data
[1.279s] running install_egg_info
[1.282s] removing '/home/odin/Documents/GitHub/saga_repo/install/loki_teleop/lib/python3.10/site-packages/loki_teleop-2.0.0-py3.10.egg-info' (and everything under it)
[1.283s] Copying ../../../../build/loki_teleop/loki_teleop.egg-info to /home/odin/Documents/GitHub/saga_repo/install/loki_teleop/lib/python3.10/site-packages/loki_teleop-2.0.0-py3.10.egg-info
[1.284s] running install_scripts
[1.330s] Installing teleop_node script to /home/odin/Documents/GitHub/saga_repo/install/loki_teleop/lib/loki_teleop
[1.331s] writing list of installed files to '/home/odin/Documents/GitHub/saga_repo/build/loki_teleop/install.log'
