[0.249s] Invoking command in '/home/odin/Documents/GitHub/saga_repo/build/rasberry_gazebo': CMAKE_PREFIX_PATH=/opt/ros/humble /usr/bin/cmake /home/odin/Documents/GitHub/saga_repo/ros2_thor/src/loki/rasberry_gazebo -DCMAKE_INSTALL_PREFIX=/home/odin/Documents/GitHub/saga_repo/install/rasberry_gazebo
[0.256s] -- Found ament_cmake: 1.3.5 (/opt/ros/humble/share/ament_cmake/cmake)
[0.362s] -- Found rclcpp: 16.0.6 (/opt/ros/humble/share/rclcpp/cmake)
[0.394s] -- Found rosidl_generator_c: 3.1.5 (/opt/ros/humble/share/rosidl_generator_c/cmake)
[0.397s] -- Found rosidl_adapter: 3.1.5 (/opt/ros/humble/share/rosidl_adapter/cmake)
[0.404s] -- Found rosidl_generator_cpp: 3.1.5 (/opt/ros/humble/share/rosidl_generator_cpp/cmake)
[0.418s] -- Using all available rosidl_typesupport_c: rosidl_typesupport_fastrtps_c;rosidl_typesupport_introspection_c
[0.438s] -- Using all available rosidl_typesupport_cpp: rosidl_typesupport_fastrtps_cpp;rosidl_typesupport_introspection_cpp
[0.512s] -- Found rmw_implementation_cmake: 6.1.1 (/opt/ros/humble/share/rmw_implementation_cmake/cmake)
[0.514s] -- Found rmw_fastrtps_cpp: 6.2.4 (/opt/ros/humble/share/rmw_fastrtps_cpp/cmake)
[0.629s] -- Using RMW implementation 'rmw_fastrtps_cpp' as default
[0.741s] -- Found rclpy: 3.3.10 (/opt/ros/humble/share/rclpy/cmake)
[0.741s] -- Found control_msgs: 4.4.0 (/opt/ros/humble/share/control_msgs/cmake)
[1.078s] -- Found tf2: 0.25.4 (/opt/ros/humble/share/tf2/cmake)
[1.090s] [31mCMake Error at CMakeLists.txt:13 (find_package):
[1.090s]   By not providing "Findgazebo_ros_pkgs.cmake" in CMAKE_MODULE_PATH this
[1.090s]   project has asked CMake to find a package configuration file provided by
[1.090s]   "gazebo_ros_pkgs", but CMake did not find one.
[1.091s] 
[1.091s]   Could not find a package configuration file provided by "gazebo_ros_pkgs"
[1.091s]   with any of the following names:
[1.091s] 
[1.091s]     gazebo_ros_pkgsConfig.cmake
[1.091s]     gazebo_ros_pkgs-config.cmake
[1.091s] 
[1.091s]   Add the installation prefix of "gazebo_ros_pkgs" to CMAKE_PREFIX_PATH or
[1.091s]   set "gazebo_ros_pkgs_DIR" to a directory containing one of the above files.
[1.091s]   If "gazebo_ros_pkgs" provides a separate development package or SDK, be
[1.091s]   sure it has been installed.
[1.091s] 
[1.091s] [0m
[1.091s] -- Configuring incomplete, errors occurred!
[1.092s] See also "/home/odin/Documents/GitHub/saga_repo/build/rasberry_gazebo/CMakeFiles/CMakeOutput.log".
[1.095s] Invoked command in '/home/odin/Documents/GitHub/saga_repo/build/rasberry_gazebo' returned '1': CMAKE_PREFIX_PATH=/opt/ros/humble /usr/bin/cmake /home/odin/Documents/GitHub/saga_repo/ros2_thor/src/loki/rasberry_gazebo -DCMAKE_INSTALL_PREFIX=/home/odin/Documents/GitHub/saga_repo/install/rasberry_gazebo
