[0.252s] Invoking command in '/home/odin/Documents/GitHub/saga_repo/build/loki_twist_mux': CMAKE_PREFIX_PATH=/opt/ros/humble /usr/bin/cmake /home/odin/Documents/GitHub/saga_repo/ros2_thor/src/loki/loki_twist_mux -DCMAKE_INSTALL_PREFIX=/home/odin/Documents/GitHub/saga_repo/install/loki_twist_mux
[0.261s] -- Found ament_cmake: 1.3.5 (/opt/ros/humble/share/ament_cmake/cmake)
[0.363s] -- Found rclcpp: 16.0.6 (/opt/ros/humble/share/rclcpp/cmake)
[0.383s] -- Found rosidl_generator_c: 3.1.5 (/opt/ros/humble/share/rosidl_generator_c/cmake)
[0.384s] -- Found rosidl_adapter: 3.1.5 (/opt/ros/humble/share/rosidl_adapter/cmake)
[0.388s] -- Found rosidl_generator_cpp: 3.1.5 (/opt/ros/humble/share/rosidl_generator_cpp/cmake)
[0.396s] -- Using all available rosidl_typesupport_c: rosidl_typesupport_fastrtps_c;rosidl_typesupport_introspection_c
[0.407s] -- Using all available rosidl_typesupport_cpp: rosidl_typesupport_fastrtps_cpp;rosidl_typesupport_introspection_cpp
[0.448s] -- Found rmw_implementation_cmake: 6.1.1 (/opt/ros/humble/share/rmw_implementation_cmake/cmake)
[0.449s] -- Found rmw_fastrtps_cpp: 6.2.4 (/opt/ros/humble/share/rmw_fastrtps_cpp/cmake)
[0.528s] -- Using RMW implementation 'rmw_fastrtps_cpp' as default
[0.639s] -- Found rclpy: 3.3.10 (/opt/ros/humble/share/rclpy/cmake)
[0.639s] -- Found geometry_msgs: 4.2.3 (/opt/ros/humble/share/geometry_msgs/cmake)
[0.677s] [31mCMake Error at CMakeLists.txt:8 (find_package):
[0.677s]   By not providing "Findtwist_mux.cmake" in CMAKE_MODULE_PATH this project
[0.677s]   has asked CMake to find a package configuration file provided by
[0.677s]   "twist_mux", but CMake did not find one.
[0.677s] 
[0.677s]   Could not find a package configuration file provided by "twist_mux" with
[0.677s]   any of the following names:
[0.677s] 
[0.677s]     twist_muxConfig.cmake
[0.677s]     twist_mux-config.cmake
[0.677s] 
[0.678s]   Add the installation prefix of "twist_mux" to CMAKE_PREFIX_PATH or set
[0.678s]   "twist_mux_DIR" to a directory containing one of the above files.  If
[0.678s]   "twist_mux" provides a separate development package or SDK, be sure it has
[0.678s]   been installed.
[0.678s] 
[0.678s] [0m
[0.678s] -- Configuring incomplete, errors occurred!
[0.678s] See also "/home/odin/Documents/GitHub/saga_repo/build/loki_twist_mux/CMakeFiles/CMakeOutput.log".
[0.682s] Invoked command in '/home/odin/Documents/GitHub/saga_repo/build/loki_twist_mux' returned '1': CMAKE_PREFIX_PATH=/opt/ros/humble /usr/bin/cmake /home/odin/Documents/GitHub/saga_repo/ros2_thor/src/loki/loki_twist_mux -DCMAKE_INSTALL_PREFIX=/home/odin/Documents/GitHub/saga_repo/install/loki_twist_mux
