[0.011s] Invoking command in '/home/cairlab/Documents/GitHub/saga_repo/build/diagnostic_updater': AMENT_PREFIX_PATH=/home/cairlab/Documents/GitHub/saga_repo/install/diagnostic_msgs:/home/cairlab/Documents/GitHub/saga_repo/install/geometry_msgs:/home/cairlab/Documents/GitHub/saga_repo/install/std_msgs:${AMENT_PREFIX_PATH} CMAKE_PREFIX_PATH=/home/cairlab/Documents/GitHub/saga_repo/install/diagnostic_msgs:/home/cairlab/Documents/GitHub/saga_repo/install/geometry_msgs:/home/cairlab/Documents/GitHub/saga_repo/install/std_msgs:/opt/ros/humble LD_LIBRARY_PATH=/home/cairlab/Documents/GitHub/saga_repo/install/diagnostic_msgs/lib:/home/cairlab/Documents/GitHub/saga_repo/install/geometry_msgs/lib:/home/cairlab/Documents/GitHub/saga_repo/install/std_msgs/lib:${LD_LIBRARY_PATH} PYTHONPATH=/home/cairlab/Documents/GitHub/saga_repo/install/diagnostic_msgs/local/lib/python3.10/dist-packages:/home/cairlab/Documents/GitHub/saga_repo/install/geometry_msgs/local/lib/python3.10/dist-packages:/home/cairlab/Documents/GitHub/saga_repo/install/std_msgs/local/lib/python3.10/dist-packages:${PYTHONPATH} /usr/bin/cmake /home/cairlab/Documents/GitHub/saga_repo/ros2_thor/src/diagnostics/diagnostic_updater -DCMAKE_INSTALL_PREFIX=/home/cairlab/Documents/GitHub/saga_repo/install/diagnostic_updater
[0.066s] -- The C compiler identification is GNU 11.4.0
[0.120s] -- The CXX compiler identification is GNU 11.4.0
[0.129s] -- Detecting C compiler ABI info
[0.196s] -- Detecting C compiler ABI info - done
[0.208s] -- Check for working C compiler: /usr/bin/cc - skipped
[0.209s] -- Detecting C compile features
[0.209s] -- Detecting C compile features - done
[0.213s] -- Detecting CXX compiler ABI info
[0.326s] -- Detecting CXX compiler ABI info - done
[0.338s] -- Check for working CXX compiler: /usr/bin/c++ - skipped
[0.338s] -- Detecting CXX compile features
[0.338s] -- Detecting CXX compile features - done
[0.342s] -- Found ament_cmake: 1.3.5 (/opt/ros/humble/share/ament_cmake/cmake)
[0.803s] -- Found Python3: /usr/bin/python3.10 (found version "3.10.12") found components: Interpreter 
[0.912s] -- Found diagnostic_msgs: 5.2.0 (/home/cairlab/Documents/GitHub/saga_repo/install/diagnostic_msgs/share/diagnostic_msgs/cmake)
[0.954s] -- Found rosidl_generator_c: 3.1.5 (/opt/ros/humble/share/rosidl_generator_c/cmake)
[0.959s] -- Found rosidl_adapter: 3.1.5 (/opt/ros/humble/share/rosidl_adapter/cmake)
[0.968s] -- Found rosidl_generator_cpp: 3.1.5 (/opt/ros/humble/share/rosidl_generator_cpp/cmake)
[0.982s] -- Using all available rosidl_typesupport_c: rosidl_typesupport_fastrtps_c;rosidl_typesupport_introspection_c
[1.013s] -- Using all available rosidl_typesupport_cpp: rosidl_typesupport_fastrtps_cpp;rosidl_typesupport_introspection_cpp
[1.226s] -- Found rclcpp: 16.0.5 (/opt/ros/humble/share/rclcpp/cmake)
[1.325s] -- Found rmw_implementation_cmake: 6.1.1 (/opt/ros/humble/share/rmw_implementation_cmake/cmake)
[1.331s] -- Found rmw_fastrtps_cpp: 6.2.3 (/opt/ros/humble/share/rmw_fastrtps_cpp/cmake)
[1.525s] -- Found OpenSSL: /usr/lib/x86_64-linux-gnu/libcrypto.so (found version "3.0.2")  
[1.590s] -- Found FastRTPS: /opt/ros/humble/include  
[1.698s] -- Using RMW implementation 'rmw_fastrtps_cpp' as default
[1.717s] -- Looking for pthread.h
[1.841s] -- Looking for pthread.h - found
[1.841s] -- Performing Test CMAKE_HAVE_LIBC_PTHREAD
[2.063s] -- Performing Test CMAKE_HAVE_LIBC_PTHREAD - Success
[2.065s] -- Found Threads: TRUE  
[2.283s] -- Found rclpy: 3.3.9 (/opt/ros/humble/share/rclpy/cmake)
[2.288s] -- Found ament_lint_auto: 0.12.7 (/opt/ros/humble/share/ament_lint_auto/cmake)
[2.491s] -- Found gtest sources under '/opt/ros/humble/src/gtest_vendor': C++ tests using 'Google Test' will be built
[3.531s] -- Added test 'cppcheck' to perform static code analysis on C / C++ code
[3.531s] -- Configured cppcheck include dirs: $<BUILD_INTERFACE:/home/cairlab/Documents/GitHub/saga_repo/ros2_thor/src/diagnostics/diagnostic_updater/include>
[3.531s] -- Configured cppcheck exclude dirs and/or files: 
[3.534s] -- Added test 'cpplint' to check C / C++ code against the Google style
[3.534s] -- Configured cpplint exclude dirs and/or files: 
[3.535s] -- Added test 'lint_cmake' to check CMake code style
[3.536s] -- Added test 'pep257' to check Python code against some of the docstring style conventions in PEP 257
[3.539s] -- Added test 'uncrustify' to check C / C++ code style
[3.539s] -- Configured uncrustify additional arguments: 
[3.540s] -- Added test 'xmllint' to check XML markup files
[3.545s] -- Configuring done
[3.583s] -- Generating done
[3.587s] -- Build files have been written to: /home/cairlab/Documents/GitHub/saga_repo/build/diagnostic_updater
[3.605s] Invoked command in '/home/cairlab/Documents/GitHub/saga_repo/build/diagnostic_updater' returned '0': AMENT_PREFIX_PATH=/home/cairlab/Documents/GitHub/saga_repo/install/diagnostic_msgs:/home/cairlab/Documents/GitHub/saga_repo/install/geometry_msgs:/home/cairlab/Documents/GitHub/saga_repo/install/std_msgs:${AMENT_PREFIX_PATH} CMAKE_PREFIX_PATH=/home/cairlab/Documents/GitHub/saga_repo/install/diagnostic_msgs:/home/cairlab/Documents/GitHub/saga_repo/install/geometry_msgs:/home/cairlab/Documents/GitHub/saga_repo/install/std_msgs:/opt/ros/humble LD_LIBRARY_PATH=/home/cairlab/Documents/GitHub/saga_repo/install/diagnostic_msgs/lib:/home/cairlab/Documents/GitHub/saga_repo/install/geometry_msgs/lib:/home/cairlab/Documents/GitHub/saga_repo/install/std_msgs/lib:${LD_LIBRARY_PATH} PYTHONPATH=/home/cairlab/Documents/GitHub/saga_repo/install/diagnostic_msgs/local/lib/python3.10/dist-packages:/home/cairlab/Documents/GitHub/saga_repo/install/geometry_msgs/local/lib/python3.10/dist-packages:/home/cairlab/Documents/GitHub/saga_repo/install/std_msgs/local/lib/python3.10/dist-packages:${PYTHONPATH} /usr/bin/cmake /home/cairlab/Documents/GitHub/saga_repo/ros2_thor/src/diagnostics/diagnostic_updater -DCMAKE_INSTALL_PREFIX=/home/cairlab/Documents/GitHub/saga_repo/install/diagnostic_updater
[3.606s] Invoking command in '/home/cairlab/Documents/GitHub/saga_repo/build/diagnostic_updater': AMENT_PREFIX_PATH=/home/cairlab/Documents/GitHub/saga_repo/install/diagnostic_msgs:/home/cairlab/Documents/GitHub/saga_repo/install/geometry_msgs:/home/cairlab/Documents/GitHub/saga_repo/install/std_msgs:${AMENT_PREFIX_PATH} CMAKE_PREFIX_PATH=/home/cairlab/Documents/GitHub/saga_repo/install/diagnostic_msgs:/home/cairlab/Documents/GitHub/saga_repo/install/geometry_msgs:/home/cairlab/Documents/GitHub/saga_repo/install/std_msgs:/opt/ros/humble LD_LIBRARY_PATH=/home/cairlab/Documents/GitHub/saga_repo/install/diagnostic_msgs/lib:/home/cairlab/Documents/GitHub/saga_repo/install/geometry_msgs/lib:/home/cairlab/Documents/GitHub/saga_repo/install/std_msgs/lib:${LD_LIBRARY_PATH} PYTHONPATH=/home/cairlab/Documents/GitHub/saga_repo/install/diagnostic_msgs/local/lib/python3.10/dist-packages:/home/cairlab/Documents/GitHub/saga_repo/install/geometry_msgs/local/lib/python3.10/dist-packages:/home/cairlab/Documents/GitHub/saga_repo/install/std_msgs/local/lib/python3.10/dist-packages:${PYTHONPATH} /usr/bin/cmake --build /home/cairlab/Documents/GitHub/saga_repo/build/diagnostic_updater -- -j12 -l12
[3.721s] [ 10%] [32mBuilding CXX object CMakeFiles/example.dir/src/example.cpp.o[0m
[3.783s] [ 20%] [32mBuilding CXX object gtest/CMakeFiles/gtest_main.dir/src/gtest_main.cc.o[0m
[3.811s] [ 30%] [32mBuilding CXX object gtest/CMakeFiles/gtest.dir/src/gtest-all.cc.o[0m
[3.869s] [ 30%] Built target ament_cmake_python_copy_diagnostic_updater
[4.335s] running egg_info
[4.337s] creating diagnostic_updater.egg-info
[4.362s] writing diagnostic_updater.egg-info/PKG-INFO
[4.363s] writing dependency_links to diagnostic_updater.egg-info/dependency_links.txt
[4.363s] writing top-level names to diagnostic_updater.egg-info/top_level.txt
[4.364s] writing manifest file 'diagnostic_updater.egg-info/SOURCES.txt'
[4.466s] reading manifest file 'diagnostic_updater.egg-info/SOURCES.txt'
[4.467s] writing manifest file 'diagnostic_updater.egg-info/SOURCES.txt'
[4.536s] [ 30%] Built target ament_cmake_python_build_diagnostic_updater_egg
[5.600s] [ 40%] [32m[1mLinking CXX static library libgtest_main.a[0m
[5.773s] [ 40%] Built target gtest_main
[10.558s] [ 50%] [32m[1mLinking CXX static library libgtest.a[0m
[10.810s] [ 50%] Built target gtest
[10.878s] [ 60%] [32mBuilding CXX object CMakeFiles/diagnostic_updater_test.dir/test/diagnostic_updater_test.cpp.o[0m
[10.948s] [ 70%] [32mBuilding CXX object CMakeFiles/diagnostic_status_wrapper_test.dir/test/diagnostic_status_wrapper_test.cpp.o[0m
[15.148s] [ 80%] [32m[1mLinking CXX executable example[0m
[15.704s] [ 80%] Built target example
[17.440s] [ 90%] [32m[1mLinking CXX executable diagnostic_status_wrapper_test[0m
[17.678s] [ 90%] Built target diagnostic_status_wrapper_test
[19.264s] [100%] [32m[1mLinking CXX executable diagnostic_updater_test[0m
[19.648s] [100%] Built target diagnostic_updater_test
[19.663s] Invoked command in '/home/cairlab/Documents/GitHub/saga_repo/build/diagnostic_updater' returned '0': AMENT_PREFIX_PATH=/home/cairlab/Documents/GitHub/saga_repo/install/diagnostic_msgs:/home/cairlab/Documents/GitHub/saga_repo/install/geometry_msgs:/home/cairlab/Documents/GitHub/saga_repo/install/std_msgs:${AMENT_PREFIX_PATH} CMAKE_PREFIX_PATH=/home/cairlab/Documents/GitHub/saga_repo/install/diagnostic_msgs:/home/cairlab/Documents/GitHub/saga_repo/install/geometry_msgs:/home/cairlab/Documents/GitHub/saga_repo/install/std_msgs:/opt/ros/humble LD_LIBRARY_PATH=/home/cairlab/Documents/GitHub/saga_repo/install/diagnostic_msgs/lib:/home/cairlab/Documents/GitHub/saga_repo/install/geometry_msgs/lib:/home/cairlab/Documents/GitHub/saga_repo/install/std_msgs/lib:${LD_LIBRARY_PATH} PYTHONPATH=/home/cairlab/Documents/GitHub/saga_repo/install/diagnostic_msgs/local/lib/python3.10/dist-packages:/home/cairlab/Documents/GitHub/saga_repo/install/geometry_msgs/local/lib/python3.10/dist-packages:/home/cairlab/Documents/GitHub/saga_repo/install/std_msgs/local/lib/python3.10/dist-packages:${PYTHONPATH} /usr/bin/cmake --build /home/cairlab/Documents/GitHub/saga_repo/build/diagnostic_updater -- -j12 -l12
[19.696s] Invoking command in '/home/cairlab/Documents/GitHub/saga_repo/build/diagnostic_updater': AMENT_PREFIX_PATH=/home/cairlab/Documents/GitHub/saga_repo/install/diagnostic_msgs:/home/cairlab/Documents/GitHub/saga_repo/install/geometry_msgs:/home/cairlab/Documents/GitHub/saga_repo/install/std_msgs:${AMENT_PREFIX_PATH} CMAKE_PREFIX_PATH=/home/cairlab/Documents/GitHub/saga_repo/install/diagnostic_msgs:/home/cairlab/Documents/GitHub/saga_repo/install/geometry_msgs:/home/cairlab/Documents/GitHub/saga_repo/install/std_msgs:/opt/ros/humble LD_LIBRARY_PATH=/home/cairlab/Documents/GitHub/saga_repo/install/diagnostic_msgs/lib:/home/cairlab/Documents/GitHub/saga_repo/install/geometry_msgs/lib:/home/cairlab/Documents/GitHub/saga_repo/install/std_msgs/lib:${LD_LIBRARY_PATH} PYTHONPATH=/home/cairlab/Documents/GitHub/saga_repo/install/diagnostic_msgs/local/lib/python3.10/dist-packages:/home/cairlab/Documents/GitHub/saga_repo/install/geometry_msgs/local/lib/python3.10/dist-packages:/home/cairlab/Documents/GitHub/saga_repo/install/std_msgs/local/lib/python3.10/dist-packages:${PYTHONPATH} /usr/bin/cmake --install /home/cairlab/Documents/GitHub/saga_repo/build/diagnostic_updater
[19.705s] -- Install configuration: ""
[19.705s] -- Installing: /home/cairlab/Documents/GitHub/saga_repo/install/diagnostic_updater/share/diagnostic_updater/environment/pythonpath.sh
[19.705s] -- Installing: /home/cairlab/Documents/GitHub/saga_repo/install/diagnostic_updater/share/diagnostic_updater/environment/pythonpath.dsv
[19.706s] -- Installing: /home/cairlab/Documents/GitHub/saga_repo/install/diagnostic_updater/local/lib/python3.10/dist-packages/diagnostic_updater-3.1.2-py3.10.egg-info
[19.706s] -- Installing: /home/cairlab/Documents/GitHub/saga_repo/install/diagnostic_updater/local/lib/python3.10/dist-packages/diagnostic_updater-3.1.2-py3.10.egg-info/dependency_links.txt
[19.706s] -- Installing: /home/cairlab/Documents/GitHub/saga_repo/install/diagnostic_updater/local/lib/python3.10/dist-packages/diagnostic_updater-3.1.2-py3.10.egg-info/PKG-INFO
[19.706s] -- Installing: /home/cairlab/Documents/GitHub/saga_repo/install/diagnostic_updater/local/lib/python3.10/dist-packages/diagnostic_updater-3.1.2-py3.10.egg-info/SOURCES.txt
[19.706s] -- Installing: /home/cairlab/Documents/GitHub/saga_repo/install/diagnostic_updater/local/lib/python3.10/dist-packages/diagnostic_updater-3.1.2-py3.10.egg-info/top_level.txt
[19.706s] -- Installing: /home/cairlab/Documents/GitHub/saga_repo/install/diagnostic_updater/local/lib/python3.10/dist-packages/diagnostic_updater
[19.706s] -- Installing: /home/cairlab/Documents/GitHub/saga_repo/install/diagnostic_updater/local/lib/python3.10/dist-packages/diagnostic_updater/_diagnostic_updater.py
[19.706s] -- Installing: /home/cairlab/Documents/GitHub/saga_repo/install/diagnostic_updater/local/lib/python3.10/dist-packages/diagnostic_updater/example.py
[19.707s] -- Installing: /home/cairlab/Documents/GitHub/saga_repo/install/diagnostic_updater/local/lib/python3.10/dist-packages/diagnostic_updater/__init__.py
[19.707s] -- Installing: /home/cairlab/Documents/GitHub/saga_repo/install/diagnostic_updater/local/lib/python3.10/dist-packages/diagnostic_updater/_diagnostic_status_wrapper.py
[19.707s] -- Installing: /home/cairlab/Documents/GitHub/saga_repo/install/diagnostic_updater/local/lib/python3.10/dist-packages/diagnostic_updater/_publisher.py
[19.707s] -- Installing: /home/cairlab/Documents/GitHub/saga_repo/install/diagnostic_updater/local/lib/python3.10/dist-packages/diagnostic_updater/_update_functions.py
[19.740s] Listing '/home/cairlab/Documents/GitHub/saga_repo/install/diagnostic_updater/local/lib/python3.10/dist-packages/diagnostic_updater'...
[19.740s] Compiling '/home/cairlab/Documents/GitHub/saga_repo/install/diagnostic_updater/local/lib/python3.10/dist-packages/diagnostic_updater/__init__.py'...
[19.740s] Compiling '/home/cairlab/Documents/GitHub/saga_repo/install/diagnostic_updater/local/lib/python3.10/dist-packages/diagnostic_updater/_diagnostic_status_wrapper.py'...
[19.740s] Compiling '/home/cairlab/Documents/GitHub/saga_repo/install/diagnostic_updater/local/lib/python3.10/dist-packages/diagnostic_updater/_diagnostic_updater.py'...
[19.740s] Compiling '/home/cairlab/Documents/GitHub/saga_repo/install/diagnostic_updater/local/lib/python3.10/dist-packages/diagnostic_updater/_publisher.py'...
[19.740s] Compiling '/home/cairlab/Documents/GitHub/saga_repo/install/diagnostic_updater/local/lib/python3.10/dist-packages/diagnostic_updater/_update_functions.py'...
[19.741s] Compiling '/home/cairlab/Documents/GitHub/saga_repo/install/diagnostic_updater/local/lib/python3.10/dist-packages/diagnostic_updater/example.py'...
[19.744s] -- Installing: /home/cairlab/Documents/GitHub/saga_repo/install/diagnostic_updater/lib/diagnostic_updater/example.py
[19.744s] -- Installing: /home/cairlab/Documents/GitHub/saga_repo/install/diagnostic_updater/lib/diagnostic_updater/example
[19.746s] -- Set runtime path of "/home/cairlab/Documents/GitHub/saga_repo/install/diagnostic_updater/lib/diagnostic_updater/example" to ""
[19.746s] -- Installing: /home/cairlab/Documents/GitHub/saga_repo/install/diagnostic_updater/include
[19.746s] -- Installing: /home/cairlab/Documents/GitHub/saga_repo/install/diagnostic_updater/include/diagnostic_updater
[19.746s] -- Installing: /home/cairlab/Documents/GitHub/saga_repo/install/diagnostic_updater/include/diagnostic_updater/publisher.hpp
[19.746s] -- Installing: /home/cairlab/Documents/GitHub/saga_repo/install/diagnostic_updater/include/diagnostic_updater/diagnostic_status_wrapper.hpp
[19.746s] -- Installing: /home/cairlab/Documents/GitHub/saga_repo/install/diagnostic_updater/include/diagnostic_updater/diagnostic_updater.hpp
[19.747s] -- Installing: /home/cairlab/Documents/GitHub/saga_repo/install/diagnostic_updater/include/diagnostic_updater/update_functions.hpp
[19.747s] -- Installing: /home/cairlab/Documents/GitHub/saga_repo/install/diagnostic_updater/share/diagnostic_updater/environment/library_path.sh
[19.747s] -- Installing: /home/cairlab/Documents/GitHub/saga_repo/install/diagnostic_updater/share/diagnostic_updater/environment/library_path.dsv
[19.747s] -- Installing: /home/cairlab/Documents/GitHub/saga_repo/install/diagnostic_updater/share/ament_index/resource_index/package_run_dependencies/diagnostic_updater
[19.747s] -- Installing: /home/cairlab/Documents/GitHub/saga_repo/install/diagnostic_updater/share/ament_index/resource_index/parent_prefix_path/diagnostic_updater
[19.747s] -- Installing: /home/cairlab/Documents/GitHub/saga_repo/install/diagnostic_updater/share/diagnostic_updater/environment/ament_prefix_path.sh
[19.747s] -- Installing: /home/cairlab/Documents/GitHub/saga_repo/install/diagnostic_updater/share/diagnostic_updater/environment/ament_prefix_path.dsv
[19.747s] -- Installing: /home/cairlab/Documents/GitHub/saga_repo/install/diagnostic_updater/share/diagnostic_updater/environment/path.sh
[19.748s] -- Installing: /home/cairlab/Documents/GitHub/saga_repo/install/diagnostic_updater/share/diagnostic_updater/environment/path.dsv
[19.748s] -- Installing: /home/cairlab/Documents/GitHub/saga_repo/install/diagnostic_updater/share/diagnostic_updater/local_setup.bash
[19.748s] -- Installing: /home/cairlab/Documents/GitHub/saga_repo/install/diagnostic_updater/share/diagnostic_updater/local_setup.sh
[19.748s] -- Installing: /home/cairlab/Documents/GitHub/saga_repo/install/diagnostic_updater/share/diagnostic_updater/local_setup.zsh
[19.748s] -- Installing: /home/cairlab/Documents/GitHub/saga_repo/install/diagnostic_updater/share/diagnostic_updater/local_setup.dsv
[19.748s] -- Installing: /home/cairlab/Documents/GitHub/saga_repo/install/diagnostic_updater/share/diagnostic_updater/package.dsv
[19.748s] -- Installing: /home/cairlab/Documents/GitHub/saga_repo/install/diagnostic_updater/share/ament_index/resource_index/packages/diagnostic_updater
[19.749s] -- Installing: /home/cairlab/Documents/GitHub/saga_repo/install/diagnostic_updater/share/diagnostic_updater/cmake/diagnostic_updaterTargetsExport.cmake
[19.749s] -- Installing: /home/cairlab/Documents/GitHub/saga_repo/install/diagnostic_updater/share/diagnostic_updater/cmake/ament_cmake_export_targets-extras.cmake
[19.749s] -- Installing: /home/cairlab/Documents/GitHub/saga_repo/install/diagnostic_updater/share/diagnostic_updater/cmake/ament_cmake_export_include_directories-extras.cmake
[19.749s] -- Installing: /home/cairlab/Documents/GitHub/saga_repo/install/diagnostic_updater/share/diagnostic_updater/cmake/ament_cmake_export_dependencies-extras.cmake
[19.749s] -- Installing: /home/cairlab/Documents/GitHub/saga_repo/install/diagnostic_updater/share/diagnostic_updater/cmake/diagnostic_updaterConfig.cmake
[19.749s] -- Installing: /home/cairlab/Documents/GitHub/saga_repo/install/diagnostic_updater/share/diagnostic_updater/cmake/diagnostic_updaterConfig-version.cmake
[19.750s] -- Installing: /home/cairlab/Documents/GitHub/saga_repo/install/diagnostic_updater/share/diagnostic_updater/package.xml
[19.753s] Invoked command in '/home/cairlab/Documents/GitHub/saga_repo/build/diagnostic_updater' returned '0': AMENT_PREFIX_PATH=/home/cairlab/Documents/GitHub/saga_repo/install/diagnostic_msgs:/home/cairlab/Documents/GitHub/saga_repo/install/geometry_msgs:/home/cairlab/Documents/GitHub/saga_repo/install/std_msgs:${AMENT_PREFIX_PATH} CMAKE_PREFIX_PATH=/home/cairlab/Documents/GitHub/saga_repo/install/diagnostic_msgs:/home/cairlab/Documents/GitHub/saga_repo/install/geometry_msgs:/home/cairlab/Documents/GitHub/saga_repo/install/std_msgs:/opt/ros/humble LD_LIBRARY_PATH=/home/cairlab/Documents/GitHub/saga_repo/install/diagnostic_msgs/lib:/home/cairlab/Documents/GitHub/saga_repo/install/geometry_msgs/lib:/home/cairlab/Documents/GitHub/saga_repo/install/std_msgs/lib:${LD_LIBRARY_PATH} PYTHONPATH=/home/cairlab/Documents/GitHub/saga_repo/install/diagnostic_msgs/local/lib/python3.10/dist-packages:/home/cairlab/Documents/GitHub/saga_repo/install/geometry_msgs/local/lib/python3.10/dist-packages:/home/cairlab/Documents/GitHub/saga_repo/install/std_msgs/local/lib/python3.10/dist-packages:${PYTHONPATH} /usr/bin/cmake --install /home/cairlab/Documents/GitHub/saga_repo/build/diagnostic_updater
