[0.156s] Invoking command in '/home/loki/Documents/GitHub/saga_repo/build/rasberry_gazebo': /usr/bin/cmake /home/loki/Documents/GitHub/saga_repo/ros2_thor/src/loki/rasberry_gazebo -DCMAKE_INSTALL_PREFIX=/home/loki/Documents/GitHub/saga_repo/install/rasberry_gazebo
[0.169s] [31mCMake Error at CMakeLists.txt:5 (find_package):
[0.169s]   By not providing "Findament_cmake.cmake" in CMAKE_MODULE_PATH this project
[0.170s]   has asked CMake to find a package configuration file provided by
[0.170s]   "ament_cmake", but CMake did not find one.
[0.170s] 
[0.170s]   Could not find a package configuration file provided by "ament_cmake" with
[0.170s]   any of the following names:
[0.170s] 
[0.170s]     ament_cmakeConfig.cmake
[0.170s]     ament_cmake-config.cmake
[0.170s] 
[0.170s]   Add the installation prefix of "ament_cmake" to CMAKE_PREFIX_PATH or set
[0.170s]   "ament_cmake_DIR" to a directory containing one of the above files.  If
[0.170s]   "ament_cmake" provides a separate development package or SDK, be sure it
[0.170s]   has been installed.
[0.170s] 
[0.170s] [0m
[0.170s] -- Configuring incomplete, errors occurred!
[0.171s] See also "/home/loki/Documents/GitHub/saga_repo/build/rasberry_gazebo/CMakeFiles/CMakeOutput.log".
