[0.446s] Invoking command in '/home/loki/Documents/GitHub/saga_repo/build/rasberry_gazebo': CMAKE_PREFIX_PATH=/opt/ros/humble /usr/bin/cmake --build /home/loki/Documents/GitHub/saga_repo/build/rasberry_gazebo -- -j8 -l8
[0.475s] Invoked command in '/home/loki/Documents/GitHub/saga_repo/build/rasberry_gazebo' returned '0': CMAKE_PREFIX_PATH=/opt/ros/humble /usr/bin/cmake --build /home/loki/Documents/GitHub/saga_repo/build/rasberry_gazebo -- -j8 -l8
[0.492s] Invoking command in '/home/loki/Documents/GitHub/saga_repo/build/rasberry_gazebo': CMAKE_PREFIX_PATH=/opt/ros/humble /usr/bin/cmake --install /home/loki/Documents/GitHub/saga_repo/build/rasberry_gazebo
[0.519s] -- Install configuration: ""
[0.519s] -- Up-to-date: /home/loki/Documents/GitHub/saga_repo/install/rasberry_gazebo/lib/rasberry_gazebo/move_base_seq.py
[0.519s] -- Up-to-date: /home/loki/Documents/GitHub/saga_repo/install/rasberry_gazebo/share/rasberry_gazebo/launch
[0.520s] -- Up-to-date: /home/loki/Documents/GitHub/saga_repo/install/rasberry_gazebo/share/rasberry_gazebo/launch/world.launch
[0.520s] -- Up-to-date: /home/loki/Documents/GitHub/saga_repo/install/rasberry_gazebo/share/rasberry_gazebo/worlds
[0.520s] -- Up-to-date: /home/loki/Documents/GitHub/saga_repo/install/rasberry_gazebo/share/rasberry_gazebo/worlds/empty_grass.world
[0.520s] -- Up-to-date: /home/loki/Documents/GitHub/saga_repo/install/rasberry_gazebo/share/ament_index/resource_index/package_run_dependencies/rasberry_gazebo
[0.521s] -- Up-to-date: /home/loki/Documents/GitHub/saga_repo/install/rasberry_gazebo/share/ament_index/resource_index/parent_prefix_path/rasberry_gazebo
[0.521s] -- Up-to-date: /home/loki/Documents/GitHub/saga_repo/install/rasberry_gazebo/share/rasberry_gazebo/environment/ament_prefix_path.sh
[0.522s] -- Up-to-date: /home/loki/Documents/GitHub/saga_repo/install/rasberry_gazebo/share/rasberry_gazebo/environment/ament_prefix_path.dsv
[0.522s] -- Up-to-date: /home/loki/Documents/GitHub/saga_repo/install/rasberry_gazebo/share/rasberry_gazebo/environment/path.sh
[0.523s] -- Up-to-date: /home/loki/Documents/GitHub/saga_repo/install/rasberry_gazebo/share/rasberry_gazebo/environment/path.dsv
[0.524s] -- Up-to-date: /home/loki/Documents/GitHub/saga_repo/install/rasberry_gazebo/share/rasberry_gazebo/local_setup.bash
[0.524s] -- Up-to-date: /home/loki/Documents/GitHub/saga_repo/install/rasberry_gazebo/share/rasberry_gazebo/local_setup.sh
[0.524s] -- Up-to-date: /home/loki/Documents/GitHub/saga_repo/install/rasberry_gazebo/share/rasberry_gazebo/local_setup.zsh
[0.524s] -- Up-to-date: /home/loki/Documents/GitHub/saga_repo/install/rasberry_gazebo/share/rasberry_gazebo/local_setup.dsv
[0.524s] -- Installing: /home/loki/Documents/GitHub/saga_repo/install/rasberry_gazebo/share/rasberry_gazebo/package.dsv
[0.524s] -- Up-to-date: /home/loki/Documents/GitHub/saga_repo/install/rasberry_gazebo/share/ament_index/resource_index/packages/rasberry_gazebo
[0.524s] -- Up-to-date: /home/loki/Documents/GitHub/saga_repo/install/rasberry_gazebo/share/rasberry_gazebo/cmake/rasberry_gazeboConfig.cmake
[0.525s] -- Up-to-date: /home/loki/Documents/GitHub/saga_repo/install/rasberry_gazebo/share/rasberry_gazebo/cmake/rasberry_gazeboConfig-version.cmake
[0.525s] -- Up-to-date: /home/loki/Documents/GitHub/saga_repo/install/rasberry_gazebo/share/rasberry_gazebo/package.xml
[0.571s] Invoked command in '/home/loki/Documents/GitHub/saga_repo/build/rasberry_gazebo' returned '0': CMAKE_PREFIX_PATH=/opt/ros/humble /usr/bin/cmake --install /home/loki/Documents/GitHub/saga_repo/build/rasberry_gazebo
