-- Install configuration: ""
-- Up-to-date: /home/loki/Documents/GitHub/saga_repo/install/loki_description/share/loki_description/launch
-- Up-to-date: /home/loki/Documents/GitHub/saga_repo/install/loki_description/share/loki_description/launch/model.launch.py
-- Up-to-date: /home/loki/Documents/GitHub/saga_repo/install/loki_description/share/loki_description/launch/model.launch
-- Up-to-date: /home/loki/Documents/GitHub/saga_repo/install/loki_description/share/loki_description/meshes
-- Up-to-date: /home/loki/Documents/GitHub/saga_repo/install/loki_description/share/loki_description/meshes/tower_modules
-- Up-to-date: /home/loki/Documents/GitHub/saga_repo/install/loki_description/share/loki_description/meshes/tower_modules/DUMMY-DRIVE-BRACKET.stl
-- Up-to-date: /home/loki/Documents/GitHub/saga_repo/install/loki_description/share/loki_description/meshes/tower_modules/DUMMY-TOWER-MIRROR-M.stl
-- Up-to-date: /home/loki/Documents/GitHub/saga_repo/install/loki_description/share/loki_description/meshes/tower_modules/DUMMY-TOWER-M.stl
-- Up-to-date: /home/loki/Documents/GitHub/saga_repo/install/loki_description/share/loki_description/meshes/hokuyo
-- Up-to-date: /home/loki/Documents/GitHub/saga_repo/install/loki_description/share/loki_description/meshes/hokuyo/hokuyo.dae
-- Up-to-date: /home/loki/Documents/GitHub/saga_repo/install/loki_description/share/loki_description/meshes/bat_enc_modules
-- Up-to-date: /home/loki/Documents/GitHub/saga_repo/install/loki_description/share/loki_description/meshes/bat_enc_modules/836586-1-DUMMY-RevA.stl
-- Up-to-date: /home/loki/Documents/GitHub/saga_repo/install/loki_description/share/loki_description/meshes/clamps
-- Up-to-date: /home/loki/Documents/GitHub/saga_repo/install/loki_description/share/loki_description/meshes/clamps/DUMMY-SUSP.stl
-- Up-to-date: /home/loki/Documents/GitHub/saga_repo/install/loki_description/share/loki_description/meshes/clamps/DUMMY-T-BRACKET.stl
-- Up-to-date: /home/loki/Documents/GitHub/saga_repo/install/loki_description/share/loki_description/meshes/drive_modules
-- Up-to-date: /home/loki/Documents/GitHub/saga_repo/install/loki_description/share/loki_description/meshes/drive_modules/836745-5-DUMMY-RevA.stl
-- Up-to-date: /home/loki/Documents/GitHub/saga_repo/install/loki_description/share/loki_description/meshes/drive_modules/old
-- Up-to-date: /home/loki/Documents/GitHub/saga_repo/install/loki_description/share/loki_description/meshes/drive_modules/old/836586-1-DUMMY-RevA.stl
-- Up-to-date: /home/loki/Documents/GitHub/saga_repo/install/loki_description/share/loki_description/meshes/drive_modules/old/836745-5-DUMMY-RevA.stl
-- Up-to-date: /home/loki/Documents/GitHub/saga_repo/install/loki_description/share/loki_description/meshes/drive_modules/old/836745-5-DUMMY-MIRROR-RevA.stl
-- Up-to-date: /home/loki/Documents/GitHub/saga_repo/install/loki_description/share/loki_description/meshes/drive_modules/836745-5-DUMMY-MIRROR-RevA.stl
-- Up-to-date: /home/loki/Documents/GitHub/saga_repo/install/loki_description/share/loki_description/meshes/uv_frame
-- Up-to-date: /home/loki/Documents/GitHub/saga_repo/install/loki_description/share/loki_description/meshes/uv_frame/uv_arc.STL
-- Up-to-date: /home/loki/Documents/GitHub/saga_repo/install/loki_description/share/loki_description/urdf
-- Up-to-date: /home/loki/Documents/GitHub/saga_repo/install/loki_description/share/loki_description/urdf/sensor_modules
-- Up-to-date: /home/loki/Documents/GitHub/saga_repo/install/loki_description/share/loki_description/urdf/sensor_modules/sensor_frames_example.xacro
-- Up-to-date: /home/loki/Documents/GitHub/saga_repo/install/loki_description/share/loki_description/urdf/thorvald_model.xacro
-- Up-to-date: /home/loki/Documents/GitHub/saga_repo/install/loki_description/share/ament_index/resource_index/package_run_dependencies/loki_description
-- Up-to-date: /home/loki/Documents/GitHub/saga_repo/install/loki_description/share/ament_index/resource_index/parent_prefix_path/loki_description
-- Up-to-date: /home/loki/Documents/GitHub/saga_repo/install/loki_description/share/loki_description/environment/ament_prefix_path.sh
-- Up-to-date: /home/loki/Documents/GitHub/saga_repo/install/loki_description/share/loki_description/environment/ament_prefix_path.dsv
-- Up-to-date: /home/loki/Documents/GitHub/saga_repo/install/loki_description/share/loki_description/environment/path.sh
-- Up-to-date: /home/loki/Documents/GitHub/saga_repo/install/loki_description/share/loki_description/environment/path.dsv
-- Up-to-date: /home/loki/Documents/GitHub/saga_repo/install/loki_description/share/loki_description/local_setup.bash
-- Up-to-date: /home/loki/Documents/GitHub/saga_repo/install/loki_description/share/loki_description/local_setup.sh
-- Up-to-date: /home/loki/Documents/GitHub/saga_repo/install/loki_description/share/loki_description/local_setup.zsh
-- Up-to-date: /home/loki/Documents/GitHub/saga_repo/install/loki_description/share/loki_description/local_setup.dsv
-- Installing: /home/loki/Documents/GitHub/saga_repo/install/loki_description/share/loki_description/package.dsv
-- Up-to-date: /home/loki/Documents/GitHub/saga_repo/install/loki_description/share/ament_index/resource_index/packages/loki_description
-- Up-to-date: /home/loki/Documents/GitHub/saga_repo/install/loki_description/share/loki_description/cmake/loki_descriptionConfig.cmake
-- Up-to-date: /home/loki/Documents/GitHub/saga_repo/install/loki_description/share/loki_description/cmake/loki_descriptionConfig-version.cmake
-- Up-to-date: /home/loki/Documents/GitHub/saga_repo/install/loki_description/share/loki_description/package.xml
