[0.166s] Invoking command in '/home/loki/Documents/GitHub/saga_repo/build/loki_twist_mux': /usr/bin/cmake /home/loki/Documents/GitHub/saga_repo/ros2_thor/src/loki/loki_twist_mux -DCMAKE_INSTALL_PREFIX=/home/loki/Documents/GitHub/saga_repo/install/loki_twist_mux
[0.179s] [31mCMake Error at CMakeLists.txt:4 (find_package):
[0.179s]   By not providing "Findament_cmake.cmake" in CMAKE_MODULE_PATH this project
[0.179s]   has asked CMake to find a package configuration file provided by
[0.180s]   "ament_cmake", but CMake did not find one.
[0.180s] 
[0.180s]   Could not find a package configuration file provided by "ament_cmake" with
[0.180s]   any of the following names:
[0.180s] 
[0.180s]     ament_cmakeConfig.cmake
[0.181s]     ament_cmake-config.cmake
[0.181s] 
[0.181s]   Add the installation prefix of "ament_cmake" to CMAKE_PREFIX_PATH or set
[0.181s]   "ament_cmake_DIR" to a directory containing one of the above files.  If
[0.182s]   "ament_cmake" provides a separate development package or SDK, be sure it
[0.182s]   has been installed.
[0.182s] 
[0.182s] [0m
[0.183s] -- Configuring incomplete, errors occurred!
[0.183s] See also "/home/loki/Documents/GitHub/saga_repo/build/loki_twist_mux/CMakeFiles/CMakeOutput.log".
