[0.174s] Invoking command in '/home/loki/Documents/GitHub/saga_repo/build/loki_twist_mux': /usr/bin/cmake /home/loki/Documents/GitHub/saga_repo/ros2_thor/src/loki/loki_twist_mux -DCMAKE_INSTALL_PREFIX=/home/loki/Documents/GitHub/saga_repo/install/loki_twist_mux
[0.212s] -- The C compiler identification is GNU 11.4.0
[0.254s] -- The CXX compiler identification is GNU 11.4.0
[0.259s] -- Detecting C compiler ABI info
[0.306s] -- Detecting C compiler ABI info - done
[0.312s] -- Check for working C compiler: /usr/bin/cc - skipped
[0.312s] -- Detecting C compile features
[0.312s] -- Detecting C compile features - done
[0.314s] -- Detecting CXX compiler ABI info
[0.369s] -- Detecting CXX compiler ABI info - done
[0.375s] -- Check for working CXX compiler: /usr/bin/c++ - skipped
[0.376s] -- Detecting CXX compile features
[0.376s] -- Detecting CXX compile features - done
[0.384s] [31mCMake Error at CMakeLists.txt:4 (find_package):
[0.384s]   By not providing "Findament_cmake.cmake" in CMAKE_MODULE_PATH this project
[0.384s]   has asked CMake to find a package configuration file provided by
[0.384s]   "ament_cmake", but CMake did not find one.
[0.384s] 
[0.384s]   Could not find a package configuration file provided by "ament_cmake" with
[0.384s]   any of the following names:
[0.384s] 
[0.384s]     ament_cmakeConfig.cmake
[0.384s]     ament_cmake-config.cmake
[0.384s] 
[0.384s]   Add the installation prefix of "ament_cmake" to CMAKE_PREFIX_PATH or set
[0.385s]   "ament_cmake_DIR" to a directory containing one of the above files.  If
[0.385s]   "ament_cmake" provides a separate development package or SDK, be sure it
[0.385s]   has been installed.
[0.385s] 
[0.385s] -- Configuring incomplete, errors occurred!
[0.385s] See also "/home/loki/Documents/GitHub/saga_repo/build/loki_twist_mux/CMakeFiles/CMakeOutput.log".
[0.385s] [0m
