[1.386s] Invoking command in '/home/loki/Documents/GitHub/saga_repo/ros2_thor/src/loki/loki_nav': AMENT_PREFIX_PATH=/home/loki/Documents/GitHub/saga_repo/install/septentrio_gnss_driver:${AMENT_PREFIX_PATH} CMAKE_PREFIX_PATH=/home/loki/Documents/GitHub/saga_repo/install/septentrio_gnss_driver LD_LIBRARY_PATH=/home/loki/Documents/GitHub/saga_repo/install/septentrio_gnss_driver/lib:${LD_LIBRARY_PATH} PYTHONPATH=/home/loki/Documents/GitHub/saga_repo/build/loki_nav/prefix_override:/home/loki/Documents/GitHub/saga_repo/install/loki_nav/lib/python3.10/site-packages:/home/loki/Documents/GitHub/saga_repo/install/septentrio_gnss_driver/local/lib/python3.10/dist-packages:${PYTHONPATH} /usr/bin/python3 setup.py egg_info --egg-base ../../../../build/loki_nav build --build-base /home/loki/Documents/GitHub/saga_repo/build/loki_nav/build install --record /home/loki/Documents/GitHub/saga_repo/build/loki_nav/install.log --single-version-externally-managed
[1.881s] running egg_info
[1.882s] writing ../../../../build/loki_nav/loki_nav.egg-info/PKG-INFO
[1.883s] writing dependency_links to ../../../../build/loki_nav/loki_nav.egg-info/dependency_links.txt
[1.883s] writing entry points to ../../../../build/loki_nav/loki_nav.egg-info/entry_points.txt
[1.885s] writing requirements to ../../../../build/loki_nav/loki_nav.egg-info/requires.txt
[1.885s] writing top-level names to ../../../../build/loki_nav/loki_nav.egg-info/top_level.txt
[1.887s] reading manifest file '../../../../build/loki_nav/loki_nav.egg-info/SOURCES.txt'
[1.889s] writing manifest file '../../../../build/loki_nav/loki_nav.egg-info/SOURCES.txt'
[1.889s] running build
[1.889s] running build_py
[1.889s] running install
[1.889s] /usr/lib/python3/dist-packages/setuptools/command/install.py:34: SetuptoolsDeprecationWarning: setup.py install is deprecated. Use build and pip and other standards-based tools.
[1.890s]   warnings.warn(
[1.890s] running install_lib
[1.892s] running install_data
[1.893s] copying launch/nav.launch.py -> /home/loki/Documents/GitHub/saga_repo/install/loki_nav/share/loki_nav/launch
[1.893s] running install_egg_info
[1.896s] removing '/home/loki/Documents/GitHub/saga_repo/install/loki_nav/lib/python3.10/site-packages/loki_nav-2.0.0-py3.10.egg-info' (and everything under it)
[1.897s] Copying ../../../../build/loki_nav/loki_nav.egg-info to /home/loki/Documents/GitHub/saga_repo/install/loki_nav/lib/python3.10/site-packages/loki_nav-2.0.0-py3.10.egg-info
[1.898s] running install_scripts
[1.946s] Installing nav script to /home/loki/Documents/GitHub/saga_repo/install/loki_nav/lib/loki_nav
[1.948s] writing list of installed files to '/home/loki/Documents/GitHub/saga_repo/build/loki_nav/install.log'
[1.991s] Invoked command in '/home/loki/Documents/GitHub/saga_repo/ros2_thor/src/loki/loki_nav' returned '0': AMENT_PREFIX_PATH=/home/loki/Documents/GitHub/saga_repo/install/septentrio_gnss_driver:${AMENT_PREFIX_PATH} CMAKE_PREFIX_PATH=/home/loki/Documents/GitHub/saga_repo/install/septentrio_gnss_driver LD_LIBRARY_PATH=/home/loki/Documents/GitHub/saga_repo/install/septentrio_gnss_driver/lib:${LD_LIBRARY_PATH} PYTHONPATH=/home/loki/Documents/GitHub/saga_repo/build/loki_nav/prefix_override:/home/loki/Documents/GitHub/saga_repo/install/loki_nav/lib/python3.10/site-packages:/home/loki/Documents/GitHub/saga_repo/install/septentrio_gnss_driver/local/lib/python3.10/dist-packages:${PYTHONPATH} /usr/bin/python3 setup.py egg_info --egg-base ../../../../build/loki_nav build --build-base /home/loki/Documents/GitHub/saga_repo/build/loki_nav/build install --record /home/loki/Documents/GitHub/saga_repo/build/loki_nav/install.log --single-version-externally-managed
