[0.010s] Invoking command in '/home/cairlab/Documents/GitHub/saga_repo/build/std_srvs': CMAKE_PREFIX_PATH=/opt/ros/humble /usr/bin/cmake /home/cairlab/Documents/GitHub/saga_repo/ros2_thor/src/common_interfaces/std_srvs -DCMAKE_INSTALL_PREFIX=/home/cairlab/Documents/GitHub/saga_repo/install/std_srvs
[0.067s] -- The C compiler identification is GNU 11.4.0
[0.116s] -- The CXX compiler identification is GNU 11.4.0
[0.124s] -- Detecting C compiler ABI info
[0.184s] -- Detecting C compiler ABI info - done
[0.190s] -- Check for working C compiler: /usr/bin/cc - skipped
[0.191s] -- Detecting C compile features
[0.191s] -- Detecting C compile features - done
[0.194s] -- Detecting CXX compiler ABI info
[0.264s] -- Detecting CXX compiler ABI info - done
[0.271s] -- Check for working CXX compiler: /usr/bin/c++ - skipped
[0.271s] -- Detecting CXX compile features
[0.271s] -- Detecting CXX compile features - done
[0.276s] -- Found ament_cmake: 1.3.5 (/opt/ros/humble/share/ament_cmake/cmake)
[0.586s] -- Found Python3: /usr/bin/python3.10 (found version "3.10.12") found components: Interpreter 
[0.670s] -- Found rosidl_default_generators: 1.2.0 (/opt/ros/humble/share/rosidl_default_generators/cmake)
[0.675s] -- Using all available rosidl_typesupport_c: rosidl_typesupport_fastrtps_c;rosidl_typesupport_introspection_c
[0.685s] -- Found rosidl_adapter: 3.1.5 (/opt/ros/humble/share/rosidl_adapter/cmake)
[0.725s] -- Using all available rosidl_typesupport_cpp: rosidl_typesupport_fastrtps_cpp;rosidl_typesupport_introspection_cpp
[0.988s] -- Found ament_cmake_cppcheck: 0.12.7 (/opt/ros/humble/share/ament_cmake_cppcheck/cmake)
[0.990s] -- Found ament_cmake_cpplint: 0.12.7 (/opt/ros/humble/share/ament_cmake_cpplint/cmake)
[0.991s] -- Found ament_cmake_uncrustify: 0.12.7 (/opt/ros/humble/share/ament_cmake_uncrustify/cmake)
[0.994s] -- Found ament_cmake_ros: 0.10.0 (/opt/ros/humble/share/ament_cmake_ros/cmake)
[1.147s] -- Using all available rosidl_typesupport_c: rosidl_typesupport_fastrtps_c;rosidl_typesupport_introspection_c
[1.355s] -- Using all available rosidl_typesupport_cpp: rosidl_typesupport_fastrtps_cpp;rosidl_typesupport_introspection_cpp
[1.376s] -- Found PythonInterp: /usr/bin/python3 (found suitable version "3.10.12", minimum required is "3.6") 
[1.378s] -- Found python_cmake_module: 0.10.0 (/opt/ros/humble/share/python_cmake_module/cmake)
[1.400s] -- Found PythonLibs: /usr/lib/x86_64-linux-gnu/libpython3.10.so (found suitable version "3.10.12", minimum required is "3.5") 
[1.400s] -- Using PYTHON_EXECUTABLE: /usr/bin/python3
[1.400s] -- Using PYTHON_INCLUDE_DIRS: /usr/include/python3.10
[1.400s] -- Using PYTHON_LIBRARIES: /usr/lib/x86_64-linux-gnu/libpython3.10.so
[1.419s] -- Found PythonExtra: .so  
[1.449s] -- Found ament_cmake_flake8: 0.12.7 (/opt/ros/humble/share/ament_cmake_flake8/cmake)
[1.453s] -- Found ament_cmake_pep257: 0.12.7 (/opt/ros/humble/share/ament_cmake_pep257/cmake)
[1.463s] -- Configuring done
[1.505s] -- Generating done
[1.508s] -- Build files have been written to: /home/cairlab/Documents/GitHub/saga_repo/build/std_srvs
[1.516s] Invoked command in '/home/cairlab/Documents/GitHub/saga_repo/build/std_srvs' returned '0': CMAKE_PREFIX_PATH=/opt/ros/humble /usr/bin/cmake /home/cairlab/Documents/GitHub/saga_repo/ros2_thor/src/common_interfaces/std_srvs -DCMAKE_INSTALL_PREFIX=/home/cairlab/Documents/GitHub/saga_repo/install/std_srvs
[1.518s] Invoking command in '/home/cairlab/Documents/GitHub/saga_repo/build/std_srvs': CMAKE_PREFIX_PATH=/opt/ros/humble /usr/bin/cmake --build /home/cairlab/Documents/GitHub/saga_repo/build/std_srvs -- -j12 -l12
[1.553s] [  2%] [34m[1mGenerating C code for ROS interfaces[0m
[1.563s] [  4%] [34m[1mGenerating C++ code for ROS interfaces[0m
[1.569s] [  4%] Built target ament_cmake_python_copy_std_srvs
[1.759s] running egg_info
[1.760s] creating std_srvs.egg-info
[1.777s] writing std_srvs.egg-info/PKG-INFO
[1.777s] writing dependency_links to std_srvs.egg-info/dependency_links.txt
[1.777s] writing top-level names to std_srvs.egg-info/top_level.txt
[1.777s] writing manifest file 'std_srvs.egg-info/SOURCES.txt'
[1.820s] reading manifest file 'std_srvs.egg-info/SOURCES.txt'
[1.820s] writing manifest file 'std_srvs.egg-info/SOURCES.txt'
[1.847s] [  4%] Built target ament_cmake_python_build_std_srvs_egg
[2.042s] [  4%] Built target std_srvs__cpp
[2.059s] [  6%] [34m[1mGenerating C++ type support dispatch for ROS interfaces[0m
[2.060s] [  8%] [34m[1mGenerating C++ introspection for ROS interfaces[0m
[2.062s] [ 10%] [34m[1mGenerating C++ type support for eProsima Fast-RTPS[0m
[2.102s] [ 17%] [32mBuilding C object CMakeFiles/std_srvs__rosidl_generator_c.dir/rosidl_generator_c/std_srvs/srv/detail/empty__functions.c.o[0m
[2.102s] [ 17%] [32mBuilding C object CMakeFiles/std_srvs__rosidl_generator_c.dir/rosidl_generator_c/std_srvs/srv/detail/set_bool__functions.c.o[0m
[2.102s] [ 17%] [32mBuilding C object CMakeFiles/std_srvs__rosidl_generator_c.dir/rosidl_generator_c/std_srvs/srv/detail/trigger__functions.c.o[0m
[2.177s] [ 19%] [32m[1mLinking C shared library libstd_srvs__rosidl_generator_c.so[0m
[2.222s] [ 19%] Built target std_srvs__rosidl_generator_c
[2.234s] [ 21%] [34m[1mGenerating C introspection for ROS interfaces[0m
[2.235s] [ 23%] [34m[1mGenerating C type support dispatch for ROS interfaces[0m
[2.237s] [ 25%] [34m[1mGenerating C type support for eProsima Fast-RTPS[0m
[2.517s] [ 29%] [32mBuilding CXX object CMakeFiles/std_srvs__rosidl_typesupport_introspection_cpp.dir/rosidl_typesupport_introspection_cpp/std_srvs/srv/detail/empty__type_support.cpp.o[0m
[2.517s] [ 29%] [32mBuilding CXX object CMakeFiles/std_srvs__rosidl_typesupport_introspection_cpp.dir/rosidl_typesupport_introspection_cpp/std_srvs/srv/detail/set_bool__type_support.cpp.o[0m
[2.517s] [ 31%] [32mBuilding CXX object CMakeFiles/std_srvs__rosidl_typesupport_introspection_cpp.dir/rosidl_typesupport_introspection_cpp/std_srvs/srv/detail/trigger__type_support.cpp.o[0m
[2.575s] [ 36%] [32mBuilding CXX object CMakeFiles/std_srvs__rosidl_typesupport_cpp.dir/rosidl_typesupport_cpp/std_srvs/srv/trigger__type_support.cpp.o[0m
[2.575s] [ 36%] [32mBuilding CXX object CMakeFiles/std_srvs__rosidl_typesupport_cpp.dir/rosidl_typesupport_cpp/std_srvs/srv/set_bool__type_support.cpp.o[0m
[2.599s] [ 38%] [32mBuilding CXX object CMakeFiles/std_srvs__rosidl_typesupport_cpp.dir/rosidl_typesupport_cpp/std_srvs/srv/empty__type_support.cpp.o[0m
[2.712s] [ 42%] [32mBuilding CXX object CMakeFiles/std_srvs__rosidl_typesupport_c.dir/rosidl_typesupport_c/std_srvs/srv/empty__type_support.cpp.o[0m
[2.713s] [ 42%] [32mBuilding CXX object CMakeFiles/std_srvs__rosidl_typesupport_c.dir/rosidl_typesupport_c/std_srvs/srv/set_bool__type_support.cpp.o[0m
[2.718s] [ 44%] [32mBuilding CXX object CMakeFiles/std_srvs__rosidl_typesupport_c.dir/rosidl_typesupport_c/std_srvs/srv/trigger__type_support.cpp.o[0m
[2.799s] [ 46%] [32m[1mLinking CXX shared library libstd_srvs__rosidl_typesupport_c.so[0m
[2.866s] [ 48%] [32mBuilding CXX object CMakeFiles/std_srvs__rosidl_typesupport_fastrtps_cpp.dir/rosidl_typesupport_fastrtps_cpp/std_srvs/srv/detail/dds_fastrtps/empty__type_support.cpp.o[0m
[2.892s] [ 51%] [32mBuilding CXX object CMakeFiles/std_srvs__rosidl_typesupport_fastrtps_cpp.dir/rosidl_typesupport_fastrtps_cpp/std_srvs/srv/detail/dds_fastrtps/set_bool__type_support.cpp.o[0m
[2.913s] [ 53%] [32mBuilding CXX object CMakeFiles/std_srvs__rosidl_typesupport_fastrtps_cpp.dir/rosidl_typesupport_fastrtps_cpp/std_srvs/srv/detail/dds_fastrtps/trigger__type_support.cpp.o[0m
[2.930s] [ 55%] [32mBuilding C object CMakeFiles/std_srvs__rosidl_typesupport_introspection_c.dir/rosidl_typesupport_introspection_c/std_srvs/srv/detail/empty__type_support.c.o[0m
[2.948s] [ 55%] Built target std_srvs__rosidl_typesupport_c
[2.987s] [ 57%] [32mBuilding C object CMakeFiles/std_srvs__rosidl_typesupport_introspection_c.dir/rosidl_typesupport_introspection_c/std_srvs/srv/detail/set_bool__type_support.c.o[0m
[2.996s] [ 59%] [32mBuilding C object CMakeFiles/std_srvs__rosidl_typesupport_introspection_c.dir/rosidl_typesupport_introspection_c/std_srvs/srv/detail/trigger__type_support.c.o[0m
[3.016s] [ 61%] [32mBuilding CXX object CMakeFiles/std_srvs__rosidl_typesupport_fastrtps_c.dir/rosidl_typesupport_fastrtps_c/std_srvs/srv/detail/empty__type_support_c.cpp.o[0m
[3.033s] [ 63%] [32mBuilding CXX object CMakeFiles/std_srvs__rosidl_typesupport_fastrtps_c.dir/rosidl_typesupport_fastrtps_c/std_srvs/srv/detail/set_bool__type_support_c.cpp.o[0m
[3.046s] [ 65%] [32mBuilding CXX object CMakeFiles/std_srvs__rosidl_typesupport_fastrtps_c.dir/rosidl_typesupport_fastrtps_c/std_srvs/srv/detail/trigger__type_support_c.cpp.o[0m
[3.087s] [ 68%] [32m[1mLinking CXX shared library libstd_srvs__rosidl_typesupport_cpp.so[0m
[3.104s] [ 70%] [32m[1mLinking C shared library libstd_srvs__rosidl_typesupport_introspection_c.so[0m
[3.113s] [ 72%] [32m[1mLinking CXX shared library libstd_srvs__rosidl_typesupport_introspection_cpp.so[0m
[3.154s] [ 72%] Built target std_srvs__rosidl_typesupport_introspection_c
[3.173s] [ 72%] Built target std_srvs__rosidl_typesupport_cpp
[3.227s] [ 72%] Built target std_srvs__rosidl_typesupport_introspection_cpp
[3.519s] [ 74%] [32m[1mLinking CXX shared library libstd_srvs__rosidl_typesupport_fastrtps_c.so[0m
[3.523s] [ 76%] [32m[1mLinking CXX shared library libstd_srvs__rosidl_typesupport_fastrtps_cpp.so[0m
[3.606s] [ 76%] Built target std_srvs__rosidl_typesupport_fastrtps_cpp
[3.606s] [ 76%] Built target std_srvs__rosidl_typesupport_fastrtps_c
[3.622s] [ 76%] Built target std_srvs
[3.641s] [ 78%] [34m[1mGenerating Python code for ROS interfaces[0m
[4.245s] [ 78%] Built target std_srvs__py
[4.263s] [ 85%] [32mBuilding C object CMakeFiles/std_srvs__rosidl_generator_py.dir/rosidl_generator_py/std_srvs/srv/_set_bool_s.c.o[0m
[4.264s] [ 85%] [32mBuilding C object CMakeFiles/std_srvs__rosidl_generator_py.dir/rosidl_generator_py/std_srvs/srv/_empty_s.c.o[0m
[4.264s] [ 85%] [32mBuilding C object CMakeFiles/std_srvs__rosidl_generator_py.dir/rosidl_generator_py/std_srvs/srv/_trigger_s.c.o[0m
[4.394s] [ 87%] [32m[1mLinking C shared library rosidl_generator_py/std_srvs/libstd_srvs__rosidl_generator_py.so[0m
[4.448s] [ 87%] Built target std_srvs__rosidl_generator_py
[4.468s] [ 89%] [32mBuilding C object CMakeFiles/std_srvs__rosidl_typesupport_c__pyext.dir/rosidl_generator_py/std_srvs/_std_srvs_s.ep.rosidl_typesupport_c.c.o[0m
[4.468s] [ 91%] [32mBuilding C object CMakeFiles/std_srvs__rosidl_typesupport_introspection_c__pyext.dir/rosidl_generator_py/std_srvs/_std_srvs_s.ep.rosidl_typesupport_introspection_c.c.o[0m
[4.471s] [ 93%] [32mBuilding C object CMakeFiles/std_srvs__rosidl_typesupport_fastrtps_c__pyext.dir/rosidl_generator_py/std_srvs/_std_srvs_s.ep.rosidl_typesupport_fastrtps_c.c.o[0m
[4.579s] [ 95%] [32m[1mLinking C shared library rosidl_generator_py/std_srvs/std_srvs_s__rosidl_typesupport_c.cpython-310-x86_64-linux-gnu.so[0m
[4.634s] [ 95%] Built target std_srvs__rosidl_typesupport_c__pyext
[4.649s] [ 97%] [32m[1mLinking C shared library rosidl_generator_py/std_srvs/std_srvs_s__rosidl_typesupport_fastrtps_c.cpython-310-x86_64-linux-gnu.so[0m
[4.654s] [100%] [32m[1mLinking C shared library rosidl_generator_py/std_srvs/std_srvs_s__rosidl_typesupport_introspection_c.cpython-310-x86_64-linux-gnu.so[0m
[4.690s] [100%] Built target std_srvs__rosidl_typesupport_fastrtps_c__pyext
[4.698s] [100%] Built target std_srvs__rosidl_typesupport_introspection_c__pyext
[4.722s] Invoked command in '/home/cairlab/Documents/GitHub/saga_repo/build/std_srvs' returned '0': CMAKE_PREFIX_PATH=/opt/ros/humble /usr/bin/cmake --build /home/cairlab/Documents/GitHub/saga_repo/build/std_srvs -- -j12 -l12
[4.872s] Invoking command in '/home/cairlab/Documents/GitHub/saga_repo/build/std_srvs': CMAKE_PREFIX_PATH=/opt/ros/humble /usr/bin/cmake --install /home/cairlab/Documents/GitHub/saga_repo/build/std_srvs
[4.885s] -- Install configuration: ""
[4.885s] -- Installing: /home/cairlab/Documents/GitHub/saga_repo/install/std_srvs/share/ament_index/resource_index/rosidl_interfaces/std_srvs
[4.887s] -- Installing: /home/cairlab/Documents/GitHub/saga_repo/install/std_srvs/include/std_srvs/std_srvs
[4.888s] -- Installing: /home/cairlab/Documents/GitHub/saga_repo/install/std_srvs/include/std_srvs/std_srvs/srv
[4.888s] -- Installing: /home/cairlab/Documents/GitHub/saga_repo/install/std_srvs/include/std_srvs/std_srvs/srv/empty.h
[4.889s] -- Installing: /home/cairlab/Documents/GitHub/saga_repo/install/std_srvs/include/std_srvs/std_srvs/srv/trigger.h
[4.891s] -- Installing: /home/cairlab/Documents/GitHub/saga_repo/install/std_srvs/include/std_srvs/std_srvs/srv/set_bool.h
[4.892s] -- Installing: /home/cairlab/Documents/GitHub/saga_repo/install/std_srvs/include/std_srvs/std_srvs/srv/detail
[4.893s] -- Installing: /home/cairlab/Documents/GitHub/saga_repo/install/std_srvs/include/std_srvs/std_srvs/srv/detail/empty__type_support.h
[4.895s] -- Installing: /home/cairlab/Documents/GitHub/saga_repo/install/std_srvs/include/std_srvs/std_srvs/srv/detail/trigger__type_support.h
[4.896s] -- Installing: /home/cairlab/Documents/GitHub/saga_repo/install/std_srvs/include/std_srvs/std_srvs/srv/detail/trigger__struct.h
[4.897s] -- Installing: /home/cairlab/Documents/GitHub/saga_repo/install/std_srvs/include/std_srvs/std_srvs/srv/detail/trigger__functions.h
[4.899s] -- Installing: /home/cairlab/Documents/GitHub/saga_repo/install/std_srvs/include/std_srvs/std_srvs/srv/detail/set_bool__type_support.h
[4.899s] -- Installing: /home/cairlab/Documents/GitHub/saga_repo/install/std_srvs/include/std_srvs/std_srvs/srv/detail/empty__functions.c
[4.899s] -- Installing: /home/cairlab/Documents/GitHub/saga_repo/install/std_srvs/include/std_srvs/std_srvs/srv/detail/empty__functions.h
[4.899s] -- Installing: /home/cairlab/Documents/GitHub/saga_repo/install/std_srvs/include/std_srvs/std_srvs/srv/detail/set_bool__functions.h
[4.899s] -- Installing: /home/cairlab/Documents/GitHub/saga_repo/install/std_srvs/include/std_srvs/std_srvs/srv/detail/trigger__functions.c
[4.899s] -- Installing: /home/cairlab/Documents/GitHub/saga_repo/install/std_srvs/include/std_srvs/std_srvs/srv/detail/set_bool__functions.c
[4.900s] -- Installing: /home/cairlab/Documents/GitHub/saga_repo/install/std_srvs/include/std_srvs/std_srvs/srv/detail/set_bool__struct.h
[4.900s] -- Installing: /home/cairlab/Documents/GitHub/saga_repo/install/std_srvs/include/std_srvs/std_srvs/srv/detail/empty__struct.h
[4.907s] -- Installing: /home/cairlab/Documents/GitHub/saga_repo/install/std_srvs/include/std_srvs/std_srvs/msg
[4.907s] -- Installing: /home/cairlab/Documents/GitHub/saga_repo/install/std_srvs/include/std_srvs/std_srvs/msg/rosidl_generator_c__visibility_control.h
[4.907s] -- Installing: /home/cairlab/Documents/GitHub/saga_repo/install/std_srvs/share/std_srvs/environment/library_path.sh
[4.907s] -- Installing: /home/cairlab/Documents/GitHub/saga_repo/install/std_srvs/share/std_srvs/environment/library_path.dsv
[4.907s] -- Installing: /home/cairlab/Documents/GitHub/saga_repo/install/std_srvs/lib/libstd_srvs__rosidl_generator_c.so
[4.908s] -- Set runtime path of "/home/cairlab/Documents/GitHub/saga_repo/install/std_srvs/lib/libstd_srvs__rosidl_generator_c.so" to ""
[4.908s] -- Up-to-date: /home/cairlab/Documents/GitHub/saga_repo/install/std_srvs/include/std_srvs/std_srvs
[4.908s] -- Up-to-date: /home/cairlab/Documents/GitHub/saga_repo/install/std_srvs/include/std_srvs/std_srvs/srv
[4.908s] -- Up-to-date: /home/cairlab/Documents/GitHub/saga_repo/install/std_srvs/include/std_srvs/std_srvs/srv/detail
[4.908s] -- Installing: /home/cairlab/Documents/GitHub/saga_repo/install/std_srvs/include/std_srvs/std_srvs/srv/detail/empty__rosidl_typesupport_fastrtps_c.h
[4.908s] -- Installing: /home/cairlab/Documents/GitHub/saga_repo/install/std_srvs/include/std_srvs/std_srvs/srv/detail/set_bool__rosidl_typesupport_fastrtps_c.h
[4.909s] -- Installing: /home/cairlab/Documents/GitHub/saga_repo/install/std_srvs/include/std_srvs/std_srvs/srv/detail/trigger__rosidl_typesupport_fastrtps_c.h
[4.909s] -- Up-to-date: /home/cairlab/Documents/GitHub/saga_repo/install/std_srvs/include/std_srvs/std_srvs/msg
[4.909s] -- Installing: /home/cairlab/Documents/GitHub/saga_repo/install/std_srvs/include/std_srvs/std_srvs/msg/rosidl_typesupport_fastrtps_c__visibility_control.h
[4.909s] -- Installing: /home/cairlab/Documents/GitHub/saga_repo/install/std_srvs/lib/libstd_srvs__rosidl_typesupport_fastrtps_c.so
[4.913s] -- Set runtime path of "/home/cairlab/Documents/GitHub/saga_repo/install/std_srvs/lib/libstd_srvs__rosidl_typesupport_fastrtps_c.so" to ""
[4.913s] -- Up-to-date: /home/cairlab/Documents/GitHub/saga_repo/install/std_srvs/include/std_srvs/std_srvs
[4.913s] -- Up-to-date: /home/cairlab/Documents/GitHub/saga_repo/install/std_srvs/include/std_srvs/std_srvs/srv
[4.913s] -- Up-to-date: /home/cairlab/Documents/GitHub/saga_repo/install/std_srvs/include/std_srvs/std_srvs/srv/detail
[4.914s] -- Installing: /home/cairlab/Documents/GitHub/saga_repo/install/std_srvs/include/std_srvs/std_srvs/srv/detail/empty__rosidl_typesupport_introspection_c.h
[4.916s] -- Installing: /home/cairlab/Documents/GitHub/saga_repo/install/std_srvs/include/std_srvs/std_srvs/srv/detail/trigger__type_support.c
[4.918s] -- Installing: /home/cairlab/Documents/GitHub/saga_repo/install/std_srvs/include/std_srvs/std_srvs/srv/detail/trigger__rosidl_typesupport_introspection_c.h
[4.919s] -- Installing: /home/cairlab/Documents/GitHub/saga_repo/install/std_srvs/include/std_srvs/std_srvs/srv/detail/empty__type_support.c
[4.921s] -- Installing: /home/cairlab/Documents/GitHub/saga_repo/install/std_srvs/include/std_srvs/std_srvs/srv/detail/set_bool__type_support.c
[4.923s] -- Installing: /home/cairlab/Documents/GitHub/saga_repo/install/std_srvs/include/std_srvs/std_srvs/srv/detail/set_bool__rosidl_typesupport_introspection_c.h
[4.925s] -- Up-to-date: /home/cairlab/Documents/GitHub/saga_repo/install/std_srvs/include/std_srvs/std_srvs/msg
[4.925s] -- Installing: /home/cairlab/Documents/GitHub/saga_repo/install/std_srvs/include/std_srvs/std_srvs/msg/rosidl_typesupport_introspection_c__visibility_control.h
[4.927s] -- Installing: /home/cairlab/Documents/GitHub/saga_repo/install/std_srvs/lib/libstd_srvs__rosidl_typesupport_introspection_c.so
[4.930s] -- Set runtime path of "/home/cairlab/Documents/GitHub/saga_repo/install/std_srvs/lib/libstd_srvs__rosidl_typesupport_introspection_c.so" to ""
[4.930s] -- Installing: /home/cairlab/Documents/GitHub/saga_repo/install/std_srvs/lib/libstd_srvs__rosidl_typesupport_c.so
[4.934s] -- Set runtime path of "/home/cairlab/Documents/GitHub/saga_repo/install/std_srvs/lib/libstd_srvs__rosidl_typesupport_c.so" to ""
[4.934s] -- Up-to-date: /home/cairlab/Documents/GitHub/saga_repo/install/std_srvs/include/std_srvs/std_srvs
[4.934s] -- Up-to-date: /home/cairlab/Documents/GitHub/saga_repo/install/std_srvs/include/std_srvs/std_srvs/srv
[4.934s] -- Installing: /home/cairlab/Documents/GitHub/saga_repo/install/std_srvs/include/std_srvs/std_srvs/srv/set_bool.hpp
[4.935s] -- Installing: /home/cairlab/Documents/GitHub/saga_repo/install/std_srvs/include/std_srvs/std_srvs/srv/empty.hpp
[4.936s] -- Installing: /home/cairlab/Documents/GitHub/saga_repo/install/std_srvs/include/std_srvs/std_srvs/srv/trigger.hpp
[4.938s] -- Up-to-date: /home/cairlab/Documents/GitHub/saga_repo/install/std_srvs/include/std_srvs/std_srvs/srv/detail
[4.938s] -- Installing: /home/cairlab/Documents/GitHub/saga_repo/install/std_srvs/include/std_srvs/std_srvs/srv/detail/trigger__builder.hpp
[4.939s] -- Installing: /home/cairlab/Documents/GitHub/saga_repo/install/std_srvs/include/std_srvs/std_srvs/srv/detail/empty__struct.hpp
[4.941s] -- Installing: /home/cairlab/Documents/GitHub/saga_repo/install/std_srvs/include/std_srvs/std_srvs/srv/detail/set_bool__builder.hpp
[4.942s] -- Installing: /home/cairlab/Documents/GitHub/saga_repo/install/std_srvs/include/std_srvs/std_srvs/srv/detail/empty__traits.hpp
[4.944s] -- Installing: /home/cairlab/Documents/GitHub/saga_repo/install/std_srvs/include/std_srvs/std_srvs/srv/detail/empty__builder.hpp
[4.945s] -- Installing: /home/cairlab/Documents/GitHub/saga_repo/install/std_srvs/include/std_srvs/std_srvs/srv/detail/set_bool__struct.hpp
[4.948s] -- Installing: /home/cairlab/Documents/GitHub/saga_repo/install/std_srvs/include/std_srvs/std_srvs/srv/detail/trigger__struct.hpp
[4.949s] -- Installing: /home/cairlab/Documents/GitHub/saga_repo/install/std_srvs/include/std_srvs/std_srvs/srv/detail/set_bool__traits.hpp
[4.950s] -- Installing: /home/cairlab/Documents/GitHub/saga_repo/install/std_srvs/include/std_srvs/std_srvs/srv/detail/trigger__traits.hpp
[4.950s] -- Up-to-date: /home/cairlab/Documents/GitHub/saga_repo/install/std_srvs/include/std_srvs/std_srvs
[4.950s] -- Up-to-date: /home/cairlab/Documents/GitHub/saga_repo/install/std_srvs/include/std_srvs/std_srvs/srv
[4.950s] -- Up-to-date: /home/cairlab/Documents/GitHub/saga_repo/install/std_srvs/include/std_srvs/std_srvs/srv/detail
[4.950s] -- Installing: /home/cairlab/Documents/GitHub/saga_repo/install/std_srvs/include/std_srvs/std_srvs/srv/detail/empty__rosidl_typesupport_fastrtps_cpp.hpp
[4.950s] -- Installing: /home/cairlab/Documents/GitHub/saga_repo/install/std_srvs/include/std_srvs/std_srvs/srv/detail/set_bool__rosidl_typesupport_fastrtps_cpp.hpp
[4.950s] -- Installing: /home/cairlab/Documents/GitHub/saga_repo/install/std_srvs/include/std_srvs/std_srvs/srv/detail/trigger__rosidl_typesupport_fastrtps_cpp.hpp
[4.951s] -- Installing: /home/cairlab/Documents/GitHub/saga_repo/install/std_srvs/include/std_srvs/std_srvs/srv/detail/dds_fastrtps
[4.951s] -- Up-to-date: /home/cairlab/Documents/GitHub/saga_repo/install/std_srvs/include/std_srvs/std_srvs/msg
[4.951s] -- Installing: /home/cairlab/Documents/GitHub/saga_repo/install/std_srvs/include/std_srvs/std_srvs/msg/rosidl_typesupport_fastrtps_cpp__visibility_control.h
[4.951s] -- Installing: /home/cairlab/Documents/GitHub/saga_repo/install/std_srvs/lib/libstd_srvs__rosidl_typesupport_fastrtps_cpp.so
[4.952s] -- Set runtime path of "/home/cairlab/Documents/GitHub/saga_repo/install/std_srvs/lib/libstd_srvs__rosidl_typesupport_fastrtps_cpp.so" to ""
[4.952s] -- Up-to-date: /home/cairlab/Documents/GitHub/saga_repo/install/std_srvs/include/std_srvs/std_srvs
[4.952s] -- Up-to-date: /home/cairlab/Documents/GitHub/saga_repo/install/std_srvs/include/std_srvs/std_srvs/srv
[4.952s] -- Up-to-date: /home/cairlab/Documents/GitHub/saga_repo/install/std_srvs/include/std_srvs/std_srvs/srv/detail
[4.952s] -- Installing: /home/cairlab/Documents/GitHub/saga_repo/install/std_srvs/include/std_srvs/std_srvs/srv/detail/set_bool__rosidl_typesupport_introspection_cpp.hpp
[4.952s] -- Installing: /home/cairlab/Documents/GitHub/saga_repo/install/std_srvs/include/std_srvs/std_srvs/srv/detail/set_bool__type_support.cpp
[4.952s] -- Installing: /home/cairlab/Documents/GitHub/saga_repo/install/std_srvs/include/std_srvs/std_srvs/srv/detail/empty__type_support.cpp
[4.957s] -- Installing: /home/cairlab/Documents/GitHub/saga_repo/install/std_srvs/include/std_srvs/std_srvs/srv/detail/trigger__rosidl_typesupport_introspection_cpp.hpp
[4.957s] -- Installing: /home/cairlab/Documents/GitHub/saga_repo/install/std_srvs/include/std_srvs/std_srvs/srv/detail/trigger__type_support.cpp
[4.957s] -- Installing: /home/cairlab/Documents/GitHub/saga_repo/install/std_srvs/include/std_srvs/std_srvs/srv/detail/empty__rosidl_typesupport_introspection_cpp.hpp
[4.957s] -- Installing: /home/cairlab/Documents/GitHub/saga_repo/install/std_srvs/lib/libstd_srvs__rosidl_typesupport_introspection_cpp.so
[4.957s] -- Set runtime path of "/home/cairlab/Documents/GitHub/saga_repo/install/std_srvs/lib/libstd_srvs__rosidl_typesupport_introspection_cpp.so" to ""
[4.957s] -- Installing: /home/cairlab/Documents/GitHub/saga_repo/install/std_srvs/lib/libstd_srvs__rosidl_typesupport_cpp.so
[4.957s] -- Set runtime path of "/home/cairlab/Documents/GitHub/saga_repo/install/std_srvs/lib/libstd_srvs__rosidl_typesupport_cpp.so" to ""
[4.958s] -- Installing: /home/cairlab/Documents/GitHub/saga_repo/install/std_srvs/share/std_srvs/environment/pythonpath.sh
[4.958s] -- Installing: /home/cairlab/Documents/GitHub/saga_repo/install/std_srvs/share/std_srvs/environment/pythonpath.dsv
[4.958s] -- Installing: /home/cairlab/Documents/GitHub/saga_repo/install/std_srvs/local/lib/python3.10/dist-packages/std_srvs-5.2.0-py3.10.egg-info
[4.958s] -- Installing: /home/cairlab/Documents/GitHub/saga_repo/install/std_srvs/local/lib/python3.10/dist-packages/std_srvs-5.2.0-py3.10.egg-info/dependency_links.txt
[4.958s] -- Installing: /home/cairlab/Documents/GitHub/saga_repo/install/std_srvs/local/lib/python3.10/dist-packages/std_srvs-5.2.0-py3.10.egg-info/PKG-INFO
[4.958s] -- Installing: /home/cairlab/Documents/GitHub/saga_repo/install/std_srvs/local/lib/python3.10/dist-packages/std_srvs-5.2.0-py3.10.egg-info/SOURCES.txt
[4.958s] -- Installing: /home/cairlab/Documents/GitHub/saga_repo/install/std_srvs/local/lib/python3.10/dist-packages/std_srvs-5.2.0-py3.10.egg-info/top_level.txt
[4.958s] -- Installing: /home/cairlab/Documents/GitHub/saga_repo/install/std_srvs/local/lib/python3.10/dist-packages/std_srvs
[4.958s] -- Installing: /home/cairlab/Documents/GitHub/saga_repo/install/std_srvs/local/lib/python3.10/dist-packages/std_srvs/_std_srvs_s.ep.rosidl_typesupport_fastrtps_c.c
[4.958s] -- Installing: /home/cairlab/Documents/GitHub/saga_repo/install/std_srvs/local/lib/python3.10/dist-packages/std_srvs/srv
[4.959s] -- Installing: /home/cairlab/Documents/GitHub/saga_repo/install/std_srvs/local/lib/python3.10/dist-packages/std_srvs/srv/_set_bool_s.c
[4.959s] -- Installing: /home/cairlab/Documents/GitHub/saga_repo/install/std_srvs/local/lib/python3.10/dist-packages/std_srvs/srv/_set_bool.py
[4.959s] -- Installing: /home/cairlab/Documents/GitHub/saga_repo/install/std_srvs/local/lib/python3.10/dist-packages/std_srvs/srv/_empty_s.c
[4.959s] -- Installing: /home/cairlab/Documents/GitHub/saga_repo/install/std_srvs/local/lib/python3.10/dist-packages/std_srvs/srv/_trigger.py
[4.959s] -- Installing: /home/cairlab/Documents/GitHub/saga_repo/install/std_srvs/local/lib/python3.10/dist-packages/std_srvs/srv/__init__.py
[4.959s] -- Installing: /home/cairlab/Documents/GitHub/saga_repo/install/std_srvs/local/lib/python3.10/dist-packages/std_srvs/srv/_empty.py
[4.959s] -- Installing: /home/cairlab/Documents/GitHub/saga_repo/install/std_srvs/local/lib/python3.10/dist-packages/std_srvs/srv/_trigger_s.c
[4.959s] -- Installing: /home/cairlab/Documents/GitHub/saga_repo/install/std_srvs/local/lib/python3.10/dist-packages/std_srvs/std_srvs_s__rosidl_typesupport_c.cpython-310-x86_64-linux-gnu.so
[4.959s] -- Installing: /home/cairlab/Documents/GitHub/saga_repo/install/std_srvs/local/lib/python3.10/dist-packages/std_srvs/__init__.py
[4.960s] -- Installing: /home/cairlab/Documents/GitHub/saga_repo/install/std_srvs/local/lib/python3.10/dist-packages/std_srvs/std_srvs_s__rosidl_typesupport_introspection_c.cpython-310-x86_64-linux-gnu.so
[4.960s] -- Installing: /home/cairlab/Documents/GitHub/saga_repo/install/std_srvs/local/lib/python3.10/dist-packages/std_srvs/libstd_srvs__rosidl_generator_py.so
[4.960s] -- Installing: /home/cairlab/Documents/GitHub/saga_repo/install/std_srvs/local/lib/python3.10/dist-packages/std_srvs/std_srvs_s__rosidl_typesupport_fastrtps_c.cpython-310-x86_64-linux-gnu.so
[4.960s] -- Installing: /home/cairlab/Documents/GitHub/saga_repo/install/std_srvs/local/lib/python3.10/dist-packages/std_srvs/_std_srvs_s.ep.rosidl_typesupport_introspection_c.c
[4.960s] -- Installing: /home/cairlab/Documents/GitHub/saga_repo/install/std_srvs/local/lib/python3.10/dist-packages/std_srvs/_std_srvs_s.ep.rosidl_typesupport_c.c
[5.014s] Listing '/home/cairlab/Documents/GitHub/saga_repo/install/std_srvs/local/lib/python3.10/dist-packages/std_srvs'...
[5.014s] Compiling '/home/cairlab/Documents/GitHub/saga_repo/install/std_srvs/local/lib/python3.10/dist-packages/std_srvs/__init__.py'...
[5.014s] Listing '/home/cairlab/Documents/GitHub/saga_repo/install/std_srvs/local/lib/python3.10/dist-packages/std_srvs/srv'...
[5.014s] Compiling '/home/cairlab/Documents/GitHub/saga_repo/install/std_srvs/local/lib/python3.10/dist-packages/std_srvs/srv/__init__.py'...
[5.014s] Compiling '/home/cairlab/Documents/GitHub/saga_repo/install/std_srvs/local/lib/python3.10/dist-packages/std_srvs/srv/_empty.py'...
[5.014s] Compiling '/home/cairlab/Documents/GitHub/saga_repo/install/std_srvs/local/lib/python3.10/dist-packages/std_srvs/srv/_set_bool.py'...
[5.014s] Compiling '/home/cairlab/Documents/GitHub/saga_repo/install/std_srvs/local/lib/python3.10/dist-packages/std_srvs/srv/_trigger.py'...
[5.024s] -- Installing: /home/cairlab/Documents/GitHub/saga_repo/install/std_srvs/local/lib/python3.10/dist-packages/std_srvs/std_srvs_s__rosidl_typesupport_fastrtps_c.cpython-310-x86_64-linux-gnu.so
[5.025s] -- Set runtime path of "/home/cairlab/Documents/GitHub/saga_repo/install/std_srvs/local/lib/python3.10/dist-packages/std_srvs/std_srvs_s__rosidl_typesupport_fastrtps_c.cpython-310-x86_64-linux-gnu.so" to ""
[5.025s] -- Installing: /home/cairlab/Documents/GitHub/saga_repo/install/std_srvs/local/lib/python3.10/dist-packages/std_srvs/std_srvs_s__rosidl_typesupport_introspection_c.cpython-310-x86_64-linux-gnu.so
[5.026s] -- Set runtime path of "/home/cairlab/Documents/GitHub/saga_repo/install/std_srvs/local/lib/python3.10/dist-packages/std_srvs/std_srvs_s__rosidl_typesupport_introspection_c.cpython-310-x86_64-linux-gnu.so" to ""
[5.027s] -- Installing: /home/cairlab/Documents/GitHub/saga_repo/install/std_srvs/local/lib/python3.10/dist-packages/std_srvs/std_srvs_s__rosidl_typesupport_c.cpython-310-x86_64-linux-gnu.so
[5.027s] -- Set runtime path of "/home/cairlab/Documents/GitHub/saga_repo/install/std_srvs/local/lib/python3.10/dist-packages/std_srvs/std_srvs_s__rosidl_typesupport_c.cpython-310-x86_64-linux-gnu.so" to ""
[5.028s] -- Installing: /home/cairlab/Documents/GitHub/saga_repo/install/std_srvs/lib/libstd_srvs__rosidl_generator_py.so
[5.030s] -- Set runtime path of "/home/cairlab/Documents/GitHub/saga_repo/install/std_srvs/lib/libstd_srvs__rosidl_generator_py.so" to ""
[5.031s] -- Installing: /home/cairlab/Documents/GitHub/saga_repo/install/std_srvs/share/std_srvs/srv/Empty.idl
[5.032s] -- Installing: /home/cairlab/Documents/GitHub/saga_repo/install/std_srvs/share/std_srvs/srv/SetBool.idl
[5.034s] -- Installing: /home/cairlab/Documents/GitHub/saga_repo/install/std_srvs/share/std_srvs/srv/Trigger.idl
[5.036s] -- Installing: /home/cairlab/Documents/GitHub/saga_repo/install/std_srvs/share/std_srvs/srv/Empty.srv
[5.037s] -- Installing: /home/cairlab/Documents/GitHub/saga_repo/install/std_srvs/share/std_srvs/srv/Empty_Request.msg
[5.047s] -- Installing: /home/cairlab/Documents/GitHub/saga_repo/install/std_srvs/share/std_srvs/srv/Empty_Response.msg
[5.047s] -- Installing: /home/cairlab/Documents/GitHub/saga_repo/install/std_srvs/share/std_srvs/srv/SetBool.srv
[5.047s] -- Installing: /home/cairlab/Documents/GitHub/saga_repo/install/std_srvs/share/std_srvs/srv/SetBool_Request.msg
[5.047s] -- Installing: /home/cairlab/Documents/GitHub/saga_repo/install/std_srvs/share/std_srvs/srv/SetBool_Response.msg
[5.048s] -- Installing: /home/cairlab/Documents/GitHub/saga_repo/install/std_srvs/share/std_srvs/srv/Trigger.srv
[5.048s] -- Installing: /home/cairlab/Documents/GitHub/saga_repo/install/std_srvs/share/std_srvs/srv/Trigger_Request.msg
[5.048s] -- Installing: /home/cairlab/Documents/GitHub/saga_repo/install/std_srvs/share/std_srvs/srv/Trigger_Response.msg
[5.048s] -- Installing: /home/cairlab/Documents/GitHub/saga_repo/install/std_srvs/share/ament_index/resource_index/package_run_dependencies/std_srvs
[5.048s] -- Installing: /home/cairlab/Documents/GitHub/saga_repo/install/std_srvs/share/ament_index/resource_index/parent_prefix_path/std_srvs
[5.048s] -- Installing: /home/cairlab/Documents/GitHub/saga_repo/install/std_srvs/share/std_srvs/environment/ament_prefix_path.sh
[5.048s] -- Installing: /home/cairlab/Documents/GitHub/saga_repo/install/std_srvs/share/std_srvs/environment/ament_prefix_path.dsv
[5.048s] -- Installing: /home/cairlab/Documents/GitHub/saga_repo/install/std_srvs/share/std_srvs/environment/path.sh
[5.048s] -- Installing: /home/cairlab/Documents/GitHub/saga_repo/install/std_srvs/share/std_srvs/environment/path.dsv
[5.048s] -- Installing: /home/cairlab/Documents/GitHub/saga_repo/install/std_srvs/share/std_srvs/local_setup.bash
[5.049s] -- Installing: /home/cairlab/Documents/GitHub/saga_repo/install/std_srvs/share/std_srvs/local_setup.sh
[5.049s] -- Installing: /home/cairlab/Documents/GitHub/saga_repo/install/std_srvs/share/std_srvs/local_setup.zsh
[5.049s] -- Installing: /home/cairlab/Documents/GitHub/saga_repo/install/std_srvs/share/std_srvs/local_setup.dsv
[5.049s] -- Installing: /home/cairlab/Documents/GitHub/saga_repo/install/std_srvs/share/std_srvs/package.dsv
[5.049s] -- Installing: /home/cairlab/Documents/GitHub/saga_repo/install/std_srvs/share/ament_index/resource_index/packages/std_srvs
[5.049s] -- Installing: /home/cairlab/Documents/GitHub/saga_repo/install/std_srvs/share/std_srvs/cmake/export_std_srvs__rosidl_generator_cExport.cmake
[5.049s] -- Installing: /home/cairlab/Documents/GitHub/saga_repo/install/std_srvs/share/std_srvs/cmake/export_std_srvs__rosidl_generator_cExport-noconfig.cmake
[5.049s] -- Installing: /home/cairlab/Documents/GitHub/saga_repo/install/std_srvs/share/std_srvs/cmake/export_std_srvs__rosidl_typesupport_fastrtps_cExport.cmake
[5.049s] -- Installing: /home/cairlab/Documents/GitHub/saga_repo/install/std_srvs/share/std_srvs/cmake/export_std_srvs__rosidl_typesupport_fastrtps_cExport-noconfig.cmake
[5.050s] -- Installing: /home/cairlab/Documents/GitHub/saga_repo/install/std_srvs/share/std_srvs/cmake/std_srvs__rosidl_typesupport_introspection_cExport.cmake
[5.050s] -- Installing: /home/cairlab/Documents/GitHub/saga_repo/install/std_srvs/share/std_srvs/cmake/std_srvs__rosidl_typesupport_introspection_cExport-noconfig.cmake
[5.050s] -- Installing: /home/cairlab/Documents/GitHub/saga_repo/install/std_srvs/share/std_srvs/cmake/std_srvs__rosidl_typesupport_cExport.cmake
[5.050s] -- Installing: /home/cairlab/Documents/GitHub/saga_repo/install/std_srvs/share/std_srvs/cmake/std_srvs__rosidl_typesupport_cExport-noconfig.cmake
[5.050s] -- Installing: /home/cairlab/Documents/GitHub/saga_repo/install/std_srvs/share/std_srvs/cmake/export_std_srvs__rosidl_generator_cppExport.cmake
[5.050s] -- Installing: /home/cairlab/Documents/GitHub/saga_repo/install/std_srvs/share/std_srvs/cmake/export_std_srvs__rosidl_typesupport_fastrtps_cppExport.cmake
[5.050s] -- Installing: /home/cairlab/Documents/GitHub/saga_repo/install/std_srvs/share/std_srvs/cmake/export_std_srvs__rosidl_typesupport_fastrtps_cppExport-noconfig.cmake
[5.063s] -- Installing: /home/cairlab/Documents/GitHub/saga_repo/install/std_srvs/share/std_srvs/cmake/std_srvs__rosidl_typesupport_introspection_cppExport.cmake
[5.066s] -- Installing: /home/cairlab/Documents/GitHub/saga_repo/install/std_srvs/share/std_srvs/cmake/std_srvs__rosidl_typesupport_introspection_cppExport-noconfig.cmake
[5.067s] -- Installing: /home/cairlab/Documents/GitHub/saga_repo/install/std_srvs/share/std_srvs/cmake/std_srvs__rosidl_typesupport_cppExport.cmake
[5.067s] -- Installing: /home/cairlab/Documents/GitHub/saga_repo/install/std_srvs/share/std_srvs/cmake/std_srvs__rosidl_typesupport_cppExport-noconfig.cmake
[5.067s] -- Installing: /home/cairlab/Documents/GitHub/saga_repo/install/std_srvs/share/std_srvs/cmake/export_std_srvs__rosidl_generator_pyExport.cmake
[5.067s] -- Installing: /home/cairlab/Documents/GitHub/saga_repo/install/std_srvs/share/std_srvs/cmake/export_std_srvs__rosidl_generator_pyExport-noconfig.cmake
[5.067s] -- Installing: /home/cairlab/Documents/GitHub/saga_repo/install/std_srvs/share/std_srvs/cmake/rosidl_cmake-extras.cmake
[5.067s] -- Installing: /home/cairlab/Documents/GitHub/saga_repo/install/std_srvs/share/std_srvs/cmake/ament_cmake_export_include_directories-extras.cmake
[5.067s] -- Installing: /home/cairlab/Documents/GitHub/saga_repo/install/std_srvs/share/std_srvs/cmake/ament_cmake_export_libraries-extras.cmake
[5.067s] -- Installing: /home/cairlab/Documents/GitHub/saga_repo/install/std_srvs/share/std_srvs/cmake/ament_cmake_export_targets-extras.cmake
[5.067s] -- Installing: /home/cairlab/Documents/GitHub/saga_repo/install/std_srvs/share/std_srvs/cmake/rosidl_cmake_export_typesupport_targets-extras.cmake
[5.067s] -- Installing: /home/cairlab/Documents/GitHub/saga_repo/install/std_srvs/share/std_srvs/cmake/ament_cmake_export_dependencies-extras.cmake
[5.067s] -- Installing: /home/cairlab/Documents/GitHub/saga_repo/install/std_srvs/share/std_srvs/cmake/rosidl_cmake_export_typesupport_libraries-extras.cmake
[5.068s] -- Installing: /home/cairlab/Documents/GitHub/saga_repo/install/std_srvs/share/std_srvs/cmake/std_srvsConfig.cmake
[5.068s] -- Installing: /home/cairlab/Documents/GitHub/saga_repo/install/std_srvs/share/std_srvs/cmake/std_srvsConfig-version.cmake
[5.068s] -- Installing: /home/cairlab/Documents/GitHub/saga_repo/install/std_srvs/share/std_srvs/package.xml
[5.068s] Invoked command in '/home/cairlab/Documents/GitHub/saga_repo/build/std_srvs' returned '0': CMAKE_PREFIX_PATH=/opt/ros/humble /usr/bin/cmake --install /home/cairlab/Documents/GitHub/saga_repo/build/std_srvs
