[0.103s] Invoking command in '/home/cairlab/Documents/GitHub/saga_repo/build/twist_mux': CMAKE_PREFIX_PATH=/opt/ros/humble /usr/bin/cmake /home/cairlab/Documents/GitHub/saga_repo/ros2_thor/src/twist_mux -DCMAKE_INSTALL_PREFIX=/home/cairlab/Documents/GitHub/saga_repo/install/twist_mux
[0.157s] -- The C compiler identification is GNU 11.4.0
[0.211s] -- The CXX compiler identification is GNU 11.4.0
[0.219s] -- Detecting C compiler ABI info
[0.276s] -- Detecting C compiler ABI info - done
[0.284s] -- Check for working C compiler: /usr/bin/cc - skipped
[0.285s] -- Detecting C compile features
[0.285s] -- Detecting C compile features - done
[0.288s] -- Detecting CXX compiler ABI info
[0.360s] -- Detecting CXX compiler ABI info - done
[0.367s] -- Check for working CXX compiler: /usr/bin/c++ - skipped
[0.367s] -- Detecting CXX compile features
[0.368s] -- Detecting CXX compile features - done
[0.370s] -- Found ament_cmake: 1.3.5 (/opt/ros/humble/share/ament_cmake/cmake)
[0.769s] -- Found Python3: /usr/bin/python3.10 (found version "3.10.12") found components: Interpreter 
[0.851s] -- Found rclcpp: 16.0.6 (/opt/ros/humble/share/rclcpp/cmake)
[0.886s] -- Found rosidl_generator_c: 3.1.5 (/opt/ros/humble/share/rosidl_generator_c/cmake)
[0.890s] -- Found rosidl_adapter: 3.1.5 (/opt/ros/humble/share/rosidl_adapter/cmake)
[0.898s] -- Found rosidl_generator_cpp: 3.1.5 (/opt/ros/humble/share/rosidl_generator_cpp/cmake)
[0.914s] -- Using all available rosidl_typesupport_c: rosidl_typesupport_fastrtps_c;rosidl_typesupport_introspection_c
[0.931s] -- Using all available rosidl_typesupport_cpp: rosidl_typesupport_fastrtps_cpp;rosidl_typesupport_introspection_cpp
[0.991s] -- Found rmw_implementation_cmake: 6.1.1 (/opt/ros/humble/share/rmw_implementation_cmake/cmake)
[0.994s] -- Found rmw_fastrtps_cpp: 6.2.4 (/opt/ros/humble/share/rmw_fastrtps_cpp/cmake)
[1.083s] -- Found OpenSSL: /usr/lib/x86_64-linux-gnu/libcrypto.so (found version "3.0.2")  
[1.121s] -- Found FastRTPS: /opt/ros/humble/include  
[1.168s] -- Using RMW implementation 'rmw_fastrtps_cpp' as default
[1.176s] -- Looking for pthread.h
[1.241s] -- Looking for pthread.h - found
[1.242s] -- Performing Test CMAKE_HAVE_LIBC_PTHREAD
[1.303s] -- Performing Test CMAKE_HAVE_LIBC_PTHREAD - Success
[1.304s] -- Found Threads: TRUE  
[1.452s] -- Found geometry_msgs: 4.2.3 (/opt/ros/humble/share/geometry_msgs/cmake)
[1.495s] -- Found visualization_msgs: 4.2.3 (/opt/ros/humble/share/visualization_msgs/cmake)
[1.707s] -- Found diagnostic_updater: 3.1.2 (/opt/ros/humble/share/diagnostic_updater/cmake)
[1.871s] -- Configuring done
[1.883s] -- Generating done
[1.885s] -- Build files have been written to: /home/cairlab/Documents/GitHub/saga_repo/build/twist_mux
[1.897s] Invoked command in '/home/cairlab/Documents/GitHub/saga_repo/build/twist_mux' returned '0': CMAKE_PREFIX_PATH=/opt/ros/humble /usr/bin/cmake /home/cairlab/Documents/GitHub/saga_repo/ros2_thor/src/twist_mux -DCMAKE_INSTALL_PREFIX=/home/cairlab/Documents/GitHub/saga_repo/install/twist_mux
[1.899s] Invoking command in '/home/cairlab/Documents/GitHub/saga_repo/build/twist_mux': CMAKE_PREFIX_PATH=/opt/ros/humble /usr/bin/cmake --build /home/cairlab/Documents/GitHub/saga_repo/build/twist_mux -- -j12 -l12
[1.945s] [ 50%] [32mBuilding CXX object CMakeFiles/twist_marker.dir/src/twist_marker.cpp.o[0m
[1.945s] [ 50%] [32mBuilding CXX object CMakeFiles/twist_mux.dir/src/twist_mux.cpp.o[0m
[1.945s] [ 50%] [32mBuilding CXX object CMakeFiles/twist_mux.dir/src/twist_mux_diagnostics.cpp.o[0m
[1.946s] [ 66%] [32mBuilding CXX object CMakeFiles/twist_mux.dir/src/twist_mux_node.cpp.o[0m
[12.012s] [ 83%] [32m[1mLinking CXX executable twist_marker[0m
[13.508s] [ 83%] Built target twist_marker
[18.202s] [100%] [32m[1mLinking CXX executable twist_mux[0m
[20.027s] [100%] Built target twist_mux
[20.088s] Invoked command in '/home/cairlab/Documents/GitHub/saga_repo/build/twist_mux' returned '0': CMAKE_PREFIX_PATH=/opt/ros/humble /usr/bin/cmake --build /home/cairlab/Documents/GitHub/saga_repo/build/twist_mux -- -j12 -l12
[20.412s] Invoking command in '/home/cairlab/Documents/GitHub/saga_repo/build/twist_mux': CMAKE_PREFIX_PATH=/opt/ros/humble /usr/bin/cmake --install /home/cairlab/Documents/GitHub/saga_repo/build/twist_mux
[20.448s] -- Install configuration: ""
[20.449s] -- Installing: /home/cairlab/Documents/GitHub/saga_repo/install/twist_mux/lib/twist_mux/twist_mux
[20.461s] -- Set runtime path of "/home/cairlab/Documents/GitHub/saga_repo/install/twist_mux/lib/twist_mux/twist_mux" to ""
[20.461s] -- Installing: /home/cairlab/Documents/GitHub/saga_repo/install/twist_mux/lib/twist_mux/twist_marker
[20.468s] -- Set runtime path of "/home/cairlab/Documents/GitHub/saga_repo/install/twist_mux/lib/twist_mux/twist_marker" to ""
[20.469s] -- Installing: /home/cairlab/Documents/GitHub/saga_repo/install/twist_mux/share/twist_mux/launch
[20.469s] -- Installing: /home/cairlab/Documents/GitHub/saga_repo/install/twist_mux/share/twist_mux/launch/twist_mux.launch
[20.470s] -- Installing: /home/cairlab/Documents/GitHub/saga_repo/install/twist_mux/share/twist_mux/launch/twist_mux_launch.py
[20.470s] -- Installing: /home/cairlab/Documents/GitHub/saga_repo/install/twist_mux/share/twist_mux/config
[20.471s] -- Installing: /home/cairlab/Documents/GitHub/saga_repo/install/twist_mux/share/twist_mux/config/twist_mux_locks.yaml
[20.471s] -- Installing: /home/cairlab/Documents/GitHub/saga_repo/install/twist_mux/share/twist_mux/config/twist_mux_topics.yaml
[20.472s] -- Installing: /home/cairlab/Documents/GitHub/saga_repo/install/twist_mux/share/twist_mux/config/joystick.yaml
[20.481s] -- Installing: /home/cairlab/Documents/GitHub/saga_repo/install/twist_mux/include
[20.482s] -- Installing: /home/cairlab/Documents/GitHub/saga_repo/install/twist_mux/include/twist_mux
[20.482s] -- Installing: /home/cairlab/Documents/GitHub/saga_repo/install/twist_mux/include/twist_mux/twist_mux.hpp
[20.483s] -- Installing: /home/cairlab/Documents/GitHub/saga_repo/install/twist_mux/include/twist_mux/twist_mux_diagnostics_status.hpp
[20.484s] -- Installing: /home/cairlab/Documents/GitHub/saga_repo/install/twist_mux/include/twist_mux/twist_mux_diagnostics.hpp
[20.486s] -- Installing: /home/cairlab/Documents/GitHub/saga_repo/install/twist_mux/include/twist_mux/topic_handle.hpp
[20.487s] -- Installing: /home/cairlab/Documents/GitHub/saga_repo/install/twist_mux/include/twist_mux/params_helpers.hpp
[20.488s] -- Installing: /home/cairlab/Documents/GitHub/saga_repo/install/twist_mux/include/twist_mux/utils.hpp
[20.489s] -- Installing: /home/cairlab/Documents/GitHub/saga_repo/install/twist_mux/share/ament_index/resource_index/package_run_dependencies/twist_mux
[20.490s] -- Installing: /home/cairlab/Documents/GitHub/saga_repo/install/twist_mux/share/ament_index/resource_index/parent_prefix_path/twist_mux
[20.491s] -- Installing: /home/cairlab/Documents/GitHub/saga_repo/install/twist_mux/share/twist_mux/environment/ament_prefix_path.sh
[20.491s] -- Installing: /home/cairlab/Documents/GitHub/saga_repo/install/twist_mux/share/twist_mux/environment/ament_prefix_path.dsv
[20.492s] -- Installing: /home/cairlab/Documents/GitHub/saga_repo/install/twist_mux/share/twist_mux/environment/path.sh
[20.492s] -- Installing: /home/cairlab/Documents/GitHub/saga_repo/install/twist_mux/share/twist_mux/environment/path.dsv
[20.493s] -- Installing: /home/cairlab/Documents/GitHub/saga_repo/install/twist_mux/share/twist_mux/local_setup.bash
[20.493s] -- Installing: /home/cairlab/Documents/GitHub/saga_repo/install/twist_mux/share/twist_mux/local_setup.sh
[20.494s] -- Installing: /home/cairlab/Documents/GitHub/saga_repo/install/twist_mux/share/twist_mux/local_setup.zsh
[20.495s] -- Installing: /home/cairlab/Documents/GitHub/saga_repo/install/twist_mux/share/twist_mux/local_setup.dsv
[20.495s] -- Installing: /home/cairlab/Documents/GitHub/saga_repo/install/twist_mux/share/twist_mux/package.dsv
[20.496s] -- Installing: /home/cairlab/Documents/GitHub/saga_repo/install/twist_mux/share/ament_index/resource_index/packages/twist_mux
[20.496s] -- Installing: /home/cairlab/Documents/GitHub/saga_repo/install/twist_mux/share/twist_mux/cmake/ament_cmake_export_include_directories-extras.cmake
[20.497s] -- Installing: /home/cairlab/Documents/GitHub/saga_repo/install/twist_mux/share/twist_mux/cmake/ament_cmake_export_dependencies-extras.cmake
[20.497s] -- Installing: /home/cairlab/Documents/GitHub/saga_repo/install/twist_mux/share/twist_mux/cmake/twist_muxConfig.cmake
[20.498s] -- Installing: /home/cairlab/Documents/GitHub/saga_repo/install/twist_mux/share/twist_mux/cmake/twist_muxConfig-version.cmake
[20.498s] -- Installing: /home/cairlab/Documents/GitHub/saga_repo/install/twist_mux/share/twist_mux/package.xml
[20.502s] Invoked command in '/home/cairlab/Documents/GitHub/saga_repo/build/twist_mux' returned '0': CMAKE_PREFIX_PATH=/opt/ros/humble /usr/bin/cmake --install /home/cairlab/Documents/GitHub/saga_repo/build/twist_mux
