[1.362s] Invoking command in '/home/loki/Documents/GitHub/saga_repo/ros2_thor/src/loki/loki_base': AMENT_PREFIX_PATH=/home/loki/Documents/GitHub/saga_repo/install/loki_can_devices:/home/loki/Documents/GitHub/saga_repo/install/loki_msgs:/home/loki/Documents/GitHub/saga_repo/install/loki_description:${AMENT_PREFIX_PATH} CMAKE_PREFIX_PATH=/home/loki/Documents/GitHub/saga_repo/install/loki_can_devices:/home/loki/Documents/GitHub/saga_repo/install/loki_msgs:/home/loki/Documents/GitHub/saga_repo/install/loki_description LD_LIBRARY_PATH=/home/loki/Documents/GitHub/saga_repo/install/loki_can_devices/lib:/home/loki/Documents/GitHub/saga_repo/install/loki_msgs/lib:${LD_LIBRARY_PATH} PYTHONPATH=/home/loki/Documents/GitHub/saga_repo/build/loki_base/prefix_override:/home/loki/Documents/GitHub/saga_repo/install/loki_base/lib/python3.10/site-packages:/home/loki/Documents/GitHub/saga_repo/install/loki_msgs/local/lib/python3.10/dist-packages:${PYTHONPATH} /usr/bin/python3 setup.py egg_info --egg-base ../../../../build/loki_base build --build-base /home/loki/Documents/GitHub/saga_repo/build/loki_base/build install --record /home/loki/Documents/GitHub/saga_repo/build/loki_base/install.log --single-version-externally-managed
[1.800s] running egg_info
[1.803s] writing ../../../../build/loki_base/loki_base.egg-info/PKG-INFO
[1.804s] writing dependency_links to ../../../../build/loki_base/loki_base.egg-info/dependency_links.txt
[1.804s] writing entry points to ../../../../build/loki_base/loki_base.egg-info/entry_points.txt
[1.804s] writing requirements to ../../../../build/loki_base/loki_base.egg-info/requires.txt
[1.805s] writing top-level names to ../../../../build/loki_base/loki_base.egg-info/top_level.txt
[1.808s] reading manifest file '../../../../build/loki_base/loki_base.egg-info/SOURCES.txt'
[1.809s] writing manifest file '../../../../build/loki_base/loki_base.egg-info/SOURCES.txt'
[1.809s] running build
[1.809s] running build_py
[1.810s] running install
[1.811s] /usr/lib/python3/dist-packages/setuptools/command/install.py:34: SetuptoolsDeprecationWarning: setup.py install is deprecated. Use build and pip and other standards-based tools.
[1.811s]   warnings.warn(
[1.811s] running install_lib
[1.813s] running install_data
[1.814s] running install_egg_info
[1.818s] removing '/home/loki/Documents/GitHub/saga_repo/install/loki_base/lib/python3.10/site-packages/loki_base-2.0.0-py3.10.egg-info' (and everything under it)
[1.818s] Copying ../../../../build/loki_base/loki_base.egg-info to /home/loki/Documents/GitHub/saga_repo/install/loki_base/lib/python3.10/site-packages/loki_base-2.0.0-py3.10.egg-info
[1.819s] running install_scripts
[1.857s] Installing base_driver script to /home/loki/Documents/GitHub/saga_repo/install/loki_base/lib/loki_base
[1.858s] Installing enlcosure_board_serial script to /home/loki/Documents/GitHub/saga_repo/install/loki_base/lib/loki_base
[1.858s] Installing isaac_wheels script to /home/loki/Documents/GitHub/saga_repo/install/loki_base/lib/loki_base
[1.858s] writing list of installed files to '/home/loki/Documents/GitHub/saga_repo/build/loki_base/install.log'
[1.898s] Invoked command in '/home/loki/Documents/GitHub/saga_repo/ros2_thor/src/loki/loki_base' returned '0': AMENT_PREFIX_PATH=/home/loki/Documents/GitHub/saga_repo/install/loki_can_devices:/home/loki/Documents/GitHub/saga_repo/install/loki_msgs:/home/loki/Documents/GitHub/saga_repo/install/loki_description:${AMENT_PREFIX_PATH} CMAKE_PREFIX_PATH=/home/loki/Documents/GitHub/saga_repo/install/loki_can_devices:/home/loki/Documents/GitHub/saga_repo/install/loki_msgs:/home/loki/Documents/GitHub/saga_repo/install/loki_description LD_LIBRARY_PATH=/home/loki/Documents/GitHub/saga_repo/install/loki_can_devices/lib:/home/loki/Documents/GitHub/saga_repo/install/loki_msgs/lib:${LD_LIBRARY_PATH} PYTHONPATH=/home/loki/Documents/GitHub/saga_repo/build/loki_base/prefix_override:/home/loki/Documents/GitHub/saga_repo/install/loki_base/lib/python3.10/site-packages:/home/loki/Documents/GitHub/saga_repo/install/loki_msgs/local/lib/python3.10/dist-packages:${PYTHONPATH} /usr/bin/python3 setup.py egg_info --egg-base ../../../../build/loki_base build --build-base /home/loki/Documents/GitHub/saga_repo/build/loki_base/build install --record /home/loki/Documents/GitHub/saga_repo/build/loki_base/install.log --single-version-externally-managed
