[0.127s] Invoking command in '/home/loki/Documents/GitHub/saga_repo/build/loki_msgs': AMENT_PREFIX_PATH=/home/loki/Documents/GitHub/saga_repo/install/loki_description CMAKE_PREFIX_PATH=/home/loki/Documents/GitHub/saga_repo/install/loki_description /usr/bin/cmake --build /home/loki/Documents/GitHub/saga_repo/build/loki_msgs -- -j4 -l4
[0.279s] [  0%] Built target loki_msgs__cpp
[0.324s] [ 12%] Built target loki_msgs__rosidl_generator_c
[0.325s] [ 12%] Built target ament_cmake_python_copy_loki_msgs
[0.389s] [ 24%] Built target loki_msgs__rosidl_typesupport_fastrtps_cpp
[0.390s] [ 36%] Built target loki_msgs__rosidl_typesupport_cpp
[0.437s] [ 49%] Built target loki_msgs__rosidl_typesupport_introspection_cpp
[0.443s] [ 62%] Built target loki_msgs__rosidl_typesupport_fastrtps_c
[0.456s] [ 75%] Built target loki_msgs__rosidl_typesupport_c
[0.462s] [ 88%] Built target loki_msgs__rosidl_typesupport_introspection_c
[0.495s] [ 88%] Built target loki_msgs
[0.533s] [ 88%] Built target loki_msgs__py
[0.603s] [100%] Built target loki_msgs__rosidl_generator_py
[0.638s] [100%] Built target loki_msgs__rosidl_typesupport_fastrtps_c__pyext
[0.640s] [100%] Built target loki_msgs__rosidl_typesupport_introspection_c__pyext
[0.642s] [100%] Built target loki_msgs__rosidl_typesupport_c__pyext
[0.791s] running egg_info
[0.792s] writing loki_msgs.egg-info/PKG-INFO
[0.793s] writing dependency_links to loki_msgs.egg-info/dependency_links.txt
[0.793s] writing top-level names to loki_msgs.egg-info/top_level.txt
[0.798s] reading manifest file 'loki_msgs.egg-info/SOURCES.txt'
[0.800s] writing manifest file 'loki_msgs.egg-info/SOURCES.txt'
[0.847s] [100%] Built target ament_cmake_python_build_loki_msgs_egg
