[1.257s] Invoking command in '/home/cairlab/Documents/GitHub/saga_repo/ros2_thor/src/loki/loki_teleop': AMENT_PREFIX_PATH=/home/cairlab/Documents/GitHub/saga_repo/install/twist_mux:${AMENT_PREFIX_PATH} CMAKE_PREFIX_PATH=/home/cairlab/Documents/GitHub/saga_repo/install/twist_mux PYTHONPATH=/home/cairlab/Documents/GitHub/saga_repo/build/loki_teleop/prefix_override:/home/cairlab/Documents/GitHub/saga_repo/install/loki_teleop/lib/python3.10/site-packages:${PYTHONPATH} /usr/bin/python3 setup.py egg_info --egg-base ../../../../build/loki_teleop build --build-base /home/cairlab/Documents/GitHub/saga_repo/build/loki_teleop/build install --record /home/cairlab/Documents/GitHub/saga_repo/build/loki_teleop/install.log --single-version-externally-managed
[1.461s] running egg_info
[1.485s] writing ../../../../build/loki_teleop/loki_teleop.egg-info/PKG-INFO
[1.486s] writing dependency_links to ../../../../build/loki_teleop/loki_teleop.egg-info/dependency_links.txt
[1.489s] writing entry points to ../../../../build/loki_teleop/loki_teleop.egg-info/entry_points.txt
[1.489s] writing requirements to ../../../../build/loki_teleop/loki_teleop.egg-info/requires.txt
[1.491s] writing top-level names to ../../../../build/loki_teleop/loki_teleop.egg-info/top_level.txt
[1.539s] /home/cairlab/.local/lib/python3.10/site-packages/setuptools/_distutils/cmd.py:66: SetuptoolsDeprecationWarning: setup.py install is deprecated.
[1.539s] !!
[1.539s] 
[1.540s]         ********************************************************************************
[1.540s]         Please avoid running ``setup.py`` directly.
[1.540s]         Instead, use pypa/build, pypa/installer or other
[1.540s]         standards-based tools.
[1.540s] 
[1.540s]         See https://blog.ganssle.io/articles/2021/10/setup-py-deprecated.html for details.
[1.540s]         ********************************************************************************
[1.540s] 
[1.541s] !!
[1.541s]   self.initialize_options()
[1.541s] reading manifest file '../../../../build/loki_teleop/loki_teleop.egg-info/SOURCES.txt'
[1.541s] writing manifest file '../../../../build/loki_teleop/loki_teleop.egg-info/SOURCES.txt'
[1.541s] running build
[1.541s] running build_py
[1.541s] running install
[1.544s] running install_lib
[1.565s] running install_data
[1.584s] running install_egg_info
[1.598s] removing '/home/cairlab/Documents/GitHub/saga_repo/install/loki_teleop/lib/python3.10/site-packages/loki_teleop-2.0.0-py3.10.egg-info' (and everything under it)
[1.598s] Copying ../../../../build/loki_teleop/loki_teleop.egg-info to /home/cairlab/Documents/GitHub/saga_repo/install/loki_teleop/lib/python3.10/site-packages/loki_teleop-2.0.0-py3.10.egg-info
[1.599s] running install_scripts
[1.772s] Installing teleop_node script to /home/cairlab/Documents/GitHub/saga_repo/install/loki_teleop/lib/loki_teleop
[1.772s] writing list of installed files to '/home/cairlab/Documents/GitHub/saga_repo/build/loki_teleop/install.log'
[1.802s] Invoked command in '/home/cairlab/Documents/GitHub/saga_repo/ros2_thor/src/loki/loki_teleop' returned '0': AMENT_PREFIX_PATH=/home/cairlab/Documents/GitHub/saga_repo/install/twist_mux:${AMENT_PREFIX_PATH} CMAKE_PREFIX_PATH=/home/cairlab/Documents/GitHub/saga_repo/install/twist_mux PYTHONPATH=/home/cairlab/Documents/GitHub/saga_repo/build/loki_teleop/prefix_override:/home/cairlab/Documents/GitHub/saga_repo/install/loki_teleop/lib/python3.10/site-packages:${PYTHONPATH} /usr/bin/python3 setup.py egg_info --egg-base ../../../../build/loki_teleop build --build-base /home/cairlab/Documents/GitHub/saga_repo/build/loki_teleop/build install --record /home/cairlab/Documents/GitHub/saga_repo/build/loki_teleop/install.log --single-version-externally-managed
