-- Install configuration: ""
-- Up-to-date: /home/odin/Documents/GitHub/saga_repo/install/loki_bringup/share/loki_bringup/launch
-- Up-to-date: /home/odin/Documents/GitHub/saga_repo/install/loki_bringup/share/loki_bringup/launch/loki_bringup.launch
-- Up-to-date: /home/odin/Documents/GitHub/saga_repo/install/loki_bringup/share/loki_bringup/launch/loki_bringup_namespace.launch
-- Up-to-date: /home/odin/Documents/GitHub/saga_repo/install/loki_bringup/share/loki_bringup/launch/loki_example.launch
-- Up-to-date: /home/odin/Documents/GitHub/saga_repo/install/loki_bringup/share/ament_index/resource_index/package_run_dependencies/loki_bringup
-- Up-to-date: /home/odin/Documents/GitHub/saga_repo/install/loki_bringup/share/ament_index/resource_index/parent_prefix_path/loki_bringup
-- Up-to-date: /home/odin/Documents/GitHub/saga_repo/install/loki_bringup/share/loki_bringup/environment/ament_prefix_path.sh
-- Up-to-date: /home/odin/Documents/GitHub/saga_repo/install/loki_bringup/share/loki_bringup/environment/ament_prefix_path.dsv
-- Up-to-date: /home/odin/Documents/GitHub/saga_repo/install/loki_bringup/share/loki_bringup/environment/path.sh
-- Up-to-date: /home/odin/Documents/GitHub/saga_repo/install/loki_bringup/share/loki_bringup/environment/path.dsv
-- Up-to-date: /home/odin/Documents/GitHub/saga_repo/install/loki_bringup/share/loki_bringup/local_setup.bash
-- Up-to-date: /home/odin/Documents/GitHub/saga_repo/install/loki_bringup/share/loki_bringup/local_setup.sh
-- Up-to-date: /home/odin/Documents/GitHub/saga_repo/install/loki_bringup/share/loki_bringup/local_setup.zsh
-- Up-to-date: /home/odin/Documents/GitHub/saga_repo/install/loki_bringup/share/loki_bringup/local_setup.dsv
-- Installing: /home/odin/Documents/GitHub/saga_repo/install/loki_bringup/share/loki_bringup/package.dsv
-- Up-to-date: /home/odin/Documents/GitHub/saga_repo/install/loki_bringup/share/ament_index/resource_index/packages/loki_bringup
-- Up-to-date: /home/odin/Documents/GitHub/saga_repo/install/loki_bringup/share/loki_bringup/cmake/ament_cmake_export_include_directories-extras.cmake
-- Up-to-date: /home/odin/Documents/GitHub/saga_repo/install/loki_bringup/share/loki_bringup/cmake/loki_bringupConfig.cmake
-- Up-to-date: /home/odin/Documents/GitHub/saga_repo/install/loki_bringup/share/loki_bringup/cmake/loki_bringupConfig-version.cmake
-- Up-to-date: /home/odin/Documents/GitHub/saga_repo/install/loki_bringup/share/loki_bringup/package.xml
