-- The C compiler identification is GNU 11.4.0
-- The CXX compiler identification is GNU 11.4.0
-- Detecting C compiler ABI info
-- Detecting C compiler ABI info - done
-- Check for working C compiler: /usr/bin/cc - skipped
-- Detecting C compile features
-- Detecting C compile features - done
-- Detecting CXX compiler ABI info
-- Detecting CXX compiler ABI info - done
-- Check for working CXX compiler: /usr/bin/c++ - skipped
-- Detecting CXX compile features
-- Detecting CXX compile features - done
-- Found ament_cmake: 1.3.5 (/opt/ros/humble/share/ament_cmake/cmake)
-- Found Python3: /usr/bin/python3.10 (found version "3.10.12") found components: Interpreter 
-- Found builtin_interfaces: 1.2.1 (/opt/ros/humble/share/builtin_interfaces/cmake)
-- Found rosidl_generator_c: 3.1.5 (/opt/ros/humble/share/rosidl_generator_c/cmake)
-- Found rosidl_adapter: 3.1.5 (/opt/ros/humble/share/rosidl_adapter/cmake)
-- Found rosidl_generator_cpp: 3.1.5 (/opt/ros/humble/share/rosidl_generator_cpp/cmake)
-- Using all available rosidl_typesupport_c: rosidl_typesupport_fastrtps_c;rosidl_typesupport_introspection_c
-- Using all available rosidl_typesupport_cpp: rosidl_typesupport_fastrtps_cpp;rosidl_typesupport_introspection_cpp
-- Found rosidl_default_generators: 1.2.0 (/opt/ros/humble/share/rosidl_default_generators/cmake)
-- Found std_msgs: 5.2.0 (/home/cairlab/Documents/GitHub/saga_repo/install/std_msgs/share/std_msgs/cmake)
-- Found ament_cmake_cppcheck: 0.12.7 (/opt/ros/humble/share/ament_cmake_cppcheck/cmake)
-- Found ament_cmake_cpplint: 0.12.7 (/opt/ros/humble/share/ament_cmake_cpplint/cmake)
-- Found ament_cmake_uncrustify: 0.12.7 (/opt/ros/humble/share/ament_cmake_uncrustify/cmake)
-- Found ament_cmake_ros: 0.10.0 (/opt/ros/humble/share/ament_cmake_ros/cmake)
-- Using all available rosidl_typesupport_c: rosidl_typesupport_fastrtps_c;rosidl_typesupport_introspection_c
-- Using all available rosidl_typesupport_cpp: rosidl_typesupport_fastrtps_cpp;rosidl_typesupport_introspection_cpp
-- Found PythonInterp: /usr/bin/python3 (found suitable version "3.10.12", minimum required is "3.6") 
-- Found python_cmake_module: 0.10.0 (/opt/ros/humble/share/python_cmake_module/cmake)
-- Found PythonLibs: /usr/lib/x86_64-linux-gnu/libpython3.10.so (found suitable version "3.10.12", minimum required is "3.5") 
-- Using PYTHON_EXECUTABLE: /usr/bin/python3
-- Using PYTHON_INCLUDE_DIRS: /usr/include/python3.10
-- Using PYTHON_LIBRARIES: /usr/lib/x86_64-linux-gnu/libpython3.10.so
-- Found PythonExtra: .so  
-- Found ament_cmake_flake8: 0.12.7 (/opt/ros/humble/share/ament_cmake_flake8/cmake)
-- Found ament_cmake_pep257: 0.12.7 (/opt/ros/humble/share/ament_cmake_pep257/cmake)
-- Configuring done
-- Generating done
-- Build files have been written to: /home/cairlab/Documents/GitHub/saga_repo/build/actionlib_msgs
[  2%] [34m[1mGenerating C code for ROS interfaces[0m
[  4%] [34m[1mGenerating C++ code for ROS interfaces[0m
[  4%] Built target ament_cmake_python_copy_actionlib_msgs
running egg_info
creating actionlib_msgs.egg-info
writing actionlib_msgs.egg-info/PKG-INFO
writing dependency_links to actionlib_msgs.egg-info/dependency_links.txt
writing top-level names to actionlib_msgs.egg-info/top_level.txt
writing manifest file 'actionlib_msgs.egg-info/SOURCES.txt'
reading manifest file 'actionlib_msgs.egg-info/SOURCES.txt'
writing manifest file 'actionlib_msgs.egg-info/SOURCES.txt'
[  4%] Built target ament_cmake_python_build_actionlib_msgs_egg
[  4%] Built target actionlib_msgs__cpp
[  8%] [34m[1mGenerating C++ type support for eProsima Fast-RTPS[0m
[ 10%] [34m[1mGenerating C++ introspection for ROS interfaces[0m
[  8%] [34m[1mGenerating C++ type support dispatch for ROS interfaces[0m
[ 14%] [32mBuilding C object CMakeFiles/actionlib_msgs__rosidl_generator_c.dir/rosidl_generator_c/actionlib_msgs/msg/detail/goal_status__functions.c.o[0m
[ 17%] [32mBuilding C object CMakeFiles/actionlib_msgs__rosidl_generator_c.dir/rosidl_generator_c/actionlib_msgs/msg/detail/goal_status_array__functions.c.o[0m
[ 14%] [32mBuilding C object CMakeFiles/actionlib_msgs__rosidl_generator_c.dir/rosidl_generator_c/actionlib_msgs/msg/detail/goal_id__functions.c.o[0m
[ 19%] [32m[1mLinking C shared library libactionlib_msgs__rosidl_generator_c.so[0m
[ 19%] Built target actionlib_msgs__rosidl_generator_c
[ 21%] [34m[1mGenerating C type support for eProsima Fast-RTPS[0m
[ 25%] [34m[1mGenerating C introspection for ROS interfaces[0m
[ 25%] [34m[1mGenerating C type support dispatch for ROS interfaces[0m
[ 31%] [32mBuilding CXX object CMakeFiles/actionlib_msgs__rosidl_typesupport_cpp.dir/rosidl_typesupport_cpp/actionlib_msgs/msg/goal_status_array__type_support.cpp.o[0m
[ 31%] [32mBuilding CXX object CMakeFiles/actionlib_msgs__rosidl_typesupport_cpp.dir/rosidl_typesupport_cpp/actionlib_msgs/msg/goal_status__type_support.cpp.o[0m
[ 31%] [32mBuilding CXX object CMakeFiles/actionlib_msgs__rosidl_typesupport_cpp.dir/rosidl_typesupport_cpp/actionlib_msgs/msg/goal_id__type_support.cpp.o[0m
[ 36%] [32mBuilding CXX object CMakeFiles/actionlib_msgs__rosidl_typesupport_introspection_cpp.dir/rosidl_typesupport_introspection_cpp/actionlib_msgs/msg/detail/goal_status_array__type_support.cpp.o[0m
[ 36%] [32mBuilding CXX object CMakeFiles/actionlib_msgs__rosidl_typesupport_introspection_cpp.dir/rosidl_typesupport_introspection_cpp/actionlib_msgs/msg/detail/goal_status__type_support.cpp.o[0m
[ 38%] [32mBuilding CXX object CMakeFiles/actionlib_msgs__rosidl_typesupport_introspection_cpp.dir/rosidl_typesupport_introspection_cpp/actionlib_msgs/msg/detail/goal_id__type_support.cpp.o[0m
[ 40%] [32mBuilding CXX object CMakeFiles/actionlib_msgs__rosidl_typesupport_fastrtps_cpp.dir/rosidl_typesupport_fastrtps_cpp/actionlib_msgs/msg/detail/dds_fastrtps/goal_id__type_support.cpp.o[0m
[ 44%] [32mBuilding CXX object CMakeFiles/actionlib_msgs__rosidl_typesupport_fastrtps_cpp.dir/rosidl_typesupport_fastrtps_cpp/actionlib_msgs/msg/detail/dds_fastrtps/goal_status__type_support.cpp.o[0m
[ 44%] [32mBuilding CXX object CMakeFiles/actionlib_msgs__rosidl_typesupport_fastrtps_cpp.dir/rosidl_typesupport_fastrtps_cpp/actionlib_msgs/msg/detail/dds_fastrtps/goal_status_array__type_support.cpp.o[0m
[ 48%] [32mBuilding CXX object CMakeFiles/actionlib_msgs__rosidl_typesupport_fastrtps_c.dir/rosidl_typesupport_fastrtps_c/actionlib_msgs/msg/detail/goal_status__type_support_c.cpp.o[0m
[ 48%] [32mBuilding CXX object CMakeFiles/actionlib_msgs__rosidl_typesupport_fastrtps_c.dir/rosidl_typesupport_fastrtps_c/actionlib_msgs/msg/detail/goal_id__type_support_c.cpp.o[0m
[ 51%] [32mBuilding CXX object CMakeFiles/actionlib_msgs__rosidl_typesupport_fastrtps_c.dir/rosidl_typesupport_fastrtps_c/actionlib_msgs/msg/detail/goal_status_array__type_support_c.cpp.o[0m
[ 53%] [32mBuilding CXX object CMakeFiles/actionlib_msgs__rosidl_typesupport_c.dir/rosidl_typesupport_c/actionlib_msgs/msg/goal_id__type_support.cpp.o[0m
[ 55%] [32m[1mLinking CXX shared library libactionlib_msgs__rosidl_typesupport_cpp.so[0m
[ 57%] [32mBuilding C object CMakeFiles/actionlib_msgs__rosidl_typesupport_introspection_c.dir/rosidl_typesupport_introspection_c/actionlib_msgs/msg/detail/goal_id__type_support.c.o[0m
[ 59%] [32mBuilding CXX object CMakeFiles/actionlib_msgs__rosidl_typesupport_c.dir/rosidl_typesupport_c/actionlib_msgs/msg/goal_status__type_support.cpp.o[0m
[ 59%] Built target actionlib_msgs__rosidl_typesupport_cpp
[ 61%] [32mBuilding C object CMakeFiles/actionlib_msgs__rosidl_typesupport_introspection_c.dir/rosidl_typesupport_introspection_c/actionlib_msgs/msg/detail/goal_status__type_support.c.o[0m
[ 63%] [32mBuilding CXX object CMakeFiles/actionlib_msgs__rosidl_typesupport_c.dir/rosidl_typesupport_c/actionlib_msgs/msg/goal_status_array__type_support.cpp.o[0m
[ 65%] [32mBuilding C object CMakeFiles/actionlib_msgs__rosidl_typesupport_introspection_c.dir/rosidl_typesupport_introspection_c/actionlib_msgs/msg/detail/goal_status_array__type_support.c.o[0m
[ 68%] [32m[1mLinking C shared library libactionlib_msgs__rosidl_typesupport_introspection_c.so[0m
[ 70%] [32m[1mLinking CXX shared library libactionlib_msgs__rosidl_typesupport_c.so[0m
[ 70%] Built target actionlib_msgs__rosidl_typesupport_introspection_c
[ 72%] [32m[1mLinking CXX shared library libactionlib_msgs__rosidl_typesupport_introspection_cpp.so[0m
[ 72%] Built target actionlib_msgs__rosidl_typesupport_c
[ 72%] Built target actionlib_msgs__rosidl_typesupport_introspection_cpp
[ 74%] [32m[1mLinking CXX shared library libactionlib_msgs__rosidl_typesupport_fastrtps_cpp.so[0m
[ 76%] [32m[1mLinking CXX shared library libactionlib_msgs__rosidl_typesupport_fastrtps_c.so[0m
[ 76%] Built target actionlib_msgs__rosidl_typesupport_fastrtps_cpp
[ 76%] Built target actionlib_msgs__rosidl_typesupport_fastrtps_c
[ 76%] Built target actionlib_msgs
[ 78%] [34m[1mGenerating Python code for ROS interfaces[0m
[ 78%] Built target actionlib_msgs__py
[ 82%] [32mBuilding C object CMakeFiles/actionlib_msgs__rosidl_generator_py.dir/rosidl_generator_py/actionlib_msgs/msg/_goal_status_array_s.c.o[0m
[ 82%] [32mBuilding C object CMakeFiles/actionlib_msgs__rosidl_generator_py.dir/rosidl_generator_py/actionlib_msgs/msg/_goal_status_s.c.o[0m
[ 85%] [32mBuilding C object CMakeFiles/actionlib_msgs__rosidl_generator_py.dir/rosidl_generator_py/actionlib_msgs/msg/_goal_id_s.c.o[0m
[ 87%] [32m[1mLinking C shared library rosidl_generator_py/actionlib_msgs/libactionlib_msgs__rosidl_generator_py.so[0m
[ 87%] Built target actionlib_msgs__rosidl_generator_py
[ 93%] [32mBuilding C object CMakeFiles/actionlib_msgs__rosidl_typesupport_fastrtps_c__pyext.dir/rosidl_generator_py/actionlib_msgs/_actionlib_msgs_s.ep.rosidl_typesupport_fastrtps_c.c.o[0m
[ 93%] [32mBuilding C object CMakeFiles/actionlib_msgs__rosidl_typesupport_c__pyext.dir/rosidl_generator_py/actionlib_msgs/_actionlib_msgs_s.ep.rosidl_typesupport_c.c.o[0m
[ 93%] [32mBuilding C object CMakeFiles/actionlib_msgs__rosidl_typesupport_introspection_c__pyext.dir/rosidl_generator_py/actionlib_msgs/_actionlib_msgs_s.ep.rosidl_typesupport_introspection_c.c.o[0m
[ 95%] [32m[1mLinking C shared library rosidl_generator_py/actionlib_msgs/actionlib_msgs_s__rosidl_typesupport_c.cpython-310-x86_64-linux-gnu.so[0m
[ 97%] [32m[1mLinking C shared library rosidl_generator_py/actionlib_msgs/actionlib_msgs_s__rosidl_typesupport_introspection_c.cpython-310-x86_64-linux-gnu.so[0m
[100%] [32m[1mLinking C shared library rosidl_generator_py/actionlib_msgs/actionlib_msgs_s__rosidl_typesupport_fastrtps_c.cpython-310-x86_64-linux-gnu.so[0m
[100%] Built target actionlib_msgs__rosidl_typesupport_c__pyext
[100%] Built target actionlib_msgs__rosidl_typesupport_introspection_c__pyext
[100%] Built target actionlib_msgs__rosidl_typesupport_fastrtps_c__pyext
-- Install configuration: ""
-- Installing: /home/cairlab/Documents/GitHub/saga_repo/install/actionlib_msgs/share/ament_index/resource_index/rosidl_interfaces/actionlib_msgs
-- Installing: /home/cairlab/Documents/GitHub/saga_repo/install/actionlib_msgs/include/actionlib_msgs/actionlib_msgs
-- Installing: /home/cairlab/Documents/GitHub/saga_repo/install/actionlib_msgs/include/actionlib_msgs/actionlib_msgs/msg
-- Installing: /home/cairlab/Documents/GitHub/saga_repo/install/actionlib_msgs/include/actionlib_msgs/actionlib_msgs/msg/goal_id.h
-- Installing: /home/cairlab/Documents/GitHub/saga_repo/install/actionlib_msgs/include/actionlib_msgs/actionlib_msgs/msg/goal_status_array.h
-- Installing: /home/cairlab/Documents/GitHub/saga_repo/install/actionlib_msgs/include/actionlib_msgs/actionlib_msgs/msg/rosidl_generator_c__visibility_control.h
-- Installing: /home/cairlab/Documents/GitHub/saga_repo/install/actionlib_msgs/include/actionlib_msgs/actionlib_msgs/msg/goal_status.h
-- Installing: /home/cairlab/Documents/GitHub/saga_repo/install/actionlib_msgs/include/actionlib_msgs/actionlib_msgs/msg/detail
-- Installing: /home/cairlab/Documents/GitHub/saga_repo/install/actionlib_msgs/include/actionlib_msgs/actionlib_msgs/msg/detail/goal_id__struct.h
-- Installing: /home/cairlab/Documents/GitHub/saga_repo/install/actionlib_msgs/include/actionlib_msgs/actionlib_msgs/msg/detail/goal_status__type_support.h
-- Installing: /home/cairlab/Documents/GitHub/saga_repo/install/actionlib_msgs/include/actionlib_msgs/actionlib_msgs/msg/detail/goal_status_array__type_support.h
-- Installing: /home/cairlab/Documents/GitHub/saga_repo/install/actionlib_msgs/include/actionlib_msgs/actionlib_msgs/msg/detail/goal_status__functions.c
-- Installing: /home/cairlab/Documents/GitHub/saga_repo/install/actionlib_msgs/include/actionlib_msgs/actionlib_msgs/msg/detail/goal_id__functions.c
-- Installing: /home/cairlab/Documents/GitHub/saga_repo/install/actionlib_msgs/include/actionlib_msgs/actionlib_msgs/msg/detail/goal_status_array__functions.h
-- Installing: /home/cairlab/Documents/GitHub/saga_repo/install/actionlib_msgs/include/actionlib_msgs/actionlib_msgs/msg/detail/goal_id__functions.h
-- Installing: /home/cairlab/Documents/GitHub/saga_repo/install/actionlib_msgs/include/actionlib_msgs/actionlib_msgs/msg/detail/goal_status__functions.h
-- Installing: /home/cairlab/Documents/GitHub/saga_repo/install/actionlib_msgs/include/actionlib_msgs/actionlib_msgs/msg/detail/goal_status_array__struct.h
-- Installing: /home/cairlab/Documents/GitHub/saga_repo/install/actionlib_msgs/include/actionlib_msgs/actionlib_msgs/msg/detail/goal_status_array__functions.c
-- Installing: /home/cairlab/Documents/GitHub/saga_repo/install/actionlib_msgs/include/actionlib_msgs/actionlib_msgs/msg/detail/goal_id__type_support.h
-- Installing: /home/cairlab/Documents/GitHub/saga_repo/install/actionlib_msgs/include/actionlib_msgs/actionlib_msgs/msg/detail/goal_status__struct.h
-- Installing: /home/cairlab/Documents/GitHub/saga_repo/install/actionlib_msgs/share/actionlib_msgs/environment/library_path.sh
-- Installing: /home/cairlab/Documents/GitHub/saga_repo/install/actionlib_msgs/share/actionlib_msgs/environment/library_path.dsv
-- Installing: /home/cairlab/Documents/GitHub/saga_repo/install/actionlib_msgs/lib/libactionlib_msgs__rosidl_generator_c.so
-- Set runtime path of "/home/cairlab/Documents/GitHub/saga_repo/install/actionlib_msgs/lib/libactionlib_msgs__rosidl_generator_c.so" to ""
-- Up-to-date: /home/cairlab/Documents/GitHub/saga_repo/install/actionlib_msgs/include/actionlib_msgs/actionlib_msgs
-- Up-to-date: /home/cairlab/Documents/GitHub/saga_repo/install/actionlib_msgs/include/actionlib_msgs/actionlib_msgs/msg
-- Installing: /home/cairlab/Documents/GitHub/saga_repo/install/actionlib_msgs/include/actionlib_msgs/actionlib_msgs/msg/rosidl_typesupport_fastrtps_c__visibility_control.h
-- Up-to-date: /home/cairlab/Documents/GitHub/saga_repo/install/actionlib_msgs/include/actionlib_msgs/actionlib_msgs/msg/detail
-- Installing: /home/cairlab/Documents/GitHub/saga_repo/install/actionlib_msgs/include/actionlib_msgs/actionlib_msgs/msg/detail/goal_status__rosidl_typesupport_fastrtps_c.h
-- Installing: /home/cairlab/Documents/GitHub/saga_repo/install/actionlib_msgs/include/actionlib_msgs/actionlib_msgs/msg/detail/goal_id__rosidl_typesupport_fastrtps_c.h
-- Installing: /home/cairlab/Documents/GitHub/saga_repo/install/actionlib_msgs/include/actionlib_msgs/actionlib_msgs/msg/detail/goal_status_array__rosidl_typesupport_fastrtps_c.h
-- Installing: /home/cairlab/Documents/GitHub/saga_repo/install/actionlib_msgs/lib/libactionlib_msgs__rosidl_typesupport_fastrtps_c.so
-- Set runtime path of "/home/cairlab/Documents/GitHub/saga_repo/install/actionlib_msgs/lib/libactionlib_msgs__rosidl_typesupport_fastrtps_c.so" to ""
-- Up-to-date: /home/cairlab/Documents/GitHub/saga_repo/install/actionlib_msgs/include/actionlib_msgs/actionlib_msgs
-- Up-to-date: /home/cairlab/Documents/GitHub/saga_repo/install/actionlib_msgs/include/actionlib_msgs/actionlib_msgs/msg
-- Installing: /home/cairlab/Documents/GitHub/saga_repo/install/actionlib_msgs/include/actionlib_msgs/actionlib_msgs/msg/goal_id.hpp
-- Installing: /home/cairlab/Documents/GitHub/saga_repo/install/actionlib_msgs/include/actionlib_msgs/actionlib_msgs/msg/goal_status_array.hpp
-- Installing: /home/cairlab/Documents/GitHub/saga_repo/install/actionlib_msgs/include/actionlib_msgs/actionlib_msgs/msg/goal_status.hpp
-- Up-to-date: /home/cairlab/Documents/GitHub/saga_repo/install/actionlib_msgs/include/actionlib_msgs/actionlib_msgs/msg/detail
-- Installing: /home/cairlab/Documents/GitHub/saga_repo/install/actionlib_msgs/include/actionlib_msgs/actionlib_msgs/msg/detail/goal_id__struct.hpp
-- Installing: /home/cairlab/Documents/GitHub/saga_repo/install/actionlib_msgs/include/actionlib_msgs/actionlib_msgs/msg/detail/goal_status__builder.hpp
-- Installing: /home/cairlab/Documents/GitHub/saga_repo/install/actionlib_msgs/include/actionlib_msgs/actionlib_msgs/msg/detail/goal_id__traits.hpp
-- Installing: /home/cairlab/Documents/GitHub/saga_repo/install/actionlib_msgs/include/actionlib_msgs/actionlib_msgs/msg/detail/goal_id__builder.hpp
-- Installing: /home/cairlab/Documents/GitHub/saga_repo/install/actionlib_msgs/include/actionlib_msgs/actionlib_msgs/msg/detail/goal_status__struct.hpp
-- Installing: /home/cairlab/Documents/GitHub/saga_repo/install/actionlib_msgs/include/actionlib_msgs/actionlib_msgs/msg/detail/goal_status_array__builder.hpp
-- Installing: /home/cairlab/Documents/GitHub/saga_repo/install/actionlib_msgs/include/actionlib_msgs/actionlib_msgs/msg/detail/goal_status__traits.hpp
-- Installing: /home/cairlab/Documents/GitHub/saga_repo/install/actionlib_msgs/include/actionlib_msgs/actionlib_msgs/msg/detail/goal_status_array__traits.hpp
-- Installing: /home/cairlab/Documents/GitHub/saga_repo/install/actionlib_msgs/include/actionlib_msgs/actionlib_msgs/msg/detail/goal_status_array__struct.hpp
-- Up-to-date: /home/cairlab/Documents/GitHub/saga_repo/install/actionlib_msgs/include/actionlib_msgs/actionlib_msgs
-- Up-to-date: /home/cairlab/Documents/GitHub/saga_repo/install/actionlib_msgs/include/actionlib_msgs/actionlib_msgs/msg
-- Installing: /home/cairlab/Documents/GitHub/saga_repo/install/actionlib_msgs/include/actionlib_msgs/actionlib_msgs/msg/rosidl_typesupport_fastrtps_cpp__visibility_control.h
-- Up-to-date: /home/cairlab/Documents/GitHub/saga_repo/install/actionlib_msgs/include/actionlib_msgs/actionlib_msgs/msg/detail
-- Installing: /home/cairlab/Documents/GitHub/saga_repo/install/actionlib_msgs/include/actionlib_msgs/actionlib_msgs/msg/detail/goal_status__rosidl_typesupport_fastrtps_cpp.hpp
-- Installing: /home/cairlab/Documents/GitHub/saga_repo/install/actionlib_msgs/include/actionlib_msgs/actionlib_msgs/msg/detail/goal_id__rosidl_typesupport_fastrtps_cpp.hpp
-- Installing: /home/cairlab/Documents/GitHub/saga_repo/install/actionlib_msgs/include/actionlib_msgs/actionlib_msgs/msg/detail/goal_status_array__rosidl_typesupport_fastrtps_cpp.hpp
-- Installing: /home/cairlab/Documents/GitHub/saga_repo/install/actionlib_msgs/include/actionlib_msgs/actionlib_msgs/msg/detail/dds_fastrtps
-- Installing: /home/cairlab/Documents/GitHub/saga_repo/install/actionlib_msgs/lib/libactionlib_msgs__rosidl_typesupport_fastrtps_cpp.so
-- Set runtime path of "/home/cairlab/Documents/GitHub/saga_repo/install/actionlib_msgs/lib/libactionlib_msgs__rosidl_typesupport_fastrtps_cpp.so" to ""
-- Up-to-date: /home/cairlab/Documents/GitHub/saga_repo/install/actionlib_msgs/include/actionlib_msgs/actionlib_msgs
-- Up-to-date: /home/cairlab/Documents/GitHub/saga_repo/install/actionlib_msgs/include/actionlib_msgs/actionlib_msgs/msg
-- Installing: /home/cairlab/Documents/GitHub/saga_repo/install/actionlib_msgs/include/actionlib_msgs/actionlib_msgs/msg/rosidl_typesupport_introspection_c__visibility_control.h
-- Up-to-date: /home/cairlab/Documents/GitHub/saga_repo/install/actionlib_msgs/include/actionlib_msgs/actionlib_msgs/msg/detail
-- Installing: /home/cairlab/Documents/GitHub/saga_repo/install/actionlib_msgs/include/actionlib_msgs/actionlib_msgs/msg/detail/goal_status_array__rosidl_typesupport_introspection_c.h
-- Installing: /home/cairlab/Documents/GitHub/saga_repo/install/actionlib_msgs/include/actionlib_msgs/actionlib_msgs/msg/detail/goal_status__rosidl_typesupport_introspection_c.h
-- Installing: /home/cairlab/Documents/GitHub/saga_repo/install/actionlib_msgs/include/actionlib_msgs/actionlib_msgs/msg/detail/goal_id__rosidl_typesupport_introspection_c.h
-- Installing: /home/cairlab/Documents/GitHub/saga_repo/install/actionlib_msgs/include/actionlib_msgs/actionlib_msgs/msg/detail/goal_id__type_support.c
-- Installing: /home/cairlab/Documents/GitHub/saga_repo/install/actionlib_msgs/include/actionlib_msgs/actionlib_msgs/msg/detail/goal_status_array__type_support.c
-- Installing: /home/cairlab/Documents/GitHub/saga_repo/install/actionlib_msgs/include/actionlib_msgs/actionlib_msgs/msg/detail/goal_status__type_support.c
-- Installing: /home/cairlab/Documents/GitHub/saga_repo/install/actionlib_msgs/lib/libactionlib_msgs__rosidl_typesupport_introspection_c.so
-- Set runtime path of "/home/cairlab/Documents/GitHub/saga_repo/install/actionlib_msgs/lib/libactionlib_msgs__rosidl_typesupport_introspection_c.so" to ""
-- Installing: /home/cairlab/Documents/GitHub/saga_repo/install/actionlib_msgs/lib/libactionlib_msgs__rosidl_typesupport_c.so
-- Set runtime path of "/home/cairlab/Documents/GitHub/saga_repo/install/actionlib_msgs/lib/libactionlib_msgs__rosidl_typesupport_c.so" to ""
-- Up-to-date: /home/cairlab/Documents/GitHub/saga_repo/install/actionlib_msgs/include/actionlib_msgs/actionlib_msgs
-- Up-to-date: /home/cairlab/Documents/GitHub/saga_repo/install/actionlib_msgs/include/actionlib_msgs/actionlib_msgs/msg
-- Up-to-date: /home/cairlab/Documents/GitHub/saga_repo/install/actionlib_msgs/include/actionlib_msgs/actionlib_msgs/msg/detail
-- Installing: /home/cairlab/Documents/GitHub/saga_repo/install/actionlib_msgs/include/actionlib_msgs/actionlib_msgs/msg/detail/goal_status__type_support.cpp
-- Installing: /home/cairlab/Documents/GitHub/saga_repo/install/actionlib_msgs/include/actionlib_msgs/actionlib_msgs/msg/detail/goal_status_array__type_support.cpp
-- Installing: /home/cairlab/Documents/GitHub/saga_repo/install/actionlib_msgs/include/actionlib_msgs/actionlib_msgs/msg/detail/goal_status_array__rosidl_typesupport_introspection_cpp.hpp
-- Installing: /home/cairlab/Documents/GitHub/saga_repo/install/actionlib_msgs/include/actionlib_msgs/actionlib_msgs/msg/detail/goal_id__rosidl_typesupport_introspection_cpp.hpp
-- Installing: /home/cairlab/Documents/GitHub/saga_repo/install/actionlib_msgs/include/actionlib_msgs/actionlib_msgs/msg/detail/goal_id__type_support.cpp
-- Installing: /home/cairlab/Documents/GitHub/saga_repo/install/actionlib_msgs/include/actionlib_msgs/actionlib_msgs/msg/detail/goal_status__rosidl_typesupport_introspection_cpp.hpp
-- Installing: /home/cairlab/Documents/GitHub/saga_repo/install/actionlib_msgs/lib/libactionlib_msgs__rosidl_typesupport_introspection_cpp.so
-- Set runtime path of "/home/cairlab/Documents/GitHub/saga_repo/install/actionlib_msgs/lib/libactionlib_msgs__rosidl_typesupport_introspection_cpp.so" to ""
-- Installing: /home/cairlab/Documents/GitHub/saga_repo/install/actionlib_msgs/lib/libactionlib_msgs__rosidl_typesupport_cpp.so
-- Set runtime path of "/home/cairlab/Documents/GitHub/saga_repo/install/actionlib_msgs/lib/libactionlib_msgs__rosidl_typesupport_cpp.so" to ""
-- Installing: /home/cairlab/Documents/GitHub/saga_repo/install/actionlib_msgs/share/actionlib_msgs/environment/pythonpath.sh
-- Installing: /home/cairlab/Documents/GitHub/saga_repo/install/actionlib_msgs/share/actionlib_msgs/environment/pythonpath.dsv
-- Installing: /home/cairlab/Documents/GitHub/saga_repo/install/actionlib_msgs/local/lib/python3.10/dist-packages/actionlib_msgs-5.2.0-py3.10.egg-info
-- Installing: /home/cairlab/Documents/GitHub/saga_repo/install/actionlib_msgs/local/lib/python3.10/dist-packages/actionlib_msgs-5.2.0-py3.10.egg-info/dependency_links.txt
-- Installing: /home/cairlab/Documents/GitHub/saga_repo/install/actionlib_msgs/local/lib/python3.10/dist-packages/actionlib_msgs-5.2.0-py3.10.egg-info/PKG-INFO
-- Installing: /home/cairlab/Documents/GitHub/saga_repo/install/actionlib_msgs/local/lib/python3.10/dist-packages/actionlib_msgs-5.2.0-py3.10.egg-info/SOURCES.txt
-- Installing: /home/cairlab/Documents/GitHub/saga_repo/install/actionlib_msgs/local/lib/python3.10/dist-packages/actionlib_msgs-5.2.0-py3.10.egg-info/top_level.txt
-- Installing: /home/cairlab/Documents/GitHub/saga_repo/install/actionlib_msgs/local/lib/python3.10/dist-packages/actionlib_msgs
-- Installing: /home/cairlab/Documents/GitHub/saga_repo/install/actionlib_msgs/local/lib/python3.10/dist-packages/actionlib_msgs/libactionlib_msgs__rosidl_generator_py.so
-- Installing: /home/cairlab/Documents/GitHub/saga_repo/install/actionlib_msgs/local/lib/python3.10/dist-packages/actionlib_msgs/actionlib_msgs_s__rosidl_typesupport_fastrtps_c.cpython-310-x86_64-linux-gnu.so
-- Installing: /home/cairlab/Documents/GitHub/saga_repo/install/actionlib_msgs/local/lib/python3.10/dist-packages/actionlib_msgs/_actionlib_msgs_s.ep.rosidl_typesupport_fastrtps_c.c
-- Installing: /home/cairlab/Documents/GitHub/saga_repo/install/actionlib_msgs/local/lib/python3.10/dist-packages/actionlib_msgs/__init__.py
-- Installing: /home/cairlab/Documents/GitHub/saga_repo/install/actionlib_msgs/local/lib/python3.10/dist-packages/actionlib_msgs/actionlib_msgs_s__rosidl_typesupport_c.cpython-310-x86_64-linux-gnu.so
-- Installing: /home/cairlab/Documents/GitHub/saga_repo/install/actionlib_msgs/local/lib/python3.10/dist-packages/actionlib_msgs/_actionlib_msgs_s.ep.rosidl_typesupport_introspection_c.c
-- Installing: /home/cairlab/Documents/GitHub/saga_repo/install/actionlib_msgs/local/lib/python3.10/dist-packages/actionlib_msgs/_actionlib_msgs_s.ep.rosidl_typesupport_c.c
-- Installing: /home/cairlab/Documents/GitHub/saga_repo/install/actionlib_msgs/local/lib/python3.10/dist-packages/actionlib_msgs/actionlib_msgs_s__rosidl_typesupport_introspection_c.cpython-310-x86_64-linux-gnu.so
-- Installing: /home/cairlab/Documents/GitHub/saga_repo/install/actionlib_msgs/local/lib/python3.10/dist-packages/actionlib_msgs/msg
-- Installing: /home/cairlab/Documents/GitHub/saga_repo/install/actionlib_msgs/local/lib/python3.10/dist-packages/actionlib_msgs/msg/_goal_status_array.py
-- Installing: /home/cairlab/Documents/GitHub/saga_repo/install/actionlib_msgs/local/lib/python3.10/dist-packages/actionlib_msgs/msg/_goal_status.py
-- Installing: /home/cairlab/Documents/GitHub/saga_repo/install/actionlib_msgs/local/lib/python3.10/dist-packages/actionlib_msgs/msg/_goal_id.py
-- Installing: /home/cairlab/Documents/GitHub/saga_repo/install/actionlib_msgs/local/lib/python3.10/dist-packages/actionlib_msgs/msg/__init__.py
-- Installing: /home/cairlab/Documents/GitHub/saga_repo/install/actionlib_msgs/local/lib/python3.10/dist-packages/actionlib_msgs/msg/_goal_status_array_s.c
-- Installing: /home/cairlab/Documents/GitHub/saga_repo/install/actionlib_msgs/local/lib/python3.10/dist-packages/actionlib_msgs/msg/_goal_status_s.c
-- Installing: /home/cairlab/Documents/GitHub/saga_repo/install/actionlib_msgs/local/lib/python3.10/dist-packages/actionlib_msgs/msg/_goal_id_s.c
Listing '/home/cairlab/Documents/GitHub/saga_repo/install/actionlib_msgs/local/lib/python3.10/dist-packages/actionlib_msgs'...
Compiling '/home/cairlab/Documents/GitHub/saga_repo/install/actionlib_msgs/local/lib/python3.10/dist-packages/actionlib_msgs/__init__.py'...
Listing '/home/cairlab/Documents/GitHub/saga_repo/install/actionlib_msgs/local/lib/python3.10/dist-packages/actionlib_msgs/msg'...
Compiling '/home/cairlab/Documents/GitHub/saga_repo/install/actionlib_msgs/local/lib/python3.10/dist-packages/actionlib_msgs/msg/__init__.py'...
Compiling '/home/cairlab/Documents/GitHub/saga_repo/install/actionlib_msgs/local/lib/python3.10/dist-packages/actionlib_msgs/msg/_goal_id.py'...
Compiling '/home/cairlab/Documents/GitHub/saga_repo/install/actionlib_msgs/local/lib/python3.10/dist-packages/actionlib_msgs/msg/_goal_status.py'...
Compiling '/home/cairlab/Documents/GitHub/saga_repo/install/actionlib_msgs/local/lib/python3.10/dist-packages/actionlib_msgs/msg/_goal_status_array.py'...
-- Installing: /home/cairlab/Documents/GitHub/saga_repo/install/actionlib_msgs/local/lib/python3.10/dist-packages/actionlib_msgs/actionlib_msgs_s__rosidl_typesupport_fastrtps_c.cpython-310-x86_64-linux-gnu.so
-- Set runtime path of "/home/cairlab/Documents/GitHub/saga_repo/install/actionlib_msgs/local/lib/python3.10/dist-packages/actionlib_msgs/actionlib_msgs_s__rosidl_typesupport_fastrtps_c.cpython-310-x86_64-linux-gnu.so" to ""
-- Installing: /home/cairlab/Documents/GitHub/saga_repo/install/actionlib_msgs/local/lib/python3.10/dist-packages/actionlib_msgs/actionlib_msgs_s__rosidl_typesupport_introspection_c.cpython-310-x86_64-linux-gnu.so
-- Set runtime path of "/home/cairlab/Documents/GitHub/saga_repo/install/actionlib_msgs/local/lib/python3.10/dist-packages/actionlib_msgs/actionlib_msgs_s__rosidl_typesupport_introspection_c.cpython-310-x86_64-linux-gnu.so" to ""
-- Installing: /home/cairlab/Documents/GitHub/saga_repo/install/actionlib_msgs/local/lib/python3.10/dist-packages/actionlib_msgs/actionlib_msgs_s__rosidl_typesupport_c.cpython-310-x86_64-linux-gnu.so
-- Set runtime path of "/home/cairlab/Documents/GitHub/saga_repo/install/actionlib_msgs/local/lib/python3.10/dist-packages/actionlib_msgs/actionlib_msgs_s__rosidl_typesupport_c.cpython-310-x86_64-linux-gnu.so" to ""
-- Installing: /home/cairlab/Documents/GitHub/saga_repo/install/actionlib_msgs/lib/libactionlib_msgs__rosidl_generator_py.so
-- Set runtime path of "/home/cairlab/Documents/GitHub/saga_repo/install/actionlib_msgs/lib/libactionlib_msgs__rosidl_generator_py.so" to ""
-- Installing: /home/cairlab/Documents/GitHub/saga_repo/install/actionlib_msgs/share/actionlib_msgs/msg/GoalID.idl
-- Installing: /home/cairlab/Documents/GitHub/saga_repo/install/actionlib_msgs/share/actionlib_msgs/msg/GoalStatus.idl
-- Installing: /home/cairlab/Documents/GitHub/saga_repo/install/actionlib_msgs/share/actionlib_msgs/msg/GoalStatusArray.idl
-- Installing: /home/cairlab/Documents/GitHub/saga_repo/install/actionlib_msgs/share/actionlib_msgs/msg/GoalID.msg
-- Installing: /home/cairlab/Documents/GitHub/saga_repo/install/actionlib_msgs/share/actionlib_msgs/msg/GoalStatus.msg
-- Installing: /home/cairlab/Documents/GitHub/saga_repo/install/actionlib_msgs/share/actionlib_msgs/msg/GoalStatusArray.msg
-- Installing: /home/cairlab/Documents/GitHub/saga_repo/install/actionlib_msgs/share/ament_index/resource_index/package_run_dependencies/actionlib_msgs
-- Installing: /home/cairlab/Documents/GitHub/saga_repo/install/actionlib_msgs/share/ament_index/resource_index/parent_prefix_path/actionlib_msgs
-- Installing: /home/cairlab/Documents/GitHub/saga_repo/install/actionlib_msgs/share/actionlib_msgs/environment/ament_prefix_path.sh
-- Installing: /home/cairlab/Documents/GitHub/saga_repo/install/actionlib_msgs/share/actionlib_msgs/environment/ament_prefix_path.dsv
-- Installing: /home/cairlab/Documents/GitHub/saga_repo/install/actionlib_msgs/share/actionlib_msgs/environment/path.sh
-- Installing: /home/cairlab/Documents/GitHub/saga_repo/install/actionlib_msgs/share/actionlib_msgs/environment/path.dsv
-- Installing: /home/cairlab/Documents/GitHub/saga_repo/install/actionlib_msgs/share/actionlib_msgs/local_setup.bash
-- Installing: /home/cairlab/Documents/GitHub/saga_repo/install/actionlib_msgs/share/actionlib_msgs/local_setup.sh
-- Installing: /home/cairlab/Documents/GitHub/saga_repo/install/actionlib_msgs/share/actionlib_msgs/local_setup.zsh
-- Installing: /home/cairlab/Documents/GitHub/saga_repo/install/actionlib_msgs/share/actionlib_msgs/local_setup.dsv
-- Installing: /home/cairlab/Documents/GitHub/saga_repo/install/actionlib_msgs/share/actionlib_msgs/package.dsv
-- Installing: /home/cairlab/Documents/GitHub/saga_repo/install/actionlib_msgs/share/ament_index/resource_index/packages/actionlib_msgs
-- Installing: /home/cairlab/Documents/GitHub/saga_repo/install/actionlib_msgs/share/actionlib_msgs/cmake/export_actionlib_msgs__rosidl_generator_cExport.cmake
-- Installing: /home/cairlab/Documents/GitHub/saga_repo/install/actionlib_msgs/share/actionlib_msgs/cmake/export_actionlib_msgs__rosidl_generator_cExport-noconfig.cmake
-- Installing: /home/cairlab/Documents/GitHub/saga_repo/install/actionlib_msgs/share/actionlib_msgs/cmake/export_actionlib_msgs__rosidl_typesupport_fastrtps_cExport.cmake
-- Installing: /home/cairlab/Documents/GitHub/saga_repo/install/actionlib_msgs/share/actionlib_msgs/cmake/export_actionlib_msgs__rosidl_typesupport_fastrtps_cExport-noconfig.cmake
-- Installing: /home/cairlab/Documents/GitHub/saga_repo/install/actionlib_msgs/share/actionlib_msgs/cmake/export_actionlib_msgs__rosidl_generator_cppExport.cmake
-- Installing: /home/cairlab/Documents/GitHub/saga_repo/install/actionlib_msgs/share/actionlib_msgs/cmake/export_actionlib_msgs__rosidl_typesupport_fastrtps_cppExport.cmake
-- Installing: /home/cairlab/Documents/GitHub/saga_repo/install/actionlib_msgs/share/actionlib_msgs/cmake/export_actionlib_msgs__rosidl_typesupport_fastrtps_cppExport-noconfig.cmake
-- Installing: /home/cairlab/Documents/GitHub/saga_repo/install/actionlib_msgs/share/actionlib_msgs/cmake/actionlib_msgs__rosidl_typesupport_introspection_cExport.cmake
-- Installing: /home/cairlab/Documents/GitHub/saga_repo/install/actionlib_msgs/share/actionlib_msgs/cmake/actionlib_msgs__rosidl_typesupport_introspection_cExport-noconfig.cmake
-- Installing: /home/cairlab/Documents/GitHub/saga_repo/install/actionlib_msgs/share/actionlib_msgs/cmake/actionlib_msgs__rosidl_typesupport_cExport.cmake
-- Installing: /home/cairlab/Documents/GitHub/saga_repo/install/actionlib_msgs/share/actionlib_msgs/cmake/actionlib_msgs__rosidl_typesupport_cExport-noconfig.cmake
-- Installing: /home/cairlab/Documents/GitHub/saga_repo/install/actionlib_msgs/share/actionlib_msgs/cmake/actionlib_msgs__rosidl_typesupport_introspection_cppExport.cmake
-- Installing: /home/cairlab/Documents/GitHub/saga_repo/install/actionlib_msgs/share/actionlib_msgs/cmake/actionlib_msgs__rosidl_typesupport_introspection_cppExport-noconfig.cmake
-- Installing: /home/cairlab/Documents/GitHub/saga_repo/install/actionlib_msgs/share/actionlib_msgs/cmake/actionlib_msgs__rosidl_typesupport_cppExport.cmake
-- Installing: /home/cairlab/Documents/GitHub/saga_repo/install/actionlib_msgs/share/actionlib_msgs/cmake/actionlib_msgs__rosidl_typesupport_cppExport-noconfig.cmake
-- Installing: /home/cairlab/Documents/GitHub/saga_repo/install/actionlib_msgs/share/actionlib_msgs/cmake/export_actionlib_msgs__rosidl_generator_pyExport.cmake
-- Installing: /home/cairlab/Documents/GitHub/saga_repo/install/actionlib_msgs/share/actionlib_msgs/cmake/export_actionlib_msgs__rosidl_generator_pyExport-noconfig.cmake
-- Installing: /home/cairlab/Documents/GitHub/saga_repo/install/actionlib_msgs/share/actionlib_msgs/cmake/rosidl_cmake-extras.cmake
-- Installing: /home/cairlab/Documents/GitHub/saga_repo/install/actionlib_msgs/share/actionlib_msgs/cmake/ament_cmake_export_dependencies-extras.cmake
-- Installing: /home/cairlab/Documents/GitHub/saga_repo/install/actionlib_msgs/share/actionlib_msgs/cmake/ament_cmake_export_include_directories-extras.cmake
-- Installing: /home/cairlab/Documents/GitHub/saga_repo/install/actionlib_msgs/share/actionlib_msgs/cmake/ament_cmake_export_libraries-extras.cmake
-- Installing: /home/cairlab/Documents/GitHub/saga_repo/install/actionlib_msgs/share/actionlib_msgs/cmake/ament_cmake_export_targets-extras.cmake
-- Installing: /home/cairlab/Documents/GitHub/saga_repo/install/actionlib_msgs/share/actionlib_msgs/cmake/rosidl_cmake_export_typesupport_targets-extras.cmake
-- Installing: /home/cairlab/Documents/GitHub/saga_repo/install/actionlib_msgs/share/actionlib_msgs/cmake/rosidl_cmake_export_typesupport_libraries-extras.cmake
-- Installing: /home/cairlab/Documents/GitHub/saga_repo/install/actionlib_msgs/share/actionlib_msgs/cmake/actionlib_msgsConfig.cmake
-- Installing: /home/cairlab/Documents/GitHub/saga_repo/install/actionlib_msgs/share/actionlib_msgs/cmake/actionlib_msgsConfig-version.cmake
-- Installing: /home/cairlab/Documents/GitHub/saga_repo/install/actionlib_msgs/share/actionlib_msgs/package.xml
