[0.010s] Invoking command in '/home/cairlab/Documents/GitHub/saga_repo/build/actionlib_msgs': AMENT_PREFIX_PATH=/home/cairlab/Documents/GitHub/saga_repo/install/std_msgs:${AMENT_PREFIX_PATH} CMAKE_PREFIX_PATH=/home/cairlab/Documents/GitHub/saga_repo/install/std_msgs:/opt/ros/humble LD_LIBRARY_PATH=/home/cairlab/Documents/GitHub/saga_repo/install/std_msgs/lib:${LD_LIBRARY_PATH} PYTHONPATH=/home/cairlab/Documents/GitHub/saga_repo/install/std_msgs/local/lib/python3.10/dist-packages:${PYTHONPATH} /usr/bin/cmake /home/cairlab/Documents/GitHub/saga_repo/ros2_thor/src/common_interfaces/actionlib_msgs -DCMAKE_INSTALL_PREFIX=/home/cairlab/Documents/GitHub/saga_repo/install/actionlib_msgs
[0.056s] -- The C compiler identification is GNU 11.4.0
[0.105s] -- The CXX compiler identification is GNU 11.4.0
[0.110s] -- Detecting C compiler ABI info
[0.170s] -- Detecting C compiler ABI info - done
[0.176s] -- Check for working C compiler: /usr/bin/cc - skipped
[0.177s] -- Detecting C compile features
[0.177s] -- Detecting C compile features - done
[0.179s] -- Detecting CXX compiler ABI info
[0.249s] -- Detecting CXX compiler ABI info - done
[0.257s] -- Check for working CXX compiler: /usr/bin/c++ - skipped
[0.257s] -- Detecting CXX compile features
[0.258s] -- Detecting CXX compile features - done
[0.260s] -- Found ament_cmake: 1.3.5 (/opt/ros/humble/share/ament_cmake/cmake)
[0.594s] -- Found Python3: /usr/bin/python3.10 (found version "3.10.12") found components: Interpreter 
[0.681s] -- Found builtin_interfaces: 1.2.1 (/opt/ros/humble/share/builtin_interfaces/cmake)
[0.723s] -- Found rosidl_generator_c: 3.1.5 (/opt/ros/humble/share/rosidl_generator_c/cmake)
[0.727s] -- Found rosidl_adapter: 3.1.5 (/opt/ros/humble/share/rosidl_adapter/cmake)
[0.735s] -- Found rosidl_generator_cpp: 3.1.5 (/opt/ros/humble/share/rosidl_generator_cpp/cmake)
[0.748s] -- Using all available rosidl_typesupport_c: rosidl_typesupport_fastrtps_c;rosidl_typesupport_introspection_c
[0.766s] -- Using all available rosidl_typesupport_cpp: rosidl_typesupport_fastrtps_cpp;rosidl_typesupport_introspection_cpp
[0.783s] -- Found rosidl_default_generators: 1.2.0 (/opt/ros/humble/share/rosidl_default_generators/cmake)
[0.790s] -- Found std_msgs: 5.2.0 (/home/cairlab/Documents/GitHub/saga_repo/install/std_msgs/share/std_msgs/cmake)
[1.068s] -- Found ament_cmake_cppcheck: 0.12.7 (/opt/ros/humble/share/ament_cmake_cppcheck/cmake)
[1.070s] -- Found ament_cmake_cpplint: 0.12.7 (/opt/ros/humble/share/ament_cmake_cpplint/cmake)
[1.072s] -- Found ament_cmake_uncrustify: 0.12.7 (/opt/ros/humble/share/ament_cmake_uncrustify/cmake)
[1.074s] -- Found ament_cmake_ros: 0.10.0 (/opt/ros/humble/share/ament_cmake_ros/cmake)
[1.414s] -- Using all available rosidl_typesupport_c: rosidl_typesupport_fastrtps_c;rosidl_typesupport_introspection_c
[1.551s] -- Using all available rosidl_typesupport_cpp: rosidl_typesupport_fastrtps_cpp;rosidl_typesupport_introspection_cpp
[1.575s] -- Found PythonInterp: /usr/bin/python3 (found suitable version "3.10.12", minimum required is "3.6") 
[1.577s] -- Found python_cmake_module: 0.10.0 (/opt/ros/humble/share/python_cmake_module/cmake)
[1.598s] -- Found PythonLibs: /usr/lib/x86_64-linux-gnu/libpython3.10.so (found suitable version "3.10.12", minimum required is "3.5") 
[1.598s] -- Using PYTHON_EXECUTABLE: /usr/bin/python3
[1.598s] -- Using PYTHON_INCLUDE_DIRS: /usr/include/python3.10
[1.598s] -- Using PYTHON_LIBRARIES: /usr/lib/x86_64-linux-gnu/libpython3.10.so
[1.616s] -- Found PythonExtra: .so  
[1.664s] -- Found ament_cmake_flake8: 0.12.7 (/opt/ros/humble/share/ament_cmake_flake8/cmake)
[1.666s] -- Found ament_cmake_pep257: 0.12.7 (/opt/ros/humble/share/ament_cmake_pep257/cmake)
[1.674s] -- Configuring done
[1.718s] -- Generating done
[1.722s] -- Build files have been written to: /home/cairlab/Documents/GitHub/saga_repo/build/actionlib_msgs
[1.731s] Invoked command in '/home/cairlab/Documents/GitHub/saga_repo/build/actionlib_msgs' returned '0': AMENT_PREFIX_PATH=/home/cairlab/Documents/GitHub/saga_repo/install/std_msgs:${AMENT_PREFIX_PATH} CMAKE_PREFIX_PATH=/home/cairlab/Documents/GitHub/saga_repo/install/std_msgs:/opt/ros/humble LD_LIBRARY_PATH=/home/cairlab/Documents/GitHub/saga_repo/install/std_msgs/lib:${LD_LIBRARY_PATH} PYTHONPATH=/home/cairlab/Documents/GitHub/saga_repo/install/std_msgs/local/lib/python3.10/dist-packages:${PYTHONPATH} /usr/bin/cmake /home/cairlab/Documents/GitHub/saga_repo/ros2_thor/src/common_interfaces/actionlib_msgs -DCMAKE_INSTALL_PREFIX=/home/cairlab/Documents/GitHub/saga_repo/install/actionlib_msgs
[1.732s] Invoking command in '/home/cairlab/Documents/GitHub/saga_repo/build/actionlib_msgs': AMENT_PREFIX_PATH=/home/cairlab/Documents/GitHub/saga_repo/install/std_msgs:${AMENT_PREFIX_PATH} CMAKE_PREFIX_PATH=/home/cairlab/Documents/GitHub/saga_repo/install/std_msgs:/opt/ros/humble LD_LIBRARY_PATH=/home/cairlab/Documents/GitHub/saga_repo/install/std_msgs/lib:${LD_LIBRARY_PATH} PYTHONPATH=/home/cairlab/Documents/GitHub/saga_repo/install/std_msgs/local/lib/python3.10/dist-packages:${PYTHONPATH} /usr/bin/cmake --build /home/cairlab/Documents/GitHub/saga_repo/build/actionlib_msgs -- -j12 -l12
[1.766s] [  2%] [34m[1mGenerating C code for ROS interfaces[0m
[1.776s] [  4%] [34m[1mGenerating C++ code for ROS interfaces[0m
[1.784s] [  4%] Built target ament_cmake_python_copy_actionlib_msgs
[1.991s] running egg_info
[1.992s] creating actionlib_msgs.egg-info
[2.007s] writing actionlib_msgs.egg-info/PKG-INFO
[2.007s] writing dependency_links to actionlib_msgs.egg-info/dependency_links.txt
[2.007s] writing top-level names to actionlib_msgs.egg-info/top_level.txt
[2.007s] writing manifest file 'actionlib_msgs.egg-info/SOURCES.txt'
[2.050s] reading manifest file 'actionlib_msgs.egg-info/SOURCES.txt'
[2.050s] writing manifest file 'actionlib_msgs.egg-info/SOURCES.txt'
[2.076s] [  4%] Built target ament_cmake_python_build_actionlib_msgs_egg
[2.318s] [  4%] Built target actionlib_msgs__cpp
[2.327s] [  8%] [34m[1mGenerating C++ type support for eProsima Fast-RTPS[0m
[2.328s] [ 10%] [34m[1mGenerating C++ introspection for ROS interfaces[0m
[2.328s] [  8%] [34m[1mGenerating C++ type support dispatch for ROS interfaces[0m
[2.343s] [ 14%] [32mBuilding C object CMakeFiles/actionlib_msgs__rosidl_generator_c.dir/rosidl_generator_c/actionlib_msgs/msg/detail/goal_status__functions.c.o[0m
[2.343s] [ 17%] [32mBuilding C object CMakeFiles/actionlib_msgs__rosidl_generator_c.dir/rosidl_generator_c/actionlib_msgs/msg/detail/goal_status_array__functions.c.o[0m
[2.343s] [ 14%] [32mBuilding C object CMakeFiles/actionlib_msgs__rosidl_generator_c.dir/rosidl_generator_c/actionlib_msgs/msg/detail/goal_id__functions.c.o[0m
[2.408s] [ 19%] [32m[1mLinking C shared library libactionlib_msgs__rosidl_generator_c.so[0m
[2.442s] [ 19%] Built target actionlib_msgs__rosidl_generator_c
[2.453s] [ 21%] [34m[1mGenerating C type support for eProsima Fast-RTPS[0m
[2.453s] [ 25%] [34m[1mGenerating C introspection for ROS interfaces[0m
[2.454s] [ 25%] [34m[1mGenerating C type support dispatch for ROS interfaces[0m
[2.814s] [ 31%] [32mBuilding CXX object CMakeFiles/actionlib_msgs__rosidl_typesupport_cpp.dir/rosidl_typesupport_cpp/actionlib_msgs/msg/goal_status_array__type_support.cpp.o[0m
[2.814s] [ 31%] [32mBuilding CXX object CMakeFiles/actionlib_msgs__rosidl_typesupport_cpp.dir/rosidl_typesupport_cpp/actionlib_msgs/msg/goal_status__type_support.cpp.o[0m
[2.814s] [ 31%] [32mBuilding CXX object CMakeFiles/actionlib_msgs__rosidl_typesupport_cpp.dir/rosidl_typesupport_cpp/actionlib_msgs/msg/goal_id__type_support.cpp.o[0m
[2.880s] [ 36%] [32mBuilding CXX object CMakeFiles/actionlib_msgs__rosidl_typesupport_introspection_cpp.dir/rosidl_typesupport_introspection_cpp/actionlib_msgs/msg/detail/goal_status_array__type_support.cpp.o[0m
[2.880s] [ 36%] [32mBuilding CXX object CMakeFiles/actionlib_msgs__rosidl_typesupport_introspection_cpp.dir/rosidl_typesupport_introspection_cpp/actionlib_msgs/msg/detail/goal_status__type_support.cpp.o[0m
[2.890s] [ 38%] [32mBuilding CXX object CMakeFiles/actionlib_msgs__rosidl_typesupport_introspection_cpp.dir/rosidl_typesupport_introspection_cpp/actionlib_msgs/msg/detail/goal_id__type_support.cpp.o[0m
[2.994s] [ 40%] [32mBuilding CXX object CMakeFiles/actionlib_msgs__rosidl_typesupport_fastrtps_cpp.dir/rosidl_typesupport_fastrtps_cpp/actionlib_msgs/msg/detail/dds_fastrtps/goal_id__type_support.cpp.o[0m
[2.999s] [ 44%] [32mBuilding CXX object CMakeFiles/actionlib_msgs__rosidl_typesupport_fastrtps_cpp.dir/rosidl_typesupport_fastrtps_cpp/actionlib_msgs/msg/detail/dds_fastrtps/goal_status__type_support.cpp.o[0m
[3.010s] [ 44%] [32mBuilding CXX object CMakeFiles/actionlib_msgs__rosidl_typesupport_fastrtps_cpp.dir/rosidl_typesupport_fastrtps_cpp/actionlib_msgs/msg/detail/dds_fastrtps/goal_status_array__type_support.cpp.o[0m
[3.195s] [ 48%] [32mBuilding CXX object CMakeFiles/actionlib_msgs__rosidl_typesupport_fastrtps_c.dir/rosidl_typesupport_fastrtps_c/actionlib_msgs/msg/detail/goal_status__type_support_c.cpp.o[0m
[3.195s] [ 48%] [32mBuilding CXX object CMakeFiles/actionlib_msgs__rosidl_typesupport_fastrtps_c.dir/rosidl_typesupport_fastrtps_c/actionlib_msgs/msg/detail/goal_id__type_support_c.cpp.o[0m
[3.219s] [ 51%] [32mBuilding CXX object CMakeFiles/actionlib_msgs__rosidl_typesupport_fastrtps_c.dir/rosidl_typesupport_fastrtps_c/actionlib_msgs/msg/detail/goal_status_array__type_support_c.cpp.o[0m
[3.278s] [ 53%] [32mBuilding CXX object CMakeFiles/actionlib_msgs__rosidl_typesupport_c.dir/rosidl_typesupport_c/actionlib_msgs/msg/goal_id__type_support.cpp.o[0m
[3.320s] [ 55%] [32m[1mLinking CXX shared library libactionlib_msgs__rosidl_typesupport_cpp.so[0m
[3.363s] [ 57%] [32mBuilding C object CMakeFiles/actionlib_msgs__rosidl_typesupport_introspection_c.dir/rosidl_typesupport_introspection_c/actionlib_msgs/msg/detail/goal_id__type_support.c.o[0m
[3.386s] [ 59%] [32mBuilding CXX object CMakeFiles/actionlib_msgs__rosidl_typesupport_c.dir/rosidl_typesupport_c/actionlib_msgs/msg/goal_status__type_support.cpp.o[0m
[3.412s] [ 59%] Built target actionlib_msgs__rosidl_typesupport_cpp
[3.448s] [ 61%] [32mBuilding C object CMakeFiles/actionlib_msgs__rosidl_typesupport_introspection_c.dir/rosidl_typesupport_introspection_c/actionlib_msgs/msg/detail/goal_status__type_support.c.o[0m
[3.471s] [ 63%] [32mBuilding CXX object CMakeFiles/actionlib_msgs__rosidl_typesupport_c.dir/rosidl_typesupport_c/actionlib_msgs/msg/goal_status_array__type_support.cpp.o[0m
[3.516s] [ 65%] [32mBuilding C object CMakeFiles/actionlib_msgs__rosidl_typesupport_introspection_c.dir/rosidl_typesupport_introspection_c/actionlib_msgs/msg/detail/goal_status_array__type_support.c.o[0m
[3.579s] [ 68%] [32m[1mLinking C shared library libactionlib_msgs__rosidl_typesupport_introspection_c.so[0m
[3.586s] [ 70%] [32m[1mLinking CXX shared library libactionlib_msgs__rosidl_typesupport_c.so[0m
[3.632s] [ 70%] Built target actionlib_msgs__rosidl_typesupport_introspection_c
[3.647s] [ 72%] [32m[1mLinking CXX shared library libactionlib_msgs__rosidl_typesupport_introspection_cpp.so[0m
[3.651s] [ 72%] Built target actionlib_msgs__rosidl_typesupport_c
[3.735s] [ 72%] Built target actionlib_msgs__rosidl_typesupport_introspection_cpp
[3.757s] [ 74%] [32m[1mLinking CXX shared library libactionlib_msgs__rosidl_typesupport_fastrtps_cpp.so[0m
[3.821s] [ 76%] [32m[1mLinking CXX shared library libactionlib_msgs__rosidl_typesupport_fastrtps_c.so[0m
[3.834s] [ 76%] Built target actionlib_msgs__rosidl_typesupport_fastrtps_cpp
[3.887s] [ 76%] Built target actionlib_msgs__rosidl_typesupport_fastrtps_c
[3.905s] [ 76%] Built target actionlib_msgs
[3.923s] [ 78%] [34m[1mGenerating Python code for ROS interfaces[0m
[4.960s] [ 78%] Built target actionlib_msgs__py
[4.982s] [ 82%] [32mBuilding C object CMakeFiles/actionlib_msgs__rosidl_generator_py.dir/rosidl_generator_py/actionlib_msgs/msg/_goal_status_array_s.c.o[0m
[4.982s] [ 82%] [32mBuilding C object CMakeFiles/actionlib_msgs__rosidl_generator_py.dir/rosidl_generator_py/actionlib_msgs/msg/_goal_status_s.c.o[0m
[4.984s] [ 85%] [32mBuilding C object CMakeFiles/actionlib_msgs__rosidl_generator_py.dir/rosidl_generator_py/actionlib_msgs/msg/_goal_id_s.c.o[0m
[5.129s] [ 87%] [32m[1mLinking C shared library rosidl_generator_py/actionlib_msgs/libactionlib_msgs__rosidl_generator_py.so[0m
[5.182s] [ 87%] Built target actionlib_msgs__rosidl_generator_py
[5.208s] [ 93%] [32mBuilding C object CMakeFiles/actionlib_msgs__rosidl_typesupport_fastrtps_c__pyext.dir/rosidl_generator_py/actionlib_msgs/_actionlib_msgs_s.ep.rosidl_typesupport_fastrtps_c.c.o[0m
[5.208s] [ 93%] [32mBuilding C object CMakeFiles/actionlib_msgs__rosidl_typesupport_c__pyext.dir/rosidl_generator_py/actionlib_msgs/_actionlib_msgs_s.ep.rosidl_typesupport_c.c.o[0m
[5.208s] [ 93%] [32mBuilding C object CMakeFiles/actionlib_msgs__rosidl_typesupport_introspection_c__pyext.dir/rosidl_generator_py/actionlib_msgs/_actionlib_msgs_s.ep.rosidl_typesupport_introspection_c.c.o[0m
[5.357s] [ 95%] [32m[1mLinking C shared library rosidl_generator_py/actionlib_msgs/actionlib_msgs_s__rosidl_typesupport_c.cpython-310-x86_64-linux-gnu.so[0m
[5.360s] [ 97%] [32m[1mLinking C shared library rosidl_generator_py/actionlib_msgs/actionlib_msgs_s__rosidl_typesupport_introspection_c.cpython-310-x86_64-linux-gnu.so[0m
[5.363s] [100%] [32m[1mLinking C shared library rosidl_generator_py/actionlib_msgs/actionlib_msgs_s__rosidl_typesupport_fastrtps_c.cpython-310-x86_64-linux-gnu.so[0m
[5.411s] [100%] Built target actionlib_msgs__rosidl_typesupport_c__pyext
[5.416s] [100%] Built target actionlib_msgs__rosidl_typesupport_introspection_c__pyext
[5.417s] [100%] Built target actionlib_msgs__rosidl_typesupport_fastrtps_c__pyext
[5.429s] Invoked command in '/home/cairlab/Documents/GitHub/saga_repo/build/actionlib_msgs' returned '0': AMENT_PREFIX_PATH=/home/cairlab/Documents/GitHub/saga_repo/install/std_msgs:${AMENT_PREFIX_PATH} CMAKE_PREFIX_PATH=/home/cairlab/Documents/GitHub/saga_repo/install/std_msgs:/opt/ros/humble LD_LIBRARY_PATH=/home/cairlab/Documents/GitHub/saga_repo/install/std_msgs/lib:${LD_LIBRARY_PATH} PYTHONPATH=/home/cairlab/Documents/GitHub/saga_repo/install/std_msgs/local/lib/python3.10/dist-packages:${PYTHONPATH} /usr/bin/cmake --build /home/cairlab/Documents/GitHub/saga_repo/build/actionlib_msgs -- -j12 -l12
[5.520s] Invoking command in '/home/cairlab/Documents/GitHub/saga_repo/build/actionlib_msgs': AMENT_PREFIX_PATH=/home/cairlab/Documents/GitHub/saga_repo/install/std_msgs:${AMENT_PREFIX_PATH} CMAKE_PREFIX_PATH=/home/cairlab/Documents/GitHub/saga_repo/install/std_msgs:/opt/ros/humble LD_LIBRARY_PATH=/home/cairlab/Documents/GitHub/saga_repo/install/std_msgs/lib:${LD_LIBRARY_PATH} PYTHONPATH=/home/cairlab/Documents/GitHub/saga_repo/install/std_msgs/local/lib/python3.10/dist-packages:${PYTHONPATH} /usr/bin/cmake --install /home/cairlab/Documents/GitHub/saga_repo/build/actionlib_msgs
[5.528s] -- Install configuration: ""
[5.528s] -- Installing: /home/cairlab/Documents/GitHub/saga_repo/install/actionlib_msgs/share/ament_index/resource_index/rosidl_interfaces/actionlib_msgs
[5.528s] -- Installing: /home/cairlab/Documents/GitHub/saga_repo/install/actionlib_msgs/include/actionlib_msgs/actionlib_msgs
[5.528s] -- Installing: /home/cairlab/Documents/GitHub/saga_repo/install/actionlib_msgs/include/actionlib_msgs/actionlib_msgs/msg
[5.528s] -- Installing: /home/cairlab/Documents/GitHub/saga_repo/install/actionlib_msgs/include/actionlib_msgs/actionlib_msgs/msg/goal_id.h
[5.528s] -- Installing: /home/cairlab/Documents/GitHub/saga_repo/install/actionlib_msgs/include/actionlib_msgs/actionlib_msgs/msg/goal_status_array.h
[5.528s] -- Installing: /home/cairlab/Documents/GitHub/saga_repo/install/actionlib_msgs/include/actionlib_msgs/actionlib_msgs/msg/rosidl_generator_c__visibility_control.h
[5.529s] -- Installing: /home/cairlab/Documents/GitHub/saga_repo/install/actionlib_msgs/include/actionlib_msgs/actionlib_msgs/msg/goal_status.h
[5.529s] -- Installing: /home/cairlab/Documents/GitHub/saga_repo/install/actionlib_msgs/include/actionlib_msgs/actionlib_msgs/msg/detail
[5.529s] -- Installing: /home/cairlab/Documents/GitHub/saga_repo/install/actionlib_msgs/include/actionlib_msgs/actionlib_msgs/msg/detail/goal_id__struct.h
[5.529s] -- Installing: /home/cairlab/Documents/GitHub/saga_repo/install/actionlib_msgs/include/actionlib_msgs/actionlib_msgs/msg/detail/goal_status__type_support.h
[5.529s] -- Installing: /home/cairlab/Documents/GitHub/saga_repo/install/actionlib_msgs/include/actionlib_msgs/actionlib_msgs/msg/detail/goal_status_array__type_support.h
[5.529s] -- Installing: /home/cairlab/Documents/GitHub/saga_repo/install/actionlib_msgs/include/actionlib_msgs/actionlib_msgs/msg/detail/goal_status__functions.c
[5.529s] -- Installing: /home/cairlab/Documents/GitHub/saga_repo/install/actionlib_msgs/include/actionlib_msgs/actionlib_msgs/msg/detail/goal_id__functions.c
[5.530s] -- Installing: /home/cairlab/Documents/GitHub/saga_repo/install/actionlib_msgs/include/actionlib_msgs/actionlib_msgs/msg/detail/goal_status_array__functions.h
[5.530s] -- Installing: /home/cairlab/Documents/GitHub/saga_repo/install/actionlib_msgs/include/actionlib_msgs/actionlib_msgs/msg/detail/goal_id__functions.h
[5.530s] -- Installing: /home/cairlab/Documents/GitHub/saga_repo/install/actionlib_msgs/include/actionlib_msgs/actionlib_msgs/msg/detail/goal_status__functions.h
[5.530s] -- Installing: /home/cairlab/Documents/GitHub/saga_repo/install/actionlib_msgs/include/actionlib_msgs/actionlib_msgs/msg/detail/goal_status_array__struct.h
[5.530s] -- Installing: /home/cairlab/Documents/GitHub/saga_repo/install/actionlib_msgs/include/actionlib_msgs/actionlib_msgs/msg/detail/goal_status_array__functions.c
[5.530s] -- Installing: /home/cairlab/Documents/GitHub/saga_repo/install/actionlib_msgs/include/actionlib_msgs/actionlib_msgs/msg/detail/goal_id__type_support.h
[5.530s] -- Installing: /home/cairlab/Documents/GitHub/saga_repo/install/actionlib_msgs/include/actionlib_msgs/actionlib_msgs/msg/detail/goal_status__struct.h
[5.531s] -- Installing: /home/cairlab/Documents/GitHub/saga_repo/install/actionlib_msgs/share/actionlib_msgs/environment/library_path.sh
[5.531s] -- Installing: /home/cairlab/Documents/GitHub/saga_repo/install/actionlib_msgs/share/actionlib_msgs/environment/library_path.dsv
[5.532s] -- Installing: /home/cairlab/Documents/GitHub/saga_repo/install/actionlib_msgs/lib/libactionlib_msgs__rosidl_generator_c.so
[5.532s] -- Set runtime path of "/home/cairlab/Documents/GitHub/saga_repo/install/actionlib_msgs/lib/libactionlib_msgs__rosidl_generator_c.so" to ""
[5.532s] -- Up-to-date: /home/cairlab/Documents/GitHub/saga_repo/install/actionlib_msgs/include/actionlib_msgs/actionlib_msgs
[5.532s] -- Up-to-date: /home/cairlab/Documents/GitHub/saga_repo/install/actionlib_msgs/include/actionlib_msgs/actionlib_msgs/msg
[5.533s] -- Installing: /home/cairlab/Documents/GitHub/saga_repo/install/actionlib_msgs/include/actionlib_msgs/actionlib_msgs/msg/rosidl_typesupport_fastrtps_c__visibility_control.h
[5.533s] -- Up-to-date: /home/cairlab/Documents/GitHub/saga_repo/install/actionlib_msgs/include/actionlib_msgs/actionlib_msgs/msg/detail
[5.533s] -- Installing: /home/cairlab/Documents/GitHub/saga_repo/install/actionlib_msgs/include/actionlib_msgs/actionlib_msgs/msg/detail/goal_status__rosidl_typesupport_fastrtps_c.h
[5.533s] -- Installing: /home/cairlab/Documents/GitHub/saga_repo/install/actionlib_msgs/include/actionlib_msgs/actionlib_msgs/msg/detail/goal_id__rosidl_typesupport_fastrtps_c.h
[5.533s] -- Installing: /home/cairlab/Documents/GitHub/saga_repo/install/actionlib_msgs/include/actionlib_msgs/actionlib_msgs/msg/detail/goal_status_array__rosidl_typesupport_fastrtps_c.h
[5.534s] -- Installing: /home/cairlab/Documents/GitHub/saga_repo/install/actionlib_msgs/lib/libactionlib_msgs__rosidl_typesupport_fastrtps_c.so
[5.534s] -- Set runtime path of "/home/cairlab/Documents/GitHub/saga_repo/install/actionlib_msgs/lib/libactionlib_msgs__rosidl_typesupport_fastrtps_c.so" to ""
[5.535s] -- Up-to-date: /home/cairlab/Documents/GitHub/saga_repo/install/actionlib_msgs/include/actionlib_msgs/actionlib_msgs
[5.535s] -- Up-to-date: /home/cairlab/Documents/GitHub/saga_repo/install/actionlib_msgs/include/actionlib_msgs/actionlib_msgs/msg
[5.535s] -- Installing: /home/cairlab/Documents/GitHub/saga_repo/install/actionlib_msgs/include/actionlib_msgs/actionlib_msgs/msg/goal_id.hpp
[5.535s] -- Installing: /home/cairlab/Documents/GitHub/saga_repo/install/actionlib_msgs/include/actionlib_msgs/actionlib_msgs/msg/goal_status_array.hpp
[5.535s] -- Installing: /home/cairlab/Documents/GitHub/saga_repo/install/actionlib_msgs/include/actionlib_msgs/actionlib_msgs/msg/goal_status.hpp
[5.535s] -- Up-to-date: /home/cairlab/Documents/GitHub/saga_repo/install/actionlib_msgs/include/actionlib_msgs/actionlib_msgs/msg/detail
[5.535s] -- Installing: /home/cairlab/Documents/GitHub/saga_repo/install/actionlib_msgs/include/actionlib_msgs/actionlib_msgs/msg/detail/goal_id__struct.hpp
[5.536s] -- Installing: /home/cairlab/Documents/GitHub/saga_repo/install/actionlib_msgs/include/actionlib_msgs/actionlib_msgs/msg/detail/goal_status__builder.hpp
[5.536s] -- Installing: /home/cairlab/Documents/GitHub/saga_repo/install/actionlib_msgs/include/actionlib_msgs/actionlib_msgs/msg/detail/goal_id__traits.hpp
[5.541s] -- Installing: /home/cairlab/Documents/GitHub/saga_repo/install/actionlib_msgs/include/actionlib_msgs/actionlib_msgs/msg/detail/goal_id__builder.hpp
[5.542s] -- Installing: /home/cairlab/Documents/GitHub/saga_repo/install/actionlib_msgs/include/actionlib_msgs/actionlib_msgs/msg/detail/goal_status__struct.hpp
[5.542s] -- Installing: /home/cairlab/Documents/GitHub/saga_repo/install/actionlib_msgs/include/actionlib_msgs/actionlib_msgs/msg/detail/goal_status_array__builder.hpp
[5.542s] -- Installing: /home/cairlab/Documents/GitHub/saga_repo/install/actionlib_msgs/include/actionlib_msgs/actionlib_msgs/msg/detail/goal_status__traits.hpp
[5.542s] -- Installing: /home/cairlab/Documents/GitHub/saga_repo/install/actionlib_msgs/include/actionlib_msgs/actionlib_msgs/msg/detail/goal_status_array__traits.hpp
[5.542s] -- Installing: /home/cairlab/Documents/GitHub/saga_repo/install/actionlib_msgs/include/actionlib_msgs/actionlib_msgs/msg/detail/goal_status_array__struct.hpp
[5.542s] -- Up-to-date: /home/cairlab/Documents/GitHub/saga_repo/install/actionlib_msgs/include/actionlib_msgs/actionlib_msgs
[5.542s] -- Up-to-date: /home/cairlab/Documents/GitHub/saga_repo/install/actionlib_msgs/include/actionlib_msgs/actionlib_msgs/msg
[5.543s] -- Installing: /home/cairlab/Documents/GitHub/saga_repo/install/actionlib_msgs/include/actionlib_msgs/actionlib_msgs/msg/rosidl_typesupport_fastrtps_cpp__visibility_control.h
[5.543s] -- Up-to-date: /home/cairlab/Documents/GitHub/saga_repo/install/actionlib_msgs/include/actionlib_msgs/actionlib_msgs/msg/detail
[5.543s] -- Installing: /home/cairlab/Documents/GitHub/saga_repo/install/actionlib_msgs/include/actionlib_msgs/actionlib_msgs/msg/detail/goal_status__rosidl_typesupport_fastrtps_cpp.hpp
[5.543s] -- Installing: /home/cairlab/Documents/GitHub/saga_repo/install/actionlib_msgs/include/actionlib_msgs/actionlib_msgs/msg/detail/goal_id__rosidl_typesupport_fastrtps_cpp.hpp
[5.543s] -- Installing: /home/cairlab/Documents/GitHub/saga_repo/install/actionlib_msgs/include/actionlib_msgs/actionlib_msgs/msg/detail/goal_status_array__rosidl_typesupport_fastrtps_cpp.hpp
[5.543s] -- Installing: /home/cairlab/Documents/GitHub/saga_repo/install/actionlib_msgs/include/actionlib_msgs/actionlib_msgs/msg/detail/dds_fastrtps
[5.543s] -- Installing: /home/cairlab/Documents/GitHub/saga_repo/install/actionlib_msgs/lib/libactionlib_msgs__rosidl_typesupport_fastrtps_cpp.so
[5.543s] -- Set runtime path of "/home/cairlab/Documents/GitHub/saga_repo/install/actionlib_msgs/lib/libactionlib_msgs__rosidl_typesupport_fastrtps_cpp.so" to ""
[5.543s] -- Up-to-date: /home/cairlab/Documents/GitHub/saga_repo/install/actionlib_msgs/include/actionlib_msgs/actionlib_msgs
[5.543s] -- Up-to-date: /home/cairlab/Documents/GitHub/saga_repo/install/actionlib_msgs/include/actionlib_msgs/actionlib_msgs/msg
[5.543s] -- Installing: /home/cairlab/Documents/GitHub/saga_repo/install/actionlib_msgs/include/actionlib_msgs/actionlib_msgs/msg/rosidl_typesupport_introspection_c__visibility_control.h
[5.543s] -- Up-to-date: /home/cairlab/Documents/GitHub/saga_repo/install/actionlib_msgs/include/actionlib_msgs/actionlib_msgs/msg/detail
[5.544s] -- Installing: /home/cairlab/Documents/GitHub/saga_repo/install/actionlib_msgs/include/actionlib_msgs/actionlib_msgs/msg/detail/goal_status_array__rosidl_typesupport_introspection_c.h
[5.544s] -- Installing: /home/cairlab/Documents/GitHub/saga_repo/install/actionlib_msgs/include/actionlib_msgs/actionlib_msgs/msg/detail/goal_status__rosidl_typesupport_introspection_c.h
[5.544s] -- Installing: /home/cairlab/Documents/GitHub/saga_repo/install/actionlib_msgs/include/actionlib_msgs/actionlib_msgs/msg/detail/goal_id__rosidl_typesupport_introspection_c.h
[5.544s] -- Installing: /home/cairlab/Documents/GitHub/saga_repo/install/actionlib_msgs/include/actionlib_msgs/actionlib_msgs/msg/detail/goal_id__type_support.c
[5.544s] -- Installing: /home/cairlab/Documents/GitHub/saga_repo/install/actionlib_msgs/include/actionlib_msgs/actionlib_msgs/msg/detail/goal_status_array__type_support.c
[5.544s] -- Installing: /home/cairlab/Documents/GitHub/saga_repo/install/actionlib_msgs/include/actionlib_msgs/actionlib_msgs/msg/detail/goal_status__type_support.c
[5.544s] -- Installing: /home/cairlab/Documents/GitHub/saga_repo/install/actionlib_msgs/lib/libactionlib_msgs__rosidl_typesupport_introspection_c.so
[5.544s] -- Set runtime path of "/home/cairlab/Documents/GitHub/saga_repo/install/actionlib_msgs/lib/libactionlib_msgs__rosidl_typesupport_introspection_c.so" to ""
[5.544s] -- Installing: /home/cairlab/Documents/GitHub/saga_repo/install/actionlib_msgs/lib/libactionlib_msgs__rosidl_typesupport_c.so
[5.544s] -- Set runtime path of "/home/cairlab/Documents/GitHub/saga_repo/install/actionlib_msgs/lib/libactionlib_msgs__rosidl_typesupport_c.so" to ""
[5.544s] -- Up-to-date: /home/cairlab/Documents/GitHub/saga_repo/install/actionlib_msgs/include/actionlib_msgs/actionlib_msgs
[5.545s] -- Up-to-date: /home/cairlab/Documents/GitHub/saga_repo/install/actionlib_msgs/include/actionlib_msgs/actionlib_msgs/msg
[5.545s] -- Up-to-date: /home/cairlab/Documents/GitHub/saga_repo/install/actionlib_msgs/include/actionlib_msgs/actionlib_msgs/msg/detail
[5.545s] -- Installing: /home/cairlab/Documents/GitHub/saga_repo/install/actionlib_msgs/include/actionlib_msgs/actionlib_msgs/msg/detail/goal_status__type_support.cpp
[5.545s] -- Installing: /home/cairlab/Documents/GitHub/saga_repo/install/actionlib_msgs/include/actionlib_msgs/actionlib_msgs/msg/detail/goal_status_array__type_support.cpp
[5.545s] -- Installing: /home/cairlab/Documents/GitHub/saga_repo/install/actionlib_msgs/include/actionlib_msgs/actionlib_msgs/msg/detail/goal_status_array__rosidl_typesupport_introspection_cpp.hpp
[5.545s] -- Installing: /home/cairlab/Documents/GitHub/saga_repo/install/actionlib_msgs/include/actionlib_msgs/actionlib_msgs/msg/detail/goal_id__rosidl_typesupport_introspection_cpp.hpp
[5.545s] -- Installing: /home/cairlab/Documents/GitHub/saga_repo/install/actionlib_msgs/include/actionlib_msgs/actionlib_msgs/msg/detail/goal_id__type_support.cpp
[5.545s] -- Installing: /home/cairlab/Documents/GitHub/saga_repo/install/actionlib_msgs/include/actionlib_msgs/actionlib_msgs/msg/detail/goal_status__rosidl_typesupport_introspection_cpp.hpp
[5.545s] -- Installing: /home/cairlab/Documents/GitHub/saga_repo/install/actionlib_msgs/lib/libactionlib_msgs__rosidl_typesupport_introspection_cpp.so
[5.545s] -- Set runtime path of "/home/cairlab/Documents/GitHub/saga_repo/install/actionlib_msgs/lib/libactionlib_msgs__rosidl_typesupport_introspection_cpp.so" to ""
[5.545s] -- Installing: /home/cairlab/Documents/GitHub/saga_repo/install/actionlib_msgs/lib/libactionlib_msgs__rosidl_typesupport_cpp.so
[5.546s] -- Set runtime path of "/home/cairlab/Documents/GitHub/saga_repo/install/actionlib_msgs/lib/libactionlib_msgs__rosidl_typesupport_cpp.so" to ""
[5.546s] -- Installing: /home/cairlab/Documents/GitHub/saga_repo/install/actionlib_msgs/share/actionlib_msgs/environment/pythonpath.sh
[5.546s] -- Installing: /home/cairlab/Documents/GitHub/saga_repo/install/actionlib_msgs/share/actionlib_msgs/environment/pythonpath.dsv
[5.546s] -- Installing: /home/cairlab/Documents/GitHub/saga_repo/install/actionlib_msgs/local/lib/python3.10/dist-packages/actionlib_msgs-5.2.0-py3.10.egg-info
[5.546s] -- Installing: /home/cairlab/Documents/GitHub/saga_repo/install/actionlib_msgs/local/lib/python3.10/dist-packages/actionlib_msgs-5.2.0-py3.10.egg-info/dependency_links.txt
[5.546s] -- Installing: /home/cairlab/Documents/GitHub/saga_repo/install/actionlib_msgs/local/lib/python3.10/dist-packages/actionlib_msgs-5.2.0-py3.10.egg-info/PKG-INFO
[5.546s] -- Installing: /home/cairlab/Documents/GitHub/saga_repo/install/actionlib_msgs/local/lib/python3.10/dist-packages/actionlib_msgs-5.2.0-py3.10.egg-info/SOURCES.txt
[5.546s] -- Installing: /home/cairlab/Documents/GitHub/saga_repo/install/actionlib_msgs/local/lib/python3.10/dist-packages/actionlib_msgs-5.2.0-py3.10.egg-info/top_level.txt
[5.546s] -- Installing: /home/cairlab/Documents/GitHub/saga_repo/install/actionlib_msgs/local/lib/python3.10/dist-packages/actionlib_msgs
[5.546s] -- Installing: /home/cairlab/Documents/GitHub/saga_repo/install/actionlib_msgs/local/lib/python3.10/dist-packages/actionlib_msgs/libactionlib_msgs__rosidl_generator_py.so
[5.546s] -- Installing: /home/cairlab/Documents/GitHub/saga_repo/install/actionlib_msgs/local/lib/python3.10/dist-packages/actionlib_msgs/actionlib_msgs_s__rosidl_typesupport_fastrtps_c.cpython-310-x86_64-linux-gnu.so
[5.546s] -- Installing: /home/cairlab/Documents/GitHub/saga_repo/install/actionlib_msgs/local/lib/python3.10/dist-packages/actionlib_msgs/_actionlib_msgs_s.ep.rosidl_typesupport_fastrtps_c.c
[5.547s] -- Installing: /home/cairlab/Documents/GitHub/saga_repo/install/actionlib_msgs/local/lib/python3.10/dist-packages/actionlib_msgs/__init__.py
[5.547s] -- Installing: /home/cairlab/Documents/GitHub/saga_repo/install/actionlib_msgs/local/lib/python3.10/dist-packages/actionlib_msgs/actionlib_msgs_s__rosidl_typesupport_c.cpython-310-x86_64-linux-gnu.so
[5.547s] -- Installing: /home/cairlab/Documents/GitHub/saga_repo/install/actionlib_msgs/local/lib/python3.10/dist-packages/actionlib_msgs/_actionlib_msgs_s.ep.rosidl_typesupport_introspection_c.c
[5.547s] -- Installing: /home/cairlab/Documents/GitHub/saga_repo/install/actionlib_msgs/local/lib/python3.10/dist-packages/actionlib_msgs/_actionlib_msgs_s.ep.rosidl_typesupport_c.c
[5.547s] -- Installing: /home/cairlab/Documents/GitHub/saga_repo/install/actionlib_msgs/local/lib/python3.10/dist-packages/actionlib_msgs/actionlib_msgs_s__rosidl_typesupport_introspection_c.cpython-310-x86_64-linux-gnu.so
[5.547s] -- Installing: /home/cairlab/Documents/GitHub/saga_repo/install/actionlib_msgs/local/lib/python3.10/dist-packages/actionlib_msgs/msg
[5.547s] -- Installing: /home/cairlab/Documents/GitHub/saga_repo/install/actionlib_msgs/local/lib/python3.10/dist-packages/actionlib_msgs/msg/_goal_status_array.py
[5.547s] -- Installing: /home/cairlab/Documents/GitHub/saga_repo/install/actionlib_msgs/local/lib/python3.10/dist-packages/actionlib_msgs/msg/_goal_status.py
[5.547s] -- Installing: /home/cairlab/Documents/GitHub/saga_repo/install/actionlib_msgs/local/lib/python3.10/dist-packages/actionlib_msgs/msg/_goal_id.py
[5.547s] -- Installing: /home/cairlab/Documents/GitHub/saga_repo/install/actionlib_msgs/local/lib/python3.10/dist-packages/actionlib_msgs/msg/__init__.py
[5.547s] -- Installing: /home/cairlab/Documents/GitHub/saga_repo/install/actionlib_msgs/local/lib/python3.10/dist-packages/actionlib_msgs/msg/_goal_status_array_s.c
[5.547s] -- Installing: /home/cairlab/Documents/GitHub/saga_repo/install/actionlib_msgs/local/lib/python3.10/dist-packages/actionlib_msgs/msg/_goal_status_s.c
[5.548s] -- Installing: /home/cairlab/Documents/GitHub/saga_repo/install/actionlib_msgs/local/lib/python3.10/dist-packages/actionlib_msgs/msg/_goal_id_s.c
[5.581s] Listing '/home/cairlab/Documents/GitHub/saga_repo/install/actionlib_msgs/local/lib/python3.10/dist-packages/actionlib_msgs'...
[5.581s] Compiling '/home/cairlab/Documents/GitHub/saga_repo/install/actionlib_msgs/local/lib/python3.10/dist-packages/actionlib_msgs/__init__.py'...
[5.581s] Listing '/home/cairlab/Documents/GitHub/saga_repo/install/actionlib_msgs/local/lib/python3.10/dist-packages/actionlib_msgs/msg'...
[5.581s] Compiling '/home/cairlab/Documents/GitHub/saga_repo/install/actionlib_msgs/local/lib/python3.10/dist-packages/actionlib_msgs/msg/__init__.py'...
[5.581s] Compiling '/home/cairlab/Documents/GitHub/saga_repo/install/actionlib_msgs/local/lib/python3.10/dist-packages/actionlib_msgs/msg/_goal_id.py'...
[5.581s] Compiling '/home/cairlab/Documents/GitHub/saga_repo/install/actionlib_msgs/local/lib/python3.10/dist-packages/actionlib_msgs/msg/_goal_status.py'...
[5.581s] Compiling '/home/cairlab/Documents/GitHub/saga_repo/install/actionlib_msgs/local/lib/python3.10/dist-packages/actionlib_msgs/msg/_goal_status_array.py'...
[5.585s] -- Installing: /home/cairlab/Documents/GitHub/saga_repo/install/actionlib_msgs/local/lib/python3.10/dist-packages/actionlib_msgs/actionlib_msgs_s__rosidl_typesupport_fastrtps_c.cpython-310-x86_64-linux-gnu.so
[5.586s] -- Set runtime path of "/home/cairlab/Documents/GitHub/saga_repo/install/actionlib_msgs/local/lib/python3.10/dist-packages/actionlib_msgs/actionlib_msgs_s__rosidl_typesupport_fastrtps_c.cpython-310-x86_64-linux-gnu.so" to ""
[5.586s] -- Installing: /home/cairlab/Documents/GitHub/saga_repo/install/actionlib_msgs/local/lib/python3.10/dist-packages/actionlib_msgs/actionlib_msgs_s__rosidl_typesupport_introspection_c.cpython-310-x86_64-linux-gnu.so
[5.587s] -- Set runtime path of "/home/cairlab/Documents/GitHub/saga_repo/install/actionlib_msgs/local/lib/python3.10/dist-packages/actionlib_msgs/actionlib_msgs_s__rosidl_typesupport_introspection_c.cpython-310-x86_64-linux-gnu.so" to ""
[5.587s] -- Installing: /home/cairlab/Documents/GitHub/saga_repo/install/actionlib_msgs/local/lib/python3.10/dist-packages/actionlib_msgs/actionlib_msgs_s__rosidl_typesupport_c.cpython-310-x86_64-linux-gnu.so
[5.587s] -- Set runtime path of "/home/cairlab/Documents/GitHub/saga_repo/install/actionlib_msgs/local/lib/python3.10/dist-packages/actionlib_msgs/actionlib_msgs_s__rosidl_typesupport_c.cpython-310-x86_64-linux-gnu.so" to ""
[5.587s] -- Installing: /home/cairlab/Documents/GitHub/saga_repo/install/actionlib_msgs/lib/libactionlib_msgs__rosidl_generator_py.so
[5.588s] -- Set runtime path of "/home/cairlab/Documents/GitHub/saga_repo/install/actionlib_msgs/lib/libactionlib_msgs__rosidl_generator_py.so" to ""
[5.588s] -- Installing: /home/cairlab/Documents/GitHub/saga_repo/install/actionlib_msgs/share/actionlib_msgs/msg/GoalID.idl
[5.588s] -- Installing: /home/cairlab/Documents/GitHub/saga_repo/install/actionlib_msgs/share/actionlib_msgs/msg/GoalStatus.idl
[5.588s] -- Installing: /home/cairlab/Documents/GitHub/saga_repo/install/actionlib_msgs/share/actionlib_msgs/msg/GoalStatusArray.idl
[5.589s] -- Installing: /home/cairlab/Documents/GitHub/saga_repo/install/actionlib_msgs/share/actionlib_msgs/msg/GoalID.msg
[5.589s] -- Installing: /home/cairlab/Documents/GitHub/saga_repo/install/actionlib_msgs/share/actionlib_msgs/msg/GoalStatus.msg
[5.589s] -- Installing: /home/cairlab/Documents/GitHub/saga_repo/install/actionlib_msgs/share/actionlib_msgs/msg/GoalStatusArray.msg
[5.589s] -- Installing: /home/cairlab/Documents/GitHub/saga_repo/install/actionlib_msgs/share/ament_index/resource_index/package_run_dependencies/actionlib_msgs
[5.589s] -- Installing: /home/cairlab/Documents/GitHub/saga_repo/install/actionlib_msgs/share/ament_index/resource_index/parent_prefix_path/actionlib_msgs
[5.589s] -- Installing: /home/cairlab/Documents/GitHub/saga_repo/install/actionlib_msgs/share/actionlib_msgs/environment/ament_prefix_path.sh
[5.590s] -- Installing: /home/cairlab/Documents/GitHub/saga_repo/install/actionlib_msgs/share/actionlib_msgs/environment/ament_prefix_path.dsv
[5.590s] -- Installing: /home/cairlab/Documents/GitHub/saga_repo/install/actionlib_msgs/share/actionlib_msgs/environment/path.sh
[5.590s] -- Installing: /home/cairlab/Documents/GitHub/saga_repo/install/actionlib_msgs/share/actionlib_msgs/environment/path.dsv
[5.590s] -- Installing: /home/cairlab/Documents/GitHub/saga_repo/install/actionlib_msgs/share/actionlib_msgs/local_setup.bash
[5.590s] -- Installing: /home/cairlab/Documents/GitHub/saga_repo/install/actionlib_msgs/share/actionlib_msgs/local_setup.sh
[5.590s] -- Installing: /home/cairlab/Documents/GitHub/saga_repo/install/actionlib_msgs/share/actionlib_msgs/local_setup.zsh
[5.591s] -- Installing: /home/cairlab/Documents/GitHub/saga_repo/install/actionlib_msgs/share/actionlib_msgs/local_setup.dsv
[5.591s] -- Installing: /home/cairlab/Documents/GitHub/saga_repo/install/actionlib_msgs/share/actionlib_msgs/package.dsv
[5.591s] -- Installing: /home/cairlab/Documents/GitHub/saga_repo/install/actionlib_msgs/share/ament_index/resource_index/packages/actionlib_msgs
[5.591s] -- Installing: /home/cairlab/Documents/GitHub/saga_repo/install/actionlib_msgs/share/actionlib_msgs/cmake/export_actionlib_msgs__rosidl_generator_cExport.cmake
[5.591s] -- Installing: /home/cairlab/Documents/GitHub/saga_repo/install/actionlib_msgs/share/actionlib_msgs/cmake/export_actionlib_msgs__rosidl_generator_cExport-noconfig.cmake
[5.591s] -- Installing: /home/cairlab/Documents/GitHub/saga_repo/install/actionlib_msgs/share/actionlib_msgs/cmake/export_actionlib_msgs__rosidl_typesupport_fastrtps_cExport.cmake
[5.592s] -- Installing: /home/cairlab/Documents/GitHub/saga_repo/install/actionlib_msgs/share/actionlib_msgs/cmake/export_actionlib_msgs__rosidl_typesupport_fastrtps_cExport-noconfig.cmake
[5.592s] -- Installing: /home/cairlab/Documents/GitHub/saga_repo/install/actionlib_msgs/share/actionlib_msgs/cmake/export_actionlib_msgs__rosidl_generator_cppExport.cmake
[5.592s] -- Installing: /home/cairlab/Documents/GitHub/saga_repo/install/actionlib_msgs/share/actionlib_msgs/cmake/export_actionlib_msgs__rosidl_typesupport_fastrtps_cppExport.cmake
[5.592s] -- Installing: /home/cairlab/Documents/GitHub/saga_repo/install/actionlib_msgs/share/actionlib_msgs/cmake/export_actionlib_msgs__rosidl_typesupport_fastrtps_cppExport-noconfig.cmake
[5.592s] -- Installing: /home/cairlab/Documents/GitHub/saga_repo/install/actionlib_msgs/share/actionlib_msgs/cmake/actionlib_msgs__rosidl_typesupport_introspection_cExport.cmake
[5.592s] -- Installing: /home/cairlab/Documents/GitHub/saga_repo/install/actionlib_msgs/share/actionlib_msgs/cmake/actionlib_msgs__rosidl_typesupport_introspection_cExport-noconfig.cmake
[5.593s] -- Installing: /home/cairlab/Documents/GitHub/saga_repo/install/actionlib_msgs/share/actionlib_msgs/cmake/actionlib_msgs__rosidl_typesupport_cExport.cmake
[5.593s] -- Installing: /home/cairlab/Documents/GitHub/saga_repo/install/actionlib_msgs/share/actionlib_msgs/cmake/actionlib_msgs__rosidl_typesupport_cExport-noconfig.cmake
[5.593s] -- Installing: /home/cairlab/Documents/GitHub/saga_repo/install/actionlib_msgs/share/actionlib_msgs/cmake/actionlib_msgs__rosidl_typesupport_introspection_cppExport.cmake
[5.593s] -- Installing: /home/cairlab/Documents/GitHub/saga_repo/install/actionlib_msgs/share/actionlib_msgs/cmake/actionlib_msgs__rosidl_typesupport_introspection_cppExport-noconfig.cmake
[5.593s] -- Installing: /home/cairlab/Documents/GitHub/saga_repo/install/actionlib_msgs/share/actionlib_msgs/cmake/actionlib_msgs__rosidl_typesupport_cppExport.cmake
[5.594s] -- Installing: /home/cairlab/Documents/GitHub/saga_repo/install/actionlib_msgs/share/actionlib_msgs/cmake/actionlib_msgs__rosidl_typesupport_cppExport-noconfig.cmake
[5.594s] -- Installing: /home/cairlab/Documents/GitHub/saga_repo/install/actionlib_msgs/share/actionlib_msgs/cmake/export_actionlib_msgs__rosidl_generator_pyExport.cmake
[5.594s] -- Installing: /home/cairlab/Documents/GitHub/saga_repo/install/actionlib_msgs/share/actionlib_msgs/cmake/export_actionlib_msgs__rosidl_generator_pyExport-noconfig.cmake
[5.594s] -- Installing: /home/cairlab/Documents/GitHub/saga_repo/install/actionlib_msgs/share/actionlib_msgs/cmake/rosidl_cmake-extras.cmake
[5.594s] -- Installing: /home/cairlab/Documents/GitHub/saga_repo/install/actionlib_msgs/share/actionlib_msgs/cmake/ament_cmake_export_dependencies-extras.cmake
[5.594s] -- Installing: /home/cairlab/Documents/GitHub/saga_repo/install/actionlib_msgs/share/actionlib_msgs/cmake/ament_cmake_export_include_directories-extras.cmake
[5.595s] -- Installing: /home/cairlab/Documents/GitHub/saga_repo/install/actionlib_msgs/share/actionlib_msgs/cmake/ament_cmake_export_libraries-extras.cmake
[5.595s] -- Installing: /home/cairlab/Documents/GitHub/saga_repo/install/actionlib_msgs/share/actionlib_msgs/cmake/ament_cmake_export_targets-extras.cmake
[5.595s] -- Installing: /home/cairlab/Documents/GitHub/saga_repo/install/actionlib_msgs/share/actionlib_msgs/cmake/rosidl_cmake_export_typesupport_targets-extras.cmake
[5.595s] -- Installing: /home/cairlab/Documents/GitHub/saga_repo/install/actionlib_msgs/share/actionlib_msgs/cmake/rosidl_cmake_export_typesupport_libraries-extras.cmake
[5.595s] -- Installing: /home/cairlab/Documents/GitHub/saga_repo/install/actionlib_msgs/share/actionlib_msgs/cmake/actionlib_msgsConfig.cmake
[5.595s] -- Installing: /home/cairlab/Documents/GitHub/saga_repo/install/actionlib_msgs/share/actionlib_msgs/cmake/actionlib_msgsConfig-version.cmake
[5.595s] -- Installing: /home/cairlab/Documents/GitHub/saga_repo/install/actionlib_msgs/share/actionlib_msgs/package.xml
[5.601s] Invoked command in '/home/cairlab/Documents/GitHub/saga_repo/build/actionlib_msgs' returned '0': AMENT_PREFIX_PATH=/home/cairlab/Documents/GitHub/saga_repo/install/std_msgs:${AMENT_PREFIX_PATH} CMAKE_PREFIX_PATH=/home/cairlab/Documents/GitHub/saga_repo/install/std_msgs:/opt/ros/humble LD_LIBRARY_PATH=/home/cairlab/Documents/GitHub/saga_repo/install/std_msgs/lib:${LD_LIBRARY_PATH} PYTHONPATH=/home/cairlab/Documents/GitHub/saga_repo/install/std_msgs/local/lib/python3.10/dist-packages:${PYTHONPATH} /usr/bin/cmake --install /home/cairlab/Documents/GitHub/saga_repo/build/actionlib_msgs
