[0.224s] Invoking command in '/home/odin/Documents/GitHub/saga_repo/build/rasberry_gazebo': CMAKE_PREFIX_PATH=/opt/ros/humble /usr/bin/cmake /home/odin/Documents/GitHub/saga_repo/ros2_thor/src/loki/rasberry_gazebo -DCMAKE_INSTALL_PREFIX=/home/odin/Documents/GitHub/saga_repo/install/rasberry_gazebo
[0.271s] -- The C compiler identification is GNU 11.4.0
[0.315s] -- The CXX compiler identification is GNU 11.4.0
[0.322s] -- Detecting C compiler ABI info
[0.419s] -- Detecting C compiler ABI info - done
[0.424s] -- Check for working C compiler: /usr/bin/cc - skipped
[0.424s] -- Detecting C compile features
[0.425s] -- Detecting C compile features - done
[0.427s] -- Detecting CXX compiler ABI info
[0.483s] -- Detecting CXX compiler ABI info - done
[0.488s] -- Check for working CXX compiler: /usr/bin/c++ - skipped
[0.488s] -- Detecting CXX compile features
[0.489s] -- Detecting CXX compile features - done
[0.490s] -- Found ament_cmake: 1.3.5 (/opt/ros/humble/share/ament_cmake/cmake)
[0.637s] -- Found Python3: /usr/bin/python3.10 (found version "3.10.12") found components: Interpreter 
[0.694s] -- Found rclcpp: 16.0.6 (/opt/ros/humble/share/rclcpp/cmake)
[0.721s] -- Found rosidl_generator_c: 3.1.5 (/opt/ros/humble/share/rosidl_generator_c/cmake)
[0.724s] -- Found rosidl_adapter: 3.1.5 (/opt/ros/humble/share/rosidl_adapter/cmake)
[0.729s] -- Found rosidl_generator_cpp: 3.1.5 (/opt/ros/humble/share/rosidl_generator_cpp/cmake)
[0.739s] -- Using all available rosidl_typesupport_c: rosidl_typesupport_fastrtps_c;rosidl_typesupport_introspection_c
[0.751s] -- Using all available rosidl_typesupport_cpp: rosidl_typesupport_fastrtps_cpp;rosidl_typesupport_introspection_cpp
[0.799s] -- Found rmw_implementation_cmake: 6.1.1 (/opt/ros/humble/share/rmw_implementation_cmake/cmake)
[0.800s] -- Found rmw_fastrtps_cpp: 6.2.4 (/opt/ros/humble/share/rmw_fastrtps_cpp/cmake)
[0.875s] -- Found OpenSSL: /usr/lib/x86_64-linux-gnu/libcrypto.so (found version "3.0.2")  
[0.902s] -- Found FastRTPS: /opt/ros/humble/include  
[0.944s] -- Using RMW implementation 'rmw_fastrtps_cpp' as default
[0.949s] -- Looking for pthread.h
[0.998s] -- Looking for pthread.h - found
[0.999s] -- Performing Test CMAKE_HAVE_LIBC_PTHREAD
[1.049s] -- Performing Test CMAKE_HAVE_LIBC_PTHREAD - Success
[1.050s] -- Found Threads: TRUE  
[1.162s] -- Found rclpy: 3.3.10 (/opt/ros/humble/share/rclpy/cmake)
[1.168s] [31mCMake Error at CMakeLists.txt:9 (find_package):
[1.168s]   By not providing "Findcontrol_msgs.cmake" in CMAKE_MODULE_PATH this project
[1.168s]   has asked CMake to find a package configuration file provided by
[1.168s]   "control_msgs", but CMake did not find one.
[1.168s] 
[1.168s]   Could not find a package configuration file provided by "control_msgs" with
[1.168s]   any of the following names:
[1.168s] 
[1.168s]     control_msgsConfig.cmake
[1.168s]     control_msgs-config.cmake
[1.168s] 
[1.168s]   Add the installation prefix of "control_msgs" to CMAKE_PREFIX_PATH or set
[1.168s]   "control_msgs_DIR" to a directory containing one of the above files.  If
[1.168s]   "control_msgs" provides a separate development package or SDK, be sure it
[1.169s]   has been installed.
[1.169s] 
[1.169s] -- Configuring incomplete, errors occurred!
[1.169s] See also "/home/odin/Documents/GitHub/saga_repo/build/rasberry_gazebo/CMakeFiles/CMakeOutput.log".
[1.169s] [0m
