[0.481s] Invoking command in '/home/loki/Documents/GitHub/saga_repo/build/septentrio_gnss_driver': /usr/bin/cmake /home/loki/Documents/GitHub/saga_repo/ros2_thor/src/loki/septentrio_gnss_driver -DCATKIN_INSTALL_INTO_PREFIX_ROOT=0 -DCMAKE_INSTALL_PREFIX=/home/loki/Documents/GitHub/saga_repo/install/septentrio_gnss_driver
[0.856s] Traceback (most recent call last):
[0.857s]   File "/opt/ros/humble/share/ament_cmake_core/cmake/package_templates/templates_2_cmake.py", line 21, in <module>
[0.858s]     from ament_package.templates import get_environment_hook_template_path
[0.859s] ModuleNotFoundError: No module named 'ament_package'
[0.877s] [31mCMake Error at /opt/ros/humble/share/ament_cmake_core/cmake/ament_cmake_package_templates-extras.cmake:41 (message):
[0.877s]   execute_process(/usr/bin/python3.10
[0.877s]   /opt/ros/humble/share/ament_cmake_core/cmake/package_templates/templates_2_cmake.py
[0.878s]   /home/loki/Documents/GitHub/saga_repo/build/septentrio_gnss_driver/ament_cmake_package_templates/templates.cmake)
[0.878s]   returned error code 1
[0.878s] Call Stack (most recent call first):
[0.878s]   /opt/ros/humble/share/ament_cmake_core/cmake/ament_cmake_coreConfig.cmake:41 (include)
[0.878s]   /opt/ros/humble/share/ament_cmake/cmake/ament_cmake_export_dependencies-extras.cmake:15 (find_package)
[0.878s]   /opt/ros/humble/share/ament_cmake/cmake/ament_cmakeConfig.cmake:41 (include)
[0.878s]   CMakeLists.txt:31 (find_package)
[0.878s] 
[0.878s] [0m
[0.879s] -- Configuring incomplete, errors occurred!
[0.879s] See also "/home/loki/Documents/GitHub/saga_repo/build/septentrio_gnss_driver/CMakeFiles/CMakeOutput.log".
[0.936s] Invoked command in '/home/loki/Documents/GitHub/saga_repo/build/septentrio_gnss_driver' returned '1': /usr/bin/cmake /home/loki/Documents/GitHub/saga_repo/ros2_thor/src/loki/septentrio_gnss_driver -DCATKIN_INSTALL_INTO_PREFIX_ROOT=0 -DCMAKE_INSTALL_PREFIX=/home/loki/Documents/GitHub/saga_repo/install/septentrio_gnss_driver
