[1.767s] Invoking command in '/home/cairlab/Documents/GitHub/saga_repo/ros2_thor/src/loki/loki_teleop': PYTHONPATH=/home/cairlab/Documents/GitHub/saga_repo/build/loki_teleop/prefix_override:/home/cairlab/Documents/GitHub/saga_repo/install/loki_teleop/lib/python3.10/site-packages:${PYTHONPATH} /usr/bin/python3 setup.py egg_info --egg-base ../../../../build/loki_teleop build --build-base /home/cairlab/Documents/GitHub/saga_repo/build/loki_teleop/build install --record /home/cairlab/Documents/GitHub/saga_repo/build/loki_teleop/install.log --single-version-externally-managed
[2.140s] running egg_info
[2.160s] writing ../../../../build/loki_teleop/loki_teleop.egg-info/PKG-INFO
[2.160s] writing dependency_links to ../../../../build/loki_teleop/loki_teleop.egg-info/dependency_links.txt
[2.160s] writing entry points to ../../../../build/loki_teleop/loki_teleop.egg-info/entry_points.txt
[2.161s] writing requirements to ../../../../build/loki_teleop/loki_teleop.egg-info/requires.txt
[2.161s] writing top-level names to ../../../../build/loki_teleop/loki_teleop.egg-info/top_level.txt
[2.228s] reading manifest file '../../../../build/loki_teleop/loki_teleop.egg-info/SOURCES.txt'
[2.230s] writing manifest file '../../../../build/loki_teleop/loki_teleop.egg-info/SOURCES.txt'
[2.231s] running build
[2.231s] running build_py
[2.232s] running install
[2.233s] /home/cairlab/.local/lib/python3.10/site-packages/setuptools/_distutils/cmd.py:66: SetuptoolsDeprecationWarning: setup.py install is deprecated.
[2.233s] !!
[2.233s] 
[2.233s]         ********************************************************************************
[2.233s]         Please avoid running ``setup.py`` directly.
[2.233s]         Instead, use pypa/build, pypa/installer or other
[2.233s]         standards-based tools.
[2.233s] 
[2.233s]         See https://blog.ganssle.io/articles/2021/10/setup-py-deprecated.html for details.
[2.233s]         ********************************************************************************
[2.234s] 
[2.234s] !!
[2.234s]   self.initialize_options()
[2.241s] running install_lib
[2.273s] running install_data
[2.297s] running install_egg_info
[2.331s] removing '/home/cairlab/Documents/GitHub/saga_repo/install/loki_teleop/lib/python3.10/site-packages/loki_teleop-2.0.0-py3.10.egg-info' (and everything under it)
[2.332s] Copying ../../../../build/loki_teleop/loki_teleop.egg-info to /home/cairlab/Documents/GitHub/saga_repo/install/loki_teleop/lib/python3.10/site-packages/loki_teleop-2.0.0-py3.10.egg-info
[2.333s] running install_scripts
[2.560s] Installing teleop_node script to /home/cairlab/Documents/GitHub/saga_repo/install/loki_teleop/lib/loki_teleop
[2.560s] writing list of installed files to '/home/cairlab/Documents/GitHub/saga_repo/build/loki_teleop/install.log'
[2.660s] Invoked command in '/home/cairlab/Documents/GitHub/saga_repo/ros2_thor/src/loki/loki_teleop' returned '0': PYTHONPATH=/home/cairlab/Documents/GitHub/saga_repo/build/loki_teleop/prefix_override:/home/cairlab/Documents/GitHub/saga_repo/install/loki_teleop/lib/python3.10/site-packages:${PYTHONPATH} /usr/bin/python3 setup.py egg_info --egg-base ../../../../build/loki_teleop build --build-base /home/cairlab/Documents/GitHub/saga_repo/build/loki_teleop/build install --record /home/cairlab/Documents/GitHub/saga_repo/build/loki_teleop/install.log --single-version-externally-managed
