[0.015s] Invoking command in '/home/cairlab/twist_mux/build/twist_mux': CMAKE_PREFIX_PATH=/opt/ros/humble /usr/bin/cmake /home/cairlab/twist_mux -DCMAKE_INSTALL_PREFIX=/home/cairlab/twist_mux/install/twist_mux
[0.145s] -- The C compiler identification is GNU 11.3.0
[0.289s] -- The CXX compiler identification is GNU 11.3.0
[0.304s] -- Detecting C compiler ABI info
[0.459s] -- Detecting C compiler ABI info - done
[0.468s] -- Check for working C compiler: /usr/bin/cc - skipped
[0.469s] -- Detecting C compile features
[0.469s] -- Detecting C compile features - done
[0.476s] -- Detecting CXX compiler ABI info
[0.652s] -- Detecting CXX compiler ABI info - done
[0.662s] -- Check for working CXX compiler: /usr/bin/c++ - skipped
[0.662s] -- Detecting CXX compile features
[0.663s] -- Detecting CXX compile features - done
[0.667s] -- Found ament_cmake: 1.3.5 (/opt/ros/humble/share/ament_cmake/cmake)
[1.088s] -- Found Python3: /usr/bin/python3.10 (found version "3.10.6") found components: Interpreter 
[1.300s] -- Found rclcpp: 16.0.4 (/opt/ros/humble/share/rclcpp/cmake)
[1.366s] -- Found rosidl_generator_c: 3.1.4 (/opt/ros/humble/share/rosidl_generator_c/cmake)
[1.374s] -- Found rosidl_adapter: 3.1.4 (/opt/ros/humble/share/rosidl_adapter/cmake)
[1.387s] -- Found rosidl_generator_cpp: 3.1.4 (/opt/ros/humble/share/rosidl_generator_cpp/cmake)
[1.407s] -- Using all available rosidl_typesupport_c: rosidl_typesupport_fastrtps_c;rosidl_typesupport_introspection_c
[1.439s] -- Using all available rosidl_typesupport_cpp: rosidl_typesupport_fastrtps_cpp;rosidl_typesupport_introspection_cpp
[1.548s] -- Found rmw_implementation_cmake: 6.1.1 (/opt/ros/humble/share/rmw_implementation_cmake/cmake)
[1.552s] -- Found rmw_fastrtps_cpp: 6.2.2 (/opt/ros/humble/share/rmw_fastrtps_cpp/cmake)
[1.735s] -- Found OpenSSL: /usr/lib/x86_64-linux-gnu/libcrypto.so (found version "3.0.2")  
[1.786s] -- Found FastRTPS: /opt/ros/humble/include  
[1.853s] -- Using RMW implementation 'rmw_fastrtps_cpp' as default
[1.867s] -- Looking for pthread.h
[2.019s] -- Looking for pthread.h - found
[2.020s] -- Performing Test CMAKE_HAVE_LIBC_PTHREAD
[2.173s] -- Performing Test CMAKE_HAVE_LIBC_PTHREAD - Success
[2.174s] -- Found Threads: TRUE  
[2.427s] -- Found geometry_msgs: 4.2.3 (/opt/ros/humble/share/geometry_msgs/cmake)
[2.496s] -- Found visualization_msgs: 4.2.3 (/opt/ros/humble/share/visualization_msgs/cmake)
[2.858s] [31mCMake Error at CMakeLists.txt:18 (find_package):
[2.858s]   By not providing "Finddiagnostic_updater.cmake" in CMAKE_MODULE_PATH this
[2.859s]   project has asked CMake to find a package configuration file provided by
[2.859s]   "diagnostic_updater", but CMake did not find one.
[2.860s] 
[2.860s]   Could not find a package configuration file provided by
[2.860s]   "diagnostic_updater" with any of the following names:
[2.860s] 
[2.860s]     diagnostic_updaterConfig.cmake
[2.860s]     diagnostic_updater-config.cmake
[2.861s] 
[2.861s]   Add the installation prefix of "diagnostic_updater" to CMAKE_PREFIX_PATH or
[2.861s]   set "diagnostic_updater_DIR" to a directory containing one of the above
[2.861s]   files.  If "diagnostic_updater" provides a separate development package or
[2.861s]   SDK, be sure it has been installed.
[2.861s] 
[2.861s] [0m
[2.861s] -- Configuring incomplete, errors occurred!
[2.861s] See also "/home/cairlab/twist_mux/build/twist_mux/CMakeFiles/CMakeOutput.log".
[2.884s] Invoked command in '/home/cairlab/twist_mux/build/twist_mux' returned '1': CMAKE_PREFIX_PATH=/opt/ros/humble /usr/bin/cmake /home/cairlab/twist_mux -DCMAKE_INSTALL_PREFIX=/home/cairlab/twist_mux/install/twist_mux
