[0.808s] Invoking command in '/home/cairlab/Documents/GitHub/saga_repo/ros2_thor/src/loki/loki_base': AMENT_PREFIX_PATH=/home/cairlab/Documents/GitHub/saga_repo/install/loki_can_devices:/home/cairlab/Documents/GitHub/saga_repo/install/loki_msgs:/home/cairlab/Documents/GitHub/saga_repo/install/loki_description:${AMENT_PREFIX_PATH} CMAKE_PREFIX_PATH=/home/cairlab/Documents/GitHub/saga_repo/install/loki_can_devices:/home/cairlab/Documents/GitHub/saga_repo/install/loki_msgs:/home/cairlab/Documents/GitHub/saga_repo/install/loki_description LD_LIBRARY_PATH=/home/cairlab/Documents/GitHub/saga_repo/install/loki_can_devices/lib:/home/cairlab/Documents/GitHub/saga_repo/install/loki_msgs/lib:${LD_LIBRARY_PATH} PYTHONPATH=/home/cairlab/Documents/GitHub/saga_repo/build/loki_base/prefix_override:/home/cairlab/Documents/GitHub/saga_repo/install/loki_base/lib/python3.10/site-packages:/home/cairlab/Documents/GitHub/saga_repo/install/loki_msgs/local/lib/python3.10/dist-packages:${PYTHONPATH} /usr/bin/python3 setup.py egg_info --egg-base ../../../../build/loki_base build --build-base /home/cairlab/Documents/GitHub/saga_repo/build/loki_base/build install --record /home/cairlab/Documents/GitHub/saga_repo/build/loki_base/install.log --single-version-externally-managed
[1.014s] running egg_info
[1.029s] writing ../../../../build/loki_base/loki_base.egg-info/PKG-INFO
[1.029s] writing dependency_links to ../../../../build/loki_base/loki_base.egg-info/dependency_links.txt
[1.029s] writing entry points to ../../../../build/loki_base/loki_base.egg-info/entry_points.txt
[1.030s] writing requirements to ../../../../build/loki_base/loki_base.egg-info/requires.txt
[1.030s] writing top-level names to ../../../../build/loki_base/loki_base.egg-info/top_level.txt
[1.058s] reading manifest file '../../../../build/loki_base/loki_base.egg-info/SOURCES.txt'
[1.059s] writing manifest file '../../../../build/loki_base/loki_base.egg-info/SOURCES.txt'
[1.059s] running build
[1.059s] running build_py
[1.060s] copying loki_base/base_driver.py -> /home/cairlab/Documents/GitHub/saga_repo/build/loki_base/build/lib/loki_base
[1.061s] running install
[1.062s] /home/cairlab/.local/lib/python3.10/site-packages/setuptools/_distutils/cmd.py:66: SetuptoolsDeprecationWarning: setup.py install is deprecated.
[1.062s] !!
[1.062s] 
[1.062s]         ********************************************************************************
[1.062s]         Please avoid running ``setup.py`` directly.
[1.062s]         Instead, use pypa/build, pypa/installer or other
[1.062s]         standards-based tools.
[1.062s] 
[1.062s]         See https://blog.ganssle.io/articles/2021/10/setup-py-deprecated.html for details.
[1.062s]         ********************************************************************************
[1.062s] 
[1.062s] !!
[1.063s]   self.initialize_options()
[1.069s] running install_lib
[1.085s] copying /home/cairlab/Documents/GitHub/saga_repo/build/loki_base/build/lib/loki_base/base_driver.py -> /home/cairlab/Documents/GitHub/saga_repo/install/loki_base/lib/python3.10/site-packages/loki_base
[1.086s] byte-compiling /home/cairlab/Documents/GitHub/saga_repo/install/loki_base/lib/python3.10/site-packages/loki_base/base_driver.py to base_driver.cpython-310.pyc
[1.090s] running install_data
[1.104s] running install_egg_info
[1.119s] removing '/home/cairlab/Documents/GitHub/saga_repo/install/loki_base/lib/python3.10/site-packages/loki_base-2.0.0-py3.10.egg-info' (and everything under it)
[1.120s] Copying ../../../../build/loki_base/loki_base.egg-info to /home/cairlab/Documents/GitHub/saga_repo/install/loki_base/lib/python3.10/site-packages/loki_base-2.0.0-py3.10.egg-info
[1.120s] running install_scripts
[1.271s] Installing base_driver script to /home/cairlab/Documents/GitHub/saga_repo/install/loki_base/lib/loki_base
[1.271s] Installing enlcosure_board_serial script to /home/cairlab/Documents/GitHub/saga_repo/install/loki_base/lib/loki_base
[1.272s] writing list of installed files to '/home/cairlab/Documents/GitHub/saga_repo/build/loki_base/install.log'
[1.292s] Invoked command in '/home/cairlab/Documents/GitHub/saga_repo/ros2_thor/src/loki/loki_base' returned '0': AMENT_PREFIX_PATH=/home/cairlab/Documents/GitHub/saga_repo/install/loki_can_devices:/home/cairlab/Documents/GitHub/saga_repo/install/loki_msgs:/home/cairlab/Documents/GitHub/saga_repo/install/loki_description:${AMENT_PREFIX_PATH} CMAKE_PREFIX_PATH=/home/cairlab/Documents/GitHub/saga_repo/install/loki_can_devices:/home/cairlab/Documents/GitHub/saga_repo/install/loki_msgs:/home/cairlab/Documents/GitHub/saga_repo/install/loki_description LD_LIBRARY_PATH=/home/cairlab/Documents/GitHub/saga_repo/install/loki_can_devices/lib:/home/cairlab/Documents/GitHub/saga_repo/install/loki_msgs/lib:${LD_LIBRARY_PATH} PYTHONPATH=/home/cairlab/Documents/GitHub/saga_repo/build/loki_base/prefix_override:/home/cairlab/Documents/GitHub/saga_repo/install/loki_base/lib/python3.10/site-packages:/home/cairlab/Documents/GitHub/saga_repo/install/loki_msgs/local/lib/python3.10/dist-packages:${PYTHONPATH} /usr/bin/python3 setup.py egg_info --egg-base ../../../../build/loki_base build --build-base /home/cairlab/Documents/GitHub/saga_repo/build/loki_base/build install --record /home/cairlab/Documents/GitHub/saga_repo/build/loki_base/install.log --single-version-externally-managed
