[0.384s] Invoking command in '/home/loki/Documents/GitHub/saga_repo/build/loki_description': CMAKE_PREFIX_PATH=/opt/ros/humble /usr/bin/cmake /home/loki/Documents/GitHub/saga_repo/ros2_thor/src/loki/loki_description -DCMAKE_INSTALL_PREFIX=/home/loki/Documents/GitHub/saga_repo/install/loki_description
[0.944s] -- Found ament_cmake: 1.3.5 (/opt/ros/humble/share/ament_cmake/cmake)
[0.946s] -- Found Python3: /usr/bin/python3.10 (found version "3.10.12") found components: Interpreter 
[0.947s] -- Found controller_manager: 2.31.0 (/opt/ros/humble/share/controller_manager/cmake)
[1.036s] -- Found rosidl_generator_c: 3.1.5 (/opt/ros/humble/share/rosidl_generator_c/cmake)
[1.048s] -- Found rosidl_adapter: 3.1.5 (/opt/ros/humble/share/rosidl_adapter/cmake)
[1.069s] -- Found rosidl_generator_cpp: 3.1.5 (/opt/ros/humble/share/rosidl_generator_cpp/cmake)
[1.103s] -- Using all available rosidl_typesupport_c: rosidl_typesupport_fastrtps_c;rosidl_typesupport_introspection_c
[1.158s] -- Using all available rosidl_typesupport_cpp: rosidl_typesupport_fastrtps_cpp;rosidl_typesupport_introspection_cpp
[2.670s] -- Found rmw_implementation_cmake: 6.1.1 (/opt/ros/humble/share/rmw_implementation_cmake/cmake)
[2.681s] -- Found rmw_fastrtps_cpp: 6.2.4 (/opt/ros/humble/share/rmw_fastrtps_cpp/cmake)
[2.862s] -- Found OpenSSL: /usr/lib/x86_64-linux-gnu/libcrypto.so (found version "3.0.2")  
[2.918s] -- Found FastRTPS: /opt/ros/humble/include  
[3.015s] -- Using RMW implementation 'rmw_fastrtps_cpp' as default
[3.038s] -- Looking for pthread.h
[3.167s] -- Looking for pthread.h - found
[3.167s] -- Performing Test CMAKE_HAVE_LIBC_PTHREAD
[3.304s] -- Performing Test CMAKE_HAVE_LIBC_PTHREAD - Success
[3.305s] -- Found Threads: TRUE  
[4.481s] -- Found robot_state_publisher: 3.0.2 (/opt/ros/humble/share/robot_state_publisher/cmake)
[4.518s] -- Found eigen3_cmake_module: 0.1.1 (/opt/ros/humble/share/eigen3_cmake_module/cmake)
[4.520s] -- Found Eigen3: TRUE (found version "3.4.0") 
[4.520s] -- Ensuring Eigen3 include directory is part of orocos-kdl CMake target
[5.079s] -- Found rclpy: 3.3.10 (/opt/ros/humble/share/rclpy/cmake)
[5.082s] -- Found xacro: 2.0.8 (/opt/ros/humble/share/xacro/cmake)
[5.204s] -- Configuring done
[5.213s] -- Generating done
[5.216s] -- Build files have been written to: /home/loki/Documents/GitHub/saga_repo/build/loki_description
[5.229s] Invoked command in '/home/loki/Documents/GitHub/saga_repo/build/loki_description' returned '0': CMAKE_PREFIX_PATH=/opt/ros/humble /usr/bin/cmake /home/loki/Documents/GitHub/saga_repo/ros2_thor/src/loki/loki_description -DCMAKE_INSTALL_PREFIX=/home/loki/Documents/GitHub/saga_repo/install/loki_description
[5.232s] Invoking command in '/home/loki/Documents/GitHub/saga_repo/build/loki_description': CMAKE_PREFIX_PATH=/opt/ros/humble /usr/bin/cmake --build /home/loki/Documents/GitHub/saga_repo/build/loki_description -- -j4 -l4
[5.302s] Invoked command in '/home/loki/Documents/GitHub/saga_repo/build/loki_description' returned '0': CMAKE_PREFIX_PATH=/opt/ros/humble /usr/bin/cmake --build /home/loki/Documents/GitHub/saga_repo/build/loki_description -- -j4 -l4
[5.341s] Invoking command in '/home/loki/Documents/GitHub/saga_repo/build/loki_description': CMAKE_PREFIX_PATH=/opt/ros/humble /usr/bin/cmake --install /home/loki/Documents/GitHub/saga_repo/build/loki_description
[5.354s] -- Install configuration: ""
[5.354s] -- Installing: /home/loki/Documents/GitHub/saga_repo/install/loki_description/share/loki_description/launch
[5.355s] -- Installing: /home/loki/Documents/GitHub/saga_repo/install/loki_description/share/loki_description/launch/model.launch.py
[5.355s] -- Installing: /home/loki/Documents/GitHub/saga_repo/install/loki_description/share/loki_description/launch/model.launch
[5.355s] -- Installing: /home/loki/Documents/GitHub/saga_repo/install/loki_description/share/loki_description/meshes
[5.355s] -- Installing: /home/loki/Documents/GitHub/saga_repo/install/loki_description/share/loki_description/meshes/tower_modules
[5.356s] -- Installing: /home/loki/Documents/GitHub/saga_repo/install/loki_description/share/loki_description/meshes/tower_modules/DUMMY-DRIVE-BRACKET.stl
[5.356s] -- Installing: /home/loki/Documents/GitHub/saga_repo/install/loki_description/share/loki_description/meshes/tower_modules/DUMMY-TOWER-MIRROR-M.stl
[5.356s] -- Installing: /home/loki/Documents/GitHub/saga_repo/install/loki_description/share/loki_description/meshes/tower_modules/DUMMY-TOWER-M.stl
[5.356s] -- Installing: /home/loki/Documents/GitHub/saga_repo/install/loki_description/share/loki_description/meshes/hokuyo
[5.357s] -- Installing: /home/loki/Documents/GitHub/saga_repo/install/loki_description/share/loki_description/meshes/hokuyo/hokuyo.dae
[5.357s] -- Installing: /home/loki/Documents/GitHub/saga_repo/install/loki_description/share/loki_description/meshes/bat_enc_modules
[5.358s] -- Installing: /home/loki/Documents/GitHub/saga_repo/install/loki_description/share/loki_description/meshes/bat_enc_modules/836586-1-DUMMY-RevA.stl
[5.358s] -- Installing: /home/loki/Documents/GitHub/saga_repo/install/loki_description/share/loki_description/meshes/clamps
[5.358s] -- Installing: /home/loki/Documents/GitHub/saga_repo/install/loki_description/share/loki_description/meshes/clamps/DUMMY-SUSP.stl
[5.358s] -- Installing: /home/loki/Documents/GitHub/saga_repo/install/loki_description/share/loki_description/meshes/clamps/DUMMY-T-BRACKET.stl
[5.358s] -- Installing: /home/loki/Documents/GitHub/saga_repo/install/loki_description/share/loki_description/meshes/drive_modules
[5.358s] -- Installing: /home/loki/Documents/GitHub/saga_repo/install/loki_description/share/loki_description/meshes/drive_modules/836745-5-DUMMY-RevA.stl
[5.359s] -- Installing: /home/loki/Documents/GitHub/saga_repo/install/loki_description/share/loki_description/meshes/drive_modules/old
[5.359s] -- Installing: /home/loki/Documents/GitHub/saga_repo/install/loki_description/share/loki_description/meshes/drive_modules/old/836586-1-DUMMY-RevA.stl
[5.359s] -- Installing: /home/loki/Documents/GitHub/saga_repo/install/loki_description/share/loki_description/meshes/drive_modules/old/836745-5-DUMMY-RevA.stl
[5.359s] -- Installing: /home/loki/Documents/GitHub/saga_repo/install/loki_description/share/loki_description/meshes/drive_modules/old/836745-5-DUMMY-MIRROR-RevA.stl
[5.359s] -- Installing: /home/loki/Documents/GitHub/saga_repo/install/loki_description/share/loki_description/meshes/drive_modules/836745-5-DUMMY-MIRROR-RevA.stl
[5.360s] -- Installing: /home/loki/Documents/GitHub/saga_repo/install/loki_description/share/loki_description/meshes/uv_frame
[5.360s] -- Installing: /home/loki/Documents/GitHub/saga_repo/install/loki_description/share/loki_description/meshes/uv_frame/uv_arc.STL
[5.386s] -- Installing: /home/loki/Documents/GitHub/saga_repo/install/loki_description/share/loki_description/urdf
[5.386s] -- Installing: /home/loki/Documents/GitHub/saga_repo/install/loki_description/share/loki_description/urdf/sensor_modules
[5.386s] -- Installing: /home/loki/Documents/GitHub/saga_repo/install/loki_description/share/loki_description/urdf/sensor_modules/sensor_frames_example.xacro
[5.387s] -- Installing: /home/loki/Documents/GitHub/saga_repo/install/loki_description/share/loki_description/urdf/thorvald_model.xacro
[5.387s] -- Installing: /home/loki/Documents/GitHub/saga_repo/install/loki_description/share/ament_index/resource_index/package_run_dependencies/loki_description
[5.387s] -- Installing: /home/loki/Documents/GitHub/saga_repo/install/loki_description/share/ament_index/resource_index/parent_prefix_path/loki_description
[5.387s] -- Installing: /home/loki/Documents/GitHub/saga_repo/install/loki_description/share/loki_description/environment/ament_prefix_path.sh
[5.388s] -- Installing: /home/loki/Documents/GitHub/saga_repo/install/loki_description/share/loki_description/environment/ament_prefix_path.dsv
[5.388s] -- Installing: /home/loki/Documents/GitHub/saga_repo/install/loki_description/share/loki_description/environment/path.sh
[5.388s] -- Installing: /home/loki/Documents/GitHub/saga_repo/install/loki_description/share/loki_description/environment/path.dsv
[5.388s] -- Installing: /home/loki/Documents/GitHub/saga_repo/install/loki_description/share/loki_description/local_setup.bash
[5.388s] -- Installing: /home/loki/Documents/GitHub/saga_repo/install/loki_description/share/loki_description/local_setup.sh
[5.388s] -- Installing: /home/loki/Documents/GitHub/saga_repo/install/loki_description/share/loki_description/local_setup.zsh
[5.389s] -- Installing: /home/loki/Documents/GitHub/saga_repo/install/loki_description/share/loki_description/local_setup.dsv
[5.389s] -- Installing: /home/loki/Documents/GitHub/saga_repo/install/loki_description/share/loki_description/package.dsv
[5.389s] -- Installing: /home/loki/Documents/GitHub/saga_repo/install/loki_description/share/ament_index/resource_index/packages/loki_description
[5.389s] -- Installing: /home/loki/Documents/GitHub/saga_repo/install/loki_description/share/loki_description/cmake/loki_descriptionConfig.cmake
[5.389s] -- Installing: /home/loki/Documents/GitHub/saga_repo/install/loki_description/share/loki_description/cmake/loki_descriptionConfig-version.cmake
[5.390s] -- Installing: /home/loki/Documents/GitHub/saga_repo/install/loki_description/share/loki_description/package.xml
[5.392s] Invoked command in '/home/loki/Documents/GitHub/saga_repo/build/loki_description' returned '0': CMAKE_PREFIX_PATH=/opt/ros/humble /usr/bin/cmake --install /home/loki/Documents/GitHub/saga_repo/build/loki_description
