[0.088s] Invoking command in '/home/loki/Documents/GitHub/saga_repo/build/robot_bringup': AMENT_PREFIX_PATH=/home/loki/Documents/GitHub/saga_repo/install/loki_base:/home/loki/Documents/GitHub/saga_repo/install/loki_can_devices:/home/loki/Documents/GitHub/saga_repo/install/loki_msgs:/home/loki/Documents/GitHub/saga_repo/install/loki_twist_mux:/home/loki/Documents/GitHub/saga_repo/install/loki_teleop:/home/loki/Documents/GitHub/saga_repo/install/loki_description:${AMENT_PREFIX_PATH} CMAKE_PREFIX_PATH=/home/loki/Documents/GitHub/saga_repo/install/loki_can_devices:/home/loki/Documents/GitHub/saga_repo/install/loki_msgs:/home/loki/Documents/GitHub/saga_repo/install/loki_twist_mux:/home/loki/Documents/GitHub/saga_repo/install/loki_description:/opt/ros/humble LD_LIBRARY_PATH=/home/loki/Documents/GitHub/saga_repo/install/loki_can_devices/lib:/home/loki/Documents/GitHub/saga_repo/install/loki_msgs/lib:${LD_LIBRARY_PATH} PYTHONPATH=/home/loki/Documents/GitHub/saga_repo/install/loki_base/lib/python3.10/site-packages:/home/loki/Documents/GitHub/saga_repo/install/loki_msgs/local/lib/python3.10/dist-packages:/home/loki/Documents/GitHub/saga_repo/install/loki_teleop/lib/python3.10/site-packages:${PYTHONPATH} /usr/bin/cmake --build /home/loki/Documents/GitHub/saga_repo/build/robot_bringup -- -j8 -l8
[0.114s] -- Found ament_cmake: 1.3.5 (/opt/ros/humble/share/ament_cmake/cmake)
[0.227s] -- Found rclcpp: 16.0.6 (/opt/ros/humble/share/rclcpp/cmake)
[0.252s] -- Found rosidl_generator_c: 3.1.5 (/opt/ros/humble/share/rosidl_generator_c/cmake)
[0.253s] -- Found rosidl_adapter: 3.1.5 (/opt/ros/humble/share/rosidl_adapter/cmake)
[0.258s] -- Found rosidl_generator_cpp: 3.1.5 (/opt/ros/humble/share/rosidl_generator_cpp/cmake)
[0.266s] -- Using all available rosidl_typesupport_c: rosidl_typesupport_fastrtps_c;rosidl_typesupport_introspection_c
[0.277s] -- Using all available rosidl_typesupport_cpp: rosidl_typesupport_fastrtps_cpp;rosidl_typesupport_introspection_cpp
[0.325s] -- Found rmw_implementation_cmake: 6.1.1 (/opt/ros/humble/share/rmw_implementation_cmake/cmake)
[0.326s] -- Found rmw_fastrtps_cpp: 6.2.4 (/opt/ros/humble/share/rmw_fastrtps_cpp/cmake)
[0.414s] -- Using RMW implementation 'rmw_fastrtps_cpp' as default
[0.527s] -- Found loki_description: 2.0.0 (/home/loki/Documents/GitHub/saga_repo/install/loki_description/share/loki_description/cmake)
[0.527s] -- Found loki_twist_mux: 2.0.0 (/home/loki/Documents/GitHub/saga_repo/install/loki_twist_mux/share/loki_twist_mux/cmake)
[0.576s] -- Configuring done
[0.579s] -- Generating done
[0.580s] -- Build files have been written to: /home/loki/Documents/GitHub/saga_repo/build/robot_bringup
[0.598s] Invoked command in '/home/loki/Documents/GitHub/saga_repo/build/robot_bringup' returned '0': AMENT_PREFIX_PATH=/home/loki/Documents/GitHub/saga_repo/install/loki_base:/home/loki/Documents/GitHub/saga_repo/install/loki_can_devices:/home/loki/Documents/GitHub/saga_repo/install/loki_msgs:/home/loki/Documents/GitHub/saga_repo/install/loki_twist_mux:/home/loki/Documents/GitHub/saga_repo/install/loki_teleop:/home/loki/Documents/GitHub/saga_repo/install/loki_description:${AMENT_PREFIX_PATH} CMAKE_PREFIX_PATH=/home/loki/Documents/GitHub/saga_repo/install/loki_can_devices:/home/loki/Documents/GitHub/saga_repo/install/loki_msgs:/home/loki/Documents/GitHub/saga_repo/install/loki_twist_mux:/home/loki/Documents/GitHub/saga_repo/install/loki_description:/opt/ros/humble LD_LIBRARY_PATH=/home/loki/Documents/GitHub/saga_repo/install/loki_can_devices/lib:/home/loki/Documents/GitHub/saga_repo/install/loki_msgs/lib:${LD_LIBRARY_PATH} PYTHONPATH=/home/loki/Documents/GitHub/saga_repo/install/loki_base/lib/python3.10/site-packages:/home/loki/Documents/GitHub/saga_repo/install/loki_msgs/local/lib/python3.10/dist-packages:/home/loki/Documents/GitHub/saga_repo/install/loki_teleop/lib/python3.10/site-packages:${PYTHONPATH} /usr/bin/cmake --build /home/loki/Documents/GitHub/saga_repo/build/robot_bringup -- -j8 -l8
[0.618s] Invoking command in '/home/loki/Documents/GitHub/saga_repo/build/robot_bringup': AMENT_PREFIX_PATH=/home/loki/Documents/GitHub/saga_repo/install/loki_base:/home/loki/Documents/GitHub/saga_repo/install/loki_can_devices:/home/loki/Documents/GitHub/saga_repo/install/loki_msgs:/home/loki/Documents/GitHub/saga_repo/install/loki_twist_mux:/home/loki/Documents/GitHub/saga_repo/install/loki_teleop:/home/loki/Documents/GitHub/saga_repo/install/loki_description:${AMENT_PREFIX_PATH} CMAKE_PREFIX_PATH=/home/loki/Documents/GitHub/saga_repo/install/loki_can_devices:/home/loki/Documents/GitHub/saga_repo/install/loki_msgs:/home/loki/Documents/GitHub/saga_repo/install/loki_twist_mux:/home/loki/Documents/GitHub/saga_repo/install/loki_description:/opt/ros/humble LD_LIBRARY_PATH=/home/loki/Documents/GitHub/saga_repo/install/loki_can_devices/lib:/home/loki/Documents/GitHub/saga_repo/install/loki_msgs/lib:${LD_LIBRARY_PATH} PYTHONPATH=/home/loki/Documents/GitHub/saga_repo/install/loki_base/lib/python3.10/site-packages:/home/loki/Documents/GitHub/saga_repo/install/loki_msgs/local/lib/python3.10/dist-packages:/home/loki/Documents/GitHub/saga_repo/install/loki_teleop/lib/python3.10/site-packages:${PYTHONPATH} /usr/bin/cmake --install /home/loki/Documents/GitHub/saga_repo/build/robot_bringup
[0.624s] -- Install configuration: ""
[0.624s] -- Up-to-date: /home/loki/Documents/GitHub/saga_repo/install/robot_bringup/share/robot_bringup/launch
[0.624s] -- Installing: /home/loki/Documents/GitHub/saga_repo/install/robot_bringup/share/robot_bringup/launch/robot_bringup.launch
[0.624s] -- Up-to-date: /home/loki/Documents/GitHub/saga_repo/install/robot_bringup/share/ament_index/resource_index/package_run_dependencies/robot_bringup
[0.624s] -- Up-to-date: /home/loki/Documents/GitHub/saga_repo/install/robot_bringup/share/ament_index/resource_index/parent_prefix_path/robot_bringup
[0.624s] -- Up-to-date: /home/loki/Documents/GitHub/saga_repo/install/robot_bringup/share/robot_bringup/environment/ament_prefix_path.sh
[0.625s] -- Installing: /home/loki/Documents/GitHub/saga_repo/install/robot_bringup/share/robot_bringup/environment/ament_prefix_path.dsv
[0.625s] -- Up-to-date: /home/loki/Documents/GitHub/saga_repo/install/robot_bringup/share/robot_bringup/environment/path.sh
[0.625s] -- Installing: /home/loki/Documents/GitHub/saga_repo/install/robot_bringup/share/robot_bringup/environment/path.dsv
[0.625s] -- Up-to-date: /home/loki/Documents/GitHub/saga_repo/install/robot_bringup/share/robot_bringup/local_setup.bash
[0.625s] -- Up-to-date: /home/loki/Documents/GitHub/saga_repo/install/robot_bringup/share/robot_bringup/local_setup.sh
[0.625s] -- Up-to-date: /home/loki/Documents/GitHub/saga_repo/install/robot_bringup/share/robot_bringup/local_setup.zsh
[0.625s] -- Installing: /home/loki/Documents/GitHub/saga_repo/install/robot_bringup/share/robot_bringup/local_setup.dsv
[0.625s] -- Installing: /home/loki/Documents/GitHub/saga_repo/install/robot_bringup/share/robot_bringup/package.dsv
[0.625s] -- Up-to-date: /home/loki/Documents/GitHub/saga_repo/install/robot_bringup/share/ament_index/resource_index/packages/robot_bringup
[0.625s] -- Up-to-date: /home/loki/Documents/GitHub/saga_repo/install/robot_bringup/share/robot_bringup/cmake/robot_bringupConfig.cmake
[0.625s] -- Up-to-date: /home/loki/Documents/GitHub/saga_repo/install/robot_bringup/share/robot_bringup/cmake/robot_bringupConfig-version.cmake
[0.625s] -- Installing: /home/loki/Documents/GitHub/saga_repo/install/robot_bringup/share/robot_bringup/package.xml
[0.627s] Invoked command in '/home/loki/Documents/GitHub/saga_repo/build/robot_bringup' returned '0': AMENT_PREFIX_PATH=/home/loki/Documents/GitHub/saga_repo/install/loki_base:/home/loki/Documents/GitHub/saga_repo/install/loki_can_devices:/home/loki/Documents/GitHub/saga_repo/install/loki_msgs:/home/loki/Documents/GitHub/saga_repo/install/loki_twist_mux:/home/loki/Documents/GitHub/saga_repo/install/loki_teleop:/home/loki/Documents/GitHub/saga_repo/install/loki_description:${AMENT_PREFIX_PATH} CMAKE_PREFIX_PATH=/home/loki/Documents/GitHub/saga_repo/install/loki_can_devices:/home/loki/Documents/GitHub/saga_repo/install/loki_msgs:/home/loki/Documents/GitHub/saga_repo/install/loki_twist_mux:/home/loki/Documents/GitHub/saga_repo/install/loki_description:/opt/ros/humble LD_LIBRARY_PATH=/home/loki/Documents/GitHub/saga_repo/install/loki_can_devices/lib:/home/loki/Documents/GitHub/saga_repo/install/loki_msgs/lib:${LD_LIBRARY_PATH} PYTHONPATH=/home/loki/Documents/GitHub/saga_repo/install/loki_base/lib/python3.10/site-packages:/home/loki/Documents/GitHub/saga_repo/install/loki_msgs/local/lib/python3.10/dist-packages:/home/loki/Documents/GitHub/saga_repo/install/loki_teleop/lib/python3.10/site-packages:${PYTHONPATH} /usr/bin/cmake --install /home/loki/Documents/GitHub/saga_repo/build/robot_bringup
