[  0%] Built target loki_msgs__cpp
[ 12%] Built target loki_msgs__rosidl_generator_c
[ 25%] Built target loki_msgs__rosidl_typesupport_c
[ 37%] Built target loki_msgs__rosidl_typesupport_cpp
[ 50%] Built target loki_msgs__rosidl_typesupport_introspection_c
[ 63%] Built target loki_msgs__rosidl_typesupport_introspection_cpp
[ 63%] Built target ament_cmake_python_copy_loki_msgs
[ 75%] Built target loki_msgs__rosidl_typesupport_fastrtps_cpp
[ 88%] Built target loki_msgs__rosidl_typesupport_fastrtps_c
[ 88%] Built target loki_msgs
[ 88%] Built target loki_msgs__py
[100%] Built target loki_msgs__rosidl_generator_py
[100%] Built target loki_msgs__rosidl_typesupport_fastrtps_c__pyext
[100%] Built target loki_msgs__rosidl_typesupport_introspection_c__pyext
[100%] Built target loki_msgs__rosidl_typesupport_c__pyext
running egg_info
writing loki_msgs.egg-info/PKG-INFO
writing dependency_links to loki_msgs.egg-info/dependency_links.txt
writing top-level names to loki_msgs.egg-info/top_level.txt
reading manifest file 'loki_msgs.egg-info/SOURCES.txt'
writing manifest file 'loki_msgs.egg-info/SOURCES.txt'
[100%] Built target ament_cmake_python_build_loki_msgs_egg
