[0.141s] Invoking command in '/home/cairlab/Documents/GitHub/saga_repo/build/loki_msgs': AMENT_PREFIX_PATH=/home/cairlab/Documents/GitHub/saga_repo/install/loki_description:${AMENT_PREFIX_PATH} CMAKE_PREFIX_PATH=/home/cairlab/Documents/GitHub/saga_repo/install/loki_description:/opt/ros/humble /usr/bin/cmake --build /home/cairlab/Documents/GitHub/saga_repo/build/loki_msgs -- -j12 -l12
[0.281s] [  0%] Built target loki_msgs__cpp
[0.295s] [ 12%] Built target loki_msgs__rosidl_generator_c
[0.362s] [ 25%] Built target loki_msgs__rosidl_typesupport_c
[0.364s] [ 37%] Built target loki_msgs__rosidl_typesupport_cpp
[0.364s] [ 50%] Built target loki_msgs__rosidl_typesupport_introspection_c
[0.377s] [ 63%] Built target loki_msgs__rosidl_typesupport_introspection_cpp
[0.378s] [ 63%] Built target ament_cmake_python_copy_loki_msgs
[0.384s] [ 75%] Built target loki_msgs__rosidl_typesupport_fastrtps_cpp
[0.386s] [ 88%] Built target loki_msgs__rosidl_typesupport_fastrtps_c
[0.415s] [ 88%] Built target loki_msgs
[0.473s] [ 88%] Built target loki_msgs__py
[0.560s] [100%] Built target loki_msgs__rosidl_generator_py
[0.603s] [100%] Built target loki_msgs__rosidl_typesupport_fastrtps_c__pyext
[0.604s] [100%] Built target loki_msgs__rosidl_typesupport_introspection_c__pyext
[0.606s] [100%] Built target loki_msgs__rosidl_typesupport_c__pyext
[0.771s] running egg_info
[0.791s] writing loki_msgs.egg-info/PKG-INFO
[0.791s] writing dependency_links to loki_msgs.egg-info/dependency_links.txt
[0.791s] writing top-level names to loki_msgs.egg-info/top_level.txt
[0.863s] reading manifest file 'loki_msgs.egg-info/SOURCES.txt'
[0.863s] writing manifest file 'loki_msgs.egg-info/SOURCES.txt'
[0.939s] [100%] Built target ament_cmake_python_build_loki_msgs_egg
