[1.281s] Invoking command in '/home/loki/Documents/GitHub/saga_repo/ros2_thor/src/loki/loki_nav': AMENT_PREFIX_PATH=/home/loki/Documents/GitHub/saga_repo/install/septentrio_gnss_driver:${AMENT_PREFIX_PATH} CMAKE_PREFIX_PATH=/home/loki/Documents/GitHub/saga_repo/install/septentrio_gnss_driver LD_LIBRARY_PATH=/home/loki/Documents/GitHub/saga_repo/install/septentrio_gnss_driver/lib:${LD_LIBRARY_PATH} PYTHONPATH=/home/loki/Documents/GitHub/saga_repo/build/loki_nav/prefix_override:/home/loki/Documents/GitHub/saga_repo/install/loki_nav/lib/python3.10/site-packages:/home/loki/Documents/GitHub/saga_repo/install/septentrio_gnss_driver/local/lib/python3.10/dist-packages:${PYTHONPATH} /usr/bin/python3 setup.py egg_info --egg-base ../../../../build/loki_nav build --build-base /home/loki/Documents/GitHub/saga_repo/build/loki_nav/build install --record /home/loki/Documents/GitHub/saga_repo/build/loki_nav/install.log --single-version-externally-managed
[1.729s] running egg_info
[1.729s] writing ../../../../build/loki_nav/loki_nav.egg-info/PKG-INFO
[1.730s] writing dependency_links to ../../../../build/loki_nav/loki_nav.egg-info/dependency_links.txt
[1.730s] writing entry points to ../../../../build/loki_nav/loki_nav.egg-info/entry_points.txt
[1.730s] writing requirements to ../../../../build/loki_nav/loki_nav.egg-info/requires.txt
[1.730s] writing top-level names to ../../../../build/loki_nav/loki_nav.egg-info/top_level.txt
[1.733s] reading manifest file '../../../../build/loki_nav/loki_nav.egg-info/SOURCES.txt'
[1.735s] writing manifest file '../../../../build/loki_nav/loki_nav.egg-info/SOURCES.txt'
[1.735s] running build
[1.736s] running build_py
[1.736s] copying loki_nav/waypoint_node.py -> /home/loki/Documents/GitHub/saga_repo/build/loki_nav/build/lib/loki_nav
[1.736s] running install
[1.736s] /usr/lib/python3/dist-packages/setuptools/command/install.py:34: SetuptoolsDeprecationWarning: setup.py install is deprecated. Use build and pip and other standards-based tools.
[1.736s]   warnings.warn(
[1.737s] running install_lib
[1.738s] copying /home/loki/Documents/GitHub/saga_repo/build/loki_nav/build/lib/loki_nav/waypoint_node.py -> /home/loki/Documents/GitHub/saga_repo/install/loki_nav/lib/python3.10/site-packages/loki_nav
[1.739s] byte-compiling /home/loki/Documents/GitHub/saga_repo/install/loki_nav/lib/python3.10/site-packages/loki_nav/waypoint_node.py to waypoint_node.cpython-310.pyc
[1.741s] running install_data
[1.742s] running install_egg_info
[1.745s] removing '/home/loki/Documents/GitHub/saga_repo/install/loki_nav/lib/python3.10/site-packages/loki_nav-2.0.0-py3.10.egg-info' (and everything under it)
[1.745s] Copying ../../../../build/loki_nav/loki_nav.egg-info to /home/loki/Documents/GitHub/saga_repo/install/loki_nav/lib/python3.10/site-packages/loki_nav-2.0.0-py3.10.egg-info
[1.747s] running install_scripts
[1.785s] Installing waypoint_node script to /home/loki/Documents/GitHub/saga_repo/install/loki_nav/lib/loki_nav
[1.785s] writing list of installed files to '/home/loki/Documents/GitHub/saga_repo/build/loki_nav/install.log'
[2.065s] Invoked command in '/home/loki/Documents/GitHub/saga_repo/ros2_thor/src/loki/loki_nav' returned '0': AMENT_PREFIX_PATH=/home/loki/Documents/GitHub/saga_repo/install/septentrio_gnss_driver:${AMENT_PREFIX_PATH} CMAKE_PREFIX_PATH=/home/loki/Documents/GitHub/saga_repo/install/septentrio_gnss_driver LD_LIBRARY_PATH=/home/loki/Documents/GitHub/saga_repo/install/septentrio_gnss_driver/lib:${LD_LIBRARY_PATH} PYTHONPATH=/home/loki/Documents/GitHub/saga_repo/build/loki_nav/prefix_override:/home/loki/Documents/GitHub/saga_repo/install/loki_nav/lib/python3.10/site-packages:/home/loki/Documents/GitHub/saga_repo/install/septentrio_gnss_driver/local/lib/python3.10/dist-packages:${PYTHONPATH} /usr/bin/python3 setup.py egg_info --egg-base ../../../../build/loki_nav build --build-base /home/loki/Documents/GitHub/saga_repo/build/loki_nav/build install --record /home/loki/Documents/GitHub/saga_repo/build/loki_nav/install.log --single-version-externally-managed
