-- Found ament_cmake: 1.3.5 (/opt/ros/humble/share/ament_cmake/cmake)
-- Configuring done
-- Generating done
-- Build files have been written to: /home/loki/Documents/GitHub/saga_repo/build/loki_simulator
-- Install configuration: ""
-- Up-to-date: /home/loki/Documents/GitHub/saga_repo/install/loki_simulator/share/ament_index/resource_index/package_run_dependencies/loki_simulator
-- Up-to-date: /home/loki/Documents/GitHub/saga_repo/install/loki_simulator/share/ament_index/resource_index/parent_prefix_path/loki_simulator
-- Up-to-date: /home/loki/Documents/GitHub/saga_repo/install/loki_simulator/share/loki_simulator/environment/ament_prefix_path.sh
-- Installing: /home/loki/Documents/GitHub/saga_repo/install/loki_simulator/share/loki_simulator/environment/ament_prefix_path.dsv
-- Up-to-date: /home/loki/Documents/GitHub/saga_repo/install/loki_simulator/share/loki_simulator/environment/path.sh
-- Installing: /home/loki/Documents/GitHub/saga_repo/install/loki_simulator/share/loki_simulator/environment/path.dsv
-- Up-to-date: /home/loki/Documents/GitHub/saga_repo/install/loki_simulator/share/loki_simulator/local_setup.bash
-- Up-to-date: /home/loki/Documents/GitHub/saga_repo/install/loki_simulator/share/loki_simulator/local_setup.sh
-- Up-to-date: /home/loki/Documents/GitHub/saga_repo/install/loki_simulator/share/loki_simulator/local_setup.zsh
-- Installing: /home/loki/Documents/GitHub/saga_repo/install/loki_simulator/share/loki_simulator/local_setup.dsv
-- Installing: /home/loki/Documents/GitHub/saga_repo/install/loki_simulator/share/loki_simulator/package.dsv
-- Up-to-date: /home/loki/Documents/GitHub/saga_repo/install/loki_simulator/share/ament_index/resource_index/packages/loki_simulator
-- Up-to-date: /home/loki/Documents/GitHub/saga_repo/install/loki_simulator/share/loki_simulator/cmake/loki_simulatorConfig.cmake
-- Up-to-date: /home/loki/Documents/GitHub/saga_repo/install/loki_simulator/share/loki_simulator/cmake/loki_simulatorConfig-version.cmake
-- Installing: /home/loki/Documents/GitHub/saga_repo/install/loki_simulator/share/loki_simulator/package.xml
