[  0%] [34m[1mGenerating C++ code for ROS interfaces[0m
[  0%] Built target ament_cmake_python_copy_loki_msgs
[  0%] [34m[1mGenerating C code for ROS interfaces[0m
running egg_info
creating loki_msgs.egg-info
writing loki_msgs.egg-info/PKG-INFO
writing dependency_links to loki_msgs.egg-info/dependency_links.txt
writing top-level names to loki_msgs.egg-info/top_level.txt
writing manifest file 'loki_msgs.egg-info/SOURCES.txt'
reading manifest file 'loki_msgs.egg-info/SOURCES.txt'
writing manifest file 'loki_msgs.egg-info/SOURCES.txt'
[  0%] Built target ament_cmake_python_build_loki_msgs_egg
[  0%] Built target loki_msgs__cpp
[  0%] [34m[1mGenerating C++ type support for eProsima Fast-RTPS[0m
[  1%] [34m[1mGenerating C++ introspection for ROS interfaces[0m
[  1%] [34m[1mGenerating C++ type support dispatch for ROS interfaces[0m
[  2%] [32mBuilding C object CMakeFiles/loki_msgs__rosidl_generator_c.dir/rosidl_generator_c/loki_msgs/msg/detail/thorvald_io__functions.c.o[0m
[  2%] [32mBuilding C object CMakeFiles/loki_msgs__rosidl_generator_c.dir/rosidl_generator_c/loki_msgs/msg/detail/battery_data__functions.c.o[0m
[  2%] [32mBuilding C object CMakeFiles/loki_msgs__rosidl_generator_c.dir/rosidl_generator_c/loki_msgs/msg/detail/battery_alarms__functions.c.o[0m
[  2%] [32mBuilding C object CMakeFiles/loki_msgs__rosidl_generator_c.dir/rosidl_generator_c/loki_msgs/msg/detail/base_state__functions.c.o[0m
[  3%] [32mBuilding C object CMakeFiles/loki_msgs__rosidl_generator_c.dir/rosidl_generator_c/loki_msgs/msg/detail/battery_array__functions.c.o[0m
[  3%] [32mBuilding C object CMakeFiles/loki_msgs__rosidl_generator_c.dir/rosidl_generator_c/loki_msgs/msg/detail/can_frame__functions.c.o[0m
[  3%] [32mBuilding C object CMakeFiles/loki_msgs__rosidl_generator_c.dir/rosidl_generator_c/loki_msgs/msg/detail/controller_array__functions.c.o[0m
[  4%] [32mBuilding C object CMakeFiles/loki_msgs__rosidl_generator_c.dir/rosidl_generator_c/loki_msgs/msg/detail/controller_config__functions.c.o[0m
[  4%] [32mBuilding C object CMakeFiles/loki_msgs__rosidl_generator_c.dir/rosidl_generator_c/loki_msgs/msg/detail/controller_data__functions.c.o[0m
[  4%] [32mBuilding C object CMakeFiles/loki_msgs__rosidl_generator_c.dir/rosidl_generator_c/loki_msgs/msg/detail/controller_info__functions.c.o[0m
[  5%] [32mBuilding C object CMakeFiles/loki_msgs__rosidl_generator_c.dir/rosidl_generator_c/loki_msgs/msg/detail/drive_param__functions.c.o[0m
[  5%] [32mBuilding C object CMakeFiles/loki_msgs__rosidl_generator_c.dir/rosidl_generator_c/loki_msgs/msg/detail/enclosure_state__functions.c.o[0m
[  5%] [32mBuilding C object CMakeFiles/loki_msgs__rosidl_generator_c.dir/rosidl_generator_c/loki_msgs/msg/detail/controller_state__functions.c.o[0m
[  6%] [32mBuilding C object CMakeFiles/loki_msgs__rosidl_generator_c.dir/rosidl_generator_c/loki_msgs/msg/detail/motor_state__functions.c.o[0m
[  6%] [32mBuilding C object CMakeFiles/loki_msgs__rosidl_generator_c.dir/rosidl_generator_c/loki_msgs/msg/detail/io_state__functions.c.o[0m
[  6%] [32mBuilding C object CMakeFiles/loki_msgs__rosidl_generator_c.dir/rosidl_generator_c/loki_msgs/msg/detail/controller_status_flag__functions.c.o[0m
[  6%] [32mBuilding C object CMakeFiles/loki_msgs__rosidl_generator_c.dir/rosidl_generator_c/loki_msgs/msg/detail/io_array__functions.c.o[0m
[  7%] [32mBuilding C object CMakeFiles/loki_msgs__rosidl_generator_c.dir/rosidl_generator_c/loki_msgs/srv/detail/digital_write__functions.c.o[0m
[  7%] [32mBuilding C object CMakeFiles/loki_msgs__rosidl_generator_c.dir/rosidl_generator_c/loki_msgs/srv/detail/can_id__functions.c.o[0m
[  7%] [32mBuilding C object CMakeFiles/loki_msgs__rosidl_generator_c.dir/rosidl_generator_c/loki_msgs/srv/detail/motor_controller_setup__functions.c.o[0m
[  7%] [32mBuilding C object CMakeFiles/loki_msgs__rosidl_generator_c.dir/rosidl_generator_c/loki_msgs/srv/detail/drive_params__functions.c.o[0m
[  8%] [32mBuilding C object CMakeFiles/loki_msgs__rosidl_generator_c.dir/rosidl_generator_c/loki_msgs/srv/detail/switch_bool__functions.c.o[0m
[  8%] [32mBuilding C object CMakeFiles/loki_msgs__rosidl_generator_c.dir/rosidl_generator_c/loki_msgs/srv/detail/battery_vars__functions.c.o[0m
[  8%] [32mBuilding C object CMakeFiles/loki_msgs__rosidl_generator_c.dir/rosidl_generator_c/loki_msgs/srv/detail/cont_array__functions.c.o[0m
[  9%] [32mBuilding C object CMakeFiles/loki_msgs__rosidl_generator_c.dir/rosidl_generator_c/loki_msgs/srv/detail/cot_map__functions.c.o[0m
[  9%] [32mBuilding C object CMakeFiles/loki_msgs__rosidl_generator_c.dir/rosidl_generator_c/loki_msgs/srv/detail/drive_cmds__functions.c.o[0m
[  9%] [32mBuilding C object CMakeFiles/loki_msgs__rosidl_generator_c.dir/rosidl_generator_c/loki_msgs/srv/detail/device_cmds__functions.c.o[0m
[ 10%] [32mBuilding C object CMakeFiles/loki_msgs__rosidl_generator_c.dir/rosidl_generator_c/loki_msgs/srv/detail/eval_can_buffer__functions.c.o[0m
[ 10%] [32mBuilding C object CMakeFiles/loki_msgs__rosidl_generator_c.dir/rosidl_generator_c/loki_msgs/srv/detail/get_set_bool__functions.c.o[0m
[ 10%] [32mBuilding C object CMakeFiles/loki_msgs__rosidl_generator_c.dir/rosidl_generator_c/loki_msgs/srv/detail/homesteering_all__functions.c.o[0m
[ 10%] [32mBuilding C object CMakeFiles/loki_msgs__rosidl_generator_c.dir/rosidl_generator_c/loki_msgs/srv/detail/init_pltf__functions.c.o[0m
[ 11%] [32mBuilding C object CMakeFiles/loki_msgs__rosidl_generator_c.dir/rosidl_generator_c/loki_msgs/srv/detail/mot_cot__functions.c.o[0m
[ 11%] [32mBuilding C object CMakeFiles/loki_msgs__rosidl_generator_c.dir/rosidl_generator_c/loki_msgs/srv/detail/pos_zero__functions.c.o[0m
[ 11%] [32mBuilding C object CMakeFiles/loki_msgs__rosidl_generator_c.dir/rosidl_generator_c/loki_msgs/srv/detail/pos_zero_all__functions.c.o[0m
[ 12%] [32mBuilding C object CMakeFiles/loki_msgs__rosidl_generator_c.dir/rosidl_generator_c/loki_msgs/srv/detail/set_bools__functions.c.o[0m
[ 12%] [32mBuilding C object CMakeFiles/loki_msgs__rosidl_generator_c.dir/rosidl_generator_c/loki_msgs/srv/detail/sim_drive__functions.c.o[0m
[ 12%] [32mBuilding C object CMakeFiles/loki_msgs__rosidl_generator_c.dir/rosidl_generator_c/loki_msgs/srv/detail/state_base__functions.c.o[0m
[ 12%] [32mBuilding C object CMakeFiles/loki_msgs__rosidl_generator_c.dir/rosidl_generator_c/loki_msgs/srv/detail/states_of_io__functions.c.o[0m
[ 13%] [32mBuilding C object CMakeFiles/loki_msgs__rosidl_generator_c.dir/rosidl_generator_c/loki_msgs/srv/detail/params__functions.c.o[0m
[ 13%] [32mBuilding C object CMakeFiles/loki_msgs__rosidl_generator_c.dir/rosidl_generator_c/loki_msgs/srv/detail/home_s__functions.c.o[0m
[ 13%] [32m[1mLinking C shared library libloki_msgs__rosidl_generator_c.so[0m
[ 13%] Built target loki_msgs__rosidl_generator_c
[ 14%] [34m[1mGenerating C type support for eProsima Fast-RTPS[0m
[ 15%] [34m[1mGenerating C introspection for ROS interfaces[0m
[ 16%] [34m[1mGenerating C type support dispatch for ROS interfaces[0m
[ 17%] [32mBuilding CXX object CMakeFiles/loki_msgs__rosidl_typesupport_fastrtps_cpp.dir/rosidl_typesupport_fastrtps_cpp/loki_msgs/msg/detail/dds_fastrtps/thorvald_io__type_support.cpp.o[0m
[ 17%] [32mBuilding CXX object CMakeFiles/loki_msgs__rosidl_typesupport_fastrtps_cpp.dir/rosidl_typesupport_fastrtps_cpp/loki_msgs/msg/detail/dds_fastrtps/base_state__type_support.cpp.o[0m
[ 17%] [32mBuilding CXX object CMakeFiles/loki_msgs__rosidl_typesupport_fastrtps_cpp.dir/rosidl_typesupport_fastrtps_cpp/loki_msgs/msg/detail/dds_fastrtps/battery_alarms__type_support.cpp.o[0m
[ 18%] [32mBuilding CXX object CMakeFiles/loki_msgs__rosidl_typesupport_fastrtps_cpp.dir/rosidl_typesupport_fastrtps_cpp/loki_msgs/msg/detail/dds_fastrtps/battery_array__type_support.cpp.o[0m
[ 18%] [32mBuilding CXX object CMakeFiles/loki_msgs__rosidl_typesupport_fastrtps_cpp.dir/rosidl_typesupport_fastrtps_cpp/loki_msgs/msg/detail/dds_fastrtps/battery_data__type_support.cpp.o[0m
[ 18%] [32mBuilding CXX object CMakeFiles/loki_msgs__rosidl_typesupport_introspection_cpp.dir/rosidl_typesupport_introspection_cpp/loki_msgs/msg/detail/thorvald_io__type_support.cpp.o[0m
[ 18%] [32mBuilding CXX object CMakeFiles/loki_msgs__rosidl_typesupport_fastrtps_cpp.dir/rosidl_typesupport_fastrtps_cpp/loki_msgs/msg/detail/dds_fastrtps/can_frame__type_support.cpp.o[0m
[ 19%] [32mBuilding CXX object CMakeFiles/loki_msgs__rosidl_typesupport_fastrtps_cpp.dir/rosidl_typesupport_fastrtps_cpp/loki_msgs/msg/detail/dds_fastrtps/controller_array__type_support.cpp.o[0m
[ 19%] [32mBuilding CXX object CMakeFiles/loki_msgs__rosidl_typesupport_fastrtps_cpp.dir/rosidl_typesupport_fastrtps_cpp/loki_msgs/msg/detail/dds_fastrtps/controller_config__type_support.cpp.o[0m
[ 19%] [32mBuilding CXX object CMakeFiles/loki_msgs__rosidl_typesupport_fastrtps_cpp.dir/rosidl_typesupport_fastrtps_cpp/loki_msgs/msg/detail/dds_fastrtps/controller_data__type_support.cpp.o[0m
[ 19%] [32mBuilding CXX object CMakeFiles/loki_msgs__rosidl_typesupport_introspection_cpp.dir/rosidl_typesupport_introspection_cpp/loki_msgs/msg/detail/base_state__type_support.cpp.o[0m
[ 19%] [32mBuilding CXX object CMakeFiles/loki_msgs__rosidl_typesupport_fastrtps_cpp.dir/rosidl_typesupport_fastrtps_cpp/loki_msgs/msg/detail/dds_fastrtps/controller_info__type_support.cpp.o[0m
[ 20%] [32mBuilding CXX object CMakeFiles/loki_msgs__rosidl_typesupport_fastrtps_cpp.dir/rosidl_typesupport_fastrtps_cpp/loki_msgs/msg/detail/dds_fastrtps/controller_state__type_support.cpp.o[0m
[ 20%] [32mBuilding CXX object CMakeFiles/loki_msgs__rosidl_typesupport_fastrtps_cpp.dir/rosidl_typesupport_fastrtps_cpp/loki_msgs/msg/detail/dds_fastrtps/drive_param__type_support.cpp.o[0m
[ 20%] [32mBuilding CXX object CMakeFiles/loki_msgs__rosidl_typesupport_introspection_cpp.dir/rosidl_typesupport_introspection_cpp/loki_msgs/msg/detail/battery_alarms__type_support.cpp.o[0m
[ 20%] [32mBuilding C object CMakeFiles/loki_msgs__rosidl_typesupport_introspection_c.dir/rosidl_typesupport_introspection_c/loki_msgs/msg/detail/thorvald_io__type_support.c.o[0m
[ 20%] [32mBuilding C object CMakeFiles/loki_msgs__rosidl_typesupport_introspection_c.dir/rosidl_typesupport_introspection_c/loki_msgs/msg/detail/base_state__type_support.c.o[0m
[ 21%] [32mBuilding C object CMakeFiles/loki_msgs__rosidl_typesupport_introspection_c.dir/rosidl_typesupport_introspection_c/loki_msgs/msg/detail/battery_alarms__type_support.c.o[0m
[ 21%] [32mBuilding C object CMakeFiles/loki_msgs__rosidl_typesupport_introspection_c.dir/rosidl_typesupport_introspection_c/loki_msgs/msg/detail/battery_array__type_support.c.o[0m
[ 21%] [32mBuilding C object CMakeFiles/loki_msgs__rosidl_typesupport_introspection_c.dir/rosidl_typesupport_introspection_c/loki_msgs/msg/detail/battery_data__type_support.c.o[0m
[ 21%] [32mBuilding C object CMakeFiles/loki_msgs__rosidl_typesupport_introspection_c.dir/rosidl_typesupport_introspection_c/loki_msgs/msg/detail/can_frame__type_support.c.o[0m
[ 21%] [32mBuilding CXX object CMakeFiles/loki_msgs__rosidl_typesupport_fastrtps_cpp.dir/rosidl_typesupport_fastrtps_cpp/loki_msgs/msg/detail/dds_fastrtps/enclosure_state__type_support.cpp.o[0m
[ 22%] [32mBuilding C object CMakeFiles/loki_msgs__rosidl_typesupport_introspection_c.dir/rosidl_typesupport_introspection_c/loki_msgs/msg/detail/controller_array__type_support.c.o[0m
[ 22%] [32mBuilding CXX object CMakeFiles/loki_msgs__rosidl_typesupport_c.dir/rosidl_typesupport_c/loki_msgs/msg/base_state__type_support.cpp.o[0m
[ 22%] [32mBuilding CXX object CMakeFiles/loki_msgs__rosidl_typesupport_c.dir/rosidl_typesupport_c/loki_msgs/msg/thorvald_io__type_support.cpp.o[0m
[ 23%] [32mBuilding CXX object CMakeFiles/loki_msgs__rosidl_typesupport_introspection_cpp.dir/rosidl_typesupport_introspection_cpp/loki_msgs/msg/detail/battery_array__type_support.cpp.o[0m
[ 24%] [32mBuilding CXX object CMakeFiles/loki_msgs__rosidl_typesupport_fastrtps_cpp.dir/rosidl_typesupport_fastrtps_cpp/loki_msgs/msg/detail/dds_fastrtps/io_array__type_support.cpp.o[0m
[ 24%] [32mBuilding CXX object CMakeFiles/loki_msgs__rosidl_typesupport_c.dir/rosidl_typesupport_c/loki_msgs/msg/battery_alarms__type_support.cpp.o[0m
[ 25%] [32mBuilding CXX object CMakeFiles/loki_msgs__rosidl_typesupport_c.dir/rosidl_typesupport_c/loki_msgs/msg/battery_array__type_support.cpp.o[0m
[ 25%] [32mBuilding CXX object CMakeFiles/loki_msgs__rosidl_typesupport_c.dir/rosidl_typesupport_c/loki_msgs/msg/battery_data__type_support.cpp.o[0m
[ 25%] [32mBuilding C object CMakeFiles/loki_msgs__rosidl_typesupport_introspection_c.dir/rosidl_typesupport_introspection_c/loki_msgs/msg/detail/controller_config__type_support.c.o[0m
[ 25%] [32mBuilding CXX object CMakeFiles/loki_msgs__rosidl_typesupport_c.dir/rosidl_typesupport_c/loki_msgs/msg/can_frame__type_support.cpp.o[0m
[ 26%] [32mBuilding CXX object CMakeFiles/loki_msgs__rosidl_typesupport_c.dir/rosidl_typesupport_c/loki_msgs/msg/controller_array__type_support.cpp.o[0m
[ 26%] [32mBuilding C object CMakeFiles/loki_msgs__rosidl_typesupport_introspection_c.dir/rosidl_typesupport_introspection_c/loki_msgs/msg/detail/controller_data__type_support.c.o[0m
[ 26%] [32mBuilding CXX object CMakeFiles/loki_msgs__rosidl_typesupport_c.dir/rosidl_typesupport_c/loki_msgs/msg/controller_config__type_support.cpp.o[0m
[ 26%] [32mBuilding CXX object CMakeFiles/loki_msgs__rosidl_typesupport_c.dir/rosidl_typesupport_c/loki_msgs/msg/controller_data__type_support.cpp.o[0m
[ 27%] [32mBuilding CXX object CMakeFiles/loki_msgs__rosidl_typesupport_cpp.dir/rosidl_typesupport_cpp/loki_msgs/msg/thorvald_io__type_support.cpp.o[0m
[ 28%] [32mBuilding C object CMakeFiles/loki_msgs__rosidl_typesupport_introspection_c.dir/rosidl_typesupport_introspection_c/loki_msgs/msg/detail/controller_info__type_support.c.o[0m
[ 28%] [32mBuilding CXX object CMakeFiles/loki_msgs__rosidl_typesupport_c.dir/rosidl_typesupport_c/loki_msgs/msg/controller_info__type_support.cpp.o[0m
[ 28%] [32mBuilding C object CMakeFiles/loki_msgs__rosidl_typesupport_introspection_c.dir/rosidl_typesupport_introspection_c/loki_msgs/msg/detail/controller_state__type_support.c.o[0m
[ 28%] [32mBuilding C object CMakeFiles/loki_msgs__rosidl_typesupport_introspection_c.dir/rosidl_typesupport_introspection_c/loki_msgs/msg/detail/drive_param__type_support.c.o[0m
[ 29%] [32mBuilding C object CMakeFiles/loki_msgs__rosidl_typesupport_introspection_c.dir/rosidl_typesupport_introspection_c/loki_msgs/msg/detail/enclosure_state__type_support.c.o[0m
[ 30%] [32mBuilding CXX object CMakeFiles/loki_msgs__rosidl_typesupport_c.dir/rosidl_typesupport_c/loki_msgs/msg/controller_state__type_support.cpp.o[0m
[ 30%] [32mBuilding C object CMakeFiles/loki_msgs__rosidl_typesupport_introspection_c.dir/rosidl_typesupport_introspection_c/loki_msgs/msg/detail/io_array__type_support.c.o[0m
[ 30%] [32mBuilding CXX object CMakeFiles/loki_msgs__rosidl_typesupport_c.dir/rosidl_typesupport_c/loki_msgs/msg/drive_param__type_support.cpp.o[0m
[ 30%] [32mBuilding CXX object CMakeFiles/loki_msgs__rosidl_typesupport_c.dir/rosidl_typesupport_c/loki_msgs/msg/enclosure_state__type_support.cpp.o[0m
[ 30%] [32mBuilding C object CMakeFiles/loki_msgs__rosidl_typesupport_introspection_c.dir/rosidl_typesupport_introspection_c/loki_msgs/msg/detail/io_state__type_support.c.o[0m
[ 30%] [32mBuilding CXX object CMakeFiles/loki_msgs__rosidl_typesupport_fastrtps_c.dir/rosidl_typesupport_fastrtps_c/loki_msgs/msg/detail/thorvald_io__type_support_c.cpp.o[0m
[ 31%] [32mBuilding CXX object CMakeFiles/loki_msgs__rosidl_typesupport_c.dir/rosidl_typesupport_c/loki_msgs/msg/io_array__type_support.cpp.o[0m
[ 31%] [32mBuilding CXX object CMakeFiles/loki_msgs__rosidl_typesupport_fastrtps_cpp.dir/rosidl_typesupport_fastrtps_cpp/loki_msgs/msg/detail/dds_fastrtps/io_state__type_support.cpp.o[0m
[ 31%] [32mBuilding CXX object CMakeFiles/loki_msgs__rosidl_typesupport_fastrtps_c.dir/rosidl_typesupport_fastrtps_c/loki_msgs/msg/detail/base_state__type_support_c.cpp.o[0m
[ 31%] [32mBuilding C object CMakeFiles/loki_msgs__rosidl_typesupport_introspection_c.dir/rosidl_typesupport_introspection_c/loki_msgs/msg/detail/motor_state__type_support.c.o[0m
[ 31%] [32mBuilding CXX object CMakeFiles/loki_msgs__rosidl_typesupport_c.dir/rosidl_typesupport_c/loki_msgs/msg/io_state__type_support.cpp.o[0m
[ 32%] [32mBuilding C object CMakeFiles/loki_msgs__rosidl_typesupport_introspection_c.dir/rosidl_typesupport_introspection_c/loki_msgs/msg/detail/controller_status_flag__type_support.c.o[0m
[ 32%] [32mBuilding CXX object CMakeFiles/loki_msgs__rosidl_typesupport_cpp.dir/rosidl_typesupport_cpp/loki_msgs/msg/base_state__type_support.cpp.o[0m
[ 32%] [32mBuilding CXX object CMakeFiles/loki_msgs__rosidl_typesupport_introspection_cpp.dir/rosidl_typesupport_introspection_cpp/loki_msgs/msg/detail/battery_data__type_support.cpp.o[0m
[ 32%] [32mBuilding C object CMakeFiles/loki_msgs__rosidl_typesupport_introspection_c.dir/rosidl_typesupport_introspection_c/loki_msgs/srv/detail/digital_write__type_support.c.o[0m
[ 32%] [32mBuilding CXX object CMakeFiles/loki_msgs__rosidl_typesupport_c.dir/rosidl_typesupport_c/loki_msgs/msg/motor_state__type_support.cpp.o[0m
[ 32%] [32mBuilding C object CMakeFiles/loki_msgs__rosidl_typesupport_introspection_c.dir/rosidl_typesupport_introspection_c/loki_msgs/srv/detail/can_id__type_support.c.o[0m
[ 33%] [32mBuilding CXX object CMakeFiles/loki_msgs__rosidl_typesupport_c.dir/rosidl_typesupport_c/loki_msgs/msg/controller_status_flag__type_support.cpp.o[0m
[ 33%] [32mBuilding CXX object CMakeFiles/loki_msgs__rosidl_typesupport_introspection_cpp.dir/rosidl_typesupport_introspection_cpp/loki_msgs/msg/detail/can_frame__type_support.cpp.o[0m
[ 34%] [32mBuilding C object CMakeFiles/loki_msgs__rosidl_typesupport_introspection_c.dir/rosidl_typesupport_introspection_c/loki_msgs/srv/detail/drive_params__type_support.c.o[0m
[ 34%] [32mBuilding CXX object CMakeFiles/loki_msgs__rosidl_typesupport_c.dir/rosidl_typesupport_c/loki_msgs/srv/digital_write__type_support.cpp.o[0m
[ 34%] [32mBuilding CXX object CMakeFiles/loki_msgs__rosidl_typesupport_c.dir/rosidl_typesupport_c/loki_msgs/srv/can_id__type_support.cpp.o[0m
[ 34%] [32mBuilding C object CMakeFiles/loki_msgs__rosidl_typesupport_introspection_c.dir/rosidl_typesupport_introspection_c/loki_msgs/srv/detail/motor_controller_setup__type_support.c.o[0m
[ 34%] [32mBuilding CXX object CMakeFiles/loki_msgs__rosidl_typesupport_c.dir/rosidl_typesupport_c/loki_msgs/srv/drive_params__type_support.cpp.o[0m
[ 34%] [32mBuilding C object CMakeFiles/loki_msgs__rosidl_typesupport_introspection_c.dir/rosidl_typesupport_introspection_c/loki_msgs/srv/detail/switch_bool__type_support.c.o[0m
[ 35%] [32mBuilding CXX object CMakeFiles/loki_msgs__rosidl_typesupport_c.dir/rosidl_typesupport_c/loki_msgs/srv/motor_controller_setup__type_support.cpp.o[0m
[ 35%] [32mBuilding C object CMakeFiles/loki_msgs__rosidl_typesupport_introspection_c.dir/rosidl_typesupport_introspection_c/loki_msgs/srv/detail/battery_vars__type_support.c.o[0m
[ 35%] [32mBuilding CXX object CMakeFiles/loki_msgs__rosidl_typesupport_c.dir/rosidl_typesupport_c/loki_msgs/srv/switch_bool__type_support.cpp.o[0m
[ 36%] [32mBuilding C object CMakeFiles/loki_msgs__rosidl_typesupport_introspection_c.dir/rosidl_typesupport_introspection_c/loki_msgs/srv/detail/cont_array__type_support.c.o[0m
[ 36%] [32mBuilding CXX object CMakeFiles/loki_msgs__rosidl_typesupport_c.dir/rosidl_typesupport_c/loki_msgs/srv/battery_vars__type_support.cpp.o[0m
[ 37%] [32mBuilding CXX object CMakeFiles/loki_msgs__rosidl_typesupport_introspection_cpp.dir/rosidl_typesupport_introspection_cpp/loki_msgs/msg/detail/controller_array__type_support.cpp.o[0m
[ 37%] [32mBuilding C object CMakeFiles/loki_msgs__rosidl_typesupport_introspection_c.dir/rosidl_typesupport_introspection_c/loki_msgs/srv/detail/cot_map__type_support.c.o[0m
[ 37%] [32mBuilding CXX object CMakeFiles/loki_msgs__rosidl_typesupport_cpp.dir/rosidl_typesupport_cpp/loki_msgs/msg/battery_alarms__type_support.cpp.o[0m
[ 38%] [32mBuilding CXX object CMakeFiles/loki_msgs__rosidl_typesupport_c.dir/rosidl_typesupport_c/loki_msgs/srv/cont_array__type_support.cpp.o[0m
[ 38%] [32mBuilding C object CMakeFiles/loki_msgs__rosidl_typesupport_introspection_c.dir/rosidl_typesupport_introspection_c/loki_msgs/srv/detail/device_cmds__type_support.c.o[0m
[ 38%] [32mBuilding CXX object CMakeFiles/loki_msgs__rosidl_typesupport_c.dir/rosidl_typesupport_c/loki_msgs/srv/cot_map__type_support.cpp.o[0m
[ 39%] [32mBuilding C object CMakeFiles/loki_msgs__rosidl_typesupport_introspection_c.dir/rosidl_typesupport_introspection_c/loki_msgs/srv/detail/drive_cmds__type_support.c.o[0m
[ 39%] [32mBuilding CXX object CMakeFiles/loki_msgs__rosidl_typesupport_c.dir/rosidl_typesupport_c/loki_msgs/srv/device_cmds__type_support.cpp.o[0m
[ 39%] [32mBuilding C object CMakeFiles/loki_msgs__rosidl_typesupport_introspection_c.dir/rosidl_typesupport_introspection_c/loki_msgs/srv/detail/eval_can_buffer__type_support.c.o[0m
[ 39%] [32mBuilding CXX object CMakeFiles/loki_msgs__rosidl_typesupport_c.dir/rosidl_typesupport_c/loki_msgs/srv/drive_cmds__type_support.cpp.o[0m
[ 40%] [32mBuilding C object CMakeFiles/loki_msgs__rosidl_typesupport_introspection_c.dir/rosidl_typesupport_introspection_c/loki_msgs/srv/detail/get_set_bool__type_support.c.o[0m
[ 40%] [32mBuilding CXX object CMakeFiles/loki_msgs__rosidl_typesupport_c.dir/rosidl_typesupport_c/loki_msgs/srv/eval_can_buffer__type_support.cpp.o[0m
[ 40%] [32mBuilding CXX object CMakeFiles/loki_msgs__rosidl_typesupport_introspection_cpp.dir/rosidl_typesupport_introspection_cpp/loki_msgs/msg/detail/controller_config__type_support.cpp.o[0m
[ 40%] [32mBuilding CXX object CMakeFiles/loki_msgs__rosidl_typesupport_c.dir/rosidl_typesupport_c/loki_msgs/srv/get_set_bool__type_support.cpp.o[0m
[ 40%] [32mBuilding C object CMakeFiles/loki_msgs__rosidl_typesupport_introspection_c.dir/rosidl_typesupport_introspection_c/loki_msgs/srv/detail/homesteering_all__type_support.c.o[0m
[ 40%] [32mBuilding CXX object CMakeFiles/loki_msgs__rosidl_typesupport_c.dir/rosidl_typesupport_c/loki_msgs/srv/homesteering_all__type_support.cpp.o[0m
[ 41%] [32mBuilding C object CMakeFiles/loki_msgs__rosidl_typesupport_introspection_c.dir/rosidl_typesupport_introspection_c/loki_msgs/srv/detail/init_pltf__type_support.c.o[0m
[ 42%] [32mBuilding CXX object CMakeFiles/loki_msgs__rosidl_typesupport_c.dir/rosidl_typesupport_c/loki_msgs/srv/init_pltf__type_support.cpp.o[0m
[ 42%] [32mBuilding CXX object CMakeFiles/loki_msgs__rosidl_typesupport_fastrtps_cpp.dir/rosidl_typesupport_fastrtps_cpp/loki_msgs/msg/detail/dds_fastrtps/motor_state__type_support.cpp.o[0m
[ 42%] [32mBuilding C object CMakeFiles/loki_msgs__rosidl_typesupport_introspection_c.dir/rosidl_typesupport_introspection_c/loki_msgs/srv/detail/mot_cot__type_support.c.o[0m
[ 42%] [32mBuilding CXX object CMakeFiles/loki_msgs__rosidl_typesupport_c.dir/rosidl_typesupport_c/loki_msgs/srv/mot_cot__type_support.cpp.o[0m
[ 43%] [32mBuilding CXX object CMakeFiles/loki_msgs__rosidl_typesupport_cpp.dir/rosidl_typesupport_cpp/loki_msgs/msg/battery_array__type_support.cpp.o[0m
[ 43%] [32mBuilding C object CMakeFiles/loki_msgs__rosidl_typesupport_introspection_c.dir/rosidl_typesupport_introspection_c/loki_msgs/srv/detail/pos_zero__type_support.c.o[0m
[ 43%] [32mBuilding CXX object CMakeFiles/loki_msgs__rosidl_typesupport_c.dir/rosidl_typesupport_c/loki_msgs/srv/pos_zero__type_support.cpp.o[0m
[ 44%] [32mBuilding C object CMakeFiles/loki_msgs__rosidl_typesupport_introspection_c.dir/rosidl_typesupport_introspection_c/loki_msgs/srv/detail/pos_zero_all__type_support.c.o[0m
[ 44%] [32mBuilding CXX object CMakeFiles/loki_msgs__rosidl_typesupport_c.dir/rosidl_typesupport_c/loki_msgs/srv/pos_zero_all__type_support.cpp.o[0m
[ 45%] [32mBuilding CXX object CMakeFiles/loki_msgs__rosidl_typesupport_c.dir/rosidl_typesupport_c/loki_msgs/srv/set_bools__type_support.cpp.o[0m
[ 45%] [32mBuilding C object CMakeFiles/loki_msgs__rosidl_typesupport_introspection_c.dir/rosidl_typesupport_introspection_c/loki_msgs/srv/detail/set_bools__type_support.c.o[0m
[ 45%] [32mBuilding CXX object CMakeFiles/loki_msgs__rosidl_typesupport_c.dir/rosidl_typesupport_c/loki_msgs/srv/sim_drive__type_support.cpp.o[0m
[ 45%] [32mBuilding C object CMakeFiles/loki_msgs__rosidl_typesupport_introspection_c.dir/rosidl_typesupport_introspection_c/loki_msgs/srv/detail/sim_drive__type_support.c.o[0m
[ 45%] [32mBuilding CXX object CMakeFiles/loki_msgs__rosidl_typesupport_c.dir/rosidl_typesupport_c/loki_msgs/srv/state_base__type_support.cpp.o[0m
[ 46%] [32mBuilding C object CMakeFiles/loki_msgs__rosidl_typesupport_introspection_c.dir/rosidl_typesupport_introspection_c/loki_msgs/srv/detail/state_base__type_support.c.o[0m
[ 47%] [32mBuilding CXX object CMakeFiles/loki_msgs__rosidl_typesupport_c.dir/rosidl_typesupport_c/loki_msgs/srv/states_of_io__type_support.cpp.o[0m
[ 47%] [32mBuilding C object CMakeFiles/loki_msgs__rosidl_typesupport_introspection_c.dir/rosidl_typesupport_introspection_c/loki_msgs/srv/detail/states_of_io__type_support.c.o[0m
[ 47%] [32mBuilding CXX object CMakeFiles/loki_msgs__rosidl_typesupport_c.dir/rosidl_typesupport_c/loki_msgs/srv/params__type_support.cpp.o[0m
[ 47%] [32mBuilding C object CMakeFiles/loki_msgs__rosidl_typesupport_introspection_c.dir/rosidl_typesupport_introspection_c/loki_msgs/srv/detail/params__type_support.c.o[0m
[ 47%] [32mBuilding CXX object CMakeFiles/loki_msgs__rosidl_typesupport_c.dir/rosidl_typesupport_c/loki_msgs/srv/home_s__type_support.cpp.o[0m
[ 47%] [32mBuilding C object CMakeFiles/loki_msgs__rosidl_typesupport_introspection_c.dir/rosidl_typesupport_introspection_c/loki_msgs/srv/detail/home_s__type_support.c.o[0m
[ 47%] [32mBuilding CXX object CMakeFiles/loki_msgs__rosidl_typesupport_introspection_cpp.dir/rosidl_typesupport_introspection_cpp/loki_msgs/msg/detail/controller_data__type_support.cpp.o[0m
[ 48%] [32m[1mLinking CXX shared library libloki_msgs__rosidl_typesupport_c.so[0m
[ 48%] [32mBuilding CXX object CMakeFiles/loki_msgs__rosidl_typesupport_introspection_cpp.dir/rosidl_typesupport_introspection_cpp/loki_msgs/msg/detail/controller_info__type_support.cpp.o[0m
[ 49%] [32mBuilding CXX object CMakeFiles/loki_msgs__rosidl_typesupport_cpp.dir/rosidl_typesupport_cpp/loki_msgs/msg/battery_data__type_support.cpp.o[0m
[ 49%] [32m[1mLinking C shared library libloki_msgs__rosidl_typesupport_introspection_c.so[0m
[ 49%] Built target loki_msgs__rosidl_typesupport_c
[ 49%] [32mBuilding CXX object CMakeFiles/loki_msgs__rosidl_typesupport_cpp.dir/rosidl_typesupport_cpp/loki_msgs/msg/can_frame__type_support.cpp.o[0m
[ 49%] Built target loki_msgs__rosidl_typesupport_introspection_c
[ 49%] [32mBuilding CXX object CMakeFiles/loki_msgs__rosidl_typesupport_cpp.dir/rosidl_typesupport_cpp/loki_msgs/msg/controller_array__type_support.cpp.o[0m
[ 50%] [32mBuilding CXX object CMakeFiles/loki_msgs__rosidl_typesupport_introspection_cpp.dir/rosidl_typesupport_introspection_cpp/loki_msgs/msg/detail/controller_state__type_support.cpp.o[0m
[ 50%] [32mBuilding CXX object CMakeFiles/loki_msgs__rosidl_typesupport_fastrtps_cpp.dir/rosidl_typesupport_fastrtps_cpp/loki_msgs/msg/detail/dds_fastrtps/controller_status_flag__type_support.cpp.o[0m
[ 51%] [32mBuilding CXX object CMakeFiles/loki_msgs__rosidl_typesupport_fastrtps_c.dir/rosidl_typesupport_fastrtps_c/loki_msgs/msg/detail/battery_alarms__type_support_c.cpp.o[0m
[ 52%] [32mBuilding CXX object CMakeFiles/loki_msgs__rosidl_typesupport_cpp.dir/rosidl_typesupport_cpp/loki_msgs/msg/controller_config__type_support.cpp.o[0m
[ 52%] [32mBuilding CXX object CMakeFiles/loki_msgs__rosidl_typesupport_cpp.dir/rosidl_typesupport_cpp/loki_msgs/msg/controller_data__type_support.cpp.o[0m
[ 52%] [32mBuilding CXX object CMakeFiles/loki_msgs__rosidl_typesupport_cpp.dir/rosidl_typesupport_cpp/loki_msgs/msg/controller_info__type_support.cpp.o[0m
[ 52%] [32mBuilding CXX object CMakeFiles/loki_msgs__rosidl_typesupport_introspection_cpp.dir/rosidl_typesupport_introspection_cpp/loki_msgs/msg/detail/drive_param__type_support.cpp.o[0m
[ 53%] [32mBuilding CXX object CMakeFiles/loki_msgs__rosidl_typesupport_fastrtps_cpp.dir/rosidl_typesupport_fastrtps_cpp/loki_msgs/srv/detail/dds_fastrtps/digital_write__type_support.cpp.o[0m
[ 53%] [32mBuilding CXX object CMakeFiles/loki_msgs__rosidl_typesupport_introspection_cpp.dir/rosidl_typesupport_introspection_cpp/loki_msgs/msg/detail/enclosure_state__type_support.cpp.o[0m
[ 54%] [32mBuilding CXX object CMakeFiles/loki_msgs__rosidl_typesupport_cpp.dir/rosidl_typesupport_cpp/loki_msgs/msg/controller_state__type_support.cpp.o[0m
[ 54%] [32mBuilding CXX object CMakeFiles/loki_msgs__rosidl_typesupport_cpp.dir/rosidl_typesupport_cpp/loki_msgs/msg/drive_param__type_support.cpp.o[0m
[ 54%] [32mBuilding CXX object CMakeFiles/loki_msgs__rosidl_typesupport_cpp.dir/rosidl_typesupport_cpp/loki_msgs/msg/enclosure_state__type_support.cpp.o[0m
[ 54%] [32mBuilding CXX object CMakeFiles/loki_msgs__rosidl_typesupport_fastrtps_c.dir/rosidl_typesupport_fastrtps_c/loki_msgs/msg/detail/battery_array__type_support_c.cpp.o[0m
[ 54%] [32mBuilding CXX object CMakeFiles/loki_msgs__rosidl_typesupport_cpp.dir/rosidl_typesupport_cpp/loki_msgs/msg/io_array__type_support.cpp.o[0m
[ 55%] [32mBuilding CXX object CMakeFiles/loki_msgs__rosidl_typesupport_cpp.dir/rosidl_typesupport_cpp/loki_msgs/msg/io_state__type_support.cpp.o[0m
[ 56%] [32mBuilding CXX object CMakeFiles/loki_msgs__rosidl_typesupport_introspection_cpp.dir/rosidl_typesupport_introspection_cpp/loki_msgs/msg/detail/io_array__type_support.cpp.o[0m
[ 56%] [32mBuilding CXX object CMakeFiles/loki_msgs__rosidl_typesupport_cpp.dir/rosidl_typesupport_cpp/loki_msgs/msg/motor_state__type_support.cpp.o[0m
[ 56%] [32mBuilding CXX object CMakeFiles/loki_msgs__rosidl_typesupport_fastrtps_cpp.dir/rosidl_typesupport_fastrtps_cpp/loki_msgs/srv/detail/dds_fastrtps/can_id__type_support.cpp.o[0m
[ 56%] [32mBuilding CXX object CMakeFiles/loki_msgs__rosidl_typesupport_introspection_cpp.dir/rosidl_typesupport_introspection_cpp/loki_msgs/msg/detail/io_state__type_support.cpp.o[0m
[ 56%] [32mBuilding CXX object CMakeFiles/loki_msgs__rosidl_typesupport_cpp.dir/rosidl_typesupport_cpp/loki_msgs/msg/controller_status_flag__type_support.cpp.o[0m
[ 57%] [32mBuilding CXX object CMakeFiles/loki_msgs__rosidl_typesupport_cpp.dir/rosidl_typesupport_cpp/loki_msgs/srv/digital_write__type_support.cpp.o[0m
[ 57%] [32mBuilding CXX object CMakeFiles/loki_msgs__rosidl_typesupport_cpp.dir/rosidl_typesupport_cpp/loki_msgs/srv/can_id__type_support.cpp.o[0m
[ 57%] [32mBuilding CXX object CMakeFiles/loki_msgs__rosidl_typesupport_introspection_cpp.dir/rosidl_typesupport_introspection_cpp/loki_msgs/msg/detail/motor_state__type_support.cpp.o[0m
[ 57%] [32mBuilding CXX object CMakeFiles/loki_msgs__rosidl_typesupport_cpp.dir/rosidl_typesupport_cpp/loki_msgs/srv/drive_params__type_support.cpp.o[0m
[ 57%] [32mBuilding CXX object CMakeFiles/loki_msgs__rosidl_typesupport_fastrtps_cpp.dir/rosidl_typesupport_fastrtps_cpp/loki_msgs/srv/detail/dds_fastrtps/drive_params__type_support.cpp.o[0m
[ 58%] [32mBuilding CXX object CMakeFiles/loki_msgs__rosidl_typesupport_cpp.dir/rosidl_typesupport_cpp/loki_msgs/srv/motor_controller_setup__type_support.cpp.o[0m
[ 58%] [32mBuilding CXX object CMakeFiles/loki_msgs__rosidl_typesupport_cpp.dir/rosidl_typesupport_cpp/loki_msgs/srv/switch_bool__type_support.cpp.o[0m
[ 58%] [32mBuilding CXX object CMakeFiles/loki_msgs__rosidl_typesupport_fastrtps_c.dir/rosidl_typesupport_fastrtps_c/loki_msgs/msg/detail/battery_data__type_support_c.cpp.o[0m
[ 59%] [32mBuilding CXX object CMakeFiles/loki_msgs__rosidl_typesupport_introspection_cpp.dir/rosidl_typesupport_introspection_cpp/loki_msgs/msg/detail/controller_status_flag__type_support.cpp.o[0m
[ 59%] [32mBuilding CXX object CMakeFiles/loki_msgs__rosidl_typesupport_introspection_cpp.dir/rosidl_typesupport_introspection_cpp/loki_msgs/srv/detail/digital_write__type_support.cpp.o[0m
[ 59%] [32mBuilding CXX object CMakeFiles/loki_msgs__rosidl_typesupport_cpp.dir/rosidl_typesupport_cpp/loki_msgs/srv/battery_vars__type_support.cpp.o[0m
[ 59%] [32mBuilding CXX object CMakeFiles/loki_msgs__rosidl_typesupport_cpp.dir/rosidl_typesupport_cpp/loki_msgs/srv/cont_array__type_support.cpp.o[0m
[ 60%] [32mBuilding CXX object CMakeFiles/loki_msgs__rosidl_typesupport_cpp.dir/rosidl_typesupport_cpp/loki_msgs/srv/cot_map__type_support.cpp.o[0m
[ 61%] [32mBuilding CXX object CMakeFiles/loki_msgs__rosidl_typesupport_fastrtps_cpp.dir/rosidl_typesupport_fastrtps_cpp/loki_msgs/srv/detail/dds_fastrtps/motor_controller_setup__type_support.cpp.o[0m
[ 61%] [32mBuilding CXX object CMakeFiles/loki_msgs__rosidl_typesupport_introspection_cpp.dir/rosidl_typesupport_introspection_cpp/loki_msgs/srv/detail/can_id__type_support.cpp.o[0m
[ 61%] [32mBuilding CXX object CMakeFiles/loki_msgs__rosidl_typesupport_cpp.dir/rosidl_typesupport_cpp/loki_msgs/srv/device_cmds__type_support.cpp.o[0m
[ 61%] [32mBuilding CXX object CMakeFiles/loki_msgs__rosidl_typesupport_cpp.dir/rosidl_typesupport_cpp/loki_msgs/srv/drive_cmds__type_support.cpp.o[0m
[ 62%] [32mBuilding CXX object CMakeFiles/loki_msgs__rosidl_typesupport_cpp.dir/rosidl_typesupport_cpp/loki_msgs/srv/eval_can_buffer__type_support.cpp.o[0m
[ 62%] [32mBuilding CXX object CMakeFiles/loki_msgs__rosidl_typesupport_fastrtps_c.dir/rosidl_typesupport_fastrtps_c/loki_msgs/msg/detail/can_frame__type_support_c.cpp.o[0m
[ 62%] [32mBuilding CXX object CMakeFiles/loki_msgs__rosidl_typesupport_introspection_cpp.dir/rosidl_typesupport_introspection_cpp/loki_msgs/srv/detail/drive_params__type_support.cpp.o[0m
[ 63%] [32mBuilding CXX object CMakeFiles/loki_msgs__rosidl_typesupport_introspection_cpp.dir/rosidl_typesupport_introspection_cpp/loki_msgs/srv/detail/motor_controller_setup__type_support.cpp.o[0m
[ 63%] [32mBuilding CXX object CMakeFiles/loki_msgs__rosidl_typesupport_introspection_cpp.dir/rosidl_typesupport_introspection_cpp/loki_msgs/srv/detail/switch_bool__type_support.cpp.o[0m
[ 63%] [32mBuilding CXX object CMakeFiles/loki_msgs__rosidl_typesupport_cpp.dir/rosidl_typesupport_cpp/loki_msgs/srv/get_set_bool__type_support.cpp.o[0m
[ 63%] [32mBuilding CXX object CMakeFiles/loki_msgs__rosidl_typesupport_cpp.dir/rosidl_typesupport_cpp/loki_msgs/srv/homesteering_all__type_support.cpp.o[0m
[ 63%] [32mBuilding CXX object CMakeFiles/loki_msgs__rosidl_typesupport_fastrtps_cpp.dir/rosidl_typesupport_fastrtps_cpp/loki_msgs/srv/detail/dds_fastrtps/switch_bool__type_support.cpp.o[0m
[ 63%] [32mBuilding CXX object CMakeFiles/loki_msgs__rosidl_typesupport_introspection_cpp.dir/rosidl_typesupport_introspection_cpp/loki_msgs/srv/detail/battery_vars__type_support.cpp.o[0m
[ 63%] [32mBuilding CXX object CMakeFiles/loki_msgs__rosidl_typesupport_cpp.dir/rosidl_typesupport_cpp/loki_msgs/srv/init_pltf__type_support.cpp.o[0m
[ 64%] [32mBuilding CXX object CMakeFiles/loki_msgs__rosidl_typesupport_introspection_cpp.dir/rosidl_typesupport_introspection_cpp/loki_msgs/srv/detail/cont_array__type_support.cpp.o[0m
[ 65%] [32mBuilding CXX object CMakeFiles/loki_msgs__rosidl_typesupport_cpp.dir/rosidl_typesupport_cpp/loki_msgs/srv/mot_cot__type_support.cpp.o[0m
[ 65%] [32mBuilding CXX object CMakeFiles/loki_msgs__rosidl_typesupport_introspection_cpp.dir/rosidl_typesupport_introspection_cpp/loki_msgs/srv/detail/cot_map__type_support.cpp.o[0m
[ 65%] [32mBuilding CXX object CMakeFiles/loki_msgs__rosidl_typesupport_introspection_cpp.dir/rosidl_typesupport_introspection_cpp/loki_msgs/srv/detail/device_cmds__type_support.cpp.o[0m
[ 65%] [32mBuilding CXX object CMakeFiles/loki_msgs__rosidl_typesupport_fastrtps_cpp.dir/rosidl_typesupport_fastrtps_cpp/loki_msgs/srv/detail/dds_fastrtps/battery_vars__type_support.cpp.o[0m
[ 65%] [32mBuilding CXX object CMakeFiles/loki_msgs__rosidl_typesupport_cpp.dir/rosidl_typesupport_cpp/loki_msgs/srv/pos_zero__type_support.cpp.o[0m
[ 65%] [32mBuilding CXX object CMakeFiles/loki_msgs__rosidl_typesupport_cpp.dir/rosidl_typesupport_cpp/loki_msgs/srv/pos_zero_all__type_support.cpp.o[0m
[ 65%] [32mBuilding CXX object CMakeFiles/loki_msgs__rosidl_typesupport_introspection_cpp.dir/rosidl_typesupport_introspection_cpp/loki_msgs/srv/detail/drive_cmds__type_support.cpp.o[0m
[ 66%] [32mBuilding CXX object CMakeFiles/loki_msgs__rosidl_typesupport_introspection_cpp.dir/rosidl_typesupport_introspection_cpp/loki_msgs/srv/detail/eval_can_buffer__type_support.cpp.o[0m
[ 67%] [32mBuilding CXX object CMakeFiles/loki_msgs__rosidl_typesupport_fastrtps_c.dir/rosidl_typesupport_fastrtps_c/loki_msgs/msg/detail/controller_array__type_support_c.cpp.o[0m
[ 67%] [32mBuilding CXX object CMakeFiles/loki_msgs__rosidl_typesupport_introspection_cpp.dir/rosidl_typesupport_introspection_cpp/loki_msgs/srv/detail/get_set_bool__type_support.cpp.o[0m
[ 68%] [32mBuilding CXX object CMakeFiles/loki_msgs__rosidl_typesupport_cpp.dir/rosidl_typesupport_cpp/loki_msgs/srv/set_bools__type_support.cpp.o[0m
[ 68%] [32mBuilding CXX object CMakeFiles/loki_msgs__rosidl_typesupport_introspection_cpp.dir/rosidl_typesupport_introspection_cpp/loki_msgs/srv/detail/homesteering_all__type_support.cpp.o[0m
[ 68%] [32mBuilding CXX object CMakeFiles/loki_msgs__rosidl_typesupport_cpp.dir/rosidl_typesupport_cpp/loki_msgs/srv/sim_drive__type_support.cpp.o[0m
[ 68%] [32mBuilding CXX object CMakeFiles/loki_msgs__rosidl_typesupport_fastrtps_cpp.dir/rosidl_typesupport_fastrtps_cpp/loki_msgs/srv/detail/dds_fastrtps/cont_array__type_support.cpp.o[0m
[ 68%] [32mBuilding CXX object CMakeFiles/loki_msgs__rosidl_typesupport_cpp.dir/rosidl_typesupport_cpp/loki_msgs/srv/state_base__type_support.cpp.o[0m
[ 69%] [32mBuilding CXX object CMakeFiles/loki_msgs__rosidl_typesupport_introspection_cpp.dir/rosidl_typesupport_introspection_cpp/loki_msgs/srv/detail/init_pltf__type_support.cpp.o[0m
[ 69%] [32mBuilding CXX object CMakeFiles/loki_msgs__rosidl_typesupport_cpp.dir/rosidl_typesupport_cpp/loki_msgs/srv/states_of_io__type_support.cpp.o[0m
[ 69%] [32mBuilding CXX object CMakeFiles/loki_msgs__rosidl_typesupport_introspection_cpp.dir/rosidl_typesupport_introspection_cpp/loki_msgs/srv/detail/mot_cot__type_support.cpp.o[0m
[ 69%] [32mBuilding CXX object CMakeFiles/loki_msgs__rosidl_typesupport_introspection_cpp.dir/rosidl_typesupport_introspection_cpp/loki_msgs/srv/detail/pos_zero__type_support.cpp.o[0m
[ 69%] [32mBuilding CXX object CMakeFiles/loki_msgs__rosidl_typesupport_fastrtps_c.dir/rosidl_typesupport_fastrtps_c/loki_msgs/msg/detail/controller_config__type_support_c.cpp.o[0m
[ 70%] [32mBuilding CXX object CMakeFiles/loki_msgs__rosidl_typesupport_fastrtps_cpp.dir/rosidl_typesupport_fastrtps_cpp/loki_msgs/srv/detail/dds_fastrtps/cot_map__type_support.cpp.o[0m
[ 71%] [32mBuilding CXX object CMakeFiles/loki_msgs__rosidl_typesupport_cpp.dir/rosidl_typesupport_cpp/loki_msgs/srv/params__type_support.cpp.o[0m
[ 71%] [32mBuilding CXX object CMakeFiles/loki_msgs__rosidl_typesupport_cpp.dir/rosidl_typesupport_cpp/loki_msgs/srv/home_s__type_support.cpp.o[0m
[ 71%] [32mBuilding CXX object CMakeFiles/loki_msgs__rosidl_typesupport_introspection_cpp.dir/rosidl_typesupport_introspection_cpp/loki_msgs/srv/detail/pos_zero_all__type_support.cpp.o[0m
[ 72%] [32mBuilding CXX object CMakeFiles/loki_msgs__rosidl_typesupport_introspection_cpp.dir/rosidl_typesupport_introspection_cpp/loki_msgs/srv/detail/set_bools__type_support.cpp.o[0m
[ 72%] [32mBuilding CXX object CMakeFiles/loki_msgs__rosidl_typesupport_introspection_cpp.dir/rosidl_typesupport_introspection_cpp/loki_msgs/srv/detail/sim_drive__type_support.cpp.o[0m
[ 72%] [32mBuilding CXX object CMakeFiles/loki_msgs__rosidl_typesupport_introspection_cpp.dir/rosidl_typesupport_introspection_cpp/loki_msgs/srv/detail/state_base__type_support.cpp.o[0m
[ 72%] [32m[1mLinking CXX shared library libloki_msgs__rosidl_typesupport_cpp.so[0m
[ 73%] [32mBuilding CXX object CMakeFiles/loki_msgs__rosidl_typesupport_introspection_cpp.dir/rosidl_typesupport_introspection_cpp/loki_msgs/srv/detail/states_of_io__type_support.cpp.o[0m
[ 73%] Built target loki_msgs__rosidl_typesupport_cpp
[ 73%] [32mBuilding CXX object CMakeFiles/loki_msgs__rosidl_typesupport_introspection_cpp.dir/rosidl_typesupport_introspection_cpp/loki_msgs/srv/detail/params__type_support.cpp.o[0m
[ 73%] [32mBuilding CXX object CMakeFiles/loki_msgs__rosidl_typesupport_fastrtps_cpp.dir/rosidl_typesupport_fastrtps_cpp/loki_msgs/srv/detail/dds_fastrtps/device_cmds__type_support.cpp.o[0m
[ 73%] [32mBuilding CXX object CMakeFiles/loki_msgs__rosidl_typesupport_introspection_cpp.dir/rosidl_typesupport_introspection_cpp/loki_msgs/srv/detail/home_s__type_support.cpp.o[0m
[ 73%] [32mBuilding CXX object CMakeFiles/loki_msgs__rosidl_typesupport_fastrtps_c.dir/rosidl_typesupport_fastrtps_c/loki_msgs/msg/detail/controller_data__type_support_c.cpp.o[0m
[ 74%] [32mBuilding CXX object CMakeFiles/loki_msgs__rosidl_typesupport_fastrtps_c.dir/rosidl_typesupport_fastrtps_c/loki_msgs/msg/detail/controller_info__type_support_c.cpp.o[0m
[ 74%] [32mBuilding CXX object CMakeFiles/loki_msgs__rosidl_typesupport_fastrtps_c.dir/rosidl_typesupport_fastrtps_c/loki_msgs/msg/detail/controller_state__type_support_c.cpp.o[0m
[ 74%] [32mBuilding CXX object CMakeFiles/loki_msgs__rosidl_typesupport_fastrtps_c.dir/rosidl_typesupport_fastrtps_c/loki_msgs/msg/detail/drive_param__type_support_c.cpp.o[0m
[ 74%] [32mBuilding CXX object CMakeFiles/loki_msgs__rosidl_typesupport_fastrtps_c.dir/rosidl_typesupport_fastrtps_c/loki_msgs/msg/detail/enclosure_state__type_support_c.cpp.o[0m
[ 74%] [32mBuilding CXX object CMakeFiles/loki_msgs__rosidl_typesupport_fastrtps_cpp.dir/rosidl_typesupport_fastrtps_cpp/loki_msgs/srv/detail/dds_fastrtps/drive_cmds__type_support.cpp.o[0m
[ 75%] [32mBuilding CXX object CMakeFiles/loki_msgs__rosidl_typesupport_fastrtps_cpp.dir/rosidl_typesupport_fastrtps_cpp/loki_msgs/srv/detail/dds_fastrtps/eval_can_buffer__type_support.cpp.o[0m
[ 76%] [32mBuilding CXX object CMakeFiles/loki_msgs__rosidl_typesupport_fastrtps_c.dir/rosidl_typesupport_fastrtps_c/loki_msgs/msg/detail/io_array__type_support_c.cpp.o[0m
[ 76%] [32mBuilding CXX object CMakeFiles/loki_msgs__rosidl_typesupport_fastrtps_c.dir/rosidl_typesupport_fastrtps_c/loki_msgs/msg/detail/io_state__type_support_c.cpp.o[0m
[ 76%] [32mBuilding CXX object CMakeFiles/loki_msgs__rosidl_typesupport_fastrtps_c.dir/rosidl_typesupport_fastrtps_c/loki_msgs/msg/detail/motor_state__type_support_c.cpp.o[0m
[ 77%] [32mBuilding CXX object CMakeFiles/loki_msgs__rosidl_typesupport_fastrtps_c.dir/rosidl_typesupport_fastrtps_c/loki_msgs/msg/detail/controller_status_flag__type_support_c.cpp.o[0m
[ 77%] [32mBuilding CXX object CMakeFiles/loki_msgs__rosidl_typesupport_fastrtps_c.dir/rosidl_typesupport_fastrtps_c/loki_msgs/srv/detail/digital_write__type_support_c.cpp.o[0m
[ 77%] [32mBuilding CXX object CMakeFiles/loki_msgs__rosidl_typesupport_fastrtps_cpp.dir/rosidl_typesupport_fastrtps_cpp/loki_msgs/srv/detail/dds_fastrtps/get_set_bool__type_support.cpp.o[0m
[ 78%] [32m[1mLinking CXX shared library libloki_msgs__rosidl_typesupport_introspection_cpp.so[0m
[ 78%] [32mBuilding CXX object CMakeFiles/loki_msgs__rosidl_typesupport_fastrtps_cpp.dir/rosidl_typesupport_fastrtps_cpp/loki_msgs/srv/detail/dds_fastrtps/homesteering_all__type_support.cpp.o[0m
[ 78%] [32mBuilding CXX object CMakeFiles/loki_msgs__rosidl_typesupport_fastrtps_c.dir/rosidl_typesupport_fastrtps_c/loki_msgs/srv/detail/can_id__type_support_c.cpp.o[0m
[ 78%] [32mBuilding CXX object CMakeFiles/loki_msgs__rosidl_typesupport_fastrtps_c.dir/rosidl_typesupport_fastrtps_c/loki_msgs/srv/detail/drive_params__type_support_c.cpp.o[0m
[ 79%] [32mBuilding CXX object CMakeFiles/loki_msgs__rosidl_typesupport_fastrtps_c.dir/rosidl_typesupport_fastrtps_c/loki_msgs/srv/detail/motor_controller_setup__type_support_c.cpp.o[0m
[ 79%] [32mBuilding CXX object CMakeFiles/loki_msgs__rosidl_typesupport_fastrtps_c.dir/rosidl_typesupport_fastrtps_c/loki_msgs/srv/detail/switch_bool__type_support_c.cpp.o[0m
[ 79%] Built target loki_msgs__rosidl_typesupport_introspection_cpp
[ 79%] [32mBuilding CXX object CMakeFiles/loki_msgs__rosidl_typesupport_fastrtps_c.dir/rosidl_typesupport_fastrtps_c/loki_msgs/srv/detail/battery_vars__type_support_c.cpp.o[0m
[ 80%] [32mBuilding CXX object CMakeFiles/loki_msgs__rosidl_typesupport_fastrtps_c.dir/rosidl_typesupport_fastrtps_c/loki_msgs/srv/detail/cont_array__type_support_c.cpp.o[0m
[ 80%] [32mBuilding CXX object CMakeFiles/loki_msgs__rosidl_typesupport_fastrtps_c.dir/rosidl_typesupport_fastrtps_c/loki_msgs/srv/detail/cot_map__type_support_c.cpp.o[0m
[ 81%] [32mBuilding CXX object CMakeFiles/loki_msgs__rosidl_typesupport_fastrtps_cpp.dir/rosidl_typesupport_fastrtps_cpp/loki_msgs/srv/detail/dds_fastrtps/init_pltf__type_support.cpp.o[0m
[ 81%] [32mBuilding CXX object CMakeFiles/loki_msgs__rosidl_typesupport_fastrtps_c.dir/rosidl_typesupport_fastrtps_c/loki_msgs/srv/detail/device_cmds__type_support_c.cpp.o[0m
[ 81%] [32mBuilding CXX object CMakeFiles/loki_msgs__rosidl_typesupport_fastrtps_cpp.dir/rosidl_typesupport_fastrtps_cpp/loki_msgs/srv/detail/dds_fastrtps/mot_cot__type_support.cpp.o[0m
[ 82%] [32mBuilding CXX object CMakeFiles/loki_msgs__rosidl_typesupport_fastrtps_c.dir/rosidl_typesupport_fastrtps_c/loki_msgs/srv/detail/drive_cmds__type_support_c.cpp.o[0m
[ 82%] [32mBuilding CXX object CMakeFiles/loki_msgs__rosidl_typesupport_fastrtps_c.dir/rosidl_typesupport_fastrtps_c/loki_msgs/srv/detail/eval_can_buffer__type_support_c.cpp.o[0m
[ 82%] [32mBuilding CXX object CMakeFiles/loki_msgs__rosidl_typesupport_fastrtps_c.dir/rosidl_typesupport_fastrtps_c/loki_msgs/srv/detail/get_set_bool__type_support_c.cpp.o[0m
[ 82%] [32mBuilding CXX object CMakeFiles/loki_msgs__rosidl_typesupport_fastrtps_c.dir/rosidl_typesupport_fastrtps_c/loki_msgs/srv/detail/homesteering_all__type_support_c.cpp.o[0m
[ 83%] [32mBuilding CXX object CMakeFiles/loki_msgs__rosidl_typesupport_fastrtps_c.dir/rosidl_typesupport_fastrtps_c/loki_msgs/srv/detail/init_pltf__type_support_c.cpp.o[0m
[ 83%] [32mBuilding CXX object CMakeFiles/loki_msgs__rosidl_typesupport_fastrtps_cpp.dir/rosidl_typesupport_fastrtps_cpp/loki_msgs/srv/detail/dds_fastrtps/pos_zero__type_support.cpp.o[0m
[ 83%] [32mBuilding CXX object CMakeFiles/loki_msgs__rosidl_typesupport_fastrtps_c.dir/rosidl_typesupport_fastrtps_c/loki_msgs/srv/detail/mot_cot__type_support_c.cpp.o[0m
[ 83%] [32mBuilding CXX object CMakeFiles/loki_msgs__rosidl_typesupport_fastrtps_cpp.dir/rosidl_typesupport_fastrtps_cpp/loki_msgs/srv/detail/dds_fastrtps/pos_zero_all__type_support.cpp.o[0m
[ 83%] [32mBuilding CXX object CMakeFiles/loki_msgs__rosidl_typesupport_fastrtps_c.dir/rosidl_typesupport_fastrtps_c/loki_msgs/srv/detail/pos_zero__type_support_c.cpp.o[0m
[ 84%] [32mBuilding CXX object CMakeFiles/loki_msgs__rosidl_typesupport_fastrtps_c.dir/rosidl_typesupport_fastrtps_c/loki_msgs/srv/detail/pos_zero_all__type_support_c.cpp.o[0m
[ 84%] [32mBuilding CXX object CMakeFiles/loki_msgs__rosidl_typesupport_fastrtps_c.dir/rosidl_typesupport_fastrtps_c/loki_msgs/srv/detail/set_bools__type_support_c.cpp.o[0m
[ 84%] [32mBuilding CXX object CMakeFiles/loki_msgs__rosidl_typesupport_fastrtps_c.dir/rosidl_typesupport_fastrtps_c/loki_msgs/srv/detail/sim_drive__type_support_c.cpp.o[0m
[ 85%] [32mBuilding CXX object CMakeFiles/loki_msgs__rosidl_typesupport_fastrtps_cpp.dir/rosidl_typesupport_fastrtps_cpp/loki_msgs/srv/detail/dds_fastrtps/set_bools__type_support.cpp.o[0m
[ 85%] [32mBuilding CXX object CMakeFiles/loki_msgs__rosidl_typesupport_fastrtps_c.dir/rosidl_typesupport_fastrtps_c/loki_msgs/srv/detail/state_base__type_support_c.cpp.o[0m
[ 85%] [32mBuilding CXX object CMakeFiles/loki_msgs__rosidl_typesupport_fastrtps_cpp.dir/rosidl_typesupport_fastrtps_cpp/loki_msgs/srv/detail/dds_fastrtps/sim_drive__type_support.cpp.o[0m
[ 86%] [32mBuilding CXX object CMakeFiles/loki_msgs__rosidl_typesupport_fastrtps_c.dir/rosidl_typesupport_fastrtps_c/loki_msgs/srv/detail/states_of_io__type_support_c.cpp.o[0m
[ 86%] [32mBuilding CXX object CMakeFiles/loki_msgs__rosidl_typesupport_fastrtps_c.dir/rosidl_typesupport_fastrtps_c/loki_msgs/srv/detail/home_s__type_support_c.cpp.o[0m
[ 86%] [32mBuilding CXX object CMakeFiles/loki_msgs__rosidl_typesupport_fastrtps_c.dir/rosidl_typesupport_fastrtps_c/loki_msgs/srv/detail/params__type_support_c.cpp.o[0m
[ 86%] [32mBuilding CXX object CMakeFiles/loki_msgs__rosidl_typesupport_fastrtps_cpp.dir/rosidl_typesupport_fastrtps_cpp/loki_msgs/srv/detail/dds_fastrtps/state_base__type_support.cpp.o[0m
[ 87%] [32mBuilding CXX object CMakeFiles/loki_msgs__rosidl_typesupport_fastrtps_cpp.dir/rosidl_typesupport_fastrtps_cpp/loki_msgs/srv/detail/dds_fastrtps/states_of_io__type_support.cpp.o[0m
[ 87%] [32mBuilding CXX object CMakeFiles/loki_msgs__rosidl_typesupport_fastrtps_cpp.dir/rosidl_typesupport_fastrtps_cpp/loki_msgs/srv/detail/dds_fastrtps/params__type_support.cpp.o[0m
[ 87%] [32mBuilding CXX object CMakeFiles/loki_msgs__rosidl_typesupport_fastrtps_cpp.dir/rosidl_typesupport_fastrtps_cpp/loki_msgs/srv/detail/dds_fastrtps/home_s__type_support.cpp.o[0m
[ 88%] [32m[1mLinking CXX shared library libloki_msgs__rosidl_typesupport_fastrtps_c.so[0m
[ 88%] [32m[1mLinking CXX shared library libloki_msgs__rosidl_typesupport_fastrtps_cpp.so[0m
[ 88%] Built target loki_msgs__rosidl_typesupport_fastrtps_c
[ 88%] Built target loki_msgs__rosidl_typesupport_fastrtps_cpp
[ 88%] Built target loki_msgs
[ 88%] [34m[1mGenerating Python code for ROS interfaces[0m
[ 88%] Built target loki_msgs__py
[ 88%] [32mBuilding C object CMakeFiles/loki_msgs__rosidl_generator_py.dir/rosidl_generator_py/loki_msgs/msg/_battery_array_s.c.o[0m
[ 88%] [32mBuilding C object CMakeFiles/loki_msgs__rosidl_generator_py.dir/rosidl_generator_py/loki_msgs/msg/_battery_alarms_s.c.o[0m
[ 88%] [32mBuilding C object CMakeFiles/loki_msgs__rosidl_generator_py.dir/rosidl_generator_py/loki_msgs/msg/_base_state_s.c.o[0m
[ 89%] [32mBuilding C object CMakeFiles/loki_msgs__rosidl_generator_py.dir/rosidl_generator_py/loki_msgs/msg/_controller_array_s.c.o[0m
[ 89%] [32mBuilding C object CMakeFiles/loki_msgs__rosidl_generator_py.dir/rosidl_generator_py/loki_msgs/msg/_controller_config_s.c.o[0m
[ 89%] [32mBuilding C object CMakeFiles/loki_msgs__rosidl_generator_py.dir/rosidl_generator_py/loki_msgs/msg/_can_frame_s.c.o[0m
[ 90%] [32mBuilding C object CMakeFiles/loki_msgs__rosidl_generator_py.dir/rosidl_generator_py/loki_msgs/msg/_battery_data_s.c.o[0m
[ 91%] [32mBuilding C object CMakeFiles/loki_msgs__rosidl_generator_py.dir/rosidl_generator_py/loki_msgs/msg/_thorvald_io_s.c.o[0m
[ 91%] [32mBuilding C object CMakeFiles/loki_msgs__rosidl_generator_py.dir/rosidl_generator_py/loki_msgs/msg/_controller_data_s.c.o[0m
[ 91%] [32mBuilding C object CMakeFiles/loki_msgs__rosidl_generator_py.dir/rosidl_generator_py/loki_msgs/msg/_controller_info_s.c.o[0m
[ 92%] [32mBuilding C object CMakeFiles/loki_msgs__rosidl_generator_py.dir/rosidl_generator_py/loki_msgs/msg/_controller_state_s.c.o[0m
[ 92%] [32mBuilding C object CMakeFiles/loki_msgs__rosidl_generator_py.dir/rosidl_generator_py/loki_msgs/msg/_drive_param_s.c.o[0m
[ 92%] [32mBuilding C object CMakeFiles/loki_msgs__rosidl_generator_py.dir/rosidl_generator_py/loki_msgs/msg/_enclosure_state_s.c.o[0m
[ 92%] [32mBuilding C object CMakeFiles/loki_msgs__rosidl_generator_py.dir/rosidl_generator_py/loki_msgs/msg/_io_array_s.c.o[0m
[ 93%] [32mBuilding C object CMakeFiles/loki_msgs__rosidl_generator_py.dir/rosidl_generator_py/loki_msgs/msg/_io_state_s.c.o[0m
[ 93%] [32mBuilding C object CMakeFiles/loki_msgs__rosidl_generator_py.dir/rosidl_generator_py/loki_msgs/msg/_motor_state_s.c.o[0m
[ 93%] [32mBuilding C object CMakeFiles/loki_msgs__rosidl_generator_py.dir/rosidl_generator_py/loki_msgs/msg/_controller_status_flag_s.c.o[0m
[ 94%] [32mBuilding C object CMakeFiles/loki_msgs__rosidl_generator_py.dir/rosidl_generator_py/loki_msgs/srv/_can_id_s.c.o[0m
[ 94%] [32mBuilding C object CMakeFiles/loki_msgs__rosidl_generator_py.dir/rosidl_generator_py/loki_msgs/srv/_digital_write_s.c.o[0m
[ 94%] [32mBuilding C object CMakeFiles/loki_msgs__rosidl_generator_py.dir/rosidl_generator_py/loki_msgs/srv/_drive_params_s.c.o[0m
[ 94%] [32mBuilding C object CMakeFiles/loki_msgs__rosidl_generator_py.dir/rosidl_generator_py/loki_msgs/srv/_motor_controller_setup_s.c.o[0m
[ 95%] [32mBuilding C object CMakeFiles/loki_msgs__rosidl_generator_py.dir/rosidl_generator_py/loki_msgs/srv/_switch_bool_s.c.o[0m
[ 95%] [32mBuilding C object CMakeFiles/loki_msgs__rosidl_generator_py.dir/rosidl_generator_py/loki_msgs/srv/_battery_vars_s.c.o[0m
[ 95%] [32mBuilding C object CMakeFiles/loki_msgs__rosidl_generator_py.dir/rosidl_generator_py/loki_msgs/srv/_cont_array_s.c.o[0m
[ 96%] [32mBuilding C object CMakeFiles/loki_msgs__rosidl_generator_py.dir/rosidl_generator_py/loki_msgs/srv/_cot_map_s.c.o[0m
[ 96%] [32mBuilding C object CMakeFiles/loki_msgs__rosidl_generator_py.dir/rosidl_generator_py/loki_msgs/srv/_device_cmds_s.c.o[0m
[ 96%] [32mBuilding C object CMakeFiles/loki_msgs__rosidl_generator_py.dir/rosidl_generator_py/loki_msgs/srv/_drive_cmds_s.c.o[0m
[ 96%] [32mBuilding C object CMakeFiles/loki_msgs__rosidl_generator_py.dir/rosidl_generator_py/loki_msgs/srv/_eval_can_buffer_s.c.o[0m
[ 97%] [32mBuilding C object CMakeFiles/loki_msgs__rosidl_generator_py.dir/rosidl_generator_py/loki_msgs/srv/_get_set_bool_s.c.o[0m
[ 97%] [32mBuilding C object CMakeFiles/loki_msgs__rosidl_generator_py.dir/rosidl_generator_py/loki_msgs/srv/_homesteering_all_s.c.o[0m
[ 97%] [32mBuilding C object CMakeFiles/loki_msgs__rosidl_generator_py.dir/rosidl_generator_py/loki_msgs/srv/_init_pltf_s.c.o[0m
[ 98%] [32mBuilding C object CMakeFiles/loki_msgs__rosidl_generator_py.dir/rosidl_generator_py/loki_msgs/srv/_mot_cot_s.c.o[0m
[ 98%] [32mBuilding C object CMakeFiles/loki_msgs__rosidl_generator_py.dir/rosidl_generator_py/loki_msgs/srv/_pos_zero_s.c.o[0m
[ 98%] [32mBuilding C object CMakeFiles/loki_msgs__rosidl_generator_py.dir/rosidl_generator_py/loki_msgs/srv/_pos_zero_all_s.c.o[0m
[ 99%] [32mBuilding C object CMakeFiles/loki_msgs__rosidl_generator_py.dir/rosidl_generator_py/loki_msgs/srv/_set_bools_s.c.o[0m
[ 99%] [32mBuilding C object CMakeFiles/loki_msgs__rosidl_generator_py.dir/rosidl_generator_py/loki_msgs/srv/_sim_drive_s.c.o[0m
[ 99%] [32mBuilding C object CMakeFiles/loki_msgs__rosidl_generator_py.dir/rosidl_generator_py/loki_msgs/srv/_state_base_s.c.o[0m
[ 99%] [32mBuilding C object CMakeFiles/loki_msgs__rosidl_generator_py.dir/rosidl_generator_py/loki_msgs/srv/_states_of_io_s.c.o[0m
[100%] [32mBuilding C object CMakeFiles/loki_msgs__rosidl_generator_py.dir/rosidl_generator_py/loki_msgs/srv/_params_s.c.o[0m
[100%] [32mBuilding C object CMakeFiles/loki_msgs__rosidl_generator_py.dir/rosidl_generator_py/loki_msgs/srv/_home_s_s.c.o[0m
[100%] [32m[1mLinking C shared library rosidl_generator_py/loki_msgs/libloki_msgs__rosidl_generator_py.so[0m
[100%] Built target loki_msgs__rosidl_generator_py
[100%] [32mBuilding C object CMakeFiles/loki_msgs__rosidl_typesupport_fastrtps_c__pyext.dir/rosidl_generator_py/loki_msgs/_loki_msgs_s.ep.rosidl_typesupport_fastrtps_c.c.o[0m
[100%] [32mBuilding C object CMakeFiles/loki_msgs__rosidl_typesupport_c__pyext.dir/rosidl_generator_py/loki_msgs/_loki_msgs_s.ep.rosidl_typesupport_c.c.o[0m
[100%] [32mBuilding C object CMakeFiles/loki_msgs__rosidl_typesupport_introspection_c__pyext.dir/rosidl_generator_py/loki_msgs/_loki_msgs_s.ep.rosidl_typesupport_introspection_c.c.o[0m
[100%] [32m[1mLinking C shared library rosidl_generator_py/loki_msgs/loki_msgs_s__rosidl_typesupport_c.cpython-310-x86_64-linux-gnu.so[0m
[100%] [32m[1mLinking C shared library rosidl_generator_py/loki_msgs/loki_msgs_s__rosidl_typesupport_introspection_c.cpython-310-x86_64-linux-gnu.so[0m
[100%] Built target loki_msgs__rosidl_typesupport_c__pyext
[100%] Built target loki_msgs__rosidl_typesupport_introspection_c__pyext
[100%] [32m[1mLinking C shared library rosidl_generator_py/loki_msgs/loki_msgs_s__rosidl_typesupport_fastrtps_c.cpython-310-x86_64-linux-gnu.so[0m
[100%] Built target loki_msgs__rosidl_typesupport_fastrtps_c__pyext
