[0.068s] Invoking command in '/home/odin/Documents/GitHub/saga_repo/build/loki_msgs': AMENT_PREFIX_PATH=/home/odin/Documents/GitHub/saga_repo/install/loki_description:${AMENT_PREFIX_PATH} CMAKE_PREFIX_PATH=/home/odin/Documents/GitHub/saga_repo/install/loki_description:/opt/ros/humble /usr/bin/cmake --build /home/odin/Documents/GitHub/saga_repo/build/loki_msgs -- -j8 -l8
[0.128s] [  0%] [34m[1mGenerating C++ code for ROS interfaces[0m
[0.135s] [  0%] Built target ament_cmake_python_copy_loki_msgs
[0.136s] [  0%] [34m[1mGenerating C code for ROS interfaces[0m
[0.692s] running egg_info
[0.694s] creating loki_msgs.egg-info
[0.694s] writing loki_msgs.egg-info/PKG-INFO
[0.694s] writing dependency_links to loki_msgs.egg-info/dependency_links.txt
[0.695s] writing top-level names to loki_msgs.egg-info/top_level.txt
[0.695s] writing manifest file 'loki_msgs.egg-info/SOURCES.txt'
[0.698s] reading manifest file 'loki_msgs.egg-info/SOURCES.txt'
[0.699s] writing manifest file 'loki_msgs.egg-info/SOURCES.txt'
[0.745s] [  0%] Built target ament_cmake_python_build_loki_msgs_egg
[2.201s] [  0%] Built target loki_msgs__cpp
[2.209s] [  0%] [34m[1mGenerating C++ type support for eProsima Fast-RTPS[0m
[2.209s] [  1%] [34m[1mGenerating C++ introspection for ROS interfaces[0m
[2.221s] [  1%] [34m[1mGenerating C++ type support dispatch for ROS interfaces[0m
[2.776s] [  2%] [32mBuilding C object CMakeFiles/loki_msgs__rosidl_generator_c.dir/rosidl_generator_c/loki_msgs/msg/detail/thorvald_io__functions.c.o[0m
[2.776s] [  2%] [32mBuilding C object CMakeFiles/loki_msgs__rosidl_generator_c.dir/rosidl_generator_c/loki_msgs/msg/detail/battery_data__functions.c.o[0m
[2.776s] [  2%] [32mBuilding C object CMakeFiles/loki_msgs__rosidl_generator_c.dir/rosidl_generator_c/loki_msgs/msg/detail/battery_alarms__functions.c.o[0m
[2.776s] [  2%] [32mBuilding C object CMakeFiles/loki_msgs__rosidl_generator_c.dir/rosidl_generator_c/loki_msgs/msg/detail/base_state__functions.c.o[0m
[2.789s] [  3%] [32mBuilding C object CMakeFiles/loki_msgs__rosidl_generator_c.dir/rosidl_generator_c/loki_msgs/msg/detail/battery_array__functions.c.o[0m
[2.832s] [  3%] [32mBuilding C object CMakeFiles/loki_msgs__rosidl_generator_c.dir/rosidl_generator_c/loki_msgs/msg/detail/can_frame__functions.c.o[0m
[2.832s] [  3%] [32mBuilding C object CMakeFiles/loki_msgs__rosidl_generator_c.dir/rosidl_generator_c/loki_msgs/msg/detail/controller_array__functions.c.o[0m
[2.834s] [  4%] [32mBuilding C object CMakeFiles/loki_msgs__rosidl_generator_c.dir/rosidl_generator_c/loki_msgs/msg/detail/controller_config__functions.c.o[0m
[2.835s] [  4%] [32mBuilding C object CMakeFiles/loki_msgs__rosidl_generator_c.dir/rosidl_generator_c/loki_msgs/msg/detail/controller_data__functions.c.o[0m
[2.882s] [  4%] [32mBuilding C object CMakeFiles/loki_msgs__rosidl_generator_c.dir/rosidl_generator_c/loki_msgs/msg/detail/controller_info__functions.c.o[0m
[2.885s] [  5%] [32mBuilding C object CMakeFiles/loki_msgs__rosidl_generator_c.dir/rosidl_generator_c/loki_msgs/msg/detail/drive_param__functions.c.o[0m
[2.886s] [  5%] [32mBuilding C object CMakeFiles/loki_msgs__rosidl_generator_c.dir/rosidl_generator_c/loki_msgs/msg/detail/enclosure_state__functions.c.o[0m
[2.886s] [  5%] [32mBuilding C object CMakeFiles/loki_msgs__rosidl_generator_c.dir/rosidl_generator_c/loki_msgs/msg/detail/controller_state__functions.c.o[0m
[2.935s] [  6%] [32mBuilding C object CMakeFiles/loki_msgs__rosidl_generator_c.dir/rosidl_generator_c/loki_msgs/msg/detail/motor_state__functions.c.o[0m
[2.936s] [  6%] [32mBuilding C object CMakeFiles/loki_msgs__rosidl_generator_c.dir/rosidl_generator_c/loki_msgs/msg/detail/io_state__functions.c.o[0m
[2.939s] [  6%] [32mBuilding C object CMakeFiles/loki_msgs__rosidl_generator_c.dir/rosidl_generator_c/loki_msgs/msg/detail/controller_status_flag__functions.c.o[0m
[2.939s] [  6%] [32mBuilding C object CMakeFiles/loki_msgs__rosidl_generator_c.dir/rosidl_generator_c/loki_msgs/msg/detail/io_array__functions.c.o[0m
[2.945s] [  7%] [32mBuilding C object CMakeFiles/loki_msgs__rosidl_generator_c.dir/rosidl_generator_c/loki_msgs/srv/detail/digital_write__functions.c.o[0m
[2.990s] [  7%] [32mBuilding C object CMakeFiles/loki_msgs__rosidl_generator_c.dir/rosidl_generator_c/loki_msgs/srv/detail/can_id__functions.c.o[0m
[2.992s] [  7%] [32mBuilding C object CMakeFiles/loki_msgs__rosidl_generator_c.dir/rosidl_generator_c/loki_msgs/srv/detail/motor_controller_setup__functions.c.o[0m
[2.993s] [  7%] [32mBuilding C object CMakeFiles/loki_msgs__rosidl_generator_c.dir/rosidl_generator_c/loki_msgs/srv/detail/drive_params__functions.c.o[0m
[3.010s] [  8%] [32mBuilding C object CMakeFiles/loki_msgs__rosidl_generator_c.dir/rosidl_generator_c/loki_msgs/srv/detail/switch_bool__functions.c.o[0m
[3.052s] [  8%] [32mBuilding C object CMakeFiles/loki_msgs__rosidl_generator_c.dir/rosidl_generator_c/loki_msgs/srv/detail/battery_vars__functions.c.o[0m
[3.054s] [  8%] [32mBuilding C object CMakeFiles/loki_msgs__rosidl_generator_c.dir/rosidl_generator_c/loki_msgs/srv/detail/cont_array__functions.c.o[0m
[3.057s] [  9%] [32mBuilding C object CMakeFiles/loki_msgs__rosidl_generator_c.dir/rosidl_generator_c/loki_msgs/srv/detail/cot_map__functions.c.o[0m
[3.074s] [  9%] [32mBuilding C object CMakeFiles/loki_msgs__rosidl_generator_c.dir/rosidl_generator_c/loki_msgs/srv/detail/drive_cmds__functions.c.o[0m
[3.084s] [  9%] [32mBuilding C object CMakeFiles/loki_msgs__rosidl_generator_c.dir/rosidl_generator_c/loki_msgs/srv/detail/device_cmds__functions.c.o[0m
[3.113s] [ 10%] [32mBuilding C object CMakeFiles/loki_msgs__rosidl_generator_c.dir/rosidl_generator_c/loki_msgs/srv/detail/eval_can_buffer__functions.c.o[0m
[3.118s] [ 10%] [32mBuilding C object CMakeFiles/loki_msgs__rosidl_generator_c.dir/rosidl_generator_c/loki_msgs/srv/detail/get_set_bool__functions.c.o[0m
[3.127s] [ 10%] [32mBuilding C object CMakeFiles/loki_msgs__rosidl_generator_c.dir/rosidl_generator_c/loki_msgs/srv/detail/homesteering_all__functions.c.o[0m
[3.134s] [ 10%] [32mBuilding C object CMakeFiles/loki_msgs__rosidl_generator_c.dir/rosidl_generator_c/loki_msgs/srv/detail/init_pltf__functions.c.o[0m
[3.178s] [ 11%] [32mBuilding C object CMakeFiles/loki_msgs__rosidl_generator_c.dir/rosidl_generator_c/loki_msgs/srv/detail/mot_cot__functions.c.o[0m
[3.183s] [ 11%] [32mBuilding C object CMakeFiles/loki_msgs__rosidl_generator_c.dir/rosidl_generator_c/loki_msgs/srv/detail/pos_zero__functions.c.o[0m
[3.188s] [ 11%] [32mBuilding C object CMakeFiles/loki_msgs__rosidl_generator_c.dir/rosidl_generator_c/loki_msgs/srv/detail/pos_zero_all__functions.c.o[0m
[3.194s] [ 12%] [32mBuilding C object CMakeFiles/loki_msgs__rosidl_generator_c.dir/rosidl_generator_c/loki_msgs/srv/detail/set_bools__functions.c.o[0m
[3.237s] [ 12%] [32mBuilding C object CMakeFiles/loki_msgs__rosidl_generator_c.dir/rosidl_generator_c/loki_msgs/srv/detail/sim_drive__functions.c.o[0m
[3.244s] [ 12%] [32mBuilding C object CMakeFiles/loki_msgs__rosidl_generator_c.dir/rosidl_generator_c/loki_msgs/srv/detail/state_base__functions.c.o[0m
[3.258s] [ 12%] [32mBuilding C object CMakeFiles/loki_msgs__rosidl_generator_c.dir/rosidl_generator_c/loki_msgs/srv/detail/states_of_io__functions.c.o[0m
[3.263s] [ 13%] [32mBuilding C object CMakeFiles/loki_msgs__rosidl_generator_c.dir/rosidl_generator_c/loki_msgs/srv/detail/params__functions.c.o[0m
[3.283s] [ 13%] [32mBuilding C object CMakeFiles/loki_msgs__rosidl_generator_c.dir/rosidl_generator_c/loki_msgs/srv/detail/home_s__functions.c.o[0m
[3.377s] [ 13%] [32m[1mLinking C shared library libloki_msgs__rosidl_generator_c.so[0m
[3.409s] [ 13%] Built target loki_msgs__rosidl_generator_c
[3.418s] [ 14%] [34m[1mGenerating C type support for eProsima Fast-RTPS[0m
[3.420s] [ 15%] [34m[1mGenerating C introspection for ROS interfaces[0m
[3.423s] [ 16%] [34m[1mGenerating C type support dispatch for ROS interfaces[0m
[4.477s] [ 17%] [32mBuilding CXX object CMakeFiles/loki_msgs__rosidl_typesupport_fastrtps_cpp.dir/rosidl_typesupport_fastrtps_cpp/loki_msgs/msg/detail/dds_fastrtps/thorvald_io__type_support.cpp.o[0m
[4.477s] [ 17%] [32mBuilding CXX object CMakeFiles/loki_msgs__rosidl_typesupport_fastrtps_cpp.dir/rosidl_typesupport_fastrtps_cpp/loki_msgs/msg/detail/dds_fastrtps/base_state__type_support.cpp.o[0m
[4.485s] [ 17%] [32mBuilding CXX object CMakeFiles/loki_msgs__rosidl_typesupport_fastrtps_cpp.dir/rosidl_typesupport_fastrtps_cpp/loki_msgs/msg/detail/dds_fastrtps/battery_alarms__type_support.cpp.o[0m
[4.922s] [ 18%] [32mBuilding CXX object CMakeFiles/loki_msgs__rosidl_typesupport_fastrtps_cpp.dir/rosidl_typesupport_fastrtps_cpp/loki_msgs/msg/detail/dds_fastrtps/battery_array__type_support.cpp.o[0m
[4.989s] [ 18%] [32mBuilding CXX object CMakeFiles/loki_msgs__rosidl_typesupport_fastrtps_cpp.dir/rosidl_typesupport_fastrtps_cpp/loki_msgs/msg/detail/dds_fastrtps/battery_data__type_support.cpp.o[0m
[5.027s] [ 18%] [32mBuilding CXX object CMakeFiles/loki_msgs__rosidl_typesupport_introspection_cpp.dir/rosidl_typesupport_introspection_cpp/loki_msgs/msg/detail/thorvald_io__type_support.cpp.o[0m
[5.027s] [ 18%] [32mBuilding CXX object CMakeFiles/loki_msgs__rosidl_typesupport_fastrtps_cpp.dir/rosidl_typesupport_fastrtps_cpp/loki_msgs/msg/detail/dds_fastrtps/can_frame__type_support.cpp.o[0m
[5.426s] [ 19%] [32mBuilding CXX object CMakeFiles/loki_msgs__rosidl_typesupport_fastrtps_cpp.dir/rosidl_typesupport_fastrtps_cpp/loki_msgs/msg/detail/dds_fastrtps/controller_array__type_support.cpp.o[0m
[5.506s] [ 19%] [32mBuilding CXX object CMakeFiles/loki_msgs__rosidl_typesupport_fastrtps_cpp.dir/rosidl_typesupport_fastrtps_cpp/loki_msgs/msg/detail/dds_fastrtps/controller_config__type_support.cpp.o[0m
[5.517s] [ 19%] [32mBuilding CXX object CMakeFiles/loki_msgs__rosidl_typesupport_fastrtps_cpp.dir/rosidl_typesupport_fastrtps_cpp/loki_msgs/msg/detail/dds_fastrtps/controller_data__type_support.cpp.o[0m
[5.570s] [ 19%] [32mBuilding CXX object CMakeFiles/loki_msgs__rosidl_typesupport_introspection_cpp.dir/rosidl_typesupport_introspection_cpp/loki_msgs/msg/detail/base_state__type_support.cpp.o[0m
[5.956s] [ 19%] [32mBuilding CXX object CMakeFiles/loki_msgs__rosidl_typesupport_fastrtps_cpp.dir/rosidl_typesupport_fastrtps_cpp/loki_msgs/msg/detail/dds_fastrtps/controller_info__type_support.cpp.o[0m
[5.980s] [ 20%] [32mBuilding CXX object CMakeFiles/loki_msgs__rosidl_typesupport_fastrtps_cpp.dir/rosidl_typesupport_fastrtps_cpp/loki_msgs/msg/detail/dds_fastrtps/controller_state__type_support.cpp.o[0m
[6.017s] [ 20%] [32mBuilding CXX object CMakeFiles/loki_msgs__rosidl_typesupport_fastrtps_cpp.dir/rosidl_typesupport_fastrtps_cpp/loki_msgs/msg/detail/dds_fastrtps/drive_param__type_support.cpp.o[0m
[6.092s] [ 20%] [32mBuilding CXX object CMakeFiles/loki_msgs__rosidl_typesupport_introspection_cpp.dir/rosidl_typesupport_introspection_cpp/loki_msgs/msg/detail/battery_alarms__type_support.cpp.o[0m
[6.177s] [ 20%] [32mBuilding C object CMakeFiles/loki_msgs__rosidl_typesupport_introspection_c.dir/rosidl_typesupport_introspection_c/loki_msgs/msg/detail/thorvald_io__type_support.c.o[0m
[6.223s] [ 20%] [32mBuilding C object CMakeFiles/loki_msgs__rosidl_typesupport_introspection_c.dir/rosidl_typesupport_introspection_c/loki_msgs/msg/detail/base_state__type_support.c.o[0m
[6.277s] [ 21%] [32mBuilding C object CMakeFiles/loki_msgs__rosidl_typesupport_introspection_c.dir/rosidl_typesupport_introspection_c/loki_msgs/msg/detail/battery_alarms__type_support.c.o[0m
[6.323s] [ 21%] [32mBuilding C object CMakeFiles/loki_msgs__rosidl_typesupport_introspection_c.dir/rosidl_typesupport_introspection_c/loki_msgs/msg/detail/battery_array__type_support.c.o[0m
[6.386s] [ 21%] [32mBuilding C object CMakeFiles/loki_msgs__rosidl_typesupport_introspection_c.dir/rosidl_typesupport_introspection_c/loki_msgs/msg/detail/battery_data__type_support.c.o[0m
[6.447s] [ 21%] [32mBuilding C object CMakeFiles/loki_msgs__rosidl_typesupport_introspection_c.dir/rosidl_typesupport_introspection_c/loki_msgs/msg/detail/can_frame__type_support.c.o[0m
[6.464s] [ 21%] [32mBuilding CXX object CMakeFiles/loki_msgs__rosidl_typesupport_fastrtps_cpp.dir/rosidl_typesupport_fastrtps_cpp/loki_msgs/msg/detail/dds_fastrtps/enclosure_state__type_support.cpp.o[0m
[6.507s] [ 22%] [32mBuilding C object CMakeFiles/loki_msgs__rosidl_typesupport_introspection_c.dir/rosidl_typesupport_introspection_c/loki_msgs/msg/detail/controller_array__type_support.c.o[0m
[6.512s] [ 22%] [32mBuilding CXX object CMakeFiles/loki_msgs__rosidl_typesupport_c.dir/rosidl_typesupport_c/loki_msgs/msg/base_state__type_support.cpp.o[0m
[6.512s] [ 22%] [32mBuilding CXX object CMakeFiles/loki_msgs__rosidl_typesupport_c.dir/rosidl_typesupport_c/loki_msgs/msg/thorvald_io__type_support.cpp.o[0m
[6.529s] [ 23%] [32mBuilding CXX object CMakeFiles/loki_msgs__rosidl_typesupport_introspection_cpp.dir/rosidl_typesupport_introspection_cpp/loki_msgs/msg/detail/battery_array__type_support.cpp.o[0m
[6.534s] [ 24%] [32mBuilding CXX object CMakeFiles/loki_msgs__rosidl_typesupport_fastrtps_cpp.dir/rosidl_typesupport_fastrtps_cpp/loki_msgs/msg/detail/dds_fastrtps/io_array__type_support.cpp.o[0m
[6.550s] [ 24%] [32mBuilding CXX object CMakeFiles/loki_msgs__rosidl_typesupport_c.dir/rosidl_typesupport_c/loki_msgs/msg/battery_alarms__type_support.cpp.o[0m
[6.552s] [ 25%] [32mBuilding CXX object CMakeFiles/loki_msgs__rosidl_typesupport_c.dir/rosidl_typesupport_c/loki_msgs/msg/battery_array__type_support.cpp.o[0m
[6.584s] [ 25%] [32mBuilding CXX object CMakeFiles/loki_msgs__rosidl_typesupport_c.dir/rosidl_typesupport_c/loki_msgs/msg/battery_data__type_support.cpp.o[0m
[6.595s] [ 25%] [32mBuilding C object CMakeFiles/loki_msgs__rosidl_typesupport_introspection_c.dir/rosidl_typesupport_introspection_c/loki_msgs/msg/detail/controller_config__type_support.c.o[0m
[6.615s] [ 25%] [32mBuilding CXX object CMakeFiles/loki_msgs__rosidl_typesupport_c.dir/rosidl_typesupport_c/loki_msgs/msg/can_frame__type_support.cpp.o[0m
[6.646s] [ 26%] [32mBuilding CXX object CMakeFiles/loki_msgs__rosidl_typesupport_c.dir/rosidl_typesupport_c/loki_msgs/msg/controller_array__type_support.cpp.o[0m
[6.649s] [ 26%] [32mBuilding C object CMakeFiles/loki_msgs__rosidl_typesupport_introspection_c.dir/rosidl_typesupport_introspection_c/loki_msgs/msg/detail/controller_data__type_support.c.o[0m
[6.680s] [ 26%] [32mBuilding CXX object CMakeFiles/loki_msgs__rosidl_typesupport_c.dir/rosidl_typesupport_c/loki_msgs/msg/controller_config__type_support.cpp.o[0m
[6.712s] [ 26%] [32mBuilding CXX object CMakeFiles/loki_msgs__rosidl_typesupport_c.dir/rosidl_typesupport_c/loki_msgs/msg/controller_data__type_support.cpp.o[0m
[6.728s] [ 27%] [32mBuilding CXX object CMakeFiles/loki_msgs__rosidl_typesupport_cpp.dir/rosidl_typesupport_cpp/loki_msgs/msg/thorvald_io__type_support.cpp.o[0m
[6.745s] [ 28%] [32mBuilding C object CMakeFiles/loki_msgs__rosidl_typesupport_introspection_c.dir/rosidl_typesupport_introspection_c/loki_msgs/msg/detail/controller_info__type_support.c.o[0m
[6.757s] [ 28%] [32mBuilding CXX object CMakeFiles/loki_msgs__rosidl_typesupport_c.dir/rosidl_typesupport_c/loki_msgs/msg/controller_info__type_support.cpp.o[0m
[6.798s] [ 28%] [32mBuilding C object CMakeFiles/loki_msgs__rosidl_typesupport_introspection_c.dir/rosidl_typesupport_introspection_c/loki_msgs/msg/detail/controller_state__type_support.c.o[0m
[6.801s] [ 28%] [32mBuilding C object CMakeFiles/loki_msgs__rosidl_typesupport_introspection_c.dir/rosidl_typesupport_introspection_c/loki_msgs/msg/detail/drive_param__type_support.c.o[0m
[6.839s] [ 29%] [32mBuilding C object CMakeFiles/loki_msgs__rosidl_typesupport_introspection_c.dir/rosidl_typesupport_introspection_c/loki_msgs/msg/detail/enclosure_state__type_support.c.o[0m
[6.841s] [ 30%] [32mBuilding CXX object CMakeFiles/loki_msgs__rosidl_typesupport_c.dir/rosidl_typesupport_c/loki_msgs/msg/controller_state__type_support.cpp.o[0m
[6.888s] [ 30%] [32mBuilding C object CMakeFiles/loki_msgs__rosidl_typesupport_introspection_c.dir/rosidl_typesupport_introspection_c/loki_msgs/msg/detail/io_array__type_support.c.o[0m
[6.918s] [ 30%] [32mBuilding CXX object CMakeFiles/loki_msgs__rosidl_typesupport_c.dir/rosidl_typesupport_c/loki_msgs/msg/drive_param__type_support.cpp.o[0m
[6.919s] [ 30%] [32mBuilding CXX object CMakeFiles/loki_msgs__rosidl_typesupport_c.dir/rosidl_typesupport_c/loki_msgs/msg/enclosure_state__type_support.cpp.o[0m
[6.931s] [ 30%] [32mBuilding C object CMakeFiles/loki_msgs__rosidl_typesupport_introspection_c.dir/rosidl_typesupport_introspection_c/loki_msgs/msg/detail/io_state__type_support.c.o[0m
[6.939s] [ 30%] [32mBuilding CXX object CMakeFiles/loki_msgs__rosidl_typesupport_fastrtps_c.dir/rosidl_typesupport_fastrtps_c/loki_msgs/msg/detail/thorvald_io__type_support_c.cpp.o[0m
[6.967s] [ 31%] [32mBuilding CXX object CMakeFiles/loki_msgs__rosidl_typesupport_c.dir/rosidl_typesupport_c/loki_msgs/msg/io_array__type_support.cpp.o[0m
[6.968s] [ 31%] [32mBuilding CXX object CMakeFiles/loki_msgs__rosidl_typesupport_fastrtps_cpp.dir/rosidl_typesupport_fastrtps_cpp/loki_msgs/msg/detail/dds_fastrtps/io_state__type_support.cpp.o[0m
[6.993s] [ 31%] [32mBuilding CXX object CMakeFiles/loki_msgs__rosidl_typesupport_fastrtps_c.dir/rosidl_typesupport_fastrtps_c/loki_msgs/msg/detail/base_state__type_support_c.cpp.o[0m
[6.997s] [ 31%] [32mBuilding C object CMakeFiles/loki_msgs__rosidl_typesupport_introspection_c.dir/rosidl_typesupport_introspection_c/loki_msgs/msg/detail/motor_state__type_support.c.o[0m
[7.030s] [ 31%] [32mBuilding CXX object CMakeFiles/loki_msgs__rosidl_typesupport_c.dir/rosidl_typesupport_c/loki_msgs/msg/io_state__type_support.cpp.o[0m
[7.031s] [ 32%] [32mBuilding C object CMakeFiles/loki_msgs__rosidl_typesupport_introspection_c.dir/rosidl_typesupport_introspection_c/loki_msgs/msg/detail/controller_status_flag__type_support.c.o[0m
[7.035s] [ 32%] [32mBuilding CXX object CMakeFiles/loki_msgs__rosidl_typesupport_cpp.dir/rosidl_typesupport_cpp/loki_msgs/msg/base_state__type_support.cpp.o[0m
[7.041s] [ 32%] [32mBuilding CXX object CMakeFiles/loki_msgs__rosidl_typesupport_introspection_cpp.dir/rosidl_typesupport_introspection_cpp/loki_msgs/msg/detail/battery_data__type_support.cpp.o[0m
[7.067s] [ 32%] [32mBuilding C object CMakeFiles/loki_msgs__rosidl_typesupport_introspection_c.dir/rosidl_typesupport_introspection_c/loki_msgs/srv/detail/digital_write__type_support.c.o[0m
[7.078s] [ 32%] [32mBuilding CXX object CMakeFiles/loki_msgs__rosidl_typesupport_c.dir/rosidl_typesupport_c/loki_msgs/msg/motor_state__type_support.cpp.o[0m
[7.105s] [ 32%] [32mBuilding C object CMakeFiles/loki_msgs__rosidl_typesupport_introspection_c.dir/rosidl_typesupport_introspection_c/loki_msgs/srv/detail/can_id__type_support.c.o[0m
[7.120s] [ 33%] [32mBuilding CXX object CMakeFiles/loki_msgs__rosidl_typesupport_c.dir/rosidl_typesupport_c/loki_msgs/msg/controller_status_flag__type_support.cpp.o[0m
[7.121s] [ 33%] [32mBuilding CXX object CMakeFiles/loki_msgs__rosidl_typesupport_introspection_cpp.dir/rosidl_typesupport_introspection_cpp/loki_msgs/msg/detail/can_frame__type_support.cpp.o[0m
[7.144s] [ 34%] [32mBuilding C object CMakeFiles/loki_msgs__rosidl_typesupport_introspection_c.dir/rosidl_typesupport_introspection_c/loki_msgs/srv/detail/drive_params__type_support.c.o[0m
[7.151s] [ 34%] [32mBuilding CXX object CMakeFiles/loki_msgs__rosidl_typesupport_c.dir/rosidl_typesupport_c/loki_msgs/srv/digital_write__type_support.cpp.o[0m
[7.184s] [ 34%] [32mBuilding CXX object CMakeFiles/loki_msgs__rosidl_typesupport_c.dir/rosidl_typesupport_c/loki_msgs/srv/can_id__type_support.cpp.o[0m
[7.185s] [ 34%] [32mBuilding C object CMakeFiles/loki_msgs__rosidl_typesupport_introspection_c.dir/rosidl_typesupport_introspection_c/loki_msgs/srv/detail/motor_controller_setup__type_support.c.o[0m
[7.218s] [ 34%] [32mBuilding CXX object CMakeFiles/loki_msgs__rosidl_typesupport_c.dir/rosidl_typesupport_c/loki_msgs/srv/drive_params__type_support.cpp.o[0m
[7.223s] [ 34%] [32mBuilding C object CMakeFiles/loki_msgs__rosidl_typesupport_introspection_c.dir/rosidl_typesupport_introspection_c/loki_msgs/srv/detail/switch_bool__type_support.c.o[0m
[7.252s] [ 35%] [32mBuilding CXX object CMakeFiles/loki_msgs__rosidl_typesupport_c.dir/rosidl_typesupport_c/loki_msgs/srv/motor_controller_setup__type_support.cpp.o[0m
[7.261s] [ 35%] [32mBuilding C object CMakeFiles/loki_msgs__rosidl_typesupport_introspection_c.dir/rosidl_typesupport_introspection_c/loki_msgs/srv/detail/battery_vars__type_support.c.o[0m
[7.286s] [ 35%] [32mBuilding CXX object CMakeFiles/loki_msgs__rosidl_typesupport_c.dir/rosidl_typesupport_c/loki_msgs/srv/switch_bool__type_support.cpp.o[0m
[7.299s] [ 36%] [32mBuilding C object CMakeFiles/loki_msgs__rosidl_typesupport_introspection_c.dir/rosidl_typesupport_introspection_c/loki_msgs/srv/detail/cont_array__type_support.c.o[0m
[7.319s] [ 36%] [32mBuilding CXX object CMakeFiles/loki_msgs__rosidl_typesupport_c.dir/rosidl_typesupport_c/loki_msgs/srv/battery_vars__type_support.cpp.o[0m
[7.332s] [ 37%] [32mBuilding CXX object CMakeFiles/loki_msgs__rosidl_typesupport_introspection_cpp.dir/rosidl_typesupport_introspection_cpp/loki_msgs/msg/detail/controller_array__type_support.cpp.o[0m
[7.336s] [ 37%] [32mBuilding C object CMakeFiles/loki_msgs__rosidl_typesupport_introspection_c.dir/rosidl_typesupport_introspection_c/loki_msgs/srv/detail/cot_map__type_support.c.o[0m
[7.344s] [ 37%] [32mBuilding CXX object CMakeFiles/loki_msgs__rosidl_typesupport_cpp.dir/rosidl_typesupport_cpp/loki_msgs/msg/battery_alarms__type_support.cpp.o[0m
[7.356s] [ 38%] [32mBuilding CXX object CMakeFiles/loki_msgs__rosidl_typesupport_c.dir/rosidl_typesupport_c/loki_msgs/srv/cont_array__type_support.cpp.o[0m
[7.378s] [ 38%] [32mBuilding C object CMakeFiles/loki_msgs__rosidl_typesupport_introspection_c.dir/rosidl_typesupport_introspection_c/loki_msgs/srv/detail/device_cmds__type_support.c.o[0m
[7.390s] [ 38%] [32mBuilding CXX object CMakeFiles/loki_msgs__rosidl_typesupport_c.dir/rosidl_typesupport_c/loki_msgs/srv/cot_map__type_support.cpp.o[0m
[7.415s] [ 39%] [32mBuilding C object CMakeFiles/loki_msgs__rosidl_typesupport_introspection_c.dir/rosidl_typesupport_introspection_c/loki_msgs/srv/detail/drive_cmds__type_support.c.o[0m
[7.423s] [ 39%] [32mBuilding CXX object CMakeFiles/loki_msgs__rosidl_typesupport_c.dir/rosidl_typesupport_c/loki_msgs/srv/device_cmds__type_support.cpp.o[0m
[7.451s] [ 39%] [32mBuilding C object CMakeFiles/loki_msgs__rosidl_typesupport_introspection_c.dir/rosidl_typesupport_introspection_c/loki_msgs/srv/detail/eval_can_buffer__type_support.c.o[0m
[7.456s] [ 39%] [32mBuilding CXX object CMakeFiles/loki_msgs__rosidl_typesupport_c.dir/rosidl_typesupport_c/loki_msgs/srv/drive_cmds__type_support.cpp.o[0m
[7.488s] [ 40%] [32mBuilding C object CMakeFiles/loki_msgs__rosidl_typesupport_introspection_c.dir/rosidl_typesupport_introspection_c/loki_msgs/srv/detail/get_set_bool__type_support.c.o[0m
[7.488s] [ 40%] [32mBuilding CXX object CMakeFiles/loki_msgs__rosidl_typesupport_c.dir/rosidl_typesupport_c/loki_msgs/srv/eval_can_buffer__type_support.cpp.o[0m
[7.504s] [ 40%] [32mBuilding CXX object CMakeFiles/loki_msgs__rosidl_typesupport_introspection_cpp.dir/rosidl_typesupport_introspection_cpp/loki_msgs/msg/detail/controller_config__type_support.cpp.o[0m
[7.522s] [ 40%] [32mBuilding CXX object CMakeFiles/loki_msgs__rosidl_typesupport_c.dir/rosidl_typesupport_c/loki_msgs/srv/get_set_bool__type_support.cpp.o[0m
[7.533s] [ 40%] [32mBuilding C object CMakeFiles/loki_msgs__rosidl_typesupport_introspection_c.dir/rosidl_typesupport_introspection_c/loki_msgs/srv/detail/homesteering_all__type_support.c.o[0m
[7.556s] [ 40%] [32mBuilding CXX object CMakeFiles/loki_msgs__rosidl_typesupport_c.dir/rosidl_typesupport_c/loki_msgs/srv/homesteering_all__type_support.cpp.o[0m
[7.570s] [ 41%] [32mBuilding C object CMakeFiles/loki_msgs__rosidl_typesupport_introspection_c.dir/rosidl_typesupport_introspection_c/loki_msgs/srv/detail/init_pltf__type_support.c.o[0m
[7.590s] [ 42%] [32mBuilding CXX object CMakeFiles/loki_msgs__rosidl_typesupport_c.dir/rosidl_typesupport_c/loki_msgs/srv/init_pltf__type_support.cpp.o[0m
[7.602s] [ 42%] [32mBuilding CXX object CMakeFiles/loki_msgs__rosidl_typesupport_fastrtps_cpp.dir/rosidl_typesupport_fastrtps_cpp/loki_msgs/msg/detail/dds_fastrtps/motor_state__type_support.cpp.o[0m
[7.609s] [ 42%] [32mBuilding C object CMakeFiles/loki_msgs__rosidl_typesupport_introspection_c.dir/rosidl_typesupport_introspection_c/loki_msgs/srv/detail/mot_cot__type_support.c.o[0m
[7.623s] [ 42%] [32mBuilding CXX object CMakeFiles/loki_msgs__rosidl_typesupport_c.dir/rosidl_typesupport_c/loki_msgs/srv/mot_cot__type_support.cpp.o[0m
[7.645s] [ 43%] [32mBuilding CXX object CMakeFiles/loki_msgs__rosidl_typesupport_cpp.dir/rosidl_typesupport_cpp/loki_msgs/msg/battery_array__type_support.cpp.o[0m
[7.647s] [ 43%] [32mBuilding C object CMakeFiles/loki_msgs__rosidl_typesupport_introspection_c.dir/rosidl_typesupport_introspection_c/loki_msgs/srv/detail/pos_zero__type_support.c.o[0m
[7.655s] [ 43%] [32mBuilding CXX object CMakeFiles/loki_msgs__rosidl_typesupport_c.dir/rosidl_typesupport_c/loki_msgs/srv/pos_zero__type_support.cpp.o[0m
[7.684s] [ 44%] [32mBuilding C object CMakeFiles/loki_msgs__rosidl_typesupport_introspection_c.dir/rosidl_typesupport_introspection_c/loki_msgs/srv/detail/pos_zero_all__type_support.c.o[0m
[7.686s] [ 44%] [32mBuilding CXX object CMakeFiles/loki_msgs__rosidl_typesupport_c.dir/rosidl_typesupport_c/loki_msgs/srv/pos_zero_all__type_support.cpp.o[0m
[7.718s] [ 45%] [32mBuilding CXX object CMakeFiles/loki_msgs__rosidl_typesupport_c.dir/rosidl_typesupport_c/loki_msgs/srv/set_bools__type_support.cpp.o[0m
[7.721s] [ 45%] [32mBuilding C object CMakeFiles/loki_msgs__rosidl_typesupport_introspection_c.dir/rosidl_typesupport_introspection_c/loki_msgs/srv/detail/set_bools__type_support.c.o[0m
[7.752s] [ 45%] [32mBuilding CXX object CMakeFiles/loki_msgs__rosidl_typesupport_c.dir/rosidl_typesupport_c/loki_msgs/srv/sim_drive__type_support.cpp.o[0m
[7.759s] [ 45%] [32mBuilding C object CMakeFiles/loki_msgs__rosidl_typesupport_introspection_c.dir/rosidl_typesupport_introspection_c/loki_msgs/srv/detail/sim_drive__type_support.c.o[0m
[7.784s] [ 45%] [32mBuilding CXX object CMakeFiles/loki_msgs__rosidl_typesupport_c.dir/rosidl_typesupport_c/loki_msgs/srv/state_base__type_support.cpp.o[0m
[7.797s] [ 46%] [32mBuilding C object CMakeFiles/loki_msgs__rosidl_typesupport_introspection_c.dir/rosidl_typesupport_introspection_c/loki_msgs/srv/detail/state_base__type_support.c.o[0m
[7.816s] [ 47%] [32mBuilding CXX object CMakeFiles/loki_msgs__rosidl_typesupport_c.dir/rosidl_typesupport_c/loki_msgs/srv/states_of_io__type_support.cpp.o[0m
[7.835s] [ 47%] [32mBuilding C object CMakeFiles/loki_msgs__rosidl_typesupport_introspection_c.dir/rosidl_typesupport_introspection_c/loki_msgs/srv/detail/states_of_io__type_support.c.o[0m
[7.848s] [ 47%] [32mBuilding CXX object CMakeFiles/loki_msgs__rosidl_typesupport_c.dir/rosidl_typesupport_c/loki_msgs/srv/params__type_support.cpp.o[0m
[7.872s] [ 47%] [32mBuilding C object CMakeFiles/loki_msgs__rosidl_typesupport_introspection_c.dir/rosidl_typesupport_introspection_c/loki_msgs/srv/detail/params__type_support.c.o[0m
[7.880s] [ 47%] [32mBuilding CXX object CMakeFiles/loki_msgs__rosidl_typesupport_c.dir/rosidl_typesupport_c/loki_msgs/srv/home_s__type_support.cpp.o[0m
[7.910s] [ 47%] [32mBuilding C object CMakeFiles/loki_msgs__rosidl_typesupport_introspection_c.dir/rosidl_typesupport_introspection_c/loki_msgs/srv/detail/home_s__type_support.c.o[0m
[7.912s] [ 47%] [32mBuilding CXX object CMakeFiles/loki_msgs__rosidl_typesupport_introspection_cpp.dir/rosidl_typesupport_introspection_cpp/loki_msgs/msg/detail/controller_data__type_support.cpp.o[0m
[7.913s] [ 48%] [32m[1mLinking CXX shared library libloki_msgs__rosidl_typesupport_c.so[0m
[7.945s] [ 48%] [32mBuilding CXX object CMakeFiles/loki_msgs__rosidl_typesupport_introspection_cpp.dir/rosidl_typesupport_introspection_cpp/loki_msgs/msg/detail/controller_info__type_support.cpp.o[0m
[7.948s] [ 49%] [32mBuilding CXX object CMakeFiles/loki_msgs__rosidl_typesupport_cpp.dir/rosidl_typesupport_cpp/loki_msgs/msg/battery_data__type_support.cpp.o[0m
[7.948s] [ 49%] [32m[1mLinking C shared library libloki_msgs__rosidl_typesupport_introspection_c.so[0m
[7.967s] [ 49%] Built target loki_msgs__rosidl_typesupport_c
[7.976s] [ 49%] [32mBuilding CXX object CMakeFiles/loki_msgs__rosidl_typesupport_cpp.dir/rosidl_typesupport_cpp/loki_msgs/msg/can_frame__type_support.cpp.o[0m
[7.992s] [ 49%] Built target loki_msgs__rosidl_typesupport_introspection_c
[8.001s] [ 49%] [32mBuilding CXX object CMakeFiles/loki_msgs__rosidl_typesupport_cpp.dir/rosidl_typesupport_cpp/loki_msgs/msg/controller_array__type_support.cpp.o[0m
[8.017s] [ 50%] [32mBuilding CXX object CMakeFiles/loki_msgs__rosidl_typesupport_introspection_cpp.dir/rosidl_typesupport_introspection_cpp/loki_msgs/msg/detail/controller_state__type_support.cpp.o[0m
[8.056s] [ 50%] [32mBuilding CXX object CMakeFiles/loki_msgs__rosidl_typesupport_fastrtps_cpp.dir/rosidl_typesupport_fastrtps_cpp/loki_msgs/msg/detail/dds_fastrtps/controller_status_flag__type_support.cpp.o[0m
[8.111s] [ 51%] [32mBuilding CXX object CMakeFiles/loki_msgs__rosidl_typesupport_fastrtps_c.dir/rosidl_typesupport_fastrtps_c/loki_msgs/msg/detail/battery_alarms__type_support_c.cpp.o[0m
[8.246s] [ 52%] [32mBuilding CXX object CMakeFiles/loki_msgs__rosidl_typesupport_cpp.dir/rosidl_typesupport_cpp/loki_msgs/msg/controller_config__type_support.cpp.o[0m
[8.272s] [ 52%] [32mBuilding CXX object CMakeFiles/loki_msgs__rosidl_typesupport_cpp.dir/rosidl_typesupport_cpp/loki_msgs/msg/controller_data__type_support.cpp.o[0m
[8.304s] [ 52%] [32mBuilding CXX object CMakeFiles/loki_msgs__rosidl_typesupport_cpp.dir/rosidl_typesupport_cpp/loki_msgs/msg/controller_info__type_support.cpp.o[0m
[8.449s] [ 52%] [32mBuilding CXX object CMakeFiles/loki_msgs__rosidl_typesupport_introspection_cpp.dir/rosidl_typesupport_introspection_cpp/loki_msgs/msg/detail/drive_param__type_support.cpp.o[0m
[8.496s] [ 53%] [32mBuilding CXX object CMakeFiles/loki_msgs__rosidl_typesupport_fastrtps_cpp.dir/rosidl_typesupport_fastrtps_cpp/loki_msgs/srv/detail/dds_fastrtps/digital_write__type_support.cpp.o[0m
[8.539s] [ 53%] [32mBuilding CXX object CMakeFiles/loki_msgs__rosidl_typesupport_introspection_cpp.dir/rosidl_typesupport_introspection_cpp/loki_msgs/msg/detail/enclosure_state__type_support.cpp.o[0m
[8.545s] [ 54%] [32mBuilding CXX object CMakeFiles/loki_msgs__rosidl_typesupport_cpp.dir/rosidl_typesupport_cpp/loki_msgs/msg/controller_state__type_support.cpp.o[0m
[8.570s] [ 54%] [32mBuilding CXX object CMakeFiles/loki_msgs__rosidl_typesupport_cpp.dir/rosidl_typesupport_cpp/loki_msgs/msg/drive_param__type_support.cpp.o[0m
[8.605s] [ 54%] [32mBuilding CXX object CMakeFiles/loki_msgs__rosidl_typesupport_cpp.dir/rosidl_typesupport_cpp/loki_msgs/msg/enclosure_state__type_support.cpp.o[0m
[8.754s] [ 54%] [32mBuilding CXX object CMakeFiles/loki_msgs__rosidl_typesupport_fastrtps_c.dir/rosidl_typesupport_fastrtps_c/loki_msgs/msg/detail/battery_array__type_support_c.cpp.o[0m
[8.844s] [ 54%] [32mBuilding CXX object CMakeFiles/loki_msgs__rosidl_typesupport_cpp.dir/rosidl_typesupport_cpp/loki_msgs/msg/io_array__type_support.cpp.o[0m
[8.863s] [ 55%] [32mBuilding CXX object CMakeFiles/loki_msgs__rosidl_typesupport_cpp.dir/rosidl_typesupport_cpp/loki_msgs/msg/io_state__type_support.cpp.o[0m
[8.877s] [ 56%] [32mBuilding CXX object CMakeFiles/loki_msgs__rosidl_typesupport_introspection_cpp.dir/rosidl_typesupport_introspection_cpp/loki_msgs/msg/detail/io_array__type_support.cpp.o[0m
[8.905s] [ 56%] [32mBuilding CXX object CMakeFiles/loki_msgs__rosidl_typesupport_cpp.dir/rosidl_typesupport_cpp/loki_msgs/msg/motor_state__type_support.cpp.o[0m
[8.969s] [ 56%] [32mBuilding CXX object CMakeFiles/loki_msgs__rosidl_typesupport_fastrtps_cpp.dir/rosidl_typesupport_fastrtps_cpp/loki_msgs/srv/detail/dds_fastrtps/can_id__type_support.cpp.o[0m
[9.086s] [ 56%] [32mBuilding CXX object CMakeFiles/loki_msgs__rosidl_typesupport_introspection_cpp.dir/rosidl_typesupport_introspection_cpp/loki_msgs/msg/detail/io_state__type_support.cpp.o[0m
[9.147s] [ 56%] [32mBuilding CXX object CMakeFiles/loki_msgs__rosidl_typesupport_cpp.dir/rosidl_typesupport_cpp/loki_msgs/msg/controller_status_flag__type_support.cpp.o[0m
[9.162s] [ 57%] [32mBuilding CXX object CMakeFiles/loki_msgs__rosidl_typesupport_cpp.dir/rosidl_typesupport_cpp/loki_msgs/srv/digital_write__type_support.cpp.o[0m
[9.205s] [ 57%] [32mBuilding CXX object CMakeFiles/loki_msgs__rosidl_typesupport_cpp.dir/rosidl_typesupport_cpp/loki_msgs/srv/can_id__type_support.cpp.o[0m
[9.257s] [ 57%] [32mBuilding CXX object CMakeFiles/loki_msgs__rosidl_typesupport_introspection_cpp.dir/rosidl_typesupport_introspection_cpp/loki_msgs/msg/detail/motor_state__type_support.cpp.o[0m
[9.448s] [ 57%] [32mBuilding CXX object CMakeFiles/loki_msgs__rosidl_typesupport_cpp.dir/rosidl_typesupport_cpp/loki_msgs/srv/drive_params__type_support.cpp.o[0m
[9.449s] [ 57%] [32mBuilding CXX object CMakeFiles/loki_msgs__rosidl_typesupport_fastrtps_cpp.dir/rosidl_typesupport_fastrtps_cpp/loki_msgs/srv/detail/dds_fastrtps/drive_params__type_support.cpp.o[0m
[9.459s] [ 58%] [32mBuilding CXX object CMakeFiles/loki_msgs__rosidl_typesupport_cpp.dir/rosidl_typesupport_cpp/loki_msgs/srv/motor_controller_setup__type_support.cpp.o[0m
[9.510s] [ 58%] [32mBuilding CXX object CMakeFiles/loki_msgs__rosidl_typesupport_cpp.dir/rosidl_typesupport_cpp/loki_msgs/srv/switch_bool__type_support.cpp.o[0m
[9.510s] [ 58%] [32mBuilding CXX object CMakeFiles/loki_msgs__rosidl_typesupport_fastrtps_c.dir/rosidl_typesupport_fastrtps_c/loki_msgs/msg/detail/battery_data__type_support_c.cpp.o[0m
[9.591s] [ 59%] [32mBuilding CXX object CMakeFiles/loki_msgs__rosidl_typesupport_introspection_cpp.dir/rosidl_typesupport_introspection_cpp/loki_msgs/msg/detail/controller_status_flag__type_support.cpp.o[0m
[9.746s] [ 59%] [32mBuilding CXX object CMakeFiles/loki_msgs__rosidl_typesupport_introspection_cpp.dir/rosidl_typesupport_introspection_cpp/loki_msgs/srv/detail/digital_write__type_support.cpp.o[0m
[9.747s] [ 59%] [32mBuilding CXX object CMakeFiles/loki_msgs__rosidl_typesupport_cpp.dir/rosidl_typesupport_cpp/loki_msgs/srv/battery_vars__type_support.cpp.o[0m
[9.756s] [ 59%] [32mBuilding CXX object CMakeFiles/loki_msgs__rosidl_typesupport_cpp.dir/rosidl_typesupport_cpp/loki_msgs/srv/cont_array__type_support.cpp.o[0m
[9.811s] [ 60%] [32mBuilding CXX object CMakeFiles/loki_msgs__rosidl_typesupport_cpp.dir/rosidl_typesupport_cpp/loki_msgs/srv/cot_map__type_support.cpp.o[0m
[9.976s] [ 61%] [32mBuilding CXX object CMakeFiles/loki_msgs__rosidl_typesupport_fastrtps_cpp.dir/rosidl_typesupport_fastrtps_cpp/loki_msgs/srv/detail/dds_fastrtps/motor_controller_setup__type_support.cpp.o[0m
[10.014s] [ 61%] [32mBuilding CXX object CMakeFiles/loki_msgs__rosidl_typesupport_introspection_cpp.dir/rosidl_typesupport_introspection_cpp/loki_msgs/srv/detail/can_id__type_support.cpp.o[0m
[10.057s] [ 61%] [32mBuilding CXX object CMakeFiles/loki_msgs__rosidl_typesupport_cpp.dir/rosidl_typesupport_cpp/loki_msgs/srv/device_cmds__type_support.cpp.o[0m
[10.062s] [ 61%] [32mBuilding CXX object CMakeFiles/loki_msgs__rosidl_typesupport_cpp.dir/rosidl_typesupport_cpp/loki_msgs/srv/drive_cmds__type_support.cpp.o[0m
[10.114s] [ 62%] [32mBuilding CXX object CMakeFiles/loki_msgs__rosidl_typesupport_cpp.dir/rosidl_typesupport_cpp/loki_msgs/srv/eval_can_buffer__type_support.cpp.o[0m
[10.165s] [ 62%] [32mBuilding CXX object CMakeFiles/loki_msgs__rosidl_typesupport_fastrtps_c.dir/rosidl_typesupport_fastrtps_c/loki_msgs/msg/detail/can_frame__type_support_c.cpp.o[0m
[10.196s] [ 62%] [32mBuilding CXX object CMakeFiles/loki_msgs__rosidl_typesupport_introspection_cpp.dir/rosidl_typesupport_introspection_cpp/loki_msgs/srv/detail/drive_params__type_support.cpp.o[0m
[10.327s] [ 63%] [32mBuilding CXX object CMakeFiles/loki_msgs__rosidl_typesupport_introspection_cpp.dir/rosidl_typesupport_introspection_cpp/loki_msgs/srv/detail/motor_controller_setup__type_support.cpp.o[0m
[10.359s] [ 63%] [32mBuilding CXX object CMakeFiles/loki_msgs__rosidl_typesupport_introspection_cpp.dir/rosidl_typesupport_introspection_cpp/loki_msgs/srv/detail/switch_bool__type_support.cpp.o[0m
[10.362s] [ 63%] [32mBuilding CXX object CMakeFiles/loki_msgs__rosidl_typesupport_cpp.dir/rosidl_typesupport_cpp/loki_msgs/srv/get_set_bool__type_support.cpp.o[0m
[10.415s] [ 63%] [32mBuilding CXX object CMakeFiles/loki_msgs__rosidl_typesupport_cpp.dir/rosidl_typesupport_cpp/loki_msgs/srv/homesteering_all__type_support.cpp.o[0m
[10.433s] [ 63%] [32mBuilding CXX object CMakeFiles/loki_msgs__rosidl_typesupport_fastrtps_cpp.dir/rosidl_typesupport_fastrtps_cpp/loki_msgs/srv/detail/dds_fastrtps/switch_bool__type_support.cpp.o[0m
[10.443s] [ 63%] [32mBuilding CXX object CMakeFiles/loki_msgs__rosidl_typesupport_introspection_cpp.dir/rosidl_typesupport_introspection_cpp/loki_msgs/srv/detail/battery_vars__type_support.cpp.o[0m
[10.661s] [ 63%] [32mBuilding CXX object CMakeFiles/loki_msgs__rosidl_typesupport_cpp.dir/rosidl_typesupport_cpp/loki_msgs/srv/init_pltf__type_support.cpp.o[0m
[10.692s] [ 64%] [32mBuilding CXX object CMakeFiles/loki_msgs__rosidl_typesupport_introspection_cpp.dir/rosidl_typesupport_introspection_cpp/loki_msgs/srv/detail/cont_array__type_support.cpp.o[0m
[10.720s] [ 65%] [32mBuilding CXX object CMakeFiles/loki_msgs__rosidl_typesupport_cpp.dir/rosidl_typesupport_cpp/loki_msgs/srv/mot_cot__type_support.cpp.o[0m
[10.783s] [ 65%] [32mBuilding CXX object CMakeFiles/loki_msgs__rosidl_typesupport_introspection_cpp.dir/rosidl_typesupport_introspection_cpp/loki_msgs/srv/detail/cot_map__type_support.cpp.o[0m
[10.870s] [ 65%] [32mBuilding CXX object CMakeFiles/loki_msgs__rosidl_typesupport_introspection_cpp.dir/rosidl_typesupport_introspection_cpp/loki_msgs/srv/detail/device_cmds__type_support.cpp.o[0m
[10.889s] [ 65%] [32mBuilding CXX object CMakeFiles/loki_msgs__rosidl_typesupport_fastrtps_cpp.dir/rosidl_typesupport_fastrtps_cpp/loki_msgs/srv/detail/dds_fastrtps/battery_vars__type_support.cpp.o[0m
[10.963s] [ 65%] [32mBuilding CXX object CMakeFiles/loki_msgs__rosidl_typesupport_cpp.dir/rosidl_typesupport_cpp/loki_msgs/srv/pos_zero__type_support.cpp.o[0m
[11.021s] [ 65%] [32mBuilding CXX object CMakeFiles/loki_msgs__rosidl_typesupport_cpp.dir/rosidl_typesupport_cpp/loki_msgs/srv/pos_zero_all__type_support.cpp.o[0m
[11.061s] [ 65%] [32mBuilding CXX object CMakeFiles/loki_msgs__rosidl_typesupport_introspection_cpp.dir/rosidl_typesupport_introspection_cpp/loki_msgs/srv/detail/drive_cmds__type_support.cpp.o[0m
[11.136s] [ 66%] [32mBuilding CXX object CMakeFiles/loki_msgs__rosidl_typesupport_introspection_cpp.dir/rosidl_typesupport_introspection_cpp/loki_msgs/srv/detail/eval_can_buffer__type_support.cpp.o[0m
[11.142s] [ 67%] [32mBuilding CXX object CMakeFiles/loki_msgs__rosidl_typesupport_fastrtps_c.dir/rosidl_typesupport_fastrtps_c/loki_msgs/msg/detail/controller_array__type_support_c.cpp.o[0m
[11.259s] [ 67%] [32mBuilding CXX object CMakeFiles/loki_msgs__rosidl_typesupport_introspection_cpp.dir/rosidl_typesupport_introspection_cpp/loki_msgs/srv/detail/get_set_bool__type_support.cpp.o[0m
[11.269s] [ 68%] [32mBuilding CXX object CMakeFiles/loki_msgs__rosidl_typesupport_cpp.dir/rosidl_typesupport_cpp/loki_msgs/srv/set_bools__type_support.cpp.o[0m
[11.296s] [ 68%] [32mBuilding CXX object CMakeFiles/loki_msgs__rosidl_typesupport_introspection_cpp.dir/rosidl_typesupport_introspection_cpp/loki_msgs/srv/detail/homesteering_all__type_support.cpp.o[0m
[11.324s] [ 68%] [32mBuilding CXX object CMakeFiles/loki_msgs__rosidl_typesupport_cpp.dir/rosidl_typesupport_cpp/loki_msgs/srv/sim_drive__type_support.cpp.o[0m
[11.342s] [ 68%] [32mBuilding CXX object CMakeFiles/loki_msgs__rosidl_typesupport_fastrtps_cpp.dir/rosidl_typesupport_fastrtps_cpp/loki_msgs/srv/detail/dds_fastrtps/cont_array__type_support.cpp.o[0m
[11.572s] [ 68%] [32mBuilding CXX object CMakeFiles/loki_msgs__rosidl_typesupport_cpp.dir/rosidl_typesupport_cpp/loki_msgs/srv/state_base__type_support.cpp.o[0m
[11.576s] [ 69%] [32mBuilding CXX object CMakeFiles/loki_msgs__rosidl_typesupport_introspection_cpp.dir/rosidl_typesupport_introspection_cpp/loki_msgs/srv/detail/init_pltf__type_support.cpp.o[0m
[11.630s] [ 69%] [32mBuilding CXX object CMakeFiles/loki_msgs__rosidl_typesupport_cpp.dir/rosidl_typesupport_cpp/loki_msgs/srv/states_of_io__type_support.cpp.o[0m
[11.723s] [ 69%] [32mBuilding CXX object CMakeFiles/loki_msgs__rosidl_typesupport_introspection_cpp.dir/rosidl_typesupport_introspection_cpp/loki_msgs/srv/detail/mot_cot__type_support.cpp.o[0m
[11.763s] [ 69%] [32mBuilding CXX object CMakeFiles/loki_msgs__rosidl_typesupport_introspection_cpp.dir/rosidl_typesupport_introspection_cpp/loki_msgs/srv/detail/pos_zero__type_support.cpp.o[0m
[11.784s] [ 69%] [32mBuilding CXX object CMakeFiles/loki_msgs__rosidl_typesupport_fastrtps_c.dir/rosidl_typesupport_fastrtps_c/loki_msgs/msg/detail/controller_config__type_support_c.cpp.o[0m
[11.796s] [ 70%] [32mBuilding CXX object CMakeFiles/loki_msgs__rosidl_typesupport_fastrtps_cpp.dir/rosidl_typesupport_fastrtps_cpp/loki_msgs/srv/detail/dds_fastrtps/cot_map__type_support.cpp.o[0m
[11.876s] [ 71%] [32mBuilding CXX object CMakeFiles/loki_msgs__rosidl_typesupport_cpp.dir/rosidl_typesupport_cpp/loki_msgs/srv/params__type_support.cpp.o[0m
[11.932s] [ 71%] [32mBuilding CXX object CMakeFiles/loki_msgs__rosidl_typesupport_cpp.dir/rosidl_typesupport_cpp/loki_msgs/srv/home_s__type_support.cpp.o[0m
[12.022s] [ 71%] [32mBuilding CXX object CMakeFiles/loki_msgs__rosidl_typesupport_introspection_cpp.dir/rosidl_typesupport_introspection_cpp/loki_msgs/srv/detail/pos_zero_all__type_support.cpp.o[0m
[12.155s] [ 72%] [32mBuilding CXX object CMakeFiles/loki_msgs__rosidl_typesupport_introspection_cpp.dir/rosidl_typesupport_introspection_cpp/loki_msgs/srv/detail/set_bools__type_support.cpp.o[0m
[12.177s] [ 72%] [32mBuilding CXX object CMakeFiles/loki_msgs__rosidl_typesupport_introspection_cpp.dir/rosidl_typesupport_introspection_cpp/loki_msgs/srv/detail/sim_drive__type_support.cpp.o[0m
[12.200s] [ 72%] [32mBuilding CXX object CMakeFiles/loki_msgs__rosidl_typesupport_introspection_cpp.dir/rosidl_typesupport_introspection_cpp/loki_msgs/srv/detail/state_base__type_support.cpp.o[0m
[12.235s] [ 72%] [32m[1mLinking CXX shared library libloki_msgs__rosidl_typesupport_cpp.so[0m
[12.261s] [ 73%] [32mBuilding CXX object CMakeFiles/loki_msgs__rosidl_typesupport_introspection_cpp.dir/rosidl_typesupport_introspection_cpp/loki_msgs/srv/detail/states_of_io__type_support.cpp.o[0m
[12.289s] [ 73%] Built target loki_msgs__rosidl_typesupport_cpp
[12.298s] [ 73%] [32mBuilding CXX object CMakeFiles/loki_msgs__rosidl_typesupport_introspection_cpp.dir/rosidl_typesupport_introspection_cpp/loki_msgs/srv/detail/params__type_support.cpp.o[0m
[12.336s] [ 73%] [32mBuilding CXX object CMakeFiles/loki_msgs__rosidl_typesupport_fastrtps_cpp.dir/rosidl_typesupport_fastrtps_cpp/loki_msgs/srv/detail/dds_fastrtps/device_cmds__type_support.cpp.o[0m
[12.446s] [ 73%] [32mBuilding CXX object CMakeFiles/loki_msgs__rosidl_typesupport_introspection_cpp.dir/rosidl_typesupport_introspection_cpp/loki_msgs/srv/detail/home_s__type_support.cpp.o[0m
[12.581s] [ 73%] [32mBuilding CXX object CMakeFiles/loki_msgs__rosidl_typesupport_fastrtps_c.dir/rosidl_typesupport_fastrtps_c/loki_msgs/msg/detail/controller_data__type_support_c.cpp.o[0m
[12.589s] [ 74%] [32mBuilding CXX object CMakeFiles/loki_msgs__rosidl_typesupport_fastrtps_c.dir/rosidl_typesupport_fastrtps_c/loki_msgs/msg/detail/controller_info__type_support_c.cpp.o[0m
[12.605s] [ 74%] [32mBuilding CXX object CMakeFiles/loki_msgs__rosidl_typesupport_fastrtps_c.dir/rosidl_typesupport_fastrtps_c/loki_msgs/msg/detail/controller_state__type_support_c.cpp.o[0m
[12.622s] [ 74%] [32mBuilding CXX object CMakeFiles/loki_msgs__rosidl_typesupport_fastrtps_c.dir/rosidl_typesupport_fastrtps_c/loki_msgs/msg/detail/drive_param__type_support_c.cpp.o[0m
[12.729s] [ 74%] [32mBuilding CXX object CMakeFiles/loki_msgs__rosidl_typesupport_fastrtps_c.dir/rosidl_typesupport_fastrtps_c/loki_msgs/msg/detail/enclosure_state__type_support_c.cpp.o[0m
[12.803s] [ 74%] [32mBuilding CXX object CMakeFiles/loki_msgs__rosidl_typesupport_fastrtps_cpp.dir/rosidl_typesupport_fastrtps_cpp/loki_msgs/srv/detail/dds_fastrtps/drive_cmds__type_support.cpp.o[0m
[12.884s] [ 75%] [32mBuilding CXX object CMakeFiles/loki_msgs__rosidl_typesupport_fastrtps_cpp.dir/rosidl_typesupport_fastrtps_cpp/loki_msgs/srv/detail/dds_fastrtps/eval_can_buffer__type_support.cpp.o[0m
[12.965s] [ 76%] [32mBuilding CXX object CMakeFiles/loki_msgs__rosidl_typesupport_fastrtps_c.dir/rosidl_typesupport_fastrtps_c/loki_msgs/msg/detail/io_array__type_support_c.cpp.o[0m
[12.988s] [ 76%] [32mBuilding CXX object CMakeFiles/loki_msgs__rosidl_typesupport_fastrtps_c.dir/rosidl_typesupport_fastrtps_c/loki_msgs/msg/detail/io_state__type_support_c.cpp.o[0m
[13.000s] [ 76%] [32mBuilding CXX object CMakeFiles/loki_msgs__rosidl_typesupport_fastrtps_c.dir/rosidl_typesupport_fastrtps_c/loki_msgs/msg/detail/motor_state__type_support_c.cpp.o[0m
[13.122s] [ 77%] [32mBuilding CXX object CMakeFiles/loki_msgs__rosidl_typesupport_fastrtps_c.dir/rosidl_typesupport_fastrtps_c/loki_msgs/msg/detail/controller_status_flag__type_support_c.cpp.o[0m
[13.226s] [ 77%] [32mBuilding CXX object CMakeFiles/loki_msgs__rosidl_typesupport_fastrtps_c.dir/rosidl_typesupport_fastrtps_c/loki_msgs/srv/detail/digital_write__type_support_c.cpp.o[0m
[13.269s] [ 77%] [32mBuilding CXX object CMakeFiles/loki_msgs__rosidl_typesupport_fastrtps_cpp.dir/rosidl_typesupport_fastrtps_cpp/loki_msgs/srv/detail/dds_fastrtps/get_set_bool__type_support.cpp.o[0m
[13.295s] [ 78%] [32m[1mLinking CXX shared library libloki_msgs__rosidl_typesupport_introspection_cpp.so[0m
[13.335s] [ 78%] [32mBuilding CXX object CMakeFiles/loki_msgs__rosidl_typesupport_fastrtps_cpp.dir/rosidl_typesupport_fastrtps_cpp/loki_msgs/srv/detail/dds_fastrtps/homesteering_all__type_support.cpp.o[0m
[13.352s] [ 78%] [32mBuilding CXX object CMakeFiles/loki_msgs__rosidl_typesupport_fastrtps_c.dir/rosidl_typesupport_fastrtps_c/loki_msgs/srv/detail/can_id__type_support_c.cpp.o[0m
[13.381s] [ 78%] [32mBuilding CXX object CMakeFiles/loki_msgs__rosidl_typesupport_fastrtps_c.dir/rosidl_typesupport_fastrtps_c/loki_msgs/srv/detail/drive_params__type_support_c.cpp.o[0m
[13.399s] [ 79%] [32mBuilding CXX object CMakeFiles/loki_msgs__rosidl_typesupport_fastrtps_c.dir/rosidl_typesupport_fastrtps_c/loki_msgs/srv/detail/motor_controller_setup__type_support_c.cpp.o[0m
[13.509s] [ 79%] [32mBuilding CXX object CMakeFiles/loki_msgs__rosidl_typesupport_fastrtps_c.dir/rosidl_typesupport_fastrtps_c/loki_msgs/srv/detail/switch_bool__type_support_c.cpp.o[0m
[13.523s] [ 79%] Built target loki_msgs__rosidl_typesupport_introspection_cpp
[13.538s] [ 79%] [32mBuilding CXX object CMakeFiles/loki_msgs__rosidl_typesupport_fastrtps_c.dir/rosidl_typesupport_fastrtps_c/loki_msgs/srv/detail/battery_vars__type_support_c.cpp.o[0m
[13.747s] [ 80%] [32mBuilding CXX object CMakeFiles/loki_msgs__rosidl_typesupport_fastrtps_c.dir/rosidl_typesupport_fastrtps_c/loki_msgs/srv/detail/cont_array__type_support_c.cpp.o[0m
[13.778s] [ 80%] [32mBuilding CXX object CMakeFiles/loki_msgs__rosidl_typesupport_fastrtps_c.dir/rosidl_typesupport_fastrtps_c/loki_msgs/srv/detail/cot_map__type_support_c.cpp.o[0m
[13.787s] [ 81%] [32mBuilding CXX object CMakeFiles/loki_msgs__rosidl_typesupport_fastrtps_cpp.dir/rosidl_typesupport_fastrtps_cpp/loki_msgs/srv/detail/dds_fastrtps/init_pltf__type_support.cpp.o[0m
[13.794s] [ 81%] [32mBuilding CXX object CMakeFiles/loki_msgs__rosidl_typesupport_fastrtps_c.dir/rosidl_typesupport_fastrtps_c/loki_msgs/srv/detail/device_cmds__type_support_c.cpp.o[0m
[13.846s] [ 81%] [32mBuilding CXX object CMakeFiles/loki_msgs__rosidl_typesupport_fastrtps_cpp.dir/rosidl_typesupport_fastrtps_cpp/loki_msgs/srv/detail/dds_fastrtps/mot_cot__type_support.cpp.o[0m
[13.918s] [ 82%] [32mBuilding CXX object CMakeFiles/loki_msgs__rosidl_typesupport_fastrtps_c.dir/rosidl_typesupport_fastrtps_c/loki_msgs/srv/detail/drive_cmds__type_support_c.cpp.o[0m
[14.138s] [ 82%] [32mBuilding CXX object CMakeFiles/loki_msgs__rosidl_typesupport_fastrtps_c.dir/rosidl_typesupport_fastrtps_c/loki_msgs/srv/detail/eval_can_buffer__type_support_c.cpp.o[0m
[14.176s] [ 82%] [32mBuilding CXX object CMakeFiles/loki_msgs__rosidl_typesupport_fastrtps_c.dir/rosidl_typesupport_fastrtps_c/loki_msgs/srv/detail/get_set_bool__type_support_c.cpp.o[0m
[14.186s] [ 82%] [32mBuilding CXX object CMakeFiles/loki_msgs__rosidl_typesupport_fastrtps_c.dir/rosidl_typesupport_fastrtps_c/loki_msgs/srv/detail/homesteering_all__type_support_c.cpp.o[0m
[14.198s] [ 83%] [32mBuilding CXX object CMakeFiles/loki_msgs__rosidl_typesupport_fastrtps_c.dir/rosidl_typesupport_fastrtps_c/loki_msgs/srv/detail/init_pltf__type_support_c.cpp.o[0m
[14.237s] [ 83%] [32mBuilding CXX object CMakeFiles/loki_msgs__rosidl_typesupport_fastrtps_cpp.dir/rosidl_typesupport_fastrtps_cpp/loki_msgs/srv/detail/dds_fastrtps/pos_zero__type_support.cpp.o[0m
[14.305s] [ 83%] [32mBuilding CXX object CMakeFiles/loki_msgs__rosidl_typesupport_fastrtps_c.dir/rosidl_typesupport_fastrtps_c/loki_msgs/srv/detail/mot_cot__type_support_c.cpp.o[0m
[14.306s] [ 83%] [32mBuilding CXX object CMakeFiles/loki_msgs__rosidl_typesupport_fastrtps_cpp.dir/rosidl_typesupport_fastrtps_cpp/loki_msgs/srv/detail/dds_fastrtps/pos_zero_all__type_support.cpp.o[0m
[14.312s] [ 83%] [32mBuilding CXX object CMakeFiles/loki_msgs__rosidl_typesupport_fastrtps_c.dir/rosidl_typesupport_fastrtps_c/loki_msgs/srv/detail/pos_zero__type_support_c.cpp.o[0m
[14.522s] [ 84%] [32mBuilding CXX object CMakeFiles/loki_msgs__rosidl_typesupport_fastrtps_c.dir/rosidl_typesupport_fastrtps_c/loki_msgs/srv/detail/pos_zero_all__type_support_c.cpp.o[0m
[14.566s] [ 84%] [32mBuilding CXX object CMakeFiles/loki_msgs__rosidl_typesupport_fastrtps_c.dir/rosidl_typesupport_fastrtps_c/loki_msgs/srv/detail/set_bools__type_support_c.cpp.o[0m
[14.575s] [ 84%] [32mBuilding CXX object CMakeFiles/loki_msgs__rosidl_typesupport_fastrtps_c.dir/rosidl_typesupport_fastrtps_c/loki_msgs/srv/detail/sim_drive__type_support_c.cpp.o[0m
[14.685s] [ 85%] [32mBuilding CXX object CMakeFiles/loki_msgs__rosidl_typesupport_fastrtps_cpp.dir/rosidl_typesupport_fastrtps_cpp/loki_msgs/srv/detail/dds_fastrtps/set_bools__type_support.cpp.o[0m
[14.697s] [ 85%] [32mBuilding CXX object CMakeFiles/loki_msgs__rosidl_typesupport_fastrtps_c.dir/rosidl_typesupport_fastrtps_c/loki_msgs/srv/detail/state_base__type_support_c.cpp.o[0m
[14.775s] [ 85%] [32mBuilding CXX object CMakeFiles/loki_msgs__rosidl_typesupport_fastrtps_cpp.dir/rosidl_typesupport_fastrtps_cpp/loki_msgs/srv/detail/dds_fastrtps/sim_drive__type_support.cpp.o[0m
[14.907s] [ 86%] [32mBuilding CXX object CMakeFiles/loki_msgs__rosidl_typesupport_fastrtps_c.dir/rosidl_typesupport_fastrtps_c/loki_msgs/srv/detail/states_of_io__type_support_c.cpp.o[0m
[14.965s] [ 86%] [32mBuilding CXX object CMakeFiles/loki_msgs__rosidl_typesupport_fastrtps_c.dir/rosidl_typesupport_fastrtps_c/loki_msgs/srv/detail/home_s__type_support_c.cpp.o[0m
[14.966s] [ 86%] [32mBuilding CXX object CMakeFiles/loki_msgs__rosidl_typesupport_fastrtps_c.dir/rosidl_typesupport_fastrtps_c/loki_msgs/srv/detail/params__type_support_c.cpp.o[0m
[14.971s] [ 86%] [32mBuilding CXX object CMakeFiles/loki_msgs__rosidl_typesupport_fastrtps_cpp.dir/rosidl_typesupport_fastrtps_cpp/loki_msgs/srv/detail/dds_fastrtps/state_base__type_support.cpp.o[0m
[15.084s] [ 87%] [32mBuilding CXX object CMakeFiles/loki_msgs__rosidl_typesupport_fastrtps_cpp.dir/rosidl_typesupport_fastrtps_cpp/loki_msgs/srv/detail/dds_fastrtps/states_of_io__type_support.cpp.o[0m
[15.143s] [ 87%] [32mBuilding CXX object CMakeFiles/loki_msgs__rosidl_typesupport_fastrtps_cpp.dir/rosidl_typesupport_fastrtps_cpp/loki_msgs/srv/detail/dds_fastrtps/params__type_support.cpp.o[0m
[15.228s] [ 87%] [32mBuilding CXX object CMakeFiles/loki_msgs__rosidl_typesupport_fastrtps_cpp.dir/rosidl_typesupport_fastrtps_cpp/loki_msgs/srv/detail/dds_fastrtps/home_s__type_support.cpp.o[0m
[15.562s] [ 88%] [32m[1mLinking CXX shared library libloki_msgs__rosidl_typesupport_fastrtps_c.so[0m
[15.582s] [ 88%] [32m[1mLinking CXX shared library libloki_msgs__rosidl_typesupport_fastrtps_cpp.so[0m
[15.631s] [ 88%] Built target loki_msgs__rosidl_typesupport_fastrtps_c
[15.666s] [ 88%] Built target loki_msgs__rosidl_typesupport_fastrtps_cpp
[15.694s] [ 88%] Built target loki_msgs
[15.710s] [ 88%] [34m[1mGenerating Python code for ROS interfaces[0m
[19.213s] [ 88%] Built target loki_msgs__py
[19.230s] [ 88%] [32mBuilding C object CMakeFiles/loki_msgs__rosidl_generator_py.dir/rosidl_generator_py/loki_msgs/msg/_battery_array_s.c.o[0m
[19.230s] [ 88%] [32mBuilding C object CMakeFiles/loki_msgs__rosidl_generator_py.dir/rosidl_generator_py/loki_msgs/msg/_battery_alarms_s.c.o[0m
[19.231s] [ 88%] [32mBuilding C object CMakeFiles/loki_msgs__rosidl_generator_py.dir/rosidl_generator_py/loki_msgs/msg/_base_state_s.c.o[0m
[19.231s] [ 89%] [32mBuilding C object CMakeFiles/loki_msgs__rosidl_generator_py.dir/rosidl_generator_py/loki_msgs/msg/_controller_array_s.c.o[0m
[19.231s] [ 89%] [32mBuilding C object CMakeFiles/loki_msgs__rosidl_generator_py.dir/rosidl_generator_py/loki_msgs/msg/_controller_config_s.c.o[0m
[19.232s] [ 89%] [32mBuilding C object CMakeFiles/loki_msgs__rosidl_generator_py.dir/rosidl_generator_py/loki_msgs/msg/_can_frame_s.c.o[0m
[19.235s] [ 90%] [32mBuilding C object CMakeFiles/loki_msgs__rosidl_generator_py.dir/rosidl_generator_py/loki_msgs/msg/_battery_data_s.c.o[0m
[19.242s] [ 91%] [32mBuilding C object CMakeFiles/loki_msgs__rosidl_generator_py.dir/rosidl_generator_py/loki_msgs/msg/_thorvald_io_s.c.o[0m
[19.379s] [ 91%] [32mBuilding C object CMakeFiles/loki_msgs__rosidl_generator_py.dir/rosidl_generator_py/loki_msgs/msg/_controller_data_s.c.o[0m
[19.380s] [ 91%] [32mBuilding C object CMakeFiles/loki_msgs__rosidl_generator_py.dir/rosidl_generator_py/loki_msgs/msg/_controller_info_s.c.o[0m
[19.381s] [ 92%] [32mBuilding C object CMakeFiles/loki_msgs__rosidl_generator_py.dir/rosidl_generator_py/loki_msgs/msg/_controller_state_s.c.o[0m
[19.382s] [ 92%] [32mBuilding C object CMakeFiles/loki_msgs__rosidl_generator_py.dir/rosidl_generator_py/loki_msgs/msg/_drive_param_s.c.o[0m
[19.383s] [ 92%] [32mBuilding C object CMakeFiles/loki_msgs__rosidl_generator_py.dir/rosidl_generator_py/loki_msgs/msg/_enclosure_state_s.c.o[0m
[19.412s] [ 92%] [32mBuilding C object CMakeFiles/loki_msgs__rosidl_generator_py.dir/rosidl_generator_py/loki_msgs/msg/_io_array_s.c.o[0m
[19.450s] [ 93%] [32mBuilding C object CMakeFiles/loki_msgs__rosidl_generator_py.dir/rosidl_generator_py/loki_msgs/msg/_io_state_s.c.o[0m
[19.501s] [ 93%] [32mBuilding C object CMakeFiles/loki_msgs__rosidl_generator_py.dir/rosidl_generator_py/loki_msgs/msg/_motor_state_s.c.o[0m
[19.504s] [ 93%] [32mBuilding C object CMakeFiles/loki_msgs__rosidl_generator_py.dir/rosidl_generator_py/loki_msgs/msg/_controller_status_flag_s.c.o[0m
[19.512s] [ 94%] [32mBuilding C object CMakeFiles/loki_msgs__rosidl_generator_py.dir/rosidl_generator_py/loki_msgs/srv/_can_id_s.c.o[0m
[19.512s] [ 94%] [32mBuilding C object CMakeFiles/loki_msgs__rosidl_generator_py.dir/rosidl_generator_py/loki_msgs/srv/_digital_write_s.c.o[0m
[19.530s] [ 94%] [32mBuilding C object CMakeFiles/loki_msgs__rosidl_generator_py.dir/rosidl_generator_py/loki_msgs/srv/_drive_params_s.c.o[0m
[19.535s] [ 94%] [32mBuilding C object CMakeFiles/loki_msgs__rosidl_generator_py.dir/rosidl_generator_py/loki_msgs/srv/_motor_controller_setup_s.c.o[0m
[19.619s] [ 95%] [32mBuilding C object CMakeFiles/loki_msgs__rosidl_generator_py.dir/rosidl_generator_py/loki_msgs/srv/_switch_bool_s.c.o[0m
[19.621s] [ 95%] [32mBuilding C object CMakeFiles/loki_msgs__rosidl_generator_py.dir/rosidl_generator_py/loki_msgs/srv/_battery_vars_s.c.o[0m
[19.621s] [ 95%] [32mBuilding C object CMakeFiles/loki_msgs__rosidl_generator_py.dir/rosidl_generator_py/loki_msgs/srv/_cont_array_s.c.o[0m
[19.637s] [ 96%] [32mBuilding C object CMakeFiles/loki_msgs__rosidl_generator_py.dir/rosidl_generator_py/loki_msgs/srv/_cot_map_s.c.o[0m
[19.639s] [ 96%] [32mBuilding C object CMakeFiles/loki_msgs__rosidl_generator_py.dir/rosidl_generator_py/loki_msgs/srv/_device_cmds_s.c.o[0m
[19.662s] [ 96%] [32mBuilding C object CMakeFiles/loki_msgs__rosidl_generator_py.dir/rosidl_generator_py/loki_msgs/srv/_drive_cmds_s.c.o[0m
[19.669s] [ 96%] [32mBuilding C object CMakeFiles/loki_msgs__rosidl_generator_py.dir/rosidl_generator_py/loki_msgs/srv/_eval_can_buffer_s.c.o[0m
[19.740s] [ 97%] [32mBuilding C object CMakeFiles/loki_msgs__rosidl_generator_py.dir/rosidl_generator_py/loki_msgs/srv/_get_set_bool_s.c.o[0m
[19.745s] [ 97%] [32mBuilding C object CMakeFiles/loki_msgs__rosidl_generator_py.dir/rosidl_generator_py/loki_msgs/srv/_homesteering_all_s.c.o[0m
[19.755s] [ 97%] [32mBuilding C object CMakeFiles/loki_msgs__rosidl_generator_py.dir/rosidl_generator_py/loki_msgs/srv/_init_pltf_s.c.o[0m
[19.772s] [ 98%] [32mBuilding C object CMakeFiles/loki_msgs__rosidl_generator_py.dir/rosidl_generator_py/loki_msgs/srv/_mot_cot_s.c.o[0m
[19.779s] [ 98%] [32mBuilding C object CMakeFiles/loki_msgs__rosidl_generator_py.dir/rosidl_generator_py/loki_msgs/srv/_pos_zero_s.c.o[0m
[19.790s] [ 98%] [32mBuilding C object CMakeFiles/loki_msgs__rosidl_generator_py.dir/rosidl_generator_py/loki_msgs/srv/_pos_zero_all_s.c.o[0m
[19.799s] [ 99%] [32mBuilding C object CMakeFiles/loki_msgs__rosidl_generator_py.dir/rosidl_generator_py/loki_msgs/srv/_set_bools_s.c.o[0m
[19.851s] [ 99%] [32mBuilding C object CMakeFiles/loki_msgs__rosidl_generator_py.dir/rosidl_generator_py/loki_msgs/srv/_sim_drive_s.c.o[0m
[19.869s] [ 99%] [32mBuilding C object CMakeFiles/loki_msgs__rosidl_generator_py.dir/rosidl_generator_py/loki_msgs/srv/_state_base_s.c.o[0m
[19.874s] [ 99%] [32mBuilding C object CMakeFiles/loki_msgs__rosidl_generator_py.dir/rosidl_generator_py/loki_msgs/srv/_states_of_io_s.c.o[0m
[19.877s] [100%] [32mBuilding C object CMakeFiles/loki_msgs__rosidl_generator_py.dir/rosidl_generator_py/loki_msgs/srv/_params_s.c.o[0m
[19.897s] [100%] [32mBuilding C object CMakeFiles/loki_msgs__rosidl_generator_py.dir/rosidl_generator_py/loki_msgs/srv/_home_s_s.c.o[0m
[20.022s] [100%] [32m[1mLinking C shared library rosidl_generator_py/loki_msgs/libloki_msgs__rosidl_generator_py.so[0m
[20.062s] [100%] Built target loki_msgs__rosidl_generator_py
[20.076s] [100%] [32mBuilding C object CMakeFiles/loki_msgs__rosidl_typesupport_fastrtps_c__pyext.dir/rosidl_generator_py/loki_msgs/_loki_msgs_s.ep.rosidl_typesupport_fastrtps_c.c.o[0m
[20.076s] [100%] [32mBuilding C object CMakeFiles/loki_msgs__rosidl_typesupport_c__pyext.dir/rosidl_generator_py/loki_msgs/_loki_msgs_s.ep.rosidl_typesupport_c.c.o[0m
[20.076s] [100%] [32mBuilding C object CMakeFiles/loki_msgs__rosidl_typesupport_introspection_c__pyext.dir/rosidl_generator_py/loki_msgs/_loki_msgs_s.ep.rosidl_typesupport_introspection_c.c.o[0m
[20.283s] [100%] [32m[1mLinking C shared library rosidl_generator_py/loki_msgs/loki_msgs_s__rosidl_typesupport_c.cpython-310-x86_64-linux-gnu.so[0m
[20.283s] [100%] [32m[1mLinking C shared library rosidl_generator_py/loki_msgs/loki_msgs_s__rosidl_typesupport_introspection_c.cpython-310-x86_64-linux-gnu.so[0m
[20.316s] [100%] Built target loki_msgs__rosidl_typesupport_c__pyext
[20.316s] [100%] Built target loki_msgs__rosidl_typesupport_introspection_c__pyext
[20.485s] [100%] [32m[1mLinking C shared library rosidl_generator_py/loki_msgs/loki_msgs_s__rosidl_typesupport_fastrtps_c.cpython-310-x86_64-linux-gnu.so[0m
[20.516s] [100%] Built target loki_msgs__rosidl_typesupport_fastrtps_c__pyext
