[0.116s] Invoking command in '/home/odin/Documents/GitHub/saga_repo/build/loki_description': CMAKE_PREFIX_PATH=/opt/ros/humble /usr/bin/cmake /home/odin/Documents/GitHub/saga_repo/ros2_thor/src/loki/loki_description -DCMAKE_INSTALL_PREFIX=/home/odin/Documents/GitHub/saga_repo/install/loki_description
[0.308s] -- The C compiler identification is GNU 11.4.0
[0.308s] -- The CXX compiler identification is GNU 11.4.0
[0.309s] -- Detecting C compiler ABI info
[0.312s] -- Detecting C compiler ABI info - done
[0.317s] -- Check for working C compiler: /usr/bin/cc - skipped
[0.318s] -- Detecting C compile features
[0.318s] -- Detecting C compile features - done
[0.320s] -- Detecting CXX compiler ABI info
[0.418s] -- Detecting CXX compiler ABI info - done
[0.427s] -- Check for working CXX compiler: /usr/bin/c++ - skipped
[0.428s] -- Detecting CXX compile features
[0.428s] -- Detecting CXX compile features - done
[0.429s] -- Found ament_cmake: 1.3.5 (/opt/ros/humble/share/ament_cmake/cmake)
[0.559s] -- Found Python3: /usr/bin/python3.10 (found version "3.10.12") found components: Interpreter 
[0.643s] [31mCMake Error at CMakeLists.txt:6 (find_package):
[0.643s]   By not providing "Findcontroller_manager.cmake" in CMAKE_MODULE_PATH this
[0.643s]   project has asked CMake to find a package configuration file provided by
[0.644s]   "controller_manager", but CMake did not find one.
[0.644s] 
[0.644s]   Could not find a package configuration file provided by
[0.644s]   "controller_manager" with any of the following names:
[0.644s] 
[0.644s]     controller_managerConfig.cmake
[0.644s]     controller_manager-config.cmake
[0.644s] 
[0.644s]   Add the installation prefix of "controller_manager" to CMAKE_PREFIX_PATH or
[0.644s]   set "controller_manager_DIR" to a directory containing one of the above
[0.644s]   files.  If "controller_manager" provides a separate development package or
[0.644s]   SDK, be sure it has been installed.
[0.644s] 
[0.644s] [0m
[0.645s] -- Configuring incomplete, errors occurred!
[0.645s] See also "/home/odin/Documents/GitHub/saga_repo/build/loki_description/CMakeFiles/CMakeOutput.log".
[0.648s] Invoked command in '/home/odin/Documents/GitHub/saga_repo/build/loki_description' returned '1': CMAKE_PREFIX_PATH=/opt/ros/humble /usr/bin/cmake /home/odin/Documents/GitHub/saga_repo/ros2_thor/src/loki/loki_description -DCMAKE_INSTALL_PREFIX=/home/odin/Documents/GitHub/saga_repo/install/loki_description
