[0.009s] Invoking command in '/home/cairlab/twist_mux/build/twist_mux': CMAKE_PREFIX_PATH=/opt/ros/humble /usr/bin/cmake /home/cairlab/twist_mux -DCMAKE_INSTALL_PREFIX=/home/cairlab/twist_mux/install/twist_mux
[0.052s] -- The C compiler identification is GNU 11.3.0
[0.098s] -- The CXX compiler identification is GNU 11.3.0
[0.103s] -- Detecting C compiler ABI info
[0.160s] -- Detecting C compiler ABI info - done
[0.167s] -- Check for working C compiler: /usr/bin/cc - skipped
[0.167s] -- Detecting C compile features
[0.167s] -- Detecting C compile features - done
[0.170s] -- Detecting CXX compiler ABI info
[0.234s] -- Detecting CXX compiler ABI info - done
[0.240s] -- Check for working CXX compiler: /usr/bin/c++ - skipped
[0.240s] -- Detecting CXX compile features
[0.241s] -- Detecting CXX compile features - done
[0.242s] -- Found ament_cmake: 1.3.5 (/opt/ros/humble/share/ament_cmake/cmake)
[0.381s] -- Found Python3: /usr/bin/python3.10 (found version "3.10.6") found components: Interpreter 
[0.444s] -- Found rclcpp: 16.0.4 (/opt/ros/humble/share/rclcpp/cmake)
[0.477s] -- Found rosidl_generator_c: 3.1.4 (/opt/ros/humble/share/rosidl_generator_c/cmake)
[0.481s] -- Found rosidl_adapter: 3.1.4 (/opt/ros/humble/share/rosidl_adapter/cmake)
[0.488s] -- Found rosidl_generator_cpp: 3.1.4 (/opt/ros/humble/share/rosidl_generator_cpp/cmake)
[0.500s] -- Using all available rosidl_typesupport_c: rosidl_typesupport_fastrtps_c;rosidl_typesupport_introspection_c
[0.516s] -- Using all available rosidl_typesupport_cpp: rosidl_typesupport_fastrtps_cpp;rosidl_typesupport_introspection_cpp
[0.575s] -- Found rmw_implementation_cmake: 6.1.1 (/opt/ros/humble/share/rmw_implementation_cmake/cmake)
[0.576s] -- Found rmw_fastrtps_cpp: 6.2.2 (/opt/ros/humble/share/rmw_fastrtps_cpp/cmake)
[0.653s] -- Found OpenSSL: /usr/lib/x86_64-linux-gnu/libcrypto.so (found version "3.0.2")  
[0.674s] -- Found FastRTPS: /opt/ros/humble/include  
[0.713s] -- Using RMW implementation 'rmw_fastrtps_cpp' as default
[0.720s] -- Looking for pthread.h
[0.782s] -- Looking for pthread.h - found
[0.783s] -- Performing Test CMAKE_HAVE_LIBC_PTHREAD
[0.844s] -- Performing Test CMAKE_HAVE_LIBC_PTHREAD - Success
[0.845s] -- Found Threads: TRUE  
[0.987s] -- Found geometry_msgs: 4.2.3 (/opt/ros/humble/share/geometry_msgs/cmake)
[1.026s] -- Found visualization_msgs: 4.2.3 (/opt/ros/humble/share/visualization_msgs/cmake)
[1.231s] [31mCMake Error at CMakeLists.txt:18 (find_package):
[1.231s]   By not providing "Finddiagnostic_updater.cmake" in CMAKE_MODULE_PATH this
[1.231s]   project has asked CMake to find a package configuration file provided by
[1.231s]   "diagnostic_updater", but CMake did not find one.
[1.231s] 
[1.231s]   Could not find a package configuration file provided by
[1.232s]   "diagnostic_updater" with any of the following names:
[1.232s] 
[1.232s]     diagnostic_updaterConfig.cmake
[1.232s]     diagnostic_updater-config.cmake
[1.232s] 
[1.232s]   Add the installation prefix of "diagnostic_updater" to CMAKE_PREFIX_PATH or
[1.232s]   set "diagnostic_updater_DIR" to a directory containing one of the above
[1.232s]   files.  If "diagnostic_updater" provides a separate development package or
[1.232s]   SDK, be sure it has been installed.
[1.232s] 
[1.232s] [0m
[1.232s] -- Configuring incomplete, errors occurred!
[1.233s] See also "/home/cairlab/twist_mux/build/twist_mux/CMakeFiles/CMakeOutput.log".
[1.241s] Invoked command in '/home/cairlab/twist_mux/build/twist_mux' returned '1': CMAKE_PREFIX_PATH=/opt/ros/humble /usr/bin/cmake /home/cairlab/twist_mux -DCMAKE_INSTALL_PREFIX=/home/cairlab/twist_mux/install/twist_mux
