[0.026s] Invoking command in '/home/cairlab/Documents/GitHub/saga_repo/build/diagnostic_msgs': AMENT_PREFIX_PATH=/home/cairlab/Documents/GitHub/saga_repo/install/geometry_msgs:/home/cairlab/Documents/GitHub/saga_repo/install/std_msgs:${AMENT_PREFIX_PATH} CMAKE_PREFIX_PATH=/home/cairlab/Documents/GitHub/saga_repo/install/geometry_msgs:/home/cairlab/Documents/GitHub/saga_repo/install/std_msgs:/opt/ros/humble LD_LIBRARY_PATH=/home/cairlab/Documents/GitHub/saga_repo/install/geometry_msgs/lib:/home/cairlab/Documents/GitHub/saga_repo/install/std_msgs/lib:${LD_LIBRARY_PATH} PYTHONPATH=/home/cairlab/Documents/GitHub/saga_repo/install/geometry_msgs/local/lib/python3.10/dist-packages:/home/cairlab/Documents/GitHub/saga_repo/install/std_msgs/local/lib/python3.10/dist-packages:${PYTHONPATH} /usr/bin/cmake /home/cairlab/Documents/GitHub/saga_repo/ros2_thor/src/common_interfaces/diagnostic_msgs -DCMAKE_INSTALL_PREFIX=/home/cairlab/Documents/GitHub/saga_repo/install/diagnostic_msgs
[0.087s] -- The C compiler identification is GNU 11.4.0
[0.145s] -- The CXX compiler identification is GNU 11.4.0
[0.152s] -- Detecting C compiler ABI info
[0.216s] -- Detecting C compiler ABI info - done
[0.223s] -- Check for working C compiler: /usr/bin/cc - skipped
[0.224s] -- Detecting C compile features
[0.224s] -- Detecting C compile features - done
[0.228s] -- Detecting CXX compiler ABI info
[0.309s] -- Detecting CXX compiler ABI info - done
[0.321s] -- Check for working CXX compiler: /usr/bin/c++ - skipped
[0.322s] -- Detecting CXX compile features
[0.322s] -- Detecting CXX compile features - done
[0.326s] -- Found ament_cmake: 1.3.5 (/opt/ros/humble/share/ament_cmake/cmake)
[0.745s] -- Found Python3: /usr/bin/python3.10 (found version "3.10.12") found components: Interpreter 
[0.835s] -- Found rosidl_default_generators: 1.2.0 (/opt/ros/humble/share/rosidl_default_generators/cmake)
[0.838s] -- Using all available rosidl_typesupport_c: rosidl_typesupport_fastrtps_c;rosidl_typesupport_introspection_c
[0.844s] -- Found rosidl_adapter: 3.1.5 (/opt/ros/humble/share/rosidl_adapter/cmake)
[0.883s] -- Using all available rosidl_typesupport_cpp: rosidl_typesupport_fastrtps_cpp;rosidl_typesupport_introspection_cpp
[0.916s] -- Found std_msgs: 5.2.0 (/home/cairlab/Documents/GitHub/saga_repo/install/std_msgs/share/std_msgs/cmake)
[1.288s] -- Found ament_cmake_cppcheck: 0.12.7 (/opt/ros/humble/share/ament_cmake_cppcheck/cmake)
[1.292s] -- Found ament_cmake_cpplint: 0.12.7 (/opt/ros/humble/share/ament_cmake_cpplint/cmake)
[1.295s] -- Found ament_cmake_uncrustify: 0.12.7 (/opt/ros/humble/share/ament_cmake_uncrustify/cmake)
[1.299s] -- Found ament_cmake_ros: 0.10.0 (/opt/ros/humble/share/ament_cmake_ros/cmake)
[1.560s] -- Using all available rosidl_typesupport_c: rosidl_typesupport_fastrtps_c;rosidl_typesupport_introspection_c
[1.870s] -- Using all available rosidl_typesupport_cpp: rosidl_typesupport_fastrtps_cpp;rosidl_typesupport_introspection_cpp
[1.893s] -- Found PythonInterp: /usr/bin/python3 (found suitable version "3.10.12", minimum required is "3.6") 
[1.896s] -- Found python_cmake_module: 0.10.0 (/opt/ros/humble/share/python_cmake_module/cmake)
[1.919s] -- Found PythonLibs: /usr/lib/x86_64-linux-gnu/libpython3.10.so (found suitable version "3.10.12", minimum required is "3.5") 
[1.919s] -- Using PYTHON_EXECUTABLE: /usr/bin/python3
[1.919s] -- Using PYTHON_INCLUDE_DIRS: /usr/include/python3.10
[1.919s] -- Using PYTHON_LIBRARIES: /usr/lib/x86_64-linux-gnu/libpython3.10.so
[1.939s] -- Found PythonExtra: .so  
[2.006s] -- Found ament_cmake_flake8: 0.12.7 (/opt/ros/humble/share/ament_cmake_flake8/cmake)
[2.009s] -- Found ament_cmake_pep257: 0.12.7 (/opt/ros/humble/share/ament_cmake_pep257/cmake)
[2.016s] -- Configuring done
[2.062s] -- Generating done
[2.064s] -- Build files have been written to: /home/cairlab/Documents/GitHub/saga_repo/build/diagnostic_msgs
[2.071s] Invoked command in '/home/cairlab/Documents/GitHub/saga_repo/build/diagnostic_msgs' returned '0': AMENT_PREFIX_PATH=/home/cairlab/Documents/GitHub/saga_repo/install/geometry_msgs:/home/cairlab/Documents/GitHub/saga_repo/install/std_msgs:${AMENT_PREFIX_PATH} CMAKE_PREFIX_PATH=/home/cairlab/Documents/GitHub/saga_repo/install/geometry_msgs:/home/cairlab/Documents/GitHub/saga_repo/install/std_msgs:/opt/ros/humble LD_LIBRARY_PATH=/home/cairlab/Documents/GitHub/saga_repo/install/geometry_msgs/lib:/home/cairlab/Documents/GitHub/saga_repo/install/std_msgs/lib:${LD_LIBRARY_PATH} PYTHONPATH=/home/cairlab/Documents/GitHub/saga_repo/install/geometry_msgs/local/lib/python3.10/dist-packages:/home/cairlab/Documents/GitHub/saga_repo/install/std_msgs/local/lib/python3.10/dist-packages:${PYTHONPATH} /usr/bin/cmake /home/cairlab/Documents/GitHub/saga_repo/ros2_thor/src/common_interfaces/diagnostic_msgs -DCMAKE_INSTALL_PREFIX=/home/cairlab/Documents/GitHub/saga_repo/install/diagnostic_msgs
[2.073s] Invoking command in '/home/cairlab/Documents/GitHub/saga_repo/build/diagnostic_msgs': AMENT_PREFIX_PATH=/home/cairlab/Documents/GitHub/saga_repo/install/geometry_msgs:/home/cairlab/Documents/GitHub/saga_repo/install/std_msgs:${AMENT_PREFIX_PATH} CMAKE_PREFIX_PATH=/home/cairlab/Documents/GitHub/saga_repo/install/geometry_msgs:/home/cairlab/Documents/GitHub/saga_repo/install/std_msgs:/opt/ros/humble LD_LIBRARY_PATH=/home/cairlab/Documents/GitHub/saga_repo/install/geometry_msgs/lib:/home/cairlab/Documents/GitHub/saga_repo/install/std_msgs/lib:${LD_LIBRARY_PATH} PYTHONPATH=/home/cairlab/Documents/GitHub/saga_repo/install/geometry_msgs/local/lib/python3.10/dist-packages:/home/cairlab/Documents/GitHub/saga_repo/install/std_msgs/local/lib/python3.10/dist-packages:${PYTHONPATH} /usr/bin/cmake --build /home/cairlab/Documents/GitHub/saga_repo/build/diagnostic_msgs -- -j12 -l12
[2.119s] [  1%] [34m[1mGenerating C code for ROS interfaces[0m
[2.130s] [  3%] [34m[1mGenerating C++ code for ROS interfaces[0m
[2.141s] [  3%] Built target ament_cmake_python_copy_diagnostic_msgs
[2.377s] running egg_info
[2.378s] creating diagnostic_msgs.egg-info
[2.394s] writing diagnostic_msgs.egg-info/PKG-INFO
[2.394s] writing dependency_links to diagnostic_msgs.egg-info/dependency_links.txt
[2.394s] writing top-level names to diagnostic_msgs.egg-info/top_level.txt
[2.394s] writing manifest file 'diagnostic_msgs.egg-info/SOURCES.txt'
[2.447s] reading manifest file 'diagnostic_msgs.egg-info/SOURCES.txt'
[2.448s] writing manifest file 'diagnostic_msgs.egg-info/SOURCES.txt'
[2.495s] [  3%] Built target ament_cmake_python_build_diagnostic_msgs_egg
[3.285s] [  3%] Built target diagnostic_msgs__cpp
[3.306s] [  4%] [34m[1mGenerating C++ type support dispatch for ROS interfaces[0m
[3.317s] [  6%] [34m[1mGenerating C++ type support for eProsima Fast-RTPS[0m
[3.317s] [  7%] [34m[1mGenerating C++ introspection for ROS interfaces[0m
[3.348s] [ 11%] [32mBuilding C object CMakeFiles/diagnostic_msgs__rosidl_generator_c.dir/rosidl_generator_c/diagnostic_msgs/msg/detail/diagnostic_array__functions.c.o[0m
[3.348s] [ 11%] [32mBuilding C object CMakeFiles/diagnostic_msgs__rosidl_generator_c.dir/rosidl_generator_c/diagnostic_msgs/msg/detail/diagnostic_status__functions.c.o[0m
[3.366s] [ 12%] [32mBuilding C object CMakeFiles/diagnostic_msgs__rosidl_generator_c.dir/rosidl_generator_c/diagnostic_msgs/msg/detail/key_value__functions.c.o[0m
[3.411s] [ 14%] [32mBuilding C object CMakeFiles/diagnostic_msgs__rosidl_generator_c.dir/rosidl_generator_c/diagnostic_msgs/srv/detail/add_diagnostics__functions.c.o[0m
[3.431s] [ 15%] [32mBuilding C object CMakeFiles/diagnostic_msgs__rosidl_generator_c.dir/rosidl_generator_c/diagnostic_msgs/srv/detail/self_test__functions.c.o[0m
[3.575s] [ 17%] [32m[1mLinking C shared library libdiagnostic_msgs__rosidl_generator_c.so[0m
[3.704s] [ 17%] Built target diagnostic_msgs__rosidl_generator_c
[3.745s] [ 19%] [34m[1mGenerating C type support for eProsima Fast-RTPS[0m
[3.749s] [ 20%] [34m[1mGenerating C introspection for ROS interfaces[0m
[3.766s] [ 22%] [34m[1mGenerating C type support dispatch for ROS interfaces[0m
[4.807s] [ 23%] [32mBuilding CXX object CMakeFiles/diagnostic_msgs__rosidl_typesupport_cpp.dir/rosidl_typesupport_cpp/diagnostic_msgs/msg/diagnostic_array__type_support.cpp.o[0m
[4.829s] [ 25%] [32mBuilding CXX object CMakeFiles/diagnostic_msgs__rosidl_typesupport_cpp.dir/rosidl_typesupport_cpp/diagnostic_msgs/msg/key_value__type_support.cpp.o[0m
[4.837s] [ 26%] [32mBuilding CXX object CMakeFiles/diagnostic_msgs__rosidl_typesupport_introspection_cpp.dir/rosidl_typesupport_introspection_cpp/diagnostic_msgs/msg/detail/diagnostic_array__type_support.cpp.o[0m
[4.855s] [ 28%] [32mBuilding CXX object CMakeFiles/diagnostic_msgs__rosidl_typesupport_cpp.dir/rosidl_typesupport_cpp/diagnostic_msgs/srv/add_diagnostics__type_support.cpp.o[0m
[4.867s] [ 31%] [32mBuilding CXX object CMakeFiles/diagnostic_msgs__rosidl_typesupport_cpp.dir/rosidl_typesupport_cpp/diagnostic_msgs/msg/diagnostic_status__type_support.cpp.o[0m
[4.867s] [ 30%] [32mBuilding CXX object CMakeFiles/diagnostic_msgs__rosidl_typesupport_introspection_cpp.dir/rosidl_typesupport_introspection_cpp/diagnostic_msgs/msg/detail/key_value__type_support.cpp.o[0m
[4.868s] [ 34%] [32mBuilding CXX object CMakeFiles/diagnostic_msgs__rosidl_typesupport_cpp.dir/rosidl_typesupport_cpp/diagnostic_msgs/srv/self_test__type_support.cpp.o[0m
[4.870s] [ 33%] [32mBuilding CXX object CMakeFiles/diagnostic_msgs__rosidl_typesupport_introspection_cpp.dir/rosidl_typesupport_introspection_cpp/diagnostic_msgs/msg/detail/diagnostic_status__type_support.cpp.o[0m
[5.843s] [ 36%] [32mBuilding CXX object CMakeFiles/diagnostic_msgs__rosidl_typesupport_fastrtps_cpp.dir/rosidl_typesupport_fastrtps_cpp/diagnostic_msgs/msg/detail/dds_fastrtps/diagnostic_array__type_support.cpp.o[0m
[6.177s] [ 38%] [32mBuilding C object CMakeFiles/diagnostic_msgs__rosidl_typesupport_introspection_c.dir/rosidl_typesupport_introspection_c/diagnostic_msgs/msg/detail/diagnostic_array__type_support.c.o[0m
[6.337s] [ 39%] [32mBuilding C object CMakeFiles/diagnostic_msgs__rosidl_typesupport_introspection_c.dir/rosidl_typesupport_introspection_c/diagnostic_msgs/msg/detail/diagnostic_status__type_support.c.o[0m
[6.370s] [ 41%] [32mBuilding C object CMakeFiles/diagnostic_msgs__rosidl_typesupport_introspection_c.dir/rosidl_typesupport_introspection_c/diagnostic_msgs/msg/detail/key_value__type_support.c.o[0m
[6.448s] [ 42%] [32mBuilding C object CMakeFiles/diagnostic_msgs__rosidl_typesupport_introspection_c.dir/rosidl_typesupport_introspection_c/diagnostic_msgs/srv/detail/add_diagnostics__type_support.c.o[0m
[6.484s] [ 44%] [32mBuilding C object CMakeFiles/diagnostic_msgs__rosidl_typesupport_introspection_c.dir/rosidl_typesupport_introspection_c/diagnostic_msgs/srv/detail/self_test__type_support.c.o[0m
[6.538s] [ 46%] [32mBuilding CXX object CMakeFiles/diagnostic_msgs__rosidl_typesupport_fastrtps_cpp.dir/rosidl_typesupport_fastrtps_cpp/diagnostic_msgs/msg/detail/dds_fastrtps/diagnostic_status__type_support.cpp.o[0m
[6.648s] [ 47%] [32mBuilding CXX object CMakeFiles/diagnostic_msgs__rosidl_typesupport_introspection_cpp.dir/rosidl_typesupport_introspection_cpp/diagnostic_msgs/srv/detail/add_diagnostics__type_support.cpp.o[0m
[6.656s] [ 50%] [32mBuilding CXX object CMakeFiles/diagnostic_msgs__rosidl_typesupport_fastrtps_cpp.dir/rosidl_typesupport_fastrtps_cpp/diagnostic_msgs/msg/detail/dds_fastrtps/key_value__type_support.cpp.o[0m
[6.664s] [ 50%] [32mBuilding CXX object CMakeFiles/diagnostic_msgs__rosidl_typesupport_fastrtps_cpp.dir/rosidl_typesupport_fastrtps_cpp/diagnostic_msgs/srv/detail/dds_fastrtps/add_diagnostics__type_support.cpp.o[0m
[6.760s] [ 52%] [32m[1mLinking C shared library libdiagnostic_msgs__rosidl_typesupport_introspection_c.so[0m
[6.785s] [ 53%] [32mBuilding CXX object CMakeFiles/diagnostic_msgs__rosidl_typesupport_introspection_cpp.dir/rosidl_typesupport_introspection_cpp/diagnostic_msgs/srv/detail/self_test__type_support.cpp.o[0m
[6.909s] [ 55%] [32m[1mLinking CXX shared library libdiagnostic_msgs__rosidl_typesupport_cpp.so[0m
[7.029s] [ 55%] Built target diagnostic_msgs__rosidl_typesupport_introspection_c
[7.141s] [ 57%] [32mBuilding CXX object CMakeFiles/diagnostic_msgs__rosidl_typesupport_fastrtps_cpp.dir/rosidl_typesupport_fastrtps_cpp/diagnostic_msgs/srv/detail/dds_fastrtps/self_test__type_support.cpp.o[0m
[7.248s] [ 57%] Built target diagnostic_msgs__rosidl_typesupport_cpp
[7.286s] [ 58%] [32mBuilding CXX object CMakeFiles/diagnostic_msgs__rosidl_typesupport_c.dir/rosidl_typesupport_c/diagnostic_msgs/msg/diagnostic_array__type_support.cpp.o[0m
[7.314s] [ 60%] [32mBuilding CXX object CMakeFiles/diagnostic_msgs__rosidl_typesupport_c.dir/rosidl_typesupport_c/diagnostic_msgs/msg/diagnostic_status__type_support.cpp.o[0m
[7.467s] [ 61%] [32mBuilding CXX object CMakeFiles/diagnostic_msgs__rosidl_typesupport_c.dir/rosidl_typesupport_c/diagnostic_msgs/msg/key_value__type_support.cpp.o[0m
[7.540s] [ 63%] [32mBuilding CXX object CMakeFiles/diagnostic_msgs__rosidl_typesupport_c.dir/rosidl_typesupport_c/diagnostic_msgs/srv/add_diagnostics__type_support.cpp.o[0m
[7.571s] [ 65%] [32mBuilding CXX object CMakeFiles/diagnostic_msgs__rosidl_typesupport_c.dir/rosidl_typesupport_c/diagnostic_msgs/srv/self_test__type_support.cpp.o[0m
[7.660s] [ 66%] [32mBuilding CXX object CMakeFiles/diagnostic_msgs__rosidl_typesupport_fastrtps_c.dir/rosidl_typesupport_fastrtps_c/diagnostic_msgs/msg/detail/diagnostic_array__type_support_c.cpp.o[0m
[7.717s] [ 68%] [32mBuilding CXX object CMakeFiles/diagnostic_msgs__rosidl_typesupport_fastrtps_c.dir/rosidl_typesupport_fastrtps_c/diagnostic_msgs/msg/detail/diagnostic_status__type_support_c.cpp.o[0m
[7.721s] [ 69%] [32mBuilding CXX object CMakeFiles/diagnostic_msgs__rosidl_typesupport_fastrtps_c.dir/rosidl_typesupport_fastrtps_c/diagnostic_msgs/msg/detail/key_value__type_support_c.cpp.o[0m
[7.777s] [ 71%] [32mBuilding CXX object CMakeFiles/diagnostic_msgs__rosidl_typesupport_fastrtps_c.dir/rosidl_typesupport_fastrtps_c/diagnostic_msgs/srv/detail/add_diagnostics__type_support_c.cpp.o[0m
[7.800s] [ 73%] [32m[1mLinking CXX shared library libdiagnostic_msgs__rosidl_typesupport_c.so[0m
[7.805s] [ 74%] [32mBuilding CXX object CMakeFiles/diagnostic_msgs__rosidl_typesupport_fastrtps_c.dir/rosidl_typesupport_fastrtps_c/diagnostic_msgs/srv/detail/self_test__type_support_c.cpp.o[0m
[8.098s] [ 74%] Built target diagnostic_msgs__rosidl_typesupport_c
[9.539s] [ 76%] [32m[1mLinking CXX shared library libdiagnostic_msgs__rosidl_typesupport_fastrtps_cpp.so[0m
[10.084s] [ 77%] [32m[1mLinking CXX shared library libdiagnostic_msgs__rosidl_typesupport_introspection_cpp.so[0m
[10.135s] [ 77%] Built target diagnostic_msgs__rosidl_typesupport_fastrtps_cpp
[10.376s] [ 77%] Built target diagnostic_msgs__rosidl_typesupport_introspection_cpp
[10.404s] [ 79%] [32m[1mLinking CXX shared library libdiagnostic_msgs__rosidl_typesupport_fastrtps_c.so[0m
[10.572s] [ 79%] Built target diagnostic_msgs__rosidl_typesupport_fastrtps_c
[10.733s] [ 79%] Built target diagnostic_msgs
[10.893s] [ 80%] [34m[1mGenerating Python code for ROS interfaces[0m
[13.836s] [ 80%] Built target diagnostic_msgs__py
[13.877s] [ 82%] [32mBuilding C object CMakeFiles/diagnostic_msgs__rosidl_generator_py.dir/rosidl_generator_py/diagnostic_msgs/msg/_diagnostic_status_s.c.o[0m
[13.883s] [ 84%] [32mBuilding C object CMakeFiles/diagnostic_msgs__rosidl_generator_py.dir/rosidl_generator_py/diagnostic_msgs/msg/_diagnostic_array_s.c.o[0m
[13.905s] [ 85%] [32mBuilding C object CMakeFiles/diagnostic_msgs__rosidl_generator_py.dir/rosidl_generator_py/diagnostic_msgs/srv/_self_test_s.c.o[0m
[13.916s] [ 87%] [32mBuilding C object CMakeFiles/diagnostic_msgs__rosidl_generator_py.dir/rosidl_generator_py/diagnostic_msgs/srv/_add_diagnostics_s.c.o[0m
[13.916s] [ 88%] [32mBuilding C object CMakeFiles/diagnostic_msgs__rosidl_generator_py.dir/rosidl_generator_py/diagnostic_msgs/msg/_key_value_s.c.o[0m
[14.125s] [ 90%] [32m[1mLinking C shared library rosidl_generator_py/diagnostic_msgs/libdiagnostic_msgs__rosidl_generator_py.so[0m
[14.184s] [ 90%] Built target diagnostic_msgs__rosidl_generator_py
[14.218s] [ 92%] [32mBuilding C object CMakeFiles/diagnostic_msgs__rosidl_typesupport_introspection_c__pyext.dir/rosidl_generator_py/diagnostic_msgs/_diagnostic_msgs_s.ep.rosidl_typesupport_introspection_c.c.o[0m
[14.228s] [ 93%] [32mBuilding C object CMakeFiles/diagnostic_msgs__rosidl_typesupport_fastrtps_c__pyext.dir/rosidl_generator_py/diagnostic_msgs/_diagnostic_msgs_s.ep.rosidl_typesupport_fastrtps_c.c.o[0m
[14.240s] [ 95%] [32mBuilding C object CMakeFiles/diagnostic_msgs__rosidl_typesupport_c__pyext.dir/rosidl_generator_py/diagnostic_msgs/_diagnostic_msgs_s.ep.rosidl_typesupport_c.c.o[0m
[14.414s] [ 96%] [32m[1mLinking C shared library rosidl_generator_py/diagnostic_msgs/diagnostic_msgs_s__rosidl_typesupport_fastrtps_c.cpython-310-x86_64-linux-gnu.so[0m
[14.416s] [ 98%] [32m[1mLinking C shared library rosidl_generator_py/diagnostic_msgs/diagnostic_msgs_s__rosidl_typesupport_introspection_c.cpython-310-x86_64-linux-gnu.so[0m
[14.421s] [100%] [32m[1mLinking C shared library rosidl_generator_py/diagnostic_msgs/diagnostic_msgs_s__rosidl_typesupport_c.cpython-310-x86_64-linux-gnu.so[0m
[14.473s] [100%] Built target diagnostic_msgs__rosidl_typesupport_introspection_c__pyext
[14.475s] [100%] Built target diagnostic_msgs__rosidl_typesupport_fastrtps_c__pyext
[14.475s] [100%] Built target diagnostic_msgs__rosidl_typesupport_c__pyext
[14.488s] Invoked command in '/home/cairlab/Documents/GitHub/saga_repo/build/diagnostic_msgs' returned '0': AMENT_PREFIX_PATH=/home/cairlab/Documents/GitHub/saga_repo/install/geometry_msgs:/home/cairlab/Documents/GitHub/saga_repo/install/std_msgs:${AMENT_PREFIX_PATH} CMAKE_PREFIX_PATH=/home/cairlab/Documents/GitHub/saga_repo/install/geometry_msgs:/home/cairlab/Documents/GitHub/saga_repo/install/std_msgs:/opt/ros/humble LD_LIBRARY_PATH=/home/cairlab/Documents/GitHub/saga_repo/install/geometry_msgs/lib:/home/cairlab/Documents/GitHub/saga_repo/install/std_msgs/lib:${LD_LIBRARY_PATH} PYTHONPATH=/home/cairlab/Documents/GitHub/saga_repo/install/geometry_msgs/local/lib/python3.10/dist-packages:/home/cairlab/Documents/GitHub/saga_repo/install/std_msgs/local/lib/python3.10/dist-packages:${PYTHONPATH} /usr/bin/cmake --build /home/cairlab/Documents/GitHub/saga_repo/build/diagnostic_msgs -- -j12 -l12
[14.632s] Invoking command in '/home/cairlab/Documents/GitHub/saga_repo/build/diagnostic_msgs': AMENT_PREFIX_PATH=/home/cairlab/Documents/GitHub/saga_repo/install/geometry_msgs:/home/cairlab/Documents/GitHub/saga_repo/install/std_msgs:${AMENT_PREFIX_PATH} CMAKE_PREFIX_PATH=/home/cairlab/Documents/GitHub/saga_repo/install/geometry_msgs:/home/cairlab/Documents/GitHub/saga_repo/install/std_msgs:/opt/ros/humble LD_LIBRARY_PATH=/home/cairlab/Documents/GitHub/saga_repo/install/geometry_msgs/lib:/home/cairlab/Documents/GitHub/saga_repo/install/std_msgs/lib:${LD_LIBRARY_PATH} PYTHONPATH=/home/cairlab/Documents/GitHub/saga_repo/install/geometry_msgs/local/lib/python3.10/dist-packages:/home/cairlab/Documents/GitHub/saga_repo/install/std_msgs/local/lib/python3.10/dist-packages:${PYTHONPATH} /usr/bin/cmake --install /home/cairlab/Documents/GitHub/saga_repo/build/diagnostic_msgs
[14.636s] -- Install configuration: ""
[14.636s] -- Installing: /home/cairlab/Documents/GitHub/saga_repo/install/diagnostic_msgs/share/ament_index/resource_index/rosidl_interfaces/diagnostic_msgs
[14.637s] -- Installing: /home/cairlab/Documents/GitHub/saga_repo/install/diagnostic_msgs/include/diagnostic_msgs/diagnostic_msgs
[14.637s] -- Installing: /home/cairlab/Documents/GitHub/saga_repo/install/diagnostic_msgs/include/diagnostic_msgs/diagnostic_msgs/srv
[14.637s] -- Installing: /home/cairlab/Documents/GitHub/saga_repo/install/diagnostic_msgs/include/diagnostic_msgs/diagnostic_msgs/srv/self_test.h
[14.637s] -- Installing: /home/cairlab/Documents/GitHub/saga_repo/install/diagnostic_msgs/include/diagnostic_msgs/diagnostic_msgs/srv/add_diagnostics.h
[14.638s] -- Installing: /home/cairlab/Documents/GitHub/saga_repo/install/diagnostic_msgs/include/diagnostic_msgs/diagnostic_msgs/srv/detail
[14.638s] -- Installing: /home/cairlab/Documents/GitHub/saga_repo/install/diagnostic_msgs/include/diagnostic_msgs/diagnostic_msgs/srv/detail/add_diagnostics__type_support.h
[14.638s] -- Installing: /home/cairlab/Documents/GitHub/saga_repo/install/diagnostic_msgs/include/diagnostic_msgs/diagnostic_msgs/srv/detail/self_test__functions.c
[14.638s] -- Installing: /home/cairlab/Documents/GitHub/saga_repo/install/diagnostic_msgs/include/diagnostic_msgs/diagnostic_msgs/srv/detail/add_diagnostics__functions.c
[14.640s] -- Installing: /home/cairlab/Documents/GitHub/saga_repo/install/diagnostic_msgs/include/diagnostic_msgs/diagnostic_msgs/srv/detail/self_test__struct.h
[14.640s] -- Installing: /home/cairlab/Documents/GitHub/saga_repo/install/diagnostic_msgs/include/diagnostic_msgs/diagnostic_msgs/srv/detail/self_test__functions.h
[14.640s] -- Installing: /home/cairlab/Documents/GitHub/saga_repo/install/diagnostic_msgs/include/diagnostic_msgs/diagnostic_msgs/srv/detail/self_test__type_support.h
[14.641s] -- Installing: /home/cairlab/Documents/GitHub/saga_repo/install/diagnostic_msgs/include/diagnostic_msgs/diagnostic_msgs/srv/detail/add_diagnostics__struct.h
[14.641s] -- Installing: /home/cairlab/Documents/GitHub/saga_repo/install/diagnostic_msgs/include/diagnostic_msgs/diagnostic_msgs/srv/detail/add_diagnostics__functions.h
[14.641s] -- Installing: /home/cairlab/Documents/GitHub/saga_repo/install/diagnostic_msgs/include/diagnostic_msgs/diagnostic_msgs/msg
[14.641s] -- Installing: /home/cairlab/Documents/GitHub/saga_repo/install/diagnostic_msgs/include/diagnostic_msgs/diagnostic_msgs/msg/diagnostic_status.h
[14.642s] -- Installing: /home/cairlab/Documents/GitHub/saga_repo/install/diagnostic_msgs/include/diagnostic_msgs/diagnostic_msgs/msg/rosidl_generator_c__visibility_control.h
[14.642s] -- Installing: /home/cairlab/Documents/GitHub/saga_repo/install/diagnostic_msgs/include/diagnostic_msgs/diagnostic_msgs/msg/key_value.h
[14.642s] -- Installing: /home/cairlab/Documents/GitHub/saga_repo/install/diagnostic_msgs/include/diagnostic_msgs/diagnostic_msgs/msg/diagnostic_array.h
[14.642s] -- Installing: /home/cairlab/Documents/GitHub/saga_repo/install/diagnostic_msgs/include/diagnostic_msgs/diagnostic_msgs/msg/detail
[14.643s] -- Installing: /home/cairlab/Documents/GitHub/saga_repo/install/diagnostic_msgs/include/diagnostic_msgs/diagnostic_msgs/msg/detail/key_value__struct.h
[14.646s] -- Installing: /home/cairlab/Documents/GitHub/saga_repo/install/diagnostic_msgs/include/diagnostic_msgs/diagnostic_msgs/msg/detail/diagnostic_status__functions.c
[14.647s] -- Installing: /home/cairlab/Documents/GitHub/saga_repo/install/diagnostic_msgs/include/diagnostic_msgs/diagnostic_msgs/msg/detail/key_value__type_support.h
[14.647s] -- Installing: /home/cairlab/Documents/GitHub/saga_repo/install/diagnostic_msgs/include/diagnostic_msgs/diagnostic_msgs/msg/detail/diagnostic_array__functions.c
[14.647s] -- Installing: /home/cairlab/Documents/GitHub/saga_repo/install/diagnostic_msgs/include/diagnostic_msgs/diagnostic_msgs/msg/detail/diagnostic_status__functions.h
[14.647s] -- Installing: /home/cairlab/Documents/GitHub/saga_repo/install/diagnostic_msgs/include/diagnostic_msgs/diagnostic_msgs/msg/detail/key_value__functions.c
[14.647s] -- Installing: /home/cairlab/Documents/GitHub/saga_repo/install/diagnostic_msgs/include/diagnostic_msgs/diagnostic_msgs/msg/detail/diagnostic_status__struct.h
[14.647s] -- Installing: /home/cairlab/Documents/GitHub/saga_repo/install/diagnostic_msgs/include/diagnostic_msgs/diagnostic_msgs/msg/detail/key_value__functions.h
[14.647s] -- Installing: /home/cairlab/Documents/GitHub/saga_repo/install/diagnostic_msgs/include/diagnostic_msgs/diagnostic_msgs/msg/detail/diagnostic_array__type_support.h
[14.647s] -- Installing: /home/cairlab/Documents/GitHub/saga_repo/install/diagnostic_msgs/include/diagnostic_msgs/diagnostic_msgs/msg/detail/diagnostic_array__struct.h
[14.648s] -- Installing: /home/cairlab/Documents/GitHub/saga_repo/install/diagnostic_msgs/include/diagnostic_msgs/diagnostic_msgs/msg/detail/diagnostic_array__functions.h
[14.648s] -- Installing: /home/cairlab/Documents/GitHub/saga_repo/install/diagnostic_msgs/include/diagnostic_msgs/diagnostic_msgs/msg/detail/diagnostic_status__type_support.h
[14.648s] -- Installing: /home/cairlab/Documents/GitHub/saga_repo/install/diagnostic_msgs/share/diagnostic_msgs/environment/library_path.sh
[14.648s] -- Installing: /home/cairlab/Documents/GitHub/saga_repo/install/diagnostic_msgs/share/diagnostic_msgs/environment/library_path.dsv
[14.648s] -- Installing: /home/cairlab/Documents/GitHub/saga_repo/install/diagnostic_msgs/lib/libdiagnostic_msgs__rosidl_generator_c.so
[14.649s] -- Set runtime path of "/home/cairlab/Documents/GitHub/saga_repo/install/diagnostic_msgs/lib/libdiagnostic_msgs__rosidl_generator_c.so" to ""
[14.649s] -- Up-to-date: /home/cairlab/Documents/GitHub/saga_repo/install/diagnostic_msgs/include/diagnostic_msgs/diagnostic_msgs
[14.649s] -- Up-to-date: /home/cairlab/Documents/GitHub/saga_repo/install/diagnostic_msgs/include/diagnostic_msgs/diagnostic_msgs/srv
[14.649s] -- Up-to-date: /home/cairlab/Documents/GitHub/saga_repo/install/diagnostic_msgs/include/diagnostic_msgs/diagnostic_msgs/srv/detail
[14.650s] -- Installing: /home/cairlab/Documents/GitHub/saga_repo/install/diagnostic_msgs/include/diagnostic_msgs/diagnostic_msgs/srv/detail/add_diagnostics__rosidl_typesupport_fastrtps_c.h
[14.650s] -- Installing: /home/cairlab/Documents/GitHub/saga_repo/install/diagnostic_msgs/include/diagnostic_msgs/diagnostic_msgs/srv/detail/self_test__rosidl_typesupport_fastrtps_c.h
[14.650s] -- Up-to-date: /home/cairlab/Documents/GitHub/saga_repo/install/diagnostic_msgs/include/diagnostic_msgs/diagnostic_msgs/msg
[14.651s] -- Installing: /home/cairlab/Documents/GitHub/saga_repo/install/diagnostic_msgs/include/diagnostic_msgs/diagnostic_msgs/msg/rosidl_typesupport_fastrtps_c__visibility_control.h
[14.651s] -- Up-to-date: /home/cairlab/Documents/GitHub/saga_repo/install/diagnostic_msgs/include/diagnostic_msgs/diagnostic_msgs/msg/detail
[14.651s] -- Installing: /home/cairlab/Documents/GitHub/saga_repo/install/diagnostic_msgs/include/diagnostic_msgs/diagnostic_msgs/msg/detail/key_value__rosidl_typesupport_fastrtps_c.h
[14.651s] -- Installing: /home/cairlab/Documents/GitHub/saga_repo/install/diagnostic_msgs/include/diagnostic_msgs/diagnostic_msgs/msg/detail/diagnostic_status__rosidl_typesupport_fastrtps_c.h
[14.652s] -- Installing: /home/cairlab/Documents/GitHub/saga_repo/install/diagnostic_msgs/include/diagnostic_msgs/diagnostic_msgs/msg/detail/diagnostic_array__rosidl_typesupport_fastrtps_c.h
[14.652s] -- Installing: /home/cairlab/Documents/GitHub/saga_repo/install/diagnostic_msgs/lib/libdiagnostic_msgs__rosidl_typesupport_fastrtps_c.so
[14.652s] -- Set runtime path of "/home/cairlab/Documents/GitHub/saga_repo/install/diagnostic_msgs/lib/libdiagnostic_msgs__rosidl_typesupport_fastrtps_c.so" to ""
[14.652s] -- Up-to-date: /home/cairlab/Documents/GitHub/saga_repo/install/diagnostic_msgs/include/diagnostic_msgs/diagnostic_msgs
[14.653s] -- Up-to-date: /home/cairlab/Documents/GitHub/saga_repo/install/diagnostic_msgs/include/diagnostic_msgs/diagnostic_msgs/srv
[14.654s] -- Up-to-date: /home/cairlab/Documents/GitHub/saga_repo/install/diagnostic_msgs/include/diagnostic_msgs/diagnostic_msgs/srv/detail
[14.655s] -- Installing: /home/cairlab/Documents/GitHub/saga_repo/install/diagnostic_msgs/include/diagnostic_msgs/diagnostic_msgs/srv/detail/add_diagnostics__rosidl_typesupport_introspection_c.h
[14.655s] -- Installing: /home/cairlab/Documents/GitHub/saga_repo/install/diagnostic_msgs/include/diagnostic_msgs/diagnostic_msgs/srv/detail/self_test__type_support.c
[14.655s] -- Installing: /home/cairlab/Documents/GitHub/saga_repo/install/diagnostic_msgs/include/diagnostic_msgs/diagnostic_msgs/srv/detail/add_diagnostics__type_support.c
[14.655s] -- Installing: /home/cairlab/Documents/GitHub/saga_repo/install/diagnostic_msgs/include/diagnostic_msgs/diagnostic_msgs/srv/detail/self_test__rosidl_typesupport_introspection_c.h
[14.655s] -- Up-to-date: /home/cairlab/Documents/GitHub/saga_repo/install/diagnostic_msgs/include/diagnostic_msgs/diagnostic_msgs/msg
[14.655s] -- Installing: /home/cairlab/Documents/GitHub/saga_repo/install/diagnostic_msgs/include/diagnostic_msgs/diagnostic_msgs/msg/rosidl_typesupport_introspection_c__visibility_control.h
[14.656s] -- Up-to-date: /home/cairlab/Documents/GitHub/saga_repo/install/diagnostic_msgs/include/diagnostic_msgs/diagnostic_msgs/msg/detail
[14.656s] -- Installing: /home/cairlab/Documents/GitHub/saga_repo/install/diagnostic_msgs/include/diagnostic_msgs/diagnostic_msgs/msg/detail/diagnostic_array__rosidl_typesupport_introspection_c.h
[14.656s] -- Installing: /home/cairlab/Documents/GitHub/saga_repo/install/diagnostic_msgs/include/diagnostic_msgs/diagnostic_msgs/msg/detail/diagnostic_status__rosidl_typesupport_introspection_c.h
[14.656s] -- Installing: /home/cairlab/Documents/GitHub/saga_repo/install/diagnostic_msgs/include/diagnostic_msgs/diagnostic_msgs/msg/detail/key_value__rosidl_typesupport_introspection_c.h
[14.656s] -- Installing: /home/cairlab/Documents/GitHub/saga_repo/install/diagnostic_msgs/include/diagnostic_msgs/diagnostic_msgs/msg/detail/diagnostic_array__type_support.c
[14.656s] -- Installing: /home/cairlab/Documents/GitHub/saga_repo/install/diagnostic_msgs/include/diagnostic_msgs/diagnostic_msgs/msg/detail/key_value__type_support.c
[14.657s] -- Installing: /home/cairlab/Documents/GitHub/saga_repo/install/diagnostic_msgs/include/diagnostic_msgs/diagnostic_msgs/msg/detail/diagnostic_status__type_support.c
[14.657s] -- Installing: /home/cairlab/Documents/GitHub/saga_repo/install/diagnostic_msgs/lib/libdiagnostic_msgs__rosidl_typesupport_introspection_c.so
[14.657s] -- Set runtime path of "/home/cairlab/Documents/GitHub/saga_repo/install/diagnostic_msgs/lib/libdiagnostic_msgs__rosidl_typesupport_introspection_c.so" to ""
[14.657s] -- Installing: /home/cairlab/Documents/GitHub/saga_repo/install/diagnostic_msgs/lib/libdiagnostic_msgs__rosidl_typesupport_c.so
[14.657s] -- Set runtime path of "/home/cairlab/Documents/GitHub/saga_repo/install/diagnostic_msgs/lib/libdiagnostic_msgs__rosidl_typesupport_c.so" to ""
[14.657s] -- Up-to-date: /home/cairlab/Documents/GitHub/saga_repo/install/diagnostic_msgs/include/diagnostic_msgs/diagnostic_msgs
[14.657s] -- Up-to-date: /home/cairlab/Documents/GitHub/saga_repo/install/diagnostic_msgs/include/diagnostic_msgs/diagnostic_msgs/srv
[14.657s] -- Installing: /home/cairlab/Documents/GitHub/saga_repo/install/diagnostic_msgs/include/diagnostic_msgs/diagnostic_msgs/srv/add_diagnostics.hpp
[14.658s] -- Up-to-date: /home/cairlab/Documents/GitHub/saga_repo/install/diagnostic_msgs/include/diagnostic_msgs/diagnostic_msgs/srv/detail
[14.658s] -- Installing: /home/cairlab/Documents/GitHub/saga_repo/install/diagnostic_msgs/include/diagnostic_msgs/diagnostic_msgs/srv/detail/self_test__struct.hpp
[14.658s] -- Installing: /home/cairlab/Documents/GitHub/saga_repo/install/diagnostic_msgs/include/diagnostic_msgs/diagnostic_msgs/srv/detail/self_test__traits.hpp
[14.658s] -- Installing: /home/cairlab/Documents/GitHub/saga_repo/install/diagnostic_msgs/include/diagnostic_msgs/diagnostic_msgs/srv/detail/add_diagnostics__builder.hpp
[14.658s] -- Installing: /home/cairlab/Documents/GitHub/saga_repo/install/diagnostic_msgs/include/diagnostic_msgs/diagnostic_msgs/srv/detail/self_test__builder.hpp
[14.658s] -- Installing: /home/cairlab/Documents/GitHub/saga_repo/install/diagnostic_msgs/include/diagnostic_msgs/diagnostic_msgs/srv/detail/add_diagnostics__traits.hpp
[14.658s] -- Installing: /home/cairlab/Documents/GitHub/saga_repo/install/diagnostic_msgs/include/diagnostic_msgs/diagnostic_msgs/srv/detail/add_diagnostics__struct.hpp
[14.658s] -- Installing: /home/cairlab/Documents/GitHub/saga_repo/install/diagnostic_msgs/include/diagnostic_msgs/diagnostic_msgs/srv/self_test.hpp
[14.658s] -- Up-to-date: /home/cairlab/Documents/GitHub/saga_repo/install/diagnostic_msgs/include/diagnostic_msgs/diagnostic_msgs/msg
[14.658s] -- Installing: /home/cairlab/Documents/GitHub/saga_repo/install/diagnostic_msgs/include/diagnostic_msgs/diagnostic_msgs/msg/diagnostic_array.hpp
[14.658s] -- Installing: /home/cairlab/Documents/GitHub/saga_repo/install/diagnostic_msgs/include/diagnostic_msgs/diagnostic_msgs/msg/key_value.hpp
[14.659s] -- Installing: /home/cairlab/Documents/GitHub/saga_repo/install/diagnostic_msgs/include/diagnostic_msgs/diagnostic_msgs/msg/diagnostic_status.hpp
[14.659s] -- Up-to-date: /home/cairlab/Documents/GitHub/saga_repo/install/diagnostic_msgs/include/diagnostic_msgs/diagnostic_msgs/msg/detail
[14.659s] -- Installing: /home/cairlab/Documents/GitHub/saga_repo/install/diagnostic_msgs/include/diagnostic_msgs/diagnostic_msgs/msg/detail/diagnostic_status__builder.hpp
[14.659s] -- Installing: /home/cairlab/Documents/GitHub/saga_repo/install/diagnostic_msgs/include/diagnostic_msgs/diagnostic_msgs/msg/detail/diagnostic_status__struct.hpp
[14.659s] -- Installing: /home/cairlab/Documents/GitHub/saga_repo/install/diagnostic_msgs/include/diagnostic_msgs/diagnostic_msgs/msg/detail/key_value__traits.hpp
[14.659s] -- Installing: /home/cairlab/Documents/GitHub/saga_repo/install/diagnostic_msgs/include/diagnostic_msgs/diagnostic_msgs/msg/detail/diagnostic_status__traits.hpp
[14.659s] -- Installing: /home/cairlab/Documents/GitHub/saga_repo/install/diagnostic_msgs/include/diagnostic_msgs/diagnostic_msgs/msg/detail/key_value__builder.hpp
[14.659s] -- Installing: /home/cairlab/Documents/GitHub/saga_repo/install/diagnostic_msgs/include/diagnostic_msgs/diagnostic_msgs/msg/detail/key_value__struct.hpp
[14.659s] -- Installing: /home/cairlab/Documents/GitHub/saga_repo/install/diagnostic_msgs/include/diagnostic_msgs/diagnostic_msgs/msg/detail/diagnostic_array__struct.hpp
[14.659s] -- Installing: /home/cairlab/Documents/GitHub/saga_repo/install/diagnostic_msgs/include/diagnostic_msgs/diagnostic_msgs/msg/detail/diagnostic_array__traits.hpp
[14.659s] -- Installing: /home/cairlab/Documents/GitHub/saga_repo/install/diagnostic_msgs/include/diagnostic_msgs/diagnostic_msgs/msg/detail/diagnostic_array__builder.hpp
[14.659s] -- Up-to-date: /home/cairlab/Documents/GitHub/saga_repo/install/diagnostic_msgs/include/diagnostic_msgs/diagnostic_msgs
[14.660s] -- Up-to-date: /home/cairlab/Documents/GitHub/saga_repo/install/diagnostic_msgs/include/diagnostic_msgs/diagnostic_msgs/srv
[14.660s] -- Up-to-date: /home/cairlab/Documents/GitHub/saga_repo/install/diagnostic_msgs/include/diagnostic_msgs/diagnostic_msgs/srv/detail
[14.660s] -- Installing: /home/cairlab/Documents/GitHub/saga_repo/install/diagnostic_msgs/include/diagnostic_msgs/diagnostic_msgs/srv/detail/self_test__rosidl_typesupport_fastrtps_cpp.hpp
[14.660s] -- Installing: /home/cairlab/Documents/GitHub/saga_repo/install/diagnostic_msgs/include/diagnostic_msgs/diagnostic_msgs/srv/detail/add_diagnostics__rosidl_typesupport_fastrtps_cpp.hpp
[14.660s] -- Installing: /home/cairlab/Documents/GitHub/saga_repo/install/diagnostic_msgs/include/diagnostic_msgs/diagnostic_msgs/srv/detail/dds_fastrtps
[14.660s] -- Up-to-date: /home/cairlab/Documents/GitHub/saga_repo/install/diagnostic_msgs/include/diagnostic_msgs/diagnostic_msgs/msg
[14.660s] -- Installing: /home/cairlab/Documents/GitHub/saga_repo/install/diagnostic_msgs/include/diagnostic_msgs/diagnostic_msgs/msg/rosidl_typesupport_fastrtps_cpp__visibility_control.h
[14.660s] -- Up-to-date: /home/cairlab/Documents/GitHub/saga_repo/install/diagnostic_msgs/include/diagnostic_msgs/diagnostic_msgs/msg/detail
[14.660s] -- Installing: /home/cairlab/Documents/GitHub/saga_repo/install/diagnostic_msgs/include/diagnostic_msgs/diagnostic_msgs/msg/detail/diagnostic_status__rosidl_typesupport_fastrtps_cpp.hpp
[14.660s] -- Installing: /home/cairlab/Documents/GitHub/saga_repo/install/diagnostic_msgs/include/diagnostic_msgs/diagnostic_msgs/msg/detail/key_value__rosidl_typesupport_fastrtps_cpp.hpp
[14.660s] -- Installing: /home/cairlab/Documents/GitHub/saga_repo/install/diagnostic_msgs/include/diagnostic_msgs/diagnostic_msgs/msg/detail/diagnostic_array__rosidl_typesupport_fastrtps_cpp.hpp
[14.661s] -- Installing: /home/cairlab/Documents/GitHub/saga_repo/install/diagnostic_msgs/include/diagnostic_msgs/diagnostic_msgs/msg/detail/dds_fastrtps
[14.661s] -- Installing: /home/cairlab/Documents/GitHub/saga_repo/install/diagnostic_msgs/lib/libdiagnostic_msgs__rosidl_typesupport_fastrtps_cpp.so
[14.661s] -- Set runtime path of "/home/cairlab/Documents/GitHub/saga_repo/install/diagnostic_msgs/lib/libdiagnostic_msgs__rosidl_typesupport_fastrtps_cpp.so" to ""
[14.661s] -- Up-to-date: /home/cairlab/Documents/GitHub/saga_repo/install/diagnostic_msgs/include/diagnostic_msgs/diagnostic_msgs
[14.661s] -- Up-to-date: /home/cairlab/Documents/GitHub/saga_repo/install/diagnostic_msgs/include/diagnostic_msgs/diagnostic_msgs/srv
[14.661s] -- Up-to-date: /home/cairlab/Documents/GitHub/saga_repo/install/diagnostic_msgs/include/diagnostic_msgs/diagnostic_msgs/srv/detail
[14.661s] -- Installing: /home/cairlab/Documents/GitHub/saga_repo/install/diagnostic_msgs/include/diagnostic_msgs/diagnostic_msgs/srv/detail/add_diagnostics__type_support.cpp
[14.661s] -- Installing: /home/cairlab/Documents/GitHub/saga_repo/install/diagnostic_msgs/include/diagnostic_msgs/diagnostic_msgs/srv/detail/add_diagnostics__rosidl_typesupport_introspection_cpp.hpp
[14.661s] -- Installing: /home/cairlab/Documents/GitHub/saga_repo/install/diagnostic_msgs/include/diagnostic_msgs/diagnostic_msgs/srv/detail/self_test__type_support.cpp
[14.661s] -- Installing: /home/cairlab/Documents/GitHub/saga_repo/install/diagnostic_msgs/include/diagnostic_msgs/diagnostic_msgs/srv/detail/self_test__rosidl_typesupport_introspection_cpp.hpp
[14.661s] -- Up-to-date: /home/cairlab/Documents/GitHub/saga_repo/install/diagnostic_msgs/include/diagnostic_msgs/diagnostic_msgs/msg
[14.661s] -- Up-to-date: /home/cairlab/Documents/GitHub/saga_repo/install/diagnostic_msgs/include/diagnostic_msgs/diagnostic_msgs/msg/detail
[14.662s] -- Installing: /home/cairlab/Documents/GitHub/saga_repo/install/diagnostic_msgs/include/diagnostic_msgs/diagnostic_msgs/msg/detail/key_value__type_support.cpp
[14.662s] -- Installing: /home/cairlab/Documents/GitHub/saga_repo/install/diagnostic_msgs/include/diagnostic_msgs/diagnostic_msgs/msg/detail/diagnostic_array__type_support.cpp
[14.662s] -- Installing: /home/cairlab/Documents/GitHub/saga_repo/install/diagnostic_msgs/include/diagnostic_msgs/diagnostic_msgs/msg/detail/diagnostic_status__type_support.cpp
[14.662s] -- Installing: /home/cairlab/Documents/GitHub/saga_repo/install/diagnostic_msgs/include/diagnostic_msgs/diagnostic_msgs/msg/detail/key_value__rosidl_typesupport_introspection_cpp.hpp
[14.662s] -- Installing: /home/cairlab/Documents/GitHub/saga_repo/install/diagnostic_msgs/include/diagnostic_msgs/diagnostic_msgs/msg/detail/diagnostic_status__rosidl_typesupport_introspection_cpp.hpp
[14.662s] -- Installing: /home/cairlab/Documents/GitHub/saga_repo/install/diagnostic_msgs/include/diagnostic_msgs/diagnostic_msgs/msg/detail/diagnostic_array__rosidl_typesupport_introspection_cpp.hpp
[14.662s] -- Installing: /home/cairlab/Documents/GitHub/saga_repo/install/diagnostic_msgs/lib/libdiagnostic_msgs__rosidl_typesupport_introspection_cpp.so
[14.662s] -- Set runtime path of "/home/cairlab/Documents/GitHub/saga_repo/install/diagnostic_msgs/lib/libdiagnostic_msgs__rosidl_typesupport_introspection_cpp.so" to ""
[14.662s] -- Installing: /home/cairlab/Documents/GitHub/saga_repo/install/diagnostic_msgs/lib/libdiagnostic_msgs__rosidl_typesupport_cpp.so
[14.662s] -- Set runtime path of "/home/cairlab/Documents/GitHub/saga_repo/install/diagnostic_msgs/lib/libdiagnostic_msgs__rosidl_typesupport_cpp.so" to ""
[14.662s] -- Installing: /home/cairlab/Documents/GitHub/saga_repo/install/diagnostic_msgs/share/diagnostic_msgs/environment/pythonpath.sh
[14.662s] -- Installing: /home/cairlab/Documents/GitHub/saga_repo/install/diagnostic_msgs/share/diagnostic_msgs/environment/pythonpath.dsv
[14.663s] -- Installing: /home/cairlab/Documents/GitHub/saga_repo/install/diagnostic_msgs/local/lib/python3.10/dist-packages/diagnostic_msgs-5.2.0-py3.10.egg-info
[14.663s] -- Installing: /home/cairlab/Documents/GitHub/saga_repo/install/diagnostic_msgs/local/lib/python3.10/dist-packages/diagnostic_msgs-5.2.0-py3.10.egg-info/dependency_links.txt
[14.663s] -- Installing: /home/cairlab/Documents/GitHub/saga_repo/install/diagnostic_msgs/local/lib/python3.10/dist-packages/diagnostic_msgs-5.2.0-py3.10.egg-info/PKG-INFO
[14.663s] -- Installing: /home/cairlab/Documents/GitHub/saga_repo/install/diagnostic_msgs/local/lib/python3.10/dist-packages/diagnostic_msgs-5.2.0-py3.10.egg-info/SOURCES.txt
[14.663s] -- Installing: /home/cairlab/Documents/GitHub/saga_repo/install/diagnostic_msgs/local/lib/python3.10/dist-packages/diagnostic_msgs-5.2.0-py3.10.egg-info/top_level.txt
[14.663s] -- Installing: /home/cairlab/Documents/GitHub/saga_repo/install/diagnostic_msgs/local/lib/python3.10/dist-packages/diagnostic_msgs
[14.663s] -- Installing: /home/cairlab/Documents/GitHub/saga_repo/install/diagnostic_msgs/local/lib/python3.10/dist-packages/diagnostic_msgs/diagnostic_msgs_s__rosidl_typesupport_fastrtps_c.cpython-310-x86_64-linux-gnu.so
[14.663s] -- Installing: /home/cairlab/Documents/GitHub/saga_repo/install/diagnostic_msgs/local/lib/python3.10/dist-packages/diagnostic_msgs/srv
[14.663s] -- Installing: /home/cairlab/Documents/GitHub/saga_repo/install/diagnostic_msgs/local/lib/python3.10/dist-packages/diagnostic_msgs/srv/_add_diagnostics_s.c
[14.664s] -- Installing: /home/cairlab/Documents/GitHub/saga_repo/install/diagnostic_msgs/local/lib/python3.10/dist-packages/diagnostic_msgs/srv/_self_test.py
[14.664s] -- Installing: /home/cairlab/Documents/GitHub/saga_repo/install/diagnostic_msgs/local/lib/python3.10/dist-packages/diagnostic_msgs/srv/_self_test_s.c
[14.664s] -- Installing: /home/cairlab/Documents/GitHub/saga_repo/install/diagnostic_msgs/local/lib/python3.10/dist-packages/diagnostic_msgs/srv/__init__.py
[14.664s] -- Installing: /home/cairlab/Documents/GitHub/saga_repo/install/diagnostic_msgs/local/lib/python3.10/dist-packages/diagnostic_msgs/srv/_add_diagnostics.py
[14.664s] -- Installing: /home/cairlab/Documents/GitHub/saga_repo/install/diagnostic_msgs/local/lib/python3.10/dist-packages/diagnostic_msgs/diagnostic_msgs_s__rosidl_typesupport_introspection_c.cpython-310-x86_64-linux-gnu.so
[14.664s] -- Installing: /home/cairlab/Documents/GitHub/saga_repo/install/diagnostic_msgs/local/lib/python3.10/dist-packages/diagnostic_msgs/_diagnostic_msgs_s.ep.rosidl_typesupport_fastrtps_c.c
[14.664s] -- Installing: /home/cairlab/Documents/GitHub/saga_repo/install/diagnostic_msgs/local/lib/python3.10/dist-packages/diagnostic_msgs/__init__.py
[14.664s] -- Installing: /home/cairlab/Documents/GitHub/saga_repo/install/diagnostic_msgs/local/lib/python3.10/dist-packages/diagnostic_msgs/_diagnostic_msgs_s.ep.rosidl_typesupport_introspection_c.c
[14.664s] -- Installing: /home/cairlab/Documents/GitHub/saga_repo/install/diagnostic_msgs/local/lib/python3.10/dist-packages/diagnostic_msgs/diagnostic_msgs_s__rosidl_typesupport_c.cpython-310-x86_64-linux-gnu.so
[14.664s] -- Installing: /home/cairlab/Documents/GitHub/saga_repo/install/diagnostic_msgs/local/lib/python3.10/dist-packages/diagnostic_msgs/libdiagnostic_msgs__rosidl_generator_py.so
[14.665s] -- Installing: /home/cairlab/Documents/GitHub/saga_repo/install/diagnostic_msgs/local/lib/python3.10/dist-packages/diagnostic_msgs/_diagnostic_msgs_s.ep.rosidl_typesupport_c.c
[14.665s] -- Installing: /home/cairlab/Documents/GitHub/saga_repo/install/diagnostic_msgs/local/lib/python3.10/dist-packages/diagnostic_msgs/msg
[14.665s] -- Installing: /home/cairlab/Documents/GitHub/saga_repo/install/diagnostic_msgs/local/lib/python3.10/dist-packages/diagnostic_msgs/msg/_key_value_s.c
[14.665s] -- Installing: /home/cairlab/Documents/GitHub/saga_repo/install/diagnostic_msgs/local/lib/python3.10/dist-packages/diagnostic_msgs/msg/_diagnostic_array_s.c
[14.665s] -- Installing: /home/cairlab/Documents/GitHub/saga_repo/install/diagnostic_msgs/local/lib/python3.10/dist-packages/diagnostic_msgs/msg/_diagnostic_status.py
[14.665s] -- Installing: /home/cairlab/Documents/GitHub/saga_repo/install/diagnostic_msgs/local/lib/python3.10/dist-packages/diagnostic_msgs/msg/_diagnostic_status_s.c
[14.665s] -- Installing: /home/cairlab/Documents/GitHub/saga_repo/install/diagnostic_msgs/local/lib/python3.10/dist-packages/diagnostic_msgs/msg/_diagnostic_array.py
[14.665s] -- Installing: /home/cairlab/Documents/GitHub/saga_repo/install/diagnostic_msgs/local/lib/python3.10/dist-packages/diagnostic_msgs/msg/__init__.py
[14.665s] -- Installing: /home/cairlab/Documents/GitHub/saga_repo/install/diagnostic_msgs/local/lib/python3.10/dist-packages/diagnostic_msgs/msg/_key_value.py
[14.697s] Listing '/home/cairlab/Documents/GitHub/saga_repo/install/diagnostic_msgs/local/lib/python3.10/dist-packages/diagnostic_msgs'...
[14.697s] Compiling '/home/cairlab/Documents/GitHub/saga_repo/install/diagnostic_msgs/local/lib/python3.10/dist-packages/diagnostic_msgs/__init__.py'...
[14.698s] Listing '/home/cairlab/Documents/GitHub/saga_repo/install/diagnostic_msgs/local/lib/python3.10/dist-packages/diagnostic_msgs/msg'...
[14.698s] Compiling '/home/cairlab/Documents/GitHub/saga_repo/install/diagnostic_msgs/local/lib/python3.10/dist-packages/diagnostic_msgs/msg/__init__.py'...
[14.698s] Compiling '/home/cairlab/Documents/GitHub/saga_repo/install/diagnostic_msgs/local/lib/python3.10/dist-packages/diagnostic_msgs/msg/_diagnostic_array.py'...
[14.698s] Compiling '/home/cairlab/Documents/GitHub/saga_repo/install/diagnostic_msgs/local/lib/python3.10/dist-packages/diagnostic_msgs/msg/_diagnostic_status.py'...
[14.698s] Compiling '/home/cairlab/Documents/GitHub/saga_repo/install/diagnostic_msgs/local/lib/python3.10/dist-packages/diagnostic_msgs/msg/_key_value.py'...
[14.698s] Listing '/home/cairlab/Documents/GitHub/saga_repo/install/diagnostic_msgs/local/lib/python3.10/dist-packages/diagnostic_msgs/srv'...
[14.698s] Compiling '/home/cairlab/Documents/GitHub/saga_repo/install/diagnostic_msgs/local/lib/python3.10/dist-packages/diagnostic_msgs/srv/__init__.py'...
[14.698s] Compiling '/home/cairlab/Documents/GitHub/saga_repo/install/diagnostic_msgs/local/lib/python3.10/dist-packages/diagnostic_msgs/srv/_add_diagnostics.py'...
[14.698s] Compiling '/home/cairlab/Documents/GitHub/saga_repo/install/diagnostic_msgs/local/lib/python3.10/dist-packages/diagnostic_msgs/srv/_self_test.py'...
[14.702s] -- Installing: /home/cairlab/Documents/GitHub/saga_repo/install/diagnostic_msgs/local/lib/python3.10/dist-packages/diagnostic_msgs/diagnostic_msgs_s__rosidl_typesupport_fastrtps_c.cpython-310-x86_64-linux-gnu.so
[14.702s] -- Set runtime path of "/home/cairlab/Documents/GitHub/saga_repo/install/diagnostic_msgs/local/lib/python3.10/dist-packages/diagnostic_msgs/diagnostic_msgs_s__rosidl_typesupport_fastrtps_c.cpython-310-x86_64-linux-gnu.so" to ""
[14.703s] -- Installing: /home/cairlab/Documents/GitHub/saga_repo/install/diagnostic_msgs/local/lib/python3.10/dist-packages/diagnostic_msgs/diagnostic_msgs_s__rosidl_typesupport_introspection_c.cpython-310-x86_64-linux-gnu.so
[14.703s] -- Set runtime path of "/home/cairlab/Documents/GitHub/saga_repo/install/diagnostic_msgs/local/lib/python3.10/dist-packages/diagnostic_msgs/diagnostic_msgs_s__rosidl_typesupport_introspection_c.cpython-310-x86_64-linux-gnu.so" to ""
[14.703s] -- Installing: /home/cairlab/Documents/GitHub/saga_repo/install/diagnostic_msgs/local/lib/python3.10/dist-packages/diagnostic_msgs/diagnostic_msgs_s__rosidl_typesupport_c.cpython-310-x86_64-linux-gnu.so
[14.704s] -- Set runtime path of "/home/cairlab/Documents/GitHub/saga_repo/install/diagnostic_msgs/local/lib/python3.10/dist-packages/diagnostic_msgs/diagnostic_msgs_s__rosidl_typesupport_c.cpython-310-x86_64-linux-gnu.so" to ""
[14.704s] -- Installing: /home/cairlab/Documents/GitHub/saga_repo/install/diagnostic_msgs/lib/libdiagnostic_msgs__rosidl_generator_py.so
[14.704s] -- Set runtime path of "/home/cairlab/Documents/GitHub/saga_repo/install/diagnostic_msgs/lib/libdiagnostic_msgs__rosidl_generator_py.so" to ""
[14.704s] -- Installing: /home/cairlab/Documents/GitHub/saga_repo/install/diagnostic_msgs/share/diagnostic_msgs/msg/DiagnosticArray.idl
[14.704s] -- Installing: /home/cairlab/Documents/GitHub/saga_repo/install/diagnostic_msgs/share/diagnostic_msgs/msg/DiagnosticStatus.idl
[14.705s] -- Installing: /home/cairlab/Documents/GitHub/saga_repo/install/diagnostic_msgs/share/diagnostic_msgs/msg/KeyValue.idl
[14.705s] -- Installing: /home/cairlab/Documents/GitHub/saga_repo/install/diagnostic_msgs/share/diagnostic_msgs/srv/AddDiagnostics.idl
[14.705s] -- Installing: /home/cairlab/Documents/GitHub/saga_repo/install/diagnostic_msgs/share/diagnostic_msgs/srv/SelfTest.idl
[14.705s] -- Installing: /home/cairlab/Documents/GitHub/saga_repo/install/diagnostic_msgs/share/diagnostic_msgs/msg/DiagnosticArray.msg
[14.705s] -- Installing: /home/cairlab/Documents/GitHub/saga_repo/install/diagnostic_msgs/share/diagnostic_msgs/msg/DiagnosticStatus.msg
[14.706s] -- Installing: /home/cairlab/Documents/GitHub/saga_repo/install/diagnostic_msgs/share/diagnostic_msgs/msg/KeyValue.msg
[14.706s] -- Installing: /home/cairlab/Documents/GitHub/saga_repo/install/diagnostic_msgs/share/diagnostic_msgs/srv/AddDiagnostics.srv
[14.706s] -- Installing: /home/cairlab/Documents/GitHub/saga_repo/install/diagnostic_msgs/share/diagnostic_msgs/srv/AddDiagnostics_Request.msg
[14.706s] -- Installing: /home/cairlab/Documents/GitHub/saga_repo/install/diagnostic_msgs/share/diagnostic_msgs/srv/AddDiagnostics_Response.msg
[14.706s] -- Installing: /home/cairlab/Documents/GitHub/saga_repo/install/diagnostic_msgs/share/diagnostic_msgs/srv/SelfTest.srv
[14.707s] -- Installing: /home/cairlab/Documents/GitHub/saga_repo/install/diagnostic_msgs/share/diagnostic_msgs/srv/SelfTest_Request.msg
[14.707s] -- Installing: /home/cairlab/Documents/GitHub/saga_repo/install/diagnostic_msgs/share/diagnostic_msgs/srv/SelfTest_Response.msg
[14.707s] -- Installing: /home/cairlab/Documents/GitHub/saga_repo/install/diagnostic_msgs/share/ament_index/resource_index/package_run_dependencies/diagnostic_msgs
[14.707s] -- Installing: /home/cairlab/Documents/GitHub/saga_repo/install/diagnostic_msgs/share/ament_index/resource_index/parent_prefix_path/diagnostic_msgs
[14.707s] -- Installing: /home/cairlab/Documents/GitHub/saga_repo/install/diagnostic_msgs/share/diagnostic_msgs/environment/ament_prefix_path.sh
[14.707s] -- Installing: /home/cairlab/Documents/GitHub/saga_repo/install/diagnostic_msgs/share/diagnostic_msgs/environment/ament_prefix_path.dsv
[14.708s] -- Installing: /home/cairlab/Documents/GitHub/saga_repo/install/diagnostic_msgs/share/diagnostic_msgs/environment/path.sh
[14.708s] -- Installing: /home/cairlab/Documents/GitHub/saga_repo/install/diagnostic_msgs/share/diagnostic_msgs/environment/path.dsv
[14.708s] -- Installing: /home/cairlab/Documents/GitHub/saga_repo/install/diagnostic_msgs/share/diagnostic_msgs/local_setup.bash
[14.708s] -- Installing: /home/cairlab/Documents/GitHub/saga_repo/install/diagnostic_msgs/share/diagnostic_msgs/local_setup.sh
[14.708s] -- Installing: /home/cairlab/Documents/GitHub/saga_repo/install/diagnostic_msgs/share/diagnostic_msgs/local_setup.zsh
[14.709s] -- Installing: /home/cairlab/Documents/GitHub/saga_repo/install/diagnostic_msgs/share/diagnostic_msgs/local_setup.dsv
[14.709s] -- Installing: /home/cairlab/Documents/GitHub/saga_repo/install/diagnostic_msgs/share/diagnostic_msgs/package.dsv
[14.709s] -- Installing: /home/cairlab/Documents/GitHub/saga_repo/install/diagnostic_msgs/share/ament_index/resource_index/packages/diagnostic_msgs
[14.709s] -- Installing: /home/cairlab/Documents/GitHub/saga_repo/install/diagnostic_msgs/share/diagnostic_msgs/cmake/export_diagnostic_msgs__rosidl_generator_cExport.cmake
[14.709s] -- Installing: /home/cairlab/Documents/GitHub/saga_repo/install/diagnostic_msgs/share/diagnostic_msgs/cmake/export_diagnostic_msgs__rosidl_generator_cExport-noconfig.cmake
[14.709s] -- Installing: /home/cairlab/Documents/GitHub/saga_repo/install/diagnostic_msgs/share/diagnostic_msgs/cmake/export_diagnostic_msgs__rosidl_typesupport_fastrtps_cExport.cmake
[14.709s] -- Installing: /home/cairlab/Documents/GitHub/saga_repo/install/diagnostic_msgs/share/diagnostic_msgs/cmake/export_diagnostic_msgs__rosidl_typesupport_fastrtps_cExport-noconfig.cmake
[14.710s] -- Installing: /home/cairlab/Documents/GitHub/saga_repo/install/diagnostic_msgs/share/diagnostic_msgs/cmake/diagnostic_msgs__rosidl_typesupport_introspection_cExport.cmake
[14.710s] -- Installing: /home/cairlab/Documents/GitHub/saga_repo/install/diagnostic_msgs/share/diagnostic_msgs/cmake/diagnostic_msgs__rosidl_typesupport_introspection_cExport-noconfig.cmake
[14.710s] -- Installing: /home/cairlab/Documents/GitHub/saga_repo/install/diagnostic_msgs/share/diagnostic_msgs/cmake/diagnostic_msgs__rosidl_typesupport_cExport.cmake
[14.710s] -- Installing: /home/cairlab/Documents/GitHub/saga_repo/install/diagnostic_msgs/share/diagnostic_msgs/cmake/diagnostic_msgs__rosidl_typesupport_cExport-noconfig.cmake
[14.710s] -- Installing: /home/cairlab/Documents/GitHub/saga_repo/install/diagnostic_msgs/share/diagnostic_msgs/cmake/export_diagnostic_msgs__rosidl_generator_cppExport.cmake
[14.711s] -- Installing: /home/cairlab/Documents/GitHub/saga_repo/install/diagnostic_msgs/share/diagnostic_msgs/cmake/export_diagnostic_msgs__rosidl_typesupport_fastrtps_cppExport.cmake
[14.711s] -- Installing: /home/cairlab/Documents/GitHub/saga_repo/install/diagnostic_msgs/share/diagnostic_msgs/cmake/export_diagnostic_msgs__rosidl_typesupport_fastrtps_cppExport-noconfig.cmake
[14.711s] -- Installing: /home/cairlab/Documents/GitHub/saga_repo/install/diagnostic_msgs/share/diagnostic_msgs/cmake/diagnostic_msgs__rosidl_typesupport_introspection_cppExport.cmake
[14.711s] -- Installing: /home/cairlab/Documents/GitHub/saga_repo/install/diagnostic_msgs/share/diagnostic_msgs/cmake/diagnostic_msgs__rosidl_typesupport_introspection_cppExport-noconfig.cmake
[14.711s] -- Installing: /home/cairlab/Documents/GitHub/saga_repo/install/diagnostic_msgs/share/diagnostic_msgs/cmake/diagnostic_msgs__rosidl_typesupport_cppExport.cmake
[14.711s] -- Installing: /home/cairlab/Documents/GitHub/saga_repo/install/diagnostic_msgs/share/diagnostic_msgs/cmake/diagnostic_msgs__rosidl_typesupport_cppExport-noconfig.cmake
[14.712s] -- Installing: /home/cairlab/Documents/GitHub/saga_repo/install/diagnostic_msgs/share/diagnostic_msgs/cmake/export_diagnostic_msgs__rosidl_generator_pyExport.cmake
[14.712s] -- Installing: /home/cairlab/Documents/GitHub/saga_repo/install/diagnostic_msgs/share/diagnostic_msgs/cmake/export_diagnostic_msgs__rosidl_generator_pyExport-noconfig.cmake
[14.712s] -- Installing: /home/cairlab/Documents/GitHub/saga_repo/install/diagnostic_msgs/share/diagnostic_msgs/cmake/rosidl_cmake-extras.cmake
[14.712s] -- Installing: /home/cairlab/Documents/GitHub/saga_repo/install/diagnostic_msgs/share/diagnostic_msgs/cmake/ament_cmake_export_dependencies-extras.cmake
[14.713s] -- Installing: /home/cairlab/Documents/GitHub/saga_repo/install/diagnostic_msgs/share/diagnostic_msgs/cmake/ament_cmake_export_include_directories-extras.cmake
[14.713s] -- Installing: /home/cairlab/Documents/GitHub/saga_repo/install/diagnostic_msgs/share/diagnostic_msgs/cmake/ament_cmake_export_libraries-extras.cmake
[14.713s] -- Installing: /home/cairlab/Documents/GitHub/saga_repo/install/diagnostic_msgs/share/diagnostic_msgs/cmake/ament_cmake_export_targets-extras.cmake
[14.713s] -- Installing: /home/cairlab/Documents/GitHub/saga_repo/install/diagnostic_msgs/share/diagnostic_msgs/cmake/rosidl_cmake_export_typesupport_targets-extras.cmake
[14.713s] -- Installing: /home/cairlab/Documents/GitHub/saga_repo/install/diagnostic_msgs/share/diagnostic_msgs/cmake/rosidl_cmake_export_typesupport_libraries-extras.cmake
[14.713s] -- Installing: /home/cairlab/Documents/GitHub/saga_repo/install/diagnostic_msgs/share/diagnostic_msgs/cmake/diagnostic_msgsConfig.cmake
[14.714s] -- Installing: /home/cairlab/Documents/GitHub/saga_repo/install/diagnostic_msgs/share/diagnostic_msgs/cmake/diagnostic_msgsConfig-version.cmake
[14.714s] -- Installing: /home/cairlab/Documents/GitHub/saga_repo/install/diagnostic_msgs/share/diagnostic_msgs/package.xml
[14.719s] Invoked command in '/home/cairlab/Documents/GitHub/saga_repo/build/diagnostic_msgs' returned '0': AMENT_PREFIX_PATH=/home/cairlab/Documents/GitHub/saga_repo/install/geometry_msgs:/home/cairlab/Documents/GitHub/saga_repo/install/std_msgs:${AMENT_PREFIX_PATH} CMAKE_PREFIX_PATH=/home/cairlab/Documents/GitHub/saga_repo/install/geometry_msgs:/home/cairlab/Documents/GitHub/saga_repo/install/std_msgs:/opt/ros/humble LD_LIBRARY_PATH=/home/cairlab/Documents/GitHub/saga_repo/install/geometry_msgs/lib:/home/cairlab/Documents/GitHub/saga_repo/install/std_msgs/lib:${LD_LIBRARY_PATH} PYTHONPATH=/home/cairlab/Documents/GitHub/saga_repo/install/geometry_msgs/local/lib/python3.10/dist-packages:/home/cairlab/Documents/GitHub/saga_repo/install/std_msgs/local/lib/python3.10/dist-packages:${PYTHONPATH} /usr/bin/cmake --install /home/cairlab/Documents/GitHub/saga_repo/build/diagnostic_msgs
