[0.008s] Invoking command in '/home/cairlab/diagnostics/build/diagnostic_aggregator': CMAKE_PREFIX_PATH=/opt/ros/humble /usr/bin/cmake /home/cairlab/diagnostics/diagnostic_aggregator -DCMAKE_INSTALL_PREFIX=/home/cairlab/diagnostics/install/diagnostic_aggregator
[0.129s] -- The C compiler identification is GNU 11.3.0
[0.209s] -- The CXX compiler identification is GNU 11.3.0
[0.215s] -- Detecting C compiler ABI info
[0.279s] -- Detecting C compiler ABI info - done
[0.285s] -- Check for working C compiler: /usr/bin/cc - skipped
[0.285s] -- Detecting C compile features
[0.285s] -- Detecting C compile features - done
[0.288s] -- Detecting CXX compiler ABI info
[0.356s] -- Detecting CXX compiler ABI info - done
[0.362s] -- Check for working CXX compiler: /usr/bin/c++ - skipped
[0.362s] -- Detecting CXX compile features
[0.363s] -- Detecting CXX compile features - done
[0.367s] -- Found ament_cmake: 1.3.5 (/opt/ros/humble/share/ament_cmake/cmake)
[0.505s] -- Found Python3: /usr/bin/python3.10 (found version "3.10.6") found components: Interpreter 
[0.579s] -- Found diagnostic_msgs: 4.2.3 (/opt/ros/humble/share/diagnostic_msgs/cmake)
[0.608s] -- Found rosidl_generator_c: 3.1.4 (/opt/ros/humble/share/rosidl_generator_c/cmake)
[0.612s] -- Found rosidl_adapter: 3.1.4 (/opt/ros/humble/share/rosidl_adapter/cmake)
[0.619s] -- Found rosidl_generator_cpp: 3.1.4 (/opt/ros/humble/share/rosidl_generator_cpp/cmake)
[0.631s] -- Using all available rosidl_typesupport_c: rosidl_typesupport_fastrtps_c;rosidl_typesupport_introspection_c
[0.647s] -- Using all available rosidl_typesupport_cpp: rosidl_typesupport_fastrtps_cpp;rosidl_typesupport_introspection_cpp
[0.756s] -- Found pluginlib: 5.1.0 (/opt/ros/humble/share/pluginlib/cmake)
[0.778s] -- Found rclcpp: 16.0.4 (/opt/ros/humble/share/rclcpp/cmake)
[0.826s] -- Found rmw_implementation_cmake: 6.1.1 (/opt/ros/humble/share/rmw_implementation_cmake/cmake)
[0.828s] -- Found rmw_fastrtps_cpp: 6.2.2 (/opt/ros/humble/share/rmw_fastrtps_cpp/cmake)
[0.906s] -- Found OpenSSL: /usr/lib/x86_64-linux-gnu/libcrypto.so (found version "3.0.2")  
[0.927s] -- Found FastRTPS: /opt/ros/humble/include  
[0.968s] -- Using RMW implementation 'rmw_fastrtps_cpp' as default
[0.977s] -- Looking for pthread.h
[1.033s] -- Looking for pthread.h - found
[1.033s] -- Performing Test CMAKE_HAVE_LIBC_PTHREAD
[1.099s] -- Performing Test CMAKE_HAVE_LIBC_PTHREAD - Success
[1.100s] -- Found Threads: TRUE  
[1.217s] -- Found ament_lint_auto: 0.12.6 (/opt/ros/humble/share/ament_lint_auto/cmake)
[1.287s] -- Found python_cmake_module: 0.10.0 (/opt/ros/humble/share/python_cmake_module/cmake)
[1.303s] -- Found PythonInterp: /usr/bin/python3 (found suitable version "3.10.6", minimum required is "3.6") 
[1.307s] -- Found PythonLibs: /usr/lib/x86_64-linux-gnu/libpython3.10.so (found suitable version "3.10.6", minimum required is "3.5") 
[1.307s] -- Using PYTHON_EXECUTABLE: /usr/bin/python3
[1.307s] -- Using PYTHON_INCLUDE_DIRS: /usr/include/python3.10
[1.307s] -- Using PYTHON_LIBRARIES: /usr/lib/x86_64-linux-gnu/libpython3.10.so
[1.324s] -- Found PythonExtra: .so  
[1.361s] -- Added test 'cppcheck' to perform static code analysis on C / C++ code
[1.361s] -- Configured cppcheck include dirs: $<BUILD_INTERFACE:/home/cairlab/diagnostics/diagnostic_aggregator/include>
[1.361s] -- Configured cppcheck exclude dirs and/or files: 
[1.364s] -- Added test 'cpplint' to check C / C++ code against the Google style
[1.364s] -- Configured cpplint exclude dirs and/or files: 
[1.365s] -- Added test 'flake8' to check Python code syntax and style conventions
[1.366s] -- Added test 'lint_cmake' to check CMake code style
[1.367s] -- Added test 'pep257' to check Python code against some of the docstring style conventions in PEP 257
[1.370s] -- Added test 'uncrustify' to check C / C++ code style
[1.370s] -- Configured uncrustify additional arguments: 
[1.370s] -- Added test 'xmllint' to check XML markup files
[1.373s] -- Configuring done
[1.392s] -- Generating done
[1.394s] -- Build files have been written to: /home/cairlab/diagnostics/build/diagnostic_aggregator
[1.406s] Invoked command in '/home/cairlab/diagnostics/build/diagnostic_aggregator' returned '0': CMAKE_PREFIX_PATH=/opt/ros/humble /usr/bin/cmake /home/cairlab/diagnostics/diagnostic_aggregator -DCMAKE_INSTALL_PREFIX=/home/cairlab/diagnostics/install/diagnostic_aggregator
[1.408s] Invoking command in '/home/cairlab/diagnostics/build/diagnostic_aggregator': CMAKE_PREFIX_PATH=/opt/ros/humble /usr/bin/cmake --build /home/cairlab/diagnostics/build/diagnostic_aggregator -- -j12 -l12
[1.450s] [ 30%] [32mBuilding CXX object CMakeFiles/diagnostic_aggregator.dir/src/aggregator.cpp.o[0m
[1.450s] [ 30%] [32mBuilding CXX object CMakeFiles/diagnostic_aggregator.dir/src/analyzer_group.cpp.o[0m
[1.451s] [ 30%] [32mBuilding CXX object CMakeFiles/diagnostic_aggregator.dir/src/status_item.cpp.o[0m
[1.461s] [ 30%] Built target ament_cmake_python_copy_diagnostic_aggregator
[1.664s] running egg_info
[1.664s] creating diagnostic_aggregator.egg-info
[1.665s] writing diagnostic_aggregator.egg-info/PKG-INFO
[1.665s] writing dependency_links to diagnostic_aggregator.egg-info/dependency_links.txt
[1.665s] writing top-level names to diagnostic_aggregator.egg-info/top_level.txt
[1.665s] writing manifest file 'diagnostic_aggregator.egg-info/SOURCES.txt'
[1.668s] reading manifest file 'diagnostic_aggregator.egg-info/SOURCES.txt'
[1.669s] writing manifest file 'diagnostic_aggregator.egg-info/SOURCES.txt'
[1.703s] [ 30%] Built target ament_cmake_python_build_diagnostic_aggregator_egg
[12.336s] [ 40%] [32m[1mLinking CXX shared library libdiagnostic_aggregator.so[0m
[13.061s] [ 40%] Built target diagnostic_aggregator
[13.078s] [ 60%] [32mBuilding CXX object CMakeFiles/diagnostic_aggregator_analyzers.dir/src/discard_analyzer.cpp.o[0m
[13.078s] [ 60%] [32mBuilding CXX object CMakeFiles/diagnostic_aggregator_analyzers.dir/src/generic_analyzer.cpp.o[0m
[13.080s] [ 70%] [32mBuilding CXX object CMakeFiles/aggregator_node.dir/src/aggregator_node.cpp.o[0m
[13.081s] [ 80%] [32mBuilding CXX object CMakeFiles/diagnostic_aggregator_analyzers.dir/src/ignore_analyzer.cpp.o[0m
[17.339s] [ 90%] [32m[1mLinking CXX executable aggregator_node[0m
[18.072s] [ 90%] Built target aggregator_node
[19.046s] [100%] [32m[1mLinking CXX shared library libdiagnostic_aggregator_analyzers.so[0m
[19.519s] [100%] Built target diagnostic_aggregator_analyzers
[19.574s] Invoked command in '/home/cairlab/diagnostics/build/diagnostic_aggregator' returned '0': CMAKE_PREFIX_PATH=/opt/ros/humble /usr/bin/cmake --build /home/cairlab/diagnostics/build/diagnostic_aggregator -- -j12 -l12
[19.613s] Invoking command in '/home/cairlab/diagnostics/build/diagnostic_aggregator': CMAKE_PREFIX_PATH=/opt/ros/humble /usr/bin/cmake --install /home/cairlab/diagnostics/build/diagnostic_aggregator
[19.621s] -- Install configuration: ""
[19.621s] -- Installing: /home/cairlab/diagnostics/install/diagnostic_aggregator/lib/diagnostic_aggregator/aggregator_node
[19.622s] -- Set runtime path of "/home/cairlab/diagnostics/install/diagnostic_aggregator/lib/diagnostic_aggregator/aggregator_node" to ""
[19.622s] -- Installing: /home/cairlab/diagnostics/install/diagnostic_aggregator/lib/libdiagnostic_aggregator.so
[19.637s] -- Set runtime path of "/home/cairlab/diagnostics/install/diagnostic_aggregator/lib/libdiagnostic_aggregator.so" to ""
[19.637s] -- Installing: /home/cairlab/diagnostics/install/diagnostic_aggregator/lib/libdiagnostic_aggregator_analyzers.so
[19.639s] -- Set runtime path of "/home/cairlab/diagnostics/install/diagnostic_aggregator/lib/libdiagnostic_aggregator_analyzers.so" to ""
[19.639s] -- Installing: /home/cairlab/diagnostics/install/diagnostic_aggregator/include
[19.639s] -- Installing: /home/cairlab/diagnostics/install/diagnostic_aggregator/include/diagnostic_aggregator
[19.639s] -- Installing: /home/cairlab/diagnostics/install/diagnostic_aggregator/include/diagnostic_aggregator/generic_analyzer.hpp
[19.639s] -- Installing: /home/cairlab/diagnostics/install/diagnostic_aggregator/include/diagnostic_aggregator/status_item.hpp
[19.640s] -- Installing: /home/cairlab/diagnostics/install/diagnostic_aggregator/include/diagnostic_aggregator/visibility_control.hpp
[19.640s] -- Installing: /home/cairlab/diagnostics/install/diagnostic_aggregator/include/diagnostic_aggregator/ignore_analyzer.hpp
[19.640s] -- Installing: /home/cairlab/diagnostics/install/diagnostic_aggregator/include/diagnostic_aggregator/discard_analyzer.hpp
[19.640s] -- Installing: /home/cairlab/diagnostics/install/diagnostic_aggregator/include/diagnostic_aggregator/analyzer.hpp
[19.640s] -- Installing: /home/cairlab/diagnostics/install/diagnostic_aggregator/include/diagnostic_aggregator/aggregator.hpp
[19.640s] -- Installing: /home/cairlab/diagnostics/install/diagnostic_aggregator/include/diagnostic_aggregator/generic_analyzer_base.hpp
[19.640s] -- Installing: /home/cairlab/diagnostics/install/diagnostic_aggregator/include/diagnostic_aggregator/other_analyzer.hpp
[19.640s] -- Installing: /home/cairlab/diagnostics/install/diagnostic_aggregator/include/diagnostic_aggregator/analyzer_group.hpp
[19.640s] -- Installing: /home/cairlab/diagnostics/install/diagnostic_aggregator/share/diagnostic_aggregator/environment/pythonpath.sh
[19.641s] -- Installing: /home/cairlab/diagnostics/install/diagnostic_aggregator/share/diagnostic_aggregator/environment/pythonpath.dsv
[19.641s] -- Installing: /home/cairlab/diagnostics/install/diagnostic_aggregator/local/lib/python3.10/dist-packages/diagnostic_aggregator-3.1.2-py3.10.egg-info
[19.641s] -- Installing: /home/cairlab/diagnostics/install/diagnostic_aggregator/local/lib/python3.10/dist-packages/diagnostic_aggregator-3.1.2-py3.10.egg-info/dependency_links.txt
[19.642s] -- Installing: /home/cairlab/diagnostics/install/diagnostic_aggregator/local/lib/python3.10/dist-packages/diagnostic_aggregator-3.1.2-py3.10.egg-info/PKG-INFO
[19.642s] -- Installing: /home/cairlab/diagnostics/install/diagnostic_aggregator/local/lib/python3.10/dist-packages/diagnostic_aggregator-3.1.2-py3.10.egg-info/SOURCES.txt
[19.642s] -- Installing: /home/cairlab/diagnostics/install/diagnostic_aggregator/local/lib/python3.10/dist-packages/diagnostic_aggregator-3.1.2-py3.10.egg-info/top_level.txt
[19.642s] -- Installing: /home/cairlab/diagnostics/install/diagnostic_aggregator/local/lib/python3.10/dist-packages/diagnostic_aggregator
[19.643s] -- Installing: /home/cairlab/diagnostics/install/diagnostic_aggregator/local/lib/python3.10/dist-packages/diagnostic_aggregator/__init__.py
[19.674s] Listing '/home/cairlab/diagnostics/install/diagnostic_aggregator/local/lib/python3.10/dist-packages/diagnostic_aggregator'...
[19.674s] Compiling '/home/cairlab/diagnostics/install/diagnostic_aggregator/local/lib/python3.10/dist-packages/diagnostic_aggregator/__init__.py'...
[19.682s] -- Installing: /home/cairlab/diagnostics/install/diagnostic_aggregator/share/diagnostic_aggregator/example.launch.py
[19.682s] -- Installing: /home/cairlab/diagnostics/install/diagnostic_aggregator/lib/diagnostic_aggregator/example_pub.py
[19.683s] -- Installing: /home/cairlab/diagnostics/install/diagnostic_aggregator/share/diagnostic_aggregator/example_analyzers.yaml
[19.683s] -- Installing: /home/cairlab/diagnostics/install/diagnostic_aggregator/share/diagnostic_aggregator/plugin_description.xml
[19.683s] -- Installing: /home/cairlab/diagnostics/install/diagnostic_aggregator/share/diagnostic_aggregator/environment/library_path.sh
[19.683s] -- Installing: /home/cairlab/diagnostics/install/diagnostic_aggregator/share/diagnostic_aggregator/environment/library_path.dsv
[19.683s] -- Installing: /home/cairlab/diagnostics/install/diagnostic_aggregator/share/ament_index/resource_index/package_run_dependencies/diagnostic_aggregator
[19.684s] -- Installing: /home/cairlab/diagnostics/install/diagnostic_aggregator/share/ament_index/resource_index/parent_prefix_path/diagnostic_aggregator
[19.684s] -- Installing: /home/cairlab/diagnostics/install/diagnostic_aggregator/share/diagnostic_aggregator/environment/ament_prefix_path.sh
[19.684s] -- Installing: /home/cairlab/diagnostics/install/diagnostic_aggregator/share/diagnostic_aggregator/environment/ament_prefix_path.dsv
[19.684s] -- Installing: /home/cairlab/diagnostics/install/diagnostic_aggregator/share/diagnostic_aggregator/environment/path.sh
[19.684s] -- Installing: /home/cairlab/diagnostics/install/diagnostic_aggregator/share/diagnostic_aggregator/environment/path.dsv
[19.684s] -- Installing: /home/cairlab/diagnostics/install/diagnostic_aggregator/share/diagnostic_aggregator/local_setup.bash
[19.685s] -- Installing: /home/cairlab/diagnostics/install/diagnostic_aggregator/share/diagnostic_aggregator/local_setup.sh
[19.685s] -- Installing: /home/cairlab/diagnostics/install/diagnostic_aggregator/share/diagnostic_aggregator/local_setup.zsh
[19.685s] -- Installing: /home/cairlab/diagnostics/install/diagnostic_aggregator/share/diagnostic_aggregator/local_setup.dsv
[19.685s] -- Installing: /home/cairlab/diagnostics/install/diagnostic_aggregator/share/diagnostic_aggregator/package.dsv
[19.686s] -- Installing: /home/cairlab/diagnostics/install/diagnostic_aggregator/share/ament_index/resource_index/packages/diagnostic_aggregator
[19.686s] -- Installing: /home/cairlab/diagnostics/install/diagnostic_aggregator/share/ament_index/resource_index/diagnostic_aggregator__pluginlib__plugin/diagnostic_aggregator
[19.686s] -- Installing: /home/cairlab/diagnostics/install/diagnostic_aggregator/share/diagnostic_aggregator/cmake/diagnostic_aggregatorTargetsExport.cmake
[19.686s] -- Installing: /home/cairlab/diagnostics/install/diagnostic_aggregator/share/diagnostic_aggregator/cmake/diagnostic_aggregatorTargetsExport-noconfig.cmake
[19.686s] -- Installing: /home/cairlab/diagnostics/install/diagnostic_aggregator/share/diagnostic_aggregator/cmake/ament_cmake_export_targets-extras.cmake
[19.687s] -- Installing: /home/cairlab/diagnostics/install/diagnostic_aggregator/share/diagnostic_aggregator/cmake/ament_cmake_export_include_directories-extras.cmake
[19.687s] -- Installing: /home/cairlab/diagnostics/install/diagnostic_aggregator/share/diagnostic_aggregator/cmake/ament_cmake_export_dependencies-extras.cmake
[19.687s] -- Installing: /home/cairlab/diagnostics/install/diagnostic_aggregator/share/diagnostic_aggregator/cmake/diagnostic_aggregatorConfig.cmake
[19.687s] -- Installing: /home/cairlab/diagnostics/install/diagnostic_aggregator/share/diagnostic_aggregator/cmake/diagnostic_aggregatorConfig-version.cmake
[19.688s] -- Installing: /home/cairlab/diagnostics/install/diagnostic_aggregator/share/diagnostic_aggregator/package.xml
[19.693s] Invoked command in '/home/cairlab/diagnostics/build/diagnostic_aggregator' returned '0': CMAKE_PREFIX_PATH=/opt/ros/humble /usr/bin/cmake --install /home/cairlab/diagnostics/build/diagnostic_aggregator
