[0.044s] Invoking command in '/home/loki/Documents/GitHub/saga_repo/build/loki_can_devices': CMAKE_PREFIX_PATH=/home/loki/Documents/GitHub/saga_repo/install/loki_msgs:/home/loki/Documents/GitHub/saga_repo/install/loki_description:/home/loki/Documents/GitHub/saga_repo/install/loki_bringup:/home/loki/Documents/GitHub/saga_repo/install/robot_bringup:/home/loki/Documents/GitHub/saga_repo/install/rasberry_gazebo:/home/loki/Documents/GitHub/saga_repo/install/loki_twist_mux:/home/loki/Documents/GitHub/saga_repo/install/loki_simulator:/home/loki/Documents/GitHub/saga_repo/install/loki_can_devices:/home/loki/Documents/GitHub/saga_repo/install/loki_teleop:/home/loki/Documents/GitHub/saga_repo/install/loki_base:/opt/ros/humble LD_LIBRARY_PATH=/home/loki/Documents/GitHub/saga_repo/install/loki_msgs/lib:/home/loki/Documents/GitHub/saga_repo/install/loki_can_devices/lib:/usr/lib/x86_64-linux-gnu/gazebo-11/plugins:/opt/ros/humble/opt/rviz_ogre_vendor/lib:/opt/ros/humble/lib/x86_64-linux-gnu:/opt/ros/humble/lib /usr/bin/cmake --build /home/loki/Documents/GitHub/saga_repo/build/loki_can_devices -- -j8 -l8
[0.087s] [35m[1mConsolidate compiler generated dependencies of target can[0m
[0.122s] [  9%] [32mBuilding CXX object CMakeFiles/can.dir/src/RoboteqFbl2360.cpp.o[0m
[0.122s] [ 18%] [32mBuilding CXX object CMakeFiles/can.dir/src/RoboteqFbl2360Diff.cpp.o[0m
[1.950s] [01m[K/home/loki/Documents/GitHub/saga_repo/ros2_thor/src/loki/loki_can_devices/src/RoboteqFbl2360Diff.cpp:[m[K In member function ‘[01m[Kvirtual bool RoboteqFbl2360Diff::sendDriveCommand(std::vector<CanFrame>&, int, double, double, double, bool)[m[K’:
[1.950s] [01m[K/home/loki/Documents/GitHub/saga_repo/ros2_thor/src/loki/loki_can_devices/src/RoboteqFbl2360Diff.cpp:540:1:[m[K [01;35m[Kwarning: [m[Kno return statement in function returning non-void [[01;35m[K]8;;https://gcc.gnu.org/onlinedocs/gcc/Warning-Options.html#index-Wreturn-type-Wreturn-type]8;;[m[K]
[1.950s]   540 | [01;35m[K}[m[K
[1.950s]       | [01;35m[K^[m[K
[2.493s] [ 27%] [32m[1mLinking CXX shared library libcan.so[0m
[2.668s] [ 81%] Built target can
[2.693s] [ 90%] [32mBuilding CXX object CMakeFiles/pytocpp.dir/src/py_to_cpp.cpp.o[0m
[21.341s] [100%] [32m[1mLinking CXX executable pytocpp[0m
[22.617s] [100%] Built target pytocpp
[22.624s] Invoked command in '/home/loki/Documents/GitHub/saga_repo/build/loki_can_devices' returned '0': CMAKE_PREFIX_PATH=/home/loki/Documents/GitHub/saga_repo/install/loki_msgs:/home/loki/Documents/GitHub/saga_repo/install/loki_description:/home/loki/Documents/GitHub/saga_repo/install/loki_bringup:/home/loki/Documents/GitHub/saga_repo/install/robot_bringup:/home/loki/Documents/GitHub/saga_repo/install/rasberry_gazebo:/home/loki/Documents/GitHub/saga_repo/install/loki_twist_mux:/home/loki/Documents/GitHub/saga_repo/install/loki_simulator:/home/loki/Documents/GitHub/saga_repo/install/loki_can_devices:/home/loki/Documents/GitHub/saga_repo/install/loki_teleop:/home/loki/Documents/GitHub/saga_repo/install/loki_base:/opt/ros/humble LD_LIBRARY_PATH=/home/loki/Documents/GitHub/saga_repo/install/loki_msgs/lib:/home/loki/Documents/GitHub/saga_repo/install/loki_can_devices/lib:/usr/lib/x86_64-linux-gnu/gazebo-11/plugins:/opt/ros/humble/opt/rviz_ogre_vendor/lib:/opt/ros/humble/lib/x86_64-linux-gnu:/opt/ros/humble/lib /usr/bin/cmake --build /home/loki/Documents/GitHub/saga_repo/build/loki_can_devices -- -j8 -l8
[22.662s] Invoking command in '/home/loki/Documents/GitHub/saga_repo/build/loki_can_devices': CMAKE_PREFIX_PATH=/home/loki/Documents/GitHub/saga_repo/install/loki_msgs:/home/loki/Documents/GitHub/saga_repo/install/loki_description:/home/loki/Documents/GitHub/saga_repo/install/loki_bringup:/home/loki/Documents/GitHub/saga_repo/install/robot_bringup:/home/loki/Documents/GitHub/saga_repo/install/rasberry_gazebo:/home/loki/Documents/GitHub/saga_repo/install/loki_twist_mux:/home/loki/Documents/GitHub/saga_repo/install/loki_simulator:/home/loki/Documents/GitHub/saga_repo/install/loki_can_devices:/home/loki/Documents/GitHub/saga_repo/install/loki_teleop:/home/loki/Documents/GitHub/saga_repo/install/loki_base:/opt/ros/humble LD_LIBRARY_PATH=/home/loki/Documents/GitHub/saga_repo/install/loki_msgs/lib:/home/loki/Documents/GitHub/saga_repo/install/loki_can_devices/lib:/usr/lib/x86_64-linux-gnu/gazebo-11/plugins:/opt/ros/humble/opt/rviz_ogre_vendor/lib:/opt/ros/humble/lib/x86_64-linux-gnu:/opt/ros/humble/lib /usr/bin/cmake --install /home/loki/Documents/GitHub/saga_repo/build/loki_can_devices
[22.667s] -- Install configuration: ""
[22.667s] -- Up-to-date: /home/loki/Documents/GitHub/saga_repo/install/loki_can_devices/include
[22.667s] -- Up-to-date: /home/loki/Documents/GitHub/saga_repo/install/loki_can_devices/include/loki_can_devices
[22.667s] -- Up-to-date: /home/loki/Documents/GitHub/saga_repo/install/loki_can_devices/include/loki_can_devices/kc_battery.h
[22.667s] -- Up-to-date: /home/loki/Documents/GitHub/saga_repo/install/loki_can_devices/include/loki_can_devices/RoboteqFbl2360.h
[22.667s] -- Up-to-date: /home/loki/Documents/GitHub/saga_repo/install/loki_can_devices/include/loki_can_devices/can_frame.h
[22.667s] -- Up-to-date: /home/loki/Documents/GitHub/saga_repo/install/loki_can_devices/include/loki_can_devices/can_line_socketcan.h
[22.667s] -- Up-to-date: /home/loki/Documents/GitHub/saga_repo/install/loki_can_devices/include/loki_can_devices/can_battery_itf.h
[22.667s] -- Up-to-date: /home/loki/Documents/GitHub/saga_repo/install/loki_can_devices/include/loki_can_devices/can_ctrl_pltf.h
[22.667s] -- Up-to-date: /home/loki/Documents/GitHub/saga_repo/install/loki_can_devices/include/loki_can_devices/RoboteqFbl2360Diff.h
[22.667s] -- Up-to-date: /home/loki/Documents/GitHub/saga_repo/install/loki_can_devices/include/loki_can_devices/can_io_v1uv.h
[22.667s] -- Up-to-date: /home/loki/Documents/GitHub/saga_repo/install/loki_can_devices/include/loki_can_devices/can_io_itf.h
[22.668s] -- Up-to-date: /home/loki/Documents/GitHub/saga_repo/install/loki_can_devices/include/loki_can_devices/can_line_itf.h
[22.668s] -- Up-to-date: /home/loki/Documents/GitHub/saga_repo/install/loki_can_devices/include/loki_can_devices/CanDriveItf.h
[22.668s] -- Up-to-date: /home/loki/Documents/GitHub/saga_repo/install/loki_can_devices/include/loki_can_devices/can_io_v1pcb.h
[22.668s] -- Up-to-date: /home/loki/Documents/GitHub/saga_repo/install/loki_can_devices/share/loki_can_devices/launch
[22.668s] -- Up-to-date: /home/loki/Documents/GitHub/saga_repo/install/loki_can_devices/share/loki_can_devices/launch/pytocpp.launch.py
[22.668s] -- Installing: /home/loki/Documents/GitHub/saga_repo/install/loki_can_devices/lib/libcan.so
[22.669s] -- Set runtime path of "/home/loki/Documents/GitHub/saga_repo/install/loki_can_devices/lib/libcan.so" to ""
[22.669s] -- Installing: /home/loki/Documents/GitHub/saga_repo/install/loki_can_devices/lib/loki_can_devices/pytocpp
[22.679s] -- Set runtime path of "/home/loki/Documents/GitHub/saga_repo/install/loki_can_devices/lib/loki_can_devices/pytocpp" to ""
[22.679s] -- Up-to-date: /home/loki/Documents/GitHub/saga_repo/install/loki_can_devices/share/loki_can_devices/environment/library_path.sh
[22.680s] -- Up-to-date: /home/loki/Documents/GitHub/saga_repo/install/loki_can_devices/share/loki_can_devices/environment/library_path.dsv
[22.680s] -- Up-to-date: /home/loki/Documents/GitHub/saga_repo/install/loki_can_devices/share/ament_index/resource_index/package_run_dependencies/loki_can_devices
[22.680s] -- Up-to-date: /home/loki/Documents/GitHub/saga_repo/install/loki_can_devices/share/ament_index/resource_index/parent_prefix_path/loki_can_devices
[22.680s] -- Up-to-date: /home/loki/Documents/GitHub/saga_repo/install/loki_can_devices/share/loki_can_devices/environment/ament_prefix_path.sh
[22.680s] -- Up-to-date: /home/loki/Documents/GitHub/saga_repo/install/loki_can_devices/share/loki_can_devices/environment/ament_prefix_path.dsv
[22.680s] -- Up-to-date: /home/loki/Documents/GitHub/saga_repo/install/loki_can_devices/share/loki_can_devices/environment/path.sh
[22.680s] -- Up-to-date: /home/loki/Documents/GitHub/saga_repo/install/loki_can_devices/share/loki_can_devices/environment/path.dsv
[22.680s] -- Up-to-date: /home/loki/Documents/GitHub/saga_repo/install/loki_can_devices/share/loki_can_devices/local_setup.bash
[22.680s] -- Up-to-date: /home/loki/Documents/GitHub/saga_repo/install/loki_can_devices/share/loki_can_devices/local_setup.sh
[22.680s] -- Up-to-date: /home/loki/Documents/GitHub/saga_repo/install/loki_can_devices/share/loki_can_devices/local_setup.zsh
[22.680s] -- Up-to-date: /home/loki/Documents/GitHub/saga_repo/install/loki_can_devices/share/loki_can_devices/local_setup.dsv
[22.680s] -- Installing: /home/loki/Documents/GitHub/saga_repo/install/loki_can_devices/share/loki_can_devices/package.dsv
[22.680s] -- Up-to-date: /home/loki/Documents/GitHub/saga_repo/install/loki_can_devices/share/ament_index/resource_index/packages/loki_can_devices
[22.680s] -- Up-to-date: /home/loki/Documents/GitHub/saga_repo/install/loki_can_devices/share/loki_can_devices/cmake/ConfigExtras.cmake
[22.680s] -- Up-to-date: /home/loki/Documents/GitHub/saga_repo/install/loki_can_devices/share/loki_can_devices/cmake/ament_cmake_export_dependencies-extras.cmake
[22.680s] -- Up-to-date: /home/loki/Documents/GitHub/saga_repo/install/loki_can_devices/share/loki_can_devices/cmake/ament_cmake_export_include_directories-extras.cmake
[22.680s] -- Up-to-date: /home/loki/Documents/GitHub/saga_repo/install/loki_can_devices/share/loki_can_devices/cmake/ament_cmake_export_libraries-extras.cmake
[22.680s] -- Up-to-date: /home/loki/Documents/GitHub/saga_repo/install/loki_can_devices/share/loki_can_devices/cmake/loki_can_devicesConfig.cmake
[22.680s] -- Up-to-date: /home/loki/Documents/GitHub/saga_repo/install/loki_can_devices/share/loki_can_devices/cmake/loki_can_devicesConfig-version.cmake
[22.680s] -- Up-to-date: /home/loki/Documents/GitHub/saga_repo/install/loki_can_devices/share/loki_can_devices/package.xml
[22.681s] Invoked command in '/home/loki/Documents/GitHub/saga_repo/build/loki_can_devices' returned '0': CMAKE_PREFIX_PATH=/home/loki/Documents/GitHub/saga_repo/install/loki_msgs:/home/loki/Documents/GitHub/saga_repo/install/loki_description:/home/loki/Documents/GitHub/saga_repo/install/loki_bringup:/home/loki/Documents/GitHub/saga_repo/install/robot_bringup:/home/loki/Documents/GitHub/saga_repo/install/rasberry_gazebo:/home/loki/Documents/GitHub/saga_repo/install/loki_twist_mux:/home/loki/Documents/GitHub/saga_repo/install/loki_simulator:/home/loki/Documents/GitHub/saga_repo/install/loki_can_devices:/home/loki/Documents/GitHub/saga_repo/install/loki_teleop:/home/loki/Documents/GitHub/saga_repo/install/loki_base:/opt/ros/humble LD_LIBRARY_PATH=/home/loki/Documents/GitHub/saga_repo/install/loki_msgs/lib:/home/loki/Documents/GitHub/saga_repo/install/loki_can_devices/lib:/usr/lib/x86_64-linux-gnu/gazebo-11/plugins:/opt/ros/humble/opt/rviz_ogre_vendor/lib:/opt/ros/humble/lib/x86_64-linux-gnu:/opt/ros/humble/lib /usr/bin/cmake --install /home/loki/Documents/GitHub/saga_repo/build/loki_can_devices
