-- Install configuration: ""
-- Up-to-date: /home/odin/Documents/GitHub/saga_repo/install/rasberry_gazebo/lib/rasberry_gazebo/move_base_seq.py
-- Up-to-date: /home/odin/Documents/GitHub/saga_repo/install/rasberry_gazebo/share/rasberry_gazebo/launch
-- Up-to-date: /home/odin/Documents/GitHub/saga_repo/install/rasberry_gazebo/share/rasberry_gazebo/launch/spawn_thorvald.launch.py
-- Up-to-date: /home/odin/Documents/GitHub/saga_repo/install/rasberry_gazebo/share/rasberry_gazebo/launch/thorvald_playpen.launch.py
-- Installing: /home/odin/Documents/GitHub/saga_repo/install/rasberry_gazebo/share/rasberry_gazebo/launch/gazebo.launch.py
-- Up-to-date: /home/odin/Documents/GitHub/saga_repo/install/rasberry_gazebo/share/rasberry_gazebo/launch/world.launch
-- Up-to-date: /home/odin/Documents/GitHub/saga_repo/install/rasberry_gazebo/share/rasberry_gazebo/worlds
-- Up-to-date: /home/odin/Documents/GitHub/saga_repo/install/rasberry_gazebo/share/rasberry_gazebo/worlds/empty_grass.world
-- Up-to-date: /home/odin/Documents/GitHub/saga_repo/install/rasberry_gazebo/share/ament_index/resource_index/package_run_dependencies/rasberry_gazebo
-- Up-to-date: /home/odin/Documents/GitHub/saga_repo/install/rasberry_gazebo/share/ament_index/resource_index/parent_prefix_path/rasberry_gazebo
-- Up-to-date: /home/odin/Documents/GitHub/saga_repo/install/rasberry_gazebo/share/rasberry_gazebo/environment/ament_prefix_path.sh
-- Up-to-date: /home/odin/Documents/GitHub/saga_repo/install/rasberry_gazebo/share/rasberry_gazebo/environment/ament_prefix_path.dsv
-- Up-to-date: /home/odin/Documents/GitHub/saga_repo/install/rasberry_gazebo/share/rasberry_gazebo/environment/path.sh
-- Up-to-date: /home/odin/Documents/GitHub/saga_repo/install/rasberry_gazebo/share/rasberry_gazebo/environment/path.dsv
-- Up-to-date: /home/odin/Documents/GitHub/saga_repo/install/rasberry_gazebo/share/rasberry_gazebo/local_setup.bash
-- Up-to-date: /home/odin/Documents/GitHub/saga_repo/install/rasberry_gazebo/share/rasberry_gazebo/local_setup.sh
-- Up-to-date: /home/odin/Documents/GitHub/saga_repo/install/rasberry_gazebo/share/rasberry_gazebo/local_setup.zsh
-- Up-to-date: /home/odin/Documents/GitHub/saga_repo/install/rasberry_gazebo/share/rasberry_gazebo/local_setup.dsv
-- Installing: /home/odin/Documents/GitHub/saga_repo/install/rasberry_gazebo/share/rasberry_gazebo/package.dsv
-- Up-to-date: /home/odin/Documents/GitHub/saga_repo/install/rasberry_gazebo/share/ament_index/resource_index/packages/rasberry_gazebo
-- Up-to-date: /home/odin/Documents/GitHub/saga_repo/install/rasberry_gazebo/share/rasberry_gazebo/cmake/rasberry_gazeboConfig.cmake
-- Up-to-date: /home/odin/Documents/GitHub/saga_repo/install/rasberry_gazebo/share/rasberry_gazebo/cmake/rasberry_gazeboConfig-version.cmake
-- Up-to-date: /home/odin/Documents/GitHub/saga_repo/install/rasberry_gazebo/share/rasberry_gazebo/package.xml
