[2.017s] Invoking command in '/home/cairlab/Documents/GitHub/saga_repo/ros2_thor/src/loki/loki_teleop': AMENT_PREFIX_PATH=/home/cairlab/Documents/GitHub/saga_repo/install/twist_mux:${AMENT_PREFIX_PATH} CMAKE_PREFIX_PATH=/home/cairlab/Documents/GitHub/saga_repo/install/twist_mux PYTHONPATH=/home/cairlab/Documents/GitHub/saga_repo/build/loki_teleop/prefix_override:/home/cairlab/Documents/GitHub/saga_repo/install/loki_teleop/lib/python3.10/site-packages:${PYTHONPATH} /usr/bin/python3 setup.py egg_info --egg-base ../../../../build/loki_teleop build --build-base /home/cairlab/Documents/GitHub/saga_repo/build/loki_teleop/build install --record /home/cairlab/Documents/GitHub/saga_repo/build/loki_teleop/install.log --single-version-externally-managed
[2.232s] running egg_info
[2.232s] creating ../../../../build/loki_teleop/loki_teleop.egg-info
[2.250s] writing ../../../../build/loki_teleop/loki_teleop.egg-info/PKG-INFO
[2.250s] writing dependency_links to ../../../../build/loki_teleop/loki_teleop.egg-info/dependency_links.txt
[2.251s] writing entry points to ../../../../build/loki_teleop/loki_teleop.egg-info/entry_points.txt
[2.251s] writing requirements to ../../../../build/loki_teleop/loki_teleop.egg-info/requires.txt
[2.251s] writing top-level names to ../../../../build/loki_teleop/loki_teleop.egg-info/top_level.txt
[2.251s] writing manifest file '../../../../build/loki_teleop/loki_teleop.egg-info/SOURCES.txt'
[2.280s] reading manifest file '../../../../build/loki_teleop/loki_teleop.egg-info/SOURCES.txt'
[2.281s] writing manifest file '../../../../build/loki_teleop/loki_teleop.egg-info/SOURCES.txt'
[2.281s] running build
[2.281s] running build_py
[2.281s] creating /home/cairlab/Documents/GitHub/saga_repo/build/loki_teleop/build
[2.281s] creating /home/cairlab/Documents/GitHub/saga_repo/build/loki_teleop/build/lib
[2.281s] creating /home/cairlab/Documents/GitHub/saga_repo/build/loki_teleop/build/lib/loki_teleop
[2.282s] copying loki_teleop/teleop_node.py -> /home/cairlab/Documents/GitHub/saga_repo/build/loki_teleop/build/lib/loki_teleop
[2.282s] copying loki_teleop/__init__.py -> /home/cairlab/Documents/GitHub/saga_repo/build/loki_teleop/build/lib/loki_teleop
[2.282s] running install
[2.282s] /home/cairlab/.local/lib/python3.10/site-packages/setuptools/_distutils/cmd.py:66: SetuptoolsDeprecationWarning: setup.py install is deprecated.
[2.283s] !!
[2.283s] 
[2.283s]         ********************************************************************************
[2.283s]         Please avoid running ``setup.py`` directly.
[2.283s]         Instead, use pypa/build, pypa/installer or other
[2.283s]         standards-based tools.
[2.283s] 
[2.283s]         See https://blog.ganssle.io/articles/2021/10/setup-py-deprecated.html for details.
[2.283s]         ********************************************************************************
[2.283s] 
[2.283s] !!
[2.283s]   self.initialize_options()
[2.287s] running install_lib
[2.301s] creating /home/cairlab/Documents/GitHub/saga_repo/install/loki_teleop/lib/python3.10/site-packages/loki_teleop
[2.301s] copying /home/cairlab/Documents/GitHub/saga_repo/build/loki_teleop/build/lib/loki_teleop/teleop_node.py -> /home/cairlab/Documents/GitHub/saga_repo/install/loki_teleop/lib/python3.10/site-packages/loki_teleop
[2.301s] copying /home/cairlab/Documents/GitHub/saga_repo/build/loki_teleop/build/lib/loki_teleop/__init__.py -> /home/cairlab/Documents/GitHub/saga_repo/install/loki_teleop/lib/python3.10/site-packages/loki_teleop
[2.302s] byte-compiling /home/cairlab/Documents/GitHub/saga_repo/install/loki_teleop/lib/python3.10/site-packages/loki_teleop/teleop_node.py to teleop_node.cpython-310.pyc
[2.304s] byte-compiling /home/cairlab/Documents/GitHub/saga_repo/install/loki_teleop/lib/python3.10/site-packages/loki_teleop/__init__.py to __init__.cpython-310.pyc
[2.304s] running install_data
[2.317s] creating /home/cairlab/Documents/GitHub/saga_repo/install/loki_teleop/share/ament_index
[2.317s] creating /home/cairlab/Documents/GitHub/saga_repo/install/loki_teleop/share/ament_index/resource_index
[2.317s] creating /home/cairlab/Documents/GitHub/saga_repo/install/loki_teleop/share/ament_index/resource_index/packages
[2.317s] copying resource/loki_teleop -> /home/cairlab/Documents/GitHub/saga_repo/install/loki_teleop/share/ament_index/resource_index/packages
[2.317s] copying package.xml -> /home/cairlab/Documents/GitHub/saga_repo/install/loki_teleop/share/loki_teleop
[2.317s] creating /home/cairlab/Documents/GitHub/saga_repo/install/loki_teleop/share/loki_teleop/launch
[2.317s] copying launch/teleop_xbox.launch -> /home/cairlab/Documents/GitHub/saga_repo/install/loki_teleop/share/loki_teleop/launch
[2.318s] copying launch/teleop.launch -> /home/cairlab/Documents/GitHub/saga_repo/install/loki_teleop/share/loki_teleop/launch
[2.318s] running install_egg_info
[2.334s] Copying ../../../../build/loki_teleop/loki_teleop.egg-info to /home/cairlab/Documents/GitHub/saga_repo/install/loki_teleop/lib/python3.10/site-packages/loki_teleop-2.0.0-py3.10.egg-info
[2.335s] running install_scripts
[2.484s] Installing teleop_node script to /home/cairlab/Documents/GitHub/saga_repo/install/loki_teleop/lib/loki_teleop
[2.484s] writing list of installed files to '/home/cairlab/Documents/GitHub/saga_repo/build/loki_teleop/install.log'
[2.506s] Invoked command in '/home/cairlab/Documents/GitHub/saga_repo/ros2_thor/src/loki/loki_teleop' returned '0': AMENT_PREFIX_PATH=/home/cairlab/Documents/GitHub/saga_repo/install/twist_mux:${AMENT_PREFIX_PATH} CMAKE_PREFIX_PATH=/home/cairlab/Documents/GitHub/saga_repo/install/twist_mux PYTHONPATH=/home/cairlab/Documents/GitHub/saga_repo/build/loki_teleop/prefix_override:/home/cairlab/Documents/GitHub/saga_repo/install/loki_teleop/lib/python3.10/site-packages:${PYTHONPATH} /usr/bin/python3 setup.py egg_info --egg-base ../../../../build/loki_teleop build --build-base /home/cairlab/Documents/GitHub/saga_repo/build/loki_teleop/build install --record /home/cairlab/Documents/GitHub/saga_repo/build/loki_teleop/install.log --single-version-externally-managed
