[0.232s] Invoking command in '/home/odin/Documents/GitHub/saga_repo/build/rasberry_gazebo': CMAKE_PREFIX_PATH=/opt/ros/humble /usr/bin/cmake /home/odin/Documents/GitHub/saga_repo/ros2_thor/src/loki/rasberry_gazebo -DCMAKE_INSTALL_PREFIX=/home/odin/Documents/GitHub/saga_repo/install/rasberry_gazebo
[0.239s] -- Found ament_cmake: 1.3.5 (/opt/ros/humble/share/ament_cmake/cmake)
[0.340s] -- Found rclcpp: 16.0.6 (/opt/ros/humble/share/rclcpp/cmake)
[0.359s] -- Found rosidl_generator_c: 3.1.5 (/opt/ros/humble/share/rosidl_generator_c/cmake)
[0.361s] -- Found rosidl_adapter: 3.1.5 (/opt/ros/humble/share/rosidl_adapter/cmake)
[0.365s] -- Found rosidl_generator_cpp: 3.1.5 (/opt/ros/humble/share/rosidl_generator_cpp/cmake)
[0.373s] -- Using all available rosidl_typesupport_c: rosidl_typesupport_fastrtps_c;rosidl_typesupport_introspection_c
[0.384s] -- Using all available rosidl_typesupport_cpp: rosidl_typesupport_fastrtps_cpp;rosidl_typesupport_introspection_cpp
[0.424s] -- Found rmw_implementation_cmake: 6.1.1 (/opt/ros/humble/share/rmw_implementation_cmake/cmake)
[0.425s] -- Found rmw_fastrtps_cpp: 6.2.4 (/opt/ros/humble/share/rmw_fastrtps_cpp/cmake)
[0.503s] -- Using RMW implementation 'rmw_fastrtps_cpp' as default
[0.614s] -- Found rclpy: 3.3.10 (/opt/ros/humble/share/rclpy/cmake)
[0.615s] -- Found control_msgs: 4.4.0 (/opt/ros/humble/share/control_msgs/cmake)
[0.949s] -- Found tf2: 0.25.4 (/opt/ros/humble/share/tf2/cmake)
[0.962s] -- Configuring incomplete, errors occurred!
[0.962s] See also "/home/odin/Documents/GitHub/saga_repo/build/rasberry_gazebo/CMakeFiles/CMakeOutput.log".
[0.963s] [31mCMake Error at CMakeLists.txt:13 (find_package):
[0.963s]   By not providing "Findgazebo_ros_pkgs.cmake" in CMAKE_MODULE_PATH this
[0.963s]   project has asked CMake to find a package configuration file provided by
[0.963s]   "gazebo_ros_pkgs", but CMake did not find one.
[0.963s] 
[0.963s]   Could not find a package configuration file provided by "gazebo_ros_pkgs"
[0.963s]   with any of the following names:
[0.963s] 
[0.963s]     gazebo_ros_pkgsConfig.cmake
[0.963s]     gazebo_ros_pkgs-config.cmake
[0.963s] 
[0.963s]   Add the installation prefix of "gazebo_ros_pkgs" to CMAKE_PREFIX_PATH or
[0.963s]   set "gazebo_ros_pkgs_DIR" to a directory containing one of the above files.
[0.963s]   If "gazebo_ros_pkgs" provides a separate development package or SDK, be
[0.963s]   sure it has been installed.
[0.963s] 
[0.963s] [0m
