[1.472s] Invoking command in '/home/loki/Documents/GitHub/saga_repo/ros2_thor/src/loki/loki_base': AMENT_PREFIX_PATH=/home/loki/Documents/GitHub/saga_repo/install/loki_can_devices:/home/loki/Documents/GitHub/saga_repo/install/loki_msgs:/home/loki/Documents/GitHub/saga_repo/install/loki_description:${AMENT_PREFIX_PATH} CMAKE_PREFIX_PATH=/home/loki/Documents/GitHub/saga_repo/install/loki_can_devices:/home/loki/Documents/GitHub/saga_repo/install/loki_msgs:/home/loki/Documents/GitHub/saga_repo/install/loki_description LD_LIBRARY_PATH=/home/loki/Documents/GitHub/saga_repo/install/loki_can_devices/lib:/home/loki/Documents/GitHub/saga_repo/install/loki_msgs/lib:${LD_LIBRARY_PATH} PYTHONPATH=/home/loki/Documents/GitHub/saga_repo/build/loki_base/prefix_override:/home/loki/Documents/GitHub/saga_repo/install/loki_base/lib/python3.10/site-packages:/home/loki/Documents/GitHub/saga_repo/install/loki_msgs/local/lib/python3.10/dist-packages:${PYTHONPATH} /usr/bin/python3 setup.py egg_info --egg-base ../../../../build/loki_base build --build-base /home/loki/Documents/GitHub/saga_repo/build/loki_base/build install --record /home/loki/Documents/GitHub/saga_repo/build/loki_base/install.log --single-version-externally-managed
[1.975s] running egg_info
[1.976s] creating ../../../../build/loki_base/loki_base.egg-info
[1.978s] writing ../../../../build/loki_base/loki_base.egg-info/PKG-INFO
[1.978s] writing dependency_links to ../../../../build/loki_base/loki_base.egg-info/dependency_links.txt
[1.979s] writing entry points to ../../../../build/loki_base/loki_base.egg-info/entry_points.txt
[1.979s] writing requirements to ../../../../build/loki_base/loki_base.egg-info/requires.txt
[1.979s] writing top-level names to ../../../../build/loki_base/loki_base.egg-info/top_level.txt
[1.979s] writing manifest file '../../../../build/loki_base/loki_base.egg-info/SOURCES.txt'
[1.982s] reading manifest file '../../../../build/loki_base/loki_base.egg-info/SOURCES.txt'
[1.984s] writing manifest file '../../../../build/loki_base/loki_base.egg-info/SOURCES.txt'
[1.984s] running build
[1.984s] running build_py
[1.985s] creating /home/loki/Documents/GitHub/saga_repo/build/loki_base/build
[1.985s] creating /home/loki/Documents/GitHub/saga_repo/build/loki_base/build/lib
[1.986s] creating /home/loki/Documents/GitHub/saga_repo/build/loki_base/build/lib/loki_base
[1.986s] copying loki_base/base_driver.py -> /home/loki/Documents/GitHub/saga_repo/build/loki_base/build/lib/loki_base
[1.988s] copying loki_base/canframe.py -> /home/loki/Documents/GitHub/saga_repo/build/loki_base/build/lib/loki_base
[1.988s] copying loki_base/pltf_clc_std.py -> /home/loki/Documents/GitHub/saga_repo/build/loki_base/build/lib/loki_base
[1.989s] copying loki_base/Py_Base_State.py -> /home/loki/Documents/GitHub/saga_repo/build/loki_base/build/lib/loki_base
[1.990s] copying loki_base/enclosure_board_serial.py -> /home/loki/Documents/GitHub/saga_repo/build/loki_base/build/lib/loki_base
[1.991s] copying loki_base/__init__.py -> /home/loki/Documents/GitHub/saga_repo/build/loki_base/build/lib/loki_base
[1.991s] copying loki_base/isaac_wheels.py -> /home/loki/Documents/GitHub/saga_repo/build/loki_base/build/lib/loki_base
[1.992s] running install
[1.993s] /usr/lib/python3/dist-packages/setuptools/command/install.py:34: SetuptoolsDeprecationWarning: setup.py install is deprecated. Use build and pip and other standards-based tools.
[1.993s]   warnings.warn(
[1.994s] running install_lib
[1.996s] creating /home/loki/Documents/GitHub/saga_repo/install/loki_base/lib/python3.10/site-packages/loki_base
[1.996s] copying /home/loki/Documents/GitHub/saga_repo/build/loki_base/build/lib/loki_base/base_driver.py -> /home/loki/Documents/GitHub/saga_repo/install/loki_base/lib/python3.10/site-packages/loki_base
[1.997s] copying /home/loki/Documents/GitHub/saga_repo/build/loki_base/build/lib/loki_base/canframe.py -> /home/loki/Documents/GitHub/saga_repo/install/loki_base/lib/python3.10/site-packages/loki_base
[1.997s] copying /home/loki/Documents/GitHub/saga_repo/build/loki_base/build/lib/loki_base/pltf_clc_std.py -> /home/loki/Documents/GitHub/saga_repo/install/loki_base/lib/python3.10/site-packages/loki_base
[1.998s] copying /home/loki/Documents/GitHub/saga_repo/build/loki_base/build/lib/loki_base/Py_Base_State.py -> /home/loki/Documents/GitHub/saga_repo/install/loki_base/lib/python3.10/site-packages/loki_base
[1.998s] copying /home/loki/Documents/GitHub/saga_repo/build/loki_base/build/lib/loki_base/enclosure_board_serial.py -> /home/loki/Documents/GitHub/saga_repo/install/loki_base/lib/python3.10/site-packages/loki_base
[1.999s] copying /home/loki/Documents/GitHub/saga_repo/build/loki_base/build/lib/loki_base/__init__.py -> /home/loki/Documents/GitHub/saga_repo/install/loki_base/lib/python3.10/site-packages/loki_base
[1.999s] copying /home/loki/Documents/GitHub/saga_repo/build/loki_base/build/lib/loki_base/isaac_wheels.py -> /home/loki/Documents/GitHub/saga_repo/install/loki_base/lib/python3.10/site-packages/loki_base
[2.001s] byte-compiling /home/loki/Documents/GitHub/saga_repo/install/loki_base/lib/python3.10/site-packages/loki_base/base_driver.py to base_driver.cpython-310.pyc
[2.012s] byte-compiling /home/loki/Documents/GitHub/saga_repo/install/loki_base/lib/python3.10/site-packages/loki_base/canframe.py to canframe.cpython-310.pyc
[2.012s] byte-compiling /home/loki/Documents/GitHub/saga_repo/install/loki_base/lib/python3.10/site-packages/loki_base/pltf_clc_std.py to pltf_clc_std.cpython-310.pyc
[2.017s] byte-compiling /home/loki/Documents/GitHub/saga_repo/install/loki_base/lib/python3.10/site-packages/loki_base/Py_Base_State.py to Py_Base_State.cpython-310.pyc
[2.018s] byte-compiling /home/loki/Documents/GitHub/saga_repo/install/loki_base/lib/python3.10/site-packages/loki_base/enclosure_board_serial.py to enclosure_board_serial.cpython-310.pyc
[2.025s] byte-compiling /home/loki/Documents/GitHub/saga_repo/install/loki_base/lib/python3.10/site-packages/loki_base/__init__.py to __init__.cpython-310.pyc
[2.025s] byte-compiling /home/loki/Documents/GitHub/saga_repo/install/loki_base/lib/python3.10/site-packages/loki_base/isaac_wheels.py to isaac_wheels.cpython-310.pyc
[2.027s] running install_data
[2.028s] creating /home/loki/Documents/GitHub/saga_repo/install/loki_base/share/ament_index
[2.028s] creating /home/loki/Documents/GitHub/saga_repo/install/loki_base/share/ament_index/resource_index
[2.029s] creating /home/loki/Documents/GitHub/saga_repo/install/loki_base/share/ament_index/resource_index/packages
[2.029s] copying resource/loki_base -> /home/loki/Documents/GitHub/saga_repo/install/loki_base/share/ament_index/resource_index/packages
[2.029s] copying package.xml -> /home/loki/Documents/GitHub/saga_repo/install/loki_base/share/loki_base
[2.030s] creating /home/loki/Documents/GitHub/saga_repo/install/loki_base/share/loki_base/launch
[2.030s] copying launch/base_bringup.launch.py -> /home/loki/Documents/GitHub/saga_repo/install/loki_base/share/loki_base/launch
[2.031s] creating /home/loki/Documents/GitHub/saga_repo/install/loki_base/share/loki_base/config
[2.031s] copying config/robot_017.yaml -> /home/loki/Documents/GitHub/saga_repo/install/loki_base/share/loki_base/config
[2.032s] running install_egg_info
[2.035s] Copying ../../../../build/loki_base/loki_base.egg-info to /home/loki/Documents/GitHub/saga_repo/install/loki_base/lib/python3.10/site-packages/loki_base-2.0.0-py3.10.egg-info
[2.037s] running install_scripts
[2.079s] Installing base_driver script to /home/loki/Documents/GitHub/saga_repo/install/loki_base/lib/loki_base
[2.080s] Installing enlcosure_board_serial script to /home/loki/Documents/GitHub/saga_repo/install/loki_base/lib/loki_base
[2.080s] Installing isaac_wheels script to /home/loki/Documents/GitHub/saga_repo/install/loki_base/lib/loki_base
[2.081s] writing list of installed files to '/home/loki/Documents/GitHub/saga_repo/build/loki_base/install.log'
[2.136s] Invoked command in '/home/loki/Documents/GitHub/saga_repo/ros2_thor/src/loki/loki_base' returned '0': AMENT_PREFIX_PATH=/home/loki/Documents/GitHub/saga_repo/install/loki_can_devices:/home/loki/Documents/GitHub/saga_repo/install/loki_msgs:/home/loki/Documents/GitHub/saga_repo/install/loki_description:${AMENT_PREFIX_PATH} CMAKE_PREFIX_PATH=/home/loki/Documents/GitHub/saga_repo/install/loki_can_devices:/home/loki/Documents/GitHub/saga_repo/install/loki_msgs:/home/loki/Documents/GitHub/saga_repo/install/loki_description LD_LIBRARY_PATH=/home/loki/Documents/GitHub/saga_repo/install/loki_can_devices/lib:/home/loki/Documents/GitHub/saga_repo/install/loki_msgs/lib:${LD_LIBRARY_PATH} PYTHONPATH=/home/loki/Documents/GitHub/saga_repo/build/loki_base/prefix_override:/home/loki/Documents/GitHub/saga_repo/install/loki_base/lib/python3.10/site-packages:/home/loki/Documents/GitHub/saga_repo/install/loki_msgs/local/lib/python3.10/dist-packages:${PYTHONPATH} /usr/bin/python3 setup.py egg_info --egg-base ../../../../build/loki_base build --build-base /home/loki/Documents/GitHub/saga_repo/build/loki_base/build install --record /home/loki/Documents/GitHub/saga_repo/build/loki_base/install.log --single-version-externally-managed
