[0.274s] DEBUG:colcon:Command line arguments: ['/usr/bin/colcon', 'build']
[0.274s] DEBUG:colcon:Parsed command line arguments: Namespace(log_base=None, log_level=None, verb_name='build', build_base='build', install_base='install', merge_install=False, symlink_install=False, test_result_base=None, continue_on_error=False, executor='parallel', parallel_workers=12, event_handlers=None, ignore_user_meta=False, metas=['./colcon.meta'], base_paths=['.'], packages_ignore=None, packages_ignore_regex=None, paths=None, packages_up_to=None, packages_up_to_regex=None, packages_above=None, packages_above_and_dependencies=None, packages_above_depth=None, packages_select_by_dep=None, packages_skip_by_dep=None, packages_skip_up_to=None, packages_select_build_failed=False, packages_skip_build_finished=False, packages_select_test_failures=False, packages_skip_test_passed=False, packages_select=None, packages_skip=None, packages_select_regex=None, packages_skip_regex=None, packages_start=None, packages_end=None, allow_overriding=[], cmake_args=None, cmake_target=None, cmake_target_skip_unavailable=False, cmake_clean_cache=False, cmake_clean_first=False, cmake_force_configure=False, ament_cmake_args=None, catkin_cmake_args=None, catkin_skip_building_tests=False, verb_parser=<colcon_defaults.argument_parser.defaults.DefaultArgumentsDecorator object at 0x7f3bcbdf4250>, verb_extension=<colcon_core.verb.build.BuildVerb object at 0x7f3bcc6c79a0>, main=<bound method BuildVerb.main of <colcon_core.verb.build.BuildVerb object at 0x7f3bcc6c79a0>>)
[0.291s] Level 1:colcon.colcon_core.package_discovery:discover_packages(colcon_meta) check parameters
[0.291s] Level 1:colcon.colcon_core.package_discovery:discover_packages(recursive) check parameters
[0.291s] Level 1:colcon.colcon_core.package_discovery:discover_packages(ignore) check parameters
[0.291s] Level 1:colcon.colcon_core.package_discovery:discover_packages(path) check parameters
[0.291s] Level 1:colcon.colcon_core.package_discovery:discover_packages(colcon_meta) discover
[0.291s] Level 1:colcon.colcon_core.package_discovery:discover_packages(recursive) discover
[0.292s] INFO:colcon.colcon_core.package_discovery:Crawling recursively for packages in '/home/cairlab/twist_mux/diagnostics'
[0.292s] Level 1:colcon.colcon_core.package_identification:_identify(.) by extensions ['ignore', 'ignore_ament_install']
[0.292s] Level 1:colcon.colcon_core.package_identification:_identify(.) by extension 'ignore'
[0.292s] Level 1:colcon.colcon_core.package_identification:_identify(.) by extension 'ignore_ament_install'
[0.292s] Level 1:colcon.colcon_core.package_identification:_identify(.) by extensions ['colcon_pkg']
[0.292s] Level 1:colcon.colcon_core.package_identification:_identify(.) by extension 'colcon_pkg'
[0.292s] Level 1:colcon.colcon_core.package_identification:_identify(.) by extensions ['colcon_meta']
[0.292s] Level 1:colcon.colcon_core.package_identification:_identify(.) by extension 'colcon_meta'
[0.292s] Level 1:colcon.colcon_core.package_identification:_identify(.) by extensions ['ros']
[0.292s] Level 1:colcon.colcon_core.package_identification:_identify(.) by extension 'ros'
[0.300s] Level 1:colcon.colcon_core.package_identification:_identify(.) by extensions ['cmake', 'python']
[0.300s] Level 1:colcon.colcon_core.package_identification:_identify(.) by extension 'cmake'
[0.300s] Level 1:colcon.colcon_core.package_identification:_identify(.) by extension 'python'
[0.300s] Level 1:colcon.colcon_core.package_identification:_identify(.) by extensions ['python_setup_py']
[0.300s] Level 1:colcon.colcon_core.package_identification:_identify(.) by extension 'python_setup_py'
[0.300s] Level 1:colcon.colcon_core.package_identification:_identify(build) by extensions ['ignore', 'ignore_ament_install']
[0.300s] Level 1:colcon.colcon_core.package_identification:_identify(build) by extension 'ignore'
[0.300s] Level 1:colcon.colcon_core.package_identification:_identify(build) ignored
[0.301s] Level 1:colcon.colcon_core.package_identification:_identify(diagnostic_aggregator) by extensions ['ignore', 'ignore_ament_install']
[0.301s] Level 1:colcon.colcon_core.package_identification:_identify(diagnostic_aggregator) by extension 'ignore'
[0.301s] Level 1:colcon.colcon_core.package_identification:_identify(diagnostic_aggregator) by extension 'ignore_ament_install'
[0.301s] Level 1:colcon.colcon_core.package_identification:_identify(diagnostic_aggregator) by extensions ['colcon_pkg']
[0.301s] Level 1:colcon.colcon_core.package_identification:_identify(diagnostic_aggregator) by extension 'colcon_pkg'
[0.301s] Level 1:colcon.colcon_core.package_identification:_identify(diagnostic_aggregator) by extensions ['colcon_meta']
[0.301s] Level 1:colcon.colcon_core.package_identification:_identify(diagnostic_aggregator) by extension 'colcon_meta'
[0.301s] Level 1:colcon.colcon_core.package_identification:_identify(diagnostic_aggregator) by extensions ['ros']
[0.301s] Level 1:colcon.colcon_core.package_identification:_identify(diagnostic_aggregator) by extension 'ros'
[0.303s] DEBUG:colcon.colcon_core.package_identification:Package 'diagnostic_aggregator' with type 'ros.ament_cmake' and name 'diagnostic_aggregator'
[0.303s] Level 1:colcon.colcon_core.package_identification:_identify(diagnostic_common_diagnostics) by extensions ['ignore', 'ignore_ament_install']
[0.303s] Level 1:colcon.colcon_core.package_identification:_identify(diagnostic_common_diagnostics) by extension 'ignore'
[0.303s] Level 1:colcon.colcon_core.package_identification:_identify(diagnostic_common_diagnostics) by extension 'ignore_ament_install'
[0.303s] Level 1:colcon.colcon_core.package_identification:_identify(diagnostic_common_diagnostics) by extensions ['colcon_pkg']
[0.303s] Level 1:colcon.colcon_core.package_identification:_identify(diagnostic_common_diagnostics) by extension 'colcon_pkg'
[0.303s] Level 1:colcon.colcon_core.package_identification:_identify(diagnostic_common_diagnostics) by extensions ['colcon_meta']
[0.303s] Level 1:colcon.colcon_core.package_identification:_identify(diagnostic_common_diagnostics) by extension 'colcon_meta'
[0.303s] Level 1:colcon.colcon_core.package_identification:_identify(diagnostic_common_diagnostics) by extensions ['ros']
[0.303s] Level 1:colcon.colcon_core.package_identification:_identify(diagnostic_common_diagnostics) by extension 'ros'
[0.303s] DEBUG:colcon.colcon_core.package_identification:Package 'diagnostic_common_diagnostics' with type 'ros.ament_cmake' and name 'diagnostic_common_diagnostics'
[0.304s] Level 1:colcon.colcon_core.package_identification:_identify(diagnostic_updater) by extensions ['ignore', 'ignore_ament_install']
[0.304s] Level 1:colcon.colcon_core.package_identification:_identify(diagnostic_updater) by extension 'ignore'
[0.304s] Level 1:colcon.colcon_core.package_identification:_identify(diagnostic_updater) by extension 'ignore_ament_install'
[0.304s] Level 1:colcon.colcon_core.package_identification:_identify(diagnostic_updater) by extensions ['colcon_pkg']
[0.304s] Level 1:colcon.colcon_core.package_identification:_identify(diagnostic_updater) by extension 'colcon_pkg'
[0.304s] Level 1:colcon.colcon_core.package_identification:_identify(diagnostic_updater) by extensions ['colcon_meta']
[0.304s] Level 1:colcon.colcon_core.package_identification:_identify(diagnostic_updater) by extension 'colcon_meta'
[0.304s] Level 1:colcon.colcon_core.package_identification:_identify(diagnostic_updater) by extensions ['ros']
[0.304s] Level 1:colcon.colcon_core.package_identification:_identify(diagnostic_updater) by extension 'ros'
[0.305s] DEBUG:colcon.colcon_core.package_identification:Package 'diagnostic_updater' with type 'ros.ament_cmake' and name 'diagnostic_updater'
[0.305s] Level 1:colcon.colcon_core.package_identification:_identify(diagnostics) by extensions ['ignore', 'ignore_ament_install']
[0.305s] Level 1:colcon.colcon_core.package_identification:_identify(diagnostics) by extension 'ignore'
[0.305s] Level 1:colcon.colcon_core.package_identification:_identify(diagnostics) by extension 'ignore_ament_install'
[0.305s] Level 1:colcon.colcon_core.package_identification:_identify(diagnostics) by extensions ['colcon_pkg']
[0.305s] Level 1:colcon.colcon_core.package_identification:_identify(diagnostics) by extension 'colcon_pkg'
[0.305s] Level 1:colcon.colcon_core.package_identification:_identify(diagnostics) by extensions ['colcon_meta']
[0.305s] Level 1:colcon.colcon_core.package_identification:_identify(diagnostics) by extension 'colcon_meta'
[0.305s] Level 1:colcon.colcon_core.package_identification:_identify(diagnostics) by extensions ['ros']
[0.305s] Level 1:colcon.colcon_core.package_identification:_identify(diagnostics) by extension 'ros'
[0.305s] DEBUG:colcon.colcon_core.package_identification:Package 'diagnostics' with type 'ros.ament_cmake' and name 'diagnostics'
[0.305s] Level 1:colcon.colcon_core.package_identification:_identify(install) by extensions ['ignore', 'ignore_ament_install']
[0.305s] Level 1:colcon.colcon_core.package_identification:_identify(install) by extension 'ignore'
[0.305s] Level 1:colcon.colcon_core.package_identification:_identify(install) ignored
[0.306s] Level 1:colcon.colcon_core.package_identification:_identify(log) by extensions ['ignore', 'ignore_ament_install']
[0.306s] Level 1:colcon.colcon_core.package_identification:_identify(log) by extension 'ignore'
[0.306s] Level 1:colcon.colcon_core.package_identification:_identify(log) ignored
[0.306s] Level 1:colcon.colcon_core.package_identification:_identify(self_test) by extensions ['ignore', 'ignore_ament_install']
[0.306s] Level 1:colcon.colcon_core.package_identification:_identify(self_test) by extension 'ignore'
[0.306s] Level 1:colcon.colcon_core.package_identification:_identify(self_test) by extension 'ignore_ament_install'
[0.306s] Level 1:colcon.colcon_core.package_identification:_identify(self_test) by extensions ['colcon_pkg']
[0.306s] Level 1:colcon.colcon_core.package_identification:_identify(self_test) by extension 'colcon_pkg'
[0.306s] Level 1:colcon.colcon_core.package_identification:_identify(self_test) by extensions ['colcon_meta']
[0.306s] Level 1:colcon.colcon_core.package_identification:_identify(self_test) by extension 'colcon_meta'
[0.306s] Level 1:colcon.colcon_core.package_identification:_identify(self_test) by extensions ['ros']
[0.306s] Level 1:colcon.colcon_core.package_identification:_identify(self_test) by extension 'ros'
[0.307s] DEBUG:colcon.colcon_core.package_identification:Package 'self_test' with type 'ros.ament_cmake' and name 'self_test'
[0.307s] Level 1:colcon.colcon_core.package_discovery:discover_packages(recursive) using defaults
[0.307s] Level 1:colcon.colcon_core.package_discovery:discover_packages(ignore) discover
[0.307s] Level 1:colcon.colcon_core.package_discovery:discover_packages(ignore) using defaults
[0.307s] Level 1:colcon.colcon_core.package_discovery:discover_packages(path) discover
[0.307s] Level 1:colcon.colcon_core.package_discovery:discover_packages(path) using defaults
[0.323s] Level 1:colcon.colcon_core.package_discovery:discover_packages(prefix_path) check parameters
[0.323s] Level 1:colcon.colcon_core.package_discovery:discover_packages(prefix_path) discover
[0.326s] DEBUG:colcon.colcon_installed_package_information.package_discovery:Found 315 installed packages in /opt/ros/humble
[0.327s] Level 1:colcon.colcon_core.package_discovery:discover_packages(prefix_path) using defaults
[0.373s] Level 5:colcon.colcon_core.verb:set package 'diagnostic_aggregator' build argument 'cmake_args' from command line to 'None'
[0.373s] Level 5:colcon.colcon_core.verb:set package 'diagnostic_aggregator' build argument 'cmake_target' from command line to 'None'
[0.373s] Level 5:colcon.colcon_core.verb:set package 'diagnostic_aggregator' build argument 'cmake_target_skip_unavailable' from command line to 'False'
[0.373s] Level 5:colcon.colcon_core.verb:set package 'diagnostic_aggregator' build argument 'cmake_clean_cache' from command line to 'False'
[0.373s] Level 5:colcon.colcon_core.verb:set package 'diagnostic_aggregator' build argument 'cmake_clean_first' from command line to 'False'
[0.373s] Level 5:colcon.colcon_core.verb:set package 'diagnostic_aggregator' build argument 'cmake_force_configure' from command line to 'False'
[0.373s] Level 5:colcon.colcon_core.verb:set package 'diagnostic_aggregator' build argument 'ament_cmake_args' from command line to 'None'
[0.373s] Level 5:colcon.colcon_core.verb:set package 'diagnostic_aggregator' build argument 'catkin_cmake_args' from command line to 'None'
[0.373s] Level 5:colcon.colcon_core.verb:set package 'diagnostic_aggregator' build argument 'catkin_skip_building_tests' from command line to 'False'
[0.373s] DEBUG:colcon.colcon_core.verb:Building package 'diagnostic_aggregator' with the following arguments: {'ament_cmake_args': None, 'build_base': '/home/cairlab/twist_mux/diagnostics/build/diagnostic_aggregator', 'catkin_cmake_args': None, 'catkin_skip_building_tests': False, 'cmake_args': None, 'cmake_clean_cache': False, 'cmake_clean_first': False, 'cmake_force_configure': False, 'cmake_target': None, 'cmake_target_skip_unavailable': False, 'install_base': '/home/cairlab/twist_mux/diagnostics/install/diagnostic_aggregator', 'merge_install': False, 'path': '/home/cairlab/twist_mux/diagnostics/diagnostic_aggregator', 'symlink_install': False, 'test_result_base': None}
[0.374s] Level 5:colcon.colcon_core.verb:set package 'diagnostic_updater' build argument 'cmake_args' from command line to 'None'
[0.374s] Level 5:colcon.colcon_core.verb:set package 'diagnostic_updater' build argument 'cmake_target' from command line to 'None'
[0.374s] Level 5:colcon.colcon_core.verb:set package 'diagnostic_updater' build argument 'cmake_target_skip_unavailable' from command line to 'False'
[0.374s] Level 5:colcon.colcon_core.verb:set package 'diagnostic_updater' build argument 'cmake_clean_cache' from command line to 'False'
[0.374s] Level 5:colcon.colcon_core.verb:set package 'diagnostic_updater' build argument 'cmake_clean_first' from command line to 'False'
[0.374s] Level 5:colcon.colcon_core.verb:set package 'diagnostic_updater' build argument 'cmake_force_configure' from command line to 'False'
[0.374s] Level 5:colcon.colcon_core.verb:set package 'diagnostic_updater' build argument 'ament_cmake_args' from command line to 'None'
[0.374s] Level 5:colcon.colcon_core.verb:set package 'diagnostic_updater' build argument 'catkin_cmake_args' from command line to 'None'
[0.374s] Level 5:colcon.colcon_core.verb:set package 'diagnostic_updater' build argument 'catkin_skip_building_tests' from command line to 'False'
[0.374s] DEBUG:colcon.colcon_core.verb:Building package 'diagnostic_updater' with the following arguments: {'ament_cmake_args': None, 'build_base': '/home/cairlab/twist_mux/diagnostics/build/diagnostic_updater', 'catkin_cmake_args': None, 'catkin_skip_building_tests': False, 'cmake_args': None, 'cmake_clean_cache': False, 'cmake_clean_first': False, 'cmake_force_configure': False, 'cmake_target': None, 'cmake_target_skip_unavailable': False, 'install_base': '/home/cairlab/twist_mux/diagnostics/install/diagnostic_updater', 'merge_install': False, 'path': '/home/cairlab/twist_mux/diagnostics/diagnostic_updater', 'symlink_install': False, 'test_result_base': None}
[0.374s] Level 5:colcon.colcon_core.verb:set package 'diagnostic_common_diagnostics' build argument 'cmake_args' from command line to 'None'
[0.375s] Level 5:colcon.colcon_core.verb:set package 'diagnostic_common_diagnostics' build argument 'cmake_target' from command line to 'None'
[0.375s] Level 5:colcon.colcon_core.verb:set package 'diagnostic_common_diagnostics' build argument 'cmake_target_skip_unavailable' from command line to 'False'
[0.375s] Level 5:colcon.colcon_core.verb:set package 'diagnostic_common_diagnostics' build argument 'cmake_clean_cache' from command line to 'False'
[0.375s] Level 5:colcon.colcon_core.verb:set package 'diagnostic_common_diagnostics' build argument 'cmake_clean_first' from command line to 'False'
[0.375s] Level 5:colcon.colcon_core.verb:set package 'diagnostic_common_diagnostics' build argument 'cmake_force_configure' from command line to 'False'
[0.375s] Level 5:colcon.colcon_core.verb:set package 'diagnostic_common_diagnostics' build argument 'ament_cmake_args' from command line to 'None'
[0.375s] Level 5:colcon.colcon_core.verb:set package 'diagnostic_common_diagnostics' build argument 'catkin_cmake_args' from command line to 'None'
[0.375s] Level 5:colcon.colcon_core.verb:set package 'diagnostic_common_diagnostics' build argument 'catkin_skip_building_tests' from command line to 'False'
[0.375s] DEBUG:colcon.colcon_core.verb:Building package 'diagnostic_common_diagnostics' with the following arguments: {'ament_cmake_args': None, 'build_base': '/home/cairlab/twist_mux/diagnostics/build/diagnostic_common_diagnostics', 'catkin_cmake_args': None, 'catkin_skip_building_tests': False, 'cmake_args': None, 'cmake_clean_cache': False, 'cmake_clean_first': False, 'cmake_force_configure': False, 'cmake_target': None, 'cmake_target_skip_unavailable': False, 'install_base': '/home/cairlab/twist_mux/diagnostics/install/diagnostic_common_diagnostics', 'merge_install': False, 'path': '/home/cairlab/twist_mux/diagnostics/diagnostic_common_diagnostics', 'symlink_install': False, 'test_result_base': None}
[0.375s] Level 5:colcon.colcon_core.verb:set package 'self_test' build argument 'cmake_args' from command line to 'None'
[0.375s] Level 5:colcon.colcon_core.verb:set package 'self_test' build argument 'cmake_target' from command line to 'None'
[0.375s] Level 5:colcon.colcon_core.verb:set package 'self_test' build argument 'cmake_target_skip_unavailable' from command line to 'False'
[0.375s] Level 5:colcon.colcon_core.verb:set package 'self_test' build argument 'cmake_clean_cache' from command line to 'False'
[0.375s] Level 5:colcon.colcon_core.verb:set package 'self_test' build argument 'cmake_clean_first' from command line to 'False'
[0.375s] Level 5:colcon.colcon_core.verb:set package 'self_test' build argument 'cmake_force_configure' from command line to 'False'
[0.375s] Level 5:colcon.colcon_core.verb:set package 'self_test' build argument 'ament_cmake_args' from command line to 'None'
[0.375s] Level 5:colcon.colcon_core.verb:set package 'self_test' build argument 'catkin_cmake_args' from command line to 'None'
[0.376s] Level 5:colcon.colcon_core.verb:set package 'self_test' build argument 'catkin_skip_building_tests' from command line to 'False'
[0.376s] DEBUG:colcon.colcon_core.verb:Building package 'self_test' with the following arguments: {'ament_cmake_args': None, 'build_base': '/home/cairlab/twist_mux/diagnostics/build/self_test', 'catkin_cmake_args': None, 'catkin_skip_building_tests': False, 'cmake_args': None, 'cmake_clean_cache': False, 'cmake_clean_first': False, 'cmake_force_configure': False, 'cmake_target': None, 'cmake_target_skip_unavailable': False, 'install_base': '/home/cairlab/twist_mux/diagnostics/install/self_test', 'merge_install': False, 'path': '/home/cairlab/twist_mux/diagnostics/self_test', 'symlink_install': False, 'test_result_base': None}
[0.376s] Level 5:colcon.colcon_core.verb:set package 'diagnostics' build argument 'cmake_args' from command line to 'None'
[0.376s] Level 5:colcon.colcon_core.verb:set package 'diagnostics' build argument 'cmake_target' from command line to 'None'
[0.376s] Level 5:colcon.colcon_core.verb:set package 'diagnostics' build argument 'cmake_target_skip_unavailable' from command line to 'False'
[0.376s] Level 5:colcon.colcon_core.verb:set package 'diagnostics' build argument 'cmake_clean_cache' from command line to 'False'
[0.376s] Level 5:colcon.colcon_core.verb:set package 'diagnostics' build argument 'cmake_clean_first' from command line to 'False'
[0.376s] Level 5:colcon.colcon_core.verb:set package 'diagnostics' build argument 'cmake_force_configure' from command line to 'False'
[0.376s] Level 5:colcon.colcon_core.verb:set package 'diagnostics' build argument 'ament_cmake_args' from command line to 'None'
[0.376s] Level 5:colcon.colcon_core.verb:set package 'diagnostics' build argument 'catkin_cmake_args' from command line to 'None'
[0.376s] Level 5:colcon.colcon_core.verb:set package 'diagnostics' build argument 'catkin_skip_building_tests' from command line to 'False'
[0.376s] DEBUG:colcon.colcon_core.verb:Building package 'diagnostics' with the following arguments: {'ament_cmake_args': None, 'build_base': '/home/cairlab/twist_mux/diagnostics/build/diagnostics', 'catkin_cmake_args': None, 'catkin_skip_building_tests': False, 'cmake_args': None, 'cmake_clean_cache': False, 'cmake_clean_first': False, 'cmake_force_configure': False, 'cmake_target': None, 'cmake_target_skip_unavailable': False, 'install_base': '/home/cairlab/twist_mux/diagnostics/install/diagnostics', 'merge_install': False, 'path': '/home/cairlab/twist_mux/diagnostics/diagnostics', 'symlink_install': False, 'test_result_base': None}
[0.377s] INFO:colcon.colcon_core.executor:Executing jobs using 'parallel' executor
[0.379s] DEBUG:colcon.colcon_parallel_executor.executor.parallel:run_until_complete
[0.380s] INFO:colcon.colcon_ros.task.ament_cmake.build:Building ROS package in '/home/cairlab/twist_mux/diagnostics/diagnostic_updater' with build type 'ament_cmake'
[0.380s] INFO:colcon.colcon_cmake.task.cmake.build:Building CMake package in '/home/cairlab/twist_mux/diagnostics/diagnostic_updater'
[0.383s] INFO:colcon.colcon_core.plugin_system:Skipping extension 'colcon_core.shell.bat': Not used on non-Windows systems
[0.383s] INFO:colcon.colcon_core.shell:Skip shell extension 'powershell' for command environment: Not usable outside of PowerShell
[0.383s] DEBUG:colcon.colcon_core.shell:Skip shell extension 'dsv' for command environment
[0.386s] INFO:colcon.colcon_ros.task.ament_cmake.build:Building ROS package in '/home/cairlab/twist_mux/diagnostics/diagnostic_aggregator' with build type 'ament_cmake'
[0.386s] INFO:colcon.colcon_cmake.task.cmake.build:Building CMake package in '/home/cairlab/twist_mux/diagnostics/diagnostic_aggregator'
[0.387s] INFO:colcon.colcon_core.shell:Skip shell extension 'powershell' for command environment: Not usable outside of PowerShell
[0.387s] DEBUG:colcon.colcon_core.shell:Skip shell extension 'dsv' for command environment
[0.393s] DEBUG:colcon.colcon_core.event_handler.log_command:Invoking command in '/home/cairlab/twist_mux/diagnostics/build/diagnostic_updater': CMAKE_PREFIX_PATH=/opt/ros/humble /usr/bin/cmake /home/cairlab/twist_mux/diagnostics/diagnostic_updater -DCMAKE_INSTALL_PREFIX=/home/cairlab/twist_mux/diagnostics/install/diagnostic_updater
[0.395s] DEBUG:colcon.colcon_core.event_handler.log_command:Invoking command in '/home/cairlab/twist_mux/diagnostics/build/diagnostic_aggregator': CMAKE_PREFIX_PATH=/opt/ros/humble /usr/bin/cmake /home/cairlab/twist_mux/diagnostics/diagnostic_aggregator -DCMAKE_INSTALL_PREFIX=/home/cairlab/twist_mux/diagnostics/install/diagnostic_aggregator
[1.701s] DEBUG:colcon.colcon_core.event_handler.log_command:Invoked command in '/home/cairlab/twist_mux/diagnostics/build/diagnostic_aggregator' returned '0': CMAKE_PREFIX_PATH=/opt/ros/humble /usr/bin/cmake /home/cairlab/twist_mux/diagnostics/diagnostic_aggregator -DCMAKE_INSTALL_PREFIX=/home/cairlab/twist_mux/diagnostics/install/diagnostic_aggregator
[1.701s] DEBUG:colcon.colcon_core.event_handler.log_command:Invoking command in '/home/cairlab/twist_mux/diagnostics/build/diagnostic_aggregator': CMAKE_PREFIX_PATH=/opt/ros/humble /usr/bin/cmake --build /home/cairlab/twist_mux/diagnostics/build/diagnostic_aggregator -- -j12 -l12
[2.269s] DEBUG:colcon.colcon_core.event_handler.log_command:Invoked command in '/home/cairlab/twist_mux/diagnostics/build/diagnostic_updater' returned '0': CMAKE_PREFIX_PATH=/opt/ros/humble /usr/bin/cmake /home/cairlab/twist_mux/diagnostics/diagnostic_updater -DCMAKE_INSTALL_PREFIX=/home/cairlab/twist_mux/diagnostics/install/diagnostic_updater
[2.271s] DEBUG:colcon.colcon_core.event_handler.log_command:Invoking command in '/home/cairlab/twist_mux/diagnostics/build/diagnostic_updater': CMAKE_PREFIX_PATH=/opt/ros/humble /usr/bin/cmake --build /home/cairlab/twist_mux/diagnostics/build/diagnostic_updater -- -j12 -l12
[10.920s] DEBUG:colcon.colcon_core.event_handler.log_command:Invoked command in '/home/cairlab/twist_mux/diagnostics/build/diagnostic_updater' returned '0': CMAKE_PREFIX_PATH=/opt/ros/humble /usr/bin/cmake --build /home/cairlab/twist_mux/diagnostics/build/diagnostic_updater -- -j12 -l12
[10.959s] DEBUG:colcon.colcon_core.event_handler.log_command:Invoking command in '/home/cairlab/twist_mux/diagnostics/build/diagnostic_updater': CMAKE_PREFIX_PATH=/opt/ros/humble /usr/bin/cmake --install /home/cairlab/twist_mux/diagnostics/build/diagnostic_updater
[11.004s] Level 1:colcon.colcon_core.environment:create_environment_scripts_only(diagnostic_updater)
[11.004s] DEBUG:colcon.colcon_core.event_handler.log_command:Invoked command in '/home/cairlab/twist_mux/diagnostics/build/diagnostic_updater' returned '0': CMAKE_PREFIX_PATH=/opt/ros/humble /usr/bin/cmake --install /home/cairlab/twist_mux/diagnostics/build/diagnostic_updater
[11.009s] Level 1:colcon.colcon_core.environment:checking '/home/cairlab/twist_mux/diagnostics/install/diagnostic_updater' for CMake module files
[11.009s] Level 1:colcon.colcon_core.environment:checking '/home/cairlab/twist_mux/diagnostics/install/diagnostic_updater' for CMake config files
[11.010s] Level 1:colcon.colcon_core.shell:create_environment_hook('diagnostic_updater', 'cmake_prefix_path')
[11.011s] INFO:colcon.colcon_core.shell:Creating environment hook '/home/cairlab/twist_mux/diagnostics/install/diagnostic_updater/share/diagnostic_updater/hook/cmake_prefix_path.ps1'
[11.012s] INFO:colcon.colcon_core.shell:Creating environment descriptor '/home/cairlab/twist_mux/diagnostics/install/diagnostic_updater/share/diagnostic_updater/hook/cmake_prefix_path.dsv'
[11.012s] INFO:colcon.colcon_core.shell:Creating environment hook '/home/cairlab/twist_mux/diagnostics/install/diagnostic_updater/share/diagnostic_updater/hook/cmake_prefix_path.sh'
[11.013s] Level 1:colcon.colcon_core.environment:checking '/home/cairlab/twist_mux/diagnostics/install/diagnostic_updater/lib'
[11.013s] Level 1:colcon.colcon_core.environment:checking '/home/cairlab/twist_mux/diagnostics/install/diagnostic_updater/bin'
[11.013s] Level 1:colcon.colcon_core.environment:checking '/home/cairlab/twist_mux/diagnostics/install/diagnostic_updater/lib/pkgconfig/diagnostic_updater.pc'
[11.013s] Level 1:colcon.colcon_core.environment:checking '/home/cairlab/twist_mux/diagnostics/install/diagnostic_updater/lib/python3.10/site-packages'
[11.013s] Level 1:colcon.colcon_core.environment:checking '/home/cairlab/twist_mux/diagnostics/install/diagnostic_updater/bin'
[11.015s] INFO:colcon.colcon_core.shell:Creating package script '/home/cairlab/twist_mux/diagnostics/install/diagnostic_updater/share/diagnostic_updater/package.ps1'
[11.015s] INFO:colcon.colcon_core.shell:Creating package descriptor '/home/cairlab/twist_mux/diagnostics/install/diagnostic_updater/share/diagnostic_updater/package.dsv'
[11.016s] INFO:colcon.colcon_core.shell:Creating package script '/home/cairlab/twist_mux/diagnostics/install/diagnostic_updater/share/diagnostic_updater/package.sh'
[11.016s] INFO:colcon.colcon_core.shell:Creating package script '/home/cairlab/twist_mux/diagnostics/install/diagnostic_updater/share/diagnostic_updater/package.bash'
[11.017s] INFO:colcon.colcon_core.shell:Creating package script '/home/cairlab/twist_mux/diagnostics/install/diagnostic_updater/share/diagnostic_updater/package.zsh'
[11.017s] Level 1:colcon.colcon_core.environment:create_file_with_runtime_dependencies(/home/cairlab/twist_mux/diagnostics/install/diagnostic_updater/share/colcon-core/packages/diagnostic_updater)
[11.047s] Level 1:colcon.colcon_core.environment:create_environment_scripts_only(diagnostic_updater)
[11.051s] Level 1:colcon.colcon_core.environment:checking '/home/cairlab/twist_mux/diagnostics/install/diagnostic_updater' for CMake module files
[11.052s] Level 1:colcon.colcon_core.environment:checking '/home/cairlab/twist_mux/diagnostics/install/diagnostic_updater' for CMake config files
[11.052s] Level 1:colcon.colcon_core.shell:create_environment_hook('diagnostic_updater', 'cmake_prefix_path')
[11.055s] INFO:colcon.colcon_core.shell:Creating environment hook '/home/cairlab/twist_mux/diagnostics/install/diagnostic_updater/share/diagnostic_updater/hook/cmake_prefix_path.ps1'
[11.056s] INFO:colcon.colcon_core.shell:Creating environment descriptor '/home/cairlab/twist_mux/diagnostics/install/diagnostic_updater/share/diagnostic_updater/hook/cmake_prefix_path.dsv'
[11.057s] INFO:colcon.colcon_core.shell:Creating environment hook '/home/cairlab/twist_mux/diagnostics/install/diagnostic_updater/share/diagnostic_updater/hook/cmake_prefix_path.sh'
[11.057s] Level 1:colcon.colcon_core.environment:checking '/home/cairlab/twist_mux/diagnostics/install/diagnostic_updater/lib'
[11.058s] Level 1:colcon.colcon_core.environment:checking '/home/cairlab/twist_mux/diagnostics/install/diagnostic_updater/bin'
[11.058s] Level 1:colcon.colcon_core.environment:checking '/home/cairlab/twist_mux/diagnostics/install/diagnostic_updater/lib/pkgconfig/diagnostic_updater.pc'
[11.058s] Level 1:colcon.colcon_core.environment:checking '/home/cairlab/twist_mux/diagnostics/install/diagnostic_updater/lib/python3.10/site-packages'
[11.059s] Level 1:colcon.colcon_core.environment:checking '/home/cairlab/twist_mux/diagnostics/install/diagnostic_updater/bin'
[11.060s] INFO:colcon.colcon_core.shell:Creating package script '/home/cairlab/twist_mux/diagnostics/install/diagnostic_updater/share/diagnostic_updater/package.ps1'
[11.061s] INFO:colcon.colcon_core.shell:Creating package descriptor '/home/cairlab/twist_mux/diagnostics/install/diagnostic_updater/share/diagnostic_updater/package.dsv'
[11.061s] INFO:colcon.colcon_core.shell:Creating package script '/home/cairlab/twist_mux/diagnostics/install/diagnostic_updater/share/diagnostic_updater/package.sh'
[11.062s] INFO:colcon.colcon_core.shell:Creating package script '/home/cairlab/twist_mux/diagnostics/install/diagnostic_updater/share/diagnostic_updater/package.bash'
[11.062s] INFO:colcon.colcon_core.shell:Creating package script '/home/cairlab/twist_mux/diagnostics/install/diagnostic_updater/share/diagnostic_updater/package.zsh'
[11.062s] Level 1:colcon.colcon_core.environment:create_file_with_runtime_dependencies(/home/cairlab/twist_mux/diagnostics/install/diagnostic_updater/share/colcon-core/packages/diagnostic_updater)
[11.063s] INFO:colcon.colcon_ros.task.ament_cmake.build:Building ROS package in '/home/cairlab/twist_mux/diagnostics/diagnostic_common_diagnostics' with build type 'ament_cmake'
[11.063s] INFO:colcon.colcon_cmake.task.cmake.build:Building CMake package in '/home/cairlab/twist_mux/diagnostics/diagnostic_common_diagnostics'
[11.064s] INFO:colcon.colcon_core.shell:Skip shell extension 'powershell' for command environment: Not usable outside of PowerShell
[11.064s] DEBUG:colcon.colcon_core.shell:Skip shell extension 'dsv' for command environment
[11.068s] INFO:colcon.colcon_ros.task.ament_cmake.build:Building ROS package in '/home/cairlab/twist_mux/diagnostics/self_test' with build type 'ament_cmake'
[11.068s] INFO:colcon.colcon_cmake.task.cmake.build:Building CMake package in '/home/cairlab/twist_mux/diagnostics/self_test'
[11.070s] INFO:colcon.colcon_core.shell:Skip shell extension 'powershell' for command environment: Not usable outside of PowerShell
[11.070s] DEBUG:colcon.colcon_core.shell:Skip shell extension 'dsv' for command environment
[11.076s] DEBUG:colcon.colcon_core.event_handler.log_command:Invoking command in '/home/cairlab/twist_mux/diagnostics/build/diagnostic_common_diagnostics': AMENT_PREFIX_PATH=/home/cairlab/twist_mux/diagnostics/install/diagnostic_updater:${AMENT_PREFIX_PATH} CMAKE_PREFIX_PATH=/home/cairlab/twist_mux/diagnostics/install/diagnostic_updater:/opt/ros/humble LD_LIBRARY_PATH=/home/cairlab/twist_mux/diagnostics/install/diagnostic_updater/lib:${LD_LIBRARY_PATH} PYTHONPATH=/home/cairlab/twist_mux/diagnostics/install/diagnostic_updater/local/lib/python3.10/dist-packages:${PYTHONPATH} /usr/bin/cmake /home/cairlab/twist_mux/diagnostics/diagnostic_common_diagnostics -DCMAKE_INSTALL_PREFIX=/home/cairlab/twist_mux/diagnostics/install/diagnostic_common_diagnostics
[11.079s] DEBUG:colcon.colcon_core.event_handler.log_command:Invoking command in '/home/cairlab/twist_mux/diagnostics/build/self_test': AMENT_PREFIX_PATH=/home/cairlab/twist_mux/diagnostics/install/diagnostic_updater:${AMENT_PREFIX_PATH} CMAKE_PREFIX_PATH=/home/cairlab/twist_mux/diagnostics/install/diagnostic_updater:/opt/ros/humble LD_LIBRARY_PATH=/home/cairlab/twist_mux/diagnostics/install/diagnostic_updater/lib:${LD_LIBRARY_PATH} PYTHONPATH=/home/cairlab/twist_mux/diagnostics/install/diagnostic_updater/local/lib/python3.10/dist-packages:${PYTHONPATH} /usr/bin/cmake /home/cairlab/twist_mux/diagnostics/self_test -DCMAKE_INSTALL_PREFIX=/home/cairlab/twist_mux/diagnostics/install/self_test
[12.042s] DEBUG:colcon.colcon_core.event_handler.log_command:Invoked command in '/home/cairlab/twist_mux/diagnostics/build/diagnostic_common_diagnostics' returned '0': AMENT_PREFIX_PATH=/home/cairlab/twist_mux/diagnostics/install/diagnostic_updater:${AMENT_PREFIX_PATH} CMAKE_PREFIX_PATH=/home/cairlab/twist_mux/diagnostics/install/diagnostic_updater:/opt/ros/humble LD_LIBRARY_PATH=/home/cairlab/twist_mux/diagnostics/install/diagnostic_updater/lib:${LD_LIBRARY_PATH} PYTHONPATH=/home/cairlab/twist_mux/diagnostics/install/diagnostic_updater/local/lib/python3.10/dist-packages:${PYTHONPATH} /usr/bin/cmake /home/cairlab/twist_mux/diagnostics/diagnostic_common_diagnostics -DCMAKE_INSTALL_PREFIX=/home/cairlab/twist_mux/diagnostics/install/diagnostic_common_diagnostics
[12.043s] DEBUG:colcon.colcon_core.event_handler.log_command:Invoking command in '/home/cairlab/twist_mux/diagnostics/build/diagnostic_common_diagnostics': AMENT_PREFIX_PATH=/home/cairlab/twist_mux/diagnostics/install/diagnostic_updater:${AMENT_PREFIX_PATH} CMAKE_PREFIX_PATH=/home/cairlab/twist_mux/diagnostics/install/diagnostic_updater:/opt/ros/humble LD_LIBRARY_PATH=/home/cairlab/twist_mux/diagnostics/install/diagnostic_updater/lib:${LD_LIBRARY_PATH} PYTHONPATH=/home/cairlab/twist_mux/diagnostics/install/diagnostic_updater/local/lib/python3.10/dist-packages:${PYTHONPATH} /usr/bin/cmake --build /home/cairlab/twist_mux/diagnostics/build/diagnostic_common_diagnostics -- -j12 -l12
[12.347s] DEBUG:colcon.colcon_core.event_handler.log_command:Invoked command in '/home/cairlab/twist_mux/diagnostics/build/diagnostic_common_diagnostics' returned '0': AMENT_PREFIX_PATH=/home/cairlab/twist_mux/diagnostics/install/diagnostic_updater:${AMENT_PREFIX_PATH} CMAKE_PREFIX_PATH=/home/cairlab/twist_mux/diagnostics/install/diagnostic_updater:/opt/ros/humble LD_LIBRARY_PATH=/home/cairlab/twist_mux/diagnostics/install/diagnostic_updater/lib:${LD_LIBRARY_PATH} PYTHONPATH=/home/cairlab/twist_mux/diagnostics/install/diagnostic_updater/local/lib/python3.10/dist-packages:${PYTHONPATH} /usr/bin/cmake --build /home/cairlab/twist_mux/diagnostics/build/diagnostic_common_diagnostics -- -j12 -l12
[12.368s] DEBUG:colcon.colcon_core.event_handler.log_command:Invoking command in '/home/cairlab/twist_mux/diagnostics/build/diagnostic_common_diagnostics': AMENT_PREFIX_PATH=/home/cairlab/twist_mux/diagnostics/install/diagnostic_updater:${AMENT_PREFIX_PATH} CMAKE_PREFIX_PATH=/home/cairlab/twist_mux/diagnostics/install/diagnostic_updater:/opt/ros/humble LD_LIBRARY_PATH=/home/cairlab/twist_mux/diagnostics/install/diagnostic_updater/lib:${LD_LIBRARY_PATH} PYTHONPATH=/home/cairlab/twist_mux/diagnostics/install/diagnostic_updater/local/lib/python3.10/dist-packages:${PYTHONPATH} /usr/bin/cmake --install /home/cairlab/twist_mux/diagnostics/build/diagnostic_common_diagnostics
[12.412s] Level 1:colcon.colcon_core.environment:create_environment_scripts_only(diagnostic_common_diagnostics)
[12.413s] Level 1:colcon.colcon_core.environment:checking '/home/cairlab/twist_mux/diagnostics/install/diagnostic_common_diagnostics' for CMake module files
[12.414s] DEBUG:colcon.colcon_core.event_handler.log_command:Invoked command in '/home/cairlab/twist_mux/diagnostics/build/diagnostic_common_diagnostics' returned '0': AMENT_PREFIX_PATH=/home/cairlab/twist_mux/diagnostics/install/diagnostic_updater:${AMENT_PREFIX_PATH} CMAKE_PREFIX_PATH=/home/cairlab/twist_mux/diagnostics/install/diagnostic_updater:/opt/ros/humble LD_LIBRARY_PATH=/home/cairlab/twist_mux/diagnostics/install/diagnostic_updater/lib:${LD_LIBRARY_PATH} PYTHONPATH=/home/cairlab/twist_mux/diagnostics/install/diagnostic_updater/local/lib/python3.10/dist-packages:${PYTHONPATH} /usr/bin/cmake --install /home/cairlab/twist_mux/diagnostics/build/diagnostic_common_diagnostics
[12.414s] Level 1:colcon.colcon_core.environment:checking '/home/cairlab/twist_mux/diagnostics/install/diagnostic_common_diagnostics' for CMake config files
[12.415s] Level 1:colcon.colcon_core.shell:create_environment_hook('diagnostic_common_diagnostics', 'cmake_prefix_path')
[12.416s] INFO:colcon.colcon_core.shell:Creating environment hook '/home/cairlab/twist_mux/diagnostics/install/diagnostic_common_diagnostics/share/diagnostic_common_diagnostics/hook/cmake_prefix_path.ps1'
[12.416s] INFO:colcon.colcon_core.shell:Creating environment descriptor '/home/cairlab/twist_mux/diagnostics/install/diagnostic_common_diagnostics/share/diagnostic_common_diagnostics/hook/cmake_prefix_path.dsv'
[12.416s] INFO:colcon.colcon_core.shell:Creating environment hook '/home/cairlab/twist_mux/diagnostics/install/diagnostic_common_diagnostics/share/diagnostic_common_diagnostics/hook/cmake_prefix_path.sh'
[12.417s] Level 1:colcon.colcon_core.environment:checking '/home/cairlab/twist_mux/diagnostics/install/diagnostic_common_diagnostics/lib'
[12.417s] Level 1:colcon.colcon_core.environment:checking '/home/cairlab/twist_mux/diagnostics/install/diagnostic_common_diagnostics/bin'
[12.417s] Level 1:colcon.colcon_core.environment:checking '/home/cairlab/twist_mux/diagnostics/install/diagnostic_common_diagnostics/lib/pkgconfig/diagnostic_common_diagnostics.pc'
[12.417s] Level 1:colcon.colcon_core.environment:checking '/home/cairlab/twist_mux/diagnostics/install/diagnostic_common_diagnostics/lib/python3.10/site-packages'
[12.417s] Level 1:colcon.colcon_core.environment:checking '/home/cairlab/twist_mux/diagnostics/install/diagnostic_common_diagnostics/bin'
[12.418s] INFO:colcon.colcon_core.shell:Creating package script '/home/cairlab/twist_mux/diagnostics/install/diagnostic_common_diagnostics/share/diagnostic_common_diagnostics/package.ps1'
[12.419s] INFO:colcon.colcon_core.shell:Creating package descriptor '/home/cairlab/twist_mux/diagnostics/install/diagnostic_common_diagnostics/share/diagnostic_common_diagnostics/package.dsv'
[12.419s] INFO:colcon.colcon_core.shell:Creating package script '/home/cairlab/twist_mux/diagnostics/install/diagnostic_common_diagnostics/share/diagnostic_common_diagnostics/package.sh'
[12.419s] INFO:colcon.colcon_core.shell:Creating package script '/home/cairlab/twist_mux/diagnostics/install/diagnostic_common_diagnostics/share/diagnostic_common_diagnostics/package.bash'
[12.420s] INFO:colcon.colcon_core.shell:Creating package script '/home/cairlab/twist_mux/diagnostics/install/diagnostic_common_diagnostics/share/diagnostic_common_diagnostics/package.zsh'
[12.420s] Level 1:colcon.colcon_core.environment:create_file_with_runtime_dependencies(/home/cairlab/twist_mux/diagnostics/install/diagnostic_common_diagnostics/share/colcon-core/packages/diagnostic_common_diagnostics)
[12.422s] DEBUG:colcon.colcon_core.event_handler.log_command:Invoked command in '/home/cairlab/twist_mux/diagnostics/build/self_test' returned '0': AMENT_PREFIX_PATH=/home/cairlab/twist_mux/diagnostics/install/diagnostic_updater:${AMENT_PREFIX_PATH} CMAKE_PREFIX_PATH=/home/cairlab/twist_mux/diagnostics/install/diagnostic_updater:/opt/ros/humble LD_LIBRARY_PATH=/home/cairlab/twist_mux/diagnostics/install/diagnostic_updater/lib:${LD_LIBRARY_PATH} PYTHONPATH=/home/cairlab/twist_mux/diagnostics/install/diagnostic_updater/local/lib/python3.10/dist-packages:${PYTHONPATH} /usr/bin/cmake /home/cairlab/twist_mux/diagnostics/self_test -DCMAKE_INSTALL_PREFIX=/home/cairlab/twist_mux/diagnostics/install/self_test
[12.423s] DEBUG:colcon.colcon_core.event_handler.log_command:Invoking command in '/home/cairlab/twist_mux/diagnostics/build/self_test': AMENT_PREFIX_PATH=/home/cairlab/twist_mux/diagnostics/install/diagnostic_updater:${AMENT_PREFIX_PATH} CMAKE_PREFIX_PATH=/home/cairlab/twist_mux/diagnostics/install/diagnostic_updater:/opt/ros/humble LD_LIBRARY_PATH=/home/cairlab/twist_mux/diagnostics/install/diagnostic_updater/lib:${LD_LIBRARY_PATH} PYTHONPATH=/home/cairlab/twist_mux/diagnostics/install/diagnostic_updater/local/lib/python3.10/dist-packages:${PYTHONPATH} /usr/bin/cmake --build /home/cairlab/twist_mux/diagnostics/build/self_test -- -j12 -l12
[12.439s] Level 1:colcon.colcon_core.environment:create_environment_scripts_only(diagnostic_common_diagnostics)
[12.440s] Level 1:colcon.colcon_core.environment:checking '/home/cairlab/twist_mux/diagnostics/install/diagnostic_common_diagnostics' for CMake module files
[12.440s] Level 1:colcon.colcon_core.environment:checking '/home/cairlab/twist_mux/diagnostics/install/diagnostic_common_diagnostics' for CMake config files
[12.440s] Level 1:colcon.colcon_core.shell:create_environment_hook('diagnostic_common_diagnostics', 'cmake_prefix_path')
[12.441s] INFO:colcon.colcon_core.shell:Creating environment hook '/home/cairlab/twist_mux/diagnostics/install/diagnostic_common_diagnostics/share/diagnostic_common_diagnostics/hook/cmake_prefix_path.ps1'
[12.442s] INFO:colcon.colcon_core.shell:Creating environment descriptor '/home/cairlab/twist_mux/diagnostics/install/diagnostic_common_diagnostics/share/diagnostic_common_diagnostics/hook/cmake_prefix_path.dsv'
[12.442s] INFO:colcon.colcon_core.shell:Creating environment hook '/home/cairlab/twist_mux/diagnostics/install/diagnostic_common_diagnostics/share/diagnostic_common_diagnostics/hook/cmake_prefix_path.sh'
[12.442s] Level 1:colcon.colcon_core.environment:checking '/home/cairlab/twist_mux/diagnostics/install/diagnostic_common_diagnostics/lib'
[12.443s] Level 1:colcon.colcon_core.environment:checking '/home/cairlab/twist_mux/diagnostics/install/diagnostic_common_diagnostics/bin'
[12.443s] Level 1:colcon.colcon_core.environment:checking '/home/cairlab/twist_mux/diagnostics/install/diagnostic_common_diagnostics/lib/pkgconfig/diagnostic_common_diagnostics.pc'
[12.443s] Level 1:colcon.colcon_core.environment:checking '/home/cairlab/twist_mux/diagnostics/install/diagnostic_common_diagnostics/lib/python3.10/site-packages'
[12.443s] Level 1:colcon.colcon_core.environment:checking '/home/cairlab/twist_mux/diagnostics/install/diagnostic_common_diagnostics/bin'
[12.444s] INFO:colcon.colcon_core.shell:Creating package script '/home/cairlab/twist_mux/diagnostics/install/diagnostic_common_diagnostics/share/diagnostic_common_diagnostics/package.ps1'
[12.444s] INFO:colcon.colcon_core.shell:Creating package descriptor '/home/cairlab/twist_mux/diagnostics/install/diagnostic_common_diagnostics/share/diagnostic_common_diagnostics/package.dsv'
[12.445s] INFO:colcon.colcon_core.shell:Creating package script '/home/cairlab/twist_mux/diagnostics/install/diagnostic_common_diagnostics/share/diagnostic_common_diagnostics/package.sh'
[12.445s] INFO:colcon.colcon_core.shell:Creating package script '/home/cairlab/twist_mux/diagnostics/install/diagnostic_common_diagnostics/share/diagnostic_common_diagnostics/package.bash'
[12.445s] INFO:colcon.colcon_core.shell:Creating package script '/home/cairlab/twist_mux/diagnostics/install/diagnostic_common_diagnostics/share/diagnostic_common_diagnostics/package.zsh'
[12.446s] Level 1:colcon.colcon_core.environment:create_file_with_runtime_dependencies(/home/cairlab/twist_mux/diagnostics/install/diagnostic_common_diagnostics/share/colcon-core/packages/diagnostic_common_diagnostics)
[20.243s] DEBUG:colcon.colcon_core.event_handler.log_command:Invoked command in '/home/cairlab/twist_mux/diagnostics/build/diagnostic_aggregator' returned '0': CMAKE_PREFIX_PATH=/opt/ros/humble /usr/bin/cmake --build /home/cairlab/twist_mux/diagnostics/build/diagnostic_aggregator -- -j12 -l12
[20.281s] DEBUG:colcon.colcon_core.event_handler.log_command:Invoking command in '/home/cairlab/twist_mux/diagnostics/build/diagnostic_aggregator': CMAKE_PREFIX_PATH=/opt/ros/humble /usr/bin/cmake --install /home/cairlab/twist_mux/diagnostics/build/diagnostic_aggregator
[20.355s] Level 1:colcon.colcon_core.environment:create_environment_scripts_only(diagnostic_aggregator)
[20.357s] Level 1:colcon.colcon_core.environment:checking '/home/cairlab/twist_mux/diagnostics/install/diagnostic_aggregator' for CMake module files
[20.357s] DEBUG:colcon.colcon_core.event_handler.log_command:Invoked command in '/home/cairlab/twist_mux/diagnostics/build/diagnostic_aggregator' returned '0': CMAKE_PREFIX_PATH=/opt/ros/humble /usr/bin/cmake --install /home/cairlab/twist_mux/diagnostics/build/diagnostic_aggregator
[20.357s] Level 1:colcon.colcon_core.environment:checking '/home/cairlab/twist_mux/diagnostics/install/diagnostic_aggregator' for CMake config files
[20.358s] Level 1:colcon.colcon_core.shell:create_environment_hook('diagnostic_aggregator', 'cmake_prefix_path')
[20.359s] INFO:colcon.colcon_core.shell:Creating environment hook '/home/cairlab/twist_mux/diagnostics/install/diagnostic_aggregator/share/diagnostic_aggregator/hook/cmake_prefix_path.ps1'
[20.360s] INFO:colcon.colcon_core.shell:Creating environment descriptor '/home/cairlab/twist_mux/diagnostics/install/diagnostic_aggregator/share/diagnostic_aggregator/hook/cmake_prefix_path.dsv'
[20.360s] INFO:colcon.colcon_core.shell:Creating environment hook '/home/cairlab/twist_mux/diagnostics/install/diagnostic_aggregator/share/diagnostic_aggregator/hook/cmake_prefix_path.sh'
[20.360s] Level 1:colcon.colcon_core.environment:checking '/home/cairlab/twist_mux/diagnostics/install/diagnostic_aggregator/lib'
[20.360s] Level 1:colcon.colcon_core.shell:create_environment_hook('diagnostic_aggregator', 'ld_library_path_lib')
[20.362s] INFO:colcon.colcon_core.shell:Creating environment hook '/home/cairlab/twist_mux/diagnostics/install/diagnostic_aggregator/share/diagnostic_aggregator/hook/ld_library_path_lib.ps1'
[20.362s] INFO:colcon.colcon_core.shell:Creating environment descriptor '/home/cairlab/twist_mux/diagnostics/install/diagnostic_aggregator/share/diagnostic_aggregator/hook/ld_library_path_lib.dsv'
[20.362s] INFO:colcon.colcon_core.shell:Creating environment hook '/home/cairlab/twist_mux/diagnostics/install/diagnostic_aggregator/share/diagnostic_aggregator/hook/ld_library_path_lib.sh'
[20.363s] Level 1:colcon.colcon_core.environment:checking '/home/cairlab/twist_mux/diagnostics/install/diagnostic_aggregator/bin'
[20.363s] Level 1:colcon.colcon_core.environment:checking '/home/cairlab/twist_mux/diagnostics/install/diagnostic_aggregator/lib/pkgconfig/diagnostic_aggregator.pc'
[20.363s] Level 1:colcon.colcon_core.environment:checking '/home/cairlab/twist_mux/diagnostics/install/diagnostic_aggregator/lib/python3.10/site-packages'
[20.363s] Level 1:colcon.colcon_core.environment:checking '/home/cairlab/twist_mux/diagnostics/install/diagnostic_aggregator/bin'
[20.364s] INFO:colcon.colcon_core.shell:Creating package script '/home/cairlab/twist_mux/diagnostics/install/diagnostic_aggregator/share/diagnostic_aggregator/package.ps1'
[20.365s] INFO:colcon.colcon_core.shell:Creating package descriptor '/home/cairlab/twist_mux/diagnostics/install/diagnostic_aggregator/share/diagnostic_aggregator/package.dsv'
[20.365s] INFO:colcon.colcon_core.shell:Creating package script '/home/cairlab/twist_mux/diagnostics/install/diagnostic_aggregator/share/diagnostic_aggregator/package.sh'
[20.365s] INFO:colcon.colcon_core.shell:Creating package script '/home/cairlab/twist_mux/diagnostics/install/diagnostic_aggregator/share/diagnostic_aggregator/package.bash'
[20.366s] INFO:colcon.colcon_core.shell:Creating package script '/home/cairlab/twist_mux/diagnostics/install/diagnostic_aggregator/share/diagnostic_aggregator/package.zsh'
[20.366s] Level 1:colcon.colcon_core.environment:create_file_with_runtime_dependencies(/home/cairlab/twist_mux/diagnostics/install/diagnostic_aggregator/share/colcon-core/packages/diagnostic_aggregator)
[20.403s] Level 1:colcon.colcon_core.environment:create_environment_scripts_only(diagnostic_aggregator)
[20.404s] Level 1:colcon.colcon_core.environment:checking '/home/cairlab/twist_mux/diagnostics/install/diagnostic_aggregator' for CMake module files
[20.404s] Level 1:colcon.colcon_core.environment:checking '/home/cairlab/twist_mux/diagnostics/install/diagnostic_aggregator' for CMake config files
[20.405s] Level 1:colcon.colcon_core.shell:create_environment_hook('diagnostic_aggregator', 'cmake_prefix_path')
[20.406s] INFO:colcon.colcon_core.shell:Creating environment hook '/home/cairlab/twist_mux/diagnostics/install/diagnostic_aggregator/share/diagnostic_aggregator/hook/cmake_prefix_path.ps1'
[20.406s] INFO:colcon.colcon_core.shell:Creating environment descriptor '/home/cairlab/twist_mux/diagnostics/install/diagnostic_aggregator/share/diagnostic_aggregator/hook/cmake_prefix_path.dsv'
[20.406s] INFO:colcon.colcon_core.shell:Creating environment hook '/home/cairlab/twist_mux/diagnostics/install/diagnostic_aggregator/share/diagnostic_aggregator/hook/cmake_prefix_path.sh'
[20.407s] Level 1:colcon.colcon_core.environment:checking '/home/cairlab/twist_mux/diagnostics/install/diagnostic_aggregator/lib'
[20.407s] Level 1:colcon.colcon_core.shell:create_environment_hook('diagnostic_aggregator', 'ld_library_path_lib')
[20.408s] INFO:colcon.colcon_core.shell:Creating environment hook '/home/cairlab/twist_mux/diagnostics/install/diagnostic_aggregator/share/diagnostic_aggregator/hook/ld_library_path_lib.ps1'
[20.408s] INFO:colcon.colcon_core.shell:Creating environment descriptor '/home/cairlab/twist_mux/diagnostics/install/diagnostic_aggregator/share/diagnostic_aggregator/hook/ld_library_path_lib.dsv'
[20.409s] INFO:colcon.colcon_core.shell:Creating environment hook '/home/cairlab/twist_mux/diagnostics/install/diagnostic_aggregator/share/diagnostic_aggregator/hook/ld_library_path_lib.sh'
[20.409s] Level 1:colcon.colcon_core.environment:checking '/home/cairlab/twist_mux/diagnostics/install/diagnostic_aggregator/bin'
[20.409s] Level 1:colcon.colcon_core.environment:checking '/home/cairlab/twist_mux/diagnostics/install/diagnostic_aggregator/lib/pkgconfig/diagnostic_aggregator.pc'
[20.410s] Level 1:colcon.colcon_core.environment:checking '/home/cairlab/twist_mux/diagnostics/install/diagnostic_aggregator/lib/python3.10/site-packages'
[20.410s] Level 1:colcon.colcon_core.environment:checking '/home/cairlab/twist_mux/diagnostics/install/diagnostic_aggregator/bin'
[20.411s] INFO:colcon.colcon_core.shell:Creating package script '/home/cairlab/twist_mux/diagnostics/install/diagnostic_aggregator/share/diagnostic_aggregator/package.ps1'
[20.412s] INFO:colcon.colcon_core.shell:Creating package descriptor '/home/cairlab/twist_mux/diagnostics/install/diagnostic_aggregator/share/diagnostic_aggregator/package.dsv'
[20.412s] INFO:colcon.colcon_core.shell:Creating package script '/home/cairlab/twist_mux/diagnostics/install/diagnostic_aggregator/share/diagnostic_aggregator/package.sh'
[20.413s] INFO:colcon.colcon_core.shell:Creating package script '/home/cairlab/twist_mux/diagnostics/install/diagnostic_aggregator/share/diagnostic_aggregator/package.bash'
[20.413s] INFO:colcon.colcon_core.shell:Creating package script '/home/cairlab/twist_mux/diagnostics/install/diagnostic_aggregator/share/diagnostic_aggregator/package.zsh'
[20.414s] Level 1:colcon.colcon_core.environment:create_file_with_runtime_dependencies(/home/cairlab/twist_mux/diagnostics/install/diagnostic_aggregator/share/colcon-core/packages/diagnostic_aggregator)
[22.974s] DEBUG:colcon.colcon_core.event_handler.log_command:Invoked command in '/home/cairlab/twist_mux/diagnostics/build/self_test' returned '0': AMENT_PREFIX_PATH=/home/cairlab/twist_mux/diagnostics/install/diagnostic_updater:${AMENT_PREFIX_PATH} CMAKE_PREFIX_PATH=/home/cairlab/twist_mux/diagnostics/install/diagnostic_updater:/opt/ros/humble LD_LIBRARY_PATH=/home/cairlab/twist_mux/diagnostics/install/diagnostic_updater/lib:${LD_LIBRARY_PATH} PYTHONPATH=/home/cairlab/twist_mux/diagnostics/install/diagnostic_updater/local/lib/python3.10/dist-packages:${PYTHONPATH} /usr/bin/cmake --build /home/cairlab/twist_mux/diagnostics/build/self_test -- -j12 -l12
[23.000s] DEBUG:colcon.colcon_core.event_handler.log_command:Invoking command in '/home/cairlab/twist_mux/diagnostics/build/self_test': AMENT_PREFIX_PATH=/home/cairlab/twist_mux/diagnostics/install/diagnostic_updater:${AMENT_PREFIX_PATH} CMAKE_PREFIX_PATH=/home/cairlab/twist_mux/diagnostics/install/diagnostic_updater:/opt/ros/humble LD_LIBRARY_PATH=/home/cairlab/twist_mux/diagnostics/install/diagnostic_updater/lib:${LD_LIBRARY_PATH} PYTHONPATH=/home/cairlab/twist_mux/diagnostics/install/diagnostic_updater/local/lib/python3.10/dist-packages:${PYTHONPATH} /usr/bin/cmake --install /home/cairlab/twist_mux/diagnostics/build/self_test
[23.012s] Level 1:colcon.colcon_core.environment:create_environment_scripts_only(self_test)
[23.016s] Level 1:colcon.colcon_core.environment:checking '/home/cairlab/twist_mux/diagnostics/install/self_test' for CMake module files
[23.016s] DEBUG:colcon.colcon_core.event_handler.log_command:Invoked command in '/home/cairlab/twist_mux/diagnostics/build/self_test' returned '0': AMENT_PREFIX_PATH=/home/cairlab/twist_mux/diagnostics/install/diagnostic_updater:${AMENT_PREFIX_PATH} CMAKE_PREFIX_PATH=/home/cairlab/twist_mux/diagnostics/install/diagnostic_updater:/opt/ros/humble LD_LIBRARY_PATH=/home/cairlab/twist_mux/diagnostics/install/diagnostic_updater/lib:${LD_LIBRARY_PATH} PYTHONPATH=/home/cairlab/twist_mux/diagnostics/install/diagnostic_updater/local/lib/python3.10/dist-packages:${PYTHONPATH} /usr/bin/cmake --install /home/cairlab/twist_mux/diagnostics/build/self_test
[23.016s] Level 1:colcon.colcon_core.environment:checking '/home/cairlab/twist_mux/diagnostics/install/self_test' for CMake config files
[23.016s] Level 1:colcon.colcon_core.shell:create_environment_hook('self_test', 'cmake_prefix_path')
[23.017s] INFO:colcon.colcon_core.shell:Creating environment hook '/home/cairlab/twist_mux/diagnostics/install/self_test/share/self_test/hook/cmake_prefix_path.ps1'
[23.018s] INFO:colcon.colcon_core.shell:Creating environment descriptor '/home/cairlab/twist_mux/diagnostics/install/self_test/share/self_test/hook/cmake_prefix_path.dsv'
[23.018s] INFO:colcon.colcon_core.shell:Creating environment hook '/home/cairlab/twist_mux/diagnostics/install/self_test/share/self_test/hook/cmake_prefix_path.sh'
[23.018s] Level 1:colcon.colcon_core.environment:checking '/home/cairlab/twist_mux/diagnostics/install/self_test/lib'
[23.018s] Level 1:colcon.colcon_core.environment:checking '/home/cairlab/twist_mux/diagnostics/install/self_test/bin'
[23.018s] Level 1:colcon.colcon_core.environment:checking '/home/cairlab/twist_mux/diagnostics/install/self_test/lib/pkgconfig/self_test.pc'
[23.019s] Level 1:colcon.colcon_core.environment:checking '/home/cairlab/twist_mux/diagnostics/install/self_test/lib/python3.10/site-packages'
[23.019s] Level 1:colcon.colcon_core.environment:checking '/home/cairlab/twist_mux/diagnostics/install/self_test/bin'
[23.020s] INFO:colcon.colcon_core.shell:Creating package script '/home/cairlab/twist_mux/diagnostics/install/self_test/share/self_test/package.ps1'
[23.021s] INFO:colcon.colcon_core.shell:Creating package descriptor '/home/cairlab/twist_mux/diagnostics/install/self_test/share/self_test/package.dsv'
[23.022s] INFO:colcon.colcon_core.shell:Creating package script '/home/cairlab/twist_mux/diagnostics/install/self_test/share/self_test/package.sh'
[23.022s] INFO:colcon.colcon_core.shell:Creating package script '/home/cairlab/twist_mux/diagnostics/install/self_test/share/self_test/package.bash'
[23.022s] INFO:colcon.colcon_core.shell:Creating package script '/home/cairlab/twist_mux/diagnostics/install/self_test/share/self_test/package.zsh'
[23.022s] Level 1:colcon.colcon_core.environment:create_file_with_runtime_dependencies(/home/cairlab/twist_mux/diagnostics/install/self_test/share/colcon-core/packages/self_test)
[23.051s] Level 1:colcon.colcon_core.environment:create_environment_scripts_only(self_test)
[23.052s] Level 1:colcon.colcon_core.environment:checking '/home/cairlab/twist_mux/diagnostics/install/self_test' for CMake module files
[23.053s] Level 1:colcon.colcon_core.environment:checking '/home/cairlab/twist_mux/diagnostics/install/self_test' for CMake config files
[23.053s] Level 1:colcon.colcon_core.shell:create_environment_hook('self_test', 'cmake_prefix_path')
[23.054s] INFO:colcon.colcon_core.shell:Creating environment hook '/home/cairlab/twist_mux/diagnostics/install/self_test/share/self_test/hook/cmake_prefix_path.ps1'
[23.054s] INFO:colcon.colcon_core.shell:Creating environment descriptor '/home/cairlab/twist_mux/diagnostics/install/self_test/share/self_test/hook/cmake_prefix_path.dsv'
[23.055s] INFO:colcon.colcon_core.shell:Creating environment hook '/home/cairlab/twist_mux/diagnostics/install/self_test/share/self_test/hook/cmake_prefix_path.sh'
[23.055s] Level 1:colcon.colcon_core.environment:checking '/home/cairlab/twist_mux/diagnostics/install/self_test/lib'
[23.055s] Level 1:colcon.colcon_core.environment:checking '/home/cairlab/twist_mux/diagnostics/install/self_test/bin'
[23.055s] Level 1:colcon.colcon_core.environment:checking '/home/cairlab/twist_mux/diagnostics/install/self_test/lib/pkgconfig/self_test.pc'
[23.055s] Level 1:colcon.colcon_core.environment:checking '/home/cairlab/twist_mux/diagnostics/install/self_test/lib/python3.10/site-packages'
[23.055s] Level 1:colcon.colcon_core.environment:checking '/home/cairlab/twist_mux/diagnostics/install/self_test/bin'
[23.056s] INFO:colcon.colcon_core.shell:Creating package script '/home/cairlab/twist_mux/diagnostics/install/self_test/share/self_test/package.ps1'
[23.057s] INFO:colcon.colcon_core.shell:Creating package descriptor '/home/cairlab/twist_mux/diagnostics/install/self_test/share/self_test/package.dsv'
[23.057s] INFO:colcon.colcon_core.shell:Creating package script '/home/cairlab/twist_mux/diagnostics/install/self_test/share/self_test/package.sh'
[23.058s] INFO:colcon.colcon_core.shell:Creating package script '/home/cairlab/twist_mux/diagnostics/install/self_test/share/self_test/package.bash'
[23.058s] INFO:colcon.colcon_core.shell:Creating package script '/home/cairlab/twist_mux/diagnostics/install/self_test/share/self_test/package.zsh'
[23.058s] Level 1:colcon.colcon_core.environment:create_file_with_runtime_dependencies(/home/cairlab/twist_mux/diagnostics/install/self_test/share/colcon-core/packages/self_test)
[23.059s] INFO:colcon.colcon_ros.task.ament_cmake.build:Building ROS package in '/home/cairlab/twist_mux/diagnostics/diagnostics' with build type 'ament_cmake'
[23.059s] INFO:colcon.colcon_cmake.task.cmake.build:Building CMake package in '/home/cairlab/twist_mux/diagnostics/diagnostics'
[23.060s] INFO:colcon.colcon_core.shell:Skip shell extension 'powershell' for command environment: Not usable outside of PowerShell
[23.060s] DEBUG:colcon.colcon_core.shell:Skip shell extension 'dsv' for command environment
[23.076s] DEBUG:colcon.colcon_core.event_handler.log_command:Invoking command in '/home/cairlab/twist_mux/diagnostics/build/diagnostics': AMENT_PREFIX_PATH=/home/cairlab/twist_mux/diagnostics/install/self_test:/home/cairlab/twist_mux/diagnostics/install/diagnostic_common_diagnostics:/home/cairlab/twist_mux/diagnostics/install/diagnostic_updater:/home/cairlab/twist_mux/diagnostics/install/diagnostic_aggregator:${AMENT_PREFIX_PATH} CMAKE_PREFIX_PATH=/home/cairlab/twist_mux/diagnostics/install/self_test:/home/cairlab/twist_mux/diagnostics/install/diagnostic_common_diagnostics:/home/cairlab/twist_mux/diagnostics/install/diagnostic_updater:/home/cairlab/twist_mux/diagnostics/install/diagnostic_aggregator:/opt/ros/humble LD_LIBRARY_PATH=/home/cairlab/twist_mux/diagnostics/install/diagnostic_updater/lib:/home/cairlab/twist_mux/diagnostics/install/diagnostic_aggregator/lib:${LD_LIBRARY_PATH} PYTHONPATH=/home/cairlab/twist_mux/diagnostics/install/diagnostic_common_diagnostics/local/lib/python3.10/dist-packages:/home/cairlab/twist_mux/diagnostics/install/diagnostic_updater/local/lib/python3.10/dist-packages:/home/cairlab/twist_mux/diagnostics/install/diagnostic_aggregator/local/lib/python3.10/dist-packages:${PYTHONPATH} /usr/bin/cmake /home/cairlab/twist_mux/diagnostics/diagnostics -DCMAKE_INSTALL_PREFIX=/home/cairlab/twist_mux/diagnostics/install/diagnostics
[23.596s] DEBUG:colcon.colcon_core.event_handler.log_command:Invoked command in '/home/cairlab/twist_mux/diagnostics/build/diagnostics' returned '0': AMENT_PREFIX_PATH=/home/cairlab/twist_mux/diagnostics/install/self_test:/home/cairlab/twist_mux/diagnostics/install/diagnostic_common_diagnostics:/home/cairlab/twist_mux/diagnostics/install/diagnostic_updater:/home/cairlab/twist_mux/diagnostics/install/diagnostic_aggregator:${AMENT_PREFIX_PATH} CMAKE_PREFIX_PATH=/home/cairlab/twist_mux/diagnostics/install/self_test:/home/cairlab/twist_mux/diagnostics/install/diagnostic_common_diagnostics:/home/cairlab/twist_mux/diagnostics/install/diagnostic_updater:/home/cairlab/twist_mux/diagnostics/install/diagnostic_aggregator:/opt/ros/humble LD_LIBRARY_PATH=/home/cairlab/twist_mux/diagnostics/install/diagnostic_updater/lib:/home/cairlab/twist_mux/diagnostics/install/diagnostic_aggregator/lib:${LD_LIBRARY_PATH} PYTHONPATH=/home/cairlab/twist_mux/diagnostics/install/diagnostic_common_diagnostics/local/lib/python3.10/dist-packages:/home/cairlab/twist_mux/diagnostics/install/diagnostic_updater/local/lib/python3.10/dist-packages:/home/cairlab/twist_mux/diagnostics/install/diagnostic_aggregator/local/lib/python3.10/dist-packages:${PYTHONPATH} /usr/bin/cmake /home/cairlab/twist_mux/diagnostics/diagnostics -DCMAKE_INSTALL_PREFIX=/home/cairlab/twist_mux/diagnostics/install/diagnostics
[23.597s] DEBUG:colcon.colcon_core.event_handler.log_command:Invoking command in '/home/cairlab/twist_mux/diagnostics/build/diagnostics': AMENT_PREFIX_PATH=/home/cairlab/twist_mux/diagnostics/install/self_test:/home/cairlab/twist_mux/diagnostics/install/diagnostic_common_diagnostics:/home/cairlab/twist_mux/diagnostics/install/diagnostic_updater:/home/cairlab/twist_mux/diagnostics/install/diagnostic_aggregator:${AMENT_PREFIX_PATH} CMAKE_PREFIX_PATH=/home/cairlab/twist_mux/diagnostics/install/self_test:/home/cairlab/twist_mux/diagnostics/install/diagnostic_common_diagnostics:/home/cairlab/twist_mux/diagnostics/install/diagnostic_updater:/home/cairlab/twist_mux/diagnostics/install/diagnostic_aggregator:/opt/ros/humble LD_LIBRARY_PATH=/home/cairlab/twist_mux/diagnostics/install/diagnostic_updater/lib:/home/cairlab/twist_mux/diagnostics/install/diagnostic_aggregator/lib:${LD_LIBRARY_PATH} PYTHONPATH=/home/cairlab/twist_mux/diagnostics/install/diagnostic_common_diagnostics/local/lib/python3.10/dist-packages:/home/cairlab/twist_mux/diagnostics/install/diagnostic_updater/local/lib/python3.10/dist-packages:/home/cairlab/twist_mux/diagnostics/install/diagnostic_aggregator/local/lib/python3.10/dist-packages:${PYTHONPATH} /usr/bin/cmake --build /home/cairlab/twist_mux/diagnostics/build/diagnostics -- -j12 -l12
[23.628s] DEBUG:colcon.colcon_core.event_handler.log_command:Invoked command in '/home/cairlab/twist_mux/diagnostics/build/diagnostics' returned '0': AMENT_PREFIX_PATH=/home/cairlab/twist_mux/diagnostics/install/self_test:/home/cairlab/twist_mux/diagnostics/install/diagnostic_common_diagnostics:/home/cairlab/twist_mux/diagnostics/install/diagnostic_updater:/home/cairlab/twist_mux/diagnostics/install/diagnostic_aggregator:${AMENT_PREFIX_PATH} CMAKE_PREFIX_PATH=/home/cairlab/twist_mux/diagnostics/install/self_test:/home/cairlab/twist_mux/diagnostics/install/diagnostic_common_diagnostics:/home/cairlab/twist_mux/diagnostics/install/diagnostic_updater:/home/cairlab/twist_mux/diagnostics/install/diagnostic_aggregator:/opt/ros/humble LD_LIBRARY_PATH=/home/cairlab/twist_mux/diagnostics/install/diagnostic_updater/lib:/home/cairlab/twist_mux/diagnostics/install/diagnostic_aggregator/lib:${LD_LIBRARY_PATH} PYTHONPATH=/home/cairlab/twist_mux/diagnostics/install/diagnostic_common_diagnostics/local/lib/python3.10/dist-packages:/home/cairlab/twist_mux/diagnostics/install/diagnostic_updater/local/lib/python3.10/dist-packages:/home/cairlab/twist_mux/diagnostics/install/diagnostic_aggregator/local/lib/python3.10/dist-packages:${PYTHONPATH} /usr/bin/cmake --build /home/cairlab/twist_mux/diagnostics/build/diagnostics -- -j12 -l12
[23.648s] DEBUG:colcon.colcon_core.event_handler.log_command:Invoking command in '/home/cairlab/twist_mux/diagnostics/build/diagnostics': AMENT_PREFIX_PATH=/home/cairlab/twist_mux/diagnostics/install/self_test:/home/cairlab/twist_mux/diagnostics/install/diagnostic_common_diagnostics:/home/cairlab/twist_mux/diagnostics/install/diagnostic_updater:/home/cairlab/twist_mux/diagnostics/install/diagnostic_aggregator:${AMENT_PREFIX_PATH} CMAKE_PREFIX_PATH=/home/cairlab/twist_mux/diagnostics/install/self_test:/home/cairlab/twist_mux/diagnostics/install/diagnostic_common_diagnostics:/home/cairlab/twist_mux/diagnostics/install/diagnostic_updater:/home/cairlab/twist_mux/diagnostics/install/diagnostic_aggregator:/opt/ros/humble LD_LIBRARY_PATH=/home/cairlab/twist_mux/diagnostics/install/diagnostic_updater/lib:/home/cairlab/twist_mux/diagnostics/install/diagnostic_aggregator/lib:${LD_LIBRARY_PATH} PYTHONPATH=/home/cairlab/twist_mux/diagnostics/install/diagnostic_common_diagnostics/local/lib/python3.10/dist-packages:/home/cairlab/twist_mux/diagnostics/install/diagnostic_updater/local/lib/python3.10/dist-packages:/home/cairlab/twist_mux/diagnostics/install/diagnostic_aggregator/local/lib/python3.10/dist-packages:${PYTHONPATH} /usr/bin/cmake --install /home/cairlab/twist_mux/diagnostics/build/diagnostics
[23.656s] Level 1:colcon.colcon_core.environment:create_environment_scripts_only(diagnostics)
[23.656s] DEBUG:colcon.colcon_core.event_handler.log_command:Invoked command in '/home/cairlab/twist_mux/diagnostics/build/diagnostics' returned '0': AMENT_PREFIX_PATH=/home/cairlab/twist_mux/diagnostics/install/self_test:/home/cairlab/twist_mux/diagnostics/install/diagnostic_common_diagnostics:/home/cairlab/twist_mux/diagnostics/install/diagnostic_updater:/home/cairlab/twist_mux/diagnostics/install/diagnostic_aggregator:${AMENT_PREFIX_PATH} CMAKE_PREFIX_PATH=/home/cairlab/twist_mux/diagnostics/install/self_test:/home/cairlab/twist_mux/diagnostics/install/diagnostic_common_diagnostics:/home/cairlab/twist_mux/diagnostics/install/diagnostic_updater:/home/cairlab/twist_mux/diagnostics/install/diagnostic_aggregator:/opt/ros/humble LD_LIBRARY_PATH=/home/cairlab/twist_mux/diagnostics/install/diagnostic_updater/lib:/home/cairlab/twist_mux/diagnostics/install/diagnostic_aggregator/lib:${LD_LIBRARY_PATH} PYTHONPATH=/home/cairlab/twist_mux/diagnostics/install/diagnostic_common_diagnostics/local/lib/python3.10/dist-packages:/home/cairlab/twist_mux/diagnostics/install/diagnostic_updater/local/lib/python3.10/dist-packages:/home/cairlab/twist_mux/diagnostics/install/diagnostic_aggregator/local/lib/python3.10/dist-packages:${PYTHONPATH} /usr/bin/cmake --install /home/cairlab/twist_mux/diagnostics/build/diagnostics
[23.658s] Level 1:colcon.colcon_core.environment:checking '/home/cairlab/twist_mux/diagnostics/install/diagnostics' for CMake module files
[23.658s] Level 1:colcon.colcon_core.environment:checking '/home/cairlab/twist_mux/diagnostics/install/diagnostics' for CMake config files
[23.659s] Level 1:colcon.colcon_core.shell:create_environment_hook('diagnostics', 'cmake_prefix_path')
[23.660s] INFO:colcon.colcon_core.shell:Creating environment hook '/home/cairlab/twist_mux/diagnostics/install/diagnostics/share/diagnostics/hook/cmake_prefix_path.ps1'
[23.660s] INFO:colcon.colcon_core.shell:Creating environment descriptor '/home/cairlab/twist_mux/diagnostics/install/diagnostics/share/diagnostics/hook/cmake_prefix_path.dsv'
[23.660s] INFO:colcon.colcon_core.shell:Creating environment hook '/home/cairlab/twist_mux/diagnostics/install/diagnostics/share/diagnostics/hook/cmake_prefix_path.sh'
[23.660s] Level 1:colcon.colcon_core.environment:checking '/home/cairlab/twist_mux/diagnostics/install/diagnostics/bin'
[23.660s] Level 1:colcon.colcon_core.environment:checking '/home/cairlab/twist_mux/diagnostics/install/diagnostics/lib/pkgconfig/diagnostics.pc'
[23.661s] Level 1:colcon.colcon_core.environment:checking '/home/cairlab/twist_mux/diagnostics/install/diagnostics/lib/python3.10/site-packages'
[23.661s] Level 1:colcon.colcon_core.environment:checking '/home/cairlab/twist_mux/diagnostics/install/diagnostics/bin'
[23.662s] INFO:colcon.colcon_core.shell:Creating package script '/home/cairlab/twist_mux/diagnostics/install/diagnostics/share/diagnostics/package.ps1'
[23.662s] INFO:colcon.colcon_core.shell:Creating package descriptor '/home/cairlab/twist_mux/diagnostics/install/diagnostics/share/diagnostics/package.dsv'
[23.662s] INFO:colcon.colcon_core.shell:Creating package script '/home/cairlab/twist_mux/diagnostics/install/diagnostics/share/diagnostics/package.sh'
[23.663s] INFO:colcon.colcon_core.shell:Creating package script '/home/cairlab/twist_mux/diagnostics/install/diagnostics/share/diagnostics/package.bash'
[23.663s] INFO:colcon.colcon_core.shell:Creating package script '/home/cairlab/twist_mux/diagnostics/install/diagnostics/share/diagnostics/package.zsh'
[23.663s] Level 1:colcon.colcon_core.environment:create_file_with_runtime_dependencies(/home/cairlab/twist_mux/diagnostics/install/diagnostics/share/colcon-core/packages/diagnostics)
[23.681s] Level 1:colcon.colcon_core.environment:create_environment_scripts_only(diagnostics)
[23.682s] Level 1:colcon.colcon_core.environment:checking '/home/cairlab/twist_mux/diagnostics/install/diagnostics' for CMake module files
[23.683s] Level 1:colcon.colcon_core.environment:checking '/home/cairlab/twist_mux/diagnostics/install/diagnostics' for CMake config files
[23.683s] Level 1:colcon.colcon_core.shell:create_environment_hook('diagnostics', 'cmake_prefix_path')
[23.684s] INFO:colcon.colcon_core.shell:Creating environment hook '/home/cairlab/twist_mux/diagnostics/install/diagnostics/share/diagnostics/hook/cmake_prefix_path.ps1'
[23.684s] INFO:colcon.colcon_core.shell:Creating environment descriptor '/home/cairlab/twist_mux/diagnostics/install/diagnostics/share/diagnostics/hook/cmake_prefix_path.dsv'
[23.684s] INFO:colcon.colcon_core.shell:Creating environment hook '/home/cairlab/twist_mux/diagnostics/install/diagnostics/share/diagnostics/hook/cmake_prefix_path.sh'
[23.685s] Level 1:colcon.colcon_core.environment:checking '/home/cairlab/twist_mux/diagnostics/install/diagnostics/bin'
[23.685s] Level 1:colcon.colcon_core.environment:checking '/home/cairlab/twist_mux/diagnostics/install/diagnostics/lib/pkgconfig/diagnostics.pc'
[23.685s] Level 1:colcon.colcon_core.environment:checking '/home/cairlab/twist_mux/diagnostics/install/diagnostics/lib/python3.10/site-packages'
[23.685s] Level 1:colcon.colcon_core.environment:checking '/home/cairlab/twist_mux/diagnostics/install/diagnostics/bin'
[23.686s] INFO:colcon.colcon_core.shell:Creating package script '/home/cairlab/twist_mux/diagnostics/install/diagnostics/share/diagnostics/package.ps1'
[23.687s] INFO:colcon.colcon_core.shell:Creating package descriptor '/home/cairlab/twist_mux/diagnostics/install/diagnostics/share/diagnostics/package.dsv'
[23.687s] INFO:colcon.colcon_core.shell:Creating package script '/home/cairlab/twist_mux/diagnostics/install/diagnostics/share/diagnostics/package.sh'
[23.687s] INFO:colcon.colcon_core.shell:Creating package script '/home/cairlab/twist_mux/diagnostics/install/diagnostics/share/diagnostics/package.bash'
[23.688s] INFO:colcon.colcon_core.shell:Creating package script '/home/cairlab/twist_mux/diagnostics/install/diagnostics/share/diagnostics/package.zsh'
[23.688s] Level 1:colcon.colcon_core.environment:create_file_with_runtime_dependencies(/home/cairlab/twist_mux/diagnostics/install/diagnostics/share/colcon-core/packages/diagnostics)
[23.689s] DEBUG:colcon.colcon_parallel_executor.executor.parallel:closing loop
[23.690s] DEBUG:colcon.colcon_parallel_executor.executor.parallel:loop closed
[23.690s] DEBUG:colcon.colcon_parallel_executor.executor.parallel:run_until_complete finished with '0'
[23.691s] DEBUG:colcon.colcon_core.event_reactor:joining thread
[23.719s] INFO:colcon.colcon_core.plugin_system:Skipping extension 'colcon_notification.desktop_notification.terminal_notifier': Not used on non-Darwin systems
[23.719s] INFO:colcon.colcon_core.plugin_system:Skipping extension 'colcon_notification.desktop_notification.win32': Not used on non-Windows systems
[23.720s] INFO:colcon.colcon_notification.desktop_notification:Sending desktop notification using 'notify2'
[23.730s] DEBUG:colcon.colcon_core.event_reactor:joined thread
[23.732s] INFO:colcon.colcon_core.shell:Creating prefix script '/home/cairlab/twist_mux/diagnostics/install/local_setup.ps1'
[23.733s] INFO:colcon.colcon_core.shell:Creating prefix util module '/home/cairlab/twist_mux/diagnostics/install/_local_setup_util_ps1.py'
[23.735s] INFO:colcon.colcon_core.shell:Creating prefix chain script '/home/cairlab/twist_mux/diagnostics/install/setup.ps1'
[23.737s] INFO:colcon.colcon_core.shell:Creating prefix script '/home/cairlab/twist_mux/diagnostics/install/local_setup.sh'
[23.738s] INFO:colcon.colcon_core.shell:Creating prefix util module '/home/cairlab/twist_mux/diagnostics/install/_local_setup_util_sh.py'
[23.738s] INFO:colcon.colcon_core.shell:Creating prefix chain script '/home/cairlab/twist_mux/diagnostics/install/setup.sh'
[23.740s] INFO:colcon.colcon_core.shell:Creating prefix script '/home/cairlab/twist_mux/diagnostics/install/local_setup.bash'
[23.741s] INFO:colcon.colcon_core.shell:Creating prefix chain script '/home/cairlab/twist_mux/diagnostics/install/setup.bash'
[23.743s] INFO:colcon.colcon_core.shell:Creating prefix script '/home/cairlab/twist_mux/diagnostics/install/local_setup.zsh'
[23.744s] INFO:colcon.colcon_core.shell:Creating prefix chain script '/home/cairlab/twist_mux/diagnostics/install/setup.zsh'
