[0.448s] Invoking command in '/home/odin/Documents/GitHub/saga_repo/build/loki_description': CMAKE_PREFIX_PATH=/opt/ros/humble /usr/bin/cmake --build /home/odin/Documents/GitHub/saga_repo/build/loki_description -- -j8 -l8
[1.206s] Invoked command in '/home/odin/Documents/GitHub/saga_repo/build/loki_description' returned '0': CMAKE_PREFIX_PATH=/opt/ros/humble /usr/bin/cmake --build /home/odin/Documents/GitHub/saga_repo/build/loki_description -- -j8 -l8
[1.381s] Invoking command in '/home/odin/Documents/GitHub/saga_repo/build/loki_description': CMAKE_PREFIX_PATH=/opt/ros/humble /usr/bin/cmake --install /home/odin/Documents/GitHub/saga_repo/build/loki_description
[1.427s] -- Install configuration: ""
[1.427s] -- Up-to-date: /home/odin/Documents/GitHub/saga_repo/install/loki_description/share/loki_description/launch
[1.430s] -- Up-to-date: /home/odin/Documents/GitHub/saga_repo/install/loki_description/share/loki_description/launch/model.launch
[1.431s] -- Up-to-date: /home/odin/Documents/GitHub/saga_repo/install/loki_description/share/loki_description/launch/model.launch.py
[1.431s] -- Up-to-date: /home/odin/Documents/GitHub/saga_repo/install/loki_description/share/loki_description/meshes
[1.431s] -- Up-to-date: /home/odin/Documents/GitHub/saga_repo/install/loki_description/share/loki_description/meshes/tower_modules
[1.431s] -- Up-to-date: /home/odin/Documents/GitHub/saga_repo/install/loki_description/share/loki_description/meshes/tower_modules/DUMMY-TOWER-MIRROR-M.stl
[1.431s] -- Up-to-date: /home/odin/Documents/GitHub/saga_repo/install/loki_description/share/loki_description/meshes/tower_modules/DUMMY-TOWER-M.stl
[1.431s] -- Up-to-date: /home/odin/Documents/GitHub/saga_repo/install/loki_description/share/loki_description/meshes/tower_modules/DUMMY-DRIVE-BRACKET.stl
[1.431s] -- Up-to-date: /home/odin/Documents/GitHub/saga_repo/install/loki_description/share/loki_description/meshes/clamps
[1.431s] -- Up-to-date: /home/odin/Documents/GitHub/saga_repo/install/loki_description/share/loki_description/meshes/clamps/DUMMY-T-BRACKET.stl
[1.432s] -- Up-to-date: /home/odin/Documents/GitHub/saga_repo/install/loki_description/share/loki_description/meshes/clamps/DUMMY-SUSP.stl
[1.432s] -- Up-to-date: /home/odin/Documents/GitHub/saga_repo/install/loki_description/share/loki_description/meshes/drive_modules
[1.432s] -- Up-to-date: /home/odin/Documents/GitHub/saga_repo/install/loki_description/share/loki_description/meshes/drive_modules/836745-5-DUMMY-RevA.stl
[1.432s] -- Up-to-date: /home/odin/Documents/GitHub/saga_repo/install/loki_description/share/loki_description/meshes/drive_modules/836745-5-DUMMY-MIRROR-RevA.stl
[1.432s] -- Up-to-date: /home/odin/Documents/GitHub/saga_repo/install/loki_description/share/loki_description/meshes/drive_modules/old
[1.432s] -- Up-to-date: /home/odin/Documents/GitHub/saga_repo/install/loki_description/share/loki_description/meshes/drive_modules/old/836586-1-DUMMY-RevA.stl
[1.432s] -- Up-to-date: /home/odin/Documents/GitHub/saga_repo/install/loki_description/share/loki_description/meshes/drive_modules/old/836745-5-DUMMY-RevA.stl
[1.432s] -- Up-to-date: /home/odin/Documents/GitHub/saga_repo/install/loki_description/share/loki_description/meshes/drive_modules/old/836745-5-DUMMY-MIRROR-RevA.stl
[1.433s] -- Up-to-date: /home/odin/Documents/GitHub/saga_repo/install/loki_description/share/loki_description/meshes/uv_frame
[1.433s] -- Up-to-date: /home/odin/Documents/GitHub/saga_repo/install/loki_description/share/loki_description/meshes/uv_frame/uv_arc.STL
[1.433s] -- Up-to-date: /home/odin/Documents/GitHub/saga_repo/install/loki_description/share/loki_description/meshes/bat_enc_modules
[1.433s] -- Up-to-date: /home/odin/Documents/GitHub/saga_repo/install/loki_description/share/loki_description/meshes/bat_enc_modules/836586-1-DUMMY-RevA.stl
[1.433s] -- Up-to-date: /home/odin/Documents/GitHub/saga_repo/install/loki_description/share/loki_description/meshes/hokuyo
[1.434s] -- Up-to-date: /home/odin/Documents/GitHub/saga_repo/install/loki_description/share/loki_description/meshes/hokuyo/hokuyo.dae
[1.434s] -- Up-to-date: /home/odin/Documents/GitHub/saga_repo/install/loki_description/share/loki_description/urdf
[1.434s] -- Up-to-date: /home/odin/Documents/GitHub/saga_repo/install/loki_description/share/loki_description/urdf/thorvald_model.xacro
[1.434s] -- Up-to-date: /home/odin/Documents/GitHub/saga_repo/install/loki_description/share/loki_description/urdf/sensor_modules
[1.434s] -- Up-to-date: /home/odin/Documents/GitHub/saga_repo/install/loki_description/share/loki_description/urdf/sensor_modules/sensor_frames_example.xacro
[1.434s] -- Up-to-date: /home/odin/Documents/GitHub/saga_repo/install/loki_description/share/ament_index/resource_index/package_run_dependencies/loki_description
[1.434s] -- Up-to-date: /home/odin/Documents/GitHub/saga_repo/install/loki_description/share/ament_index/resource_index/parent_prefix_path/loki_description
[1.435s] -- Up-to-date: /home/odin/Documents/GitHub/saga_repo/install/loki_description/share/loki_description/environment/ament_prefix_path.sh
[1.436s] -- Up-to-date: /home/odin/Documents/GitHub/saga_repo/install/loki_description/share/loki_description/environment/ament_prefix_path.dsv
[1.436s] -- Up-to-date: /home/odin/Documents/GitHub/saga_repo/install/loki_description/share/loki_description/environment/path.sh
[1.436s] -- Up-to-date: /home/odin/Documents/GitHub/saga_repo/install/loki_description/share/loki_description/environment/path.dsv
[1.437s] -- Up-to-date: /home/odin/Documents/GitHub/saga_repo/install/loki_description/share/loki_description/local_setup.bash
[1.437s] -- Up-to-date: /home/odin/Documents/GitHub/saga_repo/install/loki_description/share/loki_description/local_setup.sh
[1.437s] -- Up-to-date: /home/odin/Documents/GitHub/saga_repo/install/loki_description/share/loki_description/local_setup.zsh
[1.437s] -- Up-to-date: /home/odin/Documents/GitHub/saga_repo/install/loki_description/share/loki_description/local_setup.dsv
[1.437s] -- Installing: /home/odin/Documents/GitHub/saga_repo/install/loki_description/share/loki_description/package.dsv
[1.437s] -- Up-to-date: /home/odin/Documents/GitHub/saga_repo/install/loki_description/share/ament_index/resource_index/packages/loki_description
[1.437s] -- Up-to-date: /home/odin/Documents/GitHub/saga_repo/install/loki_description/share/loki_description/cmake/loki_descriptionConfig.cmake
[1.438s] -- Up-to-date: /home/odin/Documents/GitHub/saga_repo/install/loki_description/share/loki_description/cmake/loki_descriptionConfig-version.cmake
[1.438s] -- Up-to-date: /home/odin/Documents/GitHub/saga_repo/install/loki_description/share/loki_description/package.xml
[1.450s] Invoked command in '/home/odin/Documents/GitHub/saga_repo/build/loki_description' returned '0': CMAKE_PREFIX_PATH=/opt/ros/humble /usr/bin/cmake --install /home/odin/Documents/GitHub/saga_repo/build/loki_description
