[0.064s] Invoking command in '/home/cairlab/Documents/GitHub/saga_repo/build/loki_can_devices': AMENT_PREFIX_PATH=/home/cairlab/Documents/GitHub/saga_repo/install/loki_msgs:/home/cairlab/Documents/GitHub/saga_repo/install/sensor_msgs:/home/cairlab/Documents/GitHub/saga_repo/install/nav_msgs:/home/cairlab/Documents/GitHub/saga_repo/install/diagnostic_msgs:/home/cairlab/Documents/GitHub/saga_repo/install/geometry_msgs:/home/cairlab/Documents/GitHub/saga_repo/install/std_srvs:/home/cairlab/Documents/GitHub/saga_repo/install/std_msgs:/home/cairlab/Documents/GitHub/saga_repo/install/loki_description:${AMENT_PREFIX_PATH} CMAKE_PREFIX_PATH=/home/cairlab/Documents/GitHub/saga_repo/install/loki_msgs:/home/cairlab/Documents/GitHub/saga_repo/install/sensor_msgs:/home/cairlab/Documents/GitHub/saga_repo/install/nav_msgs:/home/cairlab/Documents/GitHub/saga_repo/install/diagnostic_msgs:/home/cairlab/Documents/GitHub/saga_repo/install/geometry_msgs:/home/cairlab/Documents/GitHub/saga_repo/install/std_srvs:/home/cairlab/Documents/GitHub/saga_repo/install/std_msgs:/home/cairlab/Documents/GitHub/saga_repo/install/loki_description:/opt/ros/humble LD_LIBRARY_PATH=/home/cairlab/Documents/GitHub/saga_repo/install/loki_msgs/lib:/home/cairlab/Documents/GitHub/saga_repo/install/sensor_msgs/lib:/home/cairlab/Documents/GitHub/saga_repo/install/nav_msgs/lib:/home/cairlab/Documents/GitHub/saga_repo/install/diagnostic_msgs/lib:/home/cairlab/Documents/GitHub/saga_repo/install/geometry_msgs/lib:/home/cairlab/Documents/GitHub/saga_repo/install/std_srvs/lib:/home/cairlab/Documents/GitHub/saga_repo/install/std_msgs/lib:${LD_LIBRARY_PATH} PYTHONPATH=/home/cairlab/Documents/GitHub/saga_repo/install/loki_msgs/local/lib/python3.10/dist-packages:/home/cairlab/Documents/GitHub/saga_repo/install/sensor_msgs/local/lib/python3.10/dist-packages:/home/cairlab/Documents/GitHub/saga_repo/install/nav_msgs/local/lib/python3.10/dist-packages:/home/cairlab/Documents/GitHub/saga_repo/install/diagnostic_msgs/local/lib/python3.10/dist-packages:/home/cairlab/Documents/GitHub/saga_repo/install/geometry_msgs/local/lib/python3.10/dist-packages:/home/cairlab/Documents/GitHub/saga_repo/install/std_srvs/local/lib/python3.10/dist-packages:/home/cairlab/Documents/GitHub/saga_repo/install/std_msgs/local/lib/python3.10/dist-packages:${PYTHONPATH} /usr/bin/cmake --build /home/cairlab/Documents/GitHub/saga_repo/build/loki_can_devices -- -j12 -l12
[0.128s] [ 81%] Built target can
[0.145s] [35m[1mConsolidate compiler generated dependencies of target pytocpp[0m
[0.180s] [ 90%] [32mBuilding CXX object CMakeFiles/pytocpp.dir/src/py_to_cpp.cpp.o[0m
[4.436s] In file included from [01m[K/usr/include/c++/11/pstl/glue_algorithm_defs.h:13[m[K,
[4.436s]                  from [01m[K/usr/include/c++/11/algorithm:74[m[K,
[4.436s]                  from [01m[K/opt/ros/humble/include/rclcpp/rclcpp/executor.hpp:18[m[K,
[4.436s]                  from [01m[K/opt/ros/humble/include/rclcpp/rclcpp/executors/multi_threaded_executor.hpp:25[m[K,
[4.436s]                  from [01m[K/opt/ros/humble/include/rclcpp/rclcpp/executors.hpp:21[m[K,
[4.436s]                  from [01m[K/opt/ros/humble/include/rclcpp/rclcpp/rclcpp.hpp:155[m[K,
[4.436s]                  from [01m[K/home/cairlab/Documents/GitHub/saga_repo/ros2_thor/src/loki/loki_can_devices/src/py_to_cpp.cpp:1[m[K:
[4.437s] /usr/include/c++/11/functional: In instantiation of ‘[01m[Kstruct std::_Bind_check_arity<void (PyToCpp::*)(loki_msgs::msg::CANFrame_<std::allocator<void> >, loki_msgs::msg::CANFrame_<std::allocator<void> >), PyToCpp*, const std::_Placeholder<1>&>[m[K’:
[4.437s] [01m[K/usr/include/c++/11/functional:768:12:[m[K   required from ‘[01m[Kstruct std::_Bind_helper<false, void (PyToCpp::*)(loki_msgs::msg::CANFrame_<std::allocator<void> >, loki_msgs::msg::CANFrame_<std::allocator<void> >), PyToCpp*, const std::_Placeholder<1>&>[m[K’
[4.437s] [01m[K/usr/include/c++/11/functional:789:5:[m[K   required by substitution of ‘[01m[Ktemplate<class _Func, class ... _BoundArgs> typename std::_Bind_helper<std::__is_socketlike<_Func>::value, _Func, _BoundArgs ...>::type std::bind(_Func&&, _BoundArgs&& ...) [with _Func = void (PyToCpp::*)(loki_msgs::msg::CANFrame_<std::allocator<void> >, loki_msgs::msg::CANFrame_<std::allocator<void> >); _BoundArgs = {PyToCpp*, const std::_Placeholder<1>&}][m[K’
[4.437s] [01m[K/home/cairlab/Documents/GitHub/saga_repo/ros2_thor/src/loki/loki_can_devices/src/py_to_cpp.cpp:87:104:[m[K   required from here
[4.437s] [01m[K/usr/include/c++/11/functional:756:21:[m[K [01;31m[Kerror: [m[Kstatic assertion failed: Wrong number of arguments for pointer-to-member
[4.437s]   755 |       static_assert(_Varargs::[01;31m[Kvalue[m[K
[4.437s]       |                               [01;31m[K~~~~~[m[K
[4.437s]   756 | [01;31m[K                    ? sizeof...(_BoundArgs) >= _Arity::value + 1[m[K
[4.437s]       |                     [01;31m[K^~~~~~~~~~~~~~~~~~~~~~~~~~~~~~~~~~~~~~~~~~~~[m[K
[4.437s]   757 | [01;31m[K                    : sizeof...(_BoundArgs) == _Arity::value + 1[m[K,
[4.438s]       |                     [01;31m[K~~~~~~~~~~~~~~~~~~~~~~~~~~~~~~~~~~~~~~~~~~~~[m[K
[4.438s] [01m[K/usr/include/c++/11/functional:756:21:[m[K [01;36m[Knote: [m[K‘[01m[K(false ? (2 >= (((long unsigned int)std::integral_constant<long unsigned int, 2>::value) + 1)) : (2 == (((long unsigned int)std::integral_constant<long unsigned int, 2>::value) + 1)))[m[K’ evaluates to false
[4.505s] [01m[K/home/cairlab/Documents/GitHub/saga_repo/ros2_thor/src/loki/loki_can_devices/src/py_to_cpp.cpp:[m[K In member function ‘[01m[Kbool PyToCpp::server_device_cmds(std::shared_ptr<loki_msgs::srv::DeviceCmds_Request_<std::allocator<void> > >, std::shared_ptr<loki_msgs::srv::DeviceCmds_Response_<std::allocator<void> > >)[m[K’:
[4.505s] [01m[K/home/cairlab/Documents/GitHub/saga_repo/ros2_thor/src/loki/loki_can_devices/src/py_to_cpp.cpp:485:63:[m[K [01;31m[Kerror: [m[Kcannot convert ‘[01m[Kstd::vector<CanFrame>::iterator[m[K’ to ‘[01m[KCanFrame[m[K’
[4.505s]   485 |                             can_ctrl_pltf_->sendDeviceCommand([01;31m[Kcan_frame[m[K);
[4.505s]       |                                                               [01;31m[K^~~~~~~~~[m[K
[4.505s]       |                                                               [01;31m[K|[m[K
[4.505s]       |                                                               [01;31m[Kstd::vector<CanFrame>::iterator[m[K
[4.505s] In file included from [01m[K/home/cairlab/Documents/GitHub/saga_repo/ros2_thor/src/loki/loki_can_devices/src/py_to_cpp.cpp:38[m[K:
[4.505s] [01m[K/home/cairlab/Documents/GitHub/saga_repo/ros2_thor/src/loki/loki_can_devices/include/loki_can_devices/can_ctrl_pltf.h:104:34:[m[K [01;36m[Knote: [m[K  initializing argument 1 of ‘[01m[Kint CanCtrlPltf::sendDeviceCommand(CanFrame)[m[K’
[4.505s]   104 |   int sendDeviceCommand([01;36m[KCanFrame can_frame[m[K);
[4.505s]       |                         [01;36m[K~~~~~~~~~^~~~~~~~~[m[K
[4.537s] [01m[K/home/cairlab/Documents/GitHub/saga_repo/ros2_thor/src/loki/loki_can_devices/src/py_to_cpp.cpp:[m[K In member function ‘[01m[Kvoid PyToCpp::canDeviceTCallback(loki_msgs::msg::CANFrame, loki_msgs::msg::CANFrame)[m[K’:
[4.537s] [01m[K/home/cairlab/Documents/GitHub/saga_repo/ros2_thor/src/loki/loki_can_devices/src/py_to_cpp.cpp:596:29:[m[K [01;31m[Kerror: [m[Kno match for ‘[01m[Koperator*[m[K’ (operand type is ‘[01m[Kconst CANFrame[m[K’ {aka ‘[01m[Kconst loki_msgs::msg::CANFrame_<std::allocator<void> >[m[K’})
[4.537s]   596 |             canFrameFromMsg([01;31m[K*can_msg[m[K, can_frame);
[4.537s]       |                             [01;31m[K^~~~~~~~[m[K
[4.537s] In file included from [01m[K/usr/include/boost/detail/container_fwd.hpp:98[m[K,
[4.537s]                  from [01m[K/usr/include/boost/container_hash/extensions.hpp:22[m[K,
[4.537s]                  from [01m[K/usr/include/boost/container_hash/hash.hpp:761[m[K,
[4.537s]                  from [01m[K/usr/include/boost/functional/hash.hpp:6[m[K,
[4.537s]                  from [01m[K/usr/include/boost/thread/detail/thread.hpp:41[m[K,
[4.537s]                  from [01m[K/usr/include/boost/thread/thread_only.hpp:22[m[K,
[4.537s]                  from [01m[K/usr/include/boost/thread/thread_functors.hpp:15[m[K,
[4.537s]                  from [01m[K/usr/include/boost/thread/scoped_thread.hpp:15[m[K,
[4.537s]                  from [01m[K/home/cairlab/Documents/GitHub/saga_repo/ros2_thor/src/loki/loki_can_devices/include/loki_can_devices/can_line_socketcan.h:25[m[K,
[4.537s]                  from [01m[K/home/cairlab/Documents/GitHub/saga_repo/ros2_thor/src/loki/loki_can_devices/include/loki_can_devices/can_ctrl_pltf.h:5[m[K,
[4.537s]                  from [01m[K/home/cairlab/Documents/GitHub/saga_repo/ros2_thor/src/loki/loki_can_devices/src/py_to_cpp.cpp:38[m[K:
[4.538s] [01m[K/usr/include/c++/11/complex:392:5:[m[K [01;36m[Knote: [m[Kcandidate: ‘[01m[Ktemplate<class _Tp> std::complex<_Tp> std::operator*(const std::complex<_Tp>&, const std::complex<_Tp>&)[m[K’
[4.538s]   392 |     [01;36m[Koperator[m[K*(const complex<_Tp>& __x, const complex<_Tp>& __y)
[4.538s]       |     [01;36m[K^~~~~~~~[m[K
[4.538s] [01m[K/usr/include/c++/11/complex:392:5:[m[K [01;36m[Knote: [m[K  template argument deduction/substitution failed:
[4.538s] [01m[K/home/cairlab/Documents/GitHub/saga_repo/ros2_thor/src/loki/loki_can_devices/src/py_to_cpp.cpp:596:30:[m[K [01;36m[Knote: [m[K  ‘[01m[Kconst CANFrame[m[K’ {aka ‘[01m[Kconst loki_msgs::msg::CANFrame_<std::allocator<void> >[m[K’} is not derived from ‘[01m[Kconst std::complex<_Tp>[m[K’
[4.538s]   596 |             canFrameFromMsg(*[01;36m[Kcan_msg[m[K, can_frame);
[4.538s]       |                              [01;36m[K^~~~~~~[m[K
[4.538s] In file included from [01m[K/usr/include/boost/detail/container_fwd.hpp:98[m[K,
[4.538s]                  from [01m[K/usr/include/boost/container_hash/extensions.hpp:22[m[K,
[4.538s]                  from [01m[K/usr/include/boost/container_hash/hash.hpp:761[m[K,
[4.538s]                  from [01m[K/usr/include/boost/functional/hash.hpp:6[m[K,
[4.538s]                  from [01m[K/usr/include/boost/thread/detail/thread.hpp:41[m[K,
[4.538s]                  from [01m[K/usr/include/boost/thread/thread_only.hpp:22[m[K,
[4.538s]                  from [01m[K/usr/include/boost/thread/thread_functors.hpp:15[m[K,
[4.538s]                  from [01m[K/usr/include/boost/thread/scoped_thread.hpp:15[m[K,
[4.538s]                  from [01m[K/home/cairlab/Documents/GitHub/saga_repo/ros2_thor/src/loki/loki_can_devices/include/loki_can_devices/can_line_socketcan.h:25[m[K,
[4.538s]                  from [01m[K/home/cairlab/Documents/GitHub/saga_repo/ros2_thor/src/loki/loki_can_devices/include/loki_can_devices/can_ctrl_pltf.h:5[m[K,
[4.538s]                  from [01m[K/home/cairlab/Documents/GitHub/saga_repo/ros2_thor/src/loki/loki_can_devices/src/py_to_cpp.cpp:38[m[K:
[4.538s] [01m[K/usr/include/c++/11/complex:401:5:[m[K [01;36m[Knote: [m[Kcandidate: ‘[01m[Ktemplate<class _Tp> std::complex<_Tp> std::operator*(const std::complex<_Tp>&, const _Tp&)[m[K’
[4.538s]   401 |     [01;36m[Koperator[m[K*(const complex<_Tp>& __x, const _Tp& __y)
[4.539s]       |     [01;36m[K^~~~~~~~[m[K
[4.539s] [01m[K/usr/include/c++/11/complex:401:5:[m[K [01;36m[Knote: [m[K  template argument deduction/substitution failed:
[4.539s] [01m[K/home/cairlab/Documents/GitHub/saga_repo/ros2_thor/src/loki/loki_can_devices/src/py_to_cpp.cpp:596:30:[m[K [01;36m[Knote: [m[K  ‘[01m[Kconst CANFrame[m[K’ {aka ‘[01m[Kconst loki_msgs::msg::CANFrame_<std::allocator<void> >[m[K’} is not derived from ‘[01m[Kconst std::complex<_Tp>[m[K’
[4.539s]   596 |             canFrameFromMsg(*[01;36m[Kcan_msg[m[K, can_frame);
[4.539s]       |                              [01;36m[K^~~~~~~[m[K
[4.539s] In file included from [01m[K/usr/include/boost/detail/container_fwd.hpp:98[m[K,
[4.539s]                  from [01m[K/usr/include/boost/container_hash/extensions.hpp:22[m[K,
[4.539s]                  from [01m[K/usr/include/boost/container_hash/hash.hpp:761[m[K,
[4.539s]                  from [01m[K/usr/include/boost/functional/hash.hpp:6[m[K,
[4.539s]                  from [01m[K/usr/include/boost/thread/detail/thread.hpp:41[m[K,
[4.539s]                  from [01m[K/usr/include/boost/thread/thread_only.hpp:22[m[K,
[4.539s]                  from [01m[K/usr/include/boost/thread/thread_functors.hpp:15[m[K,
[4.539s]                  from [01m[K/usr/include/boost/thread/scoped_thread.hpp:15[m[K,
[4.539s]                  from [01m[K/home/cairlab/Documents/GitHub/saga_repo/ros2_thor/src/loki/loki_can_devices/include/loki_can_devices/can_line_socketcan.h:25[m[K,
[4.539s]                  from [01m[K/home/cairlab/Documents/GitHub/saga_repo/ros2_thor/src/loki/loki_can_devices/include/loki_can_devices/can_ctrl_pltf.h:5[m[K,
[4.539s]                  from [01m[K/home/cairlab/Documents/GitHub/saga_repo/ros2_thor/src/loki/loki_can_devices/src/py_to_cpp.cpp:38[m[K:
[4.539s] [01m[K/usr/include/c++/11/complex:410:5:[m[K [01;36m[Knote: [m[Kcandidate: ‘[01m[Ktemplate<class _Tp> std::complex<_Tp> std::operator*(const _Tp&, const std::complex<_Tp>&)[m[K’
[4.539s]   410 |     [01;36m[Koperator[m[K*(const _Tp& __x, const complex<_Tp>& __y)
[4.539s]       |     [01;36m[K^~~~~~~~[m[K
[4.539s] [01m[K/usr/include/c++/11/complex:410:5:[m[K [01;36m[Knote: [m[K  template argument deduction/substitution failed:
[4.540s] [01m[K/home/cairlab/Documents/GitHub/saga_repo/ros2_thor/src/loki/loki_can_devices/src/py_to_cpp.cpp:596:30:[m[K [01;36m[Knote: [m[K  candidate expects 2 arguments, 1 provided
[4.540s]   596 |             canFrameFromMsg(*[01;36m[Kcan_msg[m[K, can_frame);
[4.540s]       |                              [01;36m[K^~~~~~~[m[K
[5.277s] In file included from [01m[K/opt/ros/humble/include/rclcpp/rclcpp/service.hpp:36[m[K,
[5.278s]                  from [01m[K/opt/ros/humble/include/rclcpp/rclcpp/callback_group.hpp:28[m[K,
[5.278s]                  from [01m[K/opt/ros/humble/include/rclcpp/rclcpp/any_executable.hpp:20[m[K,
[5.278s]                  from [01m[K/opt/ros/humble/include/rclcpp/rclcpp/memory_strategy.hpp:25[m[K,
[5.278s]                  from [01m[K/opt/ros/humble/include/rclcpp/rclcpp/memory_strategies.hpp:18[m[K,
[5.278s]                  from [01m[K/opt/ros/humble/include/rclcpp/rclcpp/executor_options.hpp:20[m[K,
[5.278s]                  from [01m[K/opt/ros/humble/include/rclcpp/rclcpp/executor.hpp:37[m[K,
[5.278s]                  from [01m[K/opt/ros/humble/include/rclcpp/rclcpp/executors/multi_threaded_executor.hpp:25[m[K,
[5.278s]                  from [01m[K/opt/ros/humble/include/rclcpp/rclcpp/executors.hpp:21[m[K,
[5.278s]                  from [01m[K/opt/ros/humble/include/rclcpp/rclcpp/rclcpp.hpp:155[m[K,
[5.278s]                  from [01m[K/home/cairlab/Documents/GitHub/saga_repo/ros2_thor/src/loki/loki_can_devices/src/py_to_cpp.cpp:1[m[K:
[5.278s] /opt/ros/humble/include/rclcpp/rclcpp/any_service_callback.hpp: In instantiation of ‘[01m[Kvoid rclcpp::AnyServiceCallback<ServiceT>::set(CallbackT&&) [with CallbackT = std::_Bind<bool (PyToCpp::*(PyToCpp*, std::_Placeholder<1>, std::_Placeholder<2>))(const std_srvs::srv::SetBool_Request_<std::allocator<void> >&, std_srvs::srv::SetBool_Response_<std::allocator<void> >&)>; typename std::enable_if<(! rclcpp::detail::can_be_nullptr<CallbackT>::value), int>::type <anonymous> = 0; ServiceT = std_srvs::srv::SetBool][m[K’:
[5.278s] [01m[K/opt/ros/humble/include/rclcpp/rclcpp/create_service.hpp:43:27:[m[K   required from ‘[01m[Ktypename rclcpp::Service<ServiceT>::SharedPtr rclcpp::create_service(std::shared_ptr<rclcpp::node_interfaces::NodeBaseInterface>, std::shared_ptr<rclcpp::node_interfaces::NodeServicesInterface>, const string&, CallbackT&&, const rmw_qos_profile_t&, rclcpp::CallbackGroup::SharedPtr) [with ServiceT = std_srvs::srv::SetBool; CallbackT = std::_Bind<bool (PyToCpp::*(PyToCpp*, std::_Placeholder<1>, std::_Placeholder<2>))(const std_srvs::srv::SetBool_Request_<std::allocator<void> >&, std_srvs::srv::SetBool_Response_<std::allocator<void> >&)>; typename rclcpp::Service<ServiceT>::SharedPtr = std::shared_ptr<rclcpp::Service<std_srvs::srv::SetBool> >; std::string = std::__cxx11::basic_string<char>; rmw_qos_profile_t = rmw_qos_profile_s; rclcpp::CallbackGroup::SharedPtr = std::shared_ptr<rclcpp::CallbackGroup>][m[K’
[5.278s] [01m[K/opt/ros/humble/include/rclcpp/rclcpp/node_impl.hpp:147:53:[m[K   required from ‘[01m[Ktypename rclcpp::Service<ServiceT>::SharedPtr rclcpp::Node::create_service(const string&, CallbackT&&, const rmw_qos_profile_t&, rclcpp::CallbackGroup::SharedPtr) [with ServiceT = std_srvs::srv::SetBool; CallbackT = std::_Bind<bool (PyToCpp::*(PyToCpp*, std::_Placeholder<1>, std::_Placeholder<2>))(const std_srvs::srv::SetBool_Request_<std::allocator<void> >&, std_srvs::srv::SetBool_Response_<std::allocator<void> >&)>; typename rclcpp::Service<ServiceT>::SharedPtr = std::shared_ptr<rclcpp::Service<std_srvs::srv::SetBool> >; std::string = std::__cxx11::basic_string<char>; rmw_qos_profile_t = rmw_qos_profile_s; rclcpp::CallbackGroup::SharedPtr = std::shared_ptr<rclcpp::CallbackGroup>][m[K’
[5.278s] [01m[K/home/cairlab/Documents/GitHub/saga_repo/ros2_thor/src/loki/loki_can_devices/src/py_to_cpp.cpp:76:60:[m[K   required from here
[5.279s] [01m[K/opt/ros/humble/include/rclcpp/rclcpp/any_service_callback.hpp:103:17:[m[K [01;31m[Kerror: [m[Kno match for ‘[01m[Koperator=[m[K’ (operand types are ‘[01m[Kstd::variant<std::monostate, std::function<void(std::shared_ptr<std_srvs::srv::SetBool_Request_<std::allocator<void> > >, std::shared_ptr<std_srvs::srv::SetBool_Response_<std::allocator<void> > >)>, std::function<void(std::shared_ptr<rmw_request_id_s>, std::shared_ptr<std_srvs::srv::SetBool_Request_<std::allocator<void> > >, std::shared_ptr<std_srvs::srv::SetBool_Response_<std::allocator<void> > >)>, std::function<void(std::shared_ptr<rmw_request_id_s>, std::shared_ptr<std_srvs::srv::SetBool_Request_<std::allocator<void> > >)>, std::function<void(std::shared_ptr<rclcpp::Service<std_srvs::srv::SetBool> >, std::shared_ptr<rmw_request_id_s>, std::shared_ptr<std_srvs::srv::SetBool_Request_<std::allocator<void> > >)> >[m[K’ and ‘[01m[Kstd::_Bind<bool (PyToCpp::*(PyToCpp*, std::_Placeholder<1>, std::_Placeholder<2>))(const std_srvs::srv::SetBool_Request_<std::allocator<void> >&, std_srvs::srv::SetBool_Response_<std::allocator<void> >&)>[m[K’)
[5.279s]   103 |       [01;31m[Kcallback_ = std::forward<CallbackT>(callback)[m[K;
[5.279s]       |       [01;31m[K~~~~~~~~~~^~~~~~~~~~~~~~~~~~~~~~~~~~~~~~~~~~~[m[K
[5.279s] In file included from [01m[K/opt/ros/humble/include/rclcpp/rclcpp/client.hpp:28[m[K,
[5.279s]                  from [01m[K/opt/ros/humble/include/rclcpp/rclcpp/callback_group.hpp:24[m[K,
[5.279s]                  from [01m[K/opt/ros/humble/include/rclcpp/rclcpp/any_executable.hpp:20[m[K,
[5.279s]                  from [01m[K/opt/ros/humble/include/rclcpp/rclcpp/memory_strategy.hpp:25[m[K,
[5.279s]                  from [01m[K/opt/ros/humble/include/rclcpp/rclcpp/memory_strategies.hpp:18[m[K,
[5.279s]                  from [01m[K/opt/ros/humble/include/rclcpp/rclcpp/executor_options.hpp:20[m[K,
[5.279s]                  from [01m[K/opt/ros/humble/include/rclcpp/rclcpp/executor.hpp:37[m[K,
[5.279s]                  from [01m[K/opt/ros/humble/include/rclcpp/rclcpp/executors/multi_threaded_executor.hpp:25[m[K,
[5.279s]                  from [01m[K/opt/ros/humble/include/rclcpp/rclcpp/executors.hpp:21[m[K,
[5.279s]                  from [01m[K/opt/ros/humble/include/rclcpp/rclcpp/rclcpp.hpp:155[m[K,
[5.279s]                  from [01m[K/home/cairlab/Documents/GitHub/saga_repo/ros2_thor/src/loki/loki_can_devices/src/py_to_cpp.cpp:1[m[K:
[5.279s] [01m[K/usr/include/c++/11/variant:1461:9:[m[K [01;36m[Knote: [m[Kcandidate: ‘[01m[Ktemplate<class _Tp> std::enable_if_t<((__exactly_once<std::variant<_Types>::__accepted_type<_Tp&&, typename std::enable_if<__not_self<_Tp&&>, void>::type> > && is_constructible_v<std::variant<_Types>::__accepted_type<_Tp&&, typename std::enable_if<__not_self<_Tp&&>, void>::type>, _Tp>) && is_assignable_v<std::variant<_Types>::__accepted_type<_Tp&&, typename std::enable_if<__not_self<_Tp&&>, void>::type>&, _Tp>), std::variant<_Types>&> std::variant<_Types>::operator=(_Tp&&) [with _Tp = _Tp; _Types = {std::monostate, std::function<void(std::shared_ptr<std_srvs::srv::SetBool_Request_<std::allocator<void> > >, std::shared_ptr<std_srvs::srv::SetBool_Response_<std::allocator<void> > >)>, std::function<void(std::shared_ptr<rmw_request_id_s>, std::shared_ptr<std_srvs::srv::SetBool_Request_<std::allocator<void> > >, std::shared_ptr<std_srvs::srv::SetBool_Response_<std::allocator<void> > >)>, std::function<void(std::shared_ptr<rmw_request_id_s>, std::shared_ptr<std_srvs::srv::SetBool_Request_<std::allocator<void> > >)>, std::function<void(std::shared_ptr<rclcpp::Service<std_srvs::srv::SetBool> >, std::shared_ptr<rmw_request_id_s>, std::shared_ptr<std_srvs::srv::SetBool_Request_<std::allocator<void> > >)>}][m[K’
[5.279s]  1461 |         [01;36m[Koperator[m[K=(_Tp&& __rhs)
[5.279s]       |         [01;36m[K^~~~~~~~[m[K
[5.279s] [01m[K/usr/include/c++/11/variant:1461:9:[m[K [01;36m[Knote: [m[K  template argument deduction/substitution failed:
[5.279s] /usr/include/c++/11/variant: In substitution of ‘[01m[Ktemplate<class ... _Types> template<class _Tp, class> using __accepted_type = std::variant<_Types>::__to_type<__accepted_index<_Tp> > [with _Tp = std::_Bind<bool (PyToCpp::*(PyToCpp*, std::_Placeholder<1>, std::_Placeholder<2>))(const std_srvs::srv::SetBool_Request_<std::allocator<void> >&, std_srvs::srv::SetBool_Response_<std::allocator<void> >&)>&&; <template-parameter-2-2> = void; _Types = {std::monostate, std::function<void(std::shared_ptr<std_srvs::srv::SetBool_Request_<std::allocator<void> > >, std::shared_ptr<std_srvs::srv::SetBool_Response_<std::allocator<void> > >)>, std::function<void(std::shared_ptr<rmw_request_id_s>, std::shared_ptr<std_srvs::srv::SetBool_Request_<std::allocator<void> > >, std::shared_ptr<std_srvs::srv::SetBool_Response_<std::allocator<void> > >)>, std::function<void(std::shared_ptr<rmw_request_id_s>, std::shared_ptr<std_srvs::srv::SetBool_Request_<std::allocator<void> > >)>, std::function<void(std::shared_ptr<rclcpp::Service<std_srvs::srv::SetBool> >, std::shared_ptr<rmw_request_id_s>, std::shared_ptr<std_srvs::srv::SetBool_Request_<std::allocator<void> > >)>}][m[K’:
[5.280s] [01m[K/usr/include/c++/11/variant:1457:14:[m[K   required by substitution of ‘[01m[Ktemplate<class _Tp> std::enable_if_t<((__exactly_once<std::variant<std::monostate, std::function<void(std::shared_ptr<std_srvs::srv::SetBool_Request_<std::allocator<void> > >, std::shared_ptr<std_srvs::srv::SetBool_Response_<std::allocator<void> > >)>, std::function<void(std::shared_ptr<rmw_request_id_s>, std::shared_ptr<std_srvs::srv::SetBool_Request_<std::allocator<void> > >, std::shared_ptr<std_srvs::srv::SetBool_Response_<std::allocator<void> > >)>, std::function<void(std::shared_ptr<rmw_request_id_s>, std::shared_ptr<std_srvs::srv::SetBool_Request_<std::allocator<void> > >)>, std::function<void(std::shared_ptr<rclcpp::Service<std_srvs::srv::SetBool> >, std::shared_ptr<rmw_request_id_s>, std::shared_ptr<std_srvs::srv::SetBool_Request_<std::allocator<void> > >)> >::__accepted_type<_Tp&&, typename std::enable_if<__not_self<_Tp&&>, void>::type> > && is_constructible_v<std::variant<std::monostate, std::function<void(std::shared_ptr<std_srvs::srv::SetBool_Request_<std::allocator<void> > >, std::shared_ptr<std_srvs::srv::SetBool_Response_<std::allocator<void> > >)>, std::function<void(std::shared_ptr<rmw_request_id_s>, std::shared_ptr<std_srvs::srv::SetBool_Request_<std::allocator<void> > >, std::shared_ptr<std_srvs::srv::SetBool_Response_<std::allocator<void> > >)>, std::function<void(std::shared_ptr<rmw_request_id_s>, std::shared_ptr<std_srvs::srv::SetBool_Request_<std::allocator<void> > >)>, std::function<void(std::shared_ptr<rclcpp::Service<std_srvs::srv::SetBool> >, std::shared_ptr<rmw_request_id_s>, std::shared_ptr<std_srvs::srv::SetBool_Request_<std::allocator<void> > >)> >::__accepted_type<_Tp&&, typename std::enable_if<__not_self<_Tp&&>, void>::type>, _Tp>) && is_assignable_v<std::variant<std::monostate, std::function<void(std::shared_ptr<std_srvs::srv::SetBool_Request_<std::allocator<void> > >, std::shared_ptr<std_srvs::srv::SetBool_Response_<std::allocator<void> > >)>, std::function<void(std::shared_ptr<rmw_request_id_s>, std::shared_ptr<std_srvs::srv::SetBool_Request_<std::allocator<void> > >, std::shared_ptr<std_srvs::srv::SetBool_Response_<std::allocator<void> > >)>, std::function<void(std::shared_ptr<rmw_request_id_s>, std::shared_ptr<std_srvs::srv::SetBool_Request_<std::allocator<void> > >)>, std::function<void(std::shared_ptr<rclcpp::Service<std_srvs::srv::SetBool> >, std::shared_ptr<rmw_request_id_s>, std::shared_ptr<std_srvs::srv::SetBool_Request_<std::allocator<void> > >)> >::__accepted_type<_Tp&&, typename std::enable_if<__not_self<_Tp&&>, void>::type>&, _Tp>), std::variant<std::monostate, std::function<void(std::shared_ptr<std_srvs::srv::SetBool_Request_<std::allocator<void> > >, std::shared_ptr<std_srvs::srv::SetBool_Response_<std::allocator<void> > >)>, std::function<void(std::shared_ptr<rmw_request_id_s>, std::shared_ptr<std_srvs::srv::SetBool_Request_<std::allocator<void> > >, std::shared_ptr<std_srvs::srv::SetBool_Response_<std::allocator<void> > >)>, std::function<void(std::shared_ptr<rmw_request_id_s>, std::shared_ptr<std_srvs::srv::SetBool_Request_<std::allocator<void> > >)>, std::function<void(std::shared_ptr<rclcpp::Service<std_srvs::srv::SetBool> >, std::shared_ptr<rmw_request_id_s>, std::shared_ptr<std_srvs::srv::SetBool_Request_<std::allocator<void> > >)> >&> std::variant<std::monostate, std::function<void(std::shared_ptr<std_srvs::srv::SetBool_Request_<std::allocator<void> > >, std::shared_ptr<std_srvs::srv::SetBool_Response_<std::allocator<void> > >)>, std::function<void(std::shared_ptr<rmw_request_id_s>, std::shared_ptr<std_srvs::srv::SetBool_Request_<std::allocator<void> > >, std::shared_ptr<std_srvs::srv::SetBool_Response_<std::allocator<void> > >)>, std::function<void(std::shared_ptr<rmw_request_id_s>, std::shared_ptr<std_srvs::srv::SetBool_Request_<std::allocator<void> > >)>, std::function<void(std::shared_ptr<rclcpp::Service<std_srvs::srv::SetBool> >, std::shared_ptr<rmw_request_id_s>, std::shared_ptr<std_srvs::srv::SetBool_Request_<std::allocator<void> > >)> >::operator=<_Tp>(_Tp&&) [with _Tp = std::_Bind<bool (PyToCpp::*(PyToCpp*, std::_Placeholder<1>, std::_Placeholder<2>))(const std_srvs::srv::SetBool_Request_<std::allocator<void> >&, std_srvs::srv::SetBool_Response_<std::allocator<void> >&)>][m[K’
[5.280s] [01m[K/opt/ros/humble/include/rclcpp/rclcpp/any_service_callback.hpp:103:17:[m[K   required from ‘[01m[Kvoid rclcpp::AnyServiceCallback<ServiceT>::set(CallbackT&&) [with CallbackT = std::_Bind<bool (PyToCpp::*(PyToCpp*, std::_Placeholder<1>, std::_Placeholder<2>))(const std_srvs::srv::SetBool_Request_<std::allocator<void> >&, std_srvs::srv::SetBool_Response_<std::allocator<void> >&)>; typename std::enable_if<(! rclcpp::detail::can_be_nullptr<CallbackT>::value), int>::type <anonymous> = 0; ServiceT = std_srvs::srv::SetBool][m[K’
[5.280s] [01m[K/opt/ros/humble/include/rclcpp/rclcpp/create_service.hpp:43:27:[m[K   required from ‘[01m[Ktypename rclcpp::Service<ServiceT>::SharedPtr rclcpp::create_service(std::shared_ptr<rclcpp::node_interfaces::NodeBaseInterface>, std::shared_ptr<rclcpp::node_interfaces::NodeServicesInterface>, const string&, CallbackT&&, const rmw_qos_profile_t&, rclcpp::CallbackGroup::SharedPtr) [with ServiceT = std_srvs::srv::SetBool; CallbackT = std::_Bind<bool (PyToCpp::*(PyToCpp*, std::_Placeholder<1>, std::_Placeholder<2>))(const std_srvs::srv::SetBool_Request_<std::allocator<void> >&, std_srvs::srv::SetBool_Response_<std::allocator<void> >&)>; typename rclcpp::Service<ServiceT>::SharedPtr = std::shared_ptr<rclcpp::Service<std_srvs::srv::SetBool> >; std::string = std::__cxx11::basic_string<char>; rmw_qos_profile_t = rmw_qos_profile_s; rclcpp::CallbackGroup::SharedPtr = std::shared_ptr<rclcpp::CallbackGroup>][m[K’
[5.280s] [01m[K/opt/ros/humble/include/rclcpp/rclcpp/node_impl.hpp:147:53:[m[K   required from ‘[01m[Ktypename rclcpp::Service<ServiceT>::SharedPtr rclcpp::Node::create_service(const string&, CallbackT&&, const rmw_qos_profile_t&, rclcpp::CallbackGroup::SharedPtr) [with ServiceT = std_srvs::srv::SetBool; CallbackT = std::_Bind<bool (PyToCpp::*(PyToCpp*, std::_Placeholder<1>, std::_Placeholder<2>))(const std_srvs::srv::SetBool_Request_<std::allocator<void> >&, std_srvs::srv::SetBool_Response_<std::allocator<void> >&)>; typename rclcpp::Service<ServiceT>::SharedPtr = std::shared_ptr<rclcpp::Service<std_srvs::srv::SetBool> >; std::string = std::__cxx11::basic_string<char>; rmw_qos_profile_t = rmw_qos_profile_s; rclcpp::CallbackGroup::SharedPtr = std::shared_ptr<rclcpp::CallbackGroup>][m[K’
[5.280s] [01m[K/home/cairlab/Documents/GitHub/saga_repo/ros2_thor/src/loki/loki_can_devices/src/py_to_cpp.cpp:76:60:[m[K   required from here
[5.280s] [01m[K/usr/include/c++/11/variant:1375:15:[m[K [01;31m[Kerror: [m[Kno type named ‘[01m[Ktype[m[K’ in ‘[01m[Kstruct std::enable_if<false, void>[m[K’
[5.280s]  1375 |         using [01;31m[K__accepted_type[m[K = __to_type<__accepted_index<_Tp>>;
[5.280s]       |               [01;31m[K^~~~~~~~~~~~~~~[m[K
[5.280s] /opt/ros/humble/include/rclcpp/rclcpp/any_service_callback.hpp: In instantiation of ‘[01m[Kvoid rclcpp::AnyServiceCallback<ServiceT>::set(CallbackT&&) [with CallbackT = std::_Bind<bool (PyToCpp::*(PyToCpp*, std::_Placeholder<1>, std::_Placeholder<2>))(const std_srvs::srv::SetBool_Request_<std::allocator<void> >&, std_srvs::srv::SetBool_Response_<std::allocator<void> >&)>; typename std::enable_if<(! rclcpp::detail::can_be_nullptr<CallbackT>::value), int>::type <anonymous> = 0; ServiceT = std_srvs::srv::SetBool][m[K’:
[5.280s] [01m[K/opt/ros/humble/include/rclcpp/rclcpp/create_service.hpp:43:27:[m[K   required from ‘[01m[Ktypename rclcpp::Service<ServiceT>::SharedPtr rclcpp::create_service(std::shared_ptr<rclcpp::node_interfaces::NodeBaseInterface>, std::shared_ptr<rclcpp::node_interfaces::NodeServicesInterface>, const string&, CallbackT&&, const rmw_qos_profile_t&, rclcpp::CallbackGroup::SharedPtr) [with ServiceT = std_srvs::srv::SetBool; CallbackT = std::_Bind<bool (PyToCpp::*(PyToCpp*, std::_Placeholder<1>, std::_Placeholder<2>))(const std_srvs::srv::SetBool_Request_<std::allocator<void> >&, std_srvs::srv::SetBool_Response_<std::allocator<void> >&)>; typename rclcpp::Service<ServiceT>::SharedPtr = std::shared_ptr<rclcpp::Service<std_srvs::srv::SetBool> >; std::string = std::__cxx11::basic_string<char>; rmw_qos_profile_t = rmw_qos_profile_s; rclcpp::CallbackGroup::SharedPtr = std::shared_ptr<rclcpp::CallbackGroup>][m[K’
[5.280s] [01m[K/opt/ros/humble/include/rclcpp/rclcpp/node_impl.hpp:147:53:[m[K   required from ‘[01m[Ktypename rclcpp::Service<ServiceT>::SharedPtr rclcpp::Node::create_service(const string&, CallbackT&&, const rmw_qos_profile_t&, rclcpp::CallbackGroup::SharedPtr) [with ServiceT = std_srvs::srv::SetBool; CallbackT = std::_Bind<bool (PyToCpp::*(PyToCpp*, std::_Placeholder<1>, std::_Placeholder<2>))(const std_srvs::srv::SetBool_Request_<std::allocator<void> >&, std_srvs::srv::SetBool_Response_<std::allocator<void> >&)>; typename rclcpp::Service<ServiceT>::SharedPtr = std::shared_ptr<rclcpp::Service<std_srvs::srv::SetBool> >; std::string = std::__cxx11::basic_string<char>; rmw_qos_profile_t = rmw_qos_profile_s; rclcpp::CallbackGroup::SharedPtr = std::shared_ptr<rclcpp::CallbackGroup>][m[K’
[5.280s] [01m[K/home/cairlab/Documents/GitHub/saga_repo/ros2_thor/src/loki/loki_can_devices/src/py_to_cpp.cpp:76:60:[m[K   required from here
[5.280s] [01m[K/usr/include/c++/11/variant:1398:16:[m[K [01;36m[Knote: [m[Kcandidate: ‘[01m[Kstd::variant<_Types>& std::variant<_Types>::operator=(const std::variant<_Types>&) [with _Types = {std::monostate, std::function<void(std::shared_ptr<std_srvs::srv::SetBool_Request_<std::allocator<void> > >, std::shared_ptr<std_srvs::srv::SetBool_Response_<std::allocator<void> > >)>, std::function<void(std::shared_ptr<rmw_request_id_s>, std::shared_ptr<std_srvs::srv::SetBool_Request_<std::allocator<void> > >, std::shared_ptr<std_srvs::srv::SetBool_Response_<std::allocator<void> > >)>, std::function<void(std::shared_ptr<rmw_request_id_s>, std::shared_ptr<std_srvs::srv::SetBool_Request_<std::allocator<void> > >)>, std::function<void(std::shared_ptr<rclcpp::Service<std_srvs::srv::SetBool> >, std::shared_ptr<rmw_request_id_s>, std::shared_ptr<std_srvs::srv::SetBool_Request_<std::allocator<void> > >)>}][m[K’
[5.280s]  1398 |       variant& [01;36m[Koperator[m[K=(const variant&) = default;
[5.280s]       |                [01;36m[K^~~~~~~~[m[K
[5.280s] [01m[K/usr/include/c++/11/variant:1398:26:[m[K [01;36m[Knote: [m[K  no known conversion for argument 1 from ‘[01m[Kstd::_Bind<bool (PyToCpp::*(PyToCpp*, std::_Placeholder<1>, std::_Placeholder<2>))(const std_srvs::srv::SetBool_Request_<std::allocator<void> >&, std_srvs::srv::SetBool_Response_<std::allocator<void> >&)>[m[K’ to ‘[01m[Kconst std::variant<std::monostate, std::function<void(std::shared_ptr<std_srvs::srv::SetBool_Request_<std::allocator<void> > >, std::shared_ptr<std_srvs::srv::SetBool_Response_<std::allocator<void> > >)>, std::function<void(std::shared_ptr<rmw_request_id_s>, std::shared_ptr<std_srvs::srv::SetBool_Request_<std::allocator<void> > >, std::shared_ptr<std_srvs::srv::SetBool_Response_<std::allocator<void> > >)>, std::function<void(std::shared_ptr<rmw_request_id_s>, std::shared_ptr<std_srvs::srv::SetBool_Request_<std::allocator<void> > >)>, std::function<void(std::shared_ptr<rclcpp::Service<std_srvs::srv::SetBool> >, std::shared_ptr<rmw_request_id_s>, std::shared_ptr<std_srvs::srv::SetBool_Request_<std::allocator<void> > >)> >&[m[K’
[5.280s]  1398 |       variant& operator=([01;36m[Kconst variant&[m[K) = default;
[5.280s]       |                          [01;36m[K^~~~~~~~~~~~~~[m[K
[5.280s] [01m[K/usr/include/c++/11/variant:1399:16:[m[K [01;36m[Knote: [m[Kcandidate: ‘[01m[Kstd::variant<_Types>& std::variant<_Types>::operator=(std::variant<_Types>&&) [with _Types = {std::monostate, std::function<void(std::shared_ptr<std_srvs::srv::SetBool_Request_<std::allocator<void> > >, std::shared_ptr<std_srvs::srv::SetBool_Response_<std::allocator<void> > >)>, std::function<void(std::shared_ptr<rmw_request_id_s>, std::shared_ptr<std_srvs::srv::SetBool_Request_<std::allocator<void> > >, std::shared_ptr<std_srvs::srv::SetBool_Response_<std::allocator<void> > >)>, std::function<void(std::shared_ptr<rmw_request_id_s>, std::shared_ptr<std_srvs::srv::SetBool_Request_<std::allocator<void> > >)>, std::function<void(std::shared_ptr<rclcpp::Service<std_srvs::srv::SetBool> >, std::shared_ptr<rmw_request_id_s>, std::shared_ptr<std_srvs::srv::SetBool_Request_<std::allocator<void> > >)>}][m[K’
[5.281s]  1399 |       variant& [01;36m[Koperator[m[K=(variant&&) = default;
[5.281s]       |                [01;36m[K^~~~~~~~[m[K
[5.281s] [01m[K/usr/include/c++/11/variant:1399:26:[m[K [01;36m[Knote: [m[K  no known conversion for argument 1 from ‘[01m[Kstd::_Bind<bool (PyToCpp::*(PyToCpp*, std::_Placeholder<1>, std::_Placeholder<2>))(const std_srvs::srv::SetBool_Request_<std::allocator<void> >&, std_srvs::srv::SetBool_Response_<std::allocator<void> >&)>[m[K’ to ‘[01m[Kstd::variant<std::monostate, std::function<void(std::shared_ptr<std_srvs::srv::SetBool_Request_<std::allocator<void> > >, std::shared_ptr<std_srvs::srv::SetBool_Response_<std::allocator<void> > >)>, std::function<void(std::shared_ptr<rmw_request_id_s>, std::shared_ptr<std_srvs::srv::SetBool_Request_<std::allocator<void> > >, std::shared_ptr<std_srvs::srv::SetBool_Response_<std::allocator<void> > >)>, std::function<void(std::shared_ptr<rmw_request_id_s>, std::shared_ptr<std_srvs::srv::SetBool_Request_<std::allocator<void> > >)>, std::function<void(std::shared_ptr<rclcpp::Service<std_srvs::srv::SetBool> >, std::shared_ptr<rmw_request_id_s>, std::shared_ptr<std_srvs::srv::SetBool_Request_<std::allocator<void> > >)> >&&[m[K’
[5.281s]  1399 |       variant& operator=([01;36m[Kvariant&&[m[K) = default;
[5.281s]       |                          [01;36m[K^~~~~~~~~[m[K
[6.318s] In file included from [01m[K/opt/ros/humble/include/rclcpp/rclcpp/subscription_base.hpp:32[m[K,
[6.319s]                  from [01m[K/opt/ros/humble/include/rclcpp/rclcpp/callback_group.hpp:29[m[K,
[6.319s]                  from [01m[K/opt/ros/humble/include/rclcpp/rclcpp/any_executable.hpp:20[m[K,
[6.319s]                  from [01m[K/opt/ros/humble/include/rclcpp/rclcpp/memory_strategy.hpp:25[m[K,
[6.319s]                  from [01m[K/opt/ros/humble/include/rclcpp/rclcpp/memory_strategies.hpp:18[m[K,
[6.319s]                  from [01m[K/opt/ros/humble/include/rclcpp/rclcpp/executor_options.hpp:20[m[K,
[6.319s]                  from [01m[K/opt/ros/humble/include/rclcpp/rclcpp/executor.hpp:37[m[K,
[6.319s]                  from [01m[K/opt/ros/humble/include/rclcpp/rclcpp/executors/multi_threaded_executor.hpp:25[m[K,
[6.319s]                  from [01m[K/opt/ros/humble/include/rclcpp/rclcpp/executors.hpp:21[m[K,
[6.319s]                  from [01m[K/opt/ros/humble/include/rclcpp/rclcpp/rclcpp.hpp:155[m[K,
[6.320s]                  from [01m[K/home/cairlab/Documents/GitHub/saga_repo/ros2_thor/src/loki/loki_can_devices/src/py_to_cpp.cpp:1[m[K:
[6.320s] /opt/ros/humble/include/rclcpp/rclcpp/any_subscription_callback.hpp: In instantiation of ‘[01m[Krclcpp::AnySubscriptionCallback<MessageT, AllocatorT> rclcpp::AnySubscriptionCallback<MessageT, AllocatorT>::set(CallbackT) [with CallbackT = std::_Bind<void (PyToCpp::*(PyToCpp*, std::_Placeholder<1>))(loki_msgs::msg::CANFrame_<std::allocator<void> >, loki_msgs::msg::CANFrame_<std::allocator<void> >)>; MessageT = loki_msgs::msg::CANFrame_<std::allocator<void> >; AllocatorT = std::allocator<void>][m[K’:
[6.320s] [01m[K/opt/ros/humble/include/rclcpp/rclcpp/subscription_factory.hpp:94:32:[m[K   required from ‘[01m[Krclcpp::SubscriptionFactory rclcpp::create_subscription_factory(CallbackT&&, const rclcpp::SubscriptionOptionsWithAllocator<AllocatorT>&, typename MessageMemoryStrategyT::SharedPtr, std::shared_ptr<rclcpp::topic_statistics::SubscriptionTopicStatistics<ROSMessageType> >) [with MessageT = loki_msgs::msg::CANFrame_<std::allocator<void> >; CallbackT = std::_Bind<void (PyToCpp::*(PyToCpp*, std::_Placeholder<1>))(loki_msgs::msg::CANFrame_<std::allocator<void> >, loki_msgs::msg::CANFrame_<std::allocator<void> >)>; AllocatorT = std::allocator<void>; SubscriptionT = rclcpp::Subscription<loki_msgs::msg::CANFrame_<std::allocator<void> > >; MessageMemoryStrategyT = rclcpp::message_memory_strategy::MessageMemoryStrategy<loki_msgs::msg::CANFrame_<std::allocator<void> >, std::allocator<void> >; ROSMessageType = loki_msgs::msg::CANFrame_<std::allocator<void> >; typename MessageMemoryStrategyT::SharedPtr = std::shared_ptr<rclcpp::message_memory_strategy::MessageMemoryStrategy<loki_msgs::msg::CANFrame_<std::allocator<void> >, std::allocator<void> > >][m[K’
[6.320s] [01m[K/opt/ros/humble/include/rclcpp/rclcpp/create_subscription.hpp:122:63:[m[K   required from ‘[01m[Kstd::shared_ptr<ROSMessageT> rclcpp::detail::create_subscription(NodeParametersT&, NodeTopicsT&, const string&, const rclcpp::QoS&, CallbackT&&, const rclcpp::SubscriptionOptionsWithAllocator<AllocatorT>&, typename MessageMemoryStrategyT::SharedPtr) [with MessageT = loki_msgs::msg::CANFrame_<std::allocator<void> >; CallbackT = std::_Bind<void (PyToCpp::*(PyToCpp*, std::_Placeholder<1>))(loki_msgs::msg::CANFrame_<std::allocator<void> >, loki_msgs::msg::CANFrame_<std::allocator<void> >)>; AllocatorT = std::allocator<void>; SubscriptionT = rclcpp::Subscription<loki_msgs::msg::CANFrame_<std::allocator<void> > >; MessageMemoryStrategyT = rclcpp::message_memory_strategy::MessageMemoryStrategy<loki_msgs::msg::CANFrame_<std::allocator<void> >, std::allocator<void> >; NodeParametersT = rclcpp::Node; NodeTopicsT = rclcpp::Node; ROSMessageType = loki_msgs::msg::CANFrame_<std::allocator<void> >; std::string = std::__cxx11::basic_string<char>; typename MessageMemoryStrategyT::SharedPtr = std::shared_ptr<rclcpp::message_memory_strategy::MessageMemoryStrategy<loki_msgs::msg::CANFrame_<std::allocator<void> >, std::allocator<void> > >][m[K’
[6.320s] [01m[K/opt/ros/humble/include/rclcpp/rclcpp/create_subscription.hpp:191:76:[m[K   required from ‘[01m[Kstd::shared_ptr<ROSMessageT> rclcpp::create_subscription(NodeT&, const string&, const rclcpp::QoS&, CallbackT&&, const rclcpp::SubscriptionOptionsWithAllocator<AllocatorT>&, typename MessageMemoryStrategyT::SharedPtr) [with MessageT = loki_msgs::msg::CANFrame_<std::allocator<void> >; CallbackT = std::_Bind<void (PyToCpp::*(PyToCpp*, std::_Placeholder<1>))(loki_msgs::msg::CANFrame_<std::allocator<void> >, loki_msgs::msg::CANFrame_<std::allocator<void> >)>; AllocatorT = std::allocator<void>; SubscriptionT = rclcpp::Subscription<loki_msgs::msg::CANFrame_<std::allocator<void> > >; MessageMemoryStrategyT = rclcpp::message_memory_strategy::MessageMemoryStrategy<loki_msgs::msg::CANFrame_<std::allocator<void> >, std::allocator<void> >; NodeT = rclcpp::Node; std::string = std::__cxx11::basic_string<char>; typename MessageMemoryStrategyT::SharedPtr = std::shared_ptr<rclcpp::message_memory_strategy::MessageMemoryStrategy<loki_msgs::msg::CANFrame_<std::allocator<void> >, std::allocator<void> > >][m[K’
[6.320s] [01m[K/opt/ros/humble/include/rclcpp/rclcpp/node_impl.hpp:99:47:[m[K   required from ‘[01m[Kstd::shared_ptr<ROSMessageT> rclcpp::Node::create_subscription(const string&, const rclcpp::QoS&, CallbackT&&, const rclcpp::SubscriptionOptionsWithAllocator<AllocatorT>&, typename MessageMemoryStrategyT::SharedPtr) [with MessageT = loki_msgs::msg::CANFrame_<std::allocator<void> >; CallbackT = std::_Bind<void (PyToCpp::*(PyToCpp*, std::_Placeholder<1>))(loki_msgs::msg::CANFrame_<std::allocator<void> >, loki_msgs::msg::CANFrame_<std::allocator<void> >)>; AllocatorT = std::allocator<void>; SubscriptionT = rclcpp::Subscription<loki_msgs::msg::CANFrame_<std::allocator<void> > >; MessageMemoryStrategyT = rclcpp::message_memory_strategy::MessageMemoryStrategy<loki_msgs::msg::CANFrame_<std::allocator<void> >, std::allocator<void> >; std::string = std::__cxx11::basic_string<char>; typename MessageMemoryStrategyT::SharedPtr = std::shared_ptr<rclcpp::message_memory_strategy::MessageMemoryStrategy<loki_msgs::msg::CANFrame_<std::allocator<void> >, std::allocator<void> > >][m[K’
[6.320s] [01m[K/home/cairlab/Documents/GitHub/saga_repo/ros2_thor/src/loki/loki_can_devices/src/py_to_cpp.cpp:87:66:[m[K   required from here
[6.320s] [01m[K/opt/ros/humble/include/rclcpp/rclcpp/any_subscription_callback.hpp:394:27:[m[K [01;31m[Kerror: [m[Kno matching function for call to ‘[01m[Kstd::function<void(loki_msgs::msg::CANFrame_<std::allocator<void> >, loki_msgs::msg::CANFrame_<std::allocator<void> >)>::function(std::_Bind<void (PyToCpp::*(PyToCpp*, std::_Placeholder<1>))(loki_msgs::msg::CANFrame_<std::allocator<void> >, loki_msgs::msg::CANFrame_<std::allocator<void> >)>&)[m[K’
[6.320s]   394 |       callback_variant_ = [01;31m[Kstatic_cast<typename scbth::callback_type>(callback)[m[K;
[6.320s]       |                           [01;31m[K^~~~~~~~~~~~~~~~~~~~~~~~~~~~~~~~~~~~~~~~~~~~~~~~~~~~[m[K
[6.320s] In file included from [01m[K/usr/include/c++/11/future:47[m[K,
[6.320s]                  from [01m[K/opt/ros/humble/include/rclcpp/rclcpp/executors.hpp:18[m[K,
[6.320s]                  from [01m[K/opt/ros/humble/include/rclcpp/rclcpp/rclcpp.hpp:155[m[K,
[6.320s]                  from [01m[K/home/cairlab/Documents/GitHub/saga_repo/ros2_thor/src/loki/loki_can_devices/src/py_to_cpp.cpp:1[m[K:
[6.320s] [01m[K/usr/include/c++/11/bits/std_function.h:435:9:[m[K [01;36m[Knote: [m[Kcandidate: ‘[01m[Ktemplate<class _Functor, class _Constraints> std::function<_Res(_ArgTypes ...)>::function(_Functor&&) [with _Functor = _Functor; _Constraints = _Constraints; _Res = void; _ArgTypes = {loki_msgs::msg::CANFrame_<std::allocator<void> >, loki_msgs::msg::CANFrame_<std::allocator<void> >}][m[K’
[6.320s]   435 |         [01;36m[Kfunction[m[K(_Functor&& __f)
[6.320s]       |         [01;36m[K^~~~~~~~[m[K
[6.320s] [01m[K/usr/include/c++/11/bits/std_function.h:435:9:[m[K [01;36m[Knote: [m[K  template argument deduction/substitution failed:
[6.320s] In file included from [01m[K/usr/include/c++/11/bits/move.h:57[m[K,
[6.320s]                  from [01m[K/usr/include/c++/11/bits/stl_pair.h:59[m[K,
[6.321s]                  from [01m[K/usr/include/c++/11/bits/stl_algobase.h:64[m[K,
[6.321s]                  from [01m[K/usr/include/c++/11/memory:63[m[K,
[6.321s]                  from [01m[K/opt/ros/humble/include/rclcpp/rclcpp/rclcpp.hpp:153[m[K,
[6.321s]                  from [01m[K/home/cairlab/Documents/GitHub/saga_repo/ros2_thor/src/loki/loki_can_devices/src/py_to_cpp.cpp:1[m[K:
[6.321s] /usr/include/c++/11/type_traits: In substitution of ‘[01m[Ktemplate<bool _Cond, class _Tp> using __enable_if_t = typename std::enable_if::type [with bool _Cond = false; _Tp = void][m[K’:
[6.321s] [01m[K/usr/include/c++/11/bits/std_function.h:353:8:[m[K   required by substitution of ‘[01m[Ktemplate<class _Res, class ... _ArgTypes> template<class _Cond, class _Tp> using _Requires = std::__enable_if_t<_Cond::value, _Tp> [with _Cond = std::function<void(loki_msgs::msg::CANFrame_<std::allocator<void> >, loki_msgs::msg::CANFrame_<std::allocator<void> >)>::_Callable<std::_Bind<void (PyToCpp::*(PyToCpp*, std::_Placeholder<1>))(loki_msgs::msg::CANFrame_<std::allocator<void> >, loki_msgs::msg::CANFrame_<std::allocator<void> >)>&, std::_Bind<void (PyToCpp::*(PyToCpp*, std::_Placeholder<1>))(loki_msgs::msg::CANFrame_<std::allocator<void> >, loki_msgs::msg::CANFrame_<std::allocator<void> >)>, std::__invoke_result<std::_Bind<void (PyToCpp::*(PyToCpp*, std::_Placeholder<1>))(loki_msgs::msg::CANFrame_<std::allocator<void> >, loki_msgs::msg::CANFrame_<std::allocator<void> >)>&, loki_msgs::msg::CANFrame_<std::allocator<void> >, loki_msgs::msg::CANFrame_<std::allocator<void> > > >; _Tp = void; _Res = void; _ArgTypes = {loki_msgs::msg::CANFrame_<std::allocator<void> >, loki_msgs::msg::CANFrame_<std::allocator<void> >}][m[K’
[6.321s] [01m[K/usr/include/c++/11/bits/std_function.h:434:9:[m[K   required from ‘[01m[Krclcpp::AnySubscriptionCallback<MessageT, AllocatorT> rclcpp::AnySubscriptionCallback<MessageT, AllocatorT>::set(CallbackT) [with CallbackT = std::_Bind<void (PyToCpp::*(PyToCpp*, std::_Placeholder<1>))(loki_msgs::msg::CANFrame_<std::allocator<void> >, loki_msgs::msg::CANFrame_<std::allocator<void> >)>; MessageT = loki_msgs::msg::CANFrame_<std::allocator<void> >; AllocatorT = std::allocator<void>][m[K’
[6.321s] [01m[K/opt/ros/humble/include/rclcpp/rclcpp/subscription_factory.hpp:94:32:[m[K   required from ‘[01m[Krclcpp::SubscriptionFactory rclcpp::create_subscription_factory(CallbackT&&, const rclcpp::SubscriptionOptionsWithAllocator<AllocatorT>&, typename MessageMemoryStrategyT::SharedPtr, std::shared_ptr<rclcpp::topic_statistics::SubscriptionTopicStatistics<ROSMessageType> >) [with MessageT = loki_msgs::msg::CANFrame_<std::allocator<void> >; CallbackT = std::_Bind<void (PyToCpp::*(PyToCpp*, std::_Placeholder<1>))(loki_msgs::msg::CANFrame_<std::allocator<void> >, loki_msgs::msg::CANFrame_<std::allocator<void> >)>; AllocatorT = std::allocator<void>; SubscriptionT = rclcpp::Subscription<loki_msgs::msg::CANFrame_<std::allocator<void> > >; MessageMemoryStrategyT = rclcpp::message_memory_strategy::MessageMemoryStrategy<loki_msgs::msg::CANFrame_<std::allocator<void> >, std::allocator<void> >; ROSMessageType = loki_msgs::msg::CANFrame_<std::allocator<void> >; typename MessageMemoryStrategyT::SharedPtr = std::shared_ptr<rclcpp::message_memory_strategy::MessageMemoryStrategy<loki_msgs::msg::CANFrame_<std::allocator<void> >, std::allocator<void> > >][m[K’
[6.321s] [01m[K/opt/ros/humble/include/rclcpp/rclcpp/create_subscription.hpp:122:63:[m[K   required from ‘[01m[Kstd::shared_ptr<ROSMessageT> rclcpp::detail::create_subscription(NodeParametersT&, NodeTopicsT&, const string&, const rclcpp::QoS&, CallbackT&&, const rclcpp::SubscriptionOptionsWithAllocator<AllocatorT>&, typename MessageMemoryStrategyT::SharedPtr) [with MessageT = loki_msgs::msg::CANFrame_<std::allocator<void> >; CallbackT = std::_Bind<void (PyToCpp::*(PyToCpp*, std::_Placeholder<1>))(loki_msgs::msg::CANFrame_<std::allocator<void> >, loki_msgs::msg::CANFrame_<std::allocator<void> >)>; AllocatorT = std::allocator<void>; SubscriptionT = rclcpp::Subscription<loki_msgs::msg::CANFrame_<std::allocator<void> > >; MessageMemoryStrategyT = rclcpp::message_memory_strategy::MessageMemoryStrategy<loki_msgs::msg::CANFrame_<std::allocator<void> >, std::allocator<void> >; NodeParametersT = rclcpp::Node; NodeTopicsT = rclcpp::Node; ROSMessageType = loki_msgs::msg::CANFrame_<std::allocator<void> >; std::string = std::__cxx11::basic_string<char>; typename MessageMemoryStrategyT::SharedPtr = std::shared_ptr<rclcpp::message_memory_strategy::MessageMemoryStrategy<loki_msgs::msg::CANFrame_<std::allocator<void> >, std::allocator<void> > >][m[K’
[6.321s] [01m[K/opt/ros/humble/include/rclcpp/rclcpp/create_subscription.hpp:191:76:[m[K   required from ‘[01m[Kstd::shared_ptr<ROSMessageT> rclcpp::create_subscription(NodeT&, const string&, const rclcpp::QoS&, CallbackT&&, const rclcpp::SubscriptionOptionsWithAllocator<AllocatorT>&, typename MessageMemoryStrategyT::SharedPtr) [with MessageT = loki_msgs::msg::CANFrame_<std::allocator<void> >; CallbackT = std::_Bind<void (PyToCpp::*(PyToCpp*, std::_Placeholder<1>))(loki_msgs::msg::CANFrame_<std::allocator<void> >, loki_msgs::msg::CANFrame_<std::allocator<void> >)>; AllocatorT = std::allocator<void>; SubscriptionT = rclcpp::Subscription<loki_msgs::msg::CANFrame_<std::allocator<void> > >; MessageMemoryStrategyT = rclcpp::message_memory_strategy::MessageMemoryStrategy<loki_msgs::msg::CANFrame_<std::allocator<void> >, std::allocator<void> >; NodeT = rclcpp::Node; std::string = std::__cxx11::basic_string<char>; typename MessageMemoryStrategyT::SharedPtr = std::shared_ptr<rclcpp::message_memory_strategy::MessageMemoryStrategy<loki_msgs::msg::CANFrame_<std::allocator<void> >, std::allocator<void> > >][m[K’
[6.321s] [01m[K/opt/ros/humble/include/rclcpp/rclcpp/node_impl.hpp:99:47:[m[K   required from ‘[01m[Kstd::shared_ptr<ROSMessageT> rclcpp::Node::create_subscription(const string&, const rclcpp::QoS&, CallbackT&&, const rclcpp::SubscriptionOptionsWithAllocator<AllocatorT>&, typename MessageMemoryStrategyT::SharedPtr) [with MessageT = loki_msgs::msg::CANFrame_<std::allocator<void> >; CallbackT = std::_Bind<void (PyToCpp::*(PyToCpp*, std::_Placeholder<1>))(loki_msgs::msg::CANFrame_<std::allocator<void> >, loki_msgs::msg::CANFrame_<std::allocator<void> >)>; AllocatorT = std::allocator<void>; SubscriptionT = rclcpp::Subscription<loki_msgs::msg::CANFrame_<std::allocator<void> > >; MessageMemoryStrategyT = rclcpp::message_memory_strategy::MessageMemoryStrategy<loki_msgs::msg::CANFrame_<std::allocator<void> >, std::allocator<void> >; std::string = std::__cxx11::basic_string<char>; typename MessageMemoryStrategyT::SharedPtr = std::shared_ptr<rclcpp::message_memory_strategy::MessageMemoryStrategy<loki_msgs::msg::CANFrame_<std::allocator<void> >, std::allocator<void> > >][m[K’
[6.321s] [01m[K/home/cairlab/Documents/GitHub/saga_repo/ros2_thor/src/loki/loki_can_devices/src/py_to_cpp.cpp:87:66:[m[K   required from here
[6.321s] [01m[K/usr/include/c++/11/type_traits:2205:11:[m[K [01;31m[Kerror: [m[Kno type named ‘[01m[Ktype[m[K’ in ‘[01m[Kstruct std::enable_if<false, void>[m[K’
[6.321s]  2205 |     using [01;31m[K__enable_if_t[m[K = typename enable_if<_Cond, _Tp>::type;
[6.321s]       |           [01;31m[K^~~~~~~~~~~~~[m[K
[6.321s] In file included from [01m[K/usr/include/c++/11/future:47[m[K,
[6.321s]                  from [01m[K/opt/ros/humble/include/rclcpp/rclcpp/executors.hpp:18[m[K,
[6.321s]                  from [01m[K/opt/ros/humble/include/rclcpp/rclcpp/rclcpp.hpp:155[m[K,
[6.321s]                  from [01m[K/home/cairlab/Documents/GitHub/saga_repo/ros2_thor/src/loki/loki_can_devices/src/py_to_cpp.cpp:1[m[K:
[6.322s] /opt/ros/humble/include/rclcpp/rclcpp/any_subscription_callback.hpp: In instantiation of ‘[01m[Krclcpp::AnySubscriptionCallback<MessageT, AllocatorT> rclcpp::AnySubscriptionCallback<MessageT, AllocatorT>::set(CallbackT) [with CallbackT = std::_Bind<void (PyToCpp::*(PyToCpp*, std::_Placeholder<1>))(loki_msgs::msg::CANFrame_<std::allocator<void> >, loki_msgs::msg::CANFrame_<std::allocator<void> >)>; MessageT = loki_msgs::msg::CANFrame_<std::allocator<void> >; AllocatorT = std::allocator<void>][m[K’:
[6.322s] [01m[K/opt/ros/humble/include/rclcpp/rclcpp/subscription_factory.hpp:94:32:[m[K   required from ‘[01m[Krclcpp::SubscriptionFactory rclcpp::create_subscription_factory(CallbackT&&, const rclcpp::SubscriptionOptionsWithAllocator<AllocatorT>&, typename MessageMemoryStrategyT::SharedPtr, std::shared_ptr<rclcpp::topic_statistics::SubscriptionTopicStatistics<ROSMessageType> >) [with MessageT = loki_msgs::msg::CANFrame_<std::allocator<void> >; CallbackT = std::_Bind<void (PyToCpp::*(PyToCpp*, std::_Placeholder<1>))(loki_msgs::msg::CANFrame_<std::allocator<void> >, loki_msgs::msg::CANFrame_<std::allocator<void> >)>; AllocatorT = std::allocator<void>; SubscriptionT = rclcpp::Subscription<loki_msgs::msg::CANFrame_<std::allocator<void> > >; MessageMemoryStrategyT = rclcpp::message_memory_strategy::MessageMemoryStrategy<loki_msgs::msg::CANFrame_<std::allocator<void> >, std::allocator<void> >; ROSMessageType = loki_msgs::msg::CANFrame_<std::allocator<void> >; typename MessageMemoryStrategyT::SharedPtr = std::shared_ptr<rclcpp::message_memory_strategy::MessageMemoryStrategy<loki_msgs::msg::CANFrame_<std::allocator<void> >, std::allocator<void> > >][m[K’
[6.322s] [01m[K/opt/ros/humble/include/rclcpp/rclcpp/create_subscription.hpp:122:63:[m[K   required from ‘[01m[Kstd::shared_ptr<ROSMessageT> rclcpp::detail::create_subscription(NodeParametersT&, NodeTopicsT&, const string&, const rclcpp::QoS&, CallbackT&&, const rclcpp::SubscriptionOptionsWithAllocator<AllocatorT>&, typename MessageMemoryStrategyT::SharedPtr) [with MessageT = loki_msgs::msg::CANFrame_<std::allocator<void> >; CallbackT = std::_Bind<void (PyToCpp::*(PyToCpp*, std::_Placeholder<1>))(loki_msgs::msg::CANFrame_<std::allocator<void> >, loki_msgs::msg::CANFrame_<std::allocator<void> >)>; AllocatorT = std::allocator<void>; SubscriptionT = rclcpp::Subscription<loki_msgs::msg::CANFrame_<std::allocator<void> > >; MessageMemoryStrategyT = rclcpp::message_memory_strategy::MessageMemoryStrategy<loki_msgs::msg::CANFrame_<std::allocator<void> >, std::allocator<void> >; NodeParametersT = rclcpp::Node; NodeTopicsT = rclcpp::Node; ROSMessageType = loki_msgs::msg::CANFrame_<std::allocator<void> >; std::string = std::__cxx11::basic_string<char>; typename MessageMemoryStrategyT::SharedPtr = std::shared_ptr<rclcpp::message_memory_strategy::MessageMemoryStrategy<loki_msgs::msg::CANFrame_<std::allocator<void> >, std::allocator<void> > >][m[K’
[6.322s] [01m[K/opt/ros/humble/include/rclcpp/rclcpp/create_subscription.hpp:191:76:[m[K   required from ‘[01m[Kstd::shared_ptr<ROSMessageT> rclcpp::create_subscription(NodeT&, const string&, const rclcpp::QoS&, CallbackT&&, const rclcpp::SubscriptionOptionsWithAllocator<AllocatorT>&, typename MessageMemoryStrategyT::SharedPtr) [with MessageT = loki_msgs::msg::CANFrame_<std::allocator<void> >; CallbackT = std::_Bind<void (PyToCpp::*(PyToCpp*, std::_Placeholder<1>))(loki_msgs::msg::CANFrame_<std::allocator<void> >, loki_msgs::msg::CANFrame_<std::allocator<void> >)>; AllocatorT = std::allocator<void>; SubscriptionT = rclcpp::Subscription<loki_msgs::msg::CANFrame_<std::allocator<void> > >; MessageMemoryStrategyT = rclcpp::message_memory_strategy::MessageMemoryStrategy<loki_msgs::msg::CANFrame_<std::allocator<void> >, std::allocator<void> >; NodeT = rclcpp::Node; std::string = std::__cxx11::basic_string<char>; typename MessageMemoryStrategyT::SharedPtr = std::shared_ptr<rclcpp::message_memory_strategy::MessageMemoryStrategy<loki_msgs::msg::CANFrame_<std::allocator<void> >, std::allocator<void> > >][m[K’
[6.322s] [01m[K/opt/ros/humble/include/rclcpp/rclcpp/node_impl.hpp:99:47:[m[K   required from ‘[01m[Kstd::shared_ptr<ROSMessageT> rclcpp::Node::create_subscription(const string&, const rclcpp::QoS&, CallbackT&&, const rclcpp::SubscriptionOptionsWithAllocator<AllocatorT>&, typename MessageMemoryStrategyT::SharedPtr) [with MessageT = loki_msgs::msg::CANFrame_<std::allocator<void> >; CallbackT = std::_Bind<void (PyToCpp::*(PyToCpp*, std::_Placeholder<1>))(loki_msgs::msg::CANFrame_<std::allocator<void> >, loki_msgs::msg::CANFrame_<std::allocator<void> >)>; AllocatorT = std::allocator<void>; SubscriptionT = rclcpp::Subscription<loki_msgs::msg::CANFrame_<std::allocator<void> > >; MessageMemoryStrategyT = rclcpp::message_memory_strategy::MessageMemoryStrategy<loki_msgs::msg::CANFrame_<std::allocator<void> >, std::allocator<void> >; std::string = std::__cxx11::basic_string<char>; typename MessageMemoryStrategyT::SharedPtr = std::shared_ptr<rclcpp::message_memory_strategy::MessageMemoryStrategy<loki_msgs::msg::CANFrame_<std::allocator<void> >, std::allocator<void> > >][m[K’
[6.322s] [01m[K/home/cairlab/Documents/GitHub/saga_repo/ros2_thor/src/loki/loki_can_devices/src/py_to_cpp.cpp:87:66:[m[K   required from here
[6.322s] [01m[K/usr/include/c++/11/bits/std_function.h:404:7:[m[K [01;36m[Knote: [m[Kcandidate: ‘[01m[Kstd::function<_Res(_ArgTypes ...)>::function(std::function<_Res(_ArgTypes ...)>&&) [with _Res = void; _ArgTypes = {loki_msgs::msg::CANFrame_<std::allocator<void> >, loki_msgs::msg::CANFrame_<std::allocator<void> >}][m[K’
[6.322s]   404 |       [01;36m[Kfunction[m[K(function&& __x) noexcept
[6.322s]       |       [01;36m[K^~~~~~~~[m[K
[6.322s] [01m[K/usr/include/c++/11/bits/std_function.h:404:27:[m[K [01;36m[Knote: [m[K  no known conversion for argument 1 from ‘[01m[Kstd::_Bind<void (PyToCpp::*(PyToCpp*, std::_Placeholder<1>))(loki_msgs::msg::CANFrame_<std::allocator<void> >, loki_msgs::msg::CANFrame_<std::allocator<void> >)>[m[K’ to ‘[01m[Kstd::function<void(loki_msgs::msg::CANFrame_<std::allocator<void> >, loki_msgs::msg::CANFrame_<std::allocator<void> >)>&&[m[K’
[6.322s]   404 |       function([01;36m[Kfunction&& __x[m[K) noexcept
[6.322s]       |                [01;36m[K~~~~~~~~~~~^~~[m[K
[6.322s] [01m[K/usr/include/c++/11/bits/std_function.h:386:7:[m[K [01;36m[Knote: [m[Kcandidate: ‘[01m[Kstd::function<_Res(_ArgTypes ...)>::function(const std::function<_Res(_ArgTypes ...)>&) [with _Res = void; _ArgTypes = {loki_msgs::msg::CANFrame_<std::allocator<void> >, loki_msgs::msg::CANFrame_<std::allocator<void> >}][m[K’
[6.322s]   386 |       [01;36m[Kfunction[m[K(const function& __x)
[6.322s]       |       [01;36m[K^~~~~~~~[m[K
[6.322s] [01m[K/usr/include/c++/11/bits/std_function.h:386:32:[m[K [01;36m[Knote: [m[K  no known conversion for argument 1 from ‘[01m[Kstd::_Bind<void (PyToCpp::*(PyToCpp*, std::_Placeholder<1>))(loki_msgs::msg::CANFrame_<std::allocator<void> >, loki_msgs::msg::CANFrame_<std::allocator<void> >)>[m[K’ to ‘[01m[Kconst std::function<void(loki_msgs::msg::CANFrame_<std::allocator<void> >, loki_msgs::msg::CANFrame_<std::allocator<void> >)>&[m[K’
[6.322s]   386 |       function([01;36m[Kconst function& __x[m[K)
[6.322s]       |                [01;36m[K~~~~~~~~~~~~~~~~^~~[m[K
[6.322s] [01m[K/usr/include/c++/11/bits/std_function.h:375:7:[m[K [01;36m[Knote: [m[Kcandidate: ‘[01m[Kstd::function<_Res(_ArgTypes ...)>::function(std::nullptr_t) [with _Res = void; _ArgTypes = {loki_msgs::msg::CANFrame_<std::allocator<void> >, loki_msgs::msg::CANFrame_<std::allocator<void> >}; std::nullptr_t = std::nullptr_t][m[K’
[6.323s]   375 |       [01;36m[Kfunction[m[K(nullptr_t) noexcept
[6.323s]       |       [01;36m[K^~~~~~~~[m[K
[6.323s] [01m[K/usr/include/c++/11/bits/std_function.h:375:16:[m[K [01;36m[Knote: [m[K  no known conversion for argument 1 from ‘[01m[Kstd::_Bind<void (PyToCpp::*(PyToCpp*, std::_Placeholder<1>))(loki_msgs::msg::CANFrame_<std::allocator<void> >, loki_msgs::msg::CANFrame_<std::allocator<void> >)>[m[K’ to ‘[01m[Kstd::nullptr_t[m[K’
[6.323s]   375 |       function([01;36m[Knullptr_t[m[K) noexcept
[6.323s]       |                [01;36m[K^~~~~~~~~[m[K
[6.323s] [01m[K/usr/include/c++/11/bits/std_function.h:368:7:[m[K [01;36m[Knote: [m[Kcandidate: ‘[01m[Kstd::function<_Res(_ArgTypes ...)>::function() [with _Res = void; _ArgTypes = {loki_msgs::msg::CANFrame_<std::allocator<void> >, loki_msgs::msg::CANFrame_<std::allocator<void> >}][m[K’
[6.323s]   368 |       [01;36m[Kfunction[m[K() noexcept
[6.323s]       |       [01;36m[K^~~~~~~~[m[K
[6.323s] [01m[K/usr/include/c++/11/bits/std_function.h:368:7:[m[K [01;36m[Knote: [m[K  candidate expects 0 arguments, 1 provided
[11.499s] gmake[2]: *** [CMakeFiles/pytocpp.dir/build.make:76: CMakeFiles/pytocpp.dir/src/py_to_cpp.cpp.o] Error 1
[11.499s] gmake[1]: *** [CMakeFiles/Makefile2:165: CMakeFiles/pytocpp.dir/all] Error 2
[11.500s] gmake: *** [Makefile:146: all] Error 2
[11.502s] Invoked command in '/home/cairlab/Documents/GitHub/saga_repo/build/loki_can_devices' returned '2': AMENT_PREFIX_PATH=/home/cairlab/Documents/GitHub/saga_repo/install/loki_msgs:/home/cairlab/Documents/GitHub/saga_repo/install/sensor_msgs:/home/cairlab/Documents/GitHub/saga_repo/install/nav_msgs:/home/cairlab/Documents/GitHub/saga_repo/install/diagnostic_msgs:/home/cairlab/Documents/GitHub/saga_repo/install/geometry_msgs:/home/cairlab/Documents/GitHub/saga_repo/install/std_srvs:/home/cairlab/Documents/GitHub/saga_repo/install/std_msgs:/home/cairlab/Documents/GitHub/saga_repo/install/loki_description:${AMENT_PREFIX_PATH} CMAKE_PREFIX_PATH=/home/cairlab/Documents/GitHub/saga_repo/install/loki_msgs:/home/cairlab/Documents/GitHub/saga_repo/install/sensor_msgs:/home/cairlab/Documents/GitHub/saga_repo/install/nav_msgs:/home/cairlab/Documents/GitHub/saga_repo/install/diagnostic_msgs:/home/cairlab/Documents/GitHub/saga_repo/install/geometry_msgs:/home/cairlab/Documents/GitHub/saga_repo/install/std_srvs:/home/cairlab/Documents/GitHub/saga_repo/install/std_msgs:/home/cairlab/Documents/GitHub/saga_repo/install/loki_description:/opt/ros/humble LD_LIBRARY_PATH=/home/cairlab/Documents/GitHub/saga_repo/install/loki_msgs/lib:/home/cairlab/Documents/GitHub/saga_repo/install/sensor_msgs/lib:/home/cairlab/Documents/GitHub/saga_repo/install/nav_msgs/lib:/home/cairlab/Documents/GitHub/saga_repo/install/diagnostic_msgs/lib:/home/cairlab/Documents/GitHub/saga_repo/install/geometry_msgs/lib:/home/cairlab/Documents/GitHub/saga_repo/install/std_srvs/lib:/home/cairlab/Documents/GitHub/saga_repo/install/std_msgs/lib:${LD_LIBRARY_PATH} PYTHONPATH=/home/cairlab/Documents/GitHub/saga_repo/install/loki_msgs/local/lib/python3.10/dist-packages:/home/cairlab/Documents/GitHub/saga_repo/install/sensor_msgs/local/lib/python3.10/dist-packages:/home/cairlab/Documents/GitHub/saga_repo/install/nav_msgs/local/lib/python3.10/dist-packages:/home/cairlab/Documents/GitHub/saga_repo/install/diagnostic_msgs/local/lib/python3.10/dist-packages:/home/cairlab/Documents/GitHub/saga_repo/install/geometry_msgs/local/lib/python3.10/dist-packages:/home/cairlab/Documents/GitHub/saga_repo/install/std_srvs/local/lib/python3.10/dist-packages:/home/cairlab/Documents/GitHub/saga_repo/install/std_msgs/local/lib/python3.10/dist-packages:${PYTHONPATH} /usr/bin/cmake --build /home/cairlab/Documents/GitHub/saga_repo/build/loki_can_devices -- -j12 -l12
