[0.303s] Invoking command in '/home/cairlab/Documents/GitHub/saga_repo/build/loki_description': CMAKE_PREFIX_PATH=/opt/ros/humble /usr/bin/cmake --build /home/cairlab/Documents/GitHub/saga_repo/build/loki_description -- -j12 -l12
[0.665s] Invoked command in '/home/cairlab/Documents/GitHub/saga_repo/build/loki_description' returned '0': CMAKE_PREFIX_PATH=/opt/ros/humble /usr/bin/cmake --build /home/cairlab/Documents/GitHub/saga_repo/build/loki_description -- -j12 -l12
[0.700s] Invoking command in '/home/cairlab/Documents/GitHub/saga_repo/build/loki_description': CMAKE_PREFIX_PATH=/opt/ros/humble /usr/bin/cmake --install /home/cairlab/Documents/GitHub/saga_repo/build/loki_description
[0.707s] -- Install configuration: ""
[0.707s] -- Up-to-date: /home/cairlab/Documents/GitHub/saga_repo/install/loki_description/share/loki_description/launch
[0.707s] -- Up-to-date: /home/cairlab/Documents/GitHub/saga_repo/install/loki_description/share/loki_description/launch/model.launch
[0.708s] -- Up-to-date: /home/cairlab/Documents/GitHub/saga_repo/install/loki_description/share/loki_description/launch/model.launch.py
[0.708s] -- Up-to-date: /home/cairlab/Documents/GitHub/saga_repo/install/loki_description/share/loki_description/meshes
[0.708s] -- Up-to-date: /home/cairlab/Documents/GitHub/saga_repo/install/loki_description/share/loki_description/meshes/drive_modules
[0.709s] -- Up-to-date: /home/cairlab/Documents/GitHub/saga_repo/install/loki_description/share/loki_description/meshes/drive_modules/836745-5-DUMMY-RevA.stl
[0.710s] -- Up-to-date: /home/cairlab/Documents/GitHub/saga_repo/install/loki_description/share/loki_description/meshes/drive_modules/836745-5-DUMMY-MIRROR-RevA.stl
[0.710s] -- Up-to-date: /home/cairlab/Documents/GitHub/saga_repo/install/loki_description/share/loki_description/meshes/drive_modules/old
[0.710s] -- Up-to-date: /home/cairlab/Documents/GitHub/saga_repo/install/loki_description/share/loki_description/meshes/drive_modules/old/836745-5-DUMMY-RevA.stl
[0.711s] -- Up-to-date: /home/cairlab/Documents/GitHub/saga_repo/install/loki_description/share/loki_description/meshes/drive_modules/old/836745-5-DUMMY-MIRROR-RevA.stl
[0.712s] -- Up-to-date: /home/cairlab/Documents/GitHub/saga_repo/install/loki_description/share/loki_description/meshes/drive_modules/old/836586-1-DUMMY-RevA.stl
[0.712s] -- Up-to-date: /home/cairlab/Documents/GitHub/saga_repo/install/loki_description/share/loki_description/meshes/bat_enc_modules
[0.712s] -- Up-to-date: /home/cairlab/Documents/GitHub/saga_repo/install/loki_description/share/loki_description/meshes/bat_enc_modules/836586-1-DUMMY-RevA.stl
[0.712s] -- Up-to-date: /home/cairlab/Documents/GitHub/saga_repo/install/loki_description/share/loki_description/meshes/hokuyo
[0.713s] -- Up-to-date: /home/cairlab/Documents/GitHub/saga_repo/install/loki_description/share/loki_description/meshes/hokuyo/hokuyo.dae
[0.713s] -- Up-to-date: /home/cairlab/Documents/GitHub/saga_repo/install/loki_description/share/loki_description/meshes/clamps
[0.713s] -- Up-to-date: /home/cairlab/Documents/GitHub/saga_repo/install/loki_description/share/loki_description/meshes/clamps/DUMMY-SUSP.stl
[0.713s] -- Up-to-date: /home/cairlab/Documents/GitHub/saga_repo/install/loki_description/share/loki_description/meshes/clamps/DUMMY-T-BRACKET.stl
[0.713s] -- Up-to-date: /home/cairlab/Documents/GitHub/saga_repo/install/loki_description/share/loki_description/meshes/tower_modules
[0.714s] -- Up-to-date: /home/cairlab/Documents/GitHub/saga_repo/install/loki_description/share/loki_description/meshes/tower_modules/DUMMY-TOWER-MIRROR-M.stl
[0.714s] -- Up-to-date: /home/cairlab/Documents/GitHub/saga_repo/install/loki_description/share/loki_description/meshes/tower_modules/DUMMY-DRIVE-BRACKET.stl
[0.714s] -- Up-to-date: /home/cairlab/Documents/GitHub/saga_repo/install/loki_description/share/loki_description/meshes/tower_modules/DUMMY-TOWER-M.stl
[0.714s] -- Up-to-date: /home/cairlab/Documents/GitHub/saga_repo/install/loki_description/share/loki_description/meshes/uv_frame
[0.714s] -- Up-to-date: /home/cairlab/Documents/GitHub/saga_repo/install/loki_description/share/loki_description/meshes/uv_frame/uv_arc.STL
[0.715s] -- Up-to-date: /home/cairlab/Documents/GitHub/saga_repo/install/loki_description/share/loki_description/urdf
[0.715s] -- Up-to-date: /home/cairlab/Documents/GitHub/saga_repo/install/loki_description/share/loki_description/urdf/thorvald_model.xacro
[0.715s] -- Up-to-date: /home/cairlab/Documents/GitHub/saga_repo/install/loki_description/share/loki_description/urdf/sensor_modules
[0.715s] -- Up-to-date: /home/cairlab/Documents/GitHub/saga_repo/install/loki_description/share/loki_description/urdf/sensor_modules/sensor_frames_example.xacro
[0.715s] -- Up-to-date: /home/cairlab/Documents/GitHub/saga_repo/install/loki_description/share/ament_index/resource_index/package_run_dependencies/loki_description
[0.715s] -- Up-to-date: /home/cairlab/Documents/GitHub/saga_repo/install/loki_description/share/ament_index/resource_index/parent_prefix_path/loki_description
[0.716s] -- Up-to-date: /home/cairlab/Documents/GitHub/saga_repo/install/loki_description/share/loki_description/environment/ament_prefix_path.sh
[0.716s] -- Up-to-date: /home/cairlab/Documents/GitHub/saga_repo/install/loki_description/share/loki_description/environment/ament_prefix_path.dsv
[0.717s] -- Up-to-date: /home/cairlab/Documents/GitHub/saga_repo/install/loki_description/share/loki_description/environment/path.sh
[0.717s] -- Up-to-date: /home/cairlab/Documents/GitHub/saga_repo/install/loki_description/share/loki_description/environment/path.dsv
[0.717s] -- Up-to-date: /home/cairlab/Documents/GitHub/saga_repo/install/loki_description/share/loki_description/local_setup.bash
[0.718s] -- Up-to-date: /home/cairlab/Documents/GitHub/saga_repo/install/loki_description/share/loki_description/local_setup.sh
[0.718s] -- Up-to-date: /home/cairlab/Documents/GitHub/saga_repo/install/loki_description/share/loki_description/local_setup.zsh
[0.718s] -- Up-to-date: /home/cairlab/Documents/GitHub/saga_repo/install/loki_description/share/loki_description/local_setup.dsv
[0.718s] -- Installing: /home/cairlab/Documents/GitHub/saga_repo/install/loki_description/share/loki_description/package.dsv
[0.719s] -- Up-to-date: /home/cairlab/Documents/GitHub/saga_repo/install/loki_description/share/ament_index/resource_index/packages/loki_description
[0.719s] -- Up-to-date: /home/cairlab/Documents/GitHub/saga_repo/install/loki_description/share/loki_description/cmake/loki_descriptionConfig.cmake
[0.720s] -- Up-to-date: /home/cairlab/Documents/GitHub/saga_repo/install/loki_description/share/loki_description/cmake/loki_descriptionConfig-version.cmake
[0.720s] -- Up-to-date: /home/cairlab/Documents/GitHub/saga_repo/install/loki_description/share/loki_description/package.xml
[0.721s] Invoked command in '/home/cairlab/Documents/GitHub/saga_repo/build/loki_description' returned '0': CMAKE_PREFIX_PATH=/opt/ros/humble /usr/bin/cmake --install /home/cairlab/Documents/GitHub/saga_repo/build/loki_description
