[1.384s] Invoking command in '/home/loki/Documents/GitHub/saga_repo/ros2_thor/src/loki/loki_base': CMAKE_PREFIX_PATH=/home/loki/Documents/GitHub/saga_repo/install/loki_can_devices:/home/loki/Documents/GitHub/saga_repo/install/loki_msgs:/home/loki/Documents/GitHub/saga_repo/install/loki_description:/home/loki/Documents/GitHub/saga_repo/install/septentrio_gnss_driver:/home/loki/Documents/GitHub/saga_repo/install/loki_bringup:/home/loki/Documents/GitHub/saga_repo/install/robot_bringup:/home/loki/Documents/GitHub/saga_repo/install/loki_twist_mux:/home/loki/Documents/GitHub/saga_repo/install/loki_simulator LD_LIBRARY_PATH=/home/loki/Documents/GitHub/saga_repo/install/loki_can_devices/lib:/home/loki/Documents/GitHub/saga_repo/install/loki_msgs/lib:/home/loki/Documents/GitHub/saga_repo/install/septentrio_gnss_driver/lib:/usr/lib/x86_64-linux-gnu/gazebo-11/plugins:/opt/ros/humble/opt/rviz_ogre_vendor/lib:/opt/ros/humble/lib/x86_64-linux-gnu:/opt/ros/humble/lib PYTHONPATH=/home/loki/Documents/GitHub/saga_repo/build/loki_base/prefix_override:/home/loki/Documents/GitHub/saga_repo/install/loki_base/lib/python3.10/site-packages:${PYTHONPATH} /usr/bin/python3 setup.py egg_info --egg-base ../../../../build/loki_base build --build-base /home/loki/Documents/GitHub/saga_repo/build/loki_base/build install --record /home/loki/Documents/GitHub/saga_repo/build/loki_base/install.log --single-version-externally-managed
[1.838s] running egg_info
[1.839s] writing ../../../../build/loki_base/loki_base.egg-info/PKG-INFO
[1.840s] writing dependency_links to ../../../../build/loki_base/loki_base.egg-info/dependency_links.txt
[1.840s] writing entry points to ../../../../build/loki_base/loki_base.egg-info/entry_points.txt
[1.840s] writing requirements to ../../../../build/loki_base/loki_base.egg-info/requires.txt
[1.840s] writing top-level names to ../../../../build/loki_base/loki_base.egg-info/top_level.txt
[1.843s] reading manifest file '../../../../build/loki_base/loki_base.egg-info/SOURCES.txt'
[1.845s] writing manifest file '../../../../build/loki_base/loki_base.egg-info/SOURCES.txt'
[1.845s] running build
[1.845s] running build_py
[1.846s] running install
[1.847s] /usr/lib/python3/dist-packages/setuptools/command/install.py:34: SetuptoolsDeprecationWarning: setup.py install is deprecated. Use build and pip and other standards-based tools.
[1.847s]   warnings.warn(
[1.847s] running install_lib
[1.850s] running install_data
[1.851s] running install_egg_info
[1.853s] removing '/home/loki/Documents/GitHub/saga_repo/install/loki_base/lib/python3.10/site-packages/loki_base-2.0.0-py3.10.egg-info' (and everything under it)
[1.854s] Copying ../../../../build/loki_base/loki_base.egg-info to /home/loki/Documents/GitHub/saga_repo/install/loki_base/lib/python3.10/site-packages/loki_base-2.0.0-py3.10.egg-info
[1.855s] running install_scripts
[1.896s] Installing base_driver script to /home/loki/Documents/GitHub/saga_repo/install/loki_base/lib/loki_base
[1.896s] Installing enlcosure_board_serial script to /home/loki/Documents/GitHub/saga_repo/install/loki_base/lib/loki_base
[1.896s] Installing isaac_wheels script to /home/loki/Documents/GitHub/saga_repo/install/loki_base/lib/loki_base
[1.897s] writing list of installed files to '/home/loki/Documents/GitHub/saga_repo/build/loki_base/install.log'
[1.939s] Invoked command in '/home/loki/Documents/GitHub/saga_repo/ros2_thor/src/loki/loki_base' returned '0': CMAKE_PREFIX_PATH=/home/loki/Documents/GitHub/saga_repo/install/loki_can_devices:/home/loki/Documents/GitHub/saga_repo/install/loki_msgs:/home/loki/Documents/GitHub/saga_repo/install/loki_description:/home/loki/Documents/GitHub/saga_repo/install/septentrio_gnss_driver:/home/loki/Documents/GitHub/saga_repo/install/loki_bringup:/home/loki/Documents/GitHub/saga_repo/install/robot_bringup:/home/loki/Documents/GitHub/saga_repo/install/loki_twist_mux:/home/loki/Documents/GitHub/saga_repo/install/loki_simulator LD_LIBRARY_PATH=/home/loki/Documents/GitHub/saga_repo/install/loki_can_devices/lib:/home/loki/Documents/GitHub/saga_repo/install/loki_msgs/lib:/home/loki/Documents/GitHub/saga_repo/install/septentrio_gnss_driver/lib:/usr/lib/x86_64-linux-gnu/gazebo-11/plugins:/opt/ros/humble/opt/rviz_ogre_vendor/lib:/opt/ros/humble/lib/x86_64-linux-gnu:/opt/ros/humble/lib PYTHONPATH=/home/loki/Documents/GitHub/saga_repo/build/loki_base/prefix_override:/home/loki/Documents/GitHub/saga_repo/install/loki_base/lib/python3.10/site-packages:${PYTHONPATH} /usr/bin/python3 setup.py egg_info --egg-base ../../../../build/loki_base build --build-base /home/loki/Documents/GitHub/saga_repo/build/loki_base/build install --record /home/loki/Documents/GitHub/saga_repo/build/loki_base/install.log --single-version-externally-managed
