-- Found ament_cmake: 1.3.5 (/opt/ros/humble/share/ament_cmake/cmake)
-- Found rclcpp: 16.0.6 (/opt/ros/humble/share/rclcpp/cmake)
-- Found rosidl_generator_c: 3.1.5 (/opt/ros/humble/share/rosidl_generator_c/cmake)
-- Found rosidl_adapter: 3.1.5 (/opt/ros/humble/share/rosidl_adapter/cmake)
-- Found rosidl_generator_cpp: 3.1.5 (/opt/ros/humble/share/rosidl_generator_cpp/cmake)
-- Using all available rosidl_typesupport_c: rosidl_typesupport_fastrtps_c;rosidl_typesupport_introspection_c
-- Using all available rosidl_typesupport_cpp: rosidl_typesupport_fastrtps_cpp;rosidl_typesupport_introspection_cpp
-- Found rmw_implementation_cmake: 6.1.1 (/opt/ros/humble/share/rmw_implementation_cmake/cmake)
-- Found rmw_fastrtps_cpp: 6.2.4 (/opt/ros/humble/share/rmw_fastrtps_cpp/cmake)
-- Using RMW implementation 'rmw_fastrtps_cpp' as default
-- Found std_srvs: 5.2.0 (/home/cairlab/Documents/GitHub/saga_repo/install/std_srvs/share/std_srvs/cmake)
-- Found angles: 1.15.0 (/opt/ros/humble/share/angles/cmake)
-- Found geometry_msgs: 5.2.0 (/home/cairlab/Documents/GitHub/saga_repo/install/geometry_msgs/share/geometry_msgs/cmake)
-- Found loki_msgs: 2.0.0 (/home/cairlab/Documents/GitHub/saga_repo/install/loki_msgs/share/loki_msgs/cmake)
-- Configuring done
-- Generating done
-- Build files have been written to: /home/cairlab/Documents/GitHub/saga_repo/build/loki_can_devices
[35m[1mConsolidate compiler generated dependencies of target can[0m
[  9%] [32mBuilding CXX object CMakeFiles/can.dir/src/can_io_v1pcb.cpp.o[0m
[ 36%] [32mBuilding CXX object CMakeFiles/can.dir/src/RoboteqFbl2360Diff.cpp.o[0m
[ 36%] [32mBuilding CXX object CMakeFiles/can.dir/src/kc_battery.cpp.o[0m
[ 36%] [32mBuilding CXX object CMakeFiles/can.dir/src/can_io_v1uv.cpp.o[0m
[ 45%] [32mBuilding CXX object CMakeFiles/can.dir/src/RoboteqFbl2360.cpp.o[0m
[ 54%] [32mBuilding CXX object CMakeFiles/can.dir/src/can_frame.cpp.o[0m
[ 72%] [32mBuilding CXX object CMakeFiles/can.dir/src/can_ctrl_pltf.cpp.o[0m
[ 72%] [32mBuilding CXX object CMakeFiles/can.dir/src/can_line_socketcan.cpp.o[0m
[ 81%] [32m[1mLinking CXX shared library libcan.so[0m
[ 81%] Built target can
[35m[1mConsolidate compiler generated dependencies of target pytocpp[0m
[ 90%] [32mBuilding CXX object CMakeFiles/pytocpp.dir/src/py_to_cpp.cpp.o[0m
