running egg_info
writing ../../../../build/loki_teleop/loki_teleop.egg-info/PKG-INFO
writing dependency_links to ../../../../build/loki_teleop/loki_teleop.egg-info/dependency_links.txt
writing entry points to ../../../../build/loki_teleop/loki_teleop.egg-info/entry_points.txt
writing requirements to ../../../../build/loki_teleop/loki_teleop.egg-info/requires.txt
writing top-level names to ../../../../build/loki_teleop/loki_teleop.egg-info/top_level.txt
reading manifest file '../../../../build/loki_teleop/loki_teleop.egg-info/SOURCES.txt'
writing manifest file '../../../../build/loki_teleop/loki_teleop.egg-info/SOURCES.txt'
running build
running build_py
copying loki_teleop/teleop_node.py -> /home/loki/Documents/GitHub/saga_repo/build/loki_teleop/build/lib/loki_teleop
running install
/usr/lib/python3/dist-packages/setuptools/command/install.py:34: SetuptoolsDeprecationWarning: setup.py install is deprecated. Use build and pip and other standards-based tools.
  warnings.warn(
running install_lib
copying /home/loki/Documents/GitHub/saga_repo/build/loki_teleop/build/lib/loki_teleop/teleop_node.py -> /home/loki/Documents/GitHub/saga_repo/install/loki_teleop/lib/python3.10/site-packages/loki_teleop
byte-compiling /home/loki/Documents/GitHub/saga_repo/install/loki_teleop/lib/python3.10/site-packages/loki_teleop/teleop_node.py to teleop_node.cpython-310.pyc
running install_data
running install_egg_info
removing '/home/loki/Documents/GitHub/saga_repo/install/loki_teleop/lib/python3.10/site-packages/loki_teleop-2.0.0-py3.10.egg-info' (and everything under it)
Copying ../../../../build/loki_teleop/loki_teleop.egg-info to /home/loki/Documents/GitHub/saga_repo/install/loki_teleop/lib/python3.10/site-packages/loki_teleop-2.0.0-py3.10.egg-info
running install_scripts
Installing teleop_node script to /home/loki/Documents/GitHub/saga_repo/install/loki_teleop/lib/loki_teleop
writing list of installed files to '/home/loki/Documents/GitHub/saga_repo/build/loki_teleop/install.log'
