[0.142s] Invoking command in '/home/cairlab/Documents/GitHub/saga_repo/build/loki_description': CMAKE_PREFIX_PATH=/opt/ros/humble /usr/bin/cmake /home/cairlab/Documents/GitHub/saga_repo/ros2_thor/src/loki/loki_description -DCMAKE_INSTALL_PREFIX=/home/cairlab/Documents/GitHub/saga_repo/install/loki_description
[0.199s] -- The C compiler identification is GNU 11.4.0
[0.252s] -- The CXX compiler identification is GNU 11.4.0
[0.262s] -- Detecting C compiler ABI info
[0.318s] -- Detecting C compiler ABI info - done
[0.324s] -- Check for working C compiler: /usr/bin/cc - skipped
[0.324s] -- Detecting C compile features
[0.324s] -- Detecting C compile features - done
[0.327s] -- Detecting CXX compiler ABI info
[0.398s] -- Detecting CXX compiler ABI info - done
[0.406s] -- Check for working CXX compiler: /usr/bin/c++ - skipped
[0.406s] -- Detecting CXX compile features
[0.407s] -- Detecting CXX compile features - done
[0.410s] -- Found ament_cmake: 1.3.5 (/opt/ros/humble/share/ament_cmake/cmake)
[0.798s] -- Found Python3: /usr/bin/python3.10 (found version "3.10.12") found components: Interpreter 
[0.883s] -- Found controller_manager: 2.31.0 (/opt/ros/humble/share/controller_manager/cmake)
[0.927s] -- Found rosidl_generator_c: 3.1.5 (/opt/ros/humble/share/rosidl_generator_c/cmake)
[0.932s] -- Found rosidl_adapter: 3.1.5 (/opt/ros/humble/share/rosidl_adapter/cmake)
[0.939s] -- Found rosidl_generator_cpp: 3.1.5 (/opt/ros/humble/share/rosidl_generator_cpp/cmake)
[0.951s] -- Using all available rosidl_typesupport_c: rosidl_typesupport_fastrtps_c;rosidl_typesupport_introspection_c
[0.970s] -- Using all available rosidl_typesupport_cpp: rosidl_typesupport_fastrtps_cpp;rosidl_typesupport_introspection_cpp
[1.677s] -- Found rmw_implementation_cmake: 6.1.1 (/opt/ros/humble/share/rmw_implementation_cmake/cmake)
[1.679s] -- Found rmw_fastrtps_cpp: 6.2.4 (/opt/ros/humble/share/rmw_fastrtps_cpp/cmake)
[1.773s] -- Found OpenSSL: /usr/lib/x86_64-linux-gnu/libcrypto.so (found version "3.0.2")  
[1.808s] -- Found FastRTPS: /opt/ros/humble/include  
[1.866s] -- Using RMW implementation 'rmw_fastrtps_cpp' as default
[1.874s] -- Looking for pthread.h
[1.936s] -- Looking for pthread.h - found
[1.936s] -- Performing Test CMAKE_HAVE_LIBC_PTHREAD
[2.001s] -- Performing Test CMAKE_HAVE_LIBC_PTHREAD - Success
[2.003s] -- Found Threads: TRUE  
[2.685s] -- Found robot_state_publisher: 3.0.2 (/opt/ros/humble/share/robot_state_publisher/cmake)
[2.707s] -- Found eigen3_cmake_module: 0.1.1 (/opt/ros/humble/share/eigen3_cmake_module/cmake)
[2.710s] -- Found Eigen3: TRUE (found version "3.4.0") 
[2.710s] -- Ensuring Eigen3 include directory is part of orocos-kdl CMake target
[3.222s] -- Found rclpy: 3.3.10 (/opt/ros/humble/share/rclpy/cmake)
[3.224s] -- Found xacro: 2.0.8 (/opt/ros/humble/share/xacro/cmake)
[3.330s] -- Configuring done
[3.340s] -- Generating done
[3.341s] -- Build files have been written to: /home/cairlab/Documents/GitHub/saga_repo/build/loki_description
[3.365s] Invoked command in '/home/cairlab/Documents/GitHub/saga_repo/build/loki_description' returned '0': CMAKE_PREFIX_PATH=/opt/ros/humble /usr/bin/cmake /home/cairlab/Documents/GitHub/saga_repo/ros2_thor/src/loki/loki_description -DCMAKE_INSTALL_PREFIX=/home/cairlab/Documents/GitHub/saga_repo/install/loki_description
[3.367s] Invoking command in '/home/cairlab/Documents/GitHub/saga_repo/build/loki_description': CMAKE_PREFIX_PATH=/opt/ros/humble /usr/bin/cmake --build /home/cairlab/Documents/GitHub/saga_repo/build/loki_description -- -j12 -l12
[3.418s] Invoked command in '/home/cairlab/Documents/GitHub/saga_repo/build/loki_description' returned '0': CMAKE_PREFIX_PATH=/opt/ros/humble /usr/bin/cmake --build /home/cairlab/Documents/GitHub/saga_repo/build/loki_description -- -j12 -l12
[3.459s] Invoking command in '/home/cairlab/Documents/GitHub/saga_repo/build/loki_description': CMAKE_PREFIX_PATH=/opt/ros/humble /usr/bin/cmake --install /home/cairlab/Documents/GitHub/saga_repo/build/loki_description
[3.467s] -- Install configuration: ""
[3.467s] -- Installing: /home/cairlab/Documents/GitHub/saga_repo/install/loki_description/share/loki_description/launch
[3.467s] -- Installing: /home/cairlab/Documents/GitHub/saga_repo/install/loki_description/share/loki_description/launch/model.launch
[3.468s] -- Installing: /home/cairlab/Documents/GitHub/saga_repo/install/loki_description/share/loki_description/meshes
[3.468s] -- Installing: /home/cairlab/Documents/GitHub/saga_repo/install/loki_description/share/loki_description/meshes/drive_modules
[3.468s] -- Installing: /home/cairlab/Documents/GitHub/saga_repo/install/loki_description/share/loki_description/meshes/drive_modules/836745-5-DUMMY-RevA.stl
[3.468s] -- Installing: /home/cairlab/Documents/GitHub/saga_repo/install/loki_description/share/loki_description/meshes/drive_modules/836745-5-DUMMY-MIRROR-RevA.stl
[3.468s] -- Installing: /home/cairlab/Documents/GitHub/saga_repo/install/loki_description/share/loki_description/meshes/drive_modules/old
[3.468s] -- Installing: /home/cairlab/Documents/GitHub/saga_repo/install/loki_description/share/loki_description/meshes/drive_modules/old/836745-5-DUMMY-RevA.stl
[3.468s] -- Installing: /home/cairlab/Documents/GitHub/saga_repo/install/loki_description/share/loki_description/meshes/drive_modules/old/836745-5-DUMMY-MIRROR-RevA.stl
[3.468s] -- Installing: /home/cairlab/Documents/GitHub/saga_repo/install/loki_description/share/loki_description/meshes/drive_modules/old/836586-1-DUMMY-RevA.stl
[3.469s] -- Installing: /home/cairlab/Documents/GitHub/saga_repo/install/loki_description/share/loki_description/meshes/bat_enc_modules
[3.469s] -- Installing: /home/cairlab/Documents/GitHub/saga_repo/install/loki_description/share/loki_description/meshes/bat_enc_modules/836586-1-DUMMY-RevA.stl
[3.469s] -- Installing: /home/cairlab/Documents/GitHub/saga_repo/install/loki_description/share/loki_description/meshes/hokuyo
[3.469s] -- Installing: /home/cairlab/Documents/GitHub/saga_repo/install/loki_description/share/loki_description/meshes/hokuyo/hokuyo.dae
[3.469s] -- Installing: /home/cairlab/Documents/GitHub/saga_repo/install/loki_description/share/loki_description/meshes/clamps
[3.469s] -- Installing: /home/cairlab/Documents/GitHub/saga_repo/install/loki_description/share/loki_description/meshes/clamps/DUMMY-SUSP.stl
[3.469s] -- Installing: /home/cairlab/Documents/GitHub/saga_repo/install/loki_description/share/loki_description/meshes/clamps/DUMMY-T-BRACKET.stl
[3.469s] -- Installing: /home/cairlab/Documents/GitHub/saga_repo/install/loki_description/share/loki_description/meshes/tower_modules
[3.469s] -- Installing: /home/cairlab/Documents/GitHub/saga_repo/install/loki_description/share/loki_description/meshes/tower_modules/DUMMY-TOWER-MIRROR-M.stl
[3.470s] -- Installing: /home/cairlab/Documents/GitHub/saga_repo/install/loki_description/share/loki_description/meshes/tower_modules/DUMMY-DRIVE-BRACKET.stl
[3.470s] -- Installing: /home/cairlab/Documents/GitHub/saga_repo/install/loki_description/share/loki_description/meshes/tower_modules/DUMMY-TOWER-M.stl
[3.470s] -- Installing: /home/cairlab/Documents/GitHub/saga_repo/install/loki_description/share/loki_description/meshes/uv_frame
[3.471s] -- Installing: /home/cairlab/Documents/GitHub/saga_repo/install/loki_description/share/loki_description/meshes/uv_frame/uv_arc.STL
[3.484s] -- Installing: /home/cairlab/Documents/GitHub/saga_repo/install/loki_description/share/loki_description/urdf
[3.485s] -- Installing: /home/cairlab/Documents/GitHub/saga_repo/install/loki_description/share/loki_description/urdf/thorvald_model.xacro
[3.485s] -- Installing: /home/cairlab/Documents/GitHub/saga_repo/install/loki_description/share/loki_description/urdf/sensor_modules
[3.485s] -- Installing: /home/cairlab/Documents/GitHub/saga_repo/install/loki_description/share/loki_description/urdf/sensor_modules/sensor_frames_example.xacro
[3.485s] -- Installing: /home/cairlab/Documents/GitHub/saga_repo/install/loki_description/share/ament_index/resource_index/package_run_dependencies/loki_description
[3.485s] -- Installing: /home/cairlab/Documents/GitHub/saga_repo/install/loki_description/share/ament_index/resource_index/parent_prefix_path/loki_description
[3.485s] -- Installing: /home/cairlab/Documents/GitHub/saga_repo/install/loki_description/share/loki_description/environment/ament_prefix_path.sh
[3.486s] -- Installing: /home/cairlab/Documents/GitHub/saga_repo/install/loki_description/share/loki_description/environment/ament_prefix_path.dsv
[3.486s] -- Installing: /home/cairlab/Documents/GitHub/saga_repo/install/loki_description/share/loki_description/environment/path.sh
[3.486s] -- Installing: /home/cairlab/Documents/GitHub/saga_repo/install/loki_description/share/loki_description/environment/path.dsv
[3.486s] -- Installing: /home/cairlab/Documents/GitHub/saga_repo/install/loki_description/share/loki_description/local_setup.bash
[3.486s] -- Installing: /home/cairlab/Documents/GitHub/saga_repo/install/loki_description/share/loki_description/local_setup.sh
[3.486s] -- Installing: /home/cairlab/Documents/GitHub/saga_repo/install/loki_description/share/loki_description/local_setup.zsh
[3.486s] -- Installing: /home/cairlab/Documents/GitHub/saga_repo/install/loki_description/share/loki_description/local_setup.dsv
[3.487s] -- Installing: /home/cairlab/Documents/GitHub/saga_repo/install/loki_description/share/loki_description/package.dsv
[3.487s] -- Installing: /home/cairlab/Documents/GitHub/saga_repo/install/loki_description/share/ament_index/resource_index/packages/loki_description
[3.487s] -- Installing: /home/cairlab/Documents/GitHub/saga_repo/install/loki_description/share/loki_description/cmake/loki_descriptionConfig.cmake
[3.487s] -- Installing: /home/cairlab/Documents/GitHub/saga_repo/install/loki_description/share/loki_description/cmake/loki_descriptionConfig-version.cmake
[3.487s] -- Installing: /home/cairlab/Documents/GitHub/saga_repo/install/loki_description/share/loki_description/package.xml
[3.490s] Invoked command in '/home/cairlab/Documents/GitHub/saga_repo/build/loki_description' returned '0': CMAKE_PREFIX_PATH=/opt/ros/humble /usr/bin/cmake --install /home/cairlab/Documents/GitHub/saga_repo/build/loki_description
