[0.013s] Invoking command in '/home/cairlab/twist_mux/diagnostics/build/diagnostic_updater': CMAKE_PREFIX_PATH=/opt/ros/humble /usr/bin/cmake /home/cairlab/twist_mux/diagnostics/diagnostic_updater -DCMAKE_INSTALL_PREFIX=/home/cairlab/twist_mux/diagnostics/install/diagnostic_updater
[0.060s] -- The C compiler identification is GNU 11.3.0
[0.110s] -- The CXX compiler identification is GNU 11.3.0
[0.116s] -- Detecting C compiler ABI info
[0.174s] -- Detecting C compiler ABI info - done
[0.185s] -- Check for working C compiler: /usr/bin/cc - skipped
[0.185s] -- Detecting C compile features
[0.186s] -- Detecting C compile features - done
[0.190s] -- Detecting CXX compiler ABI info
[0.261s] -- Detecting CXX compiler ABI info - done
[0.267s] -- Check for working CXX compiler: /usr/bin/c++ - skipped
[0.267s] -- Detecting CXX compile features
[0.267s] -- Detecting CXX compile features - done
[0.269s] -- Found ament_cmake: 1.3.5 (/opt/ros/humble/share/ament_cmake/cmake)
[0.408s] -- Found Python3: /usr/bin/python3.10 (found version "3.10.6") found components: Interpreter 
[0.488s] -- Found diagnostic_msgs: 4.2.3 (/opt/ros/humble/share/diagnostic_msgs/cmake)
[0.524s] -- Found rosidl_generator_c: 3.1.4 (/opt/ros/humble/share/rosidl_generator_c/cmake)
[0.528s] -- Found rosidl_adapter: 3.1.4 (/opt/ros/humble/share/rosidl_adapter/cmake)
[0.534s] -- Found rosidl_generator_cpp: 3.1.4 (/opt/ros/humble/share/rosidl_generator_cpp/cmake)
[0.545s] -- Using all available rosidl_typesupport_c: rosidl_typesupport_fastrtps_c;rosidl_typesupport_introspection_c
[0.562s] -- Using all available rosidl_typesupport_cpp: rosidl_typesupport_fastrtps_cpp;rosidl_typesupport_introspection_cpp
[0.668s] -- Found rclcpp: 16.0.4 (/opt/ros/humble/share/rclcpp/cmake)
[0.717s] -- Found rmw_implementation_cmake: 6.1.1 (/opt/ros/humble/share/rmw_implementation_cmake/cmake)
[0.718s] -- Found rmw_fastrtps_cpp: 6.2.2 (/opt/ros/humble/share/rmw_fastrtps_cpp/cmake)
[0.800s] -- Found OpenSSL: /usr/lib/x86_64-linux-gnu/libcrypto.so (found version "3.0.2")  
[0.823s] -- Found FastRTPS: /opt/ros/humble/include  
[0.864s] -- Using RMW implementation 'rmw_fastrtps_cpp' as default
[0.871s] -- Looking for pthread.h
[0.929s] -- Looking for pthread.h - found
[0.929s] -- Performing Test CMAKE_HAVE_LIBC_PTHREAD
[0.988s] -- Performing Test CMAKE_HAVE_LIBC_PTHREAD - Success
[0.989s] -- Found Threads: TRUE  
[1.118s] -- Found rclpy: 3.3.8 (/opt/ros/humble/share/rclpy/cmake)
[1.121s] -- Found ament_lint_auto: 0.12.6 (/opt/ros/humble/share/ament_lint_auto/cmake)
[1.234s] -- Found gtest sources under '/opt/ros/humble/src/gtest_vendor': C++ tests using 'Google Test' will be built
[1.850s] -- Added test 'cppcheck' to perform static code analysis on C / C++ code
[1.850s] -- Configured cppcheck include dirs: $<BUILD_INTERFACE:/home/cairlab/twist_mux/diagnostics/diagnostic_updater/include>
[1.850s] -- Configured cppcheck exclude dirs and/or files: 
[1.851s] -- Added test 'cpplint' to check C / C++ code against the Google style
[1.851s] -- Configured cpplint exclude dirs and/or files: 
[1.852s] -- Added test 'lint_cmake' to check CMake code style
[1.852s] -- Added test 'pep257' to check Python code against some of the docstring style conventions in PEP 257
[1.854s] -- Added test 'uncrustify' to check C / C++ code style
[1.854s] -- Configured uncrustify additional arguments: 
[1.854s] -- Added test 'xmllint' to check XML markup files
[1.857s] -- Configuring done
[1.876s] -- Generating done
[1.878s] -- Build files have been written to: /home/cairlab/twist_mux/diagnostics/build/diagnostic_updater
[1.888s] Invoked command in '/home/cairlab/twist_mux/diagnostics/build/diagnostic_updater' returned '0': CMAKE_PREFIX_PATH=/opt/ros/humble /usr/bin/cmake /home/cairlab/twist_mux/diagnostics/diagnostic_updater -DCMAKE_INSTALL_PREFIX=/home/cairlab/twist_mux/diagnostics/install/diagnostic_updater
[1.890s] Invoking command in '/home/cairlab/twist_mux/diagnostics/build/diagnostic_updater': CMAKE_PREFIX_PATH=/opt/ros/humble /usr/bin/cmake --build /home/cairlab/twist_mux/diagnostics/build/diagnostic_updater -- -j12 -l12
[1.933s] [ 10%] [32mBuilding CXX object gtest/CMakeFiles/gtest.dir/src/gtest-all.cc.o[0m
[1.940s] [ 20%] [32mBuilding CXX object gtest/CMakeFiles/gtest_main.dir/src/gtest_main.cc.o[0m
[1.940s] [ 30%] [32mBuilding CXX object CMakeFiles/example.dir/src/example.cpp.o[0m
[1.943s] [ 30%] Built target ament_cmake_python_copy_diagnostic_updater
[2.313s] running egg_info
[2.313s] creating diagnostic_updater.egg-info
[2.314s] writing diagnostic_updater.egg-info/PKG-INFO
[2.314s] writing dependency_links to diagnostic_updater.egg-info/dependency_links.txt
[2.314s] writing top-level names to diagnostic_updater.egg-info/top_level.txt
[2.314s] writing manifest file 'diagnostic_updater.egg-info/SOURCES.txt'
[2.317s] reading manifest file 'diagnostic_updater.egg-info/SOURCES.txt'
[2.318s] writing manifest file 'diagnostic_updater.egg-info/SOURCES.txt'
[2.367s] [ 30%] Built target ament_cmake_python_build_diagnostic_updater_egg
[2.661s] [ 40%] [32m[1mLinking CXX static library libgtest_main.a[0m
[2.692s] [ 40%] Built target gtest_main
[4.539s] [ 50%] [32m[1mLinking CXX static library libgtest.a[0m
[4.599s] [ 50%] Built target gtest
[4.617s] [ 70%] [32mBuilding CXX object CMakeFiles/diagnostic_status_wrapper_test.dir/test/diagnostic_status_wrapper_test.cpp.o[0m
[4.617s] [ 70%] [32mBuilding CXX object CMakeFiles/diagnostic_updater_test.dir/test/diagnostic_updater_test.cpp.o[0m
[7.241s] [ 80%] [32m[1mLinking CXX executable example[0m
[7.508s] [ 80%] Built target example
[8.296s] [ 90%] [32m[1mLinking CXX executable diagnostic_status_wrapper_test[0m
[8.514s] [ 90%] Built target diagnostic_status_wrapper_test
[10.233s] [100%] [32m[1mLinking CXX executable diagnostic_updater_test[0m
[10.527s] [100%] Built target diagnostic_updater_test
[10.540s] Invoked command in '/home/cairlab/twist_mux/diagnostics/build/diagnostic_updater' returned '0': CMAKE_PREFIX_PATH=/opt/ros/humble /usr/bin/cmake --build /home/cairlab/twist_mux/diagnostics/build/diagnostic_updater -- -j12 -l12
[10.578s] Invoking command in '/home/cairlab/twist_mux/diagnostics/build/diagnostic_updater': CMAKE_PREFIX_PATH=/opt/ros/humble /usr/bin/cmake --install /home/cairlab/twist_mux/diagnostics/build/diagnostic_updater
[10.586s] -- Install configuration: ""
[10.586s] -- Installing: /home/cairlab/twist_mux/diagnostics/install/diagnostic_updater/share/diagnostic_updater/environment/pythonpath.sh
[10.587s] -- Installing: /home/cairlab/twist_mux/diagnostics/install/diagnostic_updater/share/diagnostic_updater/environment/pythonpath.dsv
[10.587s] -- Up-to-date: /home/cairlab/twist_mux/diagnostics/install/diagnostic_updater/local/lib/python3.10/dist-packages/diagnostic_updater-3.1.2-py3.10.egg-info
[10.587s] -- Installing: /home/cairlab/twist_mux/diagnostics/install/diagnostic_updater/local/lib/python3.10/dist-packages/diagnostic_updater-3.1.2-py3.10.egg-info/dependency_links.txt
[10.587s] -- Installing: /home/cairlab/twist_mux/diagnostics/install/diagnostic_updater/local/lib/python3.10/dist-packages/diagnostic_updater-3.1.2-py3.10.egg-info/PKG-INFO
[10.587s] -- Installing: /home/cairlab/twist_mux/diagnostics/install/diagnostic_updater/local/lib/python3.10/dist-packages/diagnostic_updater-3.1.2-py3.10.egg-info/SOURCES.txt
[10.588s] -- Installing: /home/cairlab/twist_mux/diagnostics/install/diagnostic_updater/local/lib/python3.10/dist-packages/diagnostic_updater-3.1.2-py3.10.egg-info/top_level.txt
[10.588s] -- Up-to-date: /home/cairlab/twist_mux/diagnostics/install/diagnostic_updater/local/lib/python3.10/dist-packages/diagnostic_updater
[10.588s] -- Up-to-date: /home/cairlab/twist_mux/diagnostics/install/diagnostic_updater/local/lib/python3.10/dist-packages/diagnostic_updater/_diagnostic_updater.py
[10.588s] -- Up-to-date: /home/cairlab/twist_mux/diagnostics/install/diagnostic_updater/local/lib/python3.10/dist-packages/diagnostic_updater/example.py
[10.588s] -- Up-to-date: /home/cairlab/twist_mux/diagnostics/install/diagnostic_updater/local/lib/python3.10/dist-packages/diagnostic_updater/__init__.py
[10.588s] -- Up-to-date: /home/cairlab/twist_mux/diagnostics/install/diagnostic_updater/local/lib/python3.10/dist-packages/diagnostic_updater/_diagnostic_status_wrapper.py
[10.588s] -- Up-to-date: /home/cairlab/twist_mux/diagnostics/install/diagnostic_updater/local/lib/python3.10/dist-packages/diagnostic_updater/_publisher.py
[10.588s] -- Up-to-date: /home/cairlab/twist_mux/diagnostics/install/diagnostic_updater/local/lib/python3.10/dist-packages/diagnostic_updater/_update_functions.py
[10.614s] Listing '/home/cairlab/twist_mux/diagnostics/install/diagnostic_updater/local/lib/python3.10/dist-packages/diagnostic_updater'...
[10.618s] -- Up-to-date: /home/cairlab/twist_mux/diagnostics/install/diagnostic_updater/lib/diagnostic_updater/example.py
[10.618s] -- Installing: /home/cairlab/twist_mux/diagnostics/install/diagnostic_updater/lib/diagnostic_updater/example
[10.619s] -- Set runtime path of "/home/cairlab/twist_mux/diagnostics/install/diagnostic_updater/lib/diagnostic_updater/example" to ""
[10.619s] -- Up-to-date: /home/cairlab/twist_mux/diagnostics/install/diagnostic_updater/include
[10.620s] -- Up-to-date: /home/cairlab/twist_mux/diagnostics/install/diagnostic_updater/include/diagnostic_updater
[10.620s] -- Up-to-date: /home/cairlab/twist_mux/diagnostics/install/diagnostic_updater/include/diagnostic_updater/publisher.hpp
[10.620s] -- Up-to-date: /home/cairlab/twist_mux/diagnostics/install/diagnostic_updater/include/diagnostic_updater/diagnostic_status_wrapper.hpp
[10.620s] -- Up-to-date: /home/cairlab/twist_mux/diagnostics/install/diagnostic_updater/include/diagnostic_updater/diagnostic_updater.hpp
[10.620s] -- Up-to-date: /home/cairlab/twist_mux/diagnostics/install/diagnostic_updater/include/diagnostic_updater/update_functions.hpp
[10.620s] -- Up-to-date: /home/cairlab/twist_mux/diagnostics/install/diagnostic_updater/share/diagnostic_updater/environment/library_path.sh
[10.620s] -- Installing: /home/cairlab/twist_mux/diagnostics/install/diagnostic_updater/share/diagnostic_updater/environment/library_path.dsv
[10.620s] -- Installing: /home/cairlab/twist_mux/diagnostics/install/diagnostic_updater/share/ament_index/resource_index/package_run_dependencies/diagnostic_updater
[10.621s] -- Installing: /home/cairlab/twist_mux/diagnostics/install/diagnostic_updater/share/ament_index/resource_index/parent_prefix_path/diagnostic_updater
[10.621s] -- Up-to-date: /home/cairlab/twist_mux/diagnostics/install/diagnostic_updater/share/diagnostic_updater/environment/ament_prefix_path.sh
[10.621s] -- Installing: /home/cairlab/twist_mux/diagnostics/install/diagnostic_updater/share/diagnostic_updater/environment/ament_prefix_path.dsv
[10.621s] -- Up-to-date: /home/cairlab/twist_mux/diagnostics/install/diagnostic_updater/share/diagnostic_updater/environment/path.sh
[10.621s] -- Installing: /home/cairlab/twist_mux/diagnostics/install/diagnostic_updater/share/diagnostic_updater/environment/path.dsv
[10.621s] -- Installing: /home/cairlab/twist_mux/diagnostics/install/diagnostic_updater/share/diagnostic_updater/local_setup.bash
[10.621s] -- Installing: /home/cairlab/twist_mux/diagnostics/install/diagnostic_updater/share/diagnostic_updater/local_setup.sh
[10.621s] -- Installing: /home/cairlab/twist_mux/diagnostics/install/diagnostic_updater/share/diagnostic_updater/local_setup.zsh
[10.621s] -- Installing: /home/cairlab/twist_mux/diagnostics/install/diagnostic_updater/share/diagnostic_updater/local_setup.dsv
[10.622s] -- Installing: /home/cairlab/twist_mux/diagnostics/install/diagnostic_updater/share/diagnostic_updater/package.dsv
[10.622s] -- Installing: /home/cairlab/twist_mux/diagnostics/install/diagnostic_updater/share/ament_index/resource_index/packages/diagnostic_updater
[10.622s] -- Installing: /home/cairlab/twist_mux/diagnostics/install/diagnostic_updater/share/diagnostic_updater/cmake/diagnostic_updaterTargetsExport.cmake
[10.622s] -- Installing: /home/cairlab/twist_mux/diagnostics/install/diagnostic_updater/share/diagnostic_updater/cmake/ament_cmake_export_targets-extras.cmake
[10.622s] -- Installing: /home/cairlab/twist_mux/diagnostics/install/diagnostic_updater/share/diagnostic_updater/cmake/ament_cmake_export_include_directories-extras.cmake
[10.622s] -- Installing: /home/cairlab/twist_mux/diagnostics/install/diagnostic_updater/share/diagnostic_updater/cmake/ament_cmake_export_dependencies-extras.cmake
[10.622s] -- Installing: /home/cairlab/twist_mux/diagnostics/install/diagnostic_updater/share/diagnostic_updater/cmake/diagnostic_updaterConfig.cmake
[10.622s] -- Installing: /home/cairlab/twist_mux/diagnostics/install/diagnostic_updater/share/diagnostic_updater/cmake/diagnostic_updaterConfig-version.cmake
[10.622s] -- Up-to-date: /home/cairlab/twist_mux/diagnostics/install/diagnostic_updater/share/diagnostic_updater/package.xml
[10.624s] Invoked command in '/home/cairlab/twist_mux/diagnostics/build/diagnostic_updater' returned '0': CMAKE_PREFIX_PATH=/opt/ros/humble /usr/bin/cmake --install /home/cairlab/twist_mux/diagnostics/build/diagnostic_updater
