[0.242s] Invoking command in '/home/cairlab/Documents/GitHub/saga_repo/build/loki_description': CMAKE_PREFIX_PATH=/opt/ros/humble /usr/bin/cmake --build /home/cairlab/Documents/GitHub/saga_repo/build/loki_description -- -j12 -l12
[0.581s] Invoked command in '/home/cairlab/Documents/GitHub/saga_repo/build/loki_description' returned '0': CMAKE_PREFIX_PATH=/opt/ros/humble /usr/bin/cmake --build /home/cairlab/Documents/GitHub/saga_repo/build/loki_description -- -j12 -l12
[0.612s] Invoking command in '/home/cairlab/Documents/GitHub/saga_repo/build/loki_description': CMAKE_PREFIX_PATH=/opt/ros/humble /usr/bin/cmake --install /home/cairlab/Documents/GitHub/saga_repo/build/loki_description
[0.620s] -- Install configuration: ""
[0.620s] -- Up-to-date: /home/cairlab/Documents/GitHub/saga_repo/install/loki_description/share/loki_description/launch
[0.620s] -- Installing: /home/cairlab/Documents/GitHub/saga_repo/install/loki_description/share/loki_description/launch/model.launch
[0.621s] -- Up-to-date: /home/cairlab/Documents/GitHub/saga_repo/install/loki_description/share/loki_description/meshes
[0.621s] -- Up-to-date: /home/cairlab/Documents/GitHub/saga_repo/install/loki_description/share/loki_description/meshes/drive_modules
[0.622s] -- Up-to-date: /home/cairlab/Documents/GitHub/saga_repo/install/loki_description/share/loki_description/meshes/drive_modules/836745-5-DUMMY-RevA.stl
[0.622s] -- Up-to-date: /home/cairlab/Documents/GitHub/saga_repo/install/loki_description/share/loki_description/meshes/drive_modules/836745-5-DUMMY-MIRROR-RevA.stl
[0.623s] -- Up-to-date: /home/cairlab/Documents/GitHub/saga_repo/install/loki_description/share/loki_description/meshes/drive_modules/old
[0.623s] -- Up-to-date: /home/cairlab/Documents/GitHub/saga_repo/install/loki_description/share/loki_description/meshes/drive_modules/old/836745-5-DUMMY-RevA.stl
[0.623s] -- Up-to-date: /home/cairlab/Documents/GitHub/saga_repo/install/loki_description/share/loki_description/meshes/drive_modules/old/836745-5-DUMMY-MIRROR-RevA.stl
[0.624s] -- Up-to-date: /home/cairlab/Documents/GitHub/saga_repo/install/loki_description/share/loki_description/meshes/drive_modules/old/836586-1-DUMMY-RevA.stl
[0.625s] -- Up-to-date: /home/cairlab/Documents/GitHub/saga_repo/install/loki_description/share/loki_description/meshes/bat_enc_modules
[0.625s] -- Up-to-date: /home/cairlab/Documents/GitHub/saga_repo/install/loki_description/share/loki_description/meshes/bat_enc_modules/836586-1-DUMMY-RevA.stl
[0.625s] -- Up-to-date: /home/cairlab/Documents/GitHub/saga_repo/install/loki_description/share/loki_description/meshes/hokuyo
[0.625s] -- Up-to-date: /home/cairlab/Documents/GitHub/saga_repo/install/loki_description/share/loki_description/meshes/hokuyo/hokuyo.dae
[0.625s] -- Up-to-date: /home/cairlab/Documents/GitHub/saga_repo/install/loki_description/share/loki_description/meshes/clamps
[0.625s] -- Up-to-date: /home/cairlab/Documents/GitHub/saga_repo/install/loki_description/share/loki_description/meshes/clamps/DUMMY-SUSP.stl
[0.625s] -- Up-to-date: /home/cairlab/Documents/GitHub/saga_repo/install/loki_description/share/loki_description/meshes/clamps/DUMMY-T-BRACKET.stl
[0.625s] -- Up-to-date: /home/cairlab/Documents/GitHub/saga_repo/install/loki_description/share/loki_description/meshes/tower_modules
[0.625s] -- Up-to-date: /home/cairlab/Documents/GitHub/saga_repo/install/loki_description/share/loki_description/meshes/tower_modules/DUMMY-TOWER-MIRROR-M.stl
[0.625s] -- Up-to-date: /home/cairlab/Documents/GitHub/saga_repo/install/loki_description/share/loki_description/meshes/tower_modules/DUMMY-DRIVE-BRACKET.stl
[0.626s] -- Up-to-date: /home/cairlab/Documents/GitHub/saga_repo/install/loki_description/share/loki_description/meshes/tower_modules/DUMMY-TOWER-M.stl
[0.626s] -- Up-to-date: /home/cairlab/Documents/GitHub/saga_repo/install/loki_description/share/loki_description/meshes/uv_frame
[0.626s] -- Up-to-date: /home/cairlab/Documents/GitHub/saga_repo/install/loki_description/share/loki_description/meshes/uv_frame/uv_arc.STL
[0.626s] -- Up-to-date: /home/cairlab/Documents/GitHub/saga_repo/install/loki_description/share/loki_description/urdf
[0.626s] -- Up-to-date: /home/cairlab/Documents/GitHub/saga_repo/install/loki_description/share/loki_description/urdf/thorvald_model.xacro
[0.626s] -- Up-to-date: /home/cairlab/Documents/GitHub/saga_repo/install/loki_description/share/loki_description/urdf/sensor_modules
[0.626s] -- Up-to-date: /home/cairlab/Documents/GitHub/saga_repo/install/loki_description/share/loki_description/urdf/sensor_modules/sensor_frames_example.xacro
[0.626s] -- Up-to-date: /home/cairlab/Documents/GitHub/saga_repo/install/loki_description/share/ament_index/resource_index/package_run_dependencies/loki_description
[0.626s] -- Up-to-date: /home/cairlab/Documents/GitHub/saga_repo/install/loki_description/share/ament_index/resource_index/parent_prefix_path/loki_description
[0.627s] -- Up-to-date: /home/cairlab/Documents/GitHub/saga_repo/install/loki_description/share/loki_description/environment/ament_prefix_path.sh
[0.627s] -- Up-to-date: /home/cairlab/Documents/GitHub/saga_repo/install/loki_description/share/loki_description/environment/ament_prefix_path.dsv
[0.627s] -- Up-to-date: /home/cairlab/Documents/GitHub/saga_repo/install/loki_description/share/loki_description/environment/path.sh
[0.629s] -- Up-to-date: /home/cairlab/Documents/GitHub/saga_repo/install/loki_description/share/loki_description/environment/path.dsv
[0.629s] -- Up-to-date: /home/cairlab/Documents/GitHub/saga_repo/install/loki_description/share/loki_description/local_setup.bash
[0.630s] -- Up-to-date: /home/cairlab/Documents/GitHub/saga_repo/install/loki_description/share/loki_description/local_setup.sh
[0.630s] -- Up-to-date: /home/cairlab/Documents/GitHub/saga_repo/install/loki_description/share/loki_description/local_setup.zsh
[0.630s] -- Up-to-date: /home/cairlab/Documents/GitHub/saga_repo/install/loki_description/share/loki_description/local_setup.dsv
[0.630s] -- Installing: /home/cairlab/Documents/GitHub/saga_repo/install/loki_description/share/loki_description/package.dsv
[0.631s] -- Up-to-date: /home/cairlab/Documents/GitHub/saga_repo/install/loki_description/share/ament_index/resource_index/packages/loki_description
[0.631s] -- Up-to-date: /home/cairlab/Documents/GitHub/saga_repo/install/loki_description/share/loki_description/cmake/loki_descriptionConfig.cmake
[0.631s] -- Up-to-date: /home/cairlab/Documents/GitHub/saga_repo/install/loki_description/share/loki_description/cmake/loki_descriptionConfig-version.cmake
[0.631s] -- Up-to-date: /home/cairlab/Documents/GitHub/saga_repo/install/loki_description/share/loki_description/package.xml
[0.632s] Invoked command in '/home/cairlab/Documents/GitHub/saga_repo/build/loki_description' returned '0': CMAKE_PREFIX_PATH=/opt/ros/humble /usr/bin/cmake --install /home/cairlab/Documents/GitHub/saga_repo/build/loki_description
