[0.819s] Invoking command in '/home/loki/Documents/GitHub/saga_repo/build/loki_twist_mux': CMAKE_PREFIX_PATH=${CMAKE_PREFIX_PATH}:/home/loki/Documents/GitHub/saga_repo/install/loki_nav:/home/loki/Documents/GitHub/saga_repo/install/loki_teleop:/home/loki/Documents/GitHub/saga_repo/install/loki_base:/opt/ros/humble /usr/bin/cmake --build /home/loki/Documents/GitHub/saga_repo/build/loki_twist_mux -- -j4 -l4
[0.897s] Invoked command in '/home/loki/Documents/GitHub/saga_repo/build/loki_twist_mux' returned '0': CMAKE_PREFIX_PATH=${CMAKE_PREFIX_PATH}:/home/loki/Documents/GitHub/saga_repo/install/loki_nav:/home/loki/Documents/GitHub/saga_repo/install/loki_teleop:/home/loki/Documents/GitHub/saga_repo/install/loki_base:/opt/ros/humble /usr/bin/cmake --build /home/loki/Documents/GitHub/saga_repo/build/loki_twist_mux -- -j4 -l4
[1.088s] Invoking command in '/home/loki/Documents/GitHub/saga_repo/build/loki_twist_mux': CMAKE_PREFIX_PATH=${CMAKE_PREFIX_PATH}:/home/loki/Documents/GitHub/saga_repo/install/loki_nav:/home/loki/Documents/GitHub/saga_repo/install/loki_teleop:/home/loki/Documents/GitHub/saga_repo/install/loki_base:/opt/ros/humble /usr/bin/cmake --install /home/loki/Documents/GitHub/saga_repo/build/loki_twist_mux
[1.111s] -- Install configuration: ""
[1.111s] -- Up-to-date: /home/loki/Documents/GitHub/saga_repo/install/loki_twist_mux/share/loki_twist_mux/launch
[1.111s] -- Up-to-date: /home/loki/Documents/GitHub/saga_repo/install/loki_twist_mux/share/loki_twist_mux/launch/twist_mux.launch
[1.112s] -- Up-to-date: /home/loki/Documents/GitHub/saga_repo/install/loki_twist_mux/share/loki_twist_mux/config
[1.112s] -- Up-to-date: /home/loki/Documents/GitHub/saga_repo/install/loki_twist_mux/share/loki_twist_mux/config/twist_mux_topics.yaml
[1.112s] -- Up-to-date: /home/loki/Documents/GitHub/saga_repo/install/loki_twist_mux/share/loki_twist_mux/config/twist_mux_locks.yaml
[1.112s] -- Up-to-date: /home/loki/Documents/GitHub/saga_repo/install/loki_twist_mux/share/ament_index/resource_index/package_run_dependencies/loki_twist_mux
[1.113s] -- Up-to-date: /home/loki/Documents/GitHub/saga_repo/install/loki_twist_mux/share/ament_index/resource_index/parent_prefix_path/loki_twist_mux
[1.113s] -- Up-to-date: /home/loki/Documents/GitHub/saga_repo/install/loki_twist_mux/share/loki_twist_mux/environment/ament_prefix_path.sh
[1.113s] -- Up-to-date: /home/loki/Documents/GitHub/saga_repo/install/loki_twist_mux/share/loki_twist_mux/environment/ament_prefix_path.dsv
[1.114s] -- Up-to-date: /home/loki/Documents/GitHub/saga_repo/install/loki_twist_mux/share/loki_twist_mux/environment/path.sh
[1.114s] -- Up-to-date: /home/loki/Documents/GitHub/saga_repo/install/loki_twist_mux/share/loki_twist_mux/environment/path.dsv
[1.114s] -- Up-to-date: /home/loki/Documents/GitHub/saga_repo/install/loki_twist_mux/share/loki_twist_mux/local_setup.bash
[1.114s] -- Up-to-date: /home/loki/Documents/GitHub/saga_repo/install/loki_twist_mux/share/loki_twist_mux/local_setup.sh
[1.115s] -- Up-to-date: /home/loki/Documents/GitHub/saga_repo/install/loki_twist_mux/share/loki_twist_mux/local_setup.zsh
[1.115s] -- Up-to-date: /home/loki/Documents/GitHub/saga_repo/install/loki_twist_mux/share/loki_twist_mux/local_setup.dsv
[1.115s] -- Installing: /home/loki/Documents/GitHub/saga_repo/install/loki_twist_mux/share/loki_twist_mux/package.dsv
[1.116s] -- Up-to-date: /home/loki/Documents/GitHub/saga_repo/install/loki_twist_mux/share/ament_index/resource_index/packages/loki_twist_mux
[1.116s] -- Up-to-date: /home/loki/Documents/GitHub/saga_repo/install/loki_twist_mux/share/loki_twist_mux/cmake/loki_twist_muxConfig.cmake
[1.117s] -- Up-to-date: /home/loki/Documents/GitHub/saga_repo/install/loki_twist_mux/share/loki_twist_mux/cmake/loki_twist_muxConfig-version.cmake
[1.117s] -- Up-to-date: /home/loki/Documents/GitHub/saga_repo/install/loki_twist_mux/share/loki_twist_mux/package.xml
[1.125s] Invoked command in '/home/loki/Documents/GitHub/saga_repo/build/loki_twist_mux' returned '0': CMAKE_PREFIX_PATH=${CMAKE_PREFIX_PATH}:/home/loki/Documents/GitHub/saga_repo/install/loki_nav:/home/loki/Documents/GitHub/saga_repo/install/loki_teleop:/home/loki/Documents/GitHub/saga_repo/install/loki_base:/opt/ros/humble /usr/bin/cmake --install /home/loki/Documents/GitHub/saga_repo/build/loki_twist_mux
