[0.120s] Invoking command in '/home/odin/Documents/GitHub/saga_repo/build/loki_description': CMAKE_PREFIX_PATH=/opt/ros/humble /usr/bin/cmake /home/odin/Documents/GitHub/saga_repo/ros2_thor/src/loki/loki_description -DCMAKE_INSTALL_PREFIX=/home/odin/Documents/GitHub/saga_repo/install/loki_description
[0.331s] -- Found ament_cmake: 1.3.5 (/opt/ros/humble/share/ament_cmake/cmake)
[0.331s] -- Found controller_manager: 2.32.0 (/opt/ros/humble/share/controller_manager/cmake)
[0.331s] -- Found rosidl_generator_c: 3.1.5 (/opt/ros/humble/share/rosidl_generator_c/cmake)
[0.331s] -- Found rosidl_adapter: 3.1.5 (/opt/ros/humble/share/rosidl_adapter/cmake)
[0.332s] -- Found rosidl_generator_cpp: 3.1.5 (/opt/ros/humble/share/rosidl_generator_cpp/cmake)
[0.332s] -- Using all available rosidl_typesupport_c: rosidl_typesupport_fastrtps_c;rosidl_typesupport_introspection_c
[0.332s] -- Using all available rosidl_typesupport_cpp: rosidl_typesupport_fastrtps_cpp;rosidl_typesupport_introspection_cpp
[0.738s] -- Found rmw_implementation_cmake: 6.1.1 (/opt/ros/humble/share/rmw_implementation_cmake/cmake)
[0.739s] -- Found rmw_fastrtps_cpp: 6.2.4 (/opt/ros/humble/share/rmw_fastrtps_cpp/cmake)
[0.853s] -- Using RMW implementation 'rmw_fastrtps_cpp' as default
[1.289s] -- Found robot_state_publisher: 3.0.2 (/opt/ros/humble/share/robot_state_publisher/cmake)
[1.294s] -- Found eigen3_cmake_module: 0.1.1 (/opt/ros/humble/share/eigen3_cmake_module/cmake)
[1.295s] -- Ensuring Eigen3 include directory is part of orocos-kdl CMake target
[1.492s] -- Found rclpy: 3.3.10 (/opt/ros/humble/share/rclpy/cmake)
[1.493s] -- Found xacro: 2.0.8 (/opt/ros/humble/share/xacro/cmake)
[1.539s] -- Configuring done
[1.542s] -- Generating done
[1.543s] -- Build files have been written to: /home/odin/Documents/GitHub/saga_repo/build/loki_description
[1.550s] Invoked command in '/home/odin/Documents/GitHub/saga_repo/build/loki_description' returned '0': CMAKE_PREFIX_PATH=/opt/ros/humble /usr/bin/cmake /home/odin/Documents/GitHub/saga_repo/ros2_thor/src/loki/loki_description -DCMAKE_INSTALL_PREFIX=/home/odin/Documents/GitHub/saga_repo/install/loki_description
[1.551s] Invoking command in '/home/odin/Documents/GitHub/saga_repo/build/loki_description': CMAKE_PREFIX_PATH=/opt/ros/humble /usr/bin/cmake --build /home/odin/Documents/GitHub/saga_repo/build/loki_description -- -j8 -l8
[1.579s] Invoked command in '/home/odin/Documents/GitHub/saga_repo/build/loki_description' returned '0': CMAKE_PREFIX_PATH=/opt/ros/humble /usr/bin/cmake --build /home/odin/Documents/GitHub/saga_repo/build/loki_description -- -j8 -l8
[1.594s] Invoking command in '/home/odin/Documents/GitHub/saga_repo/build/loki_description': CMAKE_PREFIX_PATH=/opt/ros/humble /usr/bin/cmake --install /home/odin/Documents/GitHub/saga_repo/build/loki_description
[1.599s] -- Install configuration: ""
[1.599s] -- Installing: /home/odin/Documents/GitHub/saga_repo/install/loki_description/share/loki_description/launch
[1.599s] -- Installing: /home/odin/Documents/GitHub/saga_repo/install/loki_description/share/loki_description/launch/model.launch
[1.599s] -- Installing: /home/odin/Documents/GitHub/saga_repo/install/loki_description/share/loki_description/launch/model.launch.py
[1.599s] -- Installing: /home/odin/Documents/GitHub/saga_repo/install/loki_description/share/loki_description/meshes
[1.599s] -- Installing: /home/odin/Documents/GitHub/saga_repo/install/loki_description/share/loki_description/meshes/tower_modules
[1.599s] -- Installing: /home/odin/Documents/GitHub/saga_repo/install/loki_description/share/loki_description/meshes/tower_modules/DUMMY-TOWER-MIRROR-M.stl
[1.599s] -- Installing: /home/odin/Documents/GitHub/saga_repo/install/loki_description/share/loki_description/meshes/tower_modules/DUMMY-TOWER-M.stl
[1.599s] -- Installing: /home/odin/Documents/GitHub/saga_repo/install/loki_description/share/loki_description/meshes/tower_modules/DUMMY-DRIVE-BRACKET.stl
[1.599s] -- Installing: /home/odin/Documents/GitHub/saga_repo/install/loki_description/share/loki_description/meshes/clamps
[1.600s] -- Installing: /home/odin/Documents/GitHub/saga_repo/install/loki_description/share/loki_description/meshes/clamps/DUMMY-T-BRACKET.stl
[1.600s] -- Installing: /home/odin/Documents/GitHub/saga_repo/install/loki_description/share/loki_description/meshes/clamps/DUMMY-SUSP.stl
[1.600s] -- Installing: /home/odin/Documents/GitHub/saga_repo/install/loki_description/share/loki_description/meshes/drive_modules
[1.600s] -- Installing: /home/odin/Documents/GitHub/saga_repo/install/loki_description/share/loki_description/meshes/drive_modules/836745-5-DUMMY-RevA.stl
[1.600s] -- Installing: /home/odin/Documents/GitHub/saga_repo/install/loki_description/share/loki_description/meshes/drive_modules/836745-5-DUMMY-MIRROR-RevA.stl
[1.600s] -- Installing: /home/odin/Documents/GitHub/saga_repo/install/loki_description/share/loki_description/meshes/drive_modules/old
[1.600s] -- Installing: /home/odin/Documents/GitHub/saga_repo/install/loki_description/share/loki_description/meshes/drive_modules/old/836586-1-DUMMY-RevA.stl
[1.600s] -- Installing: /home/odin/Documents/GitHub/saga_repo/install/loki_description/share/loki_description/meshes/drive_modules/old/836745-5-DUMMY-RevA.stl
[1.600s] -- Installing: /home/odin/Documents/GitHub/saga_repo/install/loki_description/share/loki_description/meshes/drive_modules/old/836745-5-DUMMY-MIRROR-RevA.stl
[1.600s] -- Installing: /home/odin/Documents/GitHub/saga_repo/install/loki_description/share/loki_description/meshes/uv_frame
[1.600s] -- Installing: /home/odin/Documents/GitHub/saga_repo/install/loki_description/share/loki_description/meshes/uv_frame/uv_arc.STL
[1.608s] -- Installing: /home/odin/Documents/GitHub/saga_repo/install/loki_description/share/loki_description/meshes/bat_enc_modules
[1.608s] -- Installing: /home/odin/Documents/GitHub/saga_repo/install/loki_description/share/loki_description/meshes/bat_enc_modules/836586-1-DUMMY-RevA.stl
[1.608s] -- Installing: /home/odin/Documents/GitHub/saga_repo/install/loki_description/share/loki_description/meshes/hokuyo
[1.608s] -- Installing: /home/odin/Documents/GitHub/saga_repo/install/loki_description/share/loki_description/meshes/hokuyo/hokuyo.dae
[1.608s] -- Installing: /home/odin/Documents/GitHub/saga_repo/install/loki_description/share/loki_description/urdf
[1.608s] -- Installing: /home/odin/Documents/GitHub/saga_repo/install/loki_description/share/loki_description/urdf/thorvald_model.xacro
[1.608s] -- Installing: /home/odin/Documents/GitHub/saga_repo/install/loki_description/share/loki_description/urdf/sensor_modules
[1.608s] -- Installing: /home/odin/Documents/GitHub/saga_repo/install/loki_description/share/loki_description/urdf/sensor_modules/sensor_frames_example.xacro
[1.608s] -- Installing: /home/odin/Documents/GitHub/saga_repo/install/loki_description/share/ament_index/resource_index/package_run_dependencies/loki_description
[1.608s] -- Installing: /home/odin/Documents/GitHub/saga_repo/install/loki_description/share/ament_index/resource_index/parent_prefix_path/loki_description
[1.608s] -- Installing: /home/odin/Documents/GitHub/saga_repo/install/loki_description/share/loki_description/environment/ament_prefix_path.sh
[1.609s] -- Installing: /home/odin/Documents/GitHub/saga_repo/install/loki_description/share/loki_description/environment/ament_prefix_path.dsv
[1.609s] -- Installing: /home/odin/Documents/GitHub/saga_repo/install/loki_description/share/loki_description/environment/path.sh
[1.609s] -- Installing: /home/odin/Documents/GitHub/saga_repo/install/loki_description/share/loki_description/environment/path.dsv
[1.609s] -- Installing: /home/odin/Documents/GitHub/saga_repo/install/loki_description/share/loki_description/local_setup.bash
[1.609s] -- Installing: /home/odin/Documents/GitHub/saga_repo/install/loki_description/share/loki_description/local_setup.sh
[1.609s] -- Installing: /home/odin/Documents/GitHub/saga_repo/install/loki_description/share/loki_description/local_setup.zsh
[1.609s] -- Installing: /home/odin/Documents/GitHub/saga_repo/install/loki_description/share/loki_description/local_setup.dsv
[1.609s] -- Installing: /home/odin/Documents/GitHub/saga_repo/install/loki_description/share/loki_description/package.dsv
[1.609s] -- Installing: /home/odin/Documents/GitHub/saga_repo/install/loki_description/share/ament_index/resource_index/packages/loki_description
[1.610s] -- Installing: /home/odin/Documents/GitHub/saga_repo/install/loki_description/share/loki_description/cmake/loki_descriptionConfig.cmake
[1.610s] -- Installing: /home/odin/Documents/GitHub/saga_repo/install/loki_description/share/loki_description/cmake/loki_descriptionConfig-version.cmake
[1.610s] -- Installing: /home/odin/Documents/GitHub/saga_repo/install/loki_description/share/loki_description/package.xml
[1.611s] Invoked command in '/home/odin/Documents/GitHub/saga_repo/build/loki_description' returned '0': CMAKE_PREFIX_PATH=/opt/ros/humble /usr/bin/cmake --install /home/odin/Documents/GitHub/saga_repo/build/loki_description
