[0.119s] Invoking command in '/home/odin/Documents/GitHub/saga_repo/build/loki_description': CMAKE_PREFIX_PATH=/opt/ros/humble /usr/bin/cmake /home/odin/Documents/GitHub/saga_repo/ros2_thor/src/loki/loki_description -DCMAKE_INSTALL_PREFIX=/home/odin/Documents/GitHub/saga_repo/install/loki_description
[0.375s] -- Found ament_cmake: 1.3.5 (/opt/ros/humble/share/ament_cmake/cmake)
[0.375s] -- Found controller_manager: 2.32.0 (/opt/ros/humble/share/controller_manager/cmake)
[0.375s] -- Found rosidl_generator_c: 3.1.5 (/opt/ros/humble/share/rosidl_generator_c/cmake)
[0.375s] -- Found rosidl_adapter: 3.1.5 (/opt/ros/humble/share/rosidl_adapter/cmake)
[0.375s] -- Found rosidl_generator_cpp: 3.1.5 (/opt/ros/humble/share/rosidl_generator_cpp/cmake)
[0.375s] -- Using all available rosidl_typesupport_c: rosidl_typesupport_fastrtps_c;rosidl_typesupport_introspection_c
[0.375s] -- Using all available rosidl_typesupport_cpp: rosidl_typesupport_fastrtps_cpp;rosidl_typesupport_introspection_cpp
[0.767s] -- Found rmw_implementation_cmake: 6.1.1 (/opt/ros/humble/share/rmw_implementation_cmake/cmake)
[0.768s] -- Found rmw_fastrtps_cpp: 6.2.4 (/opt/ros/humble/share/rmw_fastrtps_cpp/cmake)
[0.853s] -- Using RMW implementation 'rmw_fastrtps_cpp' as default
[1.279s] -- Found robot_state_publisher: 3.0.2 (/opt/ros/humble/share/robot_state_publisher/cmake)
[1.284s] -- Found eigen3_cmake_module: 0.1.1 (/opt/ros/humble/share/eigen3_cmake_module/cmake)
[1.285s] -- Ensuring Eigen3 include directory is part of orocos-kdl CMake target
[1.481s] -- Found rclpy: 3.3.10 (/opt/ros/humble/share/rclpy/cmake)
[1.491s] [31mCMake Error at CMakeLists.txt:10 (find_package):
[1.491s]   By not providing "Findxacro.cmake" in CMAKE_MODULE_PATH this project has
[1.491s]   asked CMake to find a package configuration file provided by "xacro", but
[1.491s]   CMake did not find one.
[1.491s] 
[1.491s]   Could not find a package configuration file provided by "xacro" with any of
[1.491s]   the following names:
[1.491s] 
[1.491s]     xacroConfig.cmake
[1.491s]     xacro-config.cmake
[1.491s] 
[1.491s]   Add the installation prefix of "xacro" to CMAKE_PREFIX_PATH or set
[1.491s]   "xacro_DIR" to a directory containing one of the above files.  If "xacro"
[1.491s]   provides a separate development package or SDK, be sure it has been
[1.492s]   installed.
[1.492s] 
[1.492s] [0m
[1.492s] -- Configuring incomplete, errors occurred!
[1.492s] See also "/home/odin/Documents/GitHub/saga_repo/build/loki_description/CMakeFiles/CMakeOutput.log".
[1.499s] Invoked command in '/home/odin/Documents/GitHub/saga_repo/build/loki_description' returned '1': CMAKE_PREFIX_PATH=/opt/ros/humble /usr/bin/cmake /home/odin/Documents/GitHub/saga_repo/ros2_thor/src/loki/loki_description -DCMAKE_INSTALL_PREFIX=/home/odin/Documents/GitHub/saga_repo/install/loki_description
