[1.911s] Invoking command in '/home/loki/Documents/GitHub/saga_repo/ros2_thor/src/loki/loki_teleop': PYTHONPATH=/home/loki/Documents/GitHub/saga_repo/build/loki_teleop/prefix_override:/home/loki/Documents/GitHub/saga_repo/install/loki_teleop/lib/python3.10/site-packages:${PYTHONPATH} /usr/bin/python3 setup.py egg_info --egg-base ../../../../build/loki_teleop build --build-base /home/loki/Documents/GitHub/saga_repo/build/loki_teleop/build install --record /home/loki/Documents/GitHub/saga_repo/build/loki_teleop/install.log --single-version-externally-managed
[2.492s] running egg_info
[2.494s] writing ../../../../build/loki_teleop/loki_teleop.egg-info/PKG-INFO
[2.495s] writing dependency_links to ../../../../build/loki_teleop/loki_teleop.egg-info/dependency_links.txt
[2.497s] writing entry points to ../../../../build/loki_teleop/loki_teleop.egg-info/entry_points.txt
[2.498s] writing requirements to ../../../../build/loki_teleop/loki_teleop.egg-info/requires.txt
[2.499s] writing top-level names to ../../../../build/loki_teleop/loki_teleop.egg-info/top_level.txt
[2.503s] reading manifest file '../../../../build/loki_teleop/loki_teleop.egg-info/SOURCES.txt'
[2.505s] writing manifest file '../../../../build/loki_teleop/loki_teleop.egg-info/SOURCES.txt'
[2.506s] running build
[2.507s] running build_py
[2.508s] running install
[2.509s] /usr/lib/python3/dist-packages/setuptools/command/install.py:34: SetuptoolsDeprecationWarning: setup.py install is deprecated. Use build and pip and other standards-based tools.
[2.510s]   warnings.warn(
[2.511s] running install_lib
[2.512s] running install_data
[2.512s] running install_egg_info
[2.525s] removing '/home/loki/Documents/GitHub/saga_repo/install/loki_teleop/lib/python3.10/site-packages/loki_teleop-2.0.0-py3.10.egg-info' (and everything under it)
[2.534s] Copying ../../../../build/loki_teleop/loki_teleop.egg-info to /home/loki/Documents/GitHub/saga_repo/install/loki_teleop/lib/python3.10/site-packages/loki_teleop-2.0.0-py3.10.egg-info
[2.534s] running install_scripts
[2.584s] Installing teleop_node script to /home/loki/Documents/GitHub/saga_repo/install/loki_teleop/lib/loki_teleop
[2.585s] writing list of installed files to '/home/loki/Documents/GitHub/saga_repo/build/loki_teleop/install.log'
[2.632s] Invoked command in '/home/loki/Documents/GitHub/saga_repo/ros2_thor/src/loki/loki_teleop' returned '0': PYTHONPATH=/home/loki/Documents/GitHub/saga_repo/build/loki_teleop/prefix_override:/home/loki/Documents/GitHub/saga_repo/install/loki_teleop/lib/python3.10/site-packages:${PYTHONPATH} /usr/bin/python3 setup.py egg_info --egg-base ../../../../build/loki_teleop build --build-base /home/loki/Documents/GitHub/saga_repo/build/loki_teleop/build install --record /home/loki/Documents/GitHub/saga_repo/build/loki_teleop/install.log --single-version-externally-managed
