[0.024s] Invoking command in '/home/cairlab/Documents/GitHub/saga_repo/build/nav_msgs': AMENT_PREFIX_PATH=/home/cairlab/Documents/GitHub/saga_repo/install/geometry_msgs:/home/cairlab/Documents/GitHub/saga_repo/install/std_msgs:${AMENT_PREFIX_PATH} CMAKE_PREFIX_PATH=/home/cairlab/Documents/GitHub/saga_repo/install/geometry_msgs:/home/cairlab/Documents/GitHub/saga_repo/install/std_msgs:/opt/ros/humble LD_LIBRARY_PATH=/home/cairlab/Documents/GitHub/saga_repo/install/geometry_msgs/lib:/home/cairlab/Documents/GitHub/saga_repo/install/std_msgs/lib:${LD_LIBRARY_PATH} PYTHONPATH=/home/cairlab/Documents/GitHub/saga_repo/install/geometry_msgs/local/lib/python3.10/dist-packages:/home/cairlab/Documents/GitHub/saga_repo/install/std_msgs/local/lib/python3.10/dist-packages:${PYTHONPATH} /usr/bin/cmake /home/cairlab/Documents/GitHub/saga_repo/ros2_thor/src/common_interfaces/nav_msgs -DCMAKE_INSTALL_PREFIX=/home/cairlab/Documents/GitHub/saga_repo/install/nav_msgs
[0.072s] -- The C compiler identification is GNU 11.4.0
[0.135s] -- The CXX compiler identification is GNU 11.4.0
[0.144s] -- Detecting C compiler ABI info
[0.207s] -- Detecting C compiler ABI info - done
[0.215s] -- Check for working C compiler: /usr/bin/cc - skipped
[0.215s] -- Detecting C compile features
[0.216s] -- Detecting C compile features - done
[0.219s] -- Detecting CXX compiler ABI info
[0.303s] -- Detecting CXX compiler ABI info - done
[0.317s] -- Check for working CXX compiler: /usr/bin/c++ - skipped
[0.317s] -- Detecting CXX compile features
[0.318s] -- Detecting CXX compile features - done
[0.321s] -- Found ament_cmake: 1.3.5 (/opt/ros/humble/share/ament_cmake/cmake)
[0.740s] -- Found Python3: /usr/bin/python3.10 (found version "3.10.12") found components: Interpreter 
[0.841s] -- Found builtin_interfaces: 1.2.1 (/opt/ros/humble/share/builtin_interfaces/cmake)
[0.895s] -- Found rosidl_generator_c: 3.1.5 (/opt/ros/humble/share/rosidl_generator_c/cmake)
[0.904s] -- Found rosidl_adapter: 3.1.5 (/opt/ros/humble/share/rosidl_adapter/cmake)
[0.917s] -- Found rosidl_generator_cpp: 3.1.5 (/opt/ros/humble/share/rosidl_generator_cpp/cmake)
[0.931s] -- Using all available rosidl_typesupport_c: rosidl_typesupport_fastrtps_c;rosidl_typesupport_introspection_c
[0.949s] -- Using all available rosidl_typesupport_cpp: rosidl_typesupport_fastrtps_cpp;rosidl_typesupport_introspection_cpp
[0.964s] -- Found geometry_msgs: 5.2.0 (/home/cairlab/Documents/GitHub/saga_repo/install/geometry_msgs/share/geometry_msgs/cmake)
[1.064s] -- Found rosidl_default_generators: 1.2.0 (/opt/ros/humble/share/rosidl_default_generators/cmake)
[1.417s] -- Found ament_cmake_cppcheck: 0.12.7 (/opt/ros/humble/share/ament_cmake_cppcheck/cmake)
[1.420s] -- Found ament_cmake_cpplint: 0.12.7 (/opt/ros/humble/share/ament_cmake_cpplint/cmake)
[1.424s] -- Found ament_cmake_uncrustify: 0.12.7 (/opt/ros/humble/share/ament_cmake_uncrustify/cmake)
[1.427s] -- Found ament_cmake_ros: 0.10.0 (/opt/ros/humble/share/ament_cmake_ros/cmake)
[1.926s] -- Using all available rosidl_typesupport_c: rosidl_typesupport_fastrtps_c;rosidl_typesupport_introspection_c
[2.131s] -- Using all available rosidl_typesupport_cpp: rosidl_typesupport_fastrtps_cpp;rosidl_typesupport_introspection_cpp
[2.159s] -- Found PythonInterp: /usr/bin/python3 (found suitable version "3.10.12", minimum required is "3.6") 
[2.162s] -- Found python_cmake_module: 0.10.0 (/opt/ros/humble/share/python_cmake_module/cmake)
[2.193s] -- Found PythonLibs: /usr/lib/x86_64-linux-gnu/libpython3.10.so (found suitable version "3.10.12", minimum required is "3.5") 
[2.194s] -- Using PYTHON_EXECUTABLE: /usr/bin/python3
[2.194s] -- Using PYTHON_INCLUDE_DIRS: /usr/include/python3.10
[2.194s] -- Using PYTHON_LIBRARIES: /usr/lib/x86_64-linux-gnu/libpython3.10.so
[2.225s] -- Found PythonExtra: .so  
[2.315s] -- Found ament_cmake_flake8: 0.12.7 (/opt/ros/humble/share/ament_cmake_flake8/cmake)
[2.318s] -- Found ament_cmake_pep257: 0.12.7 (/opt/ros/humble/share/ament_cmake_pep257/cmake)
[2.325s] -- Configuring done
[2.391s] -- Generating done
[2.393s] -- Build files have been written to: /home/cairlab/Documents/GitHub/saga_repo/build/nav_msgs
[2.402s] Invoked command in '/home/cairlab/Documents/GitHub/saga_repo/build/nav_msgs' returned '0': AMENT_PREFIX_PATH=/home/cairlab/Documents/GitHub/saga_repo/install/geometry_msgs:/home/cairlab/Documents/GitHub/saga_repo/install/std_msgs:${AMENT_PREFIX_PATH} CMAKE_PREFIX_PATH=/home/cairlab/Documents/GitHub/saga_repo/install/geometry_msgs:/home/cairlab/Documents/GitHub/saga_repo/install/std_msgs:/opt/ros/humble LD_LIBRARY_PATH=/home/cairlab/Documents/GitHub/saga_repo/install/geometry_msgs/lib:/home/cairlab/Documents/GitHub/saga_repo/install/std_msgs/lib:${LD_LIBRARY_PATH} PYTHONPATH=/home/cairlab/Documents/GitHub/saga_repo/install/geometry_msgs/local/lib/python3.10/dist-packages:/home/cairlab/Documents/GitHub/saga_repo/install/std_msgs/local/lib/python3.10/dist-packages:${PYTHONPATH} /usr/bin/cmake /home/cairlab/Documents/GitHub/saga_repo/ros2_thor/src/common_interfaces/nav_msgs -DCMAKE_INSTALL_PREFIX=/home/cairlab/Documents/GitHub/saga_repo/install/nav_msgs
[2.404s] Invoking command in '/home/cairlab/Documents/GitHub/saga_repo/build/nav_msgs': AMENT_PREFIX_PATH=/home/cairlab/Documents/GitHub/saga_repo/install/geometry_msgs:/home/cairlab/Documents/GitHub/saga_repo/install/std_msgs:${AMENT_PREFIX_PATH} CMAKE_PREFIX_PATH=/home/cairlab/Documents/GitHub/saga_repo/install/geometry_msgs:/home/cairlab/Documents/GitHub/saga_repo/install/std_msgs:/opt/ros/humble LD_LIBRARY_PATH=/home/cairlab/Documents/GitHub/saga_repo/install/geometry_msgs/lib:/home/cairlab/Documents/GitHub/saga_repo/install/std_msgs/lib:${LD_LIBRARY_PATH} PYTHONPATH=/home/cairlab/Documents/GitHub/saga_repo/install/geometry_msgs/local/lib/python3.10/dist-packages:/home/cairlab/Documents/GitHub/saga_repo/install/std_msgs/local/lib/python3.10/dist-packages:${PYTHONPATH} /usr/bin/cmake --build /home/cairlab/Documents/GitHub/saga_repo/build/nav_msgs -- -j12 -l12
[2.449s] [  1%] [34m[1mGenerating C code for ROS interfaces[0m
[2.461s] [  2%] [34m[1mGenerating C++ code for ROS interfaces[0m
[2.472s] [  2%] Built target ament_cmake_python_copy_nav_msgs
[2.860s] running egg_info
[2.862s] creating nav_msgs.egg-info
[2.888s] writing nav_msgs.egg-info/PKG-INFO
[2.889s] writing dependency_links to nav_msgs.egg-info/dependency_links.txt
[2.889s] writing top-level names to nav_msgs.egg-info/top_level.txt
[2.889s] writing manifest file 'nav_msgs.egg-info/SOURCES.txt'
[2.970s] reading manifest file 'nav_msgs.egg-info/SOURCES.txt'
[2.971s] writing manifest file 'nav_msgs.egg-info/SOURCES.txt'
[3.041s] [  2%] Built target ament_cmake_python_build_nav_msgs_egg
[5.874s] [  2%] Built target nav_msgs__cpp
[5.990s] [  3%] [34m[1mGenerating C++ type support for eProsima Fast-RTPS[0m
[6.032s] [  4%] [34m[1mGenerating C++ type support dispatch for ROS interfaces[0m
[6.054s] [  5%] [34m[1mGenerating C++ introspection for ROS interfaces[0m
[6.500s] [  7%] [32mBuilding C object CMakeFiles/nav_msgs__rosidl_generator_c.dir/rosidl_generator_c/nav_msgs/msg/detail/grid_cells__functions.c.o[0m
[6.502s] [  7%] [32mBuilding C object CMakeFiles/nav_msgs__rosidl_generator_c.dir/rosidl_generator_c/nav_msgs/msg/detail/map_meta_data__functions.c.o[0m
[6.542s] [  8%] [32mBuilding C object CMakeFiles/nav_msgs__rosidl_generator_c.dir/rosidl_generator_c/nav_msgs/msg/detail/occupancy_grid__functions.c.o[0m
[6.558s] [  9%] [32mBuilding C object CMakeFiles/nav_msgs__rosidl_generator_c.dir/rosidl_generator_c/nav_msgs/msg/detail/odometry__functions.c.o[0m
[6.562s] [ 10%] [32mBuilding C object CMakeFiles/nav_msgs__rosidl_generator_c.dir/rosidl_generator_c/nav_msgs/msg/detail/path__functions.c.o[0m
[6.740s] [ 11%] [32mBuilding C object CMakeFiles/nav_msgs__rosidl_generator_c.dir/rosidl_generator_c/nav_msgs/srv/detail/get_map__functions.c.o[0m
[6.775s] [ 12%] [32mBuilding C object CMakeFiles/nav_msgs__rosidl_generator_c.dir/rosidl_generator_c/nav_msgs/srv/detail/get_plan__functions.c.o[0m
[6.815s] [ 14%] [32mBuilding C object CMakeFiles/nav_msgs__rosidl_generator_c.dir/rosidl_generator_c/nav_msgs/srv/detail/load_map__functions.c.o[0m
[6.825s] [ 14%] [32mBuilding C object CMakeFiles/nav_msgs__rosidl_generator_c.dir/rosidl_generator_c/nav_msgs/srv/detail/set_map__functions.c.o[0m
[7.325s] [ 15%] [32m[1mLinking C shared library libnav_msgs__rosidl_generator_c.so[0m
[7.685s] [ 15%] Built target nav_msgs__rosidl_generator_c
[7.770s] [ 16%] [34m[1mGenerating C type support for eProsima Fast-RTPS[0m
[7.794s] [ 17%] [34m[1mGenerating C type support dispatch for ROS interfaces[0m
[7.822s] [ 18%] [34m[1mGenerating C introspection for ROS interfaces[0m
[9.615s] [ 20%] [32mBuilding CXX object CMakeFiles/nav_msgs__rosidl_typesupport_fastrtps_cpp.dir/rosidl_typesupport_fastrtps_cpp/nav_msgs/msg/detail/dds_fastrtps/grid_cells__type_support.cpp.o[0m
[9.625s] [ 21%] [32mBuilding CXX object CMakeFiles/nav_msgs__rosidl_typesupport_fastrtps_cpp.dir/rosidl_typesupport_fastrtps_cpp/nav_msgs/msg/detail/dds_fastrtps/map_meta_data__type_support.cpp.o[0m
[9.635s] [ 22%] [32mBuilding CXX object CMakeFiles/nav_msgs__rosidl_typesupport_fastrtps_cpp.dir/rosidl_typesupport_fastrtps_cpp/nav_msgs/msg/detail/dds_fastrtps/occupancy_grid__type_support.cpp.o[0m
[9.660s] [ 23%] [32mBuilding CXX object CMakeFiles/nav_msgs__rosidl_typesupport_fastrtps_cpp.dir/rosidl_typesupport_fastrtps_cpp/nav_msgs/msg/detail/dds_fastrtps/odometry__type_support.cpp.o[0m
[9.670s] [ 24%] [32mBuilding CXX object CMakeFiles/nav_msgs__rosidl_typesupport_fastrtps_cpp.dir/rosidl_typesupport_fastrtps_cpp/nav_msgs/srv/detail/dds_fastrtps/get_plan__type_support.cpp.o[0m
[9.678s] [ 25%] [32mBuilding CXX object CMakeFiles/nav_msgs__rosidl_typesupport_fastrtps_cpp.dir/rosidl_typesupport_fastrtps_cpp/nav_msgs/srv/detail/dds_fastrtps/get_map__type_support.cpp.o[0m
[9.694s] [ 26%] [32mBuilding CXX object CMakeFiles/nav_msgs__rosidl_typesupport_fastrtps_cpp.dir/rosidl_typesupport_fastrtps_cpp/nav_msgs/msg/detail/dds_fastrtps/path__type_support.cpp.o[0m
[10.539s] [ 27%] [32mBuilding CXX object CMakeFiles/nav_msgs__rosidl_typesupport_fastrtps_c.dir/rosidl_typesupport_fastrtps_c/nav_msgs/msg/detail/grid_cells__type_support_c.cpp.o[0m
[10.567s] [ 28%] [32mBuilding CXX object CMakeFiles/nav_msgs__rosidl_typesupport_fastrtps_c.dir/rosidl_typesupport_fastrtps_c/nav_msgs/msg/detail/map_meta_data__type_support_c.cpp.o[0m
[10.721s] [ 29%] [32mBuilding CXX object CMakeFiles/nav_msgs__rosidl_typesupport_introspection_cpp.dir/rosidl_typesupport_introspection_cpp/nav_msgs/msg/detail/grid_cells__type_support.cpp.o[0m
[10.802s] [ 30%] [32mBuilding CXX object CMakeFiles/nav_msgs__rosidl_typesupport_introspection_cpp.dir/rosidl_typesupport_introspection_cpp/nav_msgs/msg/detail/map_meta_data__type_support.cpp.o[0m
[10.872s] [ 31%] [32mBuilding CXX object CMakeFiles/nav_msgs__rosidl_typesupport_introspection_cpp.dir/rosidl_typesupport_introspection_cpp/nav_msgs/msg/detail/occupancy_grid__type_support.cpp.o[0m
[11.033s] [ 32%] [32mBuilding CXX object CMakeFiles/nav_msgs__rosidl_typesupport_fastrtps_cpp.dir/rosidl_typesupport_fastrtps_cpp/nav_msgs/srv/detail/dds_fastrtps/load_map__type_support.cpp.o[0m
[11.042s] [ 33%] [32mBuilding C object CMakeFiles/nav_msgs__rosidl_typesupport_introspection_c.dir/rosidl_typesupport_introspection_c/nav_msgs/msg/detail/grid_cells__type_support.c.o[0m
[11.167s] [ 34%] [32mBuilding CXX object CMakeFiles/nav_msgs__rosidl_typesupport_fastrtps_cpp.dir/rosidl_typesupport_fastrtps_cpp/nav_msgs/srv/detail/dds_fastrtps/set_map__type_support.cpp.o[0m
[11.227s] [ 35%] [32mBuilding C object CMakeFiles/nav_msgs__rosidl_typesupport_introspection_c.dir/rosidl_typesupport_introspection_c/nav_msgs/msg/detail/map_meta_data__type_support.c.o[0m
[11.272s] [ 36%] [32mBuilding C object CMakeFiles/nav_msgs__rosidl_typesupport_introspection_c.dir/rosidl_typesupport_introspection_c/nav_msgs/msg/detail/occupancy_grid__type_support.c.o[0m
[11.293s] [ 37%] [32mBuilding C object CMakeFiles/nav_msgs__rosidl_typesupport_introspection_c.dir/rosidl_typesupport_introspection_c/nav_msgs/msg/detail/odometry__type_support.c.o[0m
[11.362s] [ 38%] [32mBuilding CXX object CMakeFiles/nav_msgs__rosidl_typesupport_introspection_cpp.dir/rosidl_typesupport_introspection_cpp/nav_msgs/msg/detail/odometry__type_support.cpp.o[0m
[11.383s] [ 40%] [32mBuilding C object CMakeFiles/nav_msgs__rosidl_typesupport_introspection_c.dir/rosidl_typesupport_introspection_c/nav_msgs/msg/detail/path__type_support.c.o[0m
[11.465s] [ 41%] [32mBuilding C object CMakeFiles/nav_msgs__rosidl_typesupport_introspection_c.dir/rosidl_typesupport_introspection_c/nav_msgs/srv/detail/get_map__type_support.c.o[0m
[11.477s] [ 42%] [32mBuilding CXX object CMakeFiles/nav_msgs__rosidl_typesupport_fastrtps_c.dir/rosidl_typesupport_fastrtps_c/nav_msgs/msg/detail/occupancy_grid__type_support_c.cpp.o[0m
[11.500s] [ 43%] [32mBuilding C object CMakeFiles/nav_msgs__rosidl_typesupport_introspection_c.dir/rosidl_typesupport_introspection_c/nav_msgs/srv/detail/get_plan__type_support.c.o[0m
[11.506s] [ 44%] [32mBuilding CXX object CMakeFiles/nav_msgs__rosidl_typesupport_c.dir/rosidl_typesupport_c/nav_msgs/msg/grid_cells__type_support.cpp.o[0m
[11.523s] [ 45%] [32mBuilding CXX object CMakeFiles/nav_msgs__rosidl_typesupport_c.dir/rosidl_typesupport_c/nav_msgs/msg/map_meta_data__type_support.cpp.o[0m
[11.535s] [ 46%] [32mBuilding CXX object CMakeFiles/nav_msgs__rosidl_typesupport_c.dir/rosidl_typesupport_c/nav_msgs/msg/occupancy_grid__type_support.cpp.o[0m
[11.543s] [ 47%] [32mBuilding C object CMakeFiles/nav_msgs__rosidl_typesupport_introspection_c.dir/rosidl_typesupport_introspection_c/nav_msgs/srv/detail/load_map__type_support.c.o[0m
[11.610s] [ 48%] [32mBuilding C object CMakeFiles/nav_msgs__rosidl_typesupport_introspection_c.dir/rosidl_typesupport_introspection_c/nav_msgs/srv/detail/set_map__type_support.c.o[0m
[11.614s] [ 49%] [32mBuilding CXX object CMakeFiles/nav_msgs__rosidl_typesupport_c.dir/rosidl_typesupport_c/nav_msgs/msg/odometry__type_support.cpp.o[0m
[11.649s] [ 50%] [32mBuilding CXX object CMakeFiles/nav_msgs__rosidl_typesupport_c.dir/rosidl_typesupport_c/nav_msgs/msg/path__type_support.cpp.o[0m
[11.666s] [ 51%] [32mBuilding CXX object CMakeFiles/nav_msgs__rosidl_typesupport_fastrtps_c.dir/rosidl_typesupport_fastrtps_c/nav_msgs/msg/detail/odometry__type_support_c.cpp.o[0m
[11.683s] [ 52%] [32mBuilding CXX object CMakeFiles/nav_msgs__rosidl_typesupport_introspection_cpp.dir/rosidl_typesupport_introspection_cpp/nav_msgs/msg/detail/path__type_support.cpp.o[0m
[11.698s] [ 53%] [32mBuilding CXX object CMakeFiles/nav_msgs__rosidl_typesupport_c.dir/rosidl_typesupport_c/nav_msgs/srv/get_map__type_support.cpp.o[0m
[11.714s] [ 54%] [32mBuilding CXX object CMakeFiles/nav_msgs__rosidl_typesupport_cpp.dir/rosidl_typesupport_cpp/nav_msgs/msg/grid_cells__type_support.cpp.o[0m
[11.756s] [ 55%] [32mBuilding CXX object CMakeFiles/nav_msgs__rosidl_typesupport_c.dir/rosidl_typesupport_c/nav_msgs/srv/get_plan__type_support.cpp.o[0m
[11.766s] [ 56%] [32mBuilding CXX object CMakeFiles/nav_msgs__rosidl_typesupport_c.dir/rosidl_typesupport_c/nav_msgs/srv/set_map__type_support.cpp.o[0m
[11.768s] [ 57%] [32m[1mLinking C shared library libnav_msgs__rosidl_typesupport_introspection_c.so[0m
[11.796s] [ 58%] [32mBuilding CXX object CMakeFiles/nav_msgs__rosidl_typesupport_c.dir/rosidl_typesupport_c/nav_msgs/srv/load_map__type_support.cpp.o[0m
[11.938s] [ 60%] [32mBuilding CXX object CMakeFiles/nav_msgs__rosidl_typesupport_cpp.dir/rosidl_typesupport_cpp/nav_msgs/msg/map_meta_data__type_support.cpp.o[0m
[11.938s] [ 61%] [32mBuilding CXX object CMakeFiles/nav_msgs__rosidl_typesupport_introspection_cpp.dir/rosidl_typesupport_introspection_cpp/nav_msgs/srv/detail/get_map__type_support.cpp.o[0m
[11.945s] [ 62%] [32m[1mLinking CXX shared library libnav_msgs__rosidl_typesupport_c.so[0m
[11.958s] [ 62%] Built target nav_msgs__rosidl_typesupport_introspection_c
[11.981s] [ 63%] [32mBuilding CXX object CMakeFiles/nav_msgs__rosidl_typesupport_introspection_cpp.dir/rosidl_typesupport_introspection_cpp/nav_msgs/srv/detail/load_map__type_support.cpp.o[0m
[12.002s] [ 64%] [32mBuilding CXX object CMakeFiles/nav_msgs__rosidl_typesupport_introspection_cpp.dir/rosidl_typesupport_introspection_cpp/nav_msgs/srv/detail/get_plan__type_support.cpp.o[0m
[12.024s] [ 65%] [32mBuilding CXX object CMakeFiles/nav_msgs__rosidl_typesupport_fastrtps_c.dir/rosidl_typesupport_fastrtps_c/nav_msgs/msg/detail/path__type_support_c.cpp.o[0m
[12.097s] [ 66%] [32mBuilding CXX object CMakeFiles/nav_msgs__rosidl_typesupport_introspection_cpp.dir/rosidl_typesupport_introspection_cpp/nav_msgs/srv/detail/set_map__type_support.cpp.o[0m
[12.108s] [ 67%] [32mBuilding CXX object CMakeFiles/nav_msgs__rosidl_typesupport_fastrtps_c.dir/rosidl_typesupport_fastrtps_c/nav_msgs/srv/detail/get_map__type_support_c.cpp.o[0m
[12.190s] [ 67%] Built target nav_msgs__rosidl_typesupport_c
[12.234s] [ 68%] [32mBuilding CXX object CMakeFiles/nav_msgs__rosidl_typesupport_fastrtps_c.dir/rosidl_typesupport_fastrtps_c/nav_msgs/srv/detail/get_plan__type_support_c.cpp.o[0m
[12.256s] [ 69%] [32m[1mLinking CXX shared library libnav_msgs__rosidl_typesupport_fastrtps_cpp.so[0m
[12.516s] [ 70%] [32mBuilding CXX object CMakeFiles/nav_msgs__rosidl_typesupport_fastrtps_c.dir/rosidl_typesupport_fastrtps_c/nav_msgs/srv/detail/load_map__type_support_c.cpp.o[0m
[12.610s] [ 72%] [32mBuilding CXX object CMakeFiles/nav_msgs__rosidl_typesupport_cpp.dir/rosidl_typesupport_cpp/nav_msgs/msg/odometry__type_support.cpp.o[0m
[12.610s] [ 72%] [32mBuilding CXX object CMakeFiles/nav_msgs__rosidl_typesupport_cpp.dir/rosidl_typesupport_cpp/nav_msgs/msg/occupancy_grid__type_support.cpp.o[0m
[12.623s] [ 72%] Built target nav_msgs__rosidl_typesupport_fastrtps_cpp
[12.635s] [ 73%] [32mBuilding CXX object CMakeFiles/nav_msgs__rosidl_typesupport_cpp.dir/rosidl_typesupport_cpp/nav_msgs/msg/path__type_support.cpp.o[0m
[12.710s] [ 74%] [32mBuilding CXX object CMakeFiles/nav_msgs__rosidl_typesupport_fastrtps_c.dir/rosidl_typesupport_fastrtps_c/nav_msgs/srv/detail/set_map__type_support_c.cpp.o[0m
[12.839s] [ 75%] [32mBuilding CXX object CMakeFiles/nav_msgs__rosidl_typesupport_cpp.dir/rosidl_typesupport_cpp/nav_msgs/srv/get_map__type_support.cpp.o[0m
[12.951s] [ 77%] [32mBuilding CXX object CMakeFiles/nav_msgs__rosidl_typesupport_cpp.dir/rosidl_typesupport_cpp/nav_msgs/srv/load_map__type_support.cpp.o[0m
[12.957s] [ 77%] [32mBuilding CXX object CMakeFiles/nav_msgs__rosidl_typesupport_cpp.dir/rosidl_typesupport_cpp/nav_msgs/srv/get_plan__type_support.cpp.o[0m
[13.077s] [ 78%] [32mBuilding CXX object CMakeFiles/nav_msgs__rosidl_typesupport_cpp.dir/rosidl_typesupport_cpp/nav_msgs/srv/set_map__type_support.cpp.o[0m
[13.272s] [ 80%] [32m[1mLinking CXX shared library libnav_msgs__rosidl_typesupport_introspection_cpp.so[0m
[13.328s] [ 81%] [32m[1mLinking CXX shared library libnav_msgs__rosidl_typesupport_fastrtps_c.so[0m
[13.474s] [ 81%] Built target nav_msgs__rosidl_typesupport_introspection_cpp
[13.516s] [ 81%] Built target nav_msgs__rosidl_typesupport_fastrtps_c
[13.567s] [ 82%] [32m[1mLinking CXX shared library libnav_msgs__rosidl_typesupport_cpp.so[0m
[13.633s] [ 82%] Built target nav_msgs__rosidl_typesupport_cpp
[13.660s] [ 82%] Built target nav_msgs
[13.715s] [ 83%] [34m[1mGenerating Python code for ROS interfaces[0m
[16.627s] [ 83%] Built target nav_msgs__py
[16.648s] [ 85%] [32mBuilding C object CMakeFiles/nav_msgs__rosidl_generator_py.dir/rosidl_generator_py/nav_msgs/msg/_map_meta_data_s.c.o[0m
[16.649s] [ 85%] [32mBuilding C object CMakeFiles/nav_msgs__rosidl_generator_py.dir/rosidl_generator_py/nav_msgs/msg/_occupancy_grid_s.c.o[0m
[16.649s] [ 86%] [32mBuilding C object CMakeFiles/nav_msgs__rosidl_generator_py.dir/rosidl_generator_py/nav_msgs/msg/_odometry_s.c.o[0m
[16.653s] [ 87%] [32mBuilding C object CMakeFiles/nav_msgs__rosidl_generator_py.dir/rosidl_generator_py/nav_msgs/msg/_grid_cells_s.c.o[0m
[16.655s] [ 88%] [32mBuilding C object CMakeFiles/nav_msgs__rosidl_generator_py.dir/rosidl_generator_py/nav_msgs/srv/_get_map_s.c.o[0m
[16.660s] [ 89%] [32mBuilding C object CMakeFiles/nav_msgs__rosidl_generator_py.dir/rosidl_generator_py/nav_msgs/srv/_get_plan_s.c.o[0m
[16.661s] [ 90%] [32mBuilding C object CMakeFiles/nav_msgs__rosidl_generator_py.dir/rosidl_generator_py/nav_msgs/srv/_load_map_s.c.o[0m
[16.664s] [ 91%] [32mBuilding C object CMakeFiles/nav_msgs__rosidl_generator_py.dir/rosidl_generator_py/nav_msgs/msg/_path_s.c.o[0m
[16.665s] [ 92%] [32mBuilding C object CMakeFiles/nav_msgs__rosidl_generator_py.dir/rosidl_generator_py/nav_msgs/srv/_set_map_s.c.o[0m
[16.943s] [ 93%] [32m[1mLinking C shared library rosidl_generator_py/nav_msgs/libnav_msgs__rosidl_generator_py.so[0m
[17.011s] [ 93%] Built target nav_msgs__rosidl_generator_py
[17.037s] [ 95%] [32mBuilding C object CMakeFiles/nav_msgs__rosidl_typesupport_introspection_c__pyext.dir/rosidl_generator_py/nav_msgs/_nav_msgs_s.ep.rosidl_typesupport_introspection_c.c.o[0m
[17.037s] [ 95%] [32mBuilding C object CMakeFiles/nav_msgs__rosidl_typesupport_fastrtps_c__pyext.dir/rosidl_generator_py/nav_msgs/_nav_msgs_s.ep.rosidl_typesupport_fastrtps_c.c.o[0m
[17.037s] [ 96%] [32mBuilding C object CMakeFiles/nav_msgs__rosidl_typesupport_c__pyext.dir/rosidl_generator_py/nav_msgs/_nav_msgs_s.ep.rosidl_typesupport_c.c.o[0m
[17.245s] [ 97%] [32m[1mLinking C shared library rosidl_generator_py/nav_msgs/nav_msgs_s__rosidl_typesupport_introspection_c.cpython-310-x86_64-linux-gnu.so[0m
[17.263s] [ 98%] [32m[1mLinking C shared library rosidl_generator_py/nav_msgs/nav_msgs_s__rosidl_typesupport_c.cpython-310-x86_64-linux-gnu.so[0m
[17.275s] [100%] [32m[1mLinking C shared library rosidl_generator_py/nav_msgs/nav_msgs_s__rosidl_typesupport_fastrtps_c.cpython-310-x86_64-linux-gnu.so[0m
[17.327s] [100%] Built target nav_msgs__rosidl_typesupport_introspection_c__pyext
[17.336s] [100%] Built target nav_msgs__rosidl_typesupport_fastrtps_c__pyext
[17.337s] [100%] Built target nav_msgs__rosidl_typesupport_c__pyext
[17.358s] Invoked command in '/home/cairlab/Documents/GitHub/saga_repo/build/nav_msgs' returned '0': AMENT_PREFIX_PATH=/home/cairlab/Documents/GitHub/saga_repo/install/geometry_msgs:/home/cairlab/Documents/GitHub/saga_repo/install/std_msgs:${AMENT_PREFIX_PATH} CMAKE_PREFIX_PATH=/home/cairlab/Documents/GitHub/saga_repo/install/geometry_msgs:/home/cairlab/Documents/GitHub/saga_repo/install/std_msgs:/opt/ros/humble LD_LIBRARY_PATH=/home/cairlab/Documents/GitHub/saga_repo/install/geometry_msgs/lib:/home/cairlab/Documents/GitHub/saga_repo/install/std_msgs/lib:${LD_LIBRARY_PATH} PYTHONPATH=/home/cairlab/Documents/GitHub/saga_repo/install/geometry_msgs/local/lib/python3.10/dist-packages:/home/cairlab/Documents/GitHub/saga_repo/install/std_msgs/local/lib/python3.10/dist-packages:${PYTHONPATH} /usr/bin/cmake --build /home/cairlab/Documents/GitHub/saga_repo/build/nav_msgs -- -j12 -l12
[17.606s] Invoking command in '/home/cairlab/Documents/GitHub/saga_repo/build/nav_msgs': AMENT_PREFIX_PATH=/home/cairlab/Documents/GitHub/saga_repo/install/geometry_msgs:/home/cairlab/Documents/GitHub/saga_repo/install/std_msgs:${AMENT_PREFIX_PATH} CMAKE_PREFIX_PATH=/home/cairlab/Documents/GitHub/saga_repo/install/geometry_msgs:/home/cairlab/Documents/GitHub/saga_repo/install/std_msgs:/opt/ros/humble LD_LIBRARY_PATH=/home/cairlab/Documents/GitHub/saga_repo/install/geometry_msgs/lib:/home/cairlab/Documents/GitHub/saga_repo/install/std_msgs/lib:${LD_LIBRARY_PATH} PYTHONPATH=/home/cairlab/Documents/GitHub/saga_repo/install/geometry_msgs/local/lib/python3.10/dist-packages:/home/cairlab/Documents/GitHub/saga_repo/install/std_msgs/local/lib/python3.10/dist-packages:${PYTHONPATH} /usr/bin/cmake --install /home/cairlab/Documents/GitHub/saga_repo/build/nav_msgs
[17.614s] -- Install configuration: ""
[17.614s] -- Installing: /home/cairlab/Documents/GitHub/saga_repo/install/nav_msgs/share/ament_index/resource_index/rosidl_interfaces/nav_msgs
[17.614s] -- Installing: /home/cairlab/Documents/GitHub/saga_repo/install/nav_msgs/include/nav_msgs/nav_msgs
[17.614s] -- Installing: /home/cairlab/Documents/GitHub/saga_repo/install/nav_msgs/include/nav_msgs/nav_msgs/srv
[17.614s] -- Installing: /home/cairlab/Documents/GitHub/saga_repo/install/nav_msgs/include/nav_msgs/nav_msgs/srv/get_map.h
[17.614s] -- Installing: /home/cairlab/Documents/GitHub/saga_repo/install/nav_msgs/include/nav_msgs/nav_msgs/srv/set_map.h
[17.615s] -- Installing: /home/cairlab/Documents/GitHub/saga_repo/install/nav_msgs/include/nav_msgs/nav_msgs/srv/load_map.h
[17.615s] -- Installing: /home/cairlab/Documents/GitHub/saga_repo/install/nav_msgs/include/nav_msgs/nav_msgs/srv/get_plan.h
[17.615s] -- Installing: /home/cairlab/Documents/GitHub/saga_repo/install/nav_msgs/include/nav_msgs/nav_msgs/srv/detail
[17.615s] -- Installing: /home/cairlab/Documents/GitHub/saga_repo/install/nav_msgs/include/nav_msgs/nav_msgs/srv/detail/get_plan__functions.c
[17.615s] -- Installing: /home/cairlab/Documents/GitHub/saga_repo/install/nav_msgs/include/nav_msgs/nav_msgs/srv/detail/load_map__functions.h
[17.615s] -- Installing: /home/cairlab/Documents/GitHub/saga_repo/install/nav_msgs/include/nav_msgs/nav_msgs/srv/detail/load_map__functions.c
[17.616s] -- Installing: /home/cairlab/Documents/GitHub/saga_repo/install/nav_msgs/include/nav_msgs/nav_msgs/srv/detail/set_map__struct.h
[17.616s] -- Installing: /home/cairlab/Documents/GitHub/saga_repo/install/nav_msgs/include/nav_msgs/nav_msgs/srv/detail/get_map__struct.h
[17.616s] -- Installing: /home/cairlab/Documents/GitHub/saga_repo/install/nav_msgs/include/nav_msgs/nav_msgs/srv/detail/load_map__struct.h
[17.616s] -- Installing: /home/cairlab/Documents/GitHub/saga_repo/install/nav_msgs/include/nav_msgs/nav_msgs/srv/detail/set_map__functions.c
[17.616s] -- Installing: /home/cairlab/Documents/GitHub/saga_repo/install/nav_msgs/include/nav_msgs/nav_msgs/srv/detail/get_map__functions.h
[17.616s] -- Installing: /home/cairlab/Documents/GitHub/saga_repo/install/nav_msgs/include/nav_msgs/nav_msgs/srv/detail/get_plan__struct.h
[17.617s] -- Installing: /home/cairlab/Documents/GitHub/saga_repo/install/nav_msgs/include/nav_msgs/nav_msgs/srv/detail/get_plan__type_support.h
[17.617s] -- Installing: /home/cairlab/Documents/GitHub/saga_repo/install/nav_msgs/include/nav_msgs/nav_msgs/srv/detail/get_map__type_support.h
[17.617s] -- Installing: /home/cairlab/Documents/GitHub/saga_repo/install/nav_msgs/include/nav_msgs/nav_msgs/srv/detail/get_plan__functions.h
[17.617s] -- Installing: /home/cairlab/Documents/GitHub/saga_repo/install/nav_msgs/include/nav_msgs/nav_msgs/srv/detail/load_map__type_support.h
[17.617s] -- Installing: /home/cairlab/Documents/GitHub/saga_repo/install/nav_msgs/include/nav_msgs/nav_msgs/srv/detail/set_map__type_support.h
[17.617s] -- Installing: /home/cairlab/Documents/GitHub/saga_repo/install/nav_msgs/include/nav_msgs/nav_msgs/srv/detail/get_map__functions.c
[17.617s] -- Installing: /home/cairlab/Documents/GitHub/saga_repo/install/nav_msgs/include/nav_msgs/nav_msgs/srv/detail/set_map__functions.h
[17.618s] -- Installing: /home/cairlab/Documents/GitHub/saga_repo/install/nav_msgs/include/nav_msgs/nav_msgs/msg
[17.618s] -- Installing: /home/cairlab/Documents/GitHub/saga_repo/install/nav_msgs/include/nav_msgs/nav_msgs/msg/occupancy_grid.h
[17.618s] -- Installing: /home/cairlab/Documents/GitHub/saga_repo/install/nav_msgs/include/nav_msgs/nav_msgs/msg/grid_cells.h
[17.618s] -- Installing: /home/cairlab/Documents/GitHub/saga_repo/install/nav_msgs/include/nav_msgs/nav_msgs/msg/map_meta_data.h
[17.618s] -- Installing: /home/cairlab/Documents/GitHub/saga_repo/install/nav_msgs/include/nav_msgs/nav_msgs/msg/odometry.h
[17.618s] -- Installing: /home/cairlab/Documents/GitHub/saga_repo/install/nav_msgs/include/nav_msgs/nav_msgs/msg/rosidl_generator_c__visibility_control.h
[17.619s] -- Installing: /home/cairlab/Documents/GitHub/saga_repo/install/nav_msgs/include/nav_msgs/nav_msgs/msg/path.h
[17.619s] -- Installing: /home/cairlab/Documents/GitHub/saga_repo/install/nav_msgs/include/nav_msgs/nav_msgs/msg/detail
[17.619s] -- Installing: /home/cairlab/Documents/GitHub/saga_repo/install/nav_msgs/include/nav_msgs/nav_msgs/msg/detail/occupancy_grid__functions.c
[17.619s] -- Installing: /home/cairlab/Documents/GitHub/saga_repo/install/nav_msgs/include/nav_msgs/nav_msgs/msg/detail/path__functions.c
[17.619s] -- Installing: /home/cairlab/Documents/GitHub/saga_repo/install/nav_msgs/include/nav_msgs/nav_msgs/msg/detail/odometry__functions.h
[17.619s] -- Installing: /home/cairlab/Documents/GitHub/saga_repo/install/nav_msgs/include/nav_msgs/nav_msgs/msg/detail/map_meta_data__type_support.h
[17.620s] -- Installing: /home/cairlab/Documents/GitHub/saga_repo/install/nav_msgs/include/nav_msgs/nav_msgs/msg/detail/grid_cells__struct.h
[17.620s] -- Installing: /home/cairlab/Documents/GitHub/saga_repo/install/nav_msgs/include/nav_msgs/nav_msgs/msg/detail/path__functions.h
[17.620s] -- Installing: /home/cairlab/Documents/GitHub/saga_repo/install/nav_msgs/include/nav_msgs/nav_msgs/msg/detail/grid_cells__functions.h
[17.620s] -- Installing: /home/cairlab/Documents/GitHub/saga_repo/install/nav_msgs/include/nav_msgs/nav_msgs/msg/detail/map_meta_data__struct.h
[17.620s] -- Installing: /home/cairlab/Documents/GitHub/saga_repo/install/nav_msgs/include/nav_msgs/nav_msgs/msg/detail/grid_cells__type_support.h
[17.620s] -- Installing: /home/cairlab/Documents/GitHub/saga_repo/install/nav_msgs/include/nav_msgs/nav_msgs/msg/detail/occupancy_grid__functions.h
[17.621s] -- Installing: /home/cairlab/Documents/GitHub/saga_repo/install/nav_msgs/include/nav_msgs/nav_msgs/msg/detail/grid_cells__functions.c
[17.621s] -- Installing: /home/cairlab/Documents/GitHub/saga_repo/install/nav_msgs/include/nav_msgs/nav_msgs/msg/detail/occupancy_grid__type_support.h
[17.621s] -- Installing: /home/cairlab/Documents/GitHub/saga_repo/install/nav_msgs/include/nav_msgs/nav_msgs/msg/detail/odometry__struct.h
[17.621s] -- Installing: /home/cairlab/Documents/GitHub/saga_repo/install/nav_msgs/include/nav_msgs/nav_msgs/msg/detail/map_meta_data__functions.c
[17.621s] -- Installing: /home/cairlab/Documents/GitHub/saga_repo/install/nav_msgs/include/nav_msgs/nav_msgs/msg/detail/odometry__type_support.h
[17.621s] -- Installing: /home/cairlab/Documents/GitHub/saga_repo/install/nav_msgs/include/nav_msgs/nav_msgs/msg/detail/map_meta_data__functions.h
[17.621s] -- Installing: /home/cairlab/Documents/GitHub/saga_repo/install/nav_msgs/include/nav_msgs/nav_msgs/msg/detail/path__struct.h
[17.622s] -- Installing: /home/cairlab/Documents/GitHub/saga_repo/install/nav_msgs/include/nav_msgs/nav_msgs/msg/detail/odometry__functions.c
[17.622s] -- Installing: /home/cairlab/Documents/GitHub/saga_repo/install/nav_msgs/include/nav_msgs/nav_msgs/msg/detail/occupancy_grid__struct.h
[17.622s] -- Installing: /home/cairlab/Documents/GitHub/saga_repo/install/nav_msgs/include/nav_msgs/nav_msgs/msg/detail/path__type_support.h
[17.622s] -- Installing: /home/cairlab/Documents/GitHub/saga_repo/install/nav_msgs/share/nav_msgs/environment/library_path.sh
[17.622s] -- Installing: /home/cairlab/Documents/GitHub/saga_repo/install/nav_msgs/share/nav_msgs/environment/library_path.dsv
[17.622s] -- Installing: /home/cairlab/Documents/GitHub/saga_repo/install/nav_msgs/lib/libnav_msgs__rosidl_generator_c.so
[17.623s] -- Set runtime path of "/home/cairlab/Documents/GitHub/saga_repo/install/nav_msgs/lib/libnav_msgs__rosidl_generator_c.so" to ""
[17.623s] -- Up-to-date: /home/cairlab/Documents/GitHub/saga_repo/install/nav_msgs/include/nav_msgs/nav_msgs
[17.623s] -- Up-to-date: /home/cairlab/Documents/GitHub/saga_repo/install/nav_msgs/include/nav_msgs/nav_msgs/srv
[17.623s] -- Up-to-date: /home/cairlab/Documents/GitHub/saga_repo/install/nav_msgs/include/nav_msgs/nav_msgs/srv/detail
[17.624s] -- Installing: /home/cairlab/Documents/GitHub/saga_repo/install/nav_msgs/include/nav_msgs/nav_msgs/srv/detail/get_map__rosidl_typesupport_fastrtps_c.h
[17.624s] -- Installing: /home/cairlab/Documents/GitHub/saga_repo/install/nav_msgs/include/nav_msgs/nav_msgs/srv/detail/set_map__rosidl_typesupport_fastrtps_c.h
[17.624s] -- Installing: /home/cairlab/Documents/GitHub/saga_repo/install/nav_msgs/include/nav_msgs/nav_msgs/srv/detail/load_map__rosidl_typesupport_fastrtps_c.h
[17.624s] -- Installing: /home/cairlab/Documents/GitHub/saga_repo/install/nav_msgs/include/nav_msgs/nav_msgs/srv/detail/get_plan__rosidl_typesupport_fastrtps_c.h
[17.625s] -- Up-to-date: /home/cairlab/Documents/GitHub/saga_repo/install/nav_msgs/include/nav_msgs/nav_msgs/msg
[17.625s] -- Installing: /home/cairlab/Documents/GitHub/saga_repo/install/nav_msgs/include/nav_msgs/nav_msgs/msg/rosidl_typesupport_fastrtps_c__visibility_control.h
[17.625s] -- Up-to-date: /home/cairlab/Documents/GitHub/saga_repo/install/nav_msgs/include/nav_msgs/nav_msgs/msg/detail
[17.625s] -- Installing: /home/cairlab/Documents/GitHub/saga_repo/install/nav_msgs/include/nav_msgs/nav_msgs/msg/detail/odometry__rosidl_typesupport_fastrtps_c.h
[17.625s] -- Installing: /home/cairlab/Documents/GitHub/saga_repo/install/nav_msgs/include/nav_msgs/nav_msgs/msg/detail/path__rosidl_typesupport_fastrtps_c.h
[17.625s] -- Installing: /home/cairlab/Documents/GitHub/saga_repo/install/nav_msgs/include/nav_msgs/nav_msgs/msg/detail/occupancy_grid__rosidl_typesupport_fastrtps_c.h
[17.625s] -- Installing: /home/cairlab/Documents/GitHub/saga_repo/install/nav_msgs/include/nav_msgs/nav_msgs/msg/detail/grid_cells__rosidl_typesupport_fastrtps_c.h
[17.626s] -- Installing: /home/cairlab/Documents/GitHub/saga_repo/install/nav_msgs/include/nav_msgs/nav_msgs/msg/detail/map_meta_data__rosidl_typesupport_fastrtps_c.h
[17.626s] -- Installing: /home/cairlab/Documents/GitHub/saga_repo/install/nav_msgs/lib/libnav_msgs__rosidl_typesupport_fastrtps_c.so
[17.626s] -- Set runtime path of "/home/cairlab/Documents/GitHub/saga_repo/install/nav_msgs/lib/libnav_msgs__rosidl_typesupport_fastrtps_c.so" to ""
[17.626s] -- Up-to-date: /home/cairlab/Documents/GitHub/saga_repo/install/nav_msgs/include/nav_msgs/nav_msgs
[17.626s] -- Up-to-date: /home/cairlab/Documents/GitHub/saga_repo/install/nav_msgs/include/nav_msgs/nav_msgs/srv
[17.626s] -- Installing: /home/cairlab/Documents/GitHub/saga_repo/install/nav_msgs/include/nav_msgs/nav_msgs/srv/get_map.hpp
[17.627s] -- Installing: /home/cairlab/Documents/GitHub/saga_repo/install/nav_msgs/include/nav_msgs/nav_msgs/srv/set_map.hpp
[17.627s] -- Installing: /home/cairlab/Documents/GitHub/saga_repo/install/nav_msgs/include/nav_msgs/nav_msgs/srv/load_map.hpp
[17.627s] -- Installing: /home/cairlab/Documents/GitHub/saga_repo/install/nav_msgs/include/nav_msgs/nav_msgs/srv/get_plan.hpp
[17.627s] -- Up-to-date: /home/cairlab/Documents/GitHub/saga_repo/install/nav_msgs/include/nav_msgs/nav_msgs/srv/detail
[17.627s] -- Installing: /home/cairlab/Documents/GitHub/saga_repo/install/nav_msgs/include/nav_msgs/nav_msgs/srv/detail/load_map__builder.hpp
[17.627s] -- Installing: /home/cairlab/Documents/GitHub/saga_repo/install/nav_msgs/include/nav_msgs/nav_msgs/srv/detail/set_map__struct.hpp
[17.628s] -- Installing: /home/cairlab/Documents/GitHub/saga_repo/install/nav_msgs/include/nav_msgs/nav_msgs/srv/detail/set_map__traits.hpp
[17.628s] -- Installing: /home/cairlab/Documents/GitHub/saga_repo/install/nav_msgs/include/nav_msgs/nav_msgs/srv/detail/set_map__builder.hpp
[17.628s] -- Installing: /home/cairlab/Documents/GitHub/saga_repo/install/nav_msgs/include/nav_msgs/nav_msgs/srv/detail/get_map__builder.hpp
[17.628s] -- Installing: /home/cairlab/Documents/GitHub/saga_repo/install/nav_msgs/include/nav_msgs/nav_msgs/srv/detail/get_map__struct.hpp
[17.628s] -- Installing: /home/cairlab/Documents/GitHub/saga_repo/install/nav_msgs/include/nav_msgs/nav_msgs/srv/detail/get_plan__struct.hpp
[17.628s] -- Installing: /home/cairlab/Documents/GitHub/saga_repo/install/nav_msgs/include/nav_msgs/nav_msgs/srv/detail/load_map__struct.hpp
[17.629s] -- Installing: /home/cairlab/Documents/GitHub/saga_repo/install/nav_msgs/include/nav_msgs/nav_msgs/srv/detail/get_plan__builder.hpp
[17.629s] -- Installing: /home/cairlab/Documents/GitHub/saga_repo/install/nav_msgs/include/nav_msgs/nav_msgs/srv/detail/load_map__traits.hpp
[17.629s] -- Installing: /home/cairlab/Documents/GitHub/saga_repo/install/nav_msgs/include/nav_msgs/nav_msgs/srv/detail/get_plan__traits.hpp
[17.629s] -- Installing: /home/cairlab/Documents/GitHub/saga_repo/install/nav_msgs/include/nav_msgs/nav_msgs/srv/detail/get_map__traits.hpp
[17.629s] -- Up-to-date: /home/cairlab/Documents/GitHub/saga_repo/install/nav_msgs/include/nav_msgs/nav_msgs/msg
[17.629s] -- Installing: /home/cairlab/Documents/GitHub/saga_repo/install/nav_msgs/include/nav_msgs/nav_msgs/msg/grid_cells.hpp
[17.629s] -- Installing: /home/cairlab/Documents/GitHub/saga_repo/install/nav_msgs/include/nav_msgs/nav_msgs/msg/map_meta_data.hpp
[17.630s] -- Installing: /home/cairlab/Documents/GitHub/saga_repo/install/nav_msgs/include/nav_msgs/nav_msgs/msg/odometry.hpp
[17.630s] -- Installing: /home/cairlab/Documents/GitHub/saga_repo/install/nav_msgs/include/nav_msgs/nav_msgs/msg/path.hpp
[17.630s] -- Up-to-date: /home/cairlab/Documents/GitHub/saga_repo/install/nav_msgs/include/nav_msgs/nav_msgs/msg/detail
[17.630s] -- Installing: /home/cairlab/Documents/GitHub/saga_repo/install/nav_msgs/include/nav_msgs/nav_msgs/msg/detail/map_meta_data__builder.hpp
[17.630s] -- Installing: /home/cairlab/Documents/GitHub/saga_repo/install/nav_msgs/include/nav_msgs/nav_msgs/msg/detail/occupancy_grid__traits.hpp
[17.630s] -- Installing: /home/cairlab/Documents/GitHub/saga_repo/install/nav_msgs/include/nav_msgs/nav_msgs/msg/detail/grid_cells__struct.hpp
[17.631s] -- Installing: /home/cairlab/Documents/GitHub/saga_repo/install/nav_msgs/include/nav_msgs/nav_msgs/msg/detail/path__builder.hpp
[17.631s] -- Installing: /home/cairlab/Documents/GitHub/saga_repo/install/nav_msgs/include/nav_msgs/nav_msgs/msg/detail/path__traits.hpp
[17.631s] -- Installing: /home/cairlab/Documents/GitHub/saga_repo/install/nav_msgs/include/nav_msgs/nav_msgs/msg/detail/path__struct.hpp
[17.631s] -- Installing: /home/cairlab/Documents/GitHub/saga_repo/install/nav_msgs/include/nav_msgs/nav_msgs/msg/detail/occupancy_grid__builder.hpp
[17.631s] -- Installing: /home/cairlab/Documents/GitHub/saga_repo/install/nav_msgs/include/nav_msgs/nav_msgs/msg/detail/occupancy_grid__struct.hpp
[17.631s] -- Installing: /home/cairlab/Documents/GitHub/saga_repo/install/nav_msgs/include/nav_msgs/nav_msgs/msg/detail/odometry__struct.hpp
[17.632s] -- Installing: /home/cairlab/Documents/GitHub/saga_repo/install/nav_msgs/include/nav_msgs/nav_msgs/msg/detail/map_meta_data__traits.hpp
[17.632s] -- Installing: /home/cairlab/Documents/GitHub/saga_repo/install/nav_msgs/include/nav_msgs/nav_msgs/msg/detail/map_meta_data__struct.hpp
[17.632s] -- Installing: /home/cairlab/Documents/GitHub/saga_repo/install/nav_msgs/include/nav_msgs/nav_msgs/msg/detail/odometry__traits.hpp
[17.632s] -- Installing: /home/cairlab/Documents/GitHub/saga_repo/install/nav_msgs/include/nav_msgs/nav_msgs/msg/detail/odometry__builder.hpp
[17.632s] -- Installing: /home/cairlab/Documents/GitHub/saga_repo/install/nav_msgs/include/nav_msgs/nav_msgs/msg/detail/grid_cells__traits.hpp
[17.632s] -- Installing: /home/cairlab/Documents/GitHub/saga_repo/install/nav_msgs/include/nav_msgs/nav_msgs/msg/detail/grid_cells__builder.hpp
[17.633s] -- Installing: /home/cairlab/Documents/GitHub/saga_repo/install/nav_msgs/include/nav_msgs/nav_msgs/msg/occupancy_grid.hpp
[17.633s] -- Up-to-date: /home/cairlab/Documents/GitHub/saga_repo/install/nav_msgs/include/nav_msgs/nav_msgs
[17.633s] -- Up-to-date: /home/cairlab/Documents/GitHub/saga_repo/install/nav_msgs/include/nav_msgs/nav_msgs/srv
[17.633s] -- Up-to-date: /home/cairlab/Documents/GitHub/saga_repo/install/nav_msgs/include/nav_msgs/nav_msgs/srv/detail
[17.633s] -- Installing: /home/cairlab/Documents/GitHub/saga_repo/install/nav_msgs/include/nav_msgs/nav_msgs/srv/detail/get_map__rosidl_typesupport_fastrtps_cpp.hpp
[17.633s] -- Installing: /home/cairlab/Documents/GitHub/saga_repo/install/nav_msgs/include/nav_msgs/nav_msgs/srv/detail/get_plan__rosidl_typesupport_fastrtps_cpp.hpp
[17.633s] -- Installing: /home/cairlab/Documents/GitHub/saga_repo/install/nav_msgs/include/nav_msgs/nav_msgs/srv/detail/load_map__rosidl_typesupport_fastrtps_cpp.hpp
[17.634s] -- Installing: /home/cairlab/Documents/GitHub/saga_repo/install/nav_msgs/include/nav_msgs/nav_msgs/srv/detail/set_map__rosidl_typesupport_fastrtps_cpp.hpp
[17.634s] -- Installing: /home/cairlab/Documents/GitHub/saga_repo/install/nav_msgs/include/nav_msgs/nav_msgs/srv/detail/dds_fastrtps
[17.634s] -- Up-to-date: /home/cairlab/Documents/GitHub/saga_repo/install/nav_msgs/include/nav_msgs/nav_msgs/msg
[17.634s] -- Installing: /home/cairlab/Documents/GitHub/saga_repo/install/nav_msgs/include/nav_msgs/nav_msgs/msg/rosidl_typesupport_fastrtps_cpp__visibility_control.h
[17.634s] -- Up-to-date: /home/cairlab/Documents/GitHub/saga_repo/install/nav_msgs/include/nav_msgs/nav_msgs/msg/detail
[17.635s] -- Installing: /home/cairlab/Documents/GitHub/saga_repo/install/nav_msgs/include/nav_msgs/nav_msgs/msg/detail/map_meta_data__rosidl_typesupport_fastrtps_cpp.hpp
[17.635s] -- Installing: /home/cairlab/Documents/GitHub/saga_repo/install/nav_msgs/include/nav_msgs/nav_msgs/msg/detail/odometry__rosidl_typesupport_fastrtps_cpp.hpp
[17.635s] -- Installing: /home/cairlab/Documents/GitHub/saga_repo/install/nav_msgs/include/nav_msgs/nav_msgs/msg/detail/occupancy_grid__rosidl_typesupport_fastrtps_cpp.hpp
[17.635s] -- Installing: /home/cairlab/Documents/GitHub/saga_repo/install/nav_msgs/include/nav_msgs/nav_msgs/msg/detail/grid_cells__rosidl_typesupport_fastrtps_cpp.hpp
[17.635s] -- Installing: /home/cairlab/Documents/GitHub/saga_repo/install/nav_msgs/include/nav_msgs/nav_msgs/msg/detail/path__rosidl_typesupport_fastrtps_cpp.hpp
[17.635s] -- Installing: /home/cairlab/Documents/GitHub/saga_repo/install/nav_msgs/include/nav_msgs/nav_msgs/msg/detail/dds_fastrtps
[17.636s] -- Installing: /home/cairlab/Documents/GitHub/saga_repo/install/nav_msgs/lib/libnav_msgs__rosidl_typesupport_fastrtps_cpp.so
[17.636s] -- Set runtime path of "/home/cairlab/Documents/GitHub/saga_repo/install/nav_msgs/lib/libnav_msgs__rosidl_typesupport_fastrtps_cpp.so" to ""
[17.636s] -- Up-to-date: /home/cairlab/Documents/GitHub/saga_repo/install/nav_msgs/include/nav_msgs/nav_msgs
[17.636s] -- Up-to-date: /home/cairlab/Documents/GitHub/saga_repo/install/nav_msgs/include/nav_msgs/nav_msgs/srv
[17.636s] -- Up-to-date: /home/cairlab/Documents/GitHub/saga_repo/install/nav_msgs/include/nav_msgs/nav_msgs/srv/detail
[17.636s] -- Installing: /home/cairlab/Documents/GitHub/saga_repo/install/nav_msgs/include/nav_msgs/nav_msgs/srv/detail/get_plan__rosidl_typesupport_introspection_c.h
[17.637s] -- Installing: /home/cairlab/Documents/GitHub/saga_repo/install/nav_msgs/include/nav_msgs/nav_msgs/srv/detail/load_map__type_support.c
[17.637s] -- Installing: /home/cairlab/Documents/GitHub/saga_repo/install/nav_msgs/include/nav_msgs/nav_msgs/srv/detail/get_plan__type_support.c
[17.637s] -- Installing: /home/cairlab/Documents/GitHub/saga_repo/install/nav_msgs/include/nav_msgs/nav_msgs/srv/detail/get_map__rosidl_typesupport_introspection_c.h
[17.637s] -- Installing: /home/cairlab/Documents/GitHub/saga_repo/install/nav_msgs/include/nav_msgs/nav_msgs/srv/detail/load_map__rosidl_typesupport_introspection_c.h
[17.637s] -- Installing: /home/cairlab/Documents/GitHub/saga_repo/install/nav_msgs/include/nav_msgs/nav_msgs/srv/detail/set_map__rosidl_typesupport_introspection_c.h
[17.637s] -- Installing: /home/cairlab/Documents/GitHub/saga_repo/install/nav_msgs/include/nav_msgs/nav_msgs/srv/detail/get_map__type_support.c
[17.637s] -- Installing: /home/cairlab/Documents/GitHub/saga_repo/install/nav_msgs/include/nav_msgs/nav_msgs/srv/detail/set_map__type_support.c
[17.637s] -- Up-to-date: /home/cairlab/Documents/GitHub/saga_repo/install/nav_msgs/include/nav_msgs/nav_msgs/msg
[17.638s] -- Installing: /home/cairlab/Documents/GitHub/saga_repo/install/nav_msgs/include/nav_msgs/nav_msgs/msg/rosidl_typesupport_introspection_c__visibility_control.h
[17.638s] -- Up-to-date: /home/cairlab/Documents/GitHub/saga_repo/install/nav_msgs/include/nav_msgs/nav_msgs/msg/detail
[17.638s] -- Installing: /home/cairlab/Documents/GitHub/saga_repo/install/nav_msgs/include/nav_msgs/nav_msgs/msg/detail/odometry__rosidl_typesupport_introspection_c.h
[17.638s] -- Installing: /home/cairlab/Documents/GitHub/saga_repo/install/nav_msgs/include/nav_msgs/nav_msgs/msg/detail/path__rosidl_typesupport_introspection_c.h
[17.638s] -- Installing: /home/cairlab/Documents/GitHub/saga_repo/install/nav_msgs/include/nav_msgs/nav_msgs/msg/detail/map_meta_data__rosidl_typesupport_introspection_c.h
[17.638s] -- Installing: /home/cairlab/Documents/GitHub/saga_repo/install/nav_msgs/include/nav_msgs/nav_msgs/msg/detail/grid_cells__type_support.c
[17.639s] -- Installing: /home/cairlab/Documents/GitHub/saga_repo/install/nav_msgs/include/nav_msgs/nav_msgs/msg/detail/occupancy_grid__type_support.c
[17.639s] -- Installing: /home/cairlab/Documents/GitHub/saga_repo/install/nav_msgs/include/nav_msgs/nav_msgs/msg/detail/grid_cells__rosidl_typesupport_introspection_c.h
[17.639s] -- Installing: /home/cairlab/Documents/GitHub/saga_repo/install/nav_msgs/include/nav_msgs/nav_msgs/msg/detail/occupancy_grid__rosidl_typesupport_introspection_c.h
[17.639s] -- Installing: /home/cairlab/Documents/GitHub/saga_repo/install/nav_msgs/include/nav_msgs/nav_msgs/msg/detail/path__type_support.c
[17.639s] -- Installing: /home/cairlab/Documents/GitHub/saga_repo/install/nav_msgs/include/nav_msgs/nav_msgs/msg/detail/odometry__type_support.c
[17.639s] -- Installing: /home/cairlab/Documents/GitHub/saga_repo/install/nav_msgs/include/nav_msgs/nav_msgs/msg/detail/map_meta_data__type_support.c
[17.639s] -- Installing: /home/cairlab/Documents/GitHub/saga_repo/install/nav_msgs/lib/libnav_msgs__rosidl_typesupport_introspection_c.so
[17.640s] -- Set runtime path of "/home/cairlab/Documents/GitHub/saga_repo/install/nav_msgs/lib/libnav_msgs__rosidl_typesupport_introspection_c.so" to ""
[17.640s] -- Installing: /home/cairlab/Documents/GitHub/saga_repo/install/nav_msgs/lib/libnav_msgs__rosidl_typesupport_c.so
[17.640s] -- Set runtime path of "/home/cairlab/Documents/GitHub/saga_repo/install/nav_msgs/lib/libnav_msgs__rosidl_typesupport_c.so" to ""
[17.640s] -- Up-to-date: /home/cairlab/Documents/GitHub/saga_repo/install/nav_msgs/include/nav_msgs/nav_msgs
[17.640s] -- Up-to-date: /home/cairlab/Documents/GitHub/saga_repo/install/nav_msgs/include/nav_msgs/nav_msgs/srv
[17.641s] -- Up-to-date: /home/cairlab/Documents/GitHub/saga_repo/install/nav_msgs/include/nav_msgs/nav_msgs/srv/detail
[17.641s] -- Installing: /home/cairlab/Documents/GitHub/saga_repo/install/nav_msgs/include/nav_msgs/nav_msgs/srv/detail/load_map__type_support.cpp
[17.641s] -- Installing: /home/cairlab/Documents/GitHub/saga_repo/install/nav_msgs/include/nav_msgs/nav_msgs/srv/detail/get_map__rosidl_typesupport_introspection_cpp.hpp
[17.641s] -- Installing: /home/cairlab/Documents/GitHub/saga_repo/install/nav_msgs/include/nav_msgs/nav_msgs/srv/detail/get_plan__rosidl_typesupport_introspection_cpp.hpp
[17.641s] -- Installing: /home/cairlab/Documents/GitHub/saga_repo/install/nav_msgs/include/nav_msgs/nav_msgs/srv/detail/load_map__rosidl_typesupport_introspection_cpp.hpp
[17.641s] -- Installing: /home/cairlab/Documents/GitHub/saga_repo/install/nav_msgs/include/nav_msgs/nav_msgs/srv/detail/set_map__rosidl_typesupport_introspection_cpp.hpp
[17.642s] -- Installing: /home/cairlab/Documents/GitHub/saga_repo/install/nav_msgs/include/nav_msgs/nav_msgs/srv/detail/set_map__type_support.cpp
[17.642s] -- Installing: /home/cairlab/Documents/GitHub/saga_repo/install/nav_msgs/include/nav_msgs/nav_msgs/srv/detail/get_plan__type_support.cpp
[17.642s] -- Installing: /home/cairlab/Documents/GitHub/saga_repo/install/nav_msgs/include/nav_msgs/nav_msgs/srv/detail/get_map__type_support.cpp
[17.642s] -- Up-to-date: /home/cairlab/Documents/GitHub/saga_repo/install/nav_msgs/include/nav_msgs/nav_msgs/msg
[17.642s] -- Up-to-date: /home/cairlab/Documents/GitHub/saga_repo/install/nav_msgs/include/nav_msgs/nav_msgs/msg/detail
[17.642s] -- Installing: /home/cairlab/Documents/GitHub/saga_repo/install/nav_msgs/include/nav_msgs/nav_msgs/msg/detail/path__rosidl_typesupport_introspection_cpp.hpp
[17.642s] -- Installing: /home/cairlab/Documents/GitHub/saga_repo/install/nav_msgs/include/nav_msgs/nav_msgs/msg/detail/occupancy_grid__rosidl_typesupport_introspection_cpp.hpp
[17.642s] -- Installing: /home/cairlab/Documents/GitHub/saga_repo/install/nav_msgs/include/nav_msgs/nav_msgs/msg/detail/odometry__rosidl_typesupport_introspection_cpp.hpp
[17.643s] -- Installing: /home/cairlab/Documents/GitHub/saga_repo/install/nav_msgs/include/nav_msgs/nav_msgs/msg/detail/map_meta_data__rosidl_typesupport_introspection_cpp.hpp
[17.643s] -- Installing: /home/cairlab/Documents/GitHub/saga_repo/install/nav_msgs/include/nav_msgs/nav_msgs/msg/detail/grid_cells__rosidl_typesupport_introspection_cpp.hpp
[17.643s] -- Installing: /home/cairlab/Documents/GitHub/saga_repo/install/nav_msgs/include/nav_msgs/nav_msgs/msg/detail/path__type_support.cpp
[17.643s] -- Installing: /home/cairlab/Documents/GitHub/saga_repo/install/nav_msgs/include/nav_msgs/nav_msgs/msg/detail/odometry__type_support.cpp
[17.643s] -- Installing: /home/cairlab/Documents/GitHub/saga_repo/install/nav_msgs/include/nav_msgs/nav_msgs/msg/detail/occupancy_grid__type_support.cpp
[17.643s] -- Installing: /home/cairlab/Documents/GitHub/saga_repo/install/nav_msgs/include/nav_msgs/nav_msgs/msg/detail/map_meta_data__type_support.cpp
[17.644s] -- Installing: /home/cairlab/Documents/GitHub/saga_repo/install/nav_msgs/include/nav_msgs/nav_msgs/msg/detail/grid_cells__type_support.cpp
[17.644s] -- Installing: /home/cairlab/Documents/GitHub/saga_repo/install/nav_msgs/lib/libnav_msgs__rosidl_typesupport_introspection_cpp.so
[17.644s] -- Set runtime path of "/home/cairlab/Documents/GitHub/saga_repo/install/nav_msgs/lib/libnav_msgs__rosidl_typesupport_introspection_cpp.so" to ""
[17.644s] -- Installing: /home/cairlab/Documents/GitHub/saga_repo/install/nav_msgs/lib/libnav_msgs__rosidl_typesupport_cpp.so
[17.644s] -- Set runtime path of "/home/cairlab/Documents/GitHub/saga_repo/install/nav_msgs/lib/libnav_msgs__rosidl_typesupport_cpp.so" to ""
[17.644s] -- Installing: /home/cairlab/Documents/GitHub/saga_repo/install/nav_msgs/share/nav_msgs/environment/pythonpath.sh
[17.644s] -- Installing: /home/cairlab/Documents/GitHub/saga_repo/install/nav_msgs/share/nav_msgs/environment/pythonpath.dsv
[17.645s] -- Installing: /home/cairlab/Documents/GitHub/saga_repo/install/nav_msgs/local/lib/python3.10/dist-packages/nav_msgs-5.2.0-py3.10.egg-info
[17.645s] -- Installing: /home/cairlab/Documents/GitHub/saga_repo/install/nav_msgs/local/lib/python3.10/dist-packages/nav_msgs-5.2.0-py3.10.egg-info/dependency_links.txt
[17.645s] -- Installing: /home/cairlab/Documents/GitHub/saga_repo/install/nav_msgs/local/lib/python3.10/dist-packages/nav_msgs-5.2.0-py3.10.egg-info/PKG-INFO
[17.645s] -- Installing: /home/cairlab/Documents/GitHub/saga_repo/install/nav_msgs/local/lib/python3.10/dist-packages/nav_msgs-5.2.0-py3.10.egg-info/SOURCES.txt
[17.645s] -- Installing: /home/cairlab/Documents/GitHub/saga_repo/install/nav_msgs/local/lib/python3.10/dist-packages/nav_msgs-5.2.0-py3.10.egg-info/top_level.txt
[17.645s] -- Installing: /home/cairlab/Documents/GitHub/saga_repo/install/nav_msgs/local/lib/python3.10/dist-packages/nav_msgs
[17.646s] -- Installing: /home/cairlab/Documents/GitHub/saga_repo/install/nav_msgs/local/lib/python3.10/dist-packages/nav_msgs/nav_msgs_s__rosidl_typesupport_fastrtps_c.cpython-310-x86_64-linux-gnu.so
[17.646s] -- Installing: /home/cairlab/Documents/GitHub/saga_repo/install/nav_msgs/local/lib/python3.10/dist-packages/nav_msgs/srv
[17.646s] -- Installing: /home/cairlab/Documents/GitHub/saga_repo/install/nav_msgs/local/lib/python3.10/dist-packages/nav_msgs/srv/_set_map_s.c
[17.646s] -- Installing: /home/cairlab/Documents/GitHub/saga_repo/install/nav_msgs/local/lib/python3.10/dist-packages/nav_msgs/srv/_get_plan_s.c
[17.646s] -- Installing: /home/cairlab/Documents/GitHub/saga_repo/install/nav_msgs/local/lib/python3.10/dist-packages/nav_msgs/srv/_get_plan.py
[17.646s] -- Installing: /home/cairlab/Documents/GitHub/saga_repo/install/nav_msgs/local/lib/python3.10/dist-packages/nav_msgs/srv/_load_map.py
[17.646s] -- Installing: /home/cairlab/Documents/GitHub/saga_repo/install/nav_msgs/local/lib/python3.10/dist-packages/nav_msgs/srv/_get_map_s.c
[17.647s] -- Installing: /home/cairlab/Documents/GitHub/saga_repo/install/nav_msgs/local/lib/python3.10/dist-packages/nav_msgs/srv/__init__.py
[17.647s] -- Installing: /home/cairlab/Documents/GitHub/saga_repo/install/nav_msgs/local/lib/python3.10/dist-packages/nav_msgs/srv/_set_map.py
[17.647s] -- Installing: /home/cairlab/Documents/GitHub/saga_repo/install/nav_msgs/local/lib/python3.10/dist-packages/nav_msgs/srv/_get_map.py
[17.647s] -- Installing: /home/cairlab/Documents/GitHub/saga_repo/install/nav_msgs/local/lib/python3.10/dist-packages/nav_msgs/srv/_load_map_s.c
[17.647s] -- Installing: /home/cairlab/Documents/GitHub/saga_repo/install/nav_msgs/local/lib/python3.10/dist-packages/nav_msgs/_nav_msgs_s.ep.rosidl_typesupport_fastrtps_c.c
[17.647s] -- Installing: /home/cairlab/Documents/GitHub/saga_repo/install/nav_msgs/local/lib/python3.10/dist-packages/nav_msgs/nav_msgs_s__rosidl_typesupport_c.cpython-310-x86_64-linux-gnu.so
[17.647s] -- Installing: /home/cairlab/Documents/GitHub/saga_repo/install/nav_msgs/local/lib/python3.10/dist-packages/nav_msgs/nav_msgs_s__rosidl_typesupport_introspection_c.cpython-310-x86_64-linux-gnu.so
[17.648s] -- Installing: /home/cairlab/Documents/GitHub/saga_repo/install/nav_msgs/local/lib/python3.10/dist-packages/nav_msgs/_nav_msgs_s.ep.rosidl_typesupport_introspection_c.c
[17.648s] -- Installing: /home/cairlab/Documents/GitHub/saga_repo/install/nav_msgs/local/lib/python3.10/dist-packages/nav_msgs/_nav_msgs_s.ep.rosidl_typesupport_c.c
[17.648s] -- Installing: /home/cairlab/Documents/GitHub/saga_repo/install/nav_msgs/local/lib/python3.10/dist-packages/nav_msgs/__init__.py
[17.648s] -- Installing: /home/cairlab/Documents/GitHub/saga_repo/install/nav_msgs/local/lib/python3.10/dist-packages/nav_msgs/libnav_msgs__rosidl_generator_py.so
[17.648s] -- Installing: /home/cairlab/Documents/GitHub/saga_repo/install/nav_msgs/local/lib/python3.10/dist-packages/nav_msgs/msg
[17.648s] -- Installing: /home/cairlab/Documents/GitHub/saga_repo/install/nav_msgs/local/lib/python3.10/dist-packages/nav_msgs/msg/_occupancy_grid_s.c
[17.648s] -- Installing: /home/cairlab/Documents/GitHub/saga_repo/install/nav_msgs/local/lib/python3.10/dist-packages/nav_msgs/msg/_grid_cells_s.c
[17.649s] -- Installing: /home/cairlab/Documents/GitHub/saga_repo/install/nav_msgs/local/lib/python3.10/dist-packages/nav_msgs/msg/_map_meta_data_s.c
[17.649s] -- Installing: /home/cairlab/Documents/GitHub/saga_repo/install/nav_msgs/local/lib/python3.10/dist-packages/nav_msgs/msg/_odometry.py
[17.649s] -- Installing: /home/cairlab/Documents/GitHub/saga_repo/install/nav_msgs/local/lib/python3.10/dist-packages/nav_msgs/msg/__init__.py
[17.649s] -- Installing: /home/cairlab/Documents/GitHub/saga_repo/install/nav_msgs/local/lib/python3.10/dist-packages/nav_msgs/msg/_path_s.c
[17.649s] -- Installing: /home/cairlab/Documents/GitHub/saga_repo/install/nav_msgs/local/lib/python3.10/dist-packages/nav_msgs/msg/_odometry_s.c
[17.649s] -- Installing: /home/cairlab/Documents/GitHub/saga_repo/install/nav_msgs/local/lib/python3.10/dist-packages/nav_msgs/msg/_occupancy_grid.py
[17.652s] -- Installing: /home/cairlab/Documents/GitHub/saga_repo/install/nav_msgs/local/lib/python3.10/dist-packages/nav_msgs/msg/_map_meta_data.py
[17.652s] -- Installing: /home/cairlab/Documents/GitHub/saga_repo/install/nav_msgs/local/lib/python3.10/dist-packages/nav_msgs/msg/_grid_cells.py
[17.652s] -- Installing: /home/cairlab/Documents/GitHub/saga_repo/install/nav_msgs/local/lib/python3.10/dist-packages/nav_msgs/msg/_path.py
[17.715s] Listing '/home/cairlab/Documents/GitHub/saga_repo/install/nav_msgs/local/lib/python3.10/dist-packages/nav_msgs'...
[17.716s] Compiling '/home/cairlab/Documents/GitHub/saga_repo/install/nav_msgs/local/lib/python3.10/dist-packages/nav_msgs/__init__.py'...
[17.716s] Listing '/home/cairlab/Documents/GitHub/saga_repo/install/nav_msgs/local/lib/python3.10/dist-packages/nav_msgs/msg'...
[17.716s] Compiling '/home/cairlab/Documents/GitHub/saga_repo/install/nav_msgs/local/lib/python3.10/dist-packages/nav_msgs/msg/__init__.py'...
[17.716s] Compiling '/home/cairlab/Documents/GitHub/saga_repo/install/nav_msgs/local/lib/python3.10/dist-packages/nav_msgs/msg/_grid_cells.py'...
[17.716s] Compiling '/home/cairlab/Documents/GitHub/saga_repo/install/nav_msgs/local/lib/python3.10/dist-packages/nav_msgs/msg/_map_meta_data.py'...
[17.716s] Compiling '/home/cairlab/Documents/GitHub/saga_repo/install/nav_msgs/local/lib/python3.10/dist-packages/nav_msgs/msg/_occupancy_grid.py'...
[17.716s] Compiling '/home/cairlab/Documents/GitHub/saga_repo/install/nav_msgs/local/lib/python3.10/dist-packages/nav_msgs/msg/_odometry.py'...
[17.716s] Compiling '/home/cairlab/Documents/GitHub/saga_repo/install/nav_msgs/local/lib/python3.10/dist-packages/nav_msgs/msg/_path.py'...
[17.716s] Listing '/home/cairlab/Documents/GitHub/saga_repo/install/nav_msgs/local/lib/python3.10/dist-packages/nav_msgs/srv'...
[17.716s] Compiling '/home/cairlab/Documents/GitHub/saga_repo/install/nav_msgs/local/lib/python3.10/dist-packages/nav_msgs/srv/__init__.py'...
[17.717s] Compiling '/home/cairlab/Documents/GitHub/saga_repo/install/nav_msgs/local/lib/python3.10/dist-packages/nav_msgs/srv/_get_map.py'...
[17.717s] Compiling '/home/cairlab/Documents/GitHub/saga_repo/install/nav_msgs/local/lib/python3.10/dist-packages/nav_msgs/srv/_get_plan.py'...
[17.717s] Compiling '/home/cairlab/Documents/GitHub/saga_repo/install/nav_msgs/local/lib/python3.10/dist-packages/nav_msgs/srv/_load_map.py'...
[17.717s] Compiling '/home/cairlab/Documents/GitHub/saga_repo/install/nav_msgs/local/lib/python3.10/dist-packages/nav_msgs/srv/_set_map.py'...
[17.725s] -- Installing: /home/cairlab/Documents/GitHub/saga_repo/install/nav_msgs/local/lib/python3.10/dist-packages/nav_msgs/nav_msgs_s__rosidl_typesupport_fastrtps_c.cpython-310-x86_64-linux-gnu.so
[17.726s] -- Set runtime path of "/home/cairlab/Documents/GitHub/saga_repo/install/nav_msgs/local/lib/python3.10/dist-packages/nav_msgs/nav_msgs_s__rosidl_typesupport_fastrtps_c.cpython-310-x86_64-linux-gnu.so" to ""
[17.727s] -- Installing: /home/cairlab/Documents/GitHub/saga_repo/install/nav_msgs/local/lib/python3.10/dist-packages/nav_msgs/nav_msgs_s__rosidl_typesupport_introspection_c.cpython-310-x86_64-linux-gnu.so
[17.727s] -- Set runtime path of "/home/cairlab/Documents/GitHub/saga_repo/install/nav_msgs/local/lib/python3.10/dist-packages/nav_msgs/nav_msgs_s__rosidl_typesupport_introspection_c.cpython-310-x86_64-linux-gnu.so" to ""
[17.728s] -- Installing: /home/cairlab/Documents/GitHub/saga_repo/install/nav_msgs/local/lib/python3.10/dist-packages/nav_msgs/nav_msgs_s__rosidl_typesupport_c.cpython-310-x86_64-linux-gnu.so
[17.728s] -- Set runtime path of "/home/cairlab/Documents/GitHub/saga_repo/install/nav_msgs/local/lib/python3.10/dist-packages/nav_msgs/nav_msgs_s__rosidl_typesupport_c.cpython-310-x86_64-linux-gnu.so" to ""
[17.729s] -- Installing: /home/cairlab/Documents/GitHub/saga_repo/install/nav_msgs/lib/libnav_msgs__rosidl_generator_py.so
[17.730s] -- Set runtime path of "/home/cairlab/Documents/GitHub/saga_repo/install/nav_msgs/lib/libnav_msgs__rosidl_generator_py.so" to ""
[17.730s] -- Installing: /home/cairlab/Documents/GitHub/saga_repo/install/nav_msgs/share/nav_msgs/msg/GridCells.idl
[17.730s] -- Installing: /home/cairlab/Documents/GitHub/saga_repo/install/nav_msgs/share/nav_msgs/msg/MapMetaData.idl
[17.730s] -- Installing: /home/cairlab/Documents/GitHub/saga_repo/install/nav_msgs/share/nav_msgs/msg/OccupancyGrid.idl
[17.731s] -- Installing: /home/cairlab/Documents/GitHub/saga_repo/install/nav_msgs/share/nav_msgs/msg/Odometry.idl
[17.731s] -- Installing: /home/cairlab/Documents/GitHub/saga_repo/install/nav_msgs/share/nav_msgs/msg/Path.idl
[17.731s] -- Installing: /home/cairlab/Documents/GitHub/saga_repo/install/nav_msgs/share/nav_msgs/srv/GetMap.idl
[17.732s] -- Installing: /home/cairlab/Documents/GitHub/saga_repo/install/nav_msgs/share/nav_msgs/srv/GetPlan.idl
[17.732s] -- Installing: /home/cairlab/Documents/GitHub/saga_repo/install/nav_msgs/share/nav_msgs/srv/LoadMap.idl
[17.732s] -- Installing: /home/cairlab/Documents/GitHub/saga_repo/install/nav_msgs/share/nav_msgs/srv/SetMap.idl
[17.733s] -- Installing: /home/cairlab/Documents/GitHub/saga_repo/install/nav_msgs/share/nav_msgs/msg/GridCells.msg
[17.733s] -- Installing: /home/cairlab/Documents/GitHub/saga_repo/install/nav_msgs/share/nav_msgs/msg/MapMetaData.msg
[17.734s] -- Installing: /home/cairlab/Documents/GitHub/saga_repo/install/nav_msgs/share/nav_msgs/msg/OccupancyGrid.msg
[17.734s] -- Installing: /home/cairlab/Documents/GitHub/saga_repo/install/nav_msgs/share/nav_msgs/msg/Odometry.msg
[17.734s] -- Installing: /home/cairlab/Documents/GitHub/saga_repo/install/nav_msgs/share/nav_msgs/msg/Path.msg
[17.735s] -- Installing: /home/cairlab/Documents/GitHub/saga_repo/install/nav_msgs/share/nav_msgs/srv/GetMap.srv
[17.736s] -- Installing: /home/cairlab/Documents/GitHub/saga_repo/install/nav_msgs/share/nav_msgs/srv/GetMap_Request.msg
[17.736s] -- Installing: /home/cairlab/Documents/GitHub/saga_repo/install/nav_msgs/share/nav_msgs/srv/GetMap_Response.msg
[17.736s] -- Installing: /home/cairlab/Documents/GitHub/saga_repo/install/nav_msgs/share/nav_msgs/srv/GetPlan.srv
[17.737s] -- Installing: /home/cairlab/Documents/GitHub/saga_repo/install/nav_msgs/share/nav_msgs/srv/GetPlan_Request.msg
[17.737s] -- Installing: /home/cairlab/Documents/GitHub/saga_repo/install/nav_msgs/share/nav_msgs/srv/GetPlan_Response.msg
[17.737s] -- Installing: /home/cairlab/Documents/GitHub/saga_repo/install/nav_msgs/share/nav_msgs/srv/LoadMap.srv
[17.738s] -- Installing: /home/cairlab/Documents/GitHub/saga_repo/install/nav_msgs/share/nav_msgs/srv/LoadMap_Request.msg
[17.738s] -- Installing: /home/cairlab/Documents/GitHub/saga_repo/install/nav_msgs/share/nav_msgs/srv/LoadMap_Response.msg
[17.738s] -- Installing: /home/cairlab/Documents/GitHub/saga_repo/install/nav_msgs/share/nav_msgs/srv/SetMap.srv
[17.739s] -- Installing: /home/cairlab/Documents/GitHub/saga_repo/install/nav_msgs/share/nav_msgs/srv/SetMap_Request.msg
[17.739s] -- Installing: /home/cairlab/Documents/GitHub/saga_repo/install/nav_msgs/share/nav_msgs/srv/SetMap_Response.msg
[17.739s] -- Installing: /home/cairlab/Documents/GitHub/saga_repo/install/nav_msgs/share/ament_index/resource_index/package_run_dependencies/nav_msgs
[17.740s] -- Installing: /home/cairlab/Documents/GitHub/saga_repo/install/nav_msgs/share/ament_index/resource_index/parent_prefix_path/nav_msgs
[17.740s] -- Installing: /home/cairlab/Documents/GitHub/saga_repo/install/nav_msgs/share/nav_msgs/environment/ament_prefix_path.sh
[17.740s] -- Installing: /home/cairlab/Documents/GitHub/saga_repo/install/nav_msgs/share/nav_msgs/environment/ament_prefix_path.dsv
[17.741s] -- Installing: /home/cairlab/Documents/GitHub/saga_repo/install/nav_msgs/share/nav_msgs/environment/path.sh
[17.741s] -- Installing: /home/cairlab/Documents/GitHub/saga_repo/install/nav_msgs/share/nav_msgs/environment/path.dsv
[17.741s] -- Installing: /home/cairlab/Documents/GitHub/saga_repo/install/nav_msgs/share/nav_msgs/local_setup.bash
[17.742s] -- Installing: /home/cairlab/Documents/GitHub/saga_repo/install/nav_msgs/share/nav_msgs/local_setup.sh
[17.742s] -- Installing: /home/cairlab/Documents/GitHub/saga_repo/install/nav_msgs/share/nav_msgs/local_setup.zsh
[17.742s] -- Installing: /home/cairlab/Documents/GitHub/saga_repo/install/nav_msgs/share/nav_msgs/local_setup.dsv
[17.743s] -- Installing: /home/cairlab/Documents/GitHub/saga_repo/install/nav_msgs/share/nav_msgs/package.dsv
[17.743s] -- Installing: /home/cairlab/Documents/GitHub/saga_repo/install/nav_msgs/share/ament_index/resource_index/packages/nav_msgs
[17.744s] -- Installing: /home/cairlab/Documents/GitHub/saga_repo/install/nav_msgs/share/nav_msgs/cmake/export_nav_msgs__rosidl_generator_cExport.cmake
[17.744s] -- Installing: /home/cairlab/Documents/GitHub/saga_repo/install/nav_msgs/share/nav_msgs/cmake/export_nav_msgs__rosidl_generator_cExport-noconfig.cmake
[17.745s] -- Installing: /home/cairlab/Documents/GitHub/saga_repo/install/nav_msgs/share/nav_msgs/cmake/export_nav_msgs__rosidl_typesupport_fastrtps_cExport.cmake
[17.745s] -- Installing: /home/cairlab/Documents/GitHub/saga_repo/install/nav_msgs/share/nav_msgs/cmake/export_nav_msgs__rosidl_typesupport_fastrtps_cExport-noconfig.cmake
[17.745s] -- Installing: /home/cairlab/Documents/GitHub/saga_repo/install/nav_msgs/share/nav_msgs/cmake/export_nav_msgs__rosidl_generator_cppExport.cmake
[17.746s] -- Installing: /home/cairlab/Documents/GitHub/saga_repo/install/nav_msgs/share/nav_msgs/cmake/export_nav_msgs__rosidl_typesupport_fastrtps_cppExport.cmake
[17.746s] -- Installing: /home/cairlab/Documents/GitHub/saga_repo/install/nav_msgs/share/nav_msgs/cmake/export_nav_msgs__rosidl_typesupport_fastrtps_cppExport-noconfig.cmake
[17.747s] -- Installing: /home/cairlab/Documents/GitHub/saga_repo/install/nav_msgs/share/nav_msgs/cmake/nav_msgs__rosidl_typesupport_introspection_cExport.cmake
[17.747s] -- Installing: /home/cairlab/Documents/GitHub/saga_repo/install/nav_msgs/share/nav_msgs/cmake/nav_msgs__rosidl_typesupport_introspection_cExport-noconfig.cmake
[17.747s] -- Installing: /home/cairlab/Documents/GitHub/saga_repo/install/nav_msgs/share/nav_msgs/cmake/nav_msgs__rosidl_typesupport_cExport.cmake
[17.748s] -- Installing: /home/cairlab/Documents/GitHub/saga_repo/install/nav_msgs/share/nav_msgs/cmake/nav_msgs__rosidl_typesupport_cExport-noconfig.cmake
[17.748s] -- Installing: /home/cairlab/Documents/GitHub/saga_repo/install/nav_msgs/share/nav_msgs/cmake/nav_msgs__rosidl_typesupport_introspection_cppExport.cmake
[17.749s] -- Installing: /home/cairlab/Documents/GitHub/saga_repo/install/nav_msgs/share/nav_msgs/cmake/nav_msgs__rosidl_typesupport_introspection_cppExport-noconfig.cmake
[17.749s] -- Installing: /home/cairlab/Documents/GitHub/saga_repo/install/nav_msgs/share/nav_msgs/cmake/nav_msgs__rosidl_typesupport_cppExport.cmake
[17.749s] -- Installing: /home/cairlab/Documents/GitHub/saga_repo/install/nav_msgs/share/nav_msgs/cmake/nav_msgs__rosidl_typesupport_cppExport-noconfig.cmake
[17.756s] -- Installing: /home/cairlab/Documents/GitHub/saga_repo/install/nav_msgs/share/nav_msgs/cmake/export_nav_msgs__rosidl_generator_pyExport.cmake
[17.757s] -- Installing: /home/cairlab/Documents/GitHub/saga_repo/install/nav_msgs/share/nav_msgs/cmake/export_nav_msgs__rosidl_generator_pyExport-noconfig.cmake
[17.758s] -- Installing: /home/cairlab/Documents/GitHub/saga_repo/install/nav_msgs/share/nav_msgs/cmake/rosidl_cmake-extras.cmake
[17.758s] -- Installing: /home/cairlab/Documents/GitHub/saga_repo/install/nav_msgs/share/nav_msgs/cmake/ament_cmake_export_dependencies-extras.cmake
[17.758s] -- Installing: /home/cairlab/Documents/GitHub/saga_repo/install/nav_msgs/share/nav_msgs/cmake/ament_cmake_export_include_directories-extras.cmake
[17.759s] -- Installing: /home/cairlab/Documents/GitHub/saga_repo/install/nav_msgs/share/nav_msgs/cmake/ament_cmake_export_libraries-extras.cmake
[17.759s] -- Installing: /home/cairlab/Documents/GitHub/saga_repo/install/nav_msgs/share/nav_msgs/cmake/ament_cmake_export_targets-extras.cmake
[17.759s] -- Installing: /home/cairlab/Documents/GitHub/saga_repo/install/nav_msgs/share/nav_msgs/cmake/rosidl_cmake_export_typesupport_targets-extras.cmake
[17.760s] -- Installing: /home/cairlab/Documents/GitHub/saga_repo/install/nav_msgs/share/nav_msgs/cmake/rosidl_cmake_export_typesupport_libraries-extras.cmake
[17.760s] -- Installing: /home/cairlab/Documents/GitHub/saga_repo/install/nav_msgs/share/nav_msgs/cmake/nav_msgsConfig.cmake
[17.761s] -- Installing: /home/cairlab/Documents/GitHub/saga_repo/install/nav_msgs/share/nav_msgs/cmake/nav_msgsConfig-version.cmake
[17.761s] -- Installing: /home/cairlab/Documents/GitHub/saga_repo/install/nav_msgs/share/nav_msgs/package.xml
[17.774s] Invoked command in '/home/cairlab/Documents/GitHub/saga_repo/build/nav_msgs' returned '0': AMENT_PREFIX_PATH=/home/cairlab/Documents/GitHub/saga_repo/install/geometry_msgs:/home/cairlab/Documents/GitHub/saga_repo/install/std_msgs:${AMENT_PREFIX_PATH} CMAKE_PREFIX_PATH=/home/cairlab/Documents/GitHub/saga_repo/install/geometry_msgs:/home/cairlab/Documents/GitHub/saga_repo/install/std_msgs:/opt/ros/humble LD_LIBRARY_PATH=/home/cairlab/Documents/GitHub/saga_repo/install/geometry_msgs/lib:/home/cairlab/Documents/GitHub/saga_repo/install/std_msgs/lib:${LD_LIBRARY_PATH} PYTHONPATH=/home/cairlab/Documents/GitHub/saga_repo/install/geometry_msgs/local/lib/python3.10/dist-packages:/home/cairlab/Documents/GitHub/saga_repo/install/std_msgs/local/lib/python3.10/dist-packages:${PYTHONPATH} /usr/bin/cmake --install /home/cairlab/Documents/GitHub/saga_repo/build/nav_msgs
