/home/odin/Documents/GitHub/saga_repo/install/loki_base/lib/python3.10/site-packages/loki_base/pltf_clc_std.py
/home/odin/Documents/GitHub/saga_repo/install/loki_base/lib/python3.10/site-packages/loki_base/enclosure_board_serial.py
/home/odin/Documents/GitHub/saga_repo/install/loki_base/lib/python3.10/site-packages/loki_base/base_driver.py
/home/odin/Documents/GitHub/saga_repo/install/loki_base/lib/python3.10/site-packages/loki_base/__init__.py
/home/odin/Documents/GitHub/saga_repo/install/loki_base/lib/python3.10/site-packages/loki_base/canframe.py
/home/odin/Documents/GitHub/saga_repo/install/loki_base/lib/python3.10/site-packages/loki_base/Py_Base_State.py
/home/odin/Documents/GitHub/saga_repo/install/loki_base/lib/python3.10/site-packages/loki_base/__pycache__/pltf_clc_std.cpython-310.pyc
/home/odin/Documents/GitHub/saga_repo/install/loki_base/lib/python3.10/site-packages/loki_base/__pycache__/enclosure_board_serial.cpython-310.pyc
/home/odin/Documents/GitHub/saga_repo/install/loki_base/lib/python3.10/site-packages/loki_base/__pycache__/base_driver.cpython-310.pyc
/home/odin/Documents/GitHub/saga_repo/install/loki_base/lib/python3.10/site-packages/loki_base/__pycache__/__init__.cpython-310.pyc
/home/odin/Documents/GitHub/saga_repo/install/loki_base/lib/python3.10/site-packages/loki_base/__pycache__/canframe.cpython-310.pyc
/home/odin/Documents/GitHub/saga_repo/install/loki_base/lib/python3.10/site-packages/loki_base/__pycache__/Py_Base_State.cpython-310.pyc
/home/odin/Documents/GitHub/saga_repo/install/loki_base/share/ament_index/resource_index/packages/loki_base
/home/odin/Documents/GitHub/saga_repo/install/loki_base/share/loki_base/package.xml
/home/odin/Documents/GitHub/saga_repo/install/loki_base/share/loki_base/launch/base_bringup.launch.py
/home/odin/Documents/GitHub/saga_repo/install/loki_base/share/loki_base/config/robot_017.yaml
/home/odin/Documents/GitHub/saga_repo/install/loki_base/lib/python3.10/site-packages/loki_base-2.0.0-py3.10.egg-info/zip-safe
/home/odin/Documents/GitHub/saga_repo/install/loki_base/lib/python3.10/site-packages/loki_base-2.0.0-py3.10.egg-info/SOURCES.txt
/home/odin/Documents/GitHub/saga_repo/install/loki_base/lib/python3.10/site-packages/loki_base-2.0.0-py3.10.egg-info/requires.txt
/home/odin/Documents/GitHub/saga_repo/install/loki_base/lib/python3.10/site-packages/loki_base-2.0.0-py3.10.egg-info/top_level.txt
/home/odin/Documents/GitHub/saga_repo/install/loki_base/lib/python3.10/site-packages/loki_base-2.0.0-py3.10.egg-info/PKG-INFO
/home/odin/Documents/GitHub/saga_repo/install/loki_base/lib/python3.10/site-packages/loki_base-2.0.0-py3.10.egg-info/dependency_links.txt
/home/odin/Documents/GitHub/saga_repo/install/loki_base/lib/python3.10/site-packages/loki_base-2.0.0-py3.10.egg-info/entry_points.txt
/home/odin/Documents/GitHub/saga_repo/install/loki_base/lib/loki_base/base_driver
/home/odin/Documents/GitHub/saga_repo/install/loki_base/lib/loki_base/enlcosure_board_serial
