[0.118s] Invoking command in '/home/odin/Documents/GitHub/saga_repo/build/loki_description': CMAKE_PREFIX_PATH=/opt/ros/humble /usr/bin/cmake /home/odin/Documents/GitHub/saga_repo/ros2_thor/src/loki/loki_description -DCMAKE_INSTALL_PREFIX=/home/odin/Documents/GitHub/saga_repo/install/loki_description
[0.316s] -- Found ament_cmake: 1.3.5 (/opt/ros/humble/share/ament_cmake/cmake)
[0.317s] -- Found controller_manager: 2.32.0 (/opt/ros/humble/share/controller_manager/cmake)
[0.317s] -- Found rosidl_generator_c: 3.1.5 (/opt/ros/humble/share/rosidl_generator_c/cmake)
[0.317s] -- Found rosidl_adapter: 3.1.5 (/opt/ros/humble/share/rosidl_adapter/cmake)
[0.318s] -- Found rosidl_generator_cpp: 3.1.5 (/opt/ros/humble/share/rosidl_generator_cpp/cmake)
[0.318s] -- Using all available rosidl_typesupport_c: rosidl_typesupport_fastrtps_c;rosidl_typesupport_introspection_c
[0.318s] -- Using all available rosidl_typesupport_cpp: rosidl_typesupport_fastrtps_cpp;rosidl_typesupport_introspection_cpp
[0.767s] -- Found rmw_implementation_cmake: 6.1.1 (/opt/ros/humble/share/rmw_implementation_cmake/cmake)
[0.769s] -- Found rmw_fastrtps_cpp: 6.2.4 (/opt/ros/humble/share/rmw_fastrtps_cpp/cmake)
[0.835s] -- Found OpenSSL: /usr/lib/x86_64-linux-gnu/libcrypto.so (found version "3.0.2")  
[0.854s] -- Found FastRTPS: /opt/ros/humble/include  
[0.886s] -- Using RMW implementation 'rmw_fastrtps_cpp' as default
[0.892s] -- Looking for pthread.h
[0.942s] -- Looking for pthread.h - found
[0.942s] -- Performing Test CMAKE_HAVE_LIBC_PTHREAD
[1.046s] -- Performing Test CMAKE_HAVE_LIBC_PTHREAD - Success
[1.046s] -- Found Threads: TRUE  
[1.441s] -- Found robot_state_publisher: 3.0.2 (/opt/ros/humble/share/robot_state_publisher/cmake)
[1.452s] -- Found eigen3_cmake_module: 0.1.1 (/opt/ros/humble/share/eigen3_cmake_module/cmake)
[1.453s] -- Found Eigen3: TRUE (found version "3.4.0") 
[1.453s] -- Ensuring Eigen3 include directory is part of orocos-kdl CMake target
[1.640s] -- Found rclpy: 3.3.10 (/opt/ros/humble/share/rclpy/cmake)
[1.645s] [31mCMake Error at CMakeLists.txt:10 (find_package):
[1.646s]   By not providing "Findxacro.cmake" in CMAKE_MODULE_PATH this project has
[1.646s]   asked CMake to find a package configuration file provided by "xacro", but
[1.646s]   CMake did not find one.
[1.646s] 
[1.646s]   Could not find a package configuration file provided by "xacro" with any of
[1.646s]   the following names:
[1.646s] 
[1.646s]     xacroConfig.cmake
[1.646s]     xacro-config.cmake
[1.646s] 
[1.646s]   Add the installation prefix of "xacro" to CMAKE_PREFIX_PATH or set
[1.646s]   "xacro_DIR" to a directory containing one of the above files.  If "xacro"
[1.646s]   provides a separate development package or SDK, be sure it has been
[1.646s]   installed.
[1.646s] 
[1.646s] [0m
[1.646s] -- Configuring incomplete, errors occurred!
[1.646s] See also "/home/odin/Documents/GitHub/saga_repo/build/loki_description/CMakeFiles/CMakeOutput.log".
