[0.243s] Invoking command in '/home/odin/Documents/GitHub/saga_repo/build/rasberry_gazebo': CMAKE_PREFIX_PATH=/opt/ros/humble /usr/bin/cmake /home/odin/Documents/GitHub/saga_repo/ros2_thor/src/loki/rasberry_gazebo -DCMAKE_INSTALL_PREFIX=/home/odin/Documents/GitHub/saga_repo/install/rasberry_gazebo
[0.251s] -- Found ament_cmake: 1.3.5 (/opt/ros/humble/share/ament_cmake/cmake)
[0.362s] -- Found rclcpp: 16.0.6 (/opt/ros/humble/share/rclcpp/cmake)
[0.382s] -- Found rosidl_generator_c: 3.1.5 (/opt/ros/humble/share/rosidl_generator_c/cmake)
[0.384s] -- Found rosidl_adapter: 3.1.5 (/opt/ros/humble/share/rosidl_adapter/cmake)
[0.388s] -- Found rosidl_generator_cpp: 3.1.5 (/opt/ros/humble/share/rosidl_generator_cpp/cmake)
[0.396s] -- Using all available rosidl_typesupport_c: rosidl_typesupport_fastrtps_c;rosidl_typesupport_introspection_c
[0.407s] -- Using all available rosidl_typesupport_cpp: rosidl_typesupport_fastrtps_cpp;rosidl_typesupport_introspection_cpp
[0.449s] -- Found rmw_implementation_cmake: 6.1.1 (/opt/ros/humble/share/rmw_implementation_cmake/cmake)
[0.450s] -- Found rmw_fastrtps_cpp: 6.2.4 (/opt/ros/humble/share/rmw_fastrtps_cpp/cmake)
[0.531s] -- Using RMW implementation 'rmw_fastrtps_cpp' as default
[0.643s] -- Found rclpy: 3.3.10 (/opt/ros/humble/share/rclpy/cmake)
[0.643s] -- Found control_msgs: 4.4.0 (/opt/ros/humble/share/control_msgs/cmake)
[0.983s] -- Found tf2: 0.25.4 (/opt/ros/humble/share/tf2/cmake)
[0.990s] -- Found gazebo_ros_pkgs: 3.7.0 (/opt/ros/humble/share/gazebo_ros_pkgs/cmake)
[0.997s] [31mCMake Error at CMakeLists.txt:14 (find_package):
[0.997s]   By not providing "Findnav2_map_server.cmake" in CMAKE_MODULE_PATH this
[0.997s]   project has asked CMake to find a package configuration file provided by
[0.997s]   "nav2_map_server", but CMake did not find one.
[0.997s] 
[0.997s]   Could not find a package configuration file provided by "nav2_map_server"
[0.997s]   with any of the following names:
[0.997s] 
[0.997s]     nav2_map_serverConfig.cmake
[0.997s]     nav2_map_server-config.cmake
[0.997s] 
[0.997s]   Add the installation prefix of "nav2_map_server" to CMAKE_PREFIX_PATH or
[0.997s]   set "nav2_map_server_DIR" to a directory containing one of the above files.
[0.997s]   If "nav2_map_server" provides a separate development package or SDK, be
[0.997s]   sure it has been installed.
[0.997s] 
[0.997s] [0m
[0.997s] -- Configuring incomplete, errors occurred!
[0.997s] See also "/home/odin/Documents/GitHub/saga_repo/build/rasberry_gazebo/CMakeFiles/CMakeOutput.log".
[1.067s] Invoked command in '/home/odin/Documents/GitHub/saga_repo/build/rasberry_gazebo' returned '1': CMAKE_PREFIX_PATH=/opt/ros/humble /usr/bin/cmake /home/odin/Documents/GitHub/saga_repo/ros2_thor/src/loki/rasberry_gazebo -DCMAKE_INSTALL_PREFIX=/home/odin/Documents/GitHub/saga_repo/install/rasberry_gazebo
