[1.856s] Invoking command in '/home/cairlab/Documents/GitHub/saga_repo/ros2_thor/src/loki/loki_teleop': AMENT_PREFIX_PATH=/home/cairlab/Documents/GitHub/saga_repo/install/twist_mux:${AMENT_PREFIX_PATH} CMAKE_PREFIX_PATH=/home/cairlab/Documents/GitHub/saga_repo/install/twist_mux PYTHONPATH=/home/cairlab/Documents/GitHub/saga_repo/build/loki_teleop/prefix_override:/home/cairlab/Documents/GitHub/saga_repo/install/loki_teleop/lib/python3.10/site-packages:${PYTHONPATH} /usr/bin/python3 setup.py egg_info --egg-base ../../../../build/loki_teleop build --build-base /home/cairlab/Documents/GitHub/saga_repo/build/loki_teleop/build install --record /home/cairlab/Documents/GitHub/saga_repo/build/loki_teleop/install.log --single-version-externally-managed
[2.149s] running egg_info
[2.165s] writing ../../../../build/loki_teleop/loki_teleop.egg-info/PKG-INFO
[2.165s] writing dependency_links to ../../../../build/loki_teleop/loki_teleop.egg-info/dependency_links.txt
[2.166s] writing entry points to ../../../../build/loki_teleop/loki_teleop.egg-info/entry_points.txt
[2.166s] writing requirements to ../../../../build/loki_teleop/loki_teleop.egg-info/requires.txt
[2.166s] writing top-level names to ../../../../build/loki_teleop/loki_teleop.egg-info/top_level.txt
[2.216s] reading manifest file '../../../../build/loki_teleop/loki_teleop.egg-info/SOURCES.txt'
[2.217s] writing manifest file '../../../../build/loki_teleop/loki_teleop.egg-info/SOURCES.txt'
[2.218s] running build
[2.218s] running build_py
[2.218s] running install
[2.219s] /home/cairlab/.local/lib/python3.10/site-packages/setuptools/_distutils/cmd.py:66: SetuptoolsDeprecationWarning: setup.py install is deprecated.
[2.219s] !!
[2.219s] 
[2.220s]         ********************************************************************************
[2.220s]         Please avoid running ``setup.py`` directly.
[2.220s]         Instead, use pypa/build, pypa/installer or other
[2.220s]         standards-based tools.
[2.220s] 
[2.220s]         See https://blog.ganssle.io/articles/2021/10/setup-py-deprecated.html for details.
[2.220s]         ********************************************************************************
[2.220s] 
[2.221s] !!
[2.221s]   self.initialize_options()
[2.226s] running install_lib
[2.243s] running install_data
[2.266s] running install_egg_info
[2.294s] removing '/home/cairlab/Documents/GitHub/saga_repo/install/loki_teleop/lib/python3.10/site-packages/loki_teleop-2.0.0-py3.10.egg-info' (and everything under it)
[2.294s] Copying ../../../../build/loki_teleop/loki_teleop.egg-info to /home/cairlab/Documents/GitHub/saga_repo/install/loki_teleop/lib/python3.10/site-packages/loki_teleop-2.0.0-py3.10.egg-info
[2.295s] running install_scripts
[2.487s] Installing teleop_node script to /home/cairlab/Documents/GitHub/saga_repo/install/loki_teleop/lib/loki_teleop
[2.488s] writing list of installed files to '/home/cairlab/Documents/GitHub/saga_repo/build/loki_teleop/install.log'
[2.579s] Invoked command in '/home/cairlab/Documents/GitHub/saga_repo/ros2_thor/src/loki/loki_teleop' returned '0': AMENT_PREFIX_PATH=/home/cairlab/Documents/GitHub/saga_repo/install/twist_mux:${AMENT_PREFIX_PATH} CMAKE_PREFIX_PATH=/home/cairlab/Documents/GitHub/saga_repo/install/twist_mux PYTHONPATH=/home/cairlab/Documents/GitHub/saga_repo/build/loki_teleop/prefix_override:/home/cairlab/Documents/GitHub/saga_repo/install/loki_teleop/lib/python3.10/site-packages:${PYTHONPATH} /usr/bin/python3 setup.py egg_info --egg-base ../../../../build/loki_teleop build --build-base /home/cairlab/Documents/GitHub/saga_repo/build/loki_teleop/build install --record /home/cairlab/Documents/GitHub/saga_repo/build/loki_teleop/install.log --single-version-externally-managed
