[0.783s] Invoking command in '/home/cairlab/Documents/GitHub/saga_repo/ros2_thor/src/loki/loki_base': AMENT_PREFIX_PATH=/home/cairlab/Documents/GitHub/saga_repo/install/loki_can_devices:/home/cairlab/Documents/GitHub/saga_repo/install/loki_msgs:/home/cairlab/Documents/GitHub/saga_repo/install/loki_description:${AMENT_PREFIX_PATH} CMAKE_PREFIX_PATH=/home/cairlab/Documents/GitHub/saga_repo/install/loki_can_devices:/home/cairlab/Documents/GitHub/saga_repo/install/loki_msgs:/home/cairlab/Documents/GitHub/saga_repo/install/loki_description LD_LIBRARY_PATH=/home/cairlab/Documents/GitHub/saga_repo/install/loki_can_devices/lib:/home/cairlab/Documents/GitHub/saga_repo/install/loki_msgs/lib:${LD_LIBRARY_PATH} PYTHONPATH=/home/cairlab/Documents/GitHub/saga_repo/build/loki_base/prefix_override:/home/cairlab/Documents/GitHub/saga_repo/install/loki_base/lib/python3.10/site-packages:/home/cairlab/Documents/GitHub/saga_repo/install/loki_msgs/local/lib/python3.10/dist-packages:${PYTHONPATH} /usr/bin/python3 setup.py egg_info --egg-base ../../../../build/loki_base build --build-base /home/cairlab/Documents/GitHub/saga_repo/build/loki_base/build install --record /home/cairlab/Documents/GitHub/saga_repo/build/loki_base/install.log --single-version-externally-managed
[0.962s] running egg_info
[0.962s] creating ../../../../build/loki_base/loki_base.egg-info
[0.975s] writing ../../../../build/loki_base/loki_base.egg-info/PKG-INFO
[0.975s] writing dependency_links to ../../../../build/loki_base/loki_base.egg-info/dependency_links.txt
[0.975s] writing entry points to ../../../../build/loki_base/loki_base.egg-info/entry_points.txt
[0.975s] writing requirements to ../../../../build/loki_base/loki_base.egg-info/requires.txt
[0.975s] writing top-level names to ../../../../build/loki_base/loki_base.egg-info/top_level.txt
[0.975s] writing manifest file '../../../../build/loki_base/loki_base.egg-info/SOURCES.txt'
[1.002s] reading manifest file '../../../../build/loki_base/loki_base.egg-info/SOURCES.txt'
[1.002s] writing manifest file '../../../../build/loki_base/loki_base.egg-info/SOURCES.txt'
[1.003s] running build
[1.003s] running build_py
[1.003s] creating /home/cairlab/Documents/GitHub/saga_repo/build/loki_base/build
[1.003s] creating /home/cairlab/Documents/GitHub/saga_repo/build/loki_base/build/lib
[1.003s] creating /home/cairlab/Documents/GitHub/saga_repo/build/loki_base/build/lib/loki_base
[1.003s] copying loki_base/base_driver.py -> /home/cairlab/Documents/GitHub/saga_repo/build/loki_base/build/lib/loki_base
[1.003s] copying loki_base/pltf_clc_std.py -> /home/cairlab/Documents/GitHub/saga_repo/build/loki_base/build/lib/loki_base
[1.003s] copying loki_base/Py_Base_State.py -> /home/cairlab/Documents/GitHub/saga_repo/build/loki_base/build/lib/loki_base
[1.003s] copying loki_base/enclosure_board_serial.py -> /home/cairlab/Documents/GitHub/saga_repo/build/loki_base/build/lib/loki_base
[1.003s] copying loki_base/canframe.py -> /home/cairlab/Documents/GitHub/saga_repo/build/loki_base/build/lib/loki_base
[1.004s] copying loki_base/__init__.py -> /home/cairlab/Documents/GitHub/saga_repo/build/loki_base/build/lib/loki_base
[1.004s] running install
[1.004s] /home/cairlab/.local/lib/python3.10/site-packages/setuptools/_distutils/cmd.py:66: SetuptoolsDeprecationWarning: setup.py install is deprecated.
[1.004s] !!
[1.004s] 
[1.004s]         ********************************************************************************
[1.004s]         Please avoid running ``setup.py`` directly.
[1.004s]         Instead, use pypa/build, pypa/installer or other
[1.004s]         standards-based tools.
[1.004s] 
[1.005s]         See https://blog.ganssle.io/articles/2021/10/setup-py-deprecated.html for details.
[1.005s]         ********************************************************************************
[1.005s] 
[1.005s] !!
[1.005s]   self.initialize_options()
[1.008s] running install_lib
[1.021s] creating /home/cairlab/Documents/GitHub/saga_repo/install/loki_base/lib/python3.10/site-packages/loki_base
[1.022s] copying /home/cairlab/Documents/GitHub/saga_repo/build/loki_base/build/lib/loki_base/base_driver.py -> /home/cairlab/Documents/GitHub/saga_repo/install/loki_base/lib/python3.10/site-packages/loki_base
[1.022s] copying /home/cairlab/Documents/GitHub/saga_repo/build/loki_base/build/lib/loki_base/pltf_clc_std.py -> /home/cairlab/Documents/GitHub/saga_repo/install/loki_base/lib/python3.10/site-packages/loki_base
[1.022s] copying /home/cairlab/Documents/GitHub/saga_repo/build/loki_base/build/lib/loki_base/Py_Base_State.py -> /home/cairlab/Documents/GitHub/saga_repo/install/loki_base/lib/python3.10/site-packages/loki_base
[1.022s] copying /home/cairlab/Documents/GitHub/saga_repo/build/loki_base/build/lib/loki_base/enclosure_board_serial.py -> /home/cairlab/Documents/GitHub/saga_repo/install/loki_base/lib/python3.10/site-packages/loki_base
[1.022s] copying /home/cairlab/Documents/GitHub/saga_repo/build/loki_base/build/lib/loki_base/canframe.py -> /home/cairlab/Documents/GitHub/saga_repo/install/loki_base/lib/python3.10/site-packages/loki_base
[1.022s] copying /home/cairlab/Documents/GitHub/saga_repo/build/loki_base/build/lib/loki_base/__init__.py -> /home/cairlab/Documents/GitHub/saga_repo/install/loki_base/lib/python3.10/site-packages/loki_base
[1.022s] byte-compiling /home/cairlab/Documents/GitHub/saga_repo/install/loki_base/lib/python3.10/site-packages/loki_base/base_driver.py to base_driver.cpython-310.pyc
[1.026s] byte-compiling /home/cairlab/Documents/GitHub/saga_repo/install/loki_base/lib/python3.10/site-packages/loki_base/pltf_clc_std.py to pltf_clc_std.cpython-310.pyc
[1.028s] byte-compiling /home/cairlab/Documents/GitHub/saga_repo/install/loki_base/lib/python3.10/site-packages/loki_base/Py_Base_State.py to Py_Base_State.cpython-310.pyc
[1.028s] byte-compiling /home/cairlab/Documents/GitHub/saga_repo/install/loki_base/lib/python3.10/site-packages/loki_base/enclosure_board_serial.py to enclosure_board_serial.cpython-310.pyc
[1.030s] byte-compiling /home/cairlab/Documents/GitHub/saga_repo/install/loki_base/lib/python3.10/site-packages/loki_base/canframe.py to canframe.cpython-310.pyc
[1.030s] byte-compiling /home/cairlab/Documents/GitHub/saga_repo/install/loki_base/lib/python3.10/site-packages/loki_base/__init__.py to __init__.cpython-310.pyc
[1.030s] running install_data
[1.043s] creating /home/cairlab/Documents/GitHub/saga_repo/install/loki_base/share/ament_index
[1.043s] creating /home/cairlab/Documents/GitHub/saga_repo/install/loki_base/share/ament_index/resource_index
[1.044s] creating /home/cairlab/Documents/GitHub/saga_repo/install/loki_base/share/ament_index/resource_index/packages
[1.044s] copying resource/loki_base -> /home/cairlab/Documents/GitHub/saga_repo/install/loki_base/share/ament_index/resource_index/packages
[1.044s] copying package.xml -> /home/cairlab/Documents/GitHub/saga_repo/install/loki_base/share/loki_base
[1.044s] creating /home/cairlab/Documents/GitHub/saga_repo/install/loki_base/share/loki_base/launch
[1.044s] copying launch/base_bringup.launch.py -> /home/cairlab/Documents/GitHub/saga_repo/install/loki_base/share/loki_base/launch
[1.044s] creating /home/cairlab/Documents/GitHub/saga_repo/install/loki_base/share/loki_base/config
[1.044s] copying config/robot_017.yaml -> /home/cairlab/Documents/GitHub/saga_repo/install/loki_base/share/loki_base/config
[1.044s] running install_egg_info
[1.059s] Copying ../../../../build/loki_base/loki_base.egg-info to /home/cairlab/Documents/GitHub/saga_repo/install/loki_base/lib/python3.10/site-packages/loki_base-2.0.0-py3.10.egg-info
[1.059s] running install_scripts
[1.205s] Installing base_driver script to /home/cairlab/Documents/GitHub/saga_repo/install/loki_base/lib/loki_base
[1.205s] Installing enlcosure_board_serial script to /home/cairlab/Documents/GitHub/saga_repo/install/loki_base/lib/loki_base
[1.206s] writing list of installed files to '/home/cairlab/Documents/GitHub/saga_repo/build/loki_base/install.log'
[1.223s] Invoked command in '/home/cairlab/Documents/GitHub/saga_repo/ros2_thor/src/loki/loki_base' returned '0': AMENT_PREFIX_PATH=/home/cairlab/Documents/GitHub/saga_repo/install/loki_can_devices:/home/cairlab/Documents/GitHub/saga_repo/install/loki_msgs:/home/cairlab/Documents/GitHub/saga_repo/install/loki_description:${AMENT_PREFIX_PATH} CMAKE_PREFIX_PATH=/home/cairlab/Documents/GitHub/saga_repo/install/loki_can_devices:/home/cairlab/Documents/GitHub/saga_repo/install/loki_msgs:/home/cairlab/Documents/GitHub/saga_repo/install/loki_description LD_LIBRARY_PATH=/home/cairlab/Documents/GitHub/saga_repo/install/loki_can_devices/lib:/home/cairlab/Documents/GitHub/saga_repo/install/loki_msgs/lib:${LD_LIBRARY_PATH} PYTHONPATH=/home/cairlab/Documents/GitHub/saga_repo/build/loki_base/prefix_override:/home/cairlab/Documents/GitHub/saga_repo/install/loki_base/lib/python3.10/site-packages:/home/cairlab/Documents/GitHub/saga_repo/install/loki_msgs/local/lib/python3.10/dist-packages:${PYTHONPATH} /usr/bin/python3 setup.py egg_info --egg-base ../../../../build/loki_base build --build-base /home/cairlab/Documents/GitHub/saga_repo/build/loki_base/build install --record /home/cairlab/Documents/GitHub/saga_repo/build/loki_base/install.log --single-version-externally-managed
