[0.011s] Invoking command in '/home/cairlab/diagnostics/build/diagnostics': AMENT_PREFIX_PATH=/home/cairlab/diagnostics/install/self_test:/home/cairlab/diagnostics/install/diagnostic_common_diagnostics:/home/cairlab/diagnostics/install/diagnostic_updater:/home/cairlab/diagnostics/install/diagnostic_aggregator:${AMENT_PREFIX_PATH} CMAKE_PREFIX_PATH=/home/cairlab/diagnostics/install/self_test:/home/cairlab/diagnostics/install/diagnostic_common_diagnostics:/home/cairlab/diagnostics/install/diagnostic_updater:/home/cairlab/diagnostics/install/diagnostic_aggregator:/opt/ros/humble LD_LIBRARY_PATH=/home/cairlab/diagnostics/install/diagnostic_updater/lib:/home/cairlab/diagnostics/install/diagnostic_aggregator/lib:${LD_LIBRARY_PATH} PYTHONPATH=/home/cairlab/diagnostics/install/diagnostic_common_diagnostics/local/lib/python3.10/dist-packages:/home/cairlab/diagnostics/install/diagnostic_updater/local/lib/python3.10/dist-packages:/home/cairlab/diagnostics/install/diagnostic_aggregator/local/lib/python3.10/dist-packages:${PYTHONPATH} /usr/bin/cmake /home/cairlab/diagnostics/diagnostics -DCMAKE_INSTALL_PREFIX=/home/cairlab/diagnostics/install/diagnostics
[0.065s] -- The C compiler identification is GNU 11.3.0
[0.122s] -- The CXX compiler identification is GNU 11.3.0
[0.128s] -- Detecting C compiler ABI info
[0.185s] -- Detecting C compiler ABI info - done
[0.191s] -- Check for working C compiler: /usr/bin/cc - skipped
[0.191s] -- Detecting C compile features
[0.192s] -- Detecting C compile features - done
[0.194s] -- Detecting CXX compiler ABI info
[0.262s] -- Detecting CXX compiler ABI info - done
[0.268s] -- Check for working CXX compiler: /usr/bin/c++ - skipped
[0.268s] -- Detecting CXX compile features
[0.269s] -- Detecting CXX compile features - done
[0.271s] -- Found ament_cmake: 1.3.5 (/opt/ros/humble/share/ament_cmake/cmake)
[0.410s] -- Found Python3: /usr/bin/python3.10 (found version "3.10.6") found components: Interpreter 
[0.537s] -- Configuring done
[0.540s] -- Generating done
[0.540s] -- Build files have been written to: /home/cairlab/diagnostics/build/diagnostics
[0.546s] Invoked command in '/home/cairlab/diagnostics/build/diagnostics' returned '0': AMENT_PREFIX_PATH=/home/cairlab/diagnostics/install/self_test:/home/cairlab/diagnostics/install/diagnostic_common_diagnostics:/home/cairlab/diagnostics/install/diagnostic_updater:/home/cairlab/diagnostics/install/diagnostic_aggregator:${AMENT_PREFIX_PATH} CMAKE_PREFIX_PATH=/home/cairlab/diagnostics/install/self_test:/home/cairlab/diagnostics/install/diagnostic_common_diagnostics:/home/cairlab/diagnostics/install/diagnostic_updater:/home/cairlab/diagnostics/install/diagnostic_aggregator:/opt/ros/humble LD_LIBRARY_PATH=/home/cairlab/diagnostics/install/diagnostic_updater/lib:/home/cairlab/diagnostics/install/diagnostic_aggregator/lib:${LD_LIBRARY_PATH} PYTHONPATH=/home/cairlab/diagnostics/install/diagnostic_common_diagnostics/local/lib/python3.10/dist-packages:/home/cairlab/diagnostics/install/diagnostic_updater/local/lib/python3.10/dist-packages:/home/cairlab/diagnostics/install/diagnostic_aggregator/local/lib/python3.10/dist-packages:${PYTHONPATH} /usr/bin/cmake /home/cairlab/diagnostics/diagnostics -DCMAKE_INSTALL_PREFIX=/home/cairlab/diagnostics/install/diagnostics
[0.546s] Invoking command in '/home/cairlab/diagnostics/build/diagnostics': AMENT_PREFIX_PATH=/home/cairlab/diagnostics/install/self_test:/home/cairlab/diagnostics/install/diagnostic_common_diagnostics:/home/cairlab/diagnostics/install/diagnostic_updater:/home/cairlab/diagnostics/install/diagnostic_aggregator:${AMENT_PREFIX_PATH} CMAKE_PREFIX_PATH=/home/cairlab/diagnostics/install/self_test:/home/cairlab/diagnostics/install/diagnostic_common_diagnostics:/home/cairlab/diagnostics/install/diagnostic_updater:/home/cairlab/diagnostics/install/diagnostic_aggregator:/opt/ros/humble LD_LIBRARY_PATH=/home/cairlab/diagnostics/install/diagnostic_updater/lib:/home/cairlab/diagnostics/install/diagnostic_aggregator/lib:${LD_LIBRARY_PATH} PYTHONPATH=/home/cairlab/diagnostics/install/diagnostic_common_diagnostics/local/lib/python3.10/dist-packages:/home/cairlab/diagnostics/install/diagnostic_updater/local/lib/python3.10/dist-packages:/home/cairlab/diagnostics/install/diagnostic_aggregator/local/lib/python3.10/dist-packages:${PYTHONPATH} /usr/bin/cmake --build /home/cairlab/diagnostics/build/diagnostics -- -j12 -l12
[0.572s] Invoked command in '/home/cairlab/diagnostics/build/diagnostics' returned '0': AMENT_PREFIX_PATH=/home/cairlab/diagnostics/install/self_test:/home/cairlab/diagnostics/install/diagnostic_common_diagnostics:/home/cairlab/diagnostics/install/diagnostic_updater:/home/cairlab/diagnostics/install/diagnostic_aggregator:${AMENT_PREFIX_PATH} CMAKE_PREFIX_PATH=/home/cairlab/diagnostics/install/self_test:/home/cairlab/diagnostics/install/diagnostic_common_diagnostics:/home/cairlab/diagnostics/install/diagnostic_updater:/home/cairlab/diagnostics/install/diagnostic_aggregator:/opt/ros/humble LD_LIBRARY_PATH=/home/cairlab/diagnostics/install/diagnostic_updater/lib:/home/cairlab/diagnostics/install/diagnostic_aggregator/lib:${LD_LIBRARY_PATH} PYTHONPATH=/home/cairlab/diagnostics/install/diagnostic_common_diagnostics/local/lib/python3.10/dist-packages:/home/cairlab/diagnostics/install/diagnostic_updater/local/lib/python3.10/dist-packages:/home/cairlab/diagnostics/install/diagnostic_aggregator/local/lib/python3.10/dist-packages:${PYTHONPATH} /usr/bin/cmake --build /home/cairlab/diagnostics/build/diagnostics -- -j12 -l12
[0.588s] Invoking command in '/home/cairlab/diagnostics/build/diagnostics': AMENT_PREFIX_PATH=/home/cairlab/diagnostics/install/self_test:/home/cairlab/diagnostics/install/diagnostic_common_diagnostics:/home/cairlab/diagnostics/install/diagnostic_updater:/home/cairlab/diagnostics/install/diagnostic_aggregator:${AMENT_PREFIX_PATH} CMAKE_PREFIX_PATH=/home/cairlab/diagnostics/install/self_test:/home/cairlab/diagnostics/install/diagnostic_common_diagnostics:/home/cairlab/diagnostics/install/diagnostic_updater:/home/cairlab/diagnostics/install/diagnostic_aggregator:/opt/ros/humble LD_LIBRARY_PATH=/home/cairlab/diagnostics/install/diagnostic_updater/lib:/home/cairlab/diagnostics/install/diagnostic_aggregator/lib:${LD_LIBRARY_PATH} PYTHONPATH=/home/cairlab/diagnostics/install/diagnostic_common_diagnostics/local/lib/python3.10/dist-packages:/home/cairlab/diagnostics/install/diagnostic_updater/local/lib/python3.10/dist-packages:/home/cairlab/diagnostics/install/diagnostic_aggregator/local/lib/python3.10/dist-packages:${PYTHONPATH} /usr/bin/cmake --install /home/cairlab/diagnostics/build/diagnostics
[0.594s] -- Install configuration: ""
[0.595s] -- Installing: /home/cairlab/diagnostics/install/diagnostics/share/ament_index/resource_index/package_run_dependencies/diagnostics
[0.595s] -- Installing: /home/cairlab/diagnostics/install/diagnostics/share/ament_index/resource_index/parent_prefix_path/diagnostics
[0.595s] -- Installing: /home/cairlab/diagnostics/install/diagnostics/share/diagnostics/environment/ament_prefix_path.sh
[0.596s] -- Installing: /home/cairlab/diagnostics/install/diagnostics/share/diagnostics/environment/ament_prefix_path.dsv
[0.596s] -- Installing: /home/cairlab/diagnostics/install/diagnostics/share/diagnostics/environment/path.sh
[0.596s] -- Installing: /home/cairlab/diagnostics/install/diagnostics/share/diagnostics/environment/path.dsv
[0.596s] -- Installing: /home/cairlab/diagnostics/install/diagnostics/share/diagnostics/local_setup.bash
[0.596s] -- Installing: /home/cairlab/diagnostics/install/diagnostics/share/diagnostics/local_setup.sh
[0.596s] -- Installing: /home/cairlab/diagnostics/install/diagnostics/share/diagnostics/local_setup.zsh
[0.596s] -- Installing: /home/cairlab/diagnostics/install/diagnostics/share/diagnostics/local_setup.dsv
[0.596s] -- Installing: /home/cairlab/diagnostics/install/diagnostics/share/diagnostics/package.dsv
[0.596s] -- Installing: /home/cairlab/diagnostics/install/diagnostics/share/ament_index/resource_index/packages/diagnostics
[0.597s] -- Installing: /home/cairlab/diagnostics/install/diagnostics/share/diagnostics/cmake/diagnosticsConfig.cmake
[0.597s] -- Installing: /home/cairlab/diagnostics/install/diagnostics/share/diagnostics/cmake/diagnosticsConfig-version.cmake
[0.597s] -- Installing: /home/cairlab/diagnostics/install/diagnostics/share/diagnostics/package.xml
[0.600s] Invoked command in '/home/cairlab/diagnostics/build/diagnostics' returned '0': AMENT_PREFIX_PATH=/home/cairlab/diagnostics/install/self_test:/home/cairlab/diagnostics/install/diagnostic_common_diagnostics:/home/cairlab/diagnostics/install/diagnostic_updater:/home/cairlab/diagnostics/install/diagnostic_aggregator:${AMENT_PREFIX_PATH} CMAKE_PREFIX_PATH=/home/cairlab/diagnostics/install/self_test:/home/cairlab/diagnostics/install/diagnostic_common_diagnostics:/home/cairlab/diagnostics/install/diagnostic_updater:/home/cairlab/diagnostics/install/diagnostic_aggregator:/opt/ros/humble LD_LIBRARY_PATH=/home/cairlab/diagnostics/install/diagnostic_updater/lib:/home/cairlab/diagnostics/install/diagnostic_aggregator/lib:${LD_LIBRARY_PATH} PYTHONPATH=/home/cairlab/diagnostics/install/diagnostic_common_diagnostics/local/lib/python3.10/dist-packages:/home/cairlab/diagnostics/install/diagnostic_updater/local/lib/python3.10/dist-packages:/home/cairlab/diagnostics/install/diagnostic_aggregator/local/lib/python3.10/dist-packages:${PYTHONPATH} /usr/bin/cmake --install /home/cairlab/diagnostics/build/diagnostics
