[0.861s] Invoking command in '/home/cairlab/Documents/GitHub/saga_repo/ros2_thor/src/loki/loki_teleop': AMENT_PREFIX_PATH=/home/cairlab/Documents/GitHub/saga_repo/install/twist_mux:/home/cairlab/Documents/GitHub/saga_repo/install/visualization_msgs:/home/cairlab/Documents/GitHub/saga_repo/install/diagnostic_updater:/home/cairlab/Documents/GitHub/saga_repo/install/sensor_msgs:/home/cairlab/Documents/GitHub/saga_repo/install/diagnostic_msgs:/home/cairlab/Documents/GitHub/saga_repo/install/geometry_msgs:/home/cairlab/Documents/GitHub/saga_repo/install/actionlib_msgs:/home/cairlab/Documents/GitHub/saga_repo/install/std_srvs:/home/cairlab/Documents/GitHub/saga_repo/install/std_msgs:${AMENT_PREFIX_PATH} CMAKE_PREFIX_PATH=/home/cairlab/Documents/GitHub/saga_repo/install/twist_mux:/home/cairlab/Documents/GitHub/saga_repo/install/visualization_msgs:/home/cairlab/Documents/GitHub/saga_repo/install/diagnostic_updater:/home/cairlab/Documents/GitHub/saga_repo/install/sensor_msgs:/home/cairlab/Documents/GitHub/saga_repo/install/diagnostic_msgs:/home/cairlab/Documents/GitHub/saga_repo/install/geometry_msgs:/home/cairlab/Documents/GitHub/saga_repo/install/actionlib_msgs:/home/cairlab/Documents/GitHub/saga_repo/install/std_srvs:/home/cairlab/Documents/GitHub/saga_repo/install/std_msgs LD_LIBRARY_PATH=/home/cairlab/Documents/GitHub/saga_repo/install/visualization_msgs/lib:/home/cairlab/Documents/GitHub/saga_repo/install/diagnostic_updater/lib:/home/cairlab/Documents/GitHub/saga_repo/install/sensor_msgs/lib:/home/cairlab/Documents/GitHub/saga_repo/install/diagnostic_msgs/lib:/home/cairlab/Documents/GitHub/saga_repo/install/geometry_msgs/lib:/home/cairlab/Documents/GitHub/saga_repo/install/actionlib_msgs/lib:/home/cairlab/Documents/GitHub/saga_repo/install/std_srvs/lib:/home/cairlab/Documents/GitHub/saga_repo/install/std_msgs/lib:${LD_LIBRARY_PATH} PYTHONPATH=/home/cairlab/Documents/GitHub/saga_repo/build/loki_teleop/prefix_override:/home/cairlab/Documents/GitHub/saga_repo/install/loki_teleop/lib/python3.10/site-packages:/home/cairlab/Documents/GitHub/saga_repo/install/visualization_msgs/local/lib/python3.10/dist-packages:/home/cairlab/Documents/GitHub/saga_repo/install/diagnostic_updater/local/lib/python3.10/dist-packages:/home/cairlab/Documents/GitHub/saga_repo/install/sensor_msgs/local/lib/python3.10/dist-packages:/home/cairlab/Documents/GitHub/saga_repo/install/diagnostic_msgs/local/lib/python3.10/dist-packages:/home/cairlab/Documents/GitHub/saga_repo/install/geometry_msgs/local/lib/python3.10/dist-packages:/home/cairlab/Documents/GitHub/saga_repo/install/actionlib_msgs/local/lib/python3.10/dist-packages:/home/cairlab/Documents/GitHub/saga_repo/install/std_srvs/local/lib/python3.10/dist-packages:/home/cairlab/Documents/GitHub/saga_repo/install/std_msgs/local/lib/python3.10/dist-packages:${PYTHONPATH} /usr/bin/python3 setup.py egg_info --egg-base ../../../../build/loki_teleop build --build-base /home/cairlab/Documents/GitHub/saga_repo/build/loki_teleop/build install --record /home/cairlab/Documents/GitHub/saga_repo/build/loki_teleop/install.log --single-version-externally-managed
[1.069s] running egg_info
[1.069s] creating ../../../../build/loki_teleop/loki_teleop.egg-info
[1.083s] writing ../../../../build/loki_teleop/loki_teleop.egg-info/PKG-INFO
[1.083s] writing dependency_links to ../../../../build/loki_teleop/loki_teleop.egg-info/dependency_links.txt
[1.083s] writing entry points to ../../../../build/loki_teleop/loki_teleop.egg-info/entry_points.txt
[1.083s] writing requirements to ../../../../build/loki_teleop/loki_teleop.egg-info/requires.txt
[1.083s] writing top-level names to ../../../../build/loki_teleop/loki_teleop.egg-info/top_level.txt
[1.083s] writing manifest file '../../../../build/loki_teleop/loki_teleop.egg-info/SOURCES.txt'
[1.111s] reading manifest file '../../../../build/loki_teleop/loki_teleop.egg-info/SOURCES.txt'
[1.112s] writing manifest file '../../../../build/loki_teleop/loki_teleop.egg-info/SOURCES.txt'
[1.112s] running build
[1.112s] running build_py
[1.112s] creating /home/cairlab/Documents/GitHub/saga_repo/build/loki_teleop/build
[1.112s] creating /home/cairlab/Documents/GitHub/saga_repo/build/loki_teleop/build/lib
[1.113s] creating /home/cairlab/Documents/GitHub/saga_repo/build/loki_teleop/build/lib/loki_teleop
[1.113s] copying loki_teleop/teleop_node.py -> /home/cairlab/Documents/GitHub/saga_repo/build/loki_teleop/build/lib/loki_teleop
[1.113s] copying loki_teleop/__init__.py -> /home/cairlab/Documents/GitHub/saga_repo/build/loki_teleop/build/lib/loki_teleop
[1.113s] running install
[1.113s] /home/cairlab/.local/lib/python3.10/site-packages/setuptools/_distutils/cmd.py:66: SetuptoolsDeprecationWarning: setup.py install is deprecated.
[1.113s] !!
[1.113s] 
[1.113s]         ********************************************************************************
[1.113s]         Please avoid running ``setup.py`` directly.
[1.113s]         Instead, use pypa/build, pypa/installer or other
[1.113s]         standards-based tools.
[1.113s] 
[1.113s]         See https://blog.ganssle.io/articles/2021/10/setup-py-deprecated.html for details.
[1.114s]         ********************************************************************************
[1.114s] 
[1.114s] !!
[1.114s]   self.initialize_options()
[1.118s] running install_lib
[1.132s] creating /home/cairlab/Documents/GitHub/saga_repo/install/loki_teleop/lib/python3.10/site-packages/loki_teleop
[1.132s] copying /home/cairlab/Documents/GitHub/saga_repo/build/loki_teleop/build/lib/loki_teleop/teleop_node.py -> /home/cairlab/Documents/GitHub/saga_repo/install/loki_teleop/lib/python3.10/site-packages/loki_teleop
[1.132s] copying /home/cairlab/Documents/GitHub/saga_repo/build/loki_teleop/build/lib/loki_teleop/__init__.py -> /home/cairlab/Documents/GitHub/saga_repo/install/loki_teleop/lib/python3.10/site-packages/loki_teleop
[1.133s] byte-compiling /home/cairlab/Documents/GitHub/saga_repo/install/loki_teleop/lib/python3.10/site-packages/loki_teleop/teleop_node.py to teleop_node.cpython-310.pyc
[1.134s] /home/cairlab/Documents/GitHub/saga_repo/install/loki_teleop/lib/python3.10/site-packages/loki_teleop/teleop_node.py:68: SyntaxWarning: 'tuple' object is not callable; perhaps you missed a comma?
[1.134s]   ('turn_calc_w', self.Default_Turning_Calc)
[1.134s] /home/cairlab/Documents/GitHub/saga_repo/install/loki_teleop/lib/python3.10/site-packages/loki_teleop/teleop_node.py:80: SyntaxWarning: 'str' object is not callable; perhaps you missed a comma?
[1.134s]   ('axis_map')
[1.135s] byte-compiling /home/cairlab/Documents/GitHub/saga_repo/install/loki_teleop/lib/python3.10/site-packages/loki_teleop/__init__.py to __init__.cpython-310.pyc
[1.135s] running install_data
[1.149s] creating /home/cairlab/Documents/GitHub/saga_repo/install/loki_teleop/share/ament_index
[1.149s] creating /home/cairlab/Documents/GitHub/saga_repo/install/loki_teleop/share/ament_index/resource_index
[1.149s] creating /home/cairlab/Documents/GitHub/saga_repo/install/loki_teleop/share/ament_index/resource_index/packages
[1.149s] copying resource/loki_teleop -> /home/cairlab/Documents/GitHub/saga_repo/install/loki_teleop/share/ament_index/resource_index/packages
[1.149s] copying package.xml -> /home/cairlab/Documents/GitHub/saga_repo/install/loki_teleop/share/loki_teleop
[1.149s] creating /home/cairlab/Documents/GitHub/saga_repo/install/loki_teleop/share/loki_teleop/launch
[1.150s] copying launch/teleop_xbox.launch -> /home/cairlab/Documents/GitHub/saga_repo/install/loki_teleop/share/loki_teleop/launch
[1.150s] copying launch/teleop.launch -> /home/cairlab/Documents/GitHub/saga_repo/install/loki_teleop/share/loki_teleop/launch
[1.150s] running install_egg_info
[1.166s] Copying ../../../../build/loki_teleop/loki_teleop.egg-info to /home/cairlab/Documents/GitHub/saga_repo/install/loki_teleop/lib/python3.10/site-packages/loki_teleop-2.0.0-py3.10.egg-info
[1.167s] running install_scripts
[1.320s] Installing teleop_node script to /home/cairlab/Documents/GitHub/saga_repo/install/loki_teleop/lib/loki_teleop
[1.320s] writing list of installed files to '/home/cairlab/Documents/GitHub/saga_repo/build/loki_teleop/install.log'
[1.344s] Invoked command in '/home/cairlab/Documents/GitHub/saga_repo/ros2_thor/src/loki/loki_teleop' returned '0': AMENT_PREFIX_PATH=/home/cairlab/Documents/GitHub/saga_repo/install/twist_mux:/home/cairlab/Documents/GitHub/saga_repo/install/visualization_msgs:/home/cairlab/Documents/GitHub/saga_repo/install/diagnostic_updater:/home/cairlab/Documents/GitHub/saga_repo/install/sensor_msgs:/home/cairlab/Documents/GitHub/saga_repo/install/diagnostic_msgs:/home/cairlab/Documents/GitHub/saga_repo/install/geometry_msgs:/home/cairlab/Documents/GitHub/saga_repo/install/actionlib_msgs:/home/cairlab/Documents/GitHub/saga_repo/install/std_srvs:/home/cairlab/Documents/GitHub/saga_repo/install/std_msgs:${AMENT_PREFIX_PATH} CMAKE_PREFIX_PATH=/home/cairlab/Documents/GitHub/saga_repo/install/twist_mux:/home/cairlab/Documents/GitHub/saga_repo/install/visualization_msgs:/home/cairlab/Documents/GitHub/saga_repo/install/diagnostic_updater:/home/cairlab/Documents/GitHub/saga_repo/install/sensor_msgs:/home/cairlab/Documents/GitHub/saga_repo/install/diagnostic_msgs:/home/cairlab/Documents/GitHub/saga_repo/install/geometry_msgs:/home/cairlab/Documents/GitHub/saga_repo/install/actionlib_msgs:/home/cairlab/Documents/GitHub/saga_repo/install/std_srvs:/home/cairlab/Documents/GitHub/saga_repo/install/std_msgs LD_LIBRARY_PATH=/home/cairlab/Documents/GitHub/saga_repo/install/visualization_msgs/lib:/home/cairlab/Documents/GitHub/saga_repo/install/diagnostic_updater/lib:/home/cairlab/Documents/GitHub/saga_repo/install/sensor_msgs/lib:/home/cairlab/Documents/GitHub/saga_repo/install/diagnostic_msgs/lib:/home/cairlab/Documents/GitHub/saga_repo/install/geometry_msgs/lib:/home/cairlab/Documents/GitHub/saga_repo/install/actionlib_msgs/lib:/home/cairlab/Documents/GitHub/saga_repo/install/std_srvs/lib:/home/cairlab/Documents/GitHub/saga_repo/install/std_msgs/lib:${LD_LIBRARY_PATH} PYTHONPATH=/home/cairlab/Documents/GitHub/saga_repo/build/loki_teleop/prefix_override:/home/cairlab/Documents/GitHub/saga_repo/install/loki_teleop/lib/python3.10/site-packages:/home/cairlab/Documents/GitHub/saga_repo/install/visualization_msgs/local/lib/python3.10/dist-packages:/home/cairlab/Documents/GitHub/saga_repo/install/diagnostic_updater/local/lib/python3.10/dist-packages:/home/cairlab/Documents/GitHub/saga_repo/install/sensor_msgs/local/lib/python3.10/dist-packages:/home/cairlab/Documents/GitHub/saga_repo/install/diagnostic_msgs/local/lib/python3.10/dist-packages:/home/cairlab/Documents/GitHub/saga_repo/install/geometry_msgs/local/lib/python3.10/dist-packages:/home/cairlab/Documents/GitHub/saga_repo/install/actionlib_msgs/local/lib/python3.10/dist-packages:/home/cairlab/Documents/GitHub/saga_repo/install/std_srvs/local/lib/python3.10/dist-packages:/home/cairlab/Documents/GitHub/saga_repo/install/std_msgs/local/lib/python3.10/dist-packages:${PYTHONPATH} /usr/bin/python3 setup.py egg_info --egg-base ../../../../build/loki_teleop build --build-base /home/cairlab/Documents/GitHub/saga_repo/build/loki_teleop/build install --record /home/cairlab/Documents/GitHub/saga_repo/build/loki_teleop/install.log --single-version-externally-managed
