[0.024s] Invoking command in '/home/cairlab/Documents/GitHub/saga_repo/build/loki_can_devices': AMENT_PREFIX_PATH=/home/cairlab/Documents/GitHub/saga_repo/install/loki_msgs:/home/cairlab/Documents/GitHub/saga_repo/install/sensor_msgs:/home/cairlab/Documents/GitHub/saga_repo/install/nav_msgs:/home/cairlab/Documents/GitHub/saga_repo/install/diagnostic_msgs:/home/cairlab/Documents/GitHub/saga_repo/install/geometry_msgs:/home/cairlab/Documents/GitHub/saga_repo/install/std_srvs:/home/cairlab/Documents/GitHub/saga_repo/install/std_msgs:/home/cairlab/Documents/GitHub/saga_repo/install/loki_description:${AMENT_PREFIX_PATH} CMAKE_PREFIX_PATH=/home/cairlab/Documents/GitHub/saga_repo/install/loki_msgs:/home/cairlab/Documents/GitHub/saga_repo/install/sensor_msgs:/home/cairlab/Documents/GitHub/saga_repo/install/nav_msgs:/home/cairlab/Documents/GitHub/saga_repo/install/diagnostic_msgs:/home/cairlab/Documents/GitHub/saga_repo/install/geometry_msgs:/home/cairlab/Documents/GitHub/saga_repo/install/std_srvs:/home/cairlab/Documents/GitHub/saga_repo/install/std_msgs:/home/cairlab/Documents/GitHub/saga_repo/install/loki_description:/opt/ros/humble LD_LIBRARY_PATH=/home/cairlab/Documents/GitHub/saga_repo/install/loki_msgs/lib:/home/cairlab/Documents/GitHub/saga_repo/install/sensor_msgs/lib:/home/cairlab/Documents/GitHub/saga_repo/install/nav_msgs/lib:/home/cairlab/Documents/GitHub/saga_repo/install/diagnostic_msgs/lib:/home/cairlab/Documents/GitHub/saga_repo/install/geometry_msgs/lib:/home/cairlab/Documents/GitHub/saga_repo/install/std_srvs/lib:/home/cairlab/Documents/GitHub/saga_repo/install/std_msgs/lib:${LD_LIBRARY_PATH} PYTHONPATH=/home/cairlab/Documents/GitHub/saga_repo/install/loki_msgs/local/lib/python3.10/dist-packages:/home/cairlab/Documents/GitHub/saga_repo/install/sensor_msgs/local/lib/python3.10/dist-packages:/home/cairlab/Documents/GitHub/saga_repo/install/nav_msgs/local/lib/python3.10/dist-packages:/home/cairlab/Documents/GitHub/saga_repo/install/diagnostic_msgs/local/lib/python3.10/dist-packages:/home/cairlab/Documents/GitHub/saga_repo/install/geometry_msgs/local/lib/python3.10/dist-packages:/home/cairlab/Documents/GitHub/saga_repo/install/std_srvs/local/lib/python3.10/dist-packages:/home/cairlab/Documents/GitHub/saga_repo/install/std_msgs/local/lib/python3.10/dist-packages:${PYTHONPATH} /usr/bin/cmake --build /home/cairlab/Documents/GitHub/saga_repo/build/loki_can_devices -- -j12 -l12
[0.047s] -- Found ament_cmake: 1.3.5 (/opt/ros/humble/share/ament_cmake/cmake)
[0.175s] -- Found rclcpp: 16.0.5 (/opt/ros/humble/share/rclcpp/cmake)
[0.214s] -- Found rosidl_generator_c: 3.1.5 (/opt/ros/humble/share/rosidl_generator_c/cmake)
[0.218s] -- Found rosidl_adapter: 3.1.5 (/opt/ros/humble/share/rosidl_adapter/cmake)
[0.229s] -- Found rosidl_generator_cpp: 3.1.5 (/opt/ros/humble/share/rosidl_generator_cpp/cmake)
[0.249s] -- Using all available rosidl_typesupport_c: rosidl_typesupport_fastrtps_c;rosidl_typesupport_introspection_c
[0.268s] -- Using all available rosidl_typesupport_cpp: rosidl_typesupport_fastrtps_cpp;rosidl_typesupport_introspection_cpp
[0.317s] -- Found rmw_implementation_cmake: 6.1.1 (/opt/ros/humble/share/rmw_implementation_cmake/cmake)
[0.318s] -- Found rmw_fastrtps_cpp: 6.2.3 (/opt/ros/humble/share/rmw_fastrtps_cpp/cmake)
[0.425s] -- Using RMW implementation 'rmw_fastrtps_cpp' as default
[0.576s] -- Found angles: 1.15.0 (/opt/ros/humble/share/angles/cmake)
[0.577s] -- Found geometry_msgs: 5.2.0 (/home/cairlab/Documents/GitHub/saga_repo/install/geometry_msgs/share/geometry_msgs/cmake)
[0.615s] -- Found loki_msgs: 2.0.0 (/home/cairlab/Documents/GitHub/saga_repo/install/loki_msgs/share/loki_msgs/cmake)
[0.833s] [31mCMake Error at /usr/lib/x86_64-linux-gnu/cmake/Boost-1.74.0/BoostConfig.cmake:141 (find_package):
[0.833s]   Could not find a package configuration file provided by "boost_filessystem"
[0.833s]   (requested version 1.74.0) with any of the following names:
[0.833s] 
[0.833s]     boost_filessystemConfig.cmake
[0.833s]     boost_filessystem-config.cmake
[0.833s] 
[0.833s]   Add the installation prefix of "boost_filessystem" to CMAKE_PREFIX_PATH or
[0.833s]   set "boost_filessystem_DIR" to a directory containing one of the above
[0.833s]   files.  If "boost_filessystem" provides a separate development package or
[0.833s]   SDK, be sure it has been installed.
[0.834s] Call Stack (most recent call first):
[0.834s]   /usr/lib/x86_64-linux-gnu/cmake/Boost-1.74.0/BoostConfig.cmake:258 (boost_find_component)
[0.834s]   /usr/share/cmake-3.22/Modules/FindBoost.cmake:594 (find_package)
[0.834s]   ConfigExtras.cmake:1 (find_package)
[0.834s]   CMakeLists.txt:11 (include)
[0.834s] 
[0.834s] [0m
[0.834s] -- Configuring incomplete, errors occurred!
[0.834s] See also "/home/cairlab/Documents/GitHub/saga_repo/build/loki_can_devices/CMakeFiles/CMakeOutput.log".
[0.841s] gmake: *** [Makefile:497: cmake_check_build_system] Error 1
[0.843s] Invoked command in '/home/cairlab/Documents/GitHub/saga_repo/build/loki_can_devices' returned '2': AMENT_PREFIX_PATH=/home/cairlab/Documents/GitHub/saga_repo/install/loki_msgs:/home/cairlab/Documents/GitHub/saga_repo/install/sensor_msgs:/home/cairlab/Documents/GitHub/saga_repo/install/nav_msgs:/home/cairlab/Documents/GitHub/saga_repo/install/diagnostic_msgs:/home/cairlab/Documents/GitHub/saga_repo/install/geometry_msgs:/home/cairlab/Documents/GitHub/saga_repo/install/std_srvs:/home/cairlab/Documents/GitHub/saga_repo/install/std_msgs:/home/cairlab/Documents/GitHub/saga_repo/install/loki_description:${AMENT_PREFIX_PATH} CMAKE_PREFIX_PATH=/home/cairlab/Documents/GitHub/saga_repo/install/loki_msgs:/home/cairlab/Documents/GitHub/saga_repo/install/sensor_msgs:/home/cairlab/Documents/GitHub/saga_repo/install/nav_msgs:/home/cairlab/Documents/GitHub/saga_repo/install/diagnostic_msgs:/home/cairlab/Documents/GitHub/saga_repo/install/geometry_msgs:/home/cairlab/Documents/GitHub/saga_repo/install/std_srvs:/home/cairlab/Documents/GitHub/saga_repo/install/std_msgs:/home/cairlab/Documents/GitHub/saga_repo/install/loki_description:/opt/ros/humble LD_LIBRARY_PATH=/home/cairlab/Documents/GitHub/saga_repo/install/loki_msgs/lib:/home/cairlab/Documents/GitHub/saga_repo/install/sensor_msgs/lib:/home/cairlab/Documents/GitHub/saga_repo/install/nav_msgs/lib:/home/cairlab/Documents/GitHub/saga_repo/install/diagnostic_msgs/lib:/home/cairlab/Documents/GitHub/saga_repo/install/geometry_msgs/lib:/home/cairlab/Documents/GitHub/saga_repo/install/std_srvs/lib:/home/cairlab/Documents/GitHub/saga_repo/install/std_msgs/lib:${LD_LIBRARY_PATH} PYTHONPATH=/home/cairlab/Documents/GitHub/saga_repo/install/loki_msgs/local/lib/python3.10/dist-packages:/home/cairlab/Documents/GitHub/saga_repo/install/sensor_msgs/local/lib/python3.10/dist-packages:/home/cairlab/Documents/GitHub/saga_repo/install/nav_msgs/local/lib/python3.10/dist-packages:/home/cairlab/Documents/GitHub/saga_repo/install/diagnostic_msgs/local/lib/python3.10/dist-packages:/home/cairlab/Documents/GitHub/saga_repo/install/geometry_msgs/local/lib/python3.10/dist-packages:/home/cairlab/Documents/GitHub/saga_repo/install/std_srvs/local/lib/python3.10/dist-packages:/home/cairlab/Documents/GitHub/saga_repo/install/std_msgs/local/lib/python3.10/dist-packages:${PYTHONPATH} /usr/bin/cmake --build /home/cairlab/Documents/GitHub/saga_repo/build/loki_can_devices -- -j12 -l12
