[0.012s] Invoking command in '/home/cairlab/diagnostics/build/diagnostic_updater': CMAKE_PREFIX_PATH=/opt/ros/humble /usr/bin/cmake /home/cairlab/diagnostics/diagnostic_updater -DCMAKE_INSTALL_PREFIX=/home/cairlab/diagnostics/install/diagnostic_updater
[0.136s] -- The C compiler identification is GNU 11.3.0
[0.215s] -- The CXX compiler identification is GNU 11.3.0
[0.222s] -- Detecting C compiler ABI info
[0.286s] -- Detecting C compiler ABI info - done
[0.292s] -- Check for working C compiler: /usr/bin/cc - skipped
[0.292s] -- Detecting C compile features
[0.292s] -- Detecting C compile features - done
[0.294s] -- Detecting CXX compiler ABI info
[0.363s] -- Detecting CXX compiler ABI info - done
[0.369s] -- Check for working CXX compiler: /usr/bin/c++ - skipped
[0.369s] -- Detecting CXX compile features
[0.370s] -- Detecting CXX compile features - done
[0.374s] -- Found ament_cmake: 1.3.5 (/opt/ros/humble/share/ament_cmake/cmake)
[0.512s] -- Found Python3: /usr/bin/python3.10 (found version "3.10.6") found components: Interpreter 
[0.586s] -- Found diagnostic_msgs: 4.2.3 (/opt/ros/humble/share/diagnostic_msgs/cmake)
[0.615s] -- Found rosidl_generator_c: 3.1.4 (/opt/ros/humble/share/rosidl_generator_c/cmake)
[0.619s] -- Found rosidl_adapter: 3.1.4 (/opt/ros/humble/share/rosidl_adapter/cmake)
[0.626s] -- Found rosidl_generator_cpp: 3.1.4 (/opt/ros/humble/share/rosidl_generator_cpp/cmake)
[0.638s] -- Using all available rosidl_typesupport_c: rosidl_typesupport_fastrtps_c;rosidl_typesupport_introspection_c
[0.655s] -- Using all available rosidl_typesupport_cpp: rosidl_typesupport_fastrtps_cpp;rosidl_typesupport_introspection_cpp
[0.763s] -- Found rclcpp: 16.0.4 (/opt/ros/humble/share/rclcpp/cmake)
[0.814s] -- Found rmw_implementation_cmake: 6.1.1 (/opt/ros/humble/share/rmw_implementation_cmake/cmake)
[0.816s] -- Found rmw_fastrtps_cpp: 6.2.2 (/opt/ros/humble/share/rmw_fastrtps_cpp/cmake)
[0.897s] -- Found OpenSSL: /usr/lib/x86_64-linux-gnu/libcrypto.so (found version "3.0.2")  
[0.916s] -- Found FastRTPS: /opt/ros/humble/include  
[0.956s] -- Using RMW implementation 'rmw_fastrtps_cpp' as default
[0.964s] -- Looking for pthread.h
[1.021s] -- Looking for pthread.h - found
[1.021s] -- Performing Test CMAKE_HAVE_LIBC_PTHREAD
[1.085s] -- Performing Test CMAKE_HAVE_LIBC_PTHREAD - Success
[1.086s] -- Found Threads: TRUE  
[1.201s] -- Found rclpy: 3.3.8 (/opt/ros/humble/share/rclpy/cmake)
[1.204s] -- Found ament_lint_auto: 0.12.6 (/opt/ros/humble/share/ament_lint_auto/cmake)
[1.314s] -- Found gtest sources under '/opt/ros/humble/src/gtest_vendor': C++ tests using 'Google Test' will be built
[2.056s] -- Added test 'cppcheck' to perform static code analysis on C / C++ code
[2.056s] -- Configured cppcheck include dirs: $<BUILD_INTERFACE:/home/cairlab/diagnostics/diagnostic_updater/include>
[2.056s] -- Configured cppcheck exclude dirs and/or files: 
[2.057s] -- Added test 'cpplint' to check C / C++ code against the Google style
[2.057s] -- Configured cpplint exclude dirs and/or files: 
[2.058s] -- Added test 'lint_cmake' to check CMake code style
[2.058s] -- Added test 'pep257' to check Python code against some of the docstring style conventions in PEP 257
[2.060s] -- Added test 'uncrustify' to check C / C++ code style
[2.060s] -- Configured uncrustify additional arguments: 
[2.060s] -- Added test 'xmllint' to check XML markup files
[2.063s] -- Configuring done
[2.086s] -- Generating done
[2.088s] -- Build files have been written to: /home/cairlab/diagnostics/build/diagnostic_updater
[2.099s] Invoked command in '/home/cairlab/diagnostics/build/diagnostic_updater' returned '0': CMAKE_PREFIX_PATH=/opt/ros/humble /usr/bin/cmake /home/cairlab/diagnostics/diagnostic_updater -DCMAKE_INSTALL_PREFIX=/home/cairlab/diagnostics/install/diagnostic_updater
[2.100s] Invoking command in '/home/cairlab/diagnostics/build/diagnostic_updater': CMAKE_PREFIX_PATH=/opt/ros/humble /usr/bin/cmake --build /home/cairlab/diagnostics/build/diagnostic_updater -- -j12 -l12
[2.142s] [ 20%] [32mBuilding CXX object gtest/CMakeFiles/gtest_main.dir/src/gtest_main.cc.o[0m
[2.142s] [ 20%] [32mBuilding CXX object gtest/CMakeFiles/gtest.dir/src/gtest-all.cc.o[0m
[2.148s] [ 30%] [32mBuilding CXX object CMakeFiles/example.dir/src/example.cpp.o[0m
[2.151s] [ 30%] Built target ament_cmake_python_copy_diagnostic_updater
[2.551s] running egg_info
[2.551s] creating diagnostic_updater.egg-info
[2.552s] writing diagnostic_updater.egg-info/PKG-INFO
[2.552s] writing dependency_links to diagnostic_updater.egg-info/dependency_links.txt
[2.552s] writing top-level names to diagnostic_updater.egg-info/top_level.txt
[2.553s] writing manifest file 'diagnostic_updater.egg-info/SOURCES.txt'
[2.556s] reading manifest file 'diagnostic_updater.egg-info/SOURCES.txt'
[2.557s] writing manifest file 'diagnostic_updater.egg-info/SOURCES.txt'
[2.612s] [ 30%] Built target ament_cmake_python_build_diagnostic_updater_egg
[2.762s] [ 40%] [32m[1mLinking CXX static library libgtest_main.a[0m
[2.795s] [ 40%] Built target gtest_main
[5.326s] [ 50%] [32m[1mLinking CXX static library libgtest.a[0m
[5.389s] [ 50%] Built target gtest
[5.410s] [ 70%] [32mBuilding CXX object CMakeFiles/diagnostic_updater_test.dir/test/diagnostic_updater_test.cpp.o[0m
[5.410s] [ 70%] [32mBuilding CXX object CMakeFiles/diagnostic_status_wrapper_test.dir/test/diagnostic_status_wrapper_test.cpp.o[0m
[8.181s] [ 80%] [32m[1mLinking CXX executable example[0m
[8.687s] [ 80%] Built target example
[9.325s] [ 90%] [32m[1mLinking CXX executable diagnostic_status_wrapper_test[0m
[9.567s] [ 90%] Built target diagnostic_status_wrapper_test
[11.052s] [100%] [32m[1mLinking CXX executable diagnostic_updater_test[0m
[11.326s] [100%] Built target diagnostic_updater_test
[11.335s] Invoked command in '/home/cairlab/diagnostics/build/diagnostic_updater' returned '0': CMAKE_PREFIX_PATH=/opt/ros/humble /usr/bin/cmake --build /home/cairlab/diagnostics/build/diagnostic_updater -- -j12 -l12
[11.372s] Invoking command in '/home/cairlab/diagnostics/build/diagnostic_updater': CMAKE_PREFIX_PATH=/opt/ros/humble /usr/bin/cmake --install /home/cairlab/diagnostics/build/diagnostic_updater
[11.378s] -- Install configuration: ""
[11.378s] -- Installing: /home/cairlab/diagnostics/install/diagnostic_updater/share/diagnostic_updater/environment/pythonpath.sh
[11.379s] -- Installing: /home/cairlab/diagnostics/install/diagnostic_updater/share/diagnostic_updater/environment/pythonpath.dsv
[11.379s] -- Installing: /home/cairlab/diagnostics/install/diagnostic_updater/local/lib/python3.10/dist-packages/diagnostic_updater-3.1.2-py3.10.egg-info
[11.379s] -- Installing: /home/cairlab/diagnostics/install/diagnostic_updater/local/lib/python3.10/dist-packages/diagnostic_updater-3.1.2-py3.10.egg-info/dependency_links.txt
[11.379s] -- Installing: /home/cairlab/diagnostics/install/diagnostic_updater/local/lib/python3.10/dist-packages/diagnostic_updater-3.1.2-py3.10.egg-info/PKG-INFO
[11.379s] -- Installing: /home/cairlab/diagnostics/install/diagnostic_updater/local/lib/python3.10/dist-packages/diagnostic_updater-3.1.2-py3.10.egg-info/SOURCES.txt
[11.379s] -- Installing: /home/cairlab/diagnostics/install/diagnostic_updater/local/lib/python3.10/dist-packages/diagnostic_updater-3.1.2-py3.10.egg-info/top_level.txt
[11.380s] -- Installing: /home/cairlab/diagnostics/install/diagnostic_updater/local/lib/python3.10/dist-packages/diagnostic_updater
[11.380s] -- Installing: /home/cairlab/diagnostics/install/diagnostic_updater/local/lib/python3.10/dist-packages/diagnostic_updater/_diagnostic_updater.py
[11.380s] -- Installing: /home/cairlab/diagnostics/install/diagnostic_updater/local/lib/python3.10/dist-packages/diagnostic_updater/example.py
[11.380s] -- Installing: /home/cairlab/diagnostics/install/diagnostic_updater/local/lib/python3.10/dist-packages/diagnostic_updater/__init__.py
[11.381s] -- Installing: /home/cairlab/diagnostics/install/diagnostic_updater/local/lib/python3.10/dist-packages/diagnostic_updater/_diagnostic_status_wrapper.py
[11.381s] -- Installing: /home/cairlab/diagnostics/install/diagnostic_updater/local/lib/python3.10/dist-packages/diagnostic_updater/_publisher.py
[11.381s] -- Installing: /home/cairlab/diagnostics/install/diagnostic_updater/local/lib/python3.10/dist-packages/diagnostic_updater/_update_functions.py
[11.429s] Listing '/home/cairlab/diagnostics/install/diagnostic_updater/local/lib/python3.10/dist-packages/diagnostic_updater'...
[11.429s] Compiling '/home/cairlab/diagnostics/install/diagnostic_updater/local/lib/python3.10/dist-packages/diagnostic_updater/__init__.py'...
[11.429s] Compiling '/home/cairlab/diagnostics/install/diagnostic_updater/local/lib/python3.10/dist-packages/diagnostic_updater/_diagnostic_status_wrapper.py'...
[11.429s] Compiling '/home/cairlab/diagnostics/install/diagnostic_updater/local/lib/python3.10/dist-packages/diagnostic_updater/_diagnostic_updater.py'...
[11.429s] Compiling '/home/cairlab/diagnostics/install/diagnostic_updater/local/lib/python3.10/dist-packages/diagnostic_updater/_publisher.py'...
[11.429s] Compiling '/home/cairlab/diagnostics/install/diagnostic_updater/local/lib/python3.10/dist-packages/diagnostic_updater/_update_functions.py'...
[11.429s] Compiling '/home/cairlab/diagnostics/install/diagnostic_updater/local/lib/python3.10/dist-packages/diagnostic_updater/example.py'...
[11.432s] -- Installing: /home/cairlab/diagnostics/install/diagnostic_updater/lib/diagnostic_updater/example.py
[11.432s] -- Installing: /home/cairlab/diagnostics/install/diagnostic_updater/lib/diagnostic_updater/example
[11.434s] -- Set runtime path of "/home/cairlab/diagnostics/install/diagnostic_updater/lib/diagnostic_updater/example" to ""
[11.434s] -- Installing: /home/cairlab/diagnostics/install/diagnostic_updater/include
[11.434s] -- Installing: /home/cairlab/diagnostics/install/diagnostic_updater/include/diagnostic_updater
[11.434s] -- Installing: /home/cairlab/diagnostics/install/diagnostic_updater/include/diagnostic_updater/publisher.hpp
[11.434s] -- Installing: /home/cairlab/diagnostics/install/diagnostic_updater/include/diagnostic_updater/diagnostic_status_wrapper.hpp
[11.435s] -- Installing: /home/cairlab/diagnostics/install/diagnostic_updater/include/diagnostic_updater/diagnostic_updater.hpp
[11.435s] -- Installing: /home/cairlab/diagnostics/install/diagnostic_updater/include/diagnostic_updater/update_functions.hpp
[11.435s] -- Installing: /home/cairlab/diagnostics/install/diagnostic_updater/share/diagnostic_updater/environment/library_path.sh
[11.435s] -- Installing: /home/cairlab/diagnostics/install/diagnostic_updater/share/diagnostic_updater/environment/library_path.dsv
[11.435s] -- Installing: /home/cairlab/diagnostics/install/diagnostic_updater/share/ament_index/resource_index/package_run_dependencies/diagnostic_updater
[11.435s] -- Installing: /home/cairlab/diagnostics/install/diagnostic_updater/share/ament_index/resource_index/parent_prefix_path/diagnostic_updater
[11.436s] -- Installing: /home/cairlab/diagnostics/install/diagnostic_updater/share/diagnostic_updater/environment/ament_prefix_path.sh
[11.436s] -- Installing: /home/cairlab/diagnostics/install/diagnostic_updater/share/diagnostic_updater/environment/ament_prefix_path.dsv
[11.436s] -- Installing: /home/cairlab/diagnostics/install/diagnostic_updater/share/diagnostic_updater/environment/path.sh
[11.436s] -- Installing: /home/cairlab/diagnostics/install/diagnostic_updater/share/diagnostic_updater/environment/path.dsv
[11.436s] -- Installing: /home/cairlab/diagnostics/install/diagnostic_updater/share/diagnostic_updater/local_setup.bash
[11.436s] -- Installing: /home/cairlab/diagnostics/install/diagnostic_updater/share/diagnostic_updater/local_setup.sh
[11.437s] -- Installing: /home/cairlab/diagnostics/install/diagnostic_updater/share/diagnostic_updater/local_setup.zsh
[11.437s] -- Installing: /home/cairlab/diagnostics/install/diagnostic_updater/share/diagnostic_updater/local_setup.dsv
[11.437s] -- Installing: /home/cairlab/diagnostics/install/diagnostic_updater/share/diagnostic_updater/package.dsv
[11.437s] -- Installing: /home/cairlab/diagnostics/install/diagnostic_updater/share/ament_index/resource_index/packages/diagnostic_updater
[11.437s] -- Installing: /home/cairlab/diagnostics/install/diagnostic_updater/share/diagnostic_updater/cmake/diagnostic_updaterTargetsExport.cmake
[11.438s] -- Installing: /home/cairlab/diagnostics/install/diagnostic_updater/share/diagnostic_updater/cmake/ament_cmake_export_targets-extras.cmake
[11.438s] -- Installing: /home/cairlab/diagnostics/install/diagnostic_updater/share/diagnostic_updater/cmake/ament_cmake_export_include_directories-extras.cmake
[11.438s] -- Installing: /home/cairlab/diagnostics/install/diagnostic_updater/share/diagnostic_updater/cmake/ament_cmake_export_dependencies-extras.cmake
[11.438s] -- Installing: /home/cairlab/diagnostics/install/diagnostic_updater/share/diagnostic_updater/cmake/diagnostic_updaterConfig.cmake
[11.438s] -- Installing: /home/cairlab/diagnostics/install/diagnostic_updater/share/diagnostic_updater/cmake/diagnostic_updaterConfig-version.cmake
[11.439s] -- Installing: /home/cairlab/diagnostics/install/diagnostic_updater/share/diagnostic_updater/package.xml
[11.442s] Invoked command in '/home/cairlab/diagnostics/build/diagnostic_updater' returned '0': CMAKE_PREFIX_PATH=/opt/ros/humble /usr/bin/cmake --install /home/cairlab/diagnostics/build/diagnostic_updater
