running egg_info
creating ../../../../build/loki_base/loki_base.egg-info
writing ../../../../build/loki_base/loki_base.egg-info/PKG-INFO
writing dependency_links to ../../../../build/loki_base/loki_base.egg-info/dependency_links.txt
writing entry points to ../../../../build/loki_base/loki_base.egg-info/entry_points.txt
writing requirements to ../../../../build/loki_base/loki_base.egg-info/requires.txt
writing top-level names to ../../../../build/loki_base/loki_base.egg-info/top_level.txt
writing manifest file '../../../../build/loki_base/loki_base.egg-info/SOURCES.txt'
reading manifest file '../../../../build/loki_base/loki_base.egg-info/SOURCES.txt'
writing manifest file '../../../../build/loki_base/loki_base.egg-info/SOURCES.txt'
running build
running build_py
creating /home/loki/Documents/GitHub/saga_repo/build/loki_base/build
creating /home/loki/Documents/GitHub/saga_repo/build/loki_base/build/lib
creating /home/loki/Documents/GitHub/saga_repo/build/loki_base/build/lib/loki_base
copying loki_base/base_driver.py -> /home/loki/Documents/GitHub/saga_repo/build/loki_base/build/lib/loki_base
copying loki_base/canframe.py -> /home/loki/Documents/GitHub/saga_repo/build/loki_base/build/lib/loki_base
copying loki_base/pltf_clc_std.py -> /home/loki/Documents/GitHub/saga_repo/build/loki_base/build/lib/loki_base
copying loki_base/Py_Base_State.py -> /home/loki/Documents/GitHub/saga_repo/build/loki_base/build/lib/loki_base
copying loki_base/enclosure_board_serial.py -> /home/loki/Documents/GitHub/saga_repo/build/loki_base/build/lib/loki_base
copying loki_base/__init__.py -> /home/loki/Documents/GitHub/saga_repo/build/loki_base/build/lib/loki_base
copying loki_base/isaac_wheels.py -> /home/loki/Documents/GitHub/saga_repo/build/loki_base/build/lib/loki_base
running install
/usr/lib/python3/dist-packages/setuptools/command/install.py:34: SetuptoolsDeprecationWarning: setup.py install is deprecated. Use build and pip and other standards-based tools.
  warnings.warn(
running install_lib
creating /home/loki/Documents/GitHub/saga_repo/install/loki_base/lib/python3.10/site-packages/loki_base
copying /home/loki/Documents/GitHub/saga_repo/build/loki_base/build/lib/loki_base/base_driver.py -> /home/loki/Documents/GitHub/saga_repo/install/loki_base/lib/python3.10/site-packages/loki_base
copying /home/loki/Documents/GitHub/saga_repo/build/loki_base/build/lib/loki_base/canframe.py -> /home/loki/Documents/GitHub/saga_repo/install/loki_base/lib/python3.10/site-packages/loki_base
copying /home/loki/Documents/GitHub/saga_repo/build/loki_base/build/lib/loki_base/pltf_clc_std.py -> /home/loki/Documents/GitHub/saga_repo/install/loki_base/lib/python3.10/site-packages/loki_base
copying /home/loki/Documents/GitHub/saga_repo/build/loki_base/build/lib/loki_base/Py_Base_State.py -> /home/loki/Documents/GitHub/saga_repo/install/loki_base/lib/python3.10/site-packages/loki_base
copying /home/loki/Documents/GitHub/saga_repo/build/loki_base/build/lib/loki_base/enclosure_board_serial.py -> /home/loki/Documents/GitHub/saga_repo/install/loki_base/lib/python3.10/site-packages/loki_base
copying /home/loki/Documents/GitHub/saga_repo/build/loki_base/build/lib/loki_base/__init__.py -> /home/loki/Documents/GitHub/saga_repo/install/loki_base/lib/python3.10/site-packages/loki_base
copying /home/loki/Documents/GitHub/saga_repo/build/loki_base/build/lib/loki_base/isaac_wheels.py -> /home/loki/Documents/GitHub/saga_repo/install/loki_base/lib/python3.10/site-packages/loki_base
byte-compiling /home/loki/Documents/GitHub/saga_repo/install/loki_base/lib/python3.10/site-packages/loki_base/base_driver.py to base_driver.cpython-310.pyc
byte-compiling /home/loki/Documents/GitHub/saga_repo/install/loki_base/lib/python3.10/site-packages/loki_base/canframe.py to canframe.cpython-310.pyc
byte-compiling /home/loki/Documents/GitHub/saga_repo/install/loki_base/lib/python3.10/site-packages/loki_base/pltf_clc_std.py to pltf_clc_std.cpython-310.pyc
byte-compiling /home/loki/Documents/GitHub/saga_repo/install/loki_base/lib/python3.10/site-packages/loki_base/Py_Base_State.py to Py_Base_State.cpython-310.pyc
byte-compiling /home/loki/Documents/GitHub/saga_repo/install/loki_base/lib/python3.10/site-packages/loki_base/enclosure_board_serial.py to enclosure_board_serial.cpython-310.pyc
byte-compiling /home/loki/Documents/GitHub/saga_repo/install/loki_base/lib/python3.10/site-packages/loki_base/__init__.py to __init__.cpython-310.pyc
byte-compiling /home/loki/Documents/GitHub/saga_repo/install/loki_base/lib/python3.10/site-packages/loki_base/isaac_wheels.py to isaac_wheels.cpython-310.pyc
running install_data
creating /home/loki/Documents/GitHub/saga_repo/install/loki_base/share/ament_index
creating /home/loki/Documents/GitHub/saga_repo/install/loki_base/share/ament_index/resource_index
creating /home/loki/Documents/GitHub/saga_repo/install/loki_base/share/ament_index/resource_index/packages
copying resource/loki_base -> /home/loki/Documents/GitHub/saga_repo/install/loki_base/share/ament_index/resource_index/packages
copying package.xml -> /home/loki/Documents/GitHub/saga_repo/install/loki_base/share/loki_base
creating /home/loki/Documents/GitHub/saga_repo/install/loki_base/share/loki_base/launch
copying launch/base_bringup.launch.py -> /home/loki/Documents/GitHub/saga_repo/install/loki_base/share/loki_base/launch
creating /home/loki/Documents/GitHub/saga_repo/install/loki_base/share/loki_base/config
copying config/robot_017.yaml -> /home/loki/Documents/GitHub/saga_repo/install/loki_base/share/loki_base/config
running install_egg_info
Copying ../../../../build/loki_base/loki_base.egg-info to /home/loki/Documents/GitHub/saga_repo/install/loki_base/lib/python3.10/site-packages/loki_base-2.0.0-py3.10.egg-info
running install_scripts
Installing base_driver script to /home/loki/Documents/GitHub/saga_repo/install/loki_base/lib/loki_base
Installing enlcosure_board_serial script to /home/loki/Documents/GitHub/saga_repo/install/loki_base/lib/loki_base
Installing isaac_wheels script to /home/loki/Documents/GitHub/saga_repo/install/loki_base/lib/loki_base
writing list of installed files to '/home/loki/Documents/GitHub/saga_repo/build/loki_base/install.log'
