[0.494s] Invoking command in '/home/loki/Documents/GitHub/saga_repo/ros2_thor/src/loki/loki_base': AMENT_PREFIX_PATH=/home/loki/Documents/GitHub/saga_repo/install/loki_can_devices:/home/loki/Documents/GitHub/saga_repo/install/loki_msgs:/home/loki/Documents/GitHub/saga_repo/install/loki_description:${AMENT_PREFIX_PATH} CMAKE_PREFIX_PATH=/home/loki/Documents/GitHub/saga_repo/install/loki_can_devices:/home/loki/Documents/GitHub/saga_repo/install/loki_msgs:/home/loki/Documents/GitHub/saga_repo/install/loki_description LD_LIBRARY_PATH=/home/loki/Documents/GitHub/saga_repo/install/loki_can_devices/lib:/home/loki/Documents/GitHub/saga_repo/install/loki_msgs/lib:${LD_LIBRARY_PATH} PYTHONPATH=/home/loki/Documents/GitHub/saga_repo/build/loki_base/prefix_override:/home/loki/Documents/GitHub/saga_repo/install/loki_base/lib/python3.10/site-packages:/home/loki/Documents/GitHub/saga_repo/install/loki_msgs/local/lib/python3.10/dist-packages:${PYTHONPATH} /usr/bin/python3 setup.py egg_info --egg-base ../../../../build/loki_base build --build-base /home/loki/Documents/GitHub/saga_repo/build/loki_base/build install --record /home/loki/Documents/GitHub/saga_repo/build/loki_base/install.log --single-version-externally-managed
[0.659s] running egg_info
[0.659s] creating ../../../../build/loki_base/loki_base.egg-info
[0.659s] writing ../../../../build/loki_base/loki_base.egg-info/PKG-INFO
[0.659s] writing dependency_links to ../../../../build/loki_base/loki_base.egg-info/dependency_links.txt
[0.659s] writing entry points to ../../../../build/loki_base/loki_base.egg-info/entry_points.txt
[0.660s] writing requirements to ../../../../build/loki_base/loki_base.egg-info/requires.txt
[0.660s] writing top-level names to ../../../../build/loki_base/loki_base.egg-info/top_level.txt
[0.660s] writing manifest file '../../../../build/loki_base/loki_base.egg-info/SOURCES.txt'
[0.662s] reading manifest file '../../../../build/loki_base/loki_base.egg-info/SOURCES.txt'
[0.662s] writing manifest file '../../../../build/loki_base/loki_base.egg-info/SOURCES.txt'
[0.662s] running build
[0.662s] running build_py
[0.663s] creating /home/loki/Documents/GitHub/saga_repo/build/loki_base/build
[0.663s] creating /home/loki/Documents/GitHub/saga_repo/build/loki_base/build/lib
[0.663s] creating /home/loki/Documents/GitHub/saga_repo/build/loki_base/build/lib/loki_base
[0.663s] copying loki_base/base_driver.py -> /home/loki/Documents/GitHub/saga_repo/build/loki_base/build/lib/loki_base
[0.663s] copying loki_base/canframe.py -> /home/loki/Documents/GitHub/saga_repo/build/loki_base/build/lib/loki_base
[0.666s] copying loki_base/pltf_clc_std.py -> /home/loki/Documents/GitHub/saga_repo/build/loki_base/build/lib/loki_base
[0.666s] copying loki_base/Py_Base_State.py -> /home/loki/Documents/GitHub/saga_repo/build/loki_base/build/lib/loki_base
[0.666s] copying loki_base/enclosure_board_serial.py -> /home/loki/Documents/GitHub/saga_repo/build/loki_base/build/lib/loki_base
[0.666s] copying loki_base/__init__.py -> /home/loki/Documents/GitHub/saga_repo/build/loki_base/build/lib/loki_base
[0.666s] copying loki_base/isaac_wheels.py -> /home/loki/Documents/GitHub/saga_repo/build/loki_base/build/lib/loki_base
[0.667s] running install
[0.667s] /usr/lib/python3/dist-packages/setuptools/command/install.py:34: SetuptoolsDeprecationWarning: setup.py install is deprecated. Use build and pip and other standards-based tools.
[0.667s]   warnings.warn(
[0.667s] running install_lib
[0.668s] creating /home/loki/Documents/GitHub/saga_repo/install/loki_base/lib/python3.10/site-packages/loki_base
[0.668s] copying /home/loki/Documents/GitHub/saga_repo/build/loki_base/build/lib/loki_base/base_driver.py -> /home/loki/Documents/GitHub/saga_repo/install/loki_base/lib/python3.10/site-packages/loki_base
[0.668s] copying /home/loki/Documents/GitHub/saga_repo/build/loki_base/build/lib/loki_base/canframe.py -> /home/loki/Documents/GitHub/saga_repo/install/loki_base/lib/python3.10/site-packages/loki_base
[0.668s] copying /home/loki/Documents/GitHub/saga_repo/build/loki_base/build/lib/loki_base/pltf_clc_std.py -> /home/loki/Documents/GitHub/saga_repo/install/loki_base/lib/python3.10/site-packages/loki_base
[0.668s] copying /home/loki/Documents/GitHub/saga_repo/build/loki_base/build/lib/loki_base/Py_Base_State.py -> /home/loki/Documents/GitHub/saga_repo/install/loki_base/lib/python3.10/site-packages/loki_base
[0.668s] copying /home/loki/Documents/GitHub/saga_repo/build/loki_base/build/lib/loki_base/enclosure_board_serial.py -> /home/loki/Documents/GitHub/saga_repo/install/loki_base/lib/python3.10/site-packages/loki_base
[0.669s] copying /home/loki/Documents/GitHub/saga_repo/build/loki_base/build/lib/loki_base/__init__.py -> /home/loki/Documents/GitHub/saga_repo/install/loki_base/lib/python3.10/site-packages/loki_base
[0.669s] copying /home/loki/Documents/GitHub/saga_repo/build/loki_base/build/lib/loki_base/isaac_wheels.py -> /home/loki/Documents/GitHub/saga_repo/install/loki_base/lib/python3.10/site-packages/loki_base
[0.669s] byte-compiling /home/loki/Documents/GitHub/saga_repo/install/loki_base/lib/python3.10/site-packages/loki_base/base_driver.py to base_driver.cpython-310.pyc
[0.673s] byte-compiling /home/loki/Documents/GitHub/saga_repo/install/loki_base/lib/python3.10/site-packages/loki_base/canframe.py to canframe.cpython-310.pyc
[0.673s] byte-compiling /home/loki/Documents/GitHub/saga_repo/install/loki_base/lib/python3.10/site-packages/loki_base/pltf_clc_std.py to pltf_clc_std.cpython-310.pyc
[0.675s] byte-compiling /home/loki/Documents/GitHub/saga_repo/install/loki_base/lib/python3.10/site-packages/loki_base/Py_Base_State.py to Py_Base_State.cpython-310.pyc
[0.676s] byte-compiling /home/loki/Documents/GitHub/saga_repo/install/loki_base/lib/python3.10/site-packages/loki_base/enclosure_board_serial.py to enclosure_board_serial.cpython-310.pyc
[0.677s] byte-compiling /home/loki/Documents/GitHub/saga_repo/install/loki_base/lib/python3.10/site-packages/loki_base/__init__.py to __init__.cpython-310.pyc
[0.677s] byte-compiling /home/loki/Documents/GitHub/saga_repo/install/loki_base/lib/python3.10/site-packages/loki_base/isaac_wheels.py to isaac_wheels.cpython-310.pyc
[0.678s] running install_data
[0.678s] creating /home/loki/Documents/GitHub/saga_repo/install/loki_base/share/ament_index
[0.678s] creating /home/loki/Documents/GitHub/saga_repo/install/loki_base/share/ament_index/resource_index
[0.678s] creating /home/loki/Documents/GitHub/saga_repo/install/loki_base/share/ament_index/resource_index/packages
[0.679s] copying resource/loki_base -> /home/loki/Documents/GitHub/saga_repo/install/loki_base/share/ament_index/resource_index/packages
[0.679s] copying package.xml -> /home/loki/Documents/GitHub/saga_repo/install/loki_base/share/loki_base
[0.679s] creating /home/loki/Documents/GitHub/saga_repo/install/loki_base/share/loki_base/launch
[0.679s] copying launch/base_bringup.launch.py -> /home/loki/Documents/GitHub/saga_repo/install/loki_base/share/loki_base/launch
[0.679s] creating /home/loki/Documents/GitHub/saga_repo/install/loki_base/share/loki_base/config
[0.679s] copying config/robot_017.yaml -> /home/loki/Documents/GitHub/saga_repo/install/loki_base/share/loki_base/config
[0.679s] running install_egg_info
[0.681s] Copying ../../../../build/loki_base/loki_base.egg-info to /home/loki/Documents/GitHub/saga_repo/install/loki_base/lib/python3.10/site-packages/loki_base-2.0.0-py3.10.egg-info
[0.681s] running install_scripts
[0.695s] Installing base_driver script to /home/loki/Documents/GitHub/saga_repo/install/loki_base/lib/loki_base
[0.695s] Installing enlcosure_board_serial script to /home/loki/Documents/GitHub/saga_repo/install/loki_base/lib/loki_base
[0.695s] Installing isaac_wheels script to /home/loki/Documents/GitHub/saga_repo/install/loki_base/lib/loki_base
[0.695s] writing list of installed files to '/home/loki/Documents/GitHub/saga_repo/build/loki_base/install.log'
[0.713s] Invoked command in '/home/loki/Documents/GitHub/saga_repo/ros2_thor/src/loki/loki_base' returned '0': AMENT_PREFIX_PATH=/home/loki/Documents/GitHub/saga_repo/install/loki_can_devices:/home/loki/Documents/GitHub/saga_repo/install/loki_msgs:/home/loki/Documents/GitHub/saga_repo/install/loki_description:${AMENT_PREFIX_PATH} CMAKE_PREFIX_PATH=/home/loki/Documents/GitHub/saga_repo/install/loki_can_devices:/home/loki/Documents/GitHub/saga_repo/install/loki_msgs:/home/loki/Documents/GitHub/saga_repo/install/loki_description LD_LIBRARY_PATH=/home/loki/Documents/GitHub/saga_repo/install/loki_can_devices/lib:/home/loki/Documents/GitHub/saga_repo/install/loki_msgs/lib:${LD_LIBRARY_PATH} PYTHONPATH=/home/loki/Documents/GitHub/saga_repo/build/loki_base/prefix_override:/home/loki/Documents/GitHub/saga_repo/install/loki_base/lib/python3.10/site-packages:/home/loki/Documents/GitHub/saga_repo/install/loki_msgs/local/lib/python3.10/dist-packages:${PYTHONPATH} /usr/bin/python3 setup.py egg_info --egg-base ../../../../build/loki_base build --build-base /home/loki/Documents/GitHub/saga_repo/build/loki_base/build install --record /home/loki/Documents/GitHub/saga_repo/build/loki_base/install.log --single-version-externally-managed
