-- Found ament_cmake: 1.3.5 (/opt/ros/humble/share/ament_cmake/cmake)
-- Found rclcpp: 16.0.6 (/opt/ros/humble/share/rclcpp/cmake)
-- Found rosidl_generator_c: 3.1.5 (/opt/ros/humble/share/rosidl_generator_c/cmake)
-- Found rosidl_adapter: 3.1.5 (/opt/ros/humble/share/rosidl_adapter/cmake)
-- Found rosidl_generator_cpp: 3.1.5 (/opt/ros/humble/share/rosidl_generator_cpp/cmake)
-- Using all available rosidl_typesupport_c: rosidl_typesupport_fastrtps_c;rosidl_typesupport_introspection_c
-- Using all available rosidl_typesupport_cpp: rosidl_typesupport_fastrtps_cpp;rosidl_typesupport_introspection_cpp
-- Found rmw_implementation_cmake: 6.1.1 (/opt/ros/humble/share/rmw_implementation_cmake/cmake)
-- Found rmw_fastrtps_cpp: 6.2.4 (/opt/ros/humble/share/rmw_fastrtps_cpp/cmake)
-- Using RMW implementation 'rmw_fastrtps_cpp' as default
-- Found angles: 1.15.0 (/opt/ros/humble/share/angles/cmake)
-- Found geometry_msgs: 5.2.0 (/home/cairlab/Documents/GitHub/saga_repo/install/geometry_msgs/share/geometry_msgs/cmake)
-- Found loki_msgs: 2.0.0 (/home/cairlab/Documents/GitHub/saga_repo/install/loki_msgs/share/loki_msgs/cmake)
-- Configuring done
-- Generating done
-- Build files have been written to: /home/cairlab/Documents/GitHub/saga_repo/build/loki_can_devices
[35m[1mConsolidate compiler generated dependencies of target can[0m
[ 81%] Built target can
[35m[1mConsolidate compiler generated dependencies of target pytocpp[0m
[ 90%] [32mBuilding CXX object CMakeFiles/pytocpp.dir/src/py_to_cpp.cpp.o[0m
[100%] [32m[1mLinking CXX executable pytocpp[0m
[100%] Built target pytocpp
-- Install configuration: ""
-- Up-to-date: /home/cairlab/Documents/GitHub/saga_repo/install/loki_can_devices/include
-- Up-to-date: /home/cairlab/Documents/GitHub/saga_repo/install/loki_can_devices/include/loki_can_devices
-- Up-to-date: /home/cairlab/Documents/GitHub/saga_repo/install/loki_can_devices/include/loki_can_devices/CanDriveItf.h
-- Up-to-date: /home/cairlab/Documents/GitHub/saga_repo/install/loki_can_devices/include/loki_can_devices/can_io_v1pcb.h
-- Up-to-date: /home/cairlab/Documents/GitHub/saga_repo/install/loki_can_devices/include/loki_can_devices/kc_battery.h
-- Up-to-date: /home/cairlab/Documents/GitHub/saga_repo/install/loki_can_devices/include/loki_can_devices/RoboteqFbl2360.h
-- Up-to-date: /home/cairlab/Documents/GitHub/saga_repo/install/loki_can_devices/include/loki_can_devices/RoboteqFbl2360Diff.h
-- Installing: /home/cairlab/Documents/GitHub/saga_repo/install/loki_can_devices/include/loki_can_devices/can_io_itf.h
-- Installing: /home/cairlab/Documents/GitHub/saga_repo/install/loki_can_devices/include/loki_can_devices/can_ctrl_pltf.h
-- Up-to-date: /home/cairlab/Documents/GitHub/saga_repo/install/loki_can_devices/include/loki_can_devices/can_battery_itf.h
-- Up-to-date: /home/cairlab/Documents/GitHub/saga_repo/install/loki_can_devices/include/loki_can_devices/can_line_itf.h
-- Installing: /home/cairlab/Documents/GitHub/saga_repo/install/loki_can_devices/include/loki_can_devices/can_line_socketcan.h
-- Up-to-date: /home/cairlab/Documents/GitHub/saga_repo/install/loki_can_devices/include/loki_can_devices/can_frame.h
-- Up-to-date: /home/cairlab/Documents/GitHub/saga_repo/install/loki_can_devices/include/loki_can_devices/can_io_v1uv.h
-- Up-to-date: /home/cairlab/Documents/GitHub/saga_repo/install/loki_can_devices/share/loki_can_devices/launch
-- Up-to-date: /home/cairlab/Documents/GitHub/saga_repo/install/loki_can_devices/share/loki_can_devices/launch/pytocpp.launch.py
-- Installing: /home/cairlab/Documents/GitHub/saga_repo/install/loki_can_devices/lib/libcan.so
-- Set runtime path of "/home/cairlab/Documents/GitHub/saga_repo/install/loki_can_devices/lib/libcan.so" to ""
-- Installing: /home/cairlab/Documents/GitHub/saga_repo/install/loki_can_devices/lib/loki_can_devices/pytocpp
-- Set runtime path of "/home/cairlab/Documents/GitHub/saga_repo/install/loki_can_devices/lib/loki_can_devices/pytocpp" to ""
-- Up-to-date: /home/cairlab/Documents/GitHub/saga_repo/install/loki_can_devices/share/loki_can_devices/environment/library_path.sh
-- Installing: /home/cairlab/Documents/GitHub/saga_repo/install/loki_can_devices/share/loki_can_devices/environment/library_path.dsv
-- Up-to-date: /home/cairlab/Documents/GitHub/saga_repo/install/loki_can_devices/share/ament_index/resource_index/package_run_dependencies/loki_can_devices
-- Up-to-date: /home/cairlab/Documents/GitHub/saga_repo/install/loki_can_devices/share/ament_index/resource_index/parent_prefix_path/loki_can_devices
-- Up-to-date: /home/cairlab/Documents/GitHub/saga_repo/install/loki_can_devices/share/loki_can_devices/environment/ament_prefix_path.sh
-- Installing: /home/cairlab/Documents/GitHub/saga_repo/install/loki_can_devices/share/loki_can_devices/environment/ament_prefix_path.dsv
-- Up-to-date: /home/cairlab/Documents/GitHub/saga_repo/install/loki_can_devices/share/loki_can_devices/environment/path.sh
-- Installing: /home/cairlab/Documents/GitHub/saga_repo/install/loki_can_devices/share/loki_can_devices/environment/path.dsv
-- Up-to-date: /home/cairlab/Documents/GitHub/saga_repo/install/loki_can_devices/share/loki_can_devices/local_setup.bash
-- Up-to-date: /home/cairlab/Documents/GitHub/saga_repo/install/loki_can_devices/share/loki_can_devices/local_setup.sh
-- Up-to-date: /home/cairlab/Documents/GitHub/saga_repo/install/loki_can_devices/share/loki_can_devices/local_setup.zsh
-- Installing: /home/cairlab/Documents/GitHub/saga_repo/install/loki_can_devices/share/loki_can_devices/local_setup.dsv
-- Installing: /home/cairlab/Documents/GitHub/saga_repo/install/loki_can_devices/share/loki_can_devices/package.dsv
-- Up-to-date: /home/cairlab/Documents/GitHub/saga_repo/install/loki_can_devices/share/ament_index/resource_index/packages/loki_can_devices
-- Installing: /home/cairlab/Documents/GitHub/saga_repo/install/loki_can_devices/share/loki_can_devices/cmake/ConfigExtras.cmake
-- Up-to-date: /home/cairlab/Documents/GitHub/saga_repo/install/loki_can_devices/share/loki_can_devices/cmake/ament_cmake_export_dependencies-extras.cmake
-- Installing: /home/cairlab/Documents/GitHub/saga_repo/install/loki_can_devices/share/loki_can_devices/cmake/ament_cmake_export_include_directories-extras.cmake
-- Up-to-date: /home/cairlab/Documents/GitHub/saga_repo/install/loki_can_devices/share/loki_can_devices/cmake/ament_cmake_export_libraries-extras.cmake
-- Installing: /home/cairlab/Documents/GitHub/saga_repo/install/loki_can_devices/share/loki_can_devices/cmake/loki_can_devicesConfig.cmake
-- Up-to-date: /home/cairlab/Documents/GitHub/saga_repo/install/loki_can_devices/share/loki_can_devices/cmake/loki_can_devicesConfig-version.cmake
-- Installing: /home/cairlab/Documents/GitHub/saga_repo/install/loki_can_devices/share/loki_can_devices/package.xml
