[1.190s] Invoking command in '/home/odin/Documents/GitHub/saga_repo/build/loki_twist_mux': CMAKE_PREFIX_PATH=/opt/ros/humble /usr/bin/cmake --build /home/odin/Documents/GitHub/saga_repo/build/loki_twist_mux -- -j8 -l8
[1.331s] Invoked command in '/home/odin/Documents/GitHub/saga_repo/build/loki_twist_mux' returned '0': CMAKE_PREFIX_PATH=/opt/ros/humble /usr/bin/cmake --build /home/odin/Documents/GitHub/saga_repo/build/loki_twist_mux -- -j8 -l8
[1.435s] Invoking command in '/home/odin/Documents/GitHub/saga_repo/build/loki_twist_mux': CMAKE_PREFIX_PATH=/opt/ros/humble /usr/bin/cmake --install /home/odin/Documents/GitHub/saga_repo/build/loki_twist_mux
[1.471s] -- Install configuration: ""
[1.471s] -- Up-to-date: /home/odin/Documents/GitHub/saga_repo/install/loki_twist_mux/share/loki_twist_mux/launch
[1.472s] -- Up-to-date: /home/odin/Documents/GitHub/saga_repo/install/loki_twist_mux/share/loki_twist_mux/launch/twist_mux.launch
[1.474s] -- Up-to-date: /home/odin/Documents/GitHub/saga_repo/install/loki_twist_mux/share/loki_twist_mux/config
[1.474s] -- Up-to-date: /home/odin/Documents/GitHub/saga_repo/install/loki_twist_mux/share/loki_twist_mux/config/twist_mux_topics.yaml
[1.475s] -- Up-to-date: /home/odin/Documents/GitHub/saga_repo/install/loki_twist_mux/share/loki_twist_mux/config/twist_mux_locks.yaml
[1.475s] -- Up-to-date: /home/odin/Documents/GitHub/saga_repo/install/loki_twist_mux/share/ament_index/resource_index/package_run_dependencies/loki_twist_mux
[1.475s] -- Up-to-date: /home/odin/Documents/GitHub/saga_repo/install/loki_twist_mux/share/ament_index/resource_index/parent_prefix_path/loki_twist_mux
[1.478s] -- Up-to-date: /home/odin/Documents/GitHub/saga_repo/install/loki_twist_mux/share/loki_twist_mux/environment/ament_prefix_path.sh
[1.478s] -- Up-to-date: /home/odin/Documents/GitHub/saga_repo/install/loki_twist_mux/share/loki_twist_mux/environment/ament_prefix_path.dsv
[1.478s] -- Up-to-date: /home/odin/Documents/GitHub/saga_repo/install/loki_twist_mux/share/loki_twist_mux/environment/path.sh
[1.479s] -- Up-to-date: /home/odin/Documents/GitHub/saga_repo/install/loki_twist_mux/share/loki_twist_mux/environment/path.dsv
[1.479s] -- Up-to-date: /home/odin/Documents/GitHub/saga_repo/install/loki_twist_mux/share/loki_twist_mux/local_setup.bash
[1.479s] -- Up-to-date: /home/odin/Documents/GitHub/saga_repo/install/loki_twist_mux/share/loki_twist_mux/local_setup.sh
[1.479s] -- Up-to-date: /home/odin/Documents/GitHub/saga_repo/install/loki_twist_mux/share/loki_twist_mux/local_setup.zsh
[1.479s] -- Up-to-date: /home/odin/Documents/GitHub/saga_repo/install/loki_twist_mux/share/loki_twist_mux/local_setup.dsv
[1.479s] -- Installing: /home/odin/Documents/GitHub/saga_repo/install/loki_twist_mux/share/loki_twist_mux/package.dsv
[1.479s] -- Up-to-date: /home/odin/Documents/GitHub/saga_repo/install/loki_twist_mux/share/ament_index/resource_index/packages/loki_twist_mux
[1.480s] -- Up-to-date: /home/odin/Documents/GitHub/saga_repo/install/loki_twist_mux/share/loki_twist_mux/cmake/loki_twist_muxConfig.cmake
[1.480s] -- Up-to-date: /home/odin/Documents/GitHub/saga_repo/install/loki_twist_mux/share/loki_twist_mux/cmake/loki_twist_muxConfig-version.cmake
[1.480s] -- Up-to-date: /home/odin/Documents/GitHub/saga_repo/install/loki_twist_mux/share/loki_twist_mux/package.xml
[1.620s] Invoked command in '/home/odin/Documents/GitHub/saga_repo/build/loki_twist_mux' returned '0': CMAKE_PREFIX_PATH=/opt/ros/humble /usr/bin/cmake --install /home/odin/Documents/GitHub/saga_repo/build/loki_twist_mux
