[0.008s] Invoking command in '/home/cairlab/twist_mux/diagnostics/build/diagnostic_aggregator': CMAKE_PREFIX_PATH=/opt/ros/humble /usr/bin/cmake /home/cairlab/twist_mux/diagnostics/diagnostic_aggregator -DCMAKE_INSTALL_PREFIX=/home/cairlab/twist_mux/diagnostics/install/diagnostic_aggregator
[0.053s] -- The C compiler identification is GNU 11.3.0
[0.103s] -- The CXX compiler identification is GNU 11.3.0
[0.109s] -- Detecting C compiler ABI info
[0.167s] -- Detecting C compiler ABI info - done
[0.178s] -- Check for working C compiler: /usr/bin/cc - skipped
[0.178s] -- Detecting C compile features
[0.179s] -- Detecting C compile features - done
[0.183s] -- Detecting CXX compiler ABI info
[0.254s] -- Detecting CXX compiler ABI info - done
[0.260s] -- Check for working CXX compiler: /usr/bin/c++ - skipped
[0.260s] -- Detecting CXX compile features
[0.261s] -- Detecting CXX compile features - done
[0.262s] -- Found ament_cmake: 1.3.5 (/opt/ros/humble/share/ament_cmake/cmake)
[0.401s] -- Found Python3: /usr/bin/python3.10 (found version "3.10.6") found components: Interpreter 
[0.481s] -- Found diagnostic_msgs: 4.2.3 (/opt/ros/humble/share/diagnostic_msgs/cmake)
[0.517s] -- Found rosidl_generator_c: 3.1.4 (/opt/ros/humble/share/rosidl_generator_c/cmake)
[0.521s] -- Found rosidl_adapter: 3.1.4 (/opt/ros/humble/share/rosidl_adapter/cmake)
[0.527s] -- Found rosidl_generator_cpp: 3.1.4 (/opt/ros/humble/share/rosidl_generator_cpp/cmake)
[0.538s] -- Using all available rosidl_typesupport_c: rosidl_typesupport_fastrtps_c;rosidl_typesupport_introspection_c
[0.555s] -- Using all available rosidl_typesupport_cpp: rosidl_typesupport_fastrtps_cpp;rosidl_typesupport_introspection_cpp
[0.662s] -- Found pluginlib: 5.1.0 (/opt/ros/humble/share/pluginlib/cmake)
[0.688s] -- Found rclcpp: 16.0.4 (/opt/ros/humble/share/rclcpp/cmake)
[0.734s] -- Found rmw_implementation_cmake: 6.1.1 (/opt/ros/humble/share/rmw_implementation_cmake/cmake)
[0.736s] -- Found rmw_fastrtps_cpp: 6.2.2 (/opt/ros/humble/share/rmw_fastrtps_cpp/cmake)
[0.822s] -- Found OpenSSL: /usr/lib/x86_64-linux-gnu/libcrypto.so (found version "3.0.2")  
[0.845s] -- Found FastRTPS: /opt/ros/humble/include  
[0.886s] -- Using RMW implementation 'rmw_fastrtps_cpp' as default
[0.894s] -- Looking for pthread.h
[0.956s] -- Looking for pthread.h - found
[0.956s] -- Performing Test CMAKE_HAVE_LIBC_PTHREAD
[1.014s] -- Performing Test CMAKE_HAVE_LIBC_PTHREAD - Success
[1.015s] -- Found Threads: TRUE  
[1.131s] -- Found ament_lint_auto: 0.12.6 (/opt/ros/humble/share/ament_lint_auto/cmake)
[1.197s] -- Found python_cmake_module: 0.10.0 (/opt/ros/humble/share/python_cmake_module/cmake)
[1.216s] -- Found PythonInterp: /usr/bin/python3 (found suitable version "3.10.6", minimum required is "3.6") 
[1.222s] -- Found PythonLibs: /usr/lib/x86_64-linux-gnu/libpython3.10.so (found suitable version "3.10.6", minimum required is "3.5") 
[1.222s] -- Using PYTHON_EXECUTABLE: /usr/bin/python3
[1.222s] -- Using PYTHON_INCLUDE_DIRS: /usr/include/python3.10
[1.222s] -- Using PYTHON_LIBRARIES: /usr/lib/x86_64-linux-gnu/libpython3.10.so
[1.240s] -- Found PythonExtra: .so  
[1.274s] -- Added test 'cppcheck' to perform static code analysis on C / C++ code
[1.274s] -- Configured cppcheck include dirs: $<BUILD_INTERFACE:/home/cairlab/twist_mux/diagnostics/diagnostic_aggregator/include>
[1.275s] -- Configured cppcheck exclude dirs and/or files: 
[1.277s] -- Added test 'cpplint' to check C / C++ code against the Google style
[1.277s] -- Configured cpplint exclude dirs and/or files: 
[1.277s] -- Added test 'flake8' to check Python code syntax and style conventions
[1.278s] -- Added test 'lint_cmake' to check CMake code style
[1.279s] -- Added test 'pep257' to check Python code against some of the docstring style conventions in PEP 257
[1.281s] -- Added test 'uncrustify' to check C / C++ code style
[1.281s] -- Configured uncrustify additional arguments: 
[1.282s] -- Added test 'xmllint' to check XML markup files
[1.285s] -- Configuring done
[1.303s] -- Generating done
[1.304s] -- Build files have been written to: /home/cairlab/twist_mux/diagnostics/build/diagnostic_aggregator
[1.313s] Invoked command in '/home/cairlab/twist_mux/diagnostics/build/diagnostic_aggregator' returned '0': CMAKE_PREFIX_PATH=/opt/ros/humble /usr/bin/cmake /home/cairlab/twist_mux/diagnostics/diagnostic_aggregator -DCMAKE_INSTALL_PREFIX=/home/cairlab/twist_mux/diagnostics/install/diagnostic_aggregator
[1.314s] Invoking command in '/home/cairlab/twist_mux/diagnostics/build/diagnostic_aggregator': CMAKE_PREFIX_PATH=/opt/ros/humble /usr/bin/cmake --build /home/cairlab/twist_mux/diagnostics/build/diagnostic_aggregator -- -j12 -l12
[1.356s] [ 30%] [32mBuilding CXX object CMakeFiles/diagnostic_aggregator.dir/src/status_item.cpp.o[0m
[1.356s] [ 30%] [32mBuilding CXX object CMakeFiles/diagnostic_aggregator.dir/src/aggregator.cpp.o[0m
[1.356s] [ 30%] [32mBuilding CXX object CMakeFiles/diagnostic_aggregator.dir/src/analyzer_group.cpp.o[0m
[1.363s] [ 30%] Built target ament_cmake_python_copy_diagnostic_aggregator
[1.571s] running egg_info
[1.571s] creating diagnostic_aggregator.egg-info
[1.571s] writing diagnostic_aggregator.egg-info/PKG-INFO
[1.571s] writing dependency_links to diagnostic_aggregator.egg-info/dependency_links.txt
[1.572s] writing top-level names to diagnostic_aggregator.egg-info/top_level.txt
[1.572s] writing manifest file 'diagnostic_aggregator.egg-info/SOURCES.txt'
[1.573s] reading manifest file 'diagnostic_aggregator.egg-info/SOURCES.txt'
[1.574s] writing manifest file 'diagnostic_aggregator.egg-info/SOURCES.txt'
[1.604s] [ 30%] Built target ament_cmake_python_build_diagnostic_aggregator_egg
[11.696s] [ 40%] [32m[1mLinking CXX shared library libdiagnostic_aggregator.so[0m
[12.498s] [ 40%] Built target diagnostic_aggregator
[12.518s] [ 70%] [32mBuilding CXX object CMakeFiles/diagnostic_aggregator_analyzers.dir/src/generic_analyzer.cpp.o[0m
[12.518s] [ 70%] [32mBuilding CXX object CMakeFiles/diagnostic_aggregator_analyzers.dir/src/discard_analyzer.cpp.o[0m
[12.518s] [ 70%] [32mBuilding CXX object CMakeFiles/aggregator_node.dir/src/aggregator_node.cpp.o[0m
[12.519s] [ 80%] [32mBuilding CXX object CMakeFiles/diagnostic_aggregator_analyzers.dir/src/ignore_analyzer.cpp.o[0m
[18.386s] [ 90%] [32m[1mLinking CXX executable aggregator_node[0m
[18.803s] [ 90%] Built target aggregator_node
[19.361s] [100%] [32m[1mLinking CXX shared library libdiagnostic_aggregator_analyzers.so[0m
[19.809s] [100%] Built target diagnostic_aggregator_analyzers
[19.856s] Invoked command in '/home/cairlab/twist_mux/diagnostics/build/diagnostic_aggregator' returned '0': CMAKE_PREFIX_PATH=/opt/ros/humble /usr/bin/cmake --build /home/cairlab/twist_mux/diagnostics/build/diagnostic_aggregator -- -j12 -l12
[19.894s] Invoking command in '/home/cairlab/twist_mux/diagnostics/build/diagnostic_aggregator': CMAKE_PREFIX_PATH=/opt/ros/humble /usr/bin/cmake --install /home/cairlab/twist_mux/diagnostics/build/diagnostic_aggregator
[19.902s] -- Install configuration: ""
[19.902s] -- Installing: /home/cairlab/twist_mux/diagnostics/install/diagnostic_aggregator/lib/diagnostic_aggregator/aggregator_node
[19.903s] -- Set runtime path of "/home/cairlab/twist_mux/diagnostics/install/diagnostic_aggregator/lib/diagnostic_aggregator/aggregator_node" to ""
[19.903s] -- Installing: /home/cairlab/twist_mux/diagnostics/install/diagnostic_aggregator/lib/libdiagnostic_aggregator.so
[19.914s] -- Set runtime path of "/home/cairlab/twist_mux/diagnostics/install/diagnostic_aggregator/lib/libdiagnostic_aggregator.so" to ""
[19.915s] -- Installing: /home/cairlab/twist_mux/diagnostics/install/diagnostic_aggregator/lib/libdiagnostic_aggregator_analyzers.so
[19.917s] -- Set runtime path of "/home/cairlab/twist_mux/diagnostics/install/diagnostic_aggregator/lib/libdiagnostic_aggregator_analyzers.so" to ""
[19.917s] -- Up-to-date: /home/cairlab/twist_mux/diagnostics/install/diagnostic_aggregator/include
[19.917s] -- Up-to-date: /home/cairlab/twist_mux/diagnostics/install/diagnostic_aggregator/include/diagnostic_aggregator
[19.917s] -- Up-to-date: /home/cairlab/twist_mux/diagnostics/install/diagnostic_aggregator/include/diagnostic_aggregator/generic_analyzer.hpp
[19.917s] -- Up-to-date: /home/cairlab/twist_mux/diagnostics/install/diagnostic_aggregator/include/diagnostic_aggregator/status_item.hpp
[19.917s] -- Up-to-date: /home/cairlab/twist_mux/diagnostics/install/diagnostic_aggregator/include/diagnostic_aggregator/visibility_control.hpp
[19.918s] -- Up-to-date: /home/cairlab/twist_mux/diagnostics/install/diagnostic_aggregator/include/diagnostic_aggregator/ignore_analyzer.hpp
[19.918s] -- Up-to-date: /home/cairlab/twist_mux/diagnostics/install/diagnostic_aggregator/include/diagnostic_aggregator/discard_analyzer.hpp
[19.918s] -- Up-to-date: /home/cairlab/twist_mux/diagnostics/install/diagnostic_aggregator/include/diagnostic_aggregator/analyzer.hpp
[19.918s] -- Up-to-date: /home/cairlab/twist_mux/diagnostics/install/diagnostic_aggregator/include/diagnostic_aggregator/aggregator.hpp
[19.918s] -- Up-to-date: /home/cairlab/twist_mux/diagnostics/install/diagnostic_aggregator/include/diagnostic_aggregator/generic_analyzer_base.hpp
[19.918s] -- Up-to-date: /home/cairlab/twist_mux/diagnostics/install/diagnostic_aggregator/include/diagnostic_aggregator/other_analyzer.hpp
[19.918s] -- Up-to-date: /home/cairlab/twist_mux/diagnostics/install/diagnostic_aggregator/include/diagnostic_aggregator/analyzer_group.hpp
[19.918s] -- Installing: /home/cairlab/twist_mux/diagnostics/install/diagnostic_aggregator/share/diagnostic_aggregator/environment/pythonpath.sh
[19.918s] -- Installing: /home/cairlab/twist_mux/diagnostics/install/diagnostic_aggregator/share/diagnostic_aggregator/environment/pythonpath.dsv
[19.919s] -- Up-to-date: /home/cairlab/twist_mux/diagnostics/install/diagnostic_aggregator/local/lib/python3.10/dist-packages/diagnostic_aggregator-3.1.2-py3.10.egg-info
[19.919s] -- Installing: /home/cairlab/twist_mux/diagnostics/install/diagnostic_aggregator/local/lib/python3.10/dist-packages/diagnostic_aggregator-3.1.2-py3.10.egg-info/dependency_links.txt
[19.919s] -- Installing: /home/cairlab/twist_mux/diagnostics/install/diagnostic_aggregator/local/lib/python3.10/dist-packages/diagnostic_aggregator-3.1.2-py3.10.egg-info/PKG-INFO
[19.919s] -- Installing: /home/cairlab/twist_mux/diagnostics/install/diagnostic_aggregator/local/lib/python3.10/dist-packages/diagnostic_aggregator-3.1.2-py3.10.egg-info/SOURCES.txt
[19.919s] -- Installing: /home/cairlab/twist_mux/diagnostics/install/diagnostic_aggregator/local/lib/python3.10/dist-packages/diagnostic_aggregator-3.1.2-py3.10.egg-info/top_level.txt
[19.919s] -- Up-to-date: /home/cairlab/twist_mux/diagnostics/install/diagnostic_aggregator/local/lib/python3.10/dist-packages/diagnostic_aggregator
[19.919s] -- Up-to-date: /home/cairlab/twist_mux/diagnostics/install/diagnostic_aggregator/local/lib/python3.10/dist-packages/diagnostic_aggregator/__init__.py
[19.952s] Listing '/home/cairlab/twist_mux/diagnostics/install/diagnostic_aggregator/local/lib/python3.10/dist-packages/diagnostic_aggregator'...
[19.960s] -- Installing: /home/cairlab/twist_mux/diagnostics/install/diagnostic_aggregator/share/diagnostic_aggregator/example.launch.py
[19.961s] -- Up-to-date: /home/cairlab/twist_mux/diagnostics/install/diagnostic_aggregator/lib/diagnostic_aggregator/example_pub.py
[19.961s] -- Up-to-date: /home/cairlab/twist_mux/diagnostics/install/diagnostic_aggregator/share/diagnostic_aggregator/example_analyzers.yaml
[19.961s] -- Up-to-date: /home/cairlab/twist_mux/diagnostics/install/diagnostic_aggregator/share/diagnostic_aggregator/plugin_description.xml
[19.961s] -- Up-to-date: /home/cairlab/twist_mux/diagnostics/install/diagnostic_aggregator/share/diagnostic_aggregator/environment/library_path.sh
[19.961s] -- Installing: /home/cairlab/twist_mux/diagnostics/install/diagnostic_aggregator/share/diagnostic_aggregator/environment/library_path.dsv
[19.961s] -- Installing: /home/cairlab/twist_mux/diagnostics/install/diagnostic_aggregator/share/ament_index/resource_index/package_run_dependencies/diagnostic_aggregator
[19.962s] -- Installing: /home/cairlab/twist_mux/diagnostics/install/diagnostic_aggregator/share/ament_index/resource_index/parent_prefix_path/diagnostic_aggregator
[19.962s] -- Up-to-date: /home/cairlab/twist_mux/diagnostics/install/diagnostic_aggregator/share/diagnostic_aggregator/environment/ament_prefix_path.sh
[19.962s] -- Installing: /home/cairlab/twist_mux/diagnostics/install/diagnostic_aggregator/share/diagnostic_aggregator/environment/ament_prefix_path.dsv
[19.962s] -- Up-to-date: /home/cairlab/twist_mux/diagnostics/install/diagnostic_aggregator/share/diagnostic_aggregator/environment/path.sh
[19.962s] -- Installing: /home/cairlab/twist_mux/diagnostics/install/diagnostic_aggregator/share/diagnostic_aggregator/environment/path.dsv
[19.962s] -- Installing: /home/cairlab/twist_mux/diagnostics/install/diagnostic_aggregator/share/diagnostic_aggregator/local_setup.bash
[19.963s] -- Installing: /home/cairlab/twist_mux/diagnostics/install/diagnostic_aggregator/share/diagnostic_aggregator/local_setup.sh
[19.963s] -- Installing: /home/cairlab/twist_mux/diagnostics/install/diagnostic_aggregator/share/diagnostic_aggregator/local_setup.zsh
[19.963s] -- Installing: /home/cairlab/twist_mux/diagnostics/install/diagnostic_aggregator/share/diagnostic_aggregator/local_setup.dsv
[19.963s] -- Installing: /home/cairlab/twist_mux/diagnostics/install/diagnostic_aggregator/share/diagnostic_aggregator/package.dsv
[19.964s] -- Installing: /home/cairlab/twist_mux/diagnostics/install/diagnostic_aggregator/share/ament_index/resource_index/packages/diagnostic_aggregator
[19.964s] -- Installing: /home/cairlab/twist_mux/diagnostics/install/diagnostic_aggregator/share/ament_index/resource_index/diagnostic_aggregator__pluginlib__plugin/diagnostic_aggregator
[19.964s] -- Installing: /home/cairlab/twist_mux/diagnostics/install/diagnostic_aggregator/share/diagnostic_aggregator/cmake/diagnostic_aggregatorTargetsExport.cmake
[19.965s] -- Installing: /home/cairlab/twist_mux/diagnostics/install/diagnostic_aggregator/share/diagnostic_aggregator/cmake/diagnostic_aggregatorTargetsExport-noconfig.cmake
[19.965s] -- Installing: /home/cairlab/twist_mux/diagnostics/install/diagnostic_aggregator/share/diagnostic_aggregator/cmake/ament_cmake_export_targets-extras.cmake
[19.965s] -- Installing: /home/cairlab/twist_mux/diagnostics/install/diagnostic_aggregator/share/diagnostic_aggregator/cmake/ament_cmake_export_include_directories-extras.cmake
[19.965s] -- Installing: /home/cairlab/twist_mux/diagnostics/install/diagnostic_aggregator/share/diagnostic_aggregator/cmake/ament_cmake_export_dependencies-extras.cmake
[19.965s] -- Installing: /home/cairlab/twist_mux/diagnostics/install/diagnostic_aggregator/share/diagnostic_aggregator/cmake/diagnostic_aggregatorConfig.cmake
[19.966s] -- Installing: /home/cairlab/twist_mux/diagnostics/install/diagnostic_aggregator/share/diagnostic_aggregator/cmake/diagnostic_aggregatorConfig-version.cmake
[19.966s] -- Up-to-date: /home/cairlab/twist_mux/diagnostics/install/diagnostic_aggregator/share/diagnostic_aggregator/package.xml
[19.970s] Invoked command in '/home/cairlab/twist_mux/diagnostics/build/diagnostic_aggregator' returned '0': CMAKE_PREFIX_PATH=/opt/ros/humble /usr/bin/cmake --install /home/cairlab/twist_mux/diagnostics/build/diagnostic_aggregator
