[0.105s] Invoking command in '/home/odin/Documents/GitHub/saga_repo/build/robot_bringup': AMENT_PREFIX_PATH=/home/odin/Documents/GitHub/saga_repo/install/loki_base:/home/odin/Documents/GitHub/saga_repo/install/loki_can_devices:/home/odin/Documents/GitHub/saga_repo/install/loki_msgs:/home/odin/Documents/GitHub/saga_repo/install/loki_twist_mux:/home/odin/Documents/GitHub/saga_repo/install/loki_teleop:/home/odin/Documents/GitHub/saga_repo/install/loki_description:${AMENT_PREFIX_PATH} CMAKE_PREFIX_PATH=/home/odin/Documents/GitHub/saga_repo/install/loki_can_devices:/home/odin/Documents/GitHub/saga_repo/install/loki_msgs:/home/odin/Documents/GitHub/saga_repo/install/loki_twist_mux:/home/odin/Documents/GitHub/saga_repo/install/loki_description:/opt/ros/humble LD_LIBRARY_PATH=/home/odin/Documents/GitHub/saga_repo/install/loki_can_devices/lib:/home/odin/Documents/GitHub/saga_repo/install/loki_msgs/lib:${LD_LIBRARY_PATH} PYTHONPATH=/home/odin/Documents/GitHub/saga_repo/install/loki_base/lib/python3.10/site-packages:/home/odin/Documents/GitHub/saga_repo/install/loki_msgs/local/lib/python3.10/dist-packages:/home/odin/Documents/GitHub/saga_repo/install/loki_teleop/lib/python3.10/site-packages:${PYTHONPATH} /usr/bin/cmake /home/odin/Documents/GitHub/saga_repo/ros2_thor/src/loki/robot_bringup -DCMAKE_INSTALL_PREFIX=/home/odin/Documents/GitHub/saga_repo/install/robot_bringup
[0.143s] -- The C compiler identification is GNU 11.4.0
[0.183s] -- The CXX compiler identification is GNU 11.4.0
[0.189s] -- Detecting C compiler ABI info
[0.236s] -- Detecting C compiler ABI info - done
[0.241s] -- Check for working C compiler: /usr/bin/cc - skipped
[0.241s] -- Detecting C compile features
[0.241s] -- Detecting C compile features - done
[0.244s] -- Detecting CXX compiler ABI info
[0.303s] -- Detecting CXX compiler ABI info - done
[0.309s] -- Check for working CXX compiler: /usr/bin/c++ - skipped
[0.309s] -- Detecting CXX compile features
[0.309s] -- Detecting CXX compile features - done
[0.311s] -- Found ament_cmake: 1.3.5 (/opt/ros/humble/share/ament_cmake/cmake)
[0.510s] -- Found Python3: /usr/bin/python3.10 (found version "3.10.12") found components: Interpreter 
[0.574s] -- Found rclcpp: 16.0.6 (/opt/ros/humble/share/rclcpp/cmake)
[0.608s] -- Found rosidl_generator_c: 3.1.5 (/opt/ros/humble/share/rosidl_generator_c/cmake)
[0.612s] -- Found rosidl_adapter: 3.1.5 (/opt/ros/humble/share/rosidl_adapter/cmake)
[0.619s] -- Found rosidl_generator_cpp: 3.1.5 (/opt/ros/humble/share/rosidl_generator_cpp/cmake)
[0.628s] -- Using all available rosidl_typesupport_c: rosidl_typesupport_fastrtps_c;rosidl_typesupport_introspection_c
[0.642s] -- Using all available rosidl_typesupport_cpp: rosidl_typesupport_fastrtps_cpp;rosidl_typesupport_introspection_cpp
[0.693s] -- Found rmw_implementation_cmake: 6.1.1 (/opt/ros/humble/share/rmw_implementation_cmake/cmake)
[0.695s] -- Found rmw_fastrtps_cpp: 6.2.4 (/opt/ros/humble/share/rmw_fastrtps_cpp/cmake)
[0.761s] -- Found OpenSSL: /usr/lib/x86_64-linux-gnu/libcrypto.so (found version "3.0.2")  
[0.780s] -- Found FastRTPS: /opt/ros/humble/include  
[0.814s] -- Using RMW implementation 'rmw_fastrtps_cpp' as default
[0.820s] -- Looking for pthread.h
[0.881s] -- Looking for pthread.h - found
[0.881s] -- Performing Test CMAKE_HAVE_LIBC_PTHREAD
[0.932s] -- Performing Test CMAKE_HAVE_LIBC_PTHREAD - Success
[0.933s] -- Found Threads: TRUE  
[1.036s] -- Found loki_description: 2.0.0 (/home/odin/Documents/GitHub/saga_repo/install/loki_description/share/loki_description/cmake)
[1.036s] -- Found loki_twist_mux: 2.0.0 (/home/odin/Documents/GitHub/saga_repo/install/loki_twist_mux/share/loki_twist_mux/cmake)
[1.079s] -- Configuring done
[1.082s] -- Generating done
[1.083s] -- Build files have been written to: /home/odin/Documents/GitHub/saga_repo/build/robot_bringup
[1.089s] Invoked command in '/home/odin/Documents/GitHub/saga_repo/build/robot_bringup' returned '0': AMENT_PREFIX_PATH=/home/odin/Documents/GitHub/saga_repo/install/loki_base:/home/odin/Documents/GitHub/saga_repo/install/loki_can_devices:/home/odin/Documents/GitHub/saga_repo/install/loki_msgs:/home/odin/Documents/GitHub/saga_repo/install/loki_twist_mux:/home/odin/Documents/GitHub/saga_repo/install/loki_teleop:/home/odin/Documents/GitHub/saga_repo/install/loki_description:${AMENT_PREFIX_PATH} CMAKE_PREFIX_PATH=/home/odin/Documents/GitHub/saga_repo/install/loki_can_devices:/home/odin/Documents/GitHub/saga_repo/install/loki_msgs:/home/odin/Documents/GitHub/saga_repo/install/loki_twist_mux:/home/odin/Documents/GitHub/saga_repo/install/loki_description:/opt/ros/humble LD_LIBRARY_PATH=/home/odin/Documents/GitHub/saga_repo/install/loki_can_devices/lib:/home/odin/Documents/GitHub/saga_repo/install/loki_msgs/lib:${LD_LIBRARY_PATH} PYTHONPATH=/home/odin/Documents/GitHub/saga_repo/install/loki_base/lib/python3.10/site-packages:/home/odin/Documents/GitHub/saga_repo/install/loki_msgs/local/lib/python3.10/dist-packages:/home/odin/Documents/GitHub/saga_repo/install/loki_teleop/lib/python3.10/site-packages:${PYTHONPATH} /usr/bin/cmake /home/odin/Documents/GitHub/saga_repo/ros2_thor/src/loki/robot_bringup -DCMAKE_INSTALL_PREFIX=/home/odin/Documents/GitHub/saga_repo/install/robot_bringup
[1.090s] Invoking command in '/home/odin/Documents/GitHub/saga_repo/build/robot_bringup': AMENT_PREFIX_PATH=/home/odin/Documents/GitHub/saga_repo/install/loki_base:/home/odin/Documents/GitHub/saga_repo/install/loki_can_devices:/home/odin/Documents/GitHub/saga_repo/install/loki_msgs:/home/odin/Documents/GitHub/saga_repo/install/loki_twist_mux:/home/odin/Documents/GitHub/saga_repo/install/loki_teleop:/home/odin/Documents/GitHub/saga_repo/install/loki_description:${AMENT_PREFIX_PATH} CMAKE_PREFIX_PATH=/home/odin/Documents/GitHub/saga_repo/install/loki_can_devices:/home/odin/Documents/GitHub/saga_repo/install/loki_msgs:/home/odin/Documents/GitHub/saga_repo/install/loki_twist_mux:/home/odin/Documents/GitHub/saga_repo/install/loki_description:/opt/ros/humble LD_LIBRARY_PATH=/home/odin/Documents/GitHub/saga_repo/install/loki_can_devices/lib:/home/odin/Documents/GitHub/saga_repo/install/loki_msgs/lib:${LD_LIBRARY_PATH} PYTHONPATH=/home/odin/Documents/GitHub/saga_repo/install/loki_base/lib/python3.10/site-packages:/home/odin/Documents/GitHub/saga_repo/install/loki_msgs/local/lib/python3.10/dist-packages:/home/odin/Documents/GitHub/saga_repo/install/loki_teleop/lib/python3.10/site-packages:${PYTHONPATH} /usr/bin/cmake --build /home/odin/Documents/GitHub/saga_repo/build/robot_bringup -- -j8 -l8
[1.116s] Invoked command in '/home/odin/Documents/GitHub/saga_repo/build/robot_bringup' returned '0': AMENT_PREFIX_PATH=/home/odin/Documents/GitHub/saga_repo/install/loki_base:/home/odin/Documents/GitHub/saga_repo/install/loki_can_devices:/home/odin/Documents/GitHub/saga_repo/install/loki_msgs:/home/odin/Documents/GitHub/saga_repo/install/loki_twist_mux:/home/odin/Documents/GitHub/saga_repo/install/loki_teleop:/home/odin/Documents/GitHub/saga_repo/install/loki_description:${AMENT_PREFIX_PATH} CMAKE_PREFIX_PATH=/home/odin/Documents/GitHub/saga_repo/install/loki_can_devices:/home/odin/Documents/GitHub/saga_repo/install/loki_msgs:/home/odin/Documents/GitHub/saga_repo/install/loki_twist_mux:/home/odin/Documents/GitHub/saga_repo/install/loki_description:/opt/ros/humble LD_LIBRARY_PATH=/home/odin/Documents/GitHub/saga_repo/install/loki_can_devices/lib:/home/odin/Documents/GitHub/saga_repo/install/loki_msgs/lib:${LD_LIBRARY_PATH} PYTHONPATH=/home/odin/Documents/GitHub/saga_repo/install/loki_base/lib/python3.10/site-packages:/home/odin/Documents/GitHub/saga_repo/install/loki_msgs/local/lib/python3.10/dist-packages:/home/odin/Documents/GitHub/saga_repo/install/loki_teleop/lib/python3.10/site-packages:${PYTHONPATH} /usr/bin/cmake --build /home/odin/Documents/GitHub/saga_repo/build/robot_bringup -- -j8 -l8
[1.135s] Invoking command in '/home/odin/Documents/GitHub/saga_repo/build/robot_bringup': AMENT_PREFIX_PATH=/home/odin/Documents/GitHub/saga_repo/install/loki_base:/home/odin/Documents/GitHub/saga_repo/install/loki_can_devices:/home/odin/Documents/GitHub/saga_repo/install/loki_msgs:/home/odin/Documents/GitHub/saga_repo/install/loki_twist_mux:/home/odin/Documents/GitHub/saga_repo/install/loki_teleop:/home/odin/Documents/GitHub/saga_repo/install/loki_description:${AMENT_PREFIX_PATH} CMAKE_PREFIX_PATH=/home/odin/Documents/GitHub/saga_repo/install/loki_can_devices:/home/odin/Documents/GitHub/saga_repo/install/loki_msgs:/home/odin/Documents/GitHub/saga_repo/install/loki_twist_mux:/home/odin/Documents/GitHub/saga_repo/install/loki_description:/opt/ros/humble LD_LIBRARY_PATH=/home/odin/Documents/GitHub/saga_repo/install/loki_can_devices/lib:/home/odin/Documents/GitHub/saga_repo/install/loki_msgs/lib:${LD_LIBRARY_PATH} PYTHONPATH=/home/odin/Documents/GitHub/saga_repo/install/loki_base/lib/python3.10/site-packages:/home/odin/Documents/GitHub/saga_repo/install/loki_msgs/local/lib/python3.10/dist-packages:/home/odin/Documents/GitHub/saga_repo/install/loki_teleop/lib/python3.10/site-packages:${PYTHONPATH} /usr/bin/cmake --install /home/odin/Documents/GitHub/saga_repo/build/robot_bringup
[1.139s] -- Install configuration: ""
[1.139s] -- Installing: /home/odin/Documents/GitHub/saga_repo/install/robot_bringup/share/robot_bringup/launch
[1.139s] -- Installing: /home/odin/Documents/GitHub/saga_repo/install/robot_bringup/share/robot_bringup/launch/robot_bringup.launch
[1.140s] -- Installing: /home/odin/Documents/GitHub/saga_repo/install/robot_bringup/share/ament_index/resource_index/package_run_dependencies/robot_bringup
[1.140s] -- Installing: /home/odin/Documents/GitHub/saga_repo/install/robot_bringup/share/ament_index/resource_index/parent_prefix_path/robot_bringup
[1.140s] -- Installing: /home/odin/Documents/GitHub/saga_repo/install/robot_bringup/share/robot_bringup/environment/ament_prefix_path.sh
[1.140s] -- Installing: /home/odin/Documents/GitHub/saga_repo/install/robot_bringup/share/robot_bringup/environment/ament_prefix_path.dsv
[1.140s] -- Installing: /home/odin/Documents/GitHub/saga_repo/install/robot_bringup/share/robot_bringup/environment/path.sh
[1.140s] -- Installing: /home/odin/Documents/GitHub/saga_repo/install/robot_bringup/share/robot_bringup/environment/path.dsv
[1.140s] -- Installing: /home/odin/Documents/GitHub/saga_repo/install/robot_bringup/share/robot_bringup/local_setup.bash
[1.140s] -- Installing: /home/odin/Documents/GitHub/saga_repo/install/robot_bringup/share/robot_bringup/local_setup.sh
[1.140s] -- Installing: /home/odin/Documents/GitHub/saga_repo/install/robot_bringup/share/robot_bringup/local_setup.zsh
[1.140s] -- Installing: /home/odin/Documents/GitHub/saga_repo/install/robot_bringup/share/robot_bringup/local_setup.dsv
[1.140s] -- Installing: /home/odin/Documents/GitHub/saga_repo/install/robot_bringup/share/robot_bringup/package.dsv
[1.140s] -- Installing: /home/odin/Documents/GitHub/saga_repo/install/robot_bringup/share/ament_index/resource_index/packages/robot_bringup
[1.141s] -- Installing: /home/odin/Documents/GitHub/saga_repo/install/robot_bringup/share/robot_bringup/cmake/robot_bringupConfig.cmake
[1.141s] -- Installing: /home/odin/Documents/GitHub/saga_repo/install/robot_bringup/share/robot_bringup/cmake/robot_bringupConfig-version.cmake
[1.141s] -- Installing: /home/odin/Documents/GitHub/saga_repo/install/robot_bringup/share/robot_bringup/package.xml
[1.142s] Invoked command in '/home/odin/Documents/GitHub/saga_repo/build/robot_bringup' returned '0': AMENT_PREFIX_PATH=/home/odin/Documents/GitHub/saga_repo/install/loki_base:/home/odin/Documents/GitHub/saga_repo/install/loki_can_devices:/home/odin/Documents/GitHub/saga_repo/install/loki_msgs:/home/odin/Documents/GitHub/saga_repo/install/loki_twist_mux:/home/odin/Documents/GitHub/saga_repo/install/loki_teleop:/home/odin/Documents/GitHub/saga_repo/install/loki_description:${AMENT_PREFIX_PATH} CMAKE_PREFIX_PATH=/home/odin/Documents/GitHub/saga_repo/install/loki_can_devices:/home/odin/Documents/GitHub/saga_repo/install/loki_msgs:/home/odin/Documents/GitHub/saga_repo/install/loki_twist_mux:/home/odin/Documents/GitHub/saga_repo/install/loki_description:/opt/ros/humble LD_LIBRARY_PATH=/home/odin/Documents/GitHub/saga_repo/install/loki_can_devices/lib:/home/odin/Documents/GitHub/saga_repo/install/loki_msgs/lib:${LD_LIBRARY_PATH} PYTHONPATH=/home/odin/Documents/GitHub/saga_repo/install/loki_base/lib/python3.10/site-packages:/home/odin/Documents/GitHub/saga_repo/install/loki_msgs/local/lib/python3.10/dist-packages:/home/odin/Documents/GitHub/saga_repo/install/loki_teleop/lib/python3.10/site-packages:${PYTHONPATH} /usr/bin/cmake --install /home/odin/Documents/GitHub/saga_repo/build/robot_bringup
