[0.560s] Invoking command in '/home/loki/Documents/GitHub/saga_repo/ros2_thor/src/loki/loki_teleop': PYTHONPATH=/home/loki/Documents/GitHub/saga_repo/build/loki_teleop/prefix_override:/home/loki/Documents/GitHub/saga_repo/install/loki_teleop/lib/python3.10/site-packages:${PYTHONPATH} /usr/bin/python3 setup.py egg_info --egg-base ../../../../build/loki_teleop build --build-base /home/loki/Documents/GitHub/saga_repo/build/loki_teleop/build install --record /home/loki/Documents/GitHub/saga_repo/build/loki_teleop/install.log --single-version-externally-managed
[0.731s] running egg_info
[0.732s] creating ../../../../build/loki_teleop/loki_teleop.egg-info
[0.732s] writing ../../../../build/loki_teleop/loki_teleop.egg-info/PKG-INFO
[0.732s] writing dependency_links to ../../../../build/loki_teleop/loki_teleop.egg-info/dependency_links.txt
[0.732s] writing entry points to ../../../../build/loki_teleop/loki_teleop.egg-info/entry_points.txt
[0.732s] writing requirements to ../../../../build/loki_teleop/loki_teleop.egg-info/requires.txt
[0.732s] writing top-level names to ../../../../build/loki_teleop/loki_teleop.egg-info/top_level.txt
[0.732s] writing manifest file '../../../../build/loki_teleop/loki_teleop.egg-info/SOURCES.txt'
[0.733s] reading manifest file '../../../../build/loki_teleop/loki_teleop.egg-info/SOURCES.txt'
[0.734s] writing manifest file '../../../../build/loki_teleop/loki_teleop.egg-info/SOURCES.txt'
[0.734s] running build
[0.734s] running build_py
[0.734s] creating /home/loki/Documents/GitHub/saga_repo/build/loki_teleop/build
[0.734s] creating /home/loki/Documents/GitHub/saga_repo/build/loki_teleop/build/lib
[0.734s] creating /home/loki/Documents/GitHub/saga_repo/build/loki_teleop/build/lib/loki_teleop
[0.734s] copying loki_teleop/teleop_node.py -> /home/loki/Documents/GitHub/saga_repo/build/loki_teleop/build/lib/loki_teleop
[0.735s] copying loki_teleop/__init__.py -> /home/loki/Documents/GitHub/saga_repo/build/loki_teleop/build/lib/loki_teleop
[0.735s] running install
[0.735s] /usr/lib/python3/dist-packages/setuptools/command/install.py:34: SetuptoolsDeprecationWarning: setup.py install is deprecated. Use build and pip and other standards-based tools.
[0.735s]   warnings.warn(
[0.735s] running install_lib
[0.736s] creating /home/loki/Documents/GitHub/saga_repo/install/loki_teleop/lib/python3.10/site-packages/loki_teleop
[0.736s] copying /home/loki/Documents/GitHub/saga_repo/build/loki_teleop/build/lib/loki_teleop/teleop_node.py -> /home/loki/Documents/GitHub/saga_repo/install/loki_teleop/lib/python3.10/site-packages/loki_teleop
[0.736s] copying /home/loki/Documents/GitHub/saga_repo/build/loki_teleop/build/lib/loki_teleop/__init__.py -> /home/loki/Documents/GitHub/saga_repo/install/loki_teleop/lib/python3.10/site-packages/loki_teleop
[0.736s] byte-compiling /home/loki/Documents/GitHub/saga_repo/install/loki_teleop/lib/python3.10/site-packages/loki_teleop/teleop_node.py to teleop_node.cpython-310.pyc
[0.739s] byte-compiling /home/loki/Documents/GitHub/saga_repo/install/loki_teleop/lib/python3.10/site-packages/loki_teleop/__init__.py to __init__.cpython-310.pyc
[0.739s] running install_data
[0.739s] creating /home/loki/Documents/GitHub/saga_repo/install/loki_teleop/share/ament_index
[0.739s] creating /home/loki/Documents/GitHub/saga_repo/install/loki_teleop/share/ament_index/resource_index
[0.739s] creating /home/loki/Documents/GitHub/saga_repo/install/loki_teleop/share/ament_index/resource_index/packages
[0.739s] copying resource/loki_teleop -> /home/loki/Documents/GitHub/saga_repo/install/loki_teleop/share/ament_index/resource_index/packages
[0.739s] copying package.xml -> /home/loki/Documents/GitHub/saga_repo/install/loki_teleop/share/loki_teleop
[0.739s] creating /home/loki/Documents/GitHub/saga_repo/install/loki_teleop/share/loki_teleop/launch
[0.739s] copying launch/teleop_xbox.launch -> /home/loki/Documents/GitHub/saga_repo/install/loki_teleop/share/loki_teleop/launch
[0.740s] copying launch/teleop.launch -> /home/loki/Documents/GitHub/saga_repo/install/loki_teleop/share/loki_teleop/launch
[0.740s] running install_egg_info
[0.741s] Copying ../../../../build/loki_teleop/loki_teleop.egg-info to /home/loki/Documents/GitHub/saga_repo/install/loki_teleop/lib/python3.10/site-packages/loki_teleop-2.0.0-py3.10.egg-info
[0.742s] running install_scripts
[0.756s] Installing teleop_node script to /home/loki/Documents/GitHub/saga_repo/install/loki_teleop/lib/loki_teleop
[0.757s] writing list of installed files to '/home/loki/Documents/GitHub/saga_repo/build/loki_teleop/install.log'
[0.777s] Invoked command in '/home/loki/Documents/GitHub/saga_repo/ros2_thor/src/loki/loki_teleop' returned '0': PYTHONPATH=/home/loki/Documents/GitHub/saga_repo/build/loki_teleop/prefix_override:/home/loki/Documents/GitHub/saga_repo/install/loki_teleop/lib/python3.10/site-packages:${PYTHONPATH} /usr/bin/python3 setup.py egg_info --egg-base ../../../../build/loki_teleop build --build-base /home/loki/Documents/GitHub/saga_repo/build/loki_teleop/build install --record /home/loki/Documents/GitHub/saga_repo/build/loki_teleop/install.log --single-version-externally-managed
