-- The C compiler identification is GNU 11.4.0
-- The CXX compiler identification is GNU 11.4.0
-- Detecting C compiler ABI info
-- Detecting C compiler ABI info - done
-- Check for working C compiler: /usr/bin/cc - skipped
-- Detecting C compile features
-- Detecting C compile features - done
-- Detecting CXX compiler ABI info
-- Detecting CXX compiler ABI info - done
-- Check for working CXX compiler: /usr/bin/c++ - skipped
-- Detecting CXX compile features
-- Detecting CXX compile features - done
-- Found ament_cmake: 1.3.5 (/opt/ros/humble/share/ament_cmake/cmake)
-- Found Python3: /usr/bin/python3.10 (found version "3.10.12") found components: Interpreter 
-- Found rclcpp: 16.0.6 (/opt/ros/humble/share/rclcpp/cmake)
-- Found rosidl_generator_c: 3.1.5 (/opt/ros/humble/share/rosidl_generator_c/cmake)
-- Found rosidl_adapter: 3.1.5 (/opt/ros/humble/share/rosidl_adapter/cmake)
-- Found rosidl_generator_cpp: 3.1.5 (/opt/ros/humble/share/rosidl_generator_cpp/cmake)
-- Using all available rosidl_typesupport_c: rosidl_typesupport_fastrtps_c;rosidl_typesupport_introspection_c
-- Using all available rosidl_typesupport_cpp: rosidl_typesupport_fastrtps_cpp;rosidl_typesupport_introspection_cpp
-- Found rmw_implementation_cmake: 6.1.1 (/opt/ros/humble/share/rmw_implementation_cmake/cmake)
-- Found rmw_fastrtps_cpp: 6.2.4 (/opt/ros/humble/share/rmw_fastrtps_cpp/cmake)
-- Found OpenSSL: /usr/lib/x86_64-linux-gnu/libcrypto.so (found version "3.0.2")  
-- Found FastRTPS: /opt/ros/humble/include  
-- Using RMW implementation 'rmw_fastrtps_cpp' as default
-- Looking for pthread.h
-- Looking for pthread.h - found
-- Performing Test CMAKE_HAVE_LIBC_PTHREAD
-- Performing Test CMAKE_HAVE_LIBC_PTHREAD - Success
-- Found Threads: TRUE  
-- Found std_srvs: 4.2.3 (/opt/ros/humble/share/std_srvs/cmake)
-- Found angles: 1.15.0 (/opt/ros/humble/share/angles/cmake)
-- Found geometry_msgs: 4.2.3 (/opt/ros/humble/share/geometry_msgs/cmake)
-- Found loki_msgs: 2.0.0 (/home/loki/Documents/GitHub/saga_repo/install/loki_msgs/share/loki_msgs/cmake)
-- Found Boost: /usr/lib/x86_64-linux-gnu/cmake/Boost-1.74.0/BoostConfig.cmake (found version "1.74.0") found components: system filesystem date_time program_options thread chrono 
-- Configuring done
-- Generating done
-- Build files have been written to: /home/loki/Documents/GitHub/saga_repo/build/loki_can_devices
[ 27%] [32mBuilding CXX object CMakeFiles/can.dir/src/can_io_v1pcb.cpp.o[0m
[ 36%] [32mBuilding CXX object CMakeFiles/can.dir/src/RoboteqFbl2360.cpp.o[0m
[ 36%] [32mBuilding CXX object CMakeFiles/can.dir/src/kc_battery.cpp.o[0m
[ 27%] [32mBuilding CXX object CMakeFiles/can.dir/src/RoboteqFbl2360Diff.cpp.o[0m
[ 45%] [32mBuilding CXX object CMakeFiles/can.dir/src/can_frame.cpp.o[0m
[ 54%] [32mBuilding CXX object CMakeFiles/can.dir/src/can_line_socketcan.cpp.o[0m
[ 63%] [32mBuilding CXX object CMakeFiles/can.dir/src/can_io_v1uv.cpp.o[0m
[ 72%] [32mBuilding CXX object CMakeFiles/can.dir/src/can_ctrl_pltf.cpp.o[0m
[ 81%] [32m[1mLinking CXX shared library libcan.so[0m
[ 81%] Built target can
[ 90%] [32mBuilding CXX object CMakeFiles/pytocpp.dir/src/py_to_cpp.cpp.o[0m
