[0.039s] Invoking command in '/home/loki/Documents/GitHub/saga_repo/build/loki_bringup': AMENT_PREFIX_PATH=/home/loki/Documents/GitHub/saga_repo/install/robot_bringup:/home/loki/Documents/GitHub/saga_repo/install/loki_base:/home/loki/Documents/GitHub/saga_repo/install/loki_can_devices:/home/loki/Documents/GitHub/saga_repo/install/loki_msgs:/home/loki/Documents/GitHub/saga_repo/install/loki_twist_mux:/home/loki/Documents/GitHub/saga_repo/install/loki_teleop:/home/loki/Documents/GitHub/saga_repo/install/loki_description:${AMENT_PREFIX_PATH} CMAKE_PREFIX_PATH=/home/loki/Documents/GitHub/saga_repo/install/robot_bringup:/home/loki/Documents/GitHub/saga_repo/install/loki_can_devices:/home/loki/Documents/GitHub/saga_repo/install/loki_msgs:/home/loki/Documents/GitHub/saga_repo/install/loki_twist_mux:/home/loki/Documents/GitHub/saga_repo/install/loki_description:/opt/ros/humble LD_LIBRARY_PATH=/home/loki/Documents/GitHub/saga_repo/install/loki_can_devices/lib:/home/loki/Documents/GitHub/saga_repo/install/loki_msgs/lib:${LD_LIBRARY_PATH} PYTHONPATH=/home/loki/Documents/GitHub/saga_repo/install/loki_base/lib/python3.10/site-packages:/home/loki/Documents/GitHub/saga_repo/install/loki_msgs/local/lib/python3.10/dist-packages:/home/loki/Documents/GitHub/saga_repo/install/loki_teleop/lib/python3.10/site-packages:${PYTHONPATH} /usr/bin/cmake /home/loki/Documents/GitHub/saga_repo/ros2_thor/src/loki/loki_bringup -DCMAKE_INSTALL_PREFIX=/home/loki/Documents/GitHub/saga_repo/install/loki_bringup
[0.077s] -- The C compiler identification is GNU 11.4.0
[0.119s] -- The CXX compiler identification is GNU 11.4.0
[0.124s] -- Detecting C compiler ABI info
[0.170s] -- Detecting C compiler ABI info - done
[0.174s] -- Check for working C compiler: /usr/bin/cc - skipped
[0.174s] -- Detecting C compile features
[0.175s] -- Detecting C compile features - done
[0.177s] -- Detecting CXX compiler ABI info
[0.233s] -- Detecting CXX compiler ABI info - done
[0.239s] -- Check for working CXX compiler: /usr/bin/c++ - skipped
[0.239s] -- Detecting CXX compile features
[0.239s] -- Detecting CXX compile features - done
[0.241s] -- Found ament_cmake: 1.3.5 (/opt/ros/humble/share/ament_cmake/cmake)
[0.368s] -- Found Python3: /usr/bin/python3.10 (found version "3.10.12") found components: Interpreter 
[0.431s] -- Found rclcpp: 16.0.6 (/opt/ros/humble/share/rclcpp/cmake)
[0.460s] -- Found rosidl_generator_c: 3.1.5 (/opt/ros/humble/share/rosidl_generator_c/cmake)
[0.464s] -- Found rosidl_adapter: 3.1.5 (/opt/ros/humble/share/rosidl_adapter/cmake)
[0.470s] -- Found rosidl_generator_cpp: 3.1.5 (/opt/ros/humble/share/rosidl_generator_cpp/cmake)
[0.479s] -- Using all available rosidl_typesupport_c: rosidl_typesupport_fastrtps_c;rosidl_typesupport_introspection_c
[0.493s] -- Using all available rosidl_typesupport_cpp: rosidl_typesupport_fastrtps_cpp;rosidl_typesupport_introspection_cpp
[0.542s] -- Found rmw_implementation_cmake: 6.1.1 (/opt/ros/humble/share/rmw_implementation_cmake/cmake)
[0.544s] -- Found rmw_fastrtps_cpp: 6.2.4 (/opt/ros/humble/share/rmw_fastrtps_cpp/cmake)
[0.611s] -- Found OpenSSL: /usr/lib/x86_64-linux-gnu/libcrypto.so (found version "3.0.2")  
[0.628s] -- Found FastRTPS: /opt/ros/humble/include  
[0.663s] -- Using RMW implementation 'rmw_fastrtps_cpp' as default
[0.669s] -- Looking for pthread.h
[0.721s] -- Looking for pthread.h - found
[0.721s] -- Performing Test CMAKE_HAVE_LIBC_PTHREAD
[0.767s] -- Performing Test CMAKE_HAVE_LIBC_PTHREAD - Success
[0.768s] -- Found Threads: TRUE  
[0.879s] -- Found rclpy: 3.3.10 (/opt/ros/humble/share/rclpy/cmake)
[0.880s] -- Found loki_description: 2.0.0 (/home/loki/Documents/GitHub/saga_repo/install/loki_description/share/loki_description/cmake)
[0.880s] -- Found loki_twist_mux: 2.0.0 (/home/loki/Documents/GitHub/saga_repo/install/loki_twist_mux/share/loki_twist_mux/cmake)
[0.926s] -- Configuring done
[0.929s] -- Generating done
[0.930s] -- Build files have been written to: /home/loki/Documents/GitHub/saga_repo/build/loki_bringup
[0.938s] Invoked command in '/home/loki/Documents/GitHub/saga_repo/build/loki_bringup' returned '0': AMENT_PREFIX_PATH=/home/loki/Documents/GitHub/saga_repo/install/robot_bringup:/home/loki/Documents/GitHub/saga_repo/install/loki_base:/home/loki/Documents/GitHub/saga_repo/install/loki_can_devices:/home/loki/Documents/GitHub/saga_repo/install/loki_msgs:/home/loki/Documents/GitHub/saga_repo/install/loki_twist_mux:/home/loki/Documents/GitHub/saga_repo/install/loki_teleop:/home/loki/Documents/GitHub/saga_repo/install/loki_description:${AMENT_PREFIX_PATH} CMAKE_PREFIX_PATH=/home/loki/Documents/GitHub/saga_repo/install/robot_bringup:/home/loki/Documents/GitHub/saga_repo/install/loki_can_devices:/home/loki/Documents/GitHub/saga_repo/install/loki_msgs:/home/loki/Documents/GitHub/saga_repo/install/loki_twist_mux:/home/loki/Documents/GitHub/saga_repo/install/loki_description:/opt/ros/humble LD_LIBRARY_PATH=/home/loki/Documents/GitHub/saga_repo/install/loki_can_devices/lib:/home/loki/Documents/GitHub/saga_repo/install/loki_msgs/lib:${LD_LIBRARY_PATH} PYTHONPATH=/home/loki/Documents/GitHub/saga_repo/install/loki_base/lib/python3.10/site-packages:/home/loki/Documents/GitHub/saga_repo/install/loki_msgs/local/lib/python3.10/dist-packages:/home/loki/Documents/GitHub/saga_repo/install/loki_teleop/lib/python3.10/site-packages:${PYTHONPATH} /usr/bin/cmake /home/loki/Documents/GitHub/saga_repo/ros2_thor/src/loki/loki_bringup -DCMAKE_INSTALL_PREFIX=/home/loki/Documents/GitHub/saga_repo/install/loki_bringup
[0.940s] Invoking command in '/home/loki/Documents/GitHub/saga_repo/build/loki_bringup': AMENT_PREFIX_PATH=/home/loki/Documents/GitHub/saga_repo/install/robot_bringup:/home/loki/Documents/GitHub/saga_repo/install/loki_base:/home/loki/Documents/GitHub/saga_repo/install/loki_can_devices:/home/loki/Documents/GitHub/saga_repo/install/loki_msgs:/home/loki/Documents/GitHub/saga_repo/install/loki_twist_mux:/home/loki/Documents/GitHub/saga_repo/install/loki_teleop:/home/loki/Documents/GitHub/saga_repo/install/loki_description:${AMENT_PREFIX_PATH} CMAKE_PREFIX_PATH=/home/loki/Documents/GitHub/saga_repo/install/robot_bringup:/home/loki/Documents/GitHub/saga_repo/install/loki_can_devices:/home/loki/Documents/GitHub/saga_repo/install/loki_msgs:/home/loki/Documents/GitHub/saga_repo/install/loki_twist_mux:/home/loki/Documents/GitHub/saga_repo/install/loki_description:/opt/ros/humble LD_LIBRARY_PATH=/home/loki/Documents/GitHub/saga_repo/install/loki_can_devices/lib:/home/loki/Documents/GitHub/saga_repo/install/loki_msgs/lib:${LD_LIBRARY_PATH} PYTHONPATH=/home/loki/Documents/GitHub/saga_repo/install/loki_base/lib/python3.10/site-packages:/home/loki/Documents/GitHub/saga_repo/install/loki_msgs/local/lib/python3.10/dist-packages:/home/loki/Documents/GitHub/saga_repo/install/loki_teleop/lib/python3.10/site-packages:${PYTHONPATH} /usr/bin/cmake --build /home/loki/Documents/GitHub/saga_repo/build/loki_bringup -- -j8 -l8
[0.965s] Invoked command in '/home/loki/Documents/GitHub/saga_repo/build/loki_bringup' returned '0': AMENT_PREFIX_PATH=/home/loki/Documents/GitHub/saga_repo/install/robot_bringup:/home/loki/Documents/GitHub/saga_repo/install/loki_base:/home/loki/Documents/GitHub/saga_repo/install/loki_can_devices:/home/loki/Documents/GitHub/saga_repo/install/loki_msgs:/home/loki/Documents/GitHub/saga_repo/install/loki_twist_mux:/home/loki/Documents/GitHub/saga_repo/install/loki_teleop:/home/loki/Documents/GitHub/saga_repo/install/loki_description:${AMENT_PREFIX_PATH} CMAKE_PREFIX_PATH=/home/loki/Documents/GitHub/saga_repo/install/robot_bringup:/home/loki/Documents/GitHub/saga_repo/install/loki_can_devices:/home/loki/Documents/GitHub/saga_repo/install/loki_msgs:/home/loki/Documents/GitHub/saga_repo/install/loki_twist_mux:/home/loki/Documents/GitHub/saga_repo/install/loki_description:/opt/ros/humble LD_LIBRARY_PATH=/home/loki/Documents/GitHub/saga_repo/install/loki_can_devices/lib:/home/loki/Documents/GitHub/saga_repo/install/loki_msgs/lib:${LD_LIBRARY_PATH} PYTHONPATH=/home/loki/Documents/GitHub/saga_repo/install/loki_base/lib/python3.10/site-packages:/home/loki/Documents/GitHub/saga_repo/install/loki_msgs/local/lib/python3.10/dist-packages:/home/loki/Documents/GitHub/saga_repo/install/loki_teleop/lib/python3.10/site-packages:${PYTHONPATH} /usr/bin/cmake --build /home/loki/Documents/GitHub/saga_repo/build/loki_bringup -- -j8 -l8
[0.981s] Invoking command in '/home/loki/Documents/GitHub/saga_repo/build/loki_bringup': AMENT_PREFIX_PATH=/home/loki/Documents/GitHub/saga_repo/install/robot_bringup:/home/loki/Documents/GitHub/saga_repo/install/loki_base:/home/loki/Documents/GitHub/saga_repo/install/loki_can_devices:/home/loki/Documents/GitHub/saga_repo/install/loki_msgs:/home/loki/Documents/GitHub/saga_repo/install/loki_twist_mux:/home/loki/Documents/GitHub/saga_repo/install/loki_teleop:/home/loki/Documents/GitHub/saga_repo/install/loki_description:${AMENT_PREFIX_PATH} CMAKE_PREFIX_PATH=/home/loki/Documents/GitHub/saga_repo/install/robot_bringup:/home/loki/Documents/GitHub/saga_repo/install/loki_can_devices:/home/loki/Documents/GitHub/saga_repo/install/loki_msgs:/home/loki/Documents/GitHub/saga_repo/install/loki_twist_mux:/home/loki/Documents/GitHub/saga_repo/install/loki_description:/opt/ros/humble LD_LIBRARY_PATH=/home/loki/Documents/GitHub/saga_repo/install/loki_can_devices/lib:/home/loki/Documents/GitHub/saga_repo/install/loki_msgs/lib:${LD_LIBRARY_PATH} PYTHONPATH=/home/loki/Documents/GitHub/saga_repo/install/loki_base/lib/python3.10/site-packages:/home/loki/Documents/GitHub/saga_repo/install/loki_msgs/local/lib/python3.10/dist-packages:/home/loki/Documents/GitHub/saga_repo/install/loki_teleop/lib/python3.10/site-packages:${PYTHONPATH} /usr/bin/cmake --install /home/loki/Documents/GitHub/saga_repo/build/loki_bringup
[0.986s] -- Install configuration: ""
[0.986s] -- Installing: /home/loki/Documents/GitHub/saga_repo/install/loki_bringup/share/loki_bringup/launch
[0.986s] -- Installing: /home/loki/Documents/GitHub/saga_repo/install/loki_bringup/share/loki_bringup/launch/loki_bringup.launch
[0.986s] -- Installing: /home/loki/Documents/GitHub/saga_repo/install/loki_bringup/share/loki_bringup/launch/loki_example.launch
[0.987s] -- Installing: /home/loki/Documents/GitHub/saga_repo/install/loki_bringup/share/loki_bringup/launch/loki_bringup_namespace.launch
[0.987s] -- Installing: /home/loki/Documents/GitHub/saga_repo/install/loki_bringup/share/ament_index/resource_index/package_run_dependencies/loki_bringup
[0.987s] -- Installing: /home/loki/Documents/GitHub/saga_repo/install/loki_bringup/share/ament_index/resource_index/parent_prefix_path/loki_bringup
[0.987s] -- Installing: /home/loki/Documents/GitHub/saga_repo/install/loki_bringup/share/loki_bringup/environment/ament_prefix_path.sh
[0.987s] -- Installing: /home/loki/Documents/GitHub/saga_repo/install/loki_bringup/share/loki_bringup/environment/ament_prefix_path.dsv
[0.987s] -- Installing: /home/loki/Documents/GitHub/saga_repo/install/loki_bringup/share/loki_bringup/environment/path.sh
[0.987s] -- Installing: /home/loki/Documents/GitHub/saga_repo/install/loki_bringup/share/loki_bringup/environment/path.dsv
[0.987s] -- Installing: /home/loki/Documents/GitHub/saga_repo/install/loki_bringup/share/loki_bringup/local_setup.bash
[0.987s] -- Installing: /home/loki/Documents/GitHub/saga_repo/install/loki_bringup/share/loki_bringup/local_setup.sh
[0.987s] -- Installing: /home/loki/Documents/GitHub/saga_repo/install/loki_bringup/share/loki_bringup/local_setup.zsh
[0.987s] -- Installing: /home/loki/Documents/GitHub/saga_repo/install/loki_bringup/share/loki_bringup/local_setup.dsv
[0.987s] -- Installing: /home/loki/Documents/GitHub/saga_repo/install/loki_bringup/share/loki_bringup/package.dsv
[0.987s] -- Installing: /home/loki/Documents/GitHub/saga_repo/install/loki_bringup/share/ament_index/resource_index/packages/loki_bringup
[0.987s] -- Installing: /home/loki/Documents/GitHub/saga_repo/install/loki_bringup/share/loki_bringup/cmake/ament_cmake_export_include_directories-extras.cmake
[0.988s] -- Installing: /home/loki/Documents/GitHub/saga_repo/install/loki_bringup/share/loki_bringup/cmake/loki_bringupConfig.cmake
[0.988s] -- Installing: /home/loki/Documents/GitHub/saga_repo/install/loki_bringup/share/loki_bringup/cmake/loki_bringupConfig-version.cmake
[0.988s] -- Installing: /home/loki/Documents/GitHub/saga_repo/install/loki_bringup/share/loki_bringup/package.xml
[0.989s] Invoked command in '/home/loki/Documents/GitHub/saga_repo/build/loki_bringup' returned '0': AMENT_PREFIX_PATH=/home/loki/Documents/GitHub/saga_repo/install/robot_bringup:/home/loki/Documents/GitHub/saga_repo/install/loki_base:/home/loki/Documents/GitHub/saga_repo/install/loki_can_devices:/home/loki/Documents/GitHub/saga_repo/install/loki_msgs:/home/loki/Documents/GitHub/saga_repo/install/loki_twist_mux:/home/loki/Documents/GitHub/saga_repo/install/loki_teleop:/home/loki/Documents/GitHub/saga_repo/install/loki_description:${AMENT_PREFIX_PATH} CMAKE_PREFIX_PATH=/home/loki/Documents/GitHub/saga_repo/install/robot_bringup:/home/loki/Documents/GitHub/saga_repo/install/loki_can_devices:/home/loki/Documents/GitHub/saga_repo/install/loki_msgs:/home/loki/Documents/GitHub/saga_repo/install/loki_twist_mux:/home/loki/Documents/GitHub/saga_repo/install/loki_description:/opt/ros/humble LD_LIBRARY_PATH=/home/loki/Documents/GitHub/saga_repo/install/loki_can_devices/lib:/home/loki/Documents/GitHub/saga_repo/install/loki_msgs/lib:${LD_LIBRARY_PATH} PYTHONPATH=/home/loki/Documents/GitHub/saga_repo/install/loki_base/lib/python3.10/site-packages:/home/loki/Documents/GitHub/saga_repo/install/loki_msgs/local/lib/python3.10/dist-packages:/home/loki/Documents/GitHub/saga_repo/install/loki_teleop/lib/python3.10/site-packages:${PYTHONPATH} /usr/bin/cmake --install /home/loki/Documents/GitHub/saga_repo/build/loki_bringup
