[0.012s] Invoking command in '/home/cairlab/diagnostics/build/diagnostic_common_diagnostics': AMENT_PREFIX_PATH=/home/cairlab/diagnostics/install/diagnostic_updater:${AMENT_PREFIX_PATH} CMAKE_PREFIX_PATH=/home/cairlab/diagnostics/install/diagnostic_updater:/opt/ros/humble LD_LIBRARY_PATH=/home/cairlab/diagnostics/install/diagnostic_updater/lib:${LD_LIBRARY_PATH} PYTHONPATH=/home/cairlab/diagnostics/install/diagnostic_updater/local/lib/python3.10/dist-packages:${PYTHONPATH} /usr/bin/cmake /home/cairlab/diagnostics/diagnostic_common_diagnostics -DCMAKE_INSTALL_PREFIX=/home/cairlab/diagnostics/install/diagnostic_common_diagnostics
[0.124s] -- The C compiler identification is GNU 11.3.0
[0.194s] -- The CXX compiler identification is GNU 11.3.0
[0.215s] -- Detecting C compiler ABI info
[0.274s] -- Detecting C compiler ABI info - done
[0.286s] -- Check for working C compiler: /usr/bin/cc - skipped
[0.286s] -- Detecting C compile features
[0.286s] -- Detecting C compile features - done
[0.290s] -- Detecting CXX compiler ABI info
[0.360s] -- Detecting CXX compiler ABI info - done
[0.366s] -- Check for working CXX compiler: /usr/bin/c++ - skipped
[0.366s] -- Detecting CXX compile features
[0.367s] -- Detecting CXX compile features - done
[0.370s] -- Found ament_cmake: 1.3.5 (/opt/ros/humble/share/ament_cmake/cmake)
[0.518s] -- Found Python3: /usr/bin/python3.10 (found version "3.10.6") found components: Interpreter 
[0.684s] -- Found ament_lint_auto: 0.12.6 (/opt/ros/humble/share/ament_lint_auto/cmake)
[1.157s] -- Added test 'xmllint' to check XML markup files
[1.158s] -- Added test 'lint_cmake' to check CMake code style
[1.159s] -- Configuring done
[1.162s] -- Generating done
[1.163s] -- Build files have been written to: /home/cairlab/diagnostics/build/diagnostic_common_diagnostics
[1.167s] Invoked command in '/home/cairlab/diagnostics/build/diagnostic_common_diagnostics' returned '0': AMENT_PREFIX_PATH=/home/cairlab/diagnostics/install/diagnostic_updater:${AMENT_PREFIX_PATH} CMAKE_PREFIX_PATH=/home/cairlab/diagnostics/install/diagnostic_updater:/opt/ros/humble LD_LIBRARY_PATH=/home/cairlab/diagnostics/install/diagnostic_updater/lib:${LD_LIBRARY_PATH} PYTHONPATH=/home/cairlab/diagnostics/install/diagnostic_updater/local/lib/python3.10/dist-packages:${PYTHONPATH} /usr/bin/cmake /home/cairlab/diagnostics/diagnostic_common_diagnostics -DCMAKE_INSTALL_PREFIX=/home/cairlab/diagnostics/install/diagnostic_common_diagnostics
[1.169s] Invoking command in '/home/cairlab/diagnostics/build/diagnostic_common_diagnostics': AMENT_PREFIX_PATH=/home/cairlab/diagnostics/install/diagnostic_updater:${AMENT_PREFIX_PATH} CMAKE_PREFIX_PATH=/home/cairlab/diagnostics/install/diagnostic_updater:/opt/ros/humble LD_LIBRARY_PATH=/home/cairlab/diagnostics/install/diagnostic_updater/lib:${LD_LIBRARY_PATH} PYTHONPATH=/home/cairlab/diagnostics/install/diagnostic_updater/local/lib/python3.10/dist-packages:${PYTHONPATH} /usr/bin/cmake --build /home/cairlab/diagnostics/build/diagnostic_common_diagnostics -- -j12 -l12
[1.215s] Built target ament_cmake_python_copy_diagnostic_common_diagnostics
[1.484s] running egg_info
[1.484s] creating diagnostic_common_diagnostics.egg-info
[1.485s] writing diagnostic_common_diagnostics.egg-info/PKG-INFO
[1.485s] writing dependency_links to diagnostic_common_diagnostics.egg-info/dependency_links.txt
[1.485s] writing top-level names to diagnostic_common_diagnostics.egg-info/top_level.txt
[1.485s] writing manifest file 'diagnostic_common_diagnostics.egg-info/SOURCES.txt'
[1.486s] reading manifest file 'diagnostic_common_diagnostics.egg-info/SOURCES.txt'
[1.487s] writing manifest file 'diagnostic_common_diagnostics.egg-info/SOURCES.txt'
[1.514s] Built target ament_cmake_python_build_diagnostic_common_diagnostics_egg
[1.524s] Invoked command in '/home/cairlab/diagnostics/build/diagnostic_common_diagnostics' returned '0': AMENT_PREFIX_PATH=/home/cairlab/diagnostics/install/diagnostic_updater:${AMENT_PREFIX_PATH} CMAKE_PREFIX_PATH=/home/cairlab/diagnostics/install/diagnostic_updater:/opt/ros/humble LD_LIBRARY_PATH=/home/cairlab/diagnostics/install/diagnostic_updater/lib:${LD_LIBRARY_PATH} PYTHONPATH=/home/cairlab/diagnostics/install/diagnostic_updater/local/lib/python3.10/dist-packages:${PYTHONPATH} /usr/bin/cmake --build /home/cairlab/diagnostics/build/diagnostic_common_diagnostics -- -j12 -l12
[1.547s] Invoking command in '/home/cairlab/diagnostics/build/diagnostic_common_diagnostics': AMENT_PREFIX_PATH=/home/cairlab/diagnostics/install/diagnostic_updater:${AMENT_PREFIX_PATH} CMAKE_PREFIX_PATH=/home/cairlab/diagnostics/install/diagnostic_updater:/opt/ros/humble LD_LIBRARY_PATH=/home/cairlab/diagnostics/install/diagnostic_updater/lib:${LD_LIBRARY_PATH} PYTHONPATH=/home/cairlab/diagnostics/install/diagnostic_updater/local/lib/python3.10/dist-packages:${PYTHONPATH} /usr/bin/cmake --install /home/cairlab/diagnostics/build/diagnostic_common_diagnostics
[1.554s] -- Install configuration: ""
[1.554s] -- Installing: /home/cairlab/diagnostics/install/diagnostic_common_diagnostics/share/diagnostic_common_diagnostics/environment/pythonpath.sh
[1.554s] -- Installing: /home/cairlab/diagnostics/install/diagnostic_common_diagnostics/share/diagnostic_common_diagnostics/environment/pythonpath.dsv
[1.554s] -- Installing: /home/cairlab/diagnostics/install/diagnostic_common_diagnostics/local/lib/python3.10/dist-packages/diagnostic_common_diagnostics-3.1.2-py3.10.egg-info
[1.555s] -- Installing: /home/cairlab/diagnostics/install/diagnostic_common_diagnostics/local/lib/python3.10/dist-packages/diagnostic_common_diagnostics-3.1.2-py3.10.egg-info/dependency_links.txt
[1.555s] -- Installing: /home/cairlab/diagnostics/install/diagnostic_common_diagnostics/local/lib/python3.10/dist-packages/diagnostic_common_diagnostics-3.1.2-py3.10.egg-info/PKG-INFO
[1.555s] -- Installing: /home/cairlab/diagnostics/install/diagnostic_common_diagnostics/local/lib/python3.10/dist-packages/diagnostic_common_diagnostics-3.1.2-py3.10.egg-info/SOURCES.txt
[1.555s] -- Installing: /home/cairlab/diagnostics/install/diagnostic_common_diagnostics/local/lib/python3.10/dist-packages/diagnostic_common_diagnostics-3.1.2-py3.10.egg-info/top_level.txt
[1.555s] -- Installing: /home/cairlab/diagnostics/install/diagnostic_common_diagnostics/local/lib/python3.10/dist-packages/diagnostic_common_diagnostics
[1.555s] -- Installing: /home/cairlab/diagnostics/install/diagnostic_common_diagnostics/local/lib/python3.10/dist-packages/diagnostic_common_diagnostics/ntp_monitor.py
[1.555s] -- Installing: /home/cairlab/diagnostics/install/diagnostic_common_diagnostics/local/lib/python3.10/dist-packages/diagnostic_common_diagnostics/__init__.py
[1.589s] Listing '/home/cairlab/diagnostics/install/diagnostic_common_diagnostics/local/lib/python3.10/dist-packages/diagnostic_common_diagnostics'...
[1.589s] Compiling '/home/cairlab/diagnostics/install/diagnostic_common_diagnostics/local/lib/python3.10/dist-packages/diagnostic_common_diagnostics/__init__.py'...
[1.589s] Compiling '/home/cairlab/diagnostics/install/diagnostic_common_diagnostics/local/lib/python3.10/dist-packages/diagnostic_common_diagnostics/ntp_monitor.py'...
[1.599s] -- Installing: /home/cairlab/diagnostics/install/diagnostic_common_diagnostics/lib/diagnostic_common_diagnostics/ntp_monitor.py
[1.599s] -- Installing: /home/cairlab/diagnostics/install/diagnostic_common_diagnostics/share/ament_index/resource_index/package_run_dependencies/diagnostic_common_diagnostics
[1.600s] -- Installing: /home/cairlab/diagnostics/install/diagnostic_common_diagnostics/share/ament_index/resource_index/parent_prefix_path/diagnostic_common_diagnostics
[1.600s] -- Installing: /home/cairlab/diagnostics/install/diagnostic_common_diagnostics/share/diagnostic_common_diagnostics/environment/ament_prefix_path.sh
[1.600s] -- Installing: /home/cairlab/diagnostics/install/diagnostic_common_diagnostics/share/diagnostic_common_diagnostics/environment/ament_prefix_path.dsv
[1.600s] -- Installing: /home/cairlab/diagnostics/install/diagnostic_common_diagnostics/share/diagnostic_common_diagnostics/environment/path.sh
[1.601s] -- Installing: /home/cairlab/diagnostics/install/diagnostic_common_diagnostics/share/diagnostic_common_diagnostics/environment/path.dsv
[1.601s] -- Installing: /home/cairlab/diagnostics/install/diagnostic_common_diagnostics/share/diagnostic_common_diagnostics/local_setup.bash
[1.601s] -- Installing: /home/cairlab/diagnostics/install/diagnostic_common_diagnostics/share/diagnostic_common_diagnostics/local_setup.sh
[1.601s] -- Installing: /home/cairlab/diagnostics/install/diagnostic_common_diagnostics/share/diagnostic_common_diagnostics/local_setup.zsh
[1.601s] -- Installing: /home/cairlab/diagnostics/install/diagnostic_common_diagnostics/share/diagnostic_common_diagnostics/local_setup.dsv
[1.601s] -- Installing: /home/cairlab/diagnostics/install/diagnostic_common_diagnostics/share/diagnostic_common_diagnostics/package.dsv
[1.602s] -- Installing: /home/cairlab/diagnostics/install/diagnostic_common_diagnostics/share/ament_index/resource_index/packages/diagnostic_common_diagnostics
[1.602s] -- Installing: /home/cairlab/diagnostics/install/diagnostic_common_diagnostics/share/diagnostic_common_diagnostics/cmake/diagnostic_common_diagnosticsConfig.cmake
[1.602s] -- Installing: /home/cairlab/diagnostics/install/diagnostic_common_diagnostics/share/diagnostic_common_diagnostics/cmake/diagnostic_common_diagnosticsConfig-version.cmake
[1.605s] -- Installing: /home/cairlab/diagnostics/install/diagnostic_common_diagnostics/share/diagnostic_common_diagnostics/package.xml
[1.609s] Invoked command in '/home/cairlab/diagnostics/build/diagnostic_common_diagnostics' returned '0': AMENT_PREFIX_PATH=/home/cairlab/diagnostics/install/diagnostic_updater:${AMENT_PREFIX_PATH} CMAKE_PREFIX_PATH=/home/cairlab/diagnostics/install/diagnostic_updater:/opt/ros/humble LD_LIBRARY_PATH=/home/cairlab/diagnostics/install/diagnostic_updater/lib:${LD_LIBRARY_PATH} PYTHONPATH=/home/cairlab/diagnostics/install/diagnostic_updater/local/lib/python3.10/dist-packages:${PYTHONPATH} /usr/bin/cmake --install /home/cairlab/diagnostics/build/diagnostic_common_diagnostics
