[0.972s] Invoking command in '/home/cairlab/Documents/GitHub/saga_repo/ros2_thor/src/loki/loki_base': AMENT_PREFIX_PATH=/home/cairlab/Documents/GitHub/saga_repo/install/loki_can_devices:/home/cairlab/Documents/GitHub/saga_repo/install/loki_msgs:/home/cairlab/Documents/GitHub/saga_repo/install/loki_description:${AMENT_PREFIX_PATH} CMAKE_PREFIX_PATH=/home/cairlab/Documents/GitHub/saga_repo/install/loki_can_devices:/home/cairlab/Documents/GitHub/saga_repo/install/loki_msgs:/home/cairlab/Documents/GitHub/saga_repo/install/loki_description LD_LIBRARY_PATH=/home/cairlab/Documents/GitHub/saga_repo/install/loki_can_devices/lib:/home/cairlab/Documents/GitHub/saga_repo/install/loki_msgs/lib:${LD_LIBRARY_PATH} PYTHONPATH=/home/cairlab/Documents/GitHub/saga_repo/build/loki_base/prefix_override:/home/cairlab/Documents/GitHub/saga_repo/install/loki_base/lib/python3.10/site-packages:/home/cairlab/Documents/GitHub/saga_repo/install/loki_msgs/local/lib/python3.10/dist-packages:${PYTHONPATH} /usr/bin/python3 setup.py egg_info --egg-base ../../../../build/loki_base build --build-base /home/cairlab/Documents/GitHub/saga_repo/build/loki_base/build install --record /home/cairlab/Documents/GitHub/saga_repo/build/loki_base/install.log --single-version-externally-managed
[1.190s] running egg_info
[1.203s] writing ../../../../build/loki_base/loki_base.egg-info/PKG-INFO
[1.203s] writing dependency_links to ../../../../build/loki_base/loki_base.egg-info/dependency_links.txt
[1.204s] writing entry points to ../../../../build/loki_base/loki_base.egg-info/entry_points.txt
[1.204s] writing requirements to ../../../../build/loki_base/loki_base.egg-info/requires.txt
[1.204s] writing top-level names to ../../../../build/loki_base/loki_base.egg-info/top_level.txt
[1.231s] reading manifest file '../../../../build/loki_base/loki_base.egg-info/SOURCES.txt'
[1.232s] writing manifest file '../../../../build/loki_base/loki_base.egg-info/SOURCES.txt'
[1.232s] running build
[1.232s] running build_py
[1.233s] running install
[1.233s] /home/cairlab/.local/lib/python3.10/site-packages/setuptools/_distutils/cmd.py:66: SetuptoolsDeprecationWarning: setup.py install is deprecated.
[1.233s] !!
[1.233s] 
[1.233s]         ********************************************************************************
[1.233s]         Please avoid running ``setup.py`` directly.
[1.234s]         Instead, use pypa/build, pypa/installer or other
[1.234s]         standards-based tools.
[1.234s] 
[1.234s]         See https://blog.ganssle.io/articles/2021/10/setup-py-deprecated.html for details.
[1.234s]         ********************************************************************************
[1.234s] 
[1.234s] !!
[1.234s]   self.initialize_options()
[1.238s] running install_lib
[1.253s] running install_data
[1.267s] running install_egg_info
[1.284s] removing '/home/cairlab/Documents/GitHub/saga_repo/install/loki_base/lib/python3.10/site-packages/loki_base-2.0.0-py3.10.egg-info' (and everything under it)
[1.284s] Copying ../../../../build/loki_base/loki_base.egg-info to /home/cairlab/Documents/GitHub/saga_repo/install/loki_base/lib/python3.10/site-packages/loki_base-2.0.0-py3.10.egg-info
[1.285s] running install_scripts
[1.435s] Installing base_driver script to /home/cairlab/Documents/GitHub/saga_repo/install/loki_base/lib/loki_base
[1.435s] Installing enlcosure_board_serial script to /home/cairlab/Documents/GitHub/saga_repo/install/loki_base/lib/loki_base
[1.436s] writing list of installed files to '/home/cairlab/Documents/GitHub/saga_repo/build/loki_base/install.log'
[1.491s] Invoked command in '/home/cairlab/Documents/GitHub/saga_repo/ros2_thor/src/loki/loki_base' returned '0': AMENT_PREFIX_PATH=/home/cairlab/Documents/GitHub/saga_repo/install/loki_can_devices:/home/cairlab/Documents/GitHub/saga_repo/install/loki_msgs:/home/cairlab/Documents/GitHub/saga_repo/install/loki_description:${AMENT_PREFIX_PATH} CMAKE_PREFIX_PATH=/home/cairlab/Documents/GitHub/saga_repo/install/loki_can_devices:/home/cairlab/Documents/GitHub/saga_repo/install/loki_msgs:/home/cairlab/Documents/GitHub/saga_repo/install/loki_description LD_LIBRARY_PATH=/home/cairlab/Documents/GitHub/saga_repo/install/loki_can_devices/lib:/home/cairlab/Documents/GitHub/saga_repo/install/loki_msgs/lib:${LD_LIBRARY_PATH} PYTHONPATH=/home/cairlab/Documents/GitHub/saga_repo/build/loki_base/prefix_override:/home/cairlab/Documents/GitHub/saga_repo/install/loki_base/lib/python3.10/site-packages:/home/cairlab/Documents/GitHub/saga_repo/install/loki_msgs/local/lib/python3.10/dist-packages:${PYTHONPATH} /usr/bin/python3 setup.py egg_info --egg-base ../../../../build/loki_base build --build-base /home/cairlab/Documents/GitHub/saga_repo/build/loki_base/build install --record /home/cairlab/Documents/GitHub/saga_repo/build/loki_base/install.log --single-version-externally-managed
