[0.046s] Invoking command in '/home/loki/Documents/GitHub/saga_repo/build/loki_description': /usr/bin/cmake /home/loki/Documents/GitHub/saga_repo/ros2_thor/src/loki/loki_description -DCMAKE_INSTALL_PREFIX=/home/loki/Documents/GitHub/saga_repo/install/loki_description
[0.203s] -- The C compiler identification is GNU 11.4.0
[0.203s] -- The CXX compiler identification is GNU 11.4.0
[0.204s] -- Detecting C compiler ABI info
[0.237s] -- Detecting C compiler ABI info - done
[0.244s] -- Check for working C compiler: /usr/bin/cc - skipped
[0.244s] -- Detecting C compile features
[0.245s] -- Detecting C compile features - done
[0.247s] -- Detecting CXX compiler ABI info
[0.304s] -- Detecting CXX compiler ABI info - done
[0.310s] -- Check for working CXX compiler: /usr/bin/c++ - skipped
[0.310s] -- Detecting CXX compile features
[0.311s] -- Detecting CXX compile features - done
[0.319s] [31mCMake Error at CMakeLists.txt:5 (find_package):
[0.319s]   By not providing "Findament_cmake.cmake" in CMAKE_MODULE_PATH this project
[0.319s]   has asked CMake to find a package configuration file provided by
[0.319s]   "ament_cmake", but CMake did not find one.
[0.319s] 
[0.319s]   Could not find a package configuration file provided by "ament_cmake" with
[0.319s]   any of the following names:
[0.319s] 
[0.319s]     ament_cmakeConfig.cmake
[0.319s]     ament_cmake-config.cmake
[0.319s] 
[0.319s]   Add the installation prefix of "ament_cmake" to CMAKE_PREFIX_PATH or set
[0.319s]   "ament_cmake_DIR" to a directory containing one of the above files.  If
[0.320s]   "ament_cmake" provides a separate development package or SDK, be sure it
[0.320s]   has been installed.
[0.320s] 
[0.320s] [0m
[0.320s] -- Configuring incomplete, errors occurred!
[0.320s] See also "/home/loki/Documents/GitHub/saga_repo/build/loki_description/CMakeFiles/CMakeOutput.log".
[0.321s] Invoked command in '/home/loki/Documents/GitHub/saga_repo/build/loki_description' returned '1': /usr/bin/cmake /home/loki/Documents/GitHub/saga_repo/ros2_thor/src/loki/loki_description -DCMAKE_INSTALL_PREFIX=/home/loki/Documents/GitHub/saga_repo/install/loki_description
