[1.272s] Invoking command in '/home/cairlab/Documents/GitHub/saga_repo/ros2_thor/src/common_interfaces/sensor_msgs_py': AMENT_PREFIX_PATH=/home/cairlab/Documents/GitHub/saga_repo/install/sensor_msgs:/home/cairlab/Documents/GitHub/saga_repo/install/geometry_msgs:/home/cairlab/Documents/GitHub/saga_repo/install/std_msgs:${AMENT_PREFIX_PATH} CMAKE_PREFIX_PATH=/home/cairlab/Documents/GitHub/saga_repo/install/sensor_msgs:/home/cairlab/Documents/GitHub/saga_repo/install/geometry_msgs:/home/cairlab/Documents/GitHub/saga_repo/install/std_msgs LD_LIBRARY_PATH=/home/cairlab/Documents/GitHub/saga_repo/install/sensor_msgs/lib:/home/cairlab/Documents/GitHub/saga_repo/install/geometry_msgs/lib:/home/cairlab/Documents/GitHub/saga_repo/install/std_msgs/lib:${LD_LIBRARY_PATH} PYTHONPATH=/home/cairlab/Documents/GitHub/saga_repo/build/sensor_msgs_py/prefix_override:/home/cairlab/Documents/GitHub/saga_repo/install/sensor_msgs_py/lib/python3.10/site-packages:/home/cairlab/Documents/GitHub/saga_repo/install/sensor_msgs/local/lib/python3.10/dist-packages:/home/cairlab/Documents/GitHub/saga_repo/install/geometry_msgs/local/lib/python3.10/dist-packages:/home/cairlab/Documents/GitHub/saga_repo/install/std_msgs/local/lib/python3.10/dist-packages:${PYTHONPATH} /usr/bin/python3 setup.py egg_info --egg-base ../../../../build/sensor_msgs_py build --build-base /home/cairlab/Documents/GitHub/saga_repo/build/sensor_msgs_py/build install --record /home/cairlab/Documents/GitHub/saga_repo/build/sensor_msgs_py/install.log --single-version-externally-managed
[1.589s] running egg_info
[1.590s] creating ../../../../build/sensor_msgs_py/sensor_msgs_py.egg-info
[1.612s] writing ../../../../build/sensor_msgs_py/sensor_msgs_py.egg-info/PKG-INFO
[1.612s] writing dependency_links to ../../../../build/sensor_msgs_py/sensor_msgs_py.egg-info/dependency_links.txt
[1.613s] writing requirements to ../../../../build/sensor_msgs_py/sensor_msgs_py.egg-info/requires.txt
[1.613s] writing top-level names to ../../../../build/sensor_msgs_py/sensor_msgs_py.egg-info/top_level.txt
[1.613s] writing manifest file '../../../../build/sensor_msgs_py/sensor_msgs_py.egg-info/SOURCES.txt'
[1.661s] reading manifest file '../../../../build/sensor_msgs_py/sensor_msgs_py.egg-info/SOURCES.txt'
[1.661s] adding license file 'LICENSE'
[1.662s] writing manifest file '../../../../build/sensor_msgs_py/sensor_msgs_py.egg-info/SOURCES.txt'
[1.663s] running build
[1.663s] running build_py
[1.663s] creating /home/cairlab/Documents/GitHub/saga_repo/build/sensor_msgs_py/build
[1.663s] creating /home/cairlab/Documents/GitHub/saga_repo/build/sensor_msgs_py/build/lib
[1.663s] creating /home/cairlab/Documents/GitHub/saga_repo/build/sensor_msgs_py/build/lib/sensor_msgs_py
[1.663s] copying sensor_msgs_py/numpy_compat.py -> /home/cairlab/Documents/GitHub/saga_repo/build/sensor_msgs_py/build/lib/sensor_msgs_py
[1.663s] copying sensor_msgs_py/__init__.py -> /home/cairlab/Documents/GitHub/saga_repo/build/sensor_msgs_py/build/lib/sensor_msgs_py
[1.664s] copying sensor_msgs_py/point_cloud2.py -> /home/cairlab/Documents/GitHub/saga_repo/build/sensor_msgs_py/build/lib/sensor_msgs_py
[1.664s] running install
[1.665s] /home/cairlab/.local/lib/python3.10/site-packages/setuptools/_distutils/cmd.py:66: SetuptoolsDeprecationWarning: setup.py install is deprecated.
[1.665s] !!
[1.666s] 
[1.667s]         ********************************************************************************
[1.667s]         Please avoid running ``setup.py`` directly.
[1.667s]         Instead, use pypa/build, pypa/installer or other
[1.667s]         standards-based tools.
[1.667s] 
[1.667s]         See https://blog.ganssle.io/articles/2021/10/setup-py-deprecated.html for details.
[1.667s]         ********************************************************************************
[1.668s] 
[1.668s] !!
[1.668s]   self.initialize_options()
[1.674s] running install_lib
[1.701s] creating /home/cairlab/Documents/GitHub/saga_repo/install/sensor_msgs_py/lib/python3.10/site-packages/sensor_msgs_py
[1.701s] copying /home/cairlab/Documents/GitHub/saga_repo/build/sensor_msgs_py/build/lib/sensor_msgs_py/numpy_compat.py -> /home/cairlab/Documents/GitHub/saga_repo/install/sensor_msgs_py/lib/python3.10/site-packages/sensor_msgs_py
[1.701s] copying /home/cairlab/Documents/GitHub/saga_repo/build/sensor_msgs_py/build/lib/sensor_msgs_py/__init__.py -> /home/cairlab/Documents/GitHub/saga_repo/install/sensor_msgs_py/lib/python3.10/site-packages/sensor_msgs_py
[1.701s] copying /home/cairlab/Documents/GitHub/saga_repo/build/sensor_msgs_py/build/lib/sensor_msgs_py/point_cloud2.py -> /home/cairlab/Documents/GitHub/saga_repo/install/sensor_msgs_py/lib/python3.10/site-packages/sensor_msgs_py
[1.702s] byte-compiling /home/cairlab/Documents/GitHub/saga_repo/install/sensor_msgs_py/lib/python3.10/site-packages/sensor_msgs_py/numpy_compat.py to numpy_compat.cpython-310.pyc
[1.704s] byte-compiling /home/cairlab/Documents/GitHub/saga_repo/install/sensor_msgs_py/lib/python3.10/site-packages/sensor_msgs_py/__init__.py to __init__.cpython-310.pyc
[1.704s] byte-compiling /home/cairlab/Documents/GitHub/saga_repo/install/sensor_msgs_py/lib/python3.10/site-packages/sensor_msgs_py/point_cloud2.py to point_cloud2.cpython-310.pyc
[1.707s] running install_data
[1.732s] creating /home/cairlab/Documents/GitHub/saga_repo/install/sensor_msgs_py/share/ament_index
[1.732s] creating /home/cairlab/Documents/GitHub/saga_repo/install/sensor_msgs_py/share/ament_index/resource_index
[1.732s] creating /home/cairlab/Documents/GitHub/saga_repo/install/sensor_msgs_py/share/ament_index/resource_index/packages
[1.732s] copying resource/sensor_msgs_py -> /home/cairlab/Documents/GitHub/saga_repo/install/sensor_msgs_py/share/ament_index/resource_index/packages
[1.732s] copying package.xml -> /home/cairlab/Documents/GitHub/saga_repo/install/sensor_msgs_py/share/sensor_msgs_py
[1.732s] running install_egg_info
[1.757s] Copying ../../../../build/sensor_msgs_py/sensor_msgs_py.egg-info to /home/cairlab/Documents/GitHub/saga_repo/install/sensor_msgs_py/lib/python3.10/site-packages/sensor_msgs_py-5.2.0-py3.10.egg-info
[1.758s] running install_scripts
[2.010s] writing list of installed files to '/home/cairlab/Documents/GitHub/saga_repo/build/sensor_msgs_py/install.log'
[2.054s] Invoked command in '/home/cairlab/Documents/GitHub/saga_repo/ros2_thor/src/common_interfaces/sensor_msgs_py' returned '0': AMENT_PREFIX_PATH=/home/cairlab/Documents/GitHub/saga_repo/install/sensor_msgs:/home/cairlab/Documents/GitHub/saga_repo/install/geometry_msgs:/home/cairlab/Documents/GitHub/saga_repo/install/std_msgs:${AMENT_PREFIX_PATH} CMAKE_PREFIX_PATH=/home/cairlab/Documents/GitHub/saga_repo/install/sensor_msgs:/home/cairlab/Documents/GitHub/saga_repo/install/geometry_msgs:/home/cairlab/Documents/GitHub/saga_repo/install/std_msgs LD_LIBRARY_PATH=/home/cairlab/Documents/GitHub/saga_repo/install/sensor_msgs/lib:/home/cairlab/Documents/GitHub/saga_repo/install/geometry_msgs/lib:/home/cairlab/Documents/GitHub/saga_repo/install/std_msgs/lib:${LD_LIBRARY_PATH} PYTHONPATH=/home/cairlab/Documents/GitHub/saga_repo/build/sensor_msgs_py/prefix_override:/home/cairlab/Documents/GitHub/saga_repo/install/sensor_msgs_py/lib/python3.10/site-packages:/home/cairlab/Documents/GitHub/saga_repo/install/sensor_msgs/local/lib/python3.10/dist-packages:/home/cairlab/Documents/GitHub/saga_repo/install/geometry_msgs/local/lib/python3.10/dist-packages:/home/cairlab/Documents/GitHub/saga_repo/install/std_msgs/local/lib/python3.10/dist-packages:${PYTHONPATH} /usr/bin/python3 setup.py egg_info --egg-base ../../../../build/sensor_msgs_py build --build-base /home/cairlab/Documents/GitHub/saga_repo/build/sensor_msgs_py/build install --record /home/cairlab/Documents/GitHub/saga_repo/build/sensor_msgs_py/install.log --single-version-externally-managed
