[0.031s] Invoking command in '/home/cairlab/Documents/GitHub/saga_repo/build/rasberry_gazebo': AMENT_PREFIX_PATH=/home/cairlab/Documents/GitHub/saga_repo/install/trajectory_msgs:/home/cairlab/Documents/GitHub/saga_repo/install/sensor_msgs:/home/cairlab/Documents/GitHub/saga_repo/install/geometry_msgs:/home/cairlab/Documents/GitHub/saga_repo/install/std_msgs:${AMENT_PREFIX_PATH} CMAKE_PREFIX_PATH=/home/cairlab/Documents/GitHub/saga_repo/install/trajectory_msgs:/home/cairlab/Documents/GitHub/saga_repo/install/sensor_msgs:/home/cairlab/Documents/GitHub/saga_repo/install/geometry_msgs:/home/cairlab/Documents/GitHub/saga_repo/install/std_msgs:/opt/ros/humble LD_LIBRARY_PATH=/home/cairlab/Documents/GitHub/saga_repo/install/trajectory_msgs/lib:/home/cairlab/Documents/GitHub/saga_repo/install/sensor_msgs/lib:/home/cairlab/Documents/GitHub/saga_repo/install/geometry_msgs/lib:/home/cairlab/Documents/GitHub/saga_repo/install/std_msgs/lib:${LD_LIBRARY_PATH} PYTHONPATH=/home/cairlab/Documents/GitHub/saga_repo/install/trajectory_msgs/local/lib/python3.10/dist-packages:/home/cairlab/Documents/GitHub/saga_repo/install/sensor_msgs/local/lib/python3.10/dist-packages:/home/cairlab/Documents/GitHub/saga_repo/install/geometry_msgs/local/lib/python3.10/dist-packages:/home/cairlab/Documents/GitHub/saga_repo/install/std_msgs/local/lib/python3.10/dist-packages:${PYTHONPATH} /usr/bin/cmake /home/cairlab/Documents/GitHub/saga_repo/ros2_thor/src/loki/rasberry_gazebo -DCMAKE_INSTALL_PREFIX=/home/cairlab/Documents/GitHub/saga_repo/install/rasberry_gazebo
[0.106s] -- The C compiler identification is GNU 11.4.0
[0.187s] -- The CXX compiler identification is GNU 11.4.0
[0.197s] -- Detecting C compiler ABI info
[0.277s] -- Detecting C compiler ABI info - done
[0.285s] -- Check for working C compiler: /usr/bin/cc - skipped
[0.285s] -- Detecting C compile features
[0.286s] -- Detecting C compile features - done
[0.290s] -- Detecting CXX compiler ABI info
[0.388s] -- Detecting CXX compiler ABI info - done
[0.399s] -- Check for working CXX compiler: /usr/bin/c++ - skipped
[0.399s] -- Detecting CXX compile features
[0.400s] -- Detecting CXX compile features - done
[0.403s] -- Found ament_cmake: 1.3.5 (/opt/ros/humble/share/ament_cmake/cmake)
[0.976s] -- Found Python3: /usr/bin/python3.10 (found version "3.10.12") found components: Interpreter 
[1.090s] -- Found rclcpp: 16.0.5 (/opt/ros/humble/share/rclcpp/cmake)
[1.135s] -- Found rosidl_generator_c: 3.1.5 (/opt/ros/humble/share/rosidl_generator_c/cmake)
[1.140s] -- Found rosidl_adapter: 3.1.5 (/opt/ros/humble/share/rosidl_adapter/cmake)
[1.150s] -- Found rosidl_generator_cpp: 3.1.5 (/opt/ros/humble/share/rosidl_generator_cpp/cmake)
[1.164s] -- Using all available rosidl_typesupport_c: rosidl_typesupport_fastrtps_c;rosidl_typesupport_introspection_c
[1.184s] -- Using all available rosidl_typesupport_cpp: rosidl_typesupport_fastrtps_cpp;rosidl_typesupport_introspection_cpp
[1.284s] -- Found rmw_implementation_cmake: 6.1.1 (/opt/ros/humble/share/rmw_implementation_cmake/cmake)
[1.288s] -- Found rmw_fastrtps_cpp: 6.2.3 (/opt/ros/humble/share/rmw_fastrtps_cpp/cmake)
[1.397s] -- Found OpenSSL: /usr/lib/x86_64-linux-gnu/libcrypto.so (found version "3.0.2")  
[1.434s] -- Found FastRTPS: /opt/ros/humble/include  
[1.499s] -- Using RMW implementation 'rmw_fastrtps_cpp' as default
[1.513s] -- Looking for pthread.h
[1.591s] -- Looking for pthread.h - found
[1.591s] -- Performing Test CMAKE_HAVE_LIBC_PTHREAD
[1.686s] -- Performing Test CMAKE_HAVE_LIBC_PTHREAD - Success
[1.688s] -- Found Threads: TRUE  
[1.894s] -- Found rclpy: 3.3.9 (/opt/ros/humble/share/rclpy/cmake)
[1.896s] -- Found control_msgs: 4.4.0 (/opt/ros/humble/share/control_msgs/cmake)
[2.584s] -- Found tf2: 0.25.3 (/opt/ros/humble/share/tf2/cmake)
[2.610s] -- Found gazebo_ros_pkgs: 3.7.0 (/opt/ros/humble/share/gazebo_ros_pkgs/cmake)
[2.614s] -- Found nav2_map_server: 1.1.9 (/opt/ros/humble/share/nav2_map_server/cmake)
[3.644s] -- Found eigen3_cmake_module: 0.1.1 (/opt/ros/humble/share/eigen3_cmake_module/cmake)
[3.648s] -- Found Eigen3: TRUE (found version "3.4.0") 
[3.648s] -- Ensuring Eigen3 include directory is part of orocos-kdl CMake target
[5.864s] -- Found navigation2: 1.1.9 (/opt/ros/humble/share/navigation2/cmake)
[5.867s] -- Found robot_localization: 3.5.1 (/opt/ros/humble/share/robot_localization/cmake)
[6.295s] -- Found robot_state_publisher: 3.0.2 (/opt/ros/humble/share/robot_state_publisher/cmake)
[6.533s] -- Configuring done
[6.541s] -- Generating done
[6.545s] -- Build files have been written to: /home/cairlab/Documents/GitHub/saga_repo/build/rasberry_gazebo
[6.570s] Invoked command in '/home/cairlab/Documents/GitHub/saga_repo/build/rasberry_gazebo' returned '0': AMENT_PREFIX_PATH=/home/cairlab/Documents/GitHub/saga_repo/install/trajectory_msgs:/home/cairlab/Documents/GitHub/saga_repo/install/sensor_msgs:/home/cairlab/Documents/GitHub/saga_repo/install/geometry_msgs:/home/cairlab/Documents/GitHub/saga_repo/install/std_msgs:${AMENT_PREFIX_PATH} CMAKE_PREFIX_PATH=/home/cairlab/Documents/GitHub/saga_repo/install/trajectory_msgs:/home/cairlab/Documents/GitHub/saga_repo/install/sensor_msgs:/home/cairlab/Documents/GitHub/saga_repo/install/geometry_msgs:/home/cairlab/Documents/GitHub/saga_repo/install/std_msgs:/opt/ros/humble LD_LIBRARY_PATH=/home/cairlab/Documents/GitHub/saga_repo/install/trajectory_msgs/lib:/home/cairlab/Documents/GitHub/saga_repo/install/sensor_msgs/lib:/home/cairlab/Documents/GitHub/saga_repo/install/geometry_msgs/lib:/home/cairlab/Documents/GitHub/saga_repo/install/std_msgs/lib:${LD_LIBRARY_PATH} PYTHONPATH=/home/cairlab/Documents/GitHub/saga_repo/install/trajectory_msgs/local/lib/python3.10/dist-packages:/home/cairlab/Documents/GitHub/saga_repo/install/sensor_msgs/local/lib/python3.10/dist-packages:/home/cairlab/Documents/GitHub/saga_repo/install/geometry_msgs/local/lib/python3.10/dist-packages:/home/cairlab/Documents/GitHub/saga_repo/install/std_msgs/local/lib/python3.10/dist-packages:${PYTHONPATH} /usr/bin/cmake /home/cairlab/Documents/GitHub/saga_repo/ros2_thor/src/loki/rasberry_gazebo -DCMAKE_INSTALL_PREFIX=/home/cairlab/Documents/GitHub/saga_repo/install/rasberry_gazebo
[6.571s] Invoking command in '/home/cairlab/Documents/GitHub/saga_repo/build/rasberry_gazebo': AMENT_PREFIX_PATH=/home/cairlab/Documents/GitHub/saga_repo/install/trajectory_msgs:/home/cairlab/Documents/GitHub/saga_repo/install/sensor_msgs:/home/cairlab/Documents/GitHub/saga_repo/install/geometry_msgs:/home/cairlab/Documents/GitHub/saga_repo/install/std_msgs:${AMENT_PREFIX_PATH} CMAKE_PREFIX_PATH=/home/cairlab/Documents/GitHub/saga_repo/install/trajectory_msgs:/home/cairlab/Documents/GitHub/saga_repo/install/sensor_msgs:/home/cairlab/Documents/GitHub/saga_repo/install/geometry_msgs:/home/cairlab/Documents/GitHub/saga_repo/install/std_msgs:/opt/ros/humble LD_LIBRARY_PATH=/home/cairlab/Documents/GitHub/saga_repo/install/trajectory_msgs/lib:/home/cairlab/Documents/GitHub/saga_repo/install/sensor_msgs/lib:/home/cairlab/Documents/GitHub/saga_repo/install/geometry_msgs/lib:/home/cairlab/Documents/GitHub/saga_repo/install/std_msgs/lib:${LD_LIBRARY_PATH} PYTHONPATH=/home/cairlab/Documents/GitHub/saga_repo/install/trajectory_msgs/local/lib/python3.10/dist-packages:/home/cairlab/Documents/GitHub/saga_repo/install/sensor_msgs/local/lib/python3.10/dist-packages:/home/cairlab/Documents/GitHub/saga_repo/install/geometry_msgs/local/lib/python3.10/dist-packages:/home/cairlab/Documents/GitHub/saga_repo/install/std_msgs/local/lib/python3.10/dist-packages:${PYTHONPATH} /usr/bin/cmake --build /home/cairlab/Documents/GitHub/saga_repo/build/rasberry_gazebo -- -j12 -l12
[6.643s] Invoked command in '/home/cairlab/Documents/GitHub/saga_repo/build/rasberry_gazebo' returned '0': AMENT_PREFIX_PATH=/home/cairlab/Documents/GitHub/saga_repo/install/trajectory_msgs:/home/cairlab/Documents/GitHub/saga_repo/install/sensor_msgs:/home/cairlab/Documents/GitHub/saga_repo/install/geometry_msgs:/home/cairlab/Documents/GitHub/saga_repo/install/std_msgs:${AMENT_PREFIX_PATH} CMAKE_PREFIX_PATH=/home/cairlab/Documents/GitHub/saga_repo/install/trajectory_msgs:/home/cairlab/Documents/GitHub/saga_repo/install/sensor_msgs:/home/cairlab/Documents/GitHub/saga_repo/install/geometry_msgs:/home/cairlab/Documents/GitHub/saga_repo/install/std_msgs:/opt/ros/humble LD_LIBRARY_PATH=/home/cairlab/Documents/GitHub/saga_repo/install/trajectory_msgs/lib:/home/cairlab/Documents/GitHub/saga_repo/install/sensor_msgs/lib:/home/cairlab/Documents/GitHub/saga_repo/install/geometry_msgs/lib:/home/cairlab/Documents/GitHub/saga_repo/install/std_msgs/lib:${LD_LIBRARY_PATH} PYTHONPATH=/home/cairlab/Documents/GitHub/saga_repo/install/trajectory_msgs/local/lib/python3.10/dist-packages:/home/cairlab/Documents/GitHub/saga_repo/install/sensor_msgs/local/lib/python3.10/dist-packages:/home/cairlab/Documents/GitHub/saga_repo/install/geometry_msgs/local/lib/python3.10/dist-packages:/home/cairlab/Documents/GitHub/saga_repo/install/std_msgs/local/lib/python3.10/dist-packages:${PYTHONPATH} /usr/bin/cmake --build /home/cairlab/Documents/GitHub/saga_repo/build/rasberry_gazebo -- -j12 -l12
[6.671s] Invoking command in '/home/cairlab/Documents/GitHub/saga_repo/build/rasberry_gazebo': AMENT_PREFIX_PATH=/home/cairlab/Documents/GitHub/saga_repo/install/trajectory_msgs:/home/cairlab/Documents/GitHub/saga_repo/install/sensor_msgs:/home/cairlab/Documents/GitHub/saga_repo/install/geometry_msgs:/home/cairlab/Documents/GitHub/saga_repo/install/std_msgs:${AMENT_PREFIX_PATH} CMAKE_PREFIX_PATH=/home/cairlab/Documents/GitHub/saga_repo/install/trajectory_msgs:/home/cairlab/Documents/GitHub/saga_repo/install/sensor_msgs:/home/cairlab/Documents/GitHub/saga_repo/install/geometry_msgs:/home/cairlab/Documents/GitHub/saga_repo/install/std_msgs:/opt/ros/humble LD_LIBRARY_PATH=/home/cairlab/Documents/GitHub/saga_repo/install/trajectory_msgs/lib:/home/cairlab/Documents/GitHub/saga_repo/install/sensor_msgs/lib:/home/cairlab/Documents/GitHub/saga_repo/install/geometry_msgs/lib:/home/cairlab/Documents/GitHub/saga_repo/install/std_msgs/lib:${LD_LIBRARY_PATH} PYTHONPATH=/home/cairlab/Documents/GitHub/saga_repo/install/trajectory_msgs/local/lib/python3.10/dist-packages:/home/cairlab/Documents/GitHub/saga_repo/install/sensor_msgs/local/lib/python3.10/dist-packages:/home/cairlab/Documents/GitHub/saga_repo/install/geometry_msgs/local/lib/python3.10/dist-packages:/home/cairlab/Documents/GitHub/saga_repo/install/std_msgs/local/lib/python3.10/dist-packages:${PYTHONPATH} /usr/bin/cmake --install /home/cairlab/Documents/GitHub/saga_repo/build/rasberry_gazebo
[6.683s] -- Install configuration: ""
[6.683s] -- Installing: /home/cairlab/Documents/GitHub/saga_repo/install/rasberry_gazebo/lib/rasberry_gazebo/move_base_seq.py
[6.683s] -- Installing: /home/cairlab/Documents/GitHub/saga_repo/install/rasberry_gazebo/share/rasberry_gazebo/launch
[6.683s] -- Installing: /home/cairlab/Documents/GitHub/saga_repo/install/rasberry_gazebo/share/rasberry_gazebo/launch/world.launch
[6.683s] -- Installing: /home/cairlab/Documents/GitHub/saga_repo/install/rasberry_gazebo/share/rasberry_gazebo/worlds
[6.684s] -- Installing: /home/cairlab/Documents/GitHub/saga_repo/install/rasberry_gazebo/share/rasberry_gazebo/worlds/empty_grass.world
[6.684s] -- Installing: /home/cairlab/Documents/GitHub/saga_repo/install/rasberry_gazebo/share/ament_index/resource_index/package_run_dependencies/rasberry_gazebo
[6.684s] -- Installing: /home/cairlab/Documents/GitHub/saga_repo/install/rasberry_gazebo/share/ament_index/resource_index/parent_prefix_path/rasberry_gazebo
[6.684s] -- Installing: /home/cairlab/Documents/GitHub/saga_repo/install/rasberry_gazebo/share/rasberry_gazebo/environment/ament_prefix_path.sh
[6.684s] -- Installing: /home/cairlab/Documents/GitHub/saga_repo/install/rasberry_gazebo/share/rasberry_gazebo/environment/ament_prefix_path.dsv
[6.685s] -- Installing: /home/cairlab/Documents/GitHub/saga_repo/install/rasberry_gazebo/share/rasberry_gazebo/environment/path.sh
[6.685s] -- Installing: /home/cairlab/Documents/GitHub/saga_repo/install/rasberry_gazebo/share/rasberry_gazebo/environment/path.dsv
[6.685s] -- Installing: /home/cairlab/Documents/GitHub/saga_repo/install/rasberry_gazebo/share/rasberry_gazebo/local_setup.bash
[6.685s] -- Installing: /home/cairlab/Documents/GitHub/saga_repo/install/rasberry_gazebo/share/rasberry_gazebo/local_setup.sh
[6.685s] -- Installing: /home/cairlab/Documents/GitHub/saga_repo/install/rasberry_gazebo/share/rasberry_gazebo/local_setup.zsh
[6.685s] -- Installing: /home/cairlab/Documents/GitHub/saga_repo/install/rasberry_gazebo/share/rasberry_gazebo/local_setup.dsv
[6.686s] -- Installing: /home/cairlab/Documents/GitHub/saga_repo/install/rasberry_gazebo/share/rasberry_gazebo/package.dsv
[6.686s] -- Installing: /home/cairlab/Documents/GitHub/saga_repo/install/rasberry_gazebo/share/ament_index/resource_index/packages/rasberry_gazebo
[6.686s] -- Installing: /home/cairlab/Documents/GitHub/saga_repo/install/rasberry_gazebo/share/rasberry_gazebo/cmake/rasberry_gazeboConfig.cmake
[6.686s] -- Installing: /home/cairlab/Documents/GitHub/saga_repo/install/rasberry_gazebo/share/rasberry_gazebo/cmake/rasberry_gazeboConfig-version.cmake
[6.686s] -- Installing: /home/cairlab/Documents/GitHub/saga_repo/install/rasberry_gazebo/share/rasberry_gazebo/package.xml
[6.694s] Invoked command in '/home/cairlab/Documents/GitHub/saga_repo/build/rasberry_gazebo' returned '0': AMENT_PREFIX_PATH=/home/cairlab/Documents/GitHub/saga_repo/install/trajectory_msgs:/home/cairlab/Documents/GitHub/saga_repo/install/sensor_msgs:/home/cairlab/Documents/GitHub/saga_repo/install/geometry_msgs:/home/cairlab/Documents/GitHub/saga_repo/install/std_msgs:${AMENT_PREFIX_PATH} CMAKE_PREFIX_PATH=/home/cairlab/Documents/GitHub/saga_repo/install/trajectory_msgs:/home/cairlab/Documents/GitHub/saga_repo/install/sensor_msgs:/home/cairlab/Documents/GitHub/saga_repo/install/geometry_msgs:/home/cairlab/Documents/GitHub/saga_repo/install/std_msgs:/opt/ros/humble LD_LIBRARY_PATH=/home/cairlab/Documents/GitHub/saga_repo/install/trajectory_msgs/lib:/home/cairlab/Documents/GitHub/saga_repo/install/sensor_msgs/lib:/home/cairlab/Documents/GitHub/saga_repo/install/geometry_msgs/lib:/home/cairlab/Documents/GitHub/saga_repo/install/std_msgs/lib:${LD_LIBRARY_PATH} PYTHONPATH=/home/cairlab/Documents/GitHub/saga_repo/install/trajectory_msgs/local/lib/python3.10/dist-packages:/home/cairlab/Documents/GitHub/saga_repo/install/sensor_msgs/local/lib/python3.10/dist-packages:/home/cairlab/Documents/GitHub/saga_repo/install/geometry_msgs/local/lib/python3.10/dist-packages:/home/cairlab/Documents/GitHub/saga_repo/install/std_msgs/local/lib/python3.10/dist-packages:${PYTHONPATH} /usr/bin/cmake --install /home/cairlab/Documents/GitHub/saga_repo/build/rasberry_gazebo
