[0.776s] DEBUG:colcon:Command line arguments: ['/usr/bin/colcon', 'build']
[0.776s] DEBUG:colcon:Parsed command line arguments: Namespace(log_base=None, log_level=None, verb_name='build', build_base='build', install_base='install', merge_install=False, symlink_install=False, test_result_base=None, continue_on_error=False, executor='parallel', parallel_workers=8, event_handlers=None, ignore_user_meta=False, metas=['./colcon.meta'], base_paths=['.'], packages_ignore=None, packages_ignore_regex=None, paths=None, packages_up_to=None, packages_up_to_regex=None, packages_above=None, packages_above_and_dependencies=None, packages_above_depth=None, packages_select_by_dep=None, packages_skip_by_dep=None, packages_skip_up_to=None, packages_select_build_failed=False, packages_skip_build_finished=False, packages_select_test_failures=False, packages_skip_test_passed=False, packages_select=None, packages_skip=None, packages_select_regex=None, packages_skip_regex=None, packages_start=None, packages_end=None, allow_overriding=[], cmake_args=None, cmake_target=None, cmake_target_skip_unavailable=False, cmake_clean_cache=False, cmake_clean_first=False, cmake_force_configure=False, ament_cmake_args=None, catkin_cmake_args=None, catkin_skip_building_tests=False, verb_parser=<colcon_defaults.argument_parser.defaults.DefaultArgumentsDecorator object at 0x7f551c07c4c0>, verb_extension=<colcon_core.verb.build.BuildVerb object at 0x7f551c499000>, main=<bound method BuildVerb.main of <colcon_core.verb.build.BuildVerb object at 0x7f551c499000>>)
[0.821s] Level 1:colcon.colcon_core.package_discovery:discover_packages(colcon_meta) check parameters
[0.821s] Level 1:colcon.colcon_core.package_discovery:discover_packages(recursive) check parameters
[0.821s] Level 1:colcon.colcon_core.package_discovery:discover_packages(ignore) check parameters
[0.821s] Level 1:colcon.colcon_core.package_discovery:discover_packages(path) check parameters
[0.821s] Level 1:colcon.colcon_core.package_discovery:discover_packages(colcon_meta) discover
[0.821s] Level 1:colcon.colcon_core.package_discovery:discover_packages(recursive) discover
[0.821s] INFO:colcon.colcon_core.package_discovery:Crawling recursively for packages in '/home/loki/Documents/GitHub/saga_repo'
[0.821s] Level 1:colcon.colcon_core.package_identification:_identify(.) by extensions ['ignore', 'ignore_ament_install']
[0.821s] Level 1:colcon.colcon_core.package_identification:_identify(.) by extension 'ignore'
[0.821s] Level 1:colcon.colcon_core.package_identification:_identify(.) by extension 'ignore_ament_install'
[0.821s] Level 1:colcon.colcon_core.package_identification:_identify(.) by extensions ['colcon_pkg']
[0.821s] Level 1:colcon.colcon_core.package_identification:_identify(.) by extension 'colcon_pkg'
[0.821s] Level 1:colcon.colcon_core.package_identification:_identify(.) by extensions ['colcon_meta']
[0.821s] Level 1:colcon.colcon_core.package_identification:_identify(.) by extension 'colcon_meta'
[0.821s] Level 1:colcon.colcon_core.package_identification:_identify(.) by extensions ['ros']
[0.821s] Level 1:colcon.colcon_core.package_identification:_identify(.) by extension 'ros'
[0.830s] Level 1:colcon.colcon_core.package_identification:_identify(.) by extensions ['cmake', 'python']
[0.830s] Level 1:colcon.colcon_core.package_identification:_identify(.) by extension 'cmake'
[0.830s] Level 1:colcon.colcon_core.package_identification:_identify(.) by extension 'python'
[0.830s] Level 1:colcon.colcon_core.package_identification:_identify(.) by extensions ['python_setup_py']
[0.830s] Level 1:colcon.colcon_core.package_identification:_identify(.) by extension 'python_setup_py'
[0.830s] Level 1:colcon.colcon_core.package_identification:_identify(build) by extensions ['ignore', 'ignore_ament_install']
[0.830s] Level 1:colcon.colcon_core.package_identification:_identify(build) by extension 'ignore'
[0.830s] Level 1:colcon.colcon_core.package_identification:_identify(build) ignored
[0.830s] Level 1:colcon.colcon_core.package_identification:_identify(install) by extensions ['ignore', 'ignore_ament_install']
[0.830s] Level 1:colcon.colcon_core.package_identification:_identify(install) by extension 'ignore'
[0.830s] Level 1:colcon.colcon_core.package_identification:_identify(install) ignored
[0.831s] Level 1:colcon.colcon_core.package_identification:_identify(log) by extensions ['ignore', 'ignore_ament_install']
[0.831s] Level 1:colcon.colcon_core.package_identification:_identify(log) by extension 'ignore'
[0.831s] Level 1:colcon.colcon_core.package_identification:_identify(log) ignored
[0.831s] Level 1:colcon.colcon_core.package_identification:_identify(ros2_thor) by extensions ['ignore', 'ignore_ament_install']
[0.831s] Level 1:colcon.colcon_core.package_identification:_identify(ros2_thor) by extension 'ignore'
[0.831s] Level 1:colcon.colcon_core.package_identification:_identify(ros2_thor) by extension 'ignore_ament_install'
[0.831s] Level 1:colcon.colcon_core.package_identification:_identify(ros2_thor) by extensions ['colcon_pkg']
[0.831s] Level 1:colcon.colcon_core.package_identification:_identify(ros2_thor) by extension 'colcon_pkg'
[0.831s] Level 1:colcon.colcon_core.package_identification:_identify(ros2_thor) by extensions ['colcon_meta']
[0.831s] Level 1:colcon.colcon_core.package_identification:_identify(ros2_thor) by extension 'colcon_meta'
[0.831s] Level 1:colcon.colcon_core.package_identification:_identify(ros2_thor) by extensions ['ros']
[0.831s] Level 1:colcon.colcon_core.package_identification:_identify(ros2_thor) by extension 'ros'
[0.831s] Level 1:colcon.colcon_core.package_identification:_identify(ros2_thor) by extensions ['cmake', 'python']
[0.831s] Level 1:colcon.colcon_core.package_identification:_identify(ros2_thor) by extension 'cmake'
[0.831s] Level 1:colcon.colcon_core.package_identification:_identify(ros2_thor) by extension 'python'
[0.831s] Level 1:colcon.colcon_core.package_identification:_identify(ros2_thor) by extensions ['python_setup_py']
[0.831s] Level 1:colcon.colcon_core.package_identification:_identify(ros2_thor) by extension 'python_setup_py'
[0.831s] Level 1:colcon.colcon_core.package_identification:_identify(ros2_thor/src) by extensions ['ignore', 'ignore_ament_install']
[0.831s] Level 1:colcon.colcon_core.package_identification:_identify(ros2_thor/src) by extension 'ignore'
[0.831s] Level 1:colcon.colcon_core.package_identification:_identify(ros2_thor/src) by extension 'ignore_ament_install'
[0.831s] Level 1:colcon.colcon_core.package_identification:_identify(ros2_thor/src) by extensions ['colcon_pkg']
[0.831s] Level 1:colcon.colcon_core.package_identification:_identify(ros2_thor/src) by extension 'colcon_pkg'
[0.831s] Level 1:colcon.colcon_core.package_identification:_identify(ros2_thor/src) by extensions ['colcon_meta']
[0.831s] Level 1:colcon.colcon_core.package_identification:_identify(ros2_thor/src) by extension 'colcon_meta'
[0.831s] Level 1:colcon.colcon_core.package_identification:_identify(ros2_thor/src) by extensions ['ros']
[0.831s] Level 1:colcon.colcon_core.package_identification:_identify(ros2_thor/src) by extension 'ros'
[0.831s] Level 1:colcon.colcon_core.package_identification:_identify(ros2_thor/src) by extensions ['cmake', 'python']
[0.831s] Level 1:colcon.colcon_core.package_identification:_identify(ros2_thor/src) by extension 'cmake'
[0.831s] Level 1:colcon.colcon_core.package_identification:_identify(ros2_thor/src) by extension 'python'
[0.831s] Level 1:colcon.colcon_core.package_identification:_identify(ros2_thor/src) by extensions ['python_setup_py']
[0.832s] Level 1:colcon.colcon_core.package_identification:_identify(ros2_thor/src) by extension 'python_setup_py'
[0.832s] Level 1:colcon.colcon_core.package_identification:_identify(ros2_thor/src/loki) by extensions ['ignore', 'ignore_ament_install']
[0.832s] Level 1:colcon.colcon_core.package_identification:_identify(ros2_thor/src/loki) by extension 'ignore'
[0.832s] Level 1:colcon.colcon_core.package_identification:_identify(ros2_thor/src/loki) by extension 'ignore_ament_install'
[0.832s] Level 1:colcon.colcon_core.package_identification:_identify(ros2_thor/src/loki) by extensions ['colcon_pkg']
[0.832s] Level 1:colcon.colcon_core.package_identification:_identify(ros2_thor/src/loki) by extension 'colcon_pkg'
[0.832s] Level 1:colcon.colcon_core.package_identification:_identify(ros2_thor/src/loki) by extensions ['colcon_meta']
[0.832s] Level 1:colcon.colcon_core.package_identification:_identify(ros2_thor/src/loki) by extension 'colcon_meta'
[0.832s] Level 1:colcon.colcon_core.package_identification:_identify(ros2_thor/src/loki) by extensions ['ros']
[0.832s] Level 1:colcon.colcon_core.package_identification:_identify(ros2_thor/src/loki) by extension 'ros'
[0.832s] Level 1:colcon.colcon_core.package_identification:_identify(ros2_thor/src/loki) by extensions ['cmake', 'python']
[0.832s] Level 1:colcon.colcon_core.package_identification:_identify(ros2_thor/src/loki) by extension 'cmake'
[0.832s] Level 1:colcon.colcon_core.package_identification:_identify(ros2_thor/src/loki) by extension 'python'
[0.832s] Level 1:colcon.colcon_core.package_identification:_identify(ros2_thor/src/loki) by extensions ['python_setup_py']
[0.832s] Level 1:colcon.colcon_core.package_identification:_identify(ros2_thor/src/loki) by extension 'python_setup_py'
[0.832s] Level 1:colcon.colcon_core.package_identification:_identify(ros2_thor/src/loki/loki_base) by extensions ['ignore', 'ignore_ament_install']
[0.832s] Level 1:colcon.colcon_core.package_identification:_identify(ros2_thor/src/loki/loki_base) by extension 'ignore'
[0.832s] Level 1:colcon.colcon_core.package_identification:_identify(ros2_thor/src/loki/loki_base) by extension 'ignore_ament_install'
[0.832s] Level 1:colcon.colcon_core.package_identification:_identify(ros2_thor/src/loki/loki_base) by extensions ['colcon_pkg']
[0.832s] Level 1:colcon.colcon_core.package_identification:_identify(ros2_thor/src/loki/loki_base) by extension 'colcon_pkg'
[0.832s] Level 1:colcon.colcon_core.package_identification:_identify(ros2_thor/src/loki/loki_base) by extensions ['colcon_meta']
[0.832s] Level 1:colcon.colcon_core.package_identification:_identify(ros2_thor/src/loki/loki_base) by extension 'colcon_meta'
[0.832s] Level 1:colcon.colcon_core.package_identification:_identify(ros2_thor/src/loki/loki_base) by extensions ['ros']
[0.832s] Level 1:colcon.colcon_core.package_identification:_identify(ros2_thor/src/loki/loki_base) by extension 'ros'
[0.836s] DEBUG:colcon.colcon_core.package_identification:Package 'ros2_thor/src/loki/loki_base' with type 'ros.ament_python' and name 'loki_base'
[0.836s] Level 1:colcon.colcon_core.package_identification:_identify(ros2_thor/src/loki/loki_bringup) by extensions ['ignore', 'ignore_ament_install']
[0.836s] Level 1:colcon.colcon_core.package_identification:_identify(ros2_thor/src/loki/loki_bringup) by extension 'ignore'
[0.836s] Level 1:colcon.colcon_core.package_identification:_identify(ros2_thor/src/loki/loki_bringup) by extension 'ignore_ament_install'
[0.836s] Level 1:colcon.colcon_core.package_identification:_identify(ros2_thor/src/loki/loki_bringup) by extensions ['colcon_pkg']
[0.836s] Level 1:colcon.colcon_core.package_identification:_identify(ros2_thor/src/loki/loki_bringup) by extension 'colcon_pkg'
[0.836s] Level 1:colcon.colcon_core.package_identification:_identify(ros2_thor/src/loki/loki_bringup) by extensions ['colcon_meta']
[0.836s] Level 1:colcon.colcon_core.package_identification:_identify(ros2_thor/src/loki/loki_bringup) by extension 'colcon_meta'
[0.836s] Level 1:colcon.colcon_core.package_identification:_identify(ros2_thor/src/loki/loki_bringup) by extensions ['ros']
[0.836s] Level 1:colcon.colcon_core.package_identification:_identify(ros2_thor/src/loki/loki_bringup) by extension 'ros'
[0.837s] DEBUG:colcon.colcon_core.package_identification:Package 'ros2_thor/src/loki/loki_bringup' with type 'ros.ament_cmake' and name 'loki_bringup'
[0.837s] Level 1:colcon.colcon_core.package_identification:_identify(ros2_thor/src/loki/loki_can_devices) by extensions ['ignore', 'ignore_ament_install']
[0.837s] Level 1:colcon.colcon_core.package_identification:_identify(ros2_thor/src/loki/loki_can_devices) by extension 'ignore'
[0.837s] Level 1:colcon.colcon_core.package_identification:_identify(ros2_thor/src/loki/loki_can_devices) by extension 'ignore_ament_install'
[0.837s] Level 1:colcon.colcon_core.package_identification:_identify(ros2_thor/src/loki/loki_can_devices) by extensions ['colcon_pkg']
[0.837s] Level 1:colcon.colcon_core.package_identification:_identify(ros2_thor/src/loki/loki_can_devices) by extension 'colcon_pkg'
[0.837s] Level 1:colcon.colcon_core.package_identification:_identify(ros2_thor/src/loki/loki_can_devices) by extensions ['colcon_meta']
[0.837s] Level 1:colcon.colcon_core.package_identification:_identify(ros2_thor/src/loki/loki_can_devices) by extension 'colcon_meta'
[0.837s] Level 1:colcon.colcon_core.package_identification:_identify(ros2_thor/src/loki/loki_can_devices) by extensions ['ros']
[0.837s] Level 1:colcon.colcon_core.package_identification:_identify(ros2_thor/src/loki/loki_can_devices) by extension 'ros'
[0.838s] DEBUG:colcon.colcon_core.package_identification:Package 'ros2_thor/src/loki/loki_can_devices' with type 'ros.ament_cmake' and name 'loki_can_devices'
[0.838s] Level 1:colcon.colcon_core.package_identification:_identify(ros2_thor/src/loki/loki_description) by extensions ['ignore', 'ignore_ament_install']
[0.838s] Level 1:colcon.colcon_core.package_identification:_identify(ros2_thor/src/loki/loki_description) by extension 'ignore'
[0.838s] Level 1:colcon.colcon_core.package_identification:_identify(ros2_thor/src/loki/loki_description) by extension 'ignore_ament_install'
[0.838s] Level 1:colcon.colcon_core.package_identification:_identify(ros2_thor/src/loki/loki_description) by extensions ['colcon_pkg']
[0.838s] Level 1:colcon.colcon_core.package_identification:_identify(ros2_thor/src/loki/loki_description) by extension 'colcon_pkg'
[0.838s] Level 1:colcon.colcon_core.package_identification:_identify(ros2_thor/src/loki/loki_description) by extensions ['colcon_meta']
[0.838s] Level 1:colcon.colcon_core.package_identification:_identify(ros2_thor/src/loki/loki_description) by extension 'colcon_meta'
[0.838s] Level 1:colcon.colcon_core.package_identification:_identify(ros2_thor/src/loki/loki_description) by extensions ['ros']
[0.838s] Level 1:colcon.colcon_core.package_identification:_identify(ros2_thor/src/loki/loki_description) by extension 'ros'
[0.839s] DEBUG:colcon.colcon_core.package_identification:Package 'ros2_thor/src/loki/loki_description' with type 'ros.ament_cmake' and name 'loki_description'
[0.839s] Level 1:colcon.colcon_core.package_identification:_identify(ros2_thor/src/loki/loki_msgs) by extensions ['ignore', 'ignore_ament_install']
[0.839s] Level 1:colcon.colcon_core.package_identification:_identify(ros2_thor/src/loki/loki_msgs) by extension 'ignore'
[0.839s] Level 1:colcon.colcon_core.package_identification:_identify(ros2_thor/src/loki/loki_msgs) by extension 'ignore_ament_install'
[0.839s] Level 1:colcon.colcon_core.package_identification:_identify(ros2_thor/src/loki/loki_msgs) by extensions ['colcon_pkg']
[0.839s] Level 1:colcon.colcon_core.package_identification:_identify(ros2_thor/src/loki/loki_msgs) by extension 'colcon_pkg'
[0.839s] Level 1:colcon.colcon_core.package_identification:_identify(ros2_thor/src/loki/loki_msgs) by extensions ['colcon_meta']
[0.839s] Level 1:colcon.colcon_core.package_identification:_identify(ros2_thor/src/loki/loki_msgs) by extension 'colcon_meta'
[0.839s] Level 1:colcon.colcon_core.package_identification:_identify(ros2_thor/src/loki/loki_msgs) by extensions ['ros']
[0.839s] Level 1:colcon.colcon_core.package_identification:_identify(ros2_thor/src/loki/loki_msgs) by extension 'ros'
[0.840s] DEBUG:colcon.colcon_core.package_identification:Package 'ros2_thor/src/loki/loki_msgs' with type 'ros.ament_cmake' and name 'loki_msgs'
[0.840s] Level 1:colcon.colcon_core.package_identification:_identify(ros2_thor/src/loki/loki_simulator) by extensions ['ignore', 'ignore_ament_install']
[0.840s] Level 1:colcon.colcon_core.package_identification:_identify(ros2_thor/src/loki/loki_simulator) by extension 'ignore'
[0.840s] Level 1:colcon.colcon_core.package_identification:_identify(ros2_thor/src/loki/loki_simulator) by extension 'ignore_ament_install'
[0.840s] Level 1:colcon.colcon_core.package_identification:_identify(ros2_thor/src/loki/loki_simulator) by extensions ['colcon_pkg']
[0.840s] Level 1:colcon.colcon_core.package_identification:_identify(ros2_thor/src/loki/loki_simulator) by extension 'colcon_pkg'
[0.840s] Level 1:colcon.colcon_core.package_identification:_identify(ros2_thor/src/loki/loki_simulator) by extensions ['colcon_meta']
[0.840s] Level 1:colcon.colcon_core.package_identification:_identify(ros2_thor/src/loki/loki_simulator) by extension 'colcon_meta'
[0.840s] Level 1:colcon.colcon_core.package_identification:_identify(ros2_thor/src/loki/loki_simulator) by extensions ['ros']
[0.840s] Level 1:colcon.colcon_core.package_identification:_identify(ros2_thor/src/loki/loki_simulator) by extension 'ros'
[0.841s] DEBUG:colcon.colcon_core.package_identification:Package 'ros2_thor/src/loki/loki_simulator' with type 'ros.ament_cmake' and name 'loki_simulator'
[0.841s] Level 1:colcon.colcon_core.package_identification:_identify(ros2_thor/src/loki/loki_teleop) by extensions ['ignore', 'ignore_ament_install']
[0.841s] Level 1:colcon.colcon_core.package_identification:_identify(ros2_thor/src/loki/loki_teleop) by extension 'ignore'
[0.841s] Level 1:colcon.colcon_core.package_identification:_identify(ros2_thor/src/loki/loki_teleop) by extension 'ignore_ament_install'
[0.841s] Level 1:colcon.colcon_core.package_identification:_identify(ros2_thor/src/loki/loki_teleop) by extensions ['colcon_pkg']
[0.841s] Level 1:colcon.colcon_core.package_identification:_identify(ros2_thor/src/loki/loki_teleop) by extension 'colcon_pkg'
[0.841s] Level 1:colcon.colcon_core.package_identification:_identify(ros2_thor/src/loki/loki_teleop) by extensions ['colcon_meta']
[0.841s] Level 1:colcon.colcon_core.package_identification:_identify(ros2_thor/src/loki/loki_teleop) by extension 'colcon_meta'
[0.841s] Level 1:colcon.colcon_core.package_identification:_identify(ros2_thor/src/loki/loki_teleop) by extensions ['ros']
[0.841s] Level 1:colcon.colcon_core.package_identification:_identify(ros2_thor/src/loki/loki_teleop) by extension 'ros'
[0.841s] DEBUG:colcon.colcon_core.package_identification:Package 'ros2_thor/src/loki/loki_teleop' with type 'ros.ament_python' and name 'loki_teleop'
[0.842s] Level 1:colcon.colcon_core.package_identification:_identify(ros2_thor/src/loki/loki_twist_mux) by extensions ['ignore', 'ignore_ament_install']
[0.842s] Level 1:colcon.colcon_core.package_identification:_identify(ros2_thor/src/loki/loki_twist_mux) by extension 'ignore'
[0.842s] Level 1:colcon.colcon_core.package_identification:_identify(ros2_thor/src/loki/loki_twist_mux) by extension 'ignore_ament_install'
[0.842s] Level 1:colcon.colcon_core.package_identification:_identify(ros2_thor/src/loki/loki_twist_mux) by extensions ['colcon_pkg']
[0.842s] Level 1:colcon.colcon_core.package_identification:_identify(ros2_thor/src/loki/loki_twist_mux) by extension 'colcon_pkg'
[0.842s] Level 1:colcon.colcon_core.package_identification:_identify(ros2_thor/src/loki/loki_twist_mux) by extensions ['colcon_meta']
[0.842s] Level 1:colcon.colcon_core.package_identification:_identify(ros2_thor/src/loki/loki_twist_mux) by extension 'colcon_meta'
[0.842s] Level 1:colcon.colcon_core.package_identification:_identify(ros2_thor/src/loki/loki_twist_mux) by extensions ['ros']
[0.842s] Level 1:colcon.colcon_core.package_identification:_identify(ros2_thor/src/loki/loki_twist_mux) by extension 'ros'
[0.842s] DEBUG:colcon.colcon_core.package_identification:Package 'ros2_thor/src/loki/loki_twist_mux' with type 'ros.ament_cmake' and name 'loki_twist_mux'
[0.842s] Level 1:colcon.colcon_core.package_identification:_identify(ros2_thor/src/loki/rasberry_gazebo) by extensions ['ignore', 'ignore_ament_install']
[0.842s] Level 1:colcon.colcon_core.package_identification:_identify(ros2_thor/src/loki/rasberry_gazebo) by extension 'ignore'
[0.842s] Level 1:colcon.colcon_core.package_identification:_identify(ros2_thor/src/loki/rasberry_gazebo) by extension 'ignore_ament_install'
[0.842s] Level 1:colcon.colcon_core.package_identification:_identify(ros2_thor/src/loki/rasberry_gazebo) by extensions ['colcon_pkg']
[0.843s] Level 1:colcon.colcon_core.package_identification:_identify(ros2_thor/src/loki/rasberry_gazebo) by extension 'colcon_pkg'
[0.843s] Level 1:colcon.colcon_core.package_identification:_identify(ros2_thor/src/loki/rasberry_gazebo) by extensions ['colcon_meta']
[0.843s] Level 1:colcon.colcon_core.package_identification:_identify(ros2_thor/src/loki/rasberry_gazebo) by extension 'colcon_meta'
[0.843s] Level 1:colcon.colcon_core.package_identification:_identify(ros2_thor/src/loki/rasberry_gazebo) by extensions ['ros']
[0.843s] Level 1:colcon.colcon_core.package_identification:_identify(ros2_thor/src/loki/rasberry_gazebo) by extension 'ros'
[0.843s] DEBUG:colcon.colcon_core.package_identification:Package 'ros2_thor/src/loki/rasberry_gazebo' with type 'ros.ament_cmake' and name 'rasberry_gazebo'
[0.844s] Level 1:colcon.colcon_core.package_identification:_identify(ros2_thor/src/loki/robot_bringup) by extensions ['ignore', 'ignore_ament_install']
[0.844s] Level 1:colcon.colcon_core.package_identification:_identify(ros2_thor/src/loki/robot_bringup) by extension 'ignore'
[0.844s] Level 1:colcon.colcon_core.package_identification:_identify(ros2_thor/src/loki/robot_bringup) by extension 'ignore_ament_install'
[0.844s] Level 1:colcon.colcon_core.package_identification:_identify(ros2_thor/src/loki/robot_bringup) by extensions ['colcon_pkg']
[0.844s] Level 1:colcon.colcon_core.package_identification:_identify(ros2_thor/src/loki/robot_bringup) by extension 'colcon_pkg'
[0.844s] Level 1:colcon.colcon_core.package_identification:_identify(ros2_thor/src/loki/robot_bringup) by extensions ['colcon_meta']
[0.844s] Level 1:colcon.colcon_core.package_identification:_identify(ros2_thor/src/loki/robot_bringup) by extension 'colcon_meta'
[0.844s] Level 1:colcon.colcon_core.package_identification:_identify(ros2_thor/src/loki/robot_bringup) by extensions ['ros']
[0.844s] Level 1:colcon.colcon_core.package_identification:_identify(ros2_thor/src/loki/robot_bringup) by extension 'ros'
[0.844s] DEBUG:colcon.colcon_core.package_identification:Package 'ros2_thor/src/loki/robot_bringup' with type 'ros.ament_cmake' and name 'robot_bringup'
[0.844s] Level 1:colcon.colcon_core.package_discovery:discover_packages(recursive) using defaults
[0.844s] Level 1:colcon.colcon_core.package_discovery:discover_packages(ignore) discover
[0.844s] Level 1:colcon.colcon_core.package_discovery:discover_packages(ignore) using defaults
[0.844s] Level 1:colcon.colcon_core.package_discovery:discover_packages(path) discover
[0.844s] Level 1:colcon.colcon_core.package_discovery:discover_packages(path) using defaults
[0.910s] Level 1:colcon.colcon_core.package_discovery:discover_packages(prefix_path) check parameters
[0.910s] Level 1:colcon.colcon_core.package_discovery:discover_packages(prefix_path) discover
[0.930s] DEBUG:colcon.colcon_installed_package_information.package_discovery:Found 333 installed packages in /opt/ros/humble
[0.931s] Level 1:colcon.colcon_core.package_discovery:discover_packages(prefix_path) using defaults
[0.995s] Level 5:colcon.colcon_core.verb:set package 'loki_description' build argument 'cmake_args' from command line to 'None'
[0.995s] Level 5:colcon.colcon_core.verb:set package 'loki_description' build argument 'cmake_target' from command line to 'None'
[0.995s] Level 5:colcon.colcon_core.verb:set package 'loki_description' build argument 'cmake_target_skip_unavailable' from command line to 'False'
[0.995s] Level 5:colcon.colcon_core.verb:set package 'loki_description' build argument 'cmake_clean_cache' from command line to 'False'
[0.995s] Level 5:colcon.colcon_core.verb:set package 'loki_description' build argument 'cmake_clean_first' from command line to 'False'
[0.995s] Level 5:colcon.colcon_core.verb:set package 'loki_description' build argument 'cmake_force_configure' from command line to 'False'
[0.995s] Level 5:colcon.colcon_core.verb:set package 'loki_description' build argument 'ament_cmake_args' from command line to 'None'
[0.995s] Level 5:colcon.colcon_core.verb:set package 'loki_description' build argument 'catkin_cmake_args' from command line to 'None'
[0.995s] Level 5:colcon.colcon_core.verb:set package 'loki_description' build argument 'catkin_skip_building_tests' from command line to 'False'
[0.995s] DEBUG:colcon.colcon_core.verb:Building package 'loki_description' with the following arguments: {'ament_cmake_args': None, 'build_base': '/home/loki/Documents/GitHub/saga_repo/build/loki_description', 'catkin_cmake_args': None, 'catkin_skip_building_tests': False, 'cmake_args': None, 'cmake_clean_cache': False, 'cmake_clean_first': False, 'cmake_force_configure': False, 'cmake_target': None, 'cmake_target_skip_unavailable': False, 'install_base': '/home/loki/Documents/GitHub/saga_repo/install/loki_description', 'merge_install': False, 'path': '/home/loki/Documents/GitHub/saga_repo/ros2_thor/src/loki/loki_description', 'symlink_install': False, 'test_result_base': None}
[1.004s] Level 5:colcon.colcon_core.verb:set package 'loki_teleop' build argument 'cmake_args' from command line to 'None'
[1.004s] Level 5:colcon.colcon_core.verb:set package 'loki_teleop' build argument 'cmake_target' from command line to 'None'
[1.004s] Level 5:colcon.colcon_core.verb:set package 'loki_teleop' build argument 'cmake_target_skip_unavailable' from command line to 'False'
[1.004s] Level 5:colcon.colcon_core.verb:set package 'loki_teleop' build argument 'cmake_clean_cache' from command line to 'False'
[1.004s] Level 5:colcon.colcon_core.verb:set package 'loki_teleop' build argument 'cmake_clean_first' from command line to 'False'
[1.004s] Level 5:colcon.colcon_core.verb:set package 'loki_teleop' build argument 'cmake_force_configure' from command line to 'False'
[1.004s] Level 5:colcon.colcon_core.verb:set package 'loki_teleop' build argument 'ament_cmake_args' from command line to 'None'
[1.004s] Level 5:colcon.colcon_core.verb:set package 'loki_teleop' build argument 'catkin_cmake_args' from command line to 'None'
[1.004s] Level 5:colcon.colcon_core.verb:set package 'loki_teleop' build argument 'catkin_skip_building_tests' from command line to 'False'
[1.004s] DEBUG:colcon.colcon_core.verb:Building package 'loki_teleop' with the following arguments: {'ament_cmake_args': None, 'build_base': '/home/loki/Documents/GitHub/saga_repo/build/loki_teleop', 'catkin_cmake_args': None, 'catkin_skip_building_tests': False, 'cmake_args': None, 'cmake_clean_cache': False, 'cmake_clean_first': False, 'cmake_force_configure': False, 'cmake_target': None, 'cmake_target_skip_unavailable': False, 'install_base': '/home/loki/Documents/GitHub/saga_repo/install/loki_teleop', 'merge_install': False, 'path': '/home/loki/Documents/GitHub/saga_repo/ros2_thor/src/loki/loki_teleop', 'symlink_install': False, 'test_result_base': None}
[1.013s] Level 5:colcon.colcon_core.verb:set package 'loki_twist_mux' build argument 'cmake_args' from command line to 'None'
[1.013s] Level 5:colcon.colcon_core.verb:set package 'loki_twist_mux' build argument 'cmake_target' from command line to 'None'
[1.013s] Level 5:colcon.colcon_core.verb:set package 'loki_twist_mux' build argument 'cmake_target_skip_unavailable' from command line to 'False'
[1.013s] Level 5:colcon.colcon_core.verb:set package 'loki_twist_mux' build argument 'cmake_clean_cache' from command line to 'False'
[1.013s] Level 5:colcon.colcon_core.verb:set package 'loki_twist_mux' build argument 'cmake_clean_first' from command line to 'False'
[1.013s] Level 5:colcon.colcon_core.verb:set package 'loki_twist_mux' build argument 'cmake_force_configure' from command line to 'False'
[1.013s] Level 5:colcon.colcon_core.verb:set package 'loki_twist_mux' build argument 'ament_cmake_args' from command line to 'None'
[1.013s] Level 5:colcon.colcon_core.verb:set package 'loki_twist_mux' build argument 'catkin_cmake_args' from command line to 'None'
[1.013s] Level 5:colcon.colcon_core.verb:set package 'loki_twist_mux' build argument 'catkin_skip_building_tests' from command line to 'False'
[1.013s] DEBUG:colcon.colcon_core.verb:Building package 'loki_twist_mux' with the following arguments: {'ament_cmake_args': None, 'build_base': '/home/loki/Documents/GitHub/saga_repo/build/loki_twist_mux', 'catkin_cmake_args': None, 'catkin_skip_building_tests': False, 'cmake_args': None, 'cmake_clean_cache': False, 'cmake_clean_first': False, 'cmake_force_configure': False, 'cmake_target': None, 'cmake_target_skip_unavailable': False, 'install_base': '/home/loki/Documents/GitHub/saga_repo/install/loki_twist_mux', 'merge_install': False, 'path': '/home/loki/Documents/GitHub/saga_repo/ros2_thor/src/loki/loki_twist_mux', 'symlink_install': False, 'test_result_base': None}
[1.022s] Level 5:colcon.colcon_core.verb:set package 'rasberry_gazebo' build argument 'cmake_args' from command line to 'None'
[1.022s] Level 5:colcon.colcon_core.verb:set package 'rasberry_gazebo' build argument 'cmake_target' from command line to 'None'
[1.022s] Level 5:colcon.colcon_core.verb:set package 'rasberry_gazebo' build argument 'cmake_target_skip_unavailable' from command line to 'False'
[1.022s] Level 5:colcon.colcon_core.verb:set package 'rasberry_gazebo' build argument 'cmake_clean_cache' from command line to 'False'
[1.022s] Level 5:colcon.colcon_core.verb:set package 'rasberry_gazebo' build argument 'cmake_clean_first' from command line to 'False'
[1.022s] Level 5:colcon.colcon_core.verb:set package 'rasberry_gazebo' build argument 'cmake_force_configure' from command line to 'False'
[1.022s] Level 5:colcon.colcon_core.verb:set package 'rasberry_gazebo' build argument 'ament_cmake_args' from command line to 'None'
[1.022s] Level 5:colcon.colcon_core.verb:set package 'rasberry_gazebo' build argument 'catkin_cmake_args' from command line to 'None'
[1.022s] Level 5:colcon.colcon_core.verb:set package 'rasberry_gazebo' build argument 'catkin_skip_building_tests' from command line to 'False'
[1.022s] DEBUG:colcon.colcon_core.verb:Building package 'rasberry_gazebo' with the following arguments: {'ament_cmake_args': None, 'build_base': '/home/loki/Documents/GitHub/saga_repo/build/rasberry_gazebo', 'catkin_cmake_args': None, 'catkin_skip_building_tests': False, 'cmake_args': None, 'cmake_clean_cache': False, 'cmake_clean_first': False, 'cmake_force_configure': False, 'cmake_target': None, 'cmake_target_skip_unavailable': False, 'install_base': '/home/loki/Documents/GitHub/saga_repo/install/rasberry_gazebo', 'merge_install': False, 'path': '/home/loki/Documents/GitHub/saga_repo/ros2_thor/src/loki/rasberry_gazebo', 'symlink_install': False, 'test_result_base': None}
[1.031s] Level 5:colcon.colcon_core.verb:set package 'loki_msgs' build argument 'cmake_args' from command line to 'None'
[1.031s] Level 5:colcon.colcon_core.verb:set package 'loki_msgs' build argument 'cmake_target' from command line to 'None'
[1.031s] Level 5:colcon.colcon_core.verb:set package 'loki_msgs' build argument 'cmake_target_skip_unavailable' from command line to 'False'
[1.031s] Level 5:colcon.colcon_core.verb:set package 'loki_msgs' build argument 'cmake_clean_cache' from command line to 'False'
[1.031s] Level 5:colcon.colcon_core.verb:set package 'loki_msgs' build argument 'cmake_clean_first' from command line to 'False'
[1.031s] Level 5:colcon.colcon_core.verb:set package 'loki_msgs' build argument 'cmake_force_configure' from command line to 'False'
[1.031s] Level 5:colcon.colcon_core.verb:set package 'loki_msgs' build argument 'ament_cmake_args' from command line to 'None'
[1.031s] Level 5:colcon.colcon_core.verb:set package 'loki_msgs' build argument 'catkin_cmake_args' from command line to 'None'
[1.031s] Level 5:colcon.colcon_core.verb:set package 'loki_msgs' build argument 'catkin_skip_building_tests' from command line to 'False'
[1.031s] DEBUG:colcon.colcon_core.verb:Building package 'loki_msgs' with the following arguments: {'ament_cmake_args': None, 'build_base': '/home/loki/Documents/GitHub/saga_repo/build/loki_msgs', 'catkin_cmake_args': None, 'catkin_skip_building_tests': False, 'cmake_args': None, 'cmake_clean_cache': False, 'cmake_clean_first': False, 'cmake_force_configure': False, 'cmake_target': None, 'cmake_target_skip_unavailable': False, 'install_base': '/home/loki/Documents/GitHub/saga_repo/install/loki_msgs', 'merge_install': False, 'path': '/home/loki/Documents/GitHub/saga_repo/ros2_thor/src/loki/loki_msgs', 'symlink_install': False, 'test_result_base': None}
[1.040s] Level 5:colcon.colcon_core.verb:set package 'loki_can_devices' build argument 'cmake_args' from command line to 'None'
[1.040s] Level 5:colcon.colcon_core.verb:set package 'loki_can_devices' build argument 'cmake_target' from command line to 'None'
[1.040s] Level 5:colcon.colcon_core.verb:set package 'loki_can_devices' build argument 'cmake_target_skip_unavailable' from command line to 'False'
[1.040s] Level 5:colcon.colcon_core.verb:set package 'loki_can_devices' build argument 'cmake_clean_cache' from command line to 'False'
[1.040s] Level 5:colcon.colcon_core.verb:set package 'loki_can_devices' build argument 'cmake_clean_first' from command line to 'False'
[1.040s] Level 5:colcon.colcon_core.verb:set package 'loki_can_devices' build argument 'cmake_force_configure' from command line to 'False'
[1.040s] Level 5:colcon.colcon_core.verb:set package 'loki_can_devices' build argument 'ament_cmake_args' from command line to 'None'
[1.040s] Level 5:colcon.colcon_core.verb:set package 'loki_can_devices' build argument 'catkin_cmake_args' from command line to 'None'
[1.040s] Level 5:colcon.colcon_core.verb:set package 'loki_can_devices' build argument 'catkin_skip_building_tests' from command line to 'False'
[1.040s] DEBUG:colcon.colcon_core.verb:Building package 'loki_can_devices' with the following arguments: {'ament_cmake_args': None, 'build_base': '/home/loki/Documents/GitHub/saga_repo/build/loki_can_devices', 'catkin_cmake_args': None, 'catkin_skip_building_tests': False, 'cmake_args': None, 'cmake_clean_cache': False, 'cmake_clean_first': False, 'cmake_force_configure': False, 'cmake_target': None, 'cmake_target_skip_unavailable': False, 'install_base': '/home/loki/Documents/GitHub/saga_repo/install/loki_can_devices', 'merge_install': False, 'path': '/home/loki/Documents/GitHub/saga_repo/ros2_thor/src/loki/loki_can_devices', 'symlink_install': False, 'test_result_base': None}
[1.049s] Level 5:colcon.colcon_core.verb:set package 'loki_base' build argument 'cmake_args' from command line to 'None'
[1.049s] Level 5:colcon.colcon_core.verb:set package 'loki_base' build argument 'cmake_target' from command line to 'None'
[1.049s] Level 5:colcon.colcon_core.verb:set package 'loki_base' build argument 'cmake_target_skip_unavailable' from command line to 'False'
[1.049s] Level 5:colcon.colcon_core.verb:set package 'loki_base' build argument 'cmake_clean_cache' from command line to 'False'
[1.049s] Level 5:colcon.colcon_core.verb:set package 'loki_base' build argument 'cmake_clean_first' from command line to 'False'
[1.049s] Level 5:colcon.colcon_core.verb:set package 'loki_base' build argument 'cmake_force_configure' from command line to 'False'
[1.049s] Level 5:colcon.colcon_core.verb:set package 'loki_base' build argument 'ament_cmake_args' from command line to 'None'
[1.049s] Level 5:colcon.colcon_core.verb:set package 'loki_base' build argument 'catkin_cmake_args' from command line to 'None'
[1.049s] Level 5:colcon.colcon_core.verb:set package 'loki_base' build argument 'catkin_skip_building_tests' from command line to 'False'
[1.049s] DEBUG:colcon.colcon_core.verb:Building package 'loki_base' with the following arguments: {'ament_cmake_args': None, 'build_base': '/home/loki/Documents/GitHub/saga_repo/build/loki_base', 'catkin_cmake_args': None, 'catkin_skip_building_tests': False, 'cmake_args': None, 'cmake_clean_cache': False, 'cmake_clean_first': False, 'cmake_force_configure': False, 'cmake_target': None, 'cmake_target_skip_unavailable': False, 'install_base': '/home/loki/Documents/GitHub/saga_repo/install/loki_base', 'merge_install': False, 'path': '/home/loki/Documents/GitHub/saga_repo/ros2_thor/src/loki/loki_base', 'symlink_install': False, 'test_result_base': None}
[1.058s] Level 5:colcon.colcon_core.verb:set package 'loki_simulator' build argument 'cmake_args' from command line to 'None'
[1.058s] Level 5:colcon.colcon_core.verb:set package 'loki_simulator' build argument 'cmake_target' from command line to 'None'
[1.058s] Level 5:colcon.colcon_core.verb:set package 'loki_simulator' build argument 'cmake_target_skip_unavailable' from command line to 'False'
[1.058s] Level 5:colcon.colcon_core.verb:set package 'loki_simulator' build argument 'cmake_clean_cache' from command line to 'False'
[1.058s] Level 5:colcon.colcon_core.verb:set package 'loki_simulator' build argument 'cmake_clean_first' from command line to 'False'
[1.058s] Level 5:colcon.colcon_core.verb:set package 'loki_simulator' build argument 'cmake_force_configure' from command line to 'False'
[1.058s] Level 5:colcon.colcon_core.verb:set package 'loki_simulator' build argument 'ament_cmake_args' from command line to 'None'
[1.058s] Level 5:colcon.colcon_core.verb:set package 'loki_simulator' build argument 'catkin_cmake_args' from command line to 'None'
[1.058s] Level 5:colcon.colcon_core.verb:set package 'loki_simulator' build argument 'catkin_skip_building_tests' from command line to 'False'
[1.058s] DEBUG:colcon.colcon_core.verb:Building package 'loki_simulator' with the following arguments: {'ament_cmake_args': None, 'build_base': '/home/loki/Documents/GitHub/saga_repo/build/loki_simulator', 'catkin_cmake_args': None, 'catkin_skip_building_tests': False, 'cmake_args': None, 'cmake_clean_cache': False, 'cmake_clean_first': False, 'cmake_force_configure': False, 'cmake_target': None, 'cmake_target_skip_unavailable': False, 'install_base': '/home/loki/Documents/GitHub/saga_repo/install/loki_simulator', 'merge_install': False, 'path': '/home/loki/Documents/GitHub/saga_repo/ros2_thor/src/loki/loki_simulator', 'symlink_install': False, 'test_result_base': None}
[1.068s] Level 5:colcon.colcon_core.verb:set package 'robot_bringup' build argument 'cmake_args' from command line to 'None'
[1.068s] Level 5:colcon.colcon_core.verb:set package 'robot_bringup' build argument 'cmake_target' from command line to 'None'
[1.068s] Level 5:colcon.colcon_core.verb:set package 'robot_bringup' build argument 'cmake_target_skip_unavailable' from command line to 'False'
[1.068s] Level 5:colcon.colcon_core.verb:set package 'robot_bringup' build argument 'cmake_clean_cache' from command line to 'False'
[1.068s] Level 5:colcon.colcon_core.verb:set package 'robot_bringup' build argument 'cmake_clean_first' from command line to 'False'
[1.068s] Level 5:colcon.colcon_core.verb:set package 'robot_bringup' build argument 'cmake_force_configure' from command line to 'False'
[1.068s] Level 5:colcon.colcon_core.verb:set package 'robot_bringup' build argument 'ament_cmake_args' from command line to 'None'
[1.068s] Level 5:colcon.colcon_core.verb:set package 'robot_bringup' build argument 'catkin_cmake_args' from command line to 'None'
[1.068s] Level 5:colcon.colcon_core.verb:set package 'robot_bringup' build argument 'catkin_skip_building_tests' from command line to 'False'
[1.068s] DEBUG:colcon.colcon_core.verb:Building package 'robot_bringup' with the following arguments: {'ament_cmake_args': None, 'build_base': '/home/loki/Documents/GitHub/saga_repo/build/robot_bringup', 'catkin_cmake_args': None, 'catkin_skip_building_tests': False, 'cmake_args': None, 'cmake_clean_cache': False, 'cmake_clean_first': False, 'cmake_force_configure': False, 'cmake_target': None, 'cmake_target_skip_unavailable': False, 'install_base': '/home/loki/Documents/GitHub/saga_repo/install/robot_bringup', 'merge_install': False, 'path': '/home/loki/Documents/GitHub/saga_repo/ros2_thor/src/loki/robot_bringup', 'symlink_install': False, 'test_result_base': None}
[1.077s] Level 5:colcon.colcon_core.verb:set package 'loki_bringup' build argument 'cmake_args' from command line to 'None'
[1.077s] Level 5:colcon.colcon_core.verb:set package 'loki_bringup' build argument 'cmake_target' from command line to 'None'
[1.077s] Level 5:colcon.colcon_core.verb:set package 'loki_bringup' build argument 'cmake_target_skip_unavailable' from command line to 'False'
[1.077s] Level 5:colcon.colcon_core.verb:set package 'loki_bringup' build argument 'cmake_clean_cache' from command line to 'False'
[1.077s] Level 5:colcon.colcon_core.verb:set package 'loki_bringup' build argument 'cmake_clean_first' from command line to 'False'
[1.077s] Level 5:colcon.colcon_core.verb:set package 'loki_bringup' build argument 'cmake_force_configure' from command line to 'False'
[1.078s] Level 5:colcon.colcon_core.verb:set package 'loki_bringup' build argument 'ament_cmake_args' from command line to 'None'
[1.078s] Level 5:colcon.colcon_core.verb:set package 'loki_bringup' build argument 'catkin_cmake_args' from command line to 'None'
[1.078s] Level 5:colcon.colcon_core.verb:set package 'loki_bringup' build argument 'catkin_skip_building_tests' from command line to 'False'
[1.078s] DEBUG:colcon.colcon_core.verb:Building package 'loki_bringup' with the following arguments: {'ament_cmake_args': None, 'build_base': '/home/loki/Documents/GitHub/saga_repo/build/loki_bringup', 'catkin_cmake_args': None, 'catkin_skip_building_tests': False, 'cmake_args': None, 'cmake_clean_cache': False, 'cmake_clean_first': False, 'cmake_force_configure': False, 'cmake_target': None, 'cmake_target_skip_unavailable': False, 'install_base': '/home/loki/Documents/GitHub/saga_repo/install/loki_bringup', 'merge_install': False, 'path': '/home/loki/Documents/GitHub/saga_repo/ros2_thor/src/loki/loki_bringup', 'symlink_install': False, 'test_result_base': None}
[1.086s] INFO:colcon.colcon_core.executor:Executing jobs using 'parallel' executor
[1.096s] DEBUG:colcon.colcon_parallel_executor.executor.parallel:run_until_complete
[1.096s] INFO:colcon.colcon_ros.task.ament_cmake.build:Building ROS package in '/home/loki/Documents/GitHub/saga_repo/ros2_thor/src/loki/loki_description' with build type 'ament_cmake'
[1.096s] INFO:colcon.colcon_cmake.task.cmake.build:Building CMake package in '/home/loki/Documents/GitHub/saga_repo/ros2_thor/src/loki/loki_description'
[1.110s] INFO:colcon.colcon_core.plugin_system:Skipping extension 'colcon_core.shell.bat': Not used on non-Windows systems
[1.110s] INFO:colcon.colcon_core.shell:Skip shell extension 'powershell' for command environment: Not usable outside of PowerShell
[1.110s] DEBUG:colcon.colcon_core.shell:Skip shell extension 'dsv' for command environment
[1.131s] INFO:colcon.colcon_ros.task.ament_python.build:Building ROS package in '/home/loki/Documents/GitHub/saga_repo/ros2_thor/src/loki/loki_teleop' with build type 'ament_python'
[1.131s] Level 1:colcon.colcon_core.shell:create_environment_hook('loki_teleop', 'ament_prefix_path')
[1.141s] INFO:colcon.colcon_core.shell:Creating environment hook '/home/loki/Documents/GitHub/saga_repo/install/loki_teleop/share/loki_teleop/hook/ament_prefix_path.ps1'
[1.142s] INFO:colcon.colcon_core.shell:Creating environment descriptor '/home/loki/Documents/GitHub/saga_repo/install/loki_teleop/share/loki_teleop/hook/ament_prefix_path.dsv'
[1.142s] INFO:colcon.colcon_core.shell:Creating environment hook '/home/loki/Documents/GitHub/saga_repo/install/loki_teleop/share/loki_teleop/hook/ament_prefix_path.sh'
[1.153s] INFO:colcon.colcon_core.shell:Skip shell extension 'powershell' for command environment: Not usable outside of PowerShell
[1.153s] DEBUG:colcon.colcon_core.shell:Skip shell extension 'dsv' for command environment
[1.183s] INFO:colcon.colcon_ros.task.ament_cmake.build:Building ROS package in '/home/loki/Documents/GitHub/saga_repo/ros2_thor/src/loki/loki_twist_mux' with build type 'ament_cmake'
[1.183s] INFO:colcon.colcon_cmake.task.cmake.build:Building CMake package in '/home/loki/Documents/GitHub/saga_repo/ros2_thor/src/loki/loki_twist_mux'
[1.193s] INFO:colcon.colcon_core.shell:Skip shell extension 'powershell' for command environment: Not usable outside of PowerShell
[1.193s] DEBUG:colcon.colcon_core.shell:Skip shell extension 'dsv' for command environment
[1.216s] INFO:colcon.colcon_ros.task.ament_cmake.build:Building ROS package in '/home/loki/Documents/GitHub/saga_repo/ros2_thor/src/loki/rasberry_gazebo' with build type 'ament_cmake'
[1.216s] INFO:colcon.colcon_cmake.task.cmake.build:Building CMake package in '/home/loki/Documents/GitHub/saga_repo/ros2_thor/src/loki/rasberry_gazebo'
[1.226s] INFO:colcon.colcon_core.shell:Skip shell extension 'powershell' for command environment: Not usable outside of PowerShell
[1.226s] DEBUG:colcon.colcon_core.shell:Skip shell extension 'dsv' for command environment
[1.250s] DEBUG:colcon.colcon_core.event_handler.log_command:Invoking command in '/home/loki/Documents/GitHub/saga_repo/build/loki_description': CMAKE_PREFIX_PATH=/opt/ros/humble /usr/bin/cmake --build /home/loki/Documents/GitHub/saga_repo/build/loki_description -- -j8 -l8
[1.458s] INFO:colcon.colcon_core.task.python.build:Building Python package in '/home/loki/Documents/GitHub/saga_repo/ros2_thor/src/loki/loki_teleop'
[1.469s] INFO:colcon.colcon_core.shell:Skip shell extension 'powershell' for command environment: Not usable outside of PowerShell
[1.469s] DEBUG:colcon.colcon_core.shell:Skip shell extension 'dsv' for command environment
[1.495s] DEBUG:colcon.colcon_core.event_handler.log_command:Invoking command in '/home/loki/Documents/GitHub/saga_repo/build/loki_twist_mux': CMAKE_PREFIX_PATH=/opt/ros/humble /usr/bin/cmake --build /home/loki/Documents/GitHub/saga_repo/build/loki_twist_mux -- -j8 -l8
[1.500s] DEBUG:colcon.colcon_core.event_handler.log_command:Invoking command in '/home/loki/Documents/GitHub/saga_repo/build/rasberry_gazebo': CMAKE_PREFIX_PATH=/opt/ros/humble /usr/bin/cmake --build /home/loki/Documents/GitHub/saga_repo/build/rasberry_gazebo -- -j8 -l8
[1.798s] DEBUG:colcon.colcon_core.event_handler.log_command:Invoking command in '/home/loki/Documents/GitHub/saga_repo/ros2_thor/src/loki/loki_teleop': PYTHONPATH=/home/loki/Documents/GitHub/saga_repo/build/loki_teleop/prefix_override:/home/loki/Documents/GitHub/saga_repo/install/loki_teleop/lib/python3.10/site-packages:${PYTHONPATH} /usr/bin/python3 setup.py egg_info --egg-base ../../../../build/loki_teleop build --build-base /home/loki/Documents/GitHub/saga_repo/build/loki_teleop/build install --record /home/loki/Documents/GitHub/saga_repo/build/loki_teleop/install.log --single-version-externally-managed
[2.091s] DEBUG:colcon.colcon_core.event_handler.log_command:Invoked command in '/home/loki/Documents/GitHub/saga_repo/ros2_thor/src/loki/loki_teleop' returned '0': PYTHONPATH=/home/loki/Documents/GitHub/saga_repo/build/loki_teleop/prefix_override:/home/loki/Documents/GitHub/saga_repo/install/loki_teleop/lib/python3.10/site-packages:${PYTHONPATH} /usr/bin/python3 setup.py egg_info --egg-base ../../../../build/loki_teleop build --build-base /home/loki/Documents/GitHub/saga_repo/build/loki_teleop/build install --record /home/loki/Documents/GitHub/saga_repo/build/loki_teleop/install.log --single-version-externally-managed
[2.106s] Level 1:colcon.colcon_core.environment:checking '/home/loki/Documents/GitHub/saga_repo/install/loki_teleop' for CMake module files
[2.106s] Level 1:colcon.colcon_core.environment:checking '/home/loki/Documents/GitHub/saga_repo/install/loki_teleop' for CMake config files
[2.107s] Level 1:colcon.colcon_core.environment:checking '/home/loki/Documents/GitHub/saga_repo/install/loki_teleop/lib'
[2.107s] Level 1:colcon.colcon_core.environment:checking '/home/loki/Documents/GitHub/saga_repo/install/loki_teleop/bin'
[2.107s] Level 1:colcon.colcon_core.environment:checking '/home/loki/Documents/GitHub/saga_repo/install/loki_teleop/lib/pkgconfig/loki_teleop.pc'
[2.108s] Level 1:colcon.colcon_core.environment:checking '/home/loki/Documents/GitHub/saga_repo/install/loki_teleop/lib/python3.10/site-packages'
[2.108s] Level 1:colcon.colcon_core.shell:create_environment_hook('loki_teleop', 'pythonpath')
[2.120s] INFO:colcon.colcon_core.shell:Creating environment hook '/home/loki/Documents/GitHub/saga_repo/install/loki_teleop/share/loki_teleop/hook/pythonpath.ps1'
[2.120s] INFO:colcon.colcon_core.shell:Creating environment descriptor '/home/loki/Documents/GitHub/saga_repo/install/loki_teleop/share/loki_teleop/hook/pythonpath.dsv'
[2.120s] INFO:colcon.colcon_core.shell:Creating environment hook '/home/loki/Documents/GitHub/saga_repo/install/loki_teleop/share/loki_teleop/hook/pythonpath.sh'
[2.121s] Level 1:colcon.colcon_core.environment:checking '/home/loki/Documents/GitHub/saga_repo/install/loki_teleop/bin'
[2.121s] Level 1:colcon.colcon_core.environment:create_environment_scripts_only(loki_teleop)
[2.130s] INFO:colcon.colcon_core.shell:Creating package script '/home/loki/Documents/GitHub/saga_repo/install/loki_teleop/share/loki_teleop/package.ps1'
[2.131s] INFO:colcon.colcon_core.shell:Creating package descriptor '/home/loki/Documents/GitHub/saga_repo/install/loki_teleop/share/loki_teleop/package.dsv'
[2.132s] INFO:colcon.colcon_core.shell:Creating package script '/home/loki/Documents/GitHub/saga_repo/install/loki_teleop/share/loki_teleop/package.sh'
[2.133s] INFO:colcon.colcon_core.shell:Creating package script '/home/loki/Documents/GitHub/saga_repo/install/loki_teleop/share/loki_teleop/package.bash'
[2.134s] INFO:colcon.colcon_core.shell:Creating package script '/home/loki/Documents/GitHub/saga_repo/install/loki_teleop/share/loki_teleop/package.zsh'
[2.134s] Level 1:colcon.colcon_core.environment:create_file_with_runtime_dependencies(/home/loki/Documents/GitHub/saga_repo/install/loki_teleop/share/colcon-core/packages/loki_teleop)
[3.012s] DEBUG:colcon.colcon_core.event_handler.log_command:Invoked command in '/home/loki/Documents/GitHub/saga_repo/build/loki_twist_mux' returned '0': CMAKE_PREFIX_PATH=/opt/ros/humble /usr/bin/cmake --build /home/loki/Documents/GitHub/saga_repo/build/loki_twist_mux -- -j8 -l8
[3.036s] DEBUG:colcon.colcon_core.event_handler.log_command:Invoking command in '/home/loki/Documents/GitHub/saga_repo/build/loki_twist_mux': CMAKE_PREFIX_PATH=/opt/ros/humble /usr/bin/cmake --install /home/loki/Documents/GitHub/saga_repo/build/loki_twist_mux
[3.044s] Level 1:colcon.colcon_core.environment:create_environment_scripts_only(loki_twist_mux)
[3.045s] DEBUG:colcon.colcon_core.event_handler.log_command:Invoked command in '/home/loki/Documents/GitHub/saga_repo/build/loki_twist_mux' returned '0': CMAKE_PREFIX_PATH=/opt/ros/humble /usr/bin/cmake --install /home/loki/Documents/GitHub/saga_repo/build/loki_twist_mux
[3.055s] Level 1:colcon.colcon_core.environment:checking '/home/loki/Documents/GitHub/saga_repo/install/loki_twist_mux' for CMake module files
[3.055s] Level 1:colcon.colcon_core.environment:checking '/home/loki/Documents/GitHub/saga_repo/install/loki_twist_mux' for CMake config files
[3.055s] Level 1:colcon.colcon_core.shell:create_environment_hook('loki_twist_mux', 'cmake_prefix_path')
[3.065s] INFO:colcon.colcon_core.shell:Creating environment hook '/home/loki/Documents/GitHub/saga_repo/install/loki_twist_mux/share/loki_twist_mux/hook/cmake_prefix_path.ps1'
[3.065s] INFO:colcon.colcon_core.shell:Creating environment descriptor '/home/loki/Documents/GitHub/saga_repo/install/loki_twist_mux/share/loki_twist_mux/hook/cmake_prefix_path.dsv'
[3.066s] INFO:colcon.colcon_core.shell:Creating environment hook '/home/loki/Documents/GitHub/saga_repo/install/loki_twist_mux/share/loki_twist_mux/hook/cmake_prefix_path.sh'
[3.066s] Level 1:colcon.colcon_core.environment:checking '/home/loki/Documents/GitHub/saga_repo/install/loki_twist_mux/bin'
[3.066s] Level 1:colcon.colcon_core.environment:checking '/home/loki/Documents/GitHub/saga_repo/install/loki_twist_mux/lib/pkgconfig/loki_twist_mux.pc'
[3.066s] Level 1:colcon.colcon_core.environment:checking '/home/loki/Documents/GitHub/saga_repo/install/loki_twist_mux/lib/python3.10/site-packages'
[3.066s] Level 1:colcon.colcon_core.environment:checking '/home/loki/Documents/GitHub/saga_repo/install/loki_twist_mux/bin'
[3.076s] INFO:colcon.colcon_core.shell:Creating package script '/home/loki/Documents/GitHub/saga_repo/install/loki_twist_mux/share/loki_twist_mux/package.ps1'
[3.076s] INFO:colcon.colcon_core.shell:Creating package descriptor '/home/loki/Documents/GitHub/saga_repo/install/loki_twist_mux/share/loki_twist_mux/package.dsv'
[3.077s] INFO:colcon.colcon_core.shell:Creating package script '/home/loki/Documents/GitHub/saga_repo/install/loki_twist_mux/share/loki_twist_mux/package.sh'
[3.077s] INFO:colcon.colcon_core.shell:Creating package script '/home/loki/Documents/GitHub/saga_repo/install/loki_twist_mux/share/loki_twist_mux/package.bash'
[3.077s] INFO:colcon.colcon_core.shell:Creating package script '/home/loki/Documents/GitHub/saga_repo/install/loki_twist_mux/share/loki_twist_mux/package.zsh'
[3.077s] Level 1:colcon.colcon_core.environment:create_file_with_runtime_dependencies(/home/loki/Documents/GitHub/saga_repo/install/loki_twist_mux/share/colcon-core/packages/loki_twist_mux)
[3.079s] DEBUG:colcon.colcon_core.event_handler.log_command:Invoked command in '/home/loki/Documents/GitHub/saga_repo/build/loki_description' returned '0': CMAKE_PREFIX_PATH=/opt/ros/humble /usr/bin/cmake --build /home/loki/Documents/GitHub/saga_repo/build/loki_description -- -j8 -l8
[3.117s] Level 1:colcon.colcon_core.environment:create_environment_scripts_only(loki_twist_mux)
[3.139s] Level 1:colcon.colcon_core.environment:checking '/home/loki/Documents/GitHub/saga_repo/install/loki_twist_mux' for CMake module files
[3.140s] Level 1:colcon.colcon_core.environment:checking '/home/loki/Documents/GitHub/saga_repo/install/loki_twist_mux' for CMake config files
[3.140s] Level 1:colcon.colcon_core.shell:create_environment_hook('loki_twist_mux', 'cmake_prefix_path')
[3.162s] INFO:colcon.colcon_core.shell:Creating environment hook '/home/loki/Documents/GitHub/saga_repo/install/loki_twist_mux/share/loki_twist_mux/hook/cmake_prefix_path.ps1'
[3.162s] INFO:colcon.colcon_core.shell:Creating environment descriptor '/home/loki/Documents/GitHub/saga_repo/install/loki_twist_mux/share/loki_twist_mux/hook/cmake_prefix_path.dsv'
[3.163s] INFO:colcon.colcon_core.shell:Creating environment hook '/home/loki/Documents/GitHub/saga_repo/install/loki_twist_mux/share/loki_twist_mux/hook/cmake_prefix_path.sh'
[3.164s] Level 1:colcon.colcon_core.environment:checking '/home/loki/Documents/GitHub/saga_repo/install/loki_twist_mux/bin'
[3.164s] Level 1:colcon.colcon_core.environment:checking '/home/loki/Documents/GitHub/saga_repo/install/loki_twist_mux/lib/pkgconfig/loki_twist_mux.pc'
[3.165s] Level 1:colcon.colcon_core.environment:checking '/home/loki/Documents/GitHub/saga_repo/install/loki_twist_mux/lib/python3.10/site-packages'
[3.165s] Level 1:colcon.colcon_core.environment:checking '/home/loki/Documents/GitHub/saga_repo/install/loki_twist_mux/bin'
[3.188s] INFO:colcon.colcon_core.shell:Creating package script '/home/loki/Documents/GitHub/saga_repo/install/loki_twist_mux/share/loki_twist_mux/package.ps1'
[3.189s] INFO:colcon.colcon_core.shell:Creating package descriptor '/home/loki/Documents/GitHub/saga_repo/install/loki_twist_mux/share/loki_twist_mux/package.dsv'
[3.190s] INFO:colcon.colcon_core.shell:Creating package script '/home/loki/Documents/GitHub/saga_repo/install/loki_twist_mux/share/loki_twist_mux/package.sh'
[3.191s] INFO:colcon.colcon_core.shell:Creating package script '/home/loki/Documents/GitHub/saga_repo/install/loki_twist_mux/share/loki_twist_mux/package.bash'
[3.191s] INFO:colcon.colcon_core.shell:Creating package script '/home/loki/Documents/GitHub/saga_repo/install/loki_twist_mux/share/loki_twist_mux/package.zsh'
[3.192s] Level 1:colcon.colcon_core.environment:create_file_with_runtime_dependencies(/home/loki/Documents/GitHub/saga_repo/install/loki_twist_mux/share/colcon-core/packages/loki_twist_mux)
[3.195s] DEBUG:colcon.colcon_core.event_handler.log_command:Invoking command in '/home/loki/Documents/GitHub/saga_repo/build/loki_description': CMAKE_PREFIX_PATH=/opt/ros/humble /usr/bin/cmake --install /home/loki/Documents/GitHub/saga_repo/build/loki_description
[3.219s] Level 1:colcon.colcon_core.environment:create_environment_scripts_only(loki_description)
[3.220s] DEBUG:colcon.colcon_core.event_handler.log_command:Invoked command in '/home/loki/Documents/GitHub/saga_repo/build/loki_description' returned '0': CMAKE_PREFIX_PATH=/opt/ros/humble /usr/bin/cmake --install /home/loki/Documents/GitHub/saga_repo/build/loki_description
[3.230s] Level 1:colcon.colcon_core.environment:checking '/home/loki/Documents/GitHub/saga_repo/install/loki_description' for CMake module files
[3.230s] Level 1:colcon.colcon_core.environment:checking '/home/loki/Documents/GitHub/saga_repo/install/loki_description' for CMake config files
[3.230s] Level 1:colcon.colcon_core.shell:create_environment_hook('loki_description', 'cmake_prefix_path')
[3.240s] INFO:colcon.colcon_core.shell:Creating environment hook '/home/loki/Documents/GitHub/saga_repo/install/loki_description/share/loki_description/hook/cmake_prefix_path.ps1'
[3.240s] INFO:colcon.colcon_core.shell:Creating environment descriptor '/home/loki/Documents/GitHub/saga_repo/install/loki_description/share/loki_description/hook/cmake_prefix_path.dsv'
[3.241s] INFO:colcon.colcon_core.shell:Creating environment hook '/home/loki/Documents/GitHub/saga_repo/install/loki_description/share/loki_description/hook/cmake_prefix_path.sh'
[3.241s] Level 1:colcon.colcon_core.environment:checking '/home/loki/Documents/GitHub/saga_repo/install/loki_description/bin'
[3.241s] Level 1:colcon.colcon_core.environment:checking '/home/loki/Documents/GitHub/saga_repo/install/loki_description/lib/pkgconfig/loki_description.pc'
[3.241s] Level 1:colcon.colcon_core.environment:checking '/home/loki/Documents/GitHub/saga_repo/install/loki_description/lib/python3.10/site-packages'
[3.241s] Level 1:colcon.colcon_core.environment:checking '/home/loki/Documents/GitHub/saga_repo/install/loki_description/bin'
[3.251s] INFO:colcon.colcon_core.shell:Creating package script '/home/loki/Documents/GitHub/saga_repo/install/loki_description/share/loki_description/package.ps1'
[3.251s] INFO:colcon.colcon_core.shell:Creating package descriptor '/home/loki/Documents/GitHub/saga_repo/install/loki_description/share/loki_description/package.dsv'
[3.252s] INFO:colcon.colcon_core.shell:Creating package script '/home/loki/Documents/GitHub/saga_repo/install/loki_description/share/loki_description/package.sh'
[3.252s] INFO:colcon.colcon_core.shell:Creating package script '/home/loki/Documents/GitHub/saga_repo/install/loki_description/share/loki_description/package.bash'
[3.252s] INFO:colcon.colcon_core.shell:Creating package script '/home/loki/Documents/GitHub/saga_repo/install/loki_description/share/loki_description/package.zsh'
[3.252s] Level 1:colcon.colcon_core.environment:create_file_with_runtime_dependencies(/home/loki/Documents/GitHub/saga_repo/install/loki_description/share/colcon-core/packages/loki_description)
[3.279s] Level 1:colcon.colcon_core.environment:create_environment_scripts_only(loki_description)
[3.288s] Level 1:colcon.colcon_core.environment:checking '/home/loki/Documents/GitHub/saga_repo/install/loki_description' for CMake module files
[3.289s] Level 1:colcon.colcon_core.environment:checking '/home/loki/Documents/GitHub/saga_repo/install/loki_description' for CMake config files
[3.289s] Level 1:colcon.colcon_core.shell:create_environment_hook('loki_description', 'cmake_prefix_path')
[3.298s] INFO:colcon.colcon_core.shell:Creating environment hook '/home/loki/Documents/GitHub/saga_repo/install/loki_description/share/loki_description/hook/cmake_prefix_path.ps1'
[3.299s] INFO:colcon.colcon_core.shell:Creating environment descriptor '/home/loki/Documents/GitHub/saga_repo/install/loki_description/share/loki_description/hook/cmake_prefix_path.dsv'
[3.299s] INFO:colcon.colcon_core.shell:Creating environment hook '/home/loki/Documents/GitHub/saga_repo/install/loki_description/share/loki_description/hook/cmake_prefix_path.sh'
[3.299s] Level 1:colcon.colcon_core.environment:checking '/home/loki/Documents/GitHub/saga_repo/install/loki_description/bin'
[3.299s] Level 1:colcon.colcon_core.environment:checking '/home/loki/Documents/GitHub/saga_repo/install/loki_description/lib/pkgconfig/loki_description.pc'
[3.300s] Level 1:colcon.colcon_core.environment:checking '/home/loki/Documents/GitHub/saga_repo/install/loki_description/lib/python3.10/site-packages'
[3.300s] Level 1:colcon.colcon_core.environment:checking '/home/loki/Documents/GitHub/saga_repo/install/loki_description/bin'
[3.310s] INFO:colcon.colcon_core.shell:Creating package script '/home/loki/Documents/GitHub/saga_repo/install/loki_description/share/loki_description/package.ps1'
[3.311s] INFO:colcon.colcon_core.shell:Creating package descriptor '/home/loki/Documents/GitHub/saga_repo/install/loki_description/share/loki_description/package.dsv'
[3.311s] INFO:colcon.colcon_core.shell:Creating package script '/home/loki/Documents/GitHub/saga_repo/install/loki_description/share/loki_description/package.sh'
[3.311s] INFO:colcon.colcon_core.shell:Creating package script '/home/loki/Documents/GitHub/saga_repo/install/loki_description/share/loki_description/package.bash'
[3.311s] INFO:colcon.colcon_core.shell:Creating package script '/home/loki/Documents/GitHub/saga_repo/install/loki_description/share/loki_description/package.zsh'
[3.312s] Level 1:colcon.colcon_core.environment:create_file_with_runtime_dependencies(/home/loki/Documents/GitHub/saga_repo/install/loki_description/share/colcon-core/packages/loki_description)
[3.312s] INFO:colcon.colcon_ros.task.ament_cmake.build:Building ROS package in '/home/loki/Documents/GitHub/saga_repo/ros2_thor/src/loki/loki_msgs' with build type 'ament_cmake'
[3.312s] INFO:colcon.colcon_cmake.task.cmake.build:Building CMake package in '/home/loki/Documents/GitHub/saga_repo/ros2_thor/src/loki/loki_msgs'
[3.323s] INFO:colcon.colcon_core.shell:Skip shell extension 'powershell' for command environment: Not usable outside of PowerShell
[3.323s] DEBUG:colcon.colcon_core.shell:Skip shell extension 'dsv' for command environment
[3.363s] DEBUG:colcon.colcon_core.event_handler.log_command:Invoking command in '/home/loki/Documents/GitHub/saga_repo/build/loki_msgs': AMENT_PREFIX_PATH=/home/loki/Documents/GitHub/saga_repo/install/loki_description:${AMENT_PREFIX_PATH} CMAKE_PREFIX_PATH=/home/loki/Documents/GitHub/saga_repo/install/loki_description:/opt/ros/humble /usr/bin/cmake --build /home/loki/Documents/GitHub/saga_repo/build/loki_msgs -- -j8 -l8
[4.075s] DEBUG:colcon.colcon_core.event_handler.log_command:Invoked command in '/home/loki/Documents/GitHub/saga_repo/build/rasberry_gazebo' returned '0': CMAKE_PREFIX_PATH=/opt/ros/humble /usr/bin/cmake --build /home/loki/Documents/GitHub/saga_repo/build/rasberry_gazebo -- -j8 -l8
[4.091s] DEBUG:colcon.colcon_core.event_handler.log_command:Invoking command in '/home/loki/Documents/GitHub/saga_repo/build/rasberry_gazebo': CMAKE_PREFIX_PATH=/opt/ros/humble /usr/bin/cmake --install /home/loki/Documents/GitHub/saga_repo/build/rasberry_gazebo
[4.100s] Level 1:colcon.colcon_core.environment:create_environment_scripts_only(rasberry_gazebo)
[4.105s] DEBUG:colcon.colcon_core.event_handler.log_command:Invoked command in '/home/loki/Documents/GitHub/saga_repo/build/rasberry_gazebo' returned '0': CMAKE_PREFIX_PATH=/opt/ros/humble /usr/bin/cmake --install /home/loki/Documents/GitHub/saga_repo/build/rasberry_gazebo
[4.114s] Level 1:colcon.colcon_core.environment:checking '/home/loki/Documents/GitHub/saga_repo/install/rasberry_gazebo' for CMake module files
[4.115s] Level 1:colcon.colcon_core.environment:checking '/home/loki/Documents/GitHub/saga_repo/install/rasberry_gazebo' for CMake config files
[4.115s] Level 1:colcon.colcon_core.shell:create_environment_hook('rasberry_gazebo', 'cmake_prefix_path')
[4.125s] INFO:colcon.colcon_core.shell:Creating environment hook '/home/loki/Documents/GitHub/saga_repo/install/rasberry_gazebo/share/rasberry_gazebo/hook/cmake_prefix_path.ps1'
[4.126s] INFO:colcon.colcon_core.shell:Creating environment descriptor '/home/loki/Documents/GitHub/saga_repo/install/rasberry_gazebo/share/rasberry_gazebo/hook/cmake_prefix_path.dsv'
[4.126s] INFO:colcon.colcon_core.shell:Creating environment hook '/home/loki/Documents/GitHub/saga_repo/install/rasberry_gazebo/share/rasberry_gazebo/hook/cmake_prefix_path.sh'
[4.126s] Level 1:colcon.colcon_core.environment:checking '/home/loki/Documents/GitHub/saga_repo/install/rasberry_gazebo/lib'
[4.126s] Level 1:colcon.colcon_core.environment:checking '/home/loki/Documents/GitHub/saga_repo/install/rasberry_gazebo/bin'
[4.126s] Level 1:colcon.colcon_core.environment:checking '/home/loki/Documents/GitHub/saga_repo/install/rasberry_gazebo/lib/pkgconfig/rasberry_gazebo.pc'
[4.126s] Level 1:colcon.colcon_core.environment:checking '/home/loki/Documents/GitHub/saga_repo/install/rasberry_gazebo/lib/python3.10/site-packages'
[4.127s] Level 1:colcon.colcon_core.environment:checking '/home/loki/Documents/GitHub/saga_repo/install/rasberry_gazebo/bin'
[4.137s] INFO:colcon.colcon_core.shell:Creating package script '/home/loki/Documents/GitHub/saga_repo/install/rasberry_gazebo/share/rasberry_gazebo/package.ps1'
[4.137s] INFO:colcon.colcon_core.shell:Creating package descriptor '/home/loki/Documents/GitHub/saga_repo/install/rasberry_gazebo/share/rasberry_gazebo/package.dsv'
[4.137s] INFO:colcon.colcon_core.shell:Creating package script '/home/loki/Documents/GitHub/saga_repo/install/rasberry_gazebo/share/rasberry_gazebo/package.sh'
[4.138s] INFO:colcon.colcon_core.shell:Creating package script '/home/loki/Documents/GitHub/saga_repo/install/rasberry_gazebo/share/rasberry_gazebo/package.bash'
[4.138s] INFO:colcon.colcon_core.shell:Creating package script '/home/loki/Documents/GitHub/saga_repo/install/rasberry_gazebo/share/rasberry_gazebo/package.zsh'
[4.138s] Level 1:colcon.colcon_core.environment:create_file_with_runtime_dependencies(/home/loki/Documents/GitHub/saga_repo/install/rasberry_gazebo/share/colcon-core/packages/rasberry_gazebo)
[4.173s] Level 1:colcon.colcon_core.environment:create_environment_scripts_only(rasberry_gazebo)
[4.183s] Level 1:colcon.colcon_core.environment:checking '/home/loki/Documents/GitHub/saga_repo/install/rasberry_gazebo' for CMake module files
[4.184s] Level 1:colcon.colcon_core.environment:checking '/home/loki/Documents/GitHub/saga_repo/install/rasberry_gazebo' for CMake config files
[4.184s] Level 1:colcon.colcon_core.shell:create_environment_hook('rasberry_gazebo', 'cmake_prefix_path')
[4.193s] INFO:colcon.colcon_core.shell:Creating environment hook '/home/loki/Documents/GitHub/saga_repo/install/rasberry_gazebo/share/rasberry_gazebo/hook/cmake_prefix_path.ps1'
[4.193s] INFO:colcon.colcon_core.shell:Creating environment descriptor '/home/loki/Documents/GitHub/saga_repo/install/rasberry_gazebo/share/rasberry_gazebo/hook/cmake_prefix_path.dsv'
[4.194s] INFO:colcon.colcon_core.shell:Creating environment hook '/home/loki/Documents/GitHub/saga_repo/install/rasberry_gazebo/share/rasberry_gazebo/hook/cmake_prefix_path.sh'
[4.194s] Level 1:colcon.colcon_core.environment:checking '/home/loki/Documents/GitHub/saga_repo/install/rasberry_gazebo/lib'
[4.194s] Level 1:colcon.colcon_core.environment:checking '/home/loki/Documents/GitHub/saga_repo/install/rasberry_gazebo/bin'
[4.194s] Level 1:colcon.colcon_core.environment:checking '/home/loki/Documents/GitHub/saga_repo/install/rasberry_gazebo/lib/pkgconfig/rasberry_gazebo.pc'
[4.194s] Level 1:colcon.colcon_core.environment:checking '/home/loki/Documents/GitHub/saga_repo/install/rasberry_gazebo/lib/python3.10/site-packages'
[4.194s] Level 1:colcon.colcon_core.environment:checking '/home/loki/Documents/GitHub/saga_repo/install/rasberry_gazebo/bin'
[4.204s] INFO:colcon.colcon_core.shell:Creating package script '/home/loki/Documents/GitHub/saga_repo/install/rasberry_gazebo/share/rasberry_gazebo/package.ps1'
[4.205s] INFO:colcon.colcon_core.shell:Creating package descriptor '/home/loki/Documents/GitHub/saga_repo/install/rasberry_gazebo/share/rasberry_gazebo/package.dsv'
[4.205s] INFO:colcon.colcon_core.shell:Creating package script '/home/loki/Documents/GitHub/saga_repo/install/rasberry_gazebo/share/rasberry_gazebo/package.sh'
[4.205s] INFO:colcon.colcon_core.shell:Creating package script '/home/loki/Documents/GitHub/saga_repo/install/rasberry_gazebo/share/rasberry_gazebo/package.bash'
[4.205s] INFO:colcon.colcon_core.shell:Creating package script '/home/loki/Documents/GitHub/saga_repo/install/rasberry_gazebo/share/rasberry_gazebo/package.zsh'
[4.206s] Level 1:colcon.colcon_core.environment:create_file_with_runtime_dependencies(/home/loki/Documents/GitHub/saga_repo/install/rasberry_gazebo/share/colcon-core/packages/rasberry_gazebo)
[28.069s] DEBUG:colcon.colcon_core.event_handler.log_command:Invoked command in '/home/loki/Documents/GitHub/saga_repo/build/loki_msgs' returned '0': AMENT_PREFIX_PATH=/home/loki/Documents/GitHub/saga_repo/install/loki_description:${AMENT_PREFIX_PATH} CMAKE_PREFIX_PATH=/home/loki/Documents/GitHub/saga_repo/install/loki_description:/opt/ros/humble /usr/bin/cmake --build /home/loki/Documents/GitHub/saga_repo/build/loki_msgs -- -j8 -l8
[28.690s] DEBUG:colcon.colcon_core.event_handler.log_command:Invoking command in '/home/loki/Documents/GitHub/saga_repo/build/loki_msgs': AMENT_PREFIX_PATH=/home/loki/Documents/GitHub/saga_repo/install/loki_description:${AMENT_PREFIX_PATH} CMAKE_PREFIX_PATH=/home/loki/Documents/GitHub/saga_repo/install/loki_description:/opt/ros/humble /usr/bin/cmake --install /home/loki/Documents/GitHub/saga_repo/build/loki_msgs
[28.903s] Level 1:colcon.colcon_core.environment:create_environment_scripts_only(loki_msgs)
[28.903s] DEBUG:colcon.colcon_core.event_handler.log_command:Invoked command in '/home/loki/Documents/GitHub/saga_repo/build/loki_msgs' returned '0': AMENT_PREFIX_PATH=/home/loki/Documents/GitHub/saga_repo/install/loki_description:${AMENT_PREFIX_PATH} CMAKE_PREFIX_PATH=/home/loki/Documents/GitHub/saga_repo/install/loki_description:/opt/ros/humble /usr/bin/cmake --install /home/loki/Documents/GitHub/saga_repo/build/loki_msgs
[28.913s] Level 1:colcon.colcon_core.environment:checking '/home/loki/Documents/GitHub/saga_repo/install/loki_msgs' for CMake module files
[28.913s] Level 1:colcon.colcon_core.environment:checking '/home/loki/Documents/GitHub/saga_repo/install/loki_msgs' for CMake config files
[28.914s] Level 1:colcon.colcon_core.shell:create_environment_hook('loki_msgs', 'cmake_prefix_path')
[28.924s] INFO:colcon.colcon_core.shell:Creating environment hook '/home/loki/Documents/GitHub/saga_repo/install/loki_msgs/share/loki_msgs/hook/cmake_prefix_path.ps1'
[28.925s] INFO:colcon.colcon_core.shell:Creating environment descriptor '/home/loki/Documents/GitHub/saga_repo/install/loki_msgs/share/loki_msgs/hook/cmake_prefix_path.dsv'
[28.925s] INFO:colcon.colcon_core.shell:Creating environment hook '/home/loki/Documents/GitHub/saga_repo/install/loki_msgs/share/loki_msgs/hook/cmake_prefix_path.sh'
[28.925s] Level 1:colcon.colcon_core.environment:checking '/home/loki/Documents/GitHub/saga_repo/install/loki_msgs/lib'
[28.925s] Level 1:colcon.colcon_core.shell:create_environment_hook('loki_msgs', 'ld_library_path_lib')
[28.935s] INFO:colcon.colcon_core.shell:Creating environment hook '/home/loki/Documents/GitHub/saga_repo/install/loki_msgs/share/loki_msgs/hook/ld_library_path_lib.ps1'
[28.935s] INFO:colcon.colcon_core.shell:Creating environment descriptor '/home/loki/Documents/GitHub/saga_repo/install/loki_msgs/share/loki_msgs/hook/ld_library_path_lib.dsv'
[28.935s] INFO:colcon.colcon_core.shell:Creating environment hook '/home/loki/Documents/GitHub/saga_repo/install/loki_msgs/share/loki_msgs/hook/ld_library_path_lib.sh'
[28.935s] Level 1:colcon.colcon_core.environment:checking '/home/loki/Documents/GitHub/saga_repo/install/loki_msgs/bin'
[28.935s] Level 1:colcon.colcon_core.environment:checking '/home/loki/Documents/GitHub/saga_repo/install/loki_msgs/lib/pkgconfig/loki_msgs.pc'
[28.936s] Level 1:colcon.colcon_core.environment:checking '/home/loki/Documents/GitHub/saga_repo/install/loki_msgs/lib/python3.10/site-packages'
[28.936s] Level 1:colcon.colcon_core.environment:checking '/home/loki/Documents/GitHub/saga_repo/install/loki_msgs/bin'
[28.945s] INFO:colcon.colcon_core.shell:Creating package script '/home/loki/Documents/GitHub/saga_repo/install/loki_msgs/share/loki_msgs/package.ps1'
[28.945s] INFO:colcon.colcon_core.shell:Creating package descriptor '/home/loki/Documents/GitHub/saga_repo/install/loki_msgs/share/loki_msgs/package.dsv'
[28.946s] INFO:colcon.colcon_core.shell:Creating package script '/home/loki/Documents/GitHub/saga_repo/install/loki_msgs/share/loki_msgs/package.sh'
[28.946s] INFO:colcon.colcon_core.shell:Creating package script '/home/loki/Documents/GitHub/saga_repo/install/loki_msgs/share/loki_msgs/package.bash'
[28.946s] INFO:colcon.colcon_core.shell:Creating package script '/home/loki/Documents/GitHub/saga_repo/install/loki_msgs/share/loki_msgs/package.zsh'
[28.946s] Level 1:colcon.colcon_core.environment:create_file_with_runtime_dependencies(/home/loki/Documents/GitHub/saga_repo/install/loki_msgs/share/colcon-core/packages/loki_msgs)
[29.529s] Level 1:colcon.colcon_core.environment:create_environment_scripts_only(loki_msgs)
[29.538s] Level 1:colcon.colcon_core.environment:checking '/home/loki/Documents/GitHub/saga_repo/install/loki_msgs' for CMake module files
[29.539s] Level 1:colcon.colcon_core.environment:checking '/home/loki/Documents/GitHub/saga_repo/install/loki_msgs' for CMake config files
[29.540s] Level 1:colcon.colcon_core.shell:create_environment_hook('loki_msgs', 'cmake_prefix_path')
[29.548s] INFO:colcon.colcon_core.shell:Creating environment hook '/home/loki/Documents/GitHub/saga_repo/install/loki_msgs/share/loki_msgs/hook/cmake_prefix_path.ps1'
[29.549s] INFO:colcon.colcon_core.shell:Creating environment descriptor '/home/loki/Documents/GitHub/saga_repo/install/loki_msgs/share/loki_msgs/hook/cmake_prefix_path.dsv'
[29.549s] INFO:colcon.colcon_core.shell:Creating environment hook '/home/loki/Documents/GitHub/saga_repo/install/loki_msgs/share/loki_msgs/hook/cmake_prefix_path.sh'
[29.549s] Level 1:colcon.colcon_core.environment:checking '/home/loki/Documents/GitHub/saga_repo/install/loki_msgs/lib'
[29.549s] Level 1:colcon.colcon_core.shell:create_environment_hook('loki_msgs', 'ld_library_path_lib')
[29.558s] INFO:colcon.colcon_core.shell:Creating environment hook '/home/loki/Documents/GitHub/saga_repo/install/loki_msgs/share/loki_msgs/hook/ld_library_path_lib.ps1'
[29.559s] INFO:colcon.colcon_core.shell:Creating environment descriptor '/home/loki/Documents/GitHub/saga_repo/install/loki_msgs/share/loki_msgs/hook/ld_library_path_lib.dsv'
[29.559s] INFO:colcon.colcon_core.shell:Creating environment hook '/home/loki/Documents/GitHub/saga_repo/install/loki_msgs/share/loki_msgs/hook/ld_library_path_lib.sh'
[29.559s] Level 1:colcon.colcon_core.environment:checking '/home/loki/Documents/GitHub/saga_repo/install/loki_msgs/bin'
[29.559s] Level 1:colcon.colcon_core.environment:checking '/home/loki/Documents/GitHub/saga_repo/install/loki_msgs/lib/pkgconfig/loki_msgs.pc'
[29.559s] Level 1:colcon.colcon_core.environment:checking '/home/loki/Documents/GitHub/saga_repo/install/loki_msgs/lib/python3.10/site-packages'
[29.559s] Level 1:colcon.colcon_core.environment:checking '/home/loki/Documents/GitHub/saga_repo/install/loki_msgs/bin'
[29.569s] INFO:colcon.colcon_core.shell:Creating package script '/home/loki/Documents/GitHub/saga_repo/install/loki_msgs/share/loki_msgs/package.ps1'
[29.569s] INFO:colcon.colcon_core.shell:Creating package descriptor '/home/loki/Documents/GitHub/saga_repo/install/loki_msgs/share/loki_msgs/package.dsv'
[29.570s] INFO:colcon.colcon_core.shell:Creating package script '/home/loki/Documents/GitHub/saga_repo/install/loki_msgs/share/loki_msgs/package.sh'
[29.570s] INFO:colcon.colcon_core.shell:Creating package script '/home/loki/Documents/GitHub/saga_repo/install/loki_msgs/share/loki_msgs/package.bash'
[29.570s] INFO:colcon.colcon_core.shell:Creating package script '/home/loki/Documents/GitHub/saga_repo/install/loki_msgs/share/loki_msgs/package.zsh'
[29.571s] Level 1:colcon.colcon_core.environment:create_file_with_runtime_dependencies(/home/loki/Documents/GitHub/saga_repo/install/loki_msgs/share/colcon-core/packages/loki_msgs)
[29.571s] INFO:colcon.colcon_ros.task.ament_cmake.build:Building ROS package in '/home/loki/Documents/GitHub/saga_repo/ros2_thor/src/loki/loki_can_devices' with build type 'ament_cmake'
[29.571s] INFO:colcon.colcon_cmake.task.cmake.build:Building CMake package in '/home/loki/Documents/GitHub/saga_repo/ros2_thor/src/loki/loki_can_devices'
[29.582s] INFO:colcon.colcon_core.shell:Skip shell extension 'powershell' for command environment: Not usable outside of PowerShell
[29.582s] DEBUG:colcon.colcon_core.shell:Skip shell extension 'dsv' for command environment
[29.619s] DEBUG:colcon.colcon_core.event_handler.log_command:Invoking command in '/home/loki/Documents/GitHub/saga_repo/build/loki_can_devices': AMENT_PREFIX_PATH=/home/loki/Documents/GitHub/saga_repo/install/loki_msgs:/home/loki/Documents/GitHub/saga_repo/install/loki_description:${AMENT_PREFIX_PATH} CMAKE_PREFIX_PATH=/home/loki/Documents/GitHub/saga_repo/install/loki_msgs:/home/loki/Documents/GitHub/saga_repo/install/loki_description:/opt/ros/humble LD_LIBRARY_PATH=/home/loki/Documents/GitHub/saga_repo/install/loki_msgs/lib:${LD_LIBRARY_PATH} PYTHONPATH=/home/loki/Documents/GitHub/saga_repo/install/loki_msgs/local/lib/python3.10/dist-packages:${PYTHONPATH} /usr/bin/cmake --build /home/loki/Documents/GitHub/saga_repo/build/loki_can_devices -- -j8 -l8
[47.299s] DEBUG:colcon.colcon_core.event_handler.log_command:Invoked command in '/home/loki/Documents/GitHub/saga_repo/build/loki_can_devices' returned '2': AMENT_PREFIX_PATH=/home/loki/Documents/GitHub/saga_repo/install/loki_msgs:/home/loki/Documents/GitHub/saga_repo/install/loki_description:${AMENT_PREFIX_PATH} CMAKE_PREFIX_PATH=/home/loki/Documents/GitHub/saga_repo/install/loki_msgs:/home/loki/Documents/GitHub/saga_repo/install/loki_description:/opt/ros/humble LD_LIBRARY_PATH=/home/loki/Documents/GitHub/saga_repo/install/loki_msgs/lib:${LD_LIBRARY_PATH} PYTHONPATH=/home/loki/Documents/GitHub/saga_repo/install/loki_msgs/local/lib/python3.10/dist-packages:${PYTHONPATH} /usr/bin/cmake --build /home/loki/Documents/GitHub/saga_repo/build/loki_can_devices -- -j8 -l8
[47.340s] Level 1:colcon.colcon_core.environment:create_environment_scripts_only(loki_can_devices)
[47.351s] Level 1:colcon.colcon_core.environment:checking '/home/loki/Documents/GitHub/saga_repo/install/loki_can_devices' for CMake module files
[47.351s] Level 1:colcon.colcon_core.environment:checking '/home/loki/Documents/GitHub/saga_repo/install/loki_can_devices' for CMake config files
[47.351s] Level 1:colcon.colcon_core.shell:create_environment_hook('loki_can_devices', 'cmake_prefix_path')
[47.361s] INFO:colcon.colcon_core.shell:Creating environment hook '/home/loki/Documents/GitHub/saga_repo/install/loki_can_devices/share/loki_can_devices/hook/cmake_prefix_path.ps1'
[47.361s] INFO:colcon.colcon_core.shell:Creating environment descriptor '/home/loki/Documents/GitHub/saga_repo/install/loki_can_devices/share/loki_can_devices/hook/cmake_prefix_path.dsv'
[47.361s] INFO:colcon.colcon_core.shell:Creating environment hook '/home/loki/Documents/GitHub/saga_repo/install/loki_can_devices/share/loki_can_devices/hook/cmake_prefix_path.sh'
[47.362s] Level 1:colcon.colcon_core.environment:checking '/home/loki/Documents/GitHub/saga_repo/install/loki_can_devices/lib'
[47.362s] Level 1:colcon.colcon_core.shell:create_environment_hook('loki_can_devices', 'ld_library_path_lib')
[47.371s] INFO:colcon.colcon_core.shell:Creating environment hook '/home/loki/Documents/GitHub/saga_repo/install/loki_can_devices/share/loki_can_devices/hook/ld_library_path_lib.ps1'
[47.372s] INFO:colcon.colcon_core.shell:Creating environment descriptor '/home/loki/Documents/GitHub/saga_repo/install/loki_can_devices/share/loki_can_devices/hook/ld_library_path_lib.dsv'
[47.372s] INFO:colcon.colcon_core.shell:Creating environment hook '/home/loki/Documents/GitHub/saga_repo/install/loki_can_devices/share/loki_can_devices/hook/ld_library_path_lib.sh'
[47.372s] Level 1:colcon.colcon_core.environment:checking '/home/loki/Documents/GitHub/saga_repo/install/loki_can_devices/bin'
[47.372s] Level 1:colcon.colcon_core.environment:checking '/home/loki/Documents/GitHub/saga_repo/install/loki_can_devices/lib/pkgconfig/loki_can_devices.pc'
[47.372s] Level 1:colcon.colcon_core.environment:checking '/home/loki/Documents/GitHub/saga_repo/install/loki_can_devices/lib/python3.10/site-packages'
[47.373s] Level 1:colcon.colcon_core.environment:checking '/home/loki/Documents/GitHub/saga_repo/install/loki_can_devices/bin'
[47.382s] INFO:colcon.colcon_core.shell:Creating package script '/home/loki/Documents/GitHub/saga_repo/install/loki_can_devices/share/loki_can_devices/package.ps1'
[47.382s] INFO:colcon.colcon_core.shell:Creating package descriptor '/home/loki/Documents/GitHub/saga_repo/install/loki_can_devices/share/loki_can_devices/package.dsv'
[47.383s] INFO:colcon.colcon_core.shell:Creating package script '/home/loki/Documents/GitHub/saga_repo/install/loki_can_devices/share/loki_can_devices/package.sh'
[47.383s] INFO:colcon.colcon_core.shell:Creating package script '/home/loki/Documents/GitHub/saga_repo/install/loki_can_devices/share/loki_can_devices/package.bash'
[47.383s] INFO:colcon.colcon_core.shell:Creating package script '/home/loki/Documents/GitHub/saga_repo/install/loki_can_devices/share/loki_can_devices/package.zsh'
[47.383s] Level 1:colcon.colcon_core.environment:create_file_with_runtime_dependencies(/home/loki/Documents/GitHub/saga_repo/install/loki_can_devices/share/colcon-core/packages/loki_can_devices)
[47.394s] DEBUG:colcon.colcon_parallel_executor.executor.parallel:closing loop
[47.394s] DEBUG:colcon.colcon_parallel_executor.executor.parallel:loop closed
[47.394s] DEBUG:colcon.colcon_parallel_executor.executor.parallel:run_until_complete finished with '2'
[47.394s] DEBUG:colcon.colcon_core.event_reactor:joining thread
[47.410s] INFO:colcon.colcon_core.plugin_system:Skipping extension 'colcon_notification.desktop_notification.terminal_notifier': Not used on non-Darwin systems
[47.410s] INFO:colcon.colcon_core.plugin_system:Skipping extension 'colcon_notification.desktop_notification.win32': Not used on non-Windows systems
[47.410s] INFO:colcon.colcon_notification.desktop_notification:Sending desktop notification using 'notify2'
[47.425s] DEBUG:colcon.colcon_core.event_reactor:joined thread
[47.435s] INFO:colcon.colcon_core.shell:Creating prefix script '/home/loki/Documents/GitHub/saga_repo/install/local_setup.ps1'
[47.436s] INFO:colcon.colcon_core.shell:Creating prefix util module '/home/loki/Documents/GitHub/saga_repo/install/_local_setup_util_ps1.py'
[47.438s] INFO:colcon.colcon_core.shell:Creating prefix chain script '/home/loki/Documents/GitHub/saga_repo/install/setup.ps1'
[47.453s] INFO:colcon.colcon_core.shell:Creating prefix script '/home/loki/Documents/GitHub/saga_repo/install/local_setup.sh'
[47.453s] INFO:colcon.colcon_core.shell:Creating prefix util module '/home/loki/Documents/GitHub/saga_repo/install/_local_setup_util_sh.py'
[47.454s] INFO:colcon.colcon_core.shell:Creating prefix chain script '/home/loki/Documents/GitHub/saga_repo/install/setup.sh'
[47.465s] INFO:colcon.colcon_core.shell:Creating prefix script '/home/loki/Documents/GitHub/saga_repo/install/local_setup.bash'
[47.466s] INFO:colcon.colcon_core.shell:Creating prefix chain script '/home/loki/Documents/GitHub/saga_repo/install/setup.bash'
[47.475s] INFO:colcon.colcon_core.shell:Creating prefix script '/home/loki/Documents/GitHub/saga_repo/install/local_setup.zsh'
[47.476s] INFO:colcon.colcon_core.shell:Creating prefix chain script '/home/loki/Documents/GitHub/saga_repo/install/setup.zsh'
