[0.739s] Invoking command in '/home/loki/Documents/GitHub/saga_repo/ros2_thor/src/loki/loki_teleop': PYTHONPATH=/home/loki/Documents/GitHub/saga_repo/build/loki_teleop/prefix_override:/home/loki/Documents/GitHub/saga_repo/install/loki_teleop/lib/python3.10/site-packages:${PYTHONPATH} /usr/bin/python3 setup.py egg_info --egg-base ../../../../build/loki_teleop build --build-base /home/loki/Documents/GitHub/saga_repo/build/loki_teleop/build install --record /home/loki/Documents/GitHub/saga_repo/build/loki_teleop/install.log --single-version-externally-managed
[1.150s] running egg_info
[1.151s] creating ../../../../build/loki_teleop/loki_teleop.egg-info
[1.151s] writing ../../../../build/loki_teleop/loki_teleop.egg-info/PKG-INFO
[1.151s] writing dependency_links to ../../../../build/loki_teleop/loki_teleop.egg-info/dependency_links.txt
[1.151s] writing entry points to ../../../../build/loki_teleop/loki_teleop.egg-info/entry_points.txt
[1.152s] writing requirements to ../../../../build/loki_teleop/loki_teleop.egg-info/requires.txt
[1.152s] writing top-level names to ../../../../build/loki_teleop/loki_teleop.egg-info/top_level.txt
[1.152s] writing manifest file '../../../../build/loki_teleop/loki_teleop.egg-info/SOURCES.txt'
[1.155s] reading manifest file '../../../../build/loki_teleop/loki_teleop.egg-info/SOURCES.txt'
[1.155s] writing manifest file '../../../../build/loki_teleop/loki_teleop.egg-info/SOURCES.txt'
[1.156s] running build
[1.156s] running build_py
[1.157s] creating /home/loki/Documents/GitHub/saga_repo/build/loki_teleop/build
[1.157s] creating /home/loki/Documents/GitHub/saga_repo/build/loki_teleop/build/lib
[1.157s] creating /home/loki/Documents/GitHub/saga_repo/build/loki_teleop/build/lib/loki_teleop
[1.157s] copying loki_teleop/teleop_node.py -> /home/loki/Documents/GitHub/saga_repo/build/loki_teleop/build/lib/loki_teleop
[1.158s] copying loki_teleop/__init__.py -> /home/loki/Documents/GitHub/saga_repo/build/loki_teleop/build/lib/loki_teleop
[1.158s] running install
[1.158s] /usr/lib/python3/dist-packages/setuptools/command/install.py:34: SetuptoolsDeprecationWarning: setup.py install is deprecated. Use build and pip and other standards-based tools.
[1.159s]   warnings.warn(
[1.159s] running install_lib
[1.159s] creating /home/loki/Documents/GitHub/saga_repo/install/loki_teleop/lib/python3.10/site-packages/loki_teleop
[1.160s] copying /home/loki/Documents/GitHub/saga_repo/build/loki_teleop/build/lib/loki_teleop/teleop_node.py -> /home/loki/Documents/GitHub/saga_repo/install/loki_teleop/lib/python3.10/site-packages/loki_teleop
[1.160s] copying /home/loki/Documents/GitHub/saga_repo/build/loki_teleop/build/lib/loki_teleop/__init__.py -> /home/loki/Documents/GitHub/saga_repo/install/loki_teleop/lib/python3.10/site-packages/loki_teleop
[1.160s] byte-compiling /home/loki/Documents/GitHub/saga_repo/install/loki_teleop/lib/python3.10/site-packages/loki_teleop/teleop_node.py to teleop_node.cpython-310.pyc
[1.165s] byte-compiling /home/loki/Documents/GitHub/saga_repo/install/loki_teleop/lib/python3.10/site-packages/loki_teleop/__init__.py to __init__.cpython-310.pyc
[1.165s] running install_data
[1.166s] creating /home/loki/Documents/GitHub/saga_repo/install/loki_teleop/share/ament_index
[1.166s] creating /home/loki/Documents/GitHub/saga_repo/install/loki_teleop/share/ament_index/resource_index
[1.166s] creating /home/loki/Documents/GitHub/saga_repo/install/loki_teleop/share/ament_index/resource_index/packages
[1.166s] copying resource/loki_teleop -> /home/loki/Documents/GitHub/saga_repo/install/loki_teleop/share/ament_index/resource_index/packages
[1.166s] copying package.xml -> /home/loki/Documents/GitHub/saga_repo/install/loki_teleop/share/loki_teleop
[1.167s] creating /home/loki/Documents/GitHub/saga_repo/install/loki_teleop/share/loki_teleop/launch
[1.167s] copying launch/teleop_xbox.launch -> /home/loki/Documents/GitHub/saga_repo/install/loki_teleop/share/loki_teleop/launch
[1.167s] copying launch/teleop.launch -> /home/loki/Documents/GitHub/saga_repo/install/loki_teleop/share/loki_teleop/launch
[1.167s] running install_egg_info
[1.169s] Copying ../../../../build/loki_teleop/loki_teleop.egg-info to /home/loki/Documents/GitHub/saga_repo/install/loki_teleop/lib/python3.10/site-packages/loki_teleop-2.0.0-py3.10.egg-info
[1.170s] running install_scripts
[1.198s] Installing teleop_node script to /home/loki/Documents/GitHub/saga_repo/install/loki_teleop/lib/loki_teleop
[1.199s] writing list of installed files to '/home/loki/Documents/GitHub/saga_repo/build/loki_teleop/install.log'
[1.227s] Invoked command in '/home/loki/Documents/GitHub/saga_repo/ros2_thor/src/loki/loki_teleop' returned '0': PYTHONPATH=/home/loki/Documents/GitHub/saga_repo/build/loki_teleop/prefix_override:/home/loki/Documents/GitHub/saga_repo/install/loki_teleop/lib/python3.10/site-packages:${PYTHONPATH} /usr/bin/python3 setup.py egg_info --egg-base ../../../../build/loki_teleop build --build-base /home/loki/Documents/GitHub/saga_repo/build/loki_teleop/build install --record /home/loki/Documents/GitHub/saga_repo/build/loki_teleop/install.log --single-version-externally-managed
