[1.486s] Invoking command in '/home/loki/Documents/GitHub/saga_repo/ros2_thor/src/loki/loki_teleop': PYTHONPATH=/home/loki/Documents/GitHub/saga_repo/build/loki_teleop/prefix_override:/home/loki/Documents/GitHub/saga_repo/install/loki_teleop/lib/python3.10/site-packages:${PYTHONPATH} /usr/bin/python3 setup.py egg_info --egg-base ../../../../build/loki_teleop build --build-base /home/loki/Documents/GitHub/saga_repo/build/loki_teleop/build install --record /home/loki/Documents/GitHub/saga_repo/build/loki_teleop/install.log --single-version-externally-managed
[1.929s] running egg_info
[1.929s] creating ../../../../build/loki_teleop/loki_teleop.egg-info
[1.930s] writing ../../../../build/loki_teleop/loki_teleop.egg-info/PKG-INFO
[1.930s] writing dependency_links to ../../../../build/loki_teleop/loki_teleop.egg-info/dependency_links.txt
[1.930s] writing entry points to ../../../../build/loki_teleop/loki_teleop.egg-info/entry_points.txt
[1.931s] writing requirements to ../../../../build/loki_teleop/loki_teleop.egg-info/requires.txt
[1.931s] writing top-level names to ../../../../build/loki_teleop/loki_teleop.egg-info/top_level.txt
[1.931s] writing manifest file '../../../../build/loki_teleop/loki_teleop.egg-info/SOURCES.txt'
[1.934s] reading manifest file '../../../../build/loki_teleop/loki_teleop.egg-info/SOURCES.txt'
[1.935s] writing manifest file '../../../../build/loki_teleop/loki_teleop.egg-info/SOURCES.txt'
[1.936s] running build
[1.936s] running build_py
[1.936s] creating /home/loki/Documents/GitHub/saga_repo/build/loki_teleop/build
[1.936s] creating /home/loki/Documents/GitHub/saga_repo/build/loki_teleop/build/lib
[1.936s] creating /home/loki/Documents/GitHub/saga_repo/build/loki_teleop/build/lib/loki_teleop
[1.936s] copying loki_teleop/teleop_node.py -> /home/loki/Documents/GitHub/saga_repo/build/loki_teleop/build/lib/loki_teleop
[1.937s] copying loki_teleop/__init__.py -> /home/loki/Documents/GitHub/saga_repo/build/loki_teleop/build/lib/loki_teleop
[1.937s] running install
[1.939s] running install_lib
[1.940s] creating /home/loki/Documents/GitHub/saga_repo/install/loki_teleop/lib/python3.10/site-packages/loki_teleop
[1.940s] copying /home/loki/Documents/GitHub/saga_repo/build/loki_teleop/build/lib/loki_teleop/teleop_node.py -> /home/loki/Documents/GitHub/saga_repo/install/loki_teleop/lib/python3.10/site-packages/loki_teleop
[1.940s] copying /home/loki/Documents/GitHub/saga_repo/build/loki_teleop/build/lib/loki_teleop/__init__.py -> /home/loki/Documents/GitHub/saga_repo/install/loki_teleop/lib/python3.10/site-packages/loki_teleop
[1.941s] byte-compiling /home/loki/Documents/GitHub/saga_repo/install/loki_teleop/lib/python3.10/site-packages/loki_teleop/teleop_node.py to teleop_node.cpython-310.pyc
[1.943s] /usr/lib/python3/dist-packages/setuptools/command/install.py:34: SetuptoolsDeprecationWarning: setup.py install is deprecated. Use build and pip and other standards-based tools.
[1.943s]   warnings.warn(
[1.953s] byte-compiling /home/loki/Documents/GitHub/saga_repo/install/loki_teleop/lib/python3.10/site-packages/loki_teleop/__init__.py to __init__.cpython-310.pyc
[1.954s] running install_data
[1.955s] creating /home/loki/Documents/GitHub/saga_repo/install/loki_teleop/share/ament_index
[1.955s] creating /home/loki/Documents/GitHub/saga_repo/install/loki_teleop/share/ament_index/resource_index
[1.955s] creating /home/loki/Documents/GitHub/saga_repo/install/loki_teleop/share/ament_index/resource_index/packages
[1.956s] copying resource/loki_teleop -> /home/loki/Documents/GitHub/saga_repo/install/loki_teleop/share/ament_index/resource_index/packages
[1.956s] copying package.xml -> /home/loki/Documents/GitHub/saga_repo/install/loki_teleop/share/loki_teleop
[1.956s] creating /home/loki/Documents/GitHub/saga_repo/install/loki_teleop/share/loki_teleop/launch
[1.956s] copying launch/teleop_xbox.launch -> /home/loki/Documents/GitHub/saga_repo/install/loki_teleop/share/loki_teleop/launch
[1.957s] copying launch/teleop.launch -> /home/loki/Documents/GitHub/saga_repo/install/loki_teleop/share/loki_teleop/launch
[1.957s] running install_egg_info
[1.961s] Copying ../../../../build/loki_teleop/loki_teleop.egg-info to /home/loki/Documents/GitHub/saga_repo/install/loki_teleop/lib/python3.10/site-packages/loki_teleop-2.0.0-py3.10.egg-info
[1.962s] running install_scripts
[2.009s] Installing teleop_node script to /home/loki/Documents/GitHub/saga_repo/install/loki_teleop/lib/loki_teleop
[2.010s] writing list of installed files to '/home/loki/Documents/GitHub/saga_repo/build/loki_teleop/install.log'
[2.062s] Invoked command in '/home/loki/Documents/GitHub/saga_repo/ros2_thor/src/loki/loki_teleop' returned '0': PYTHONPATH=/home/loki/Documents/GitHub/saga_repo/build/loki_teleop/prefix_override:/home/loki/Documents/GitHub/saga_repo/install/loki_teleop/lib/python3.10/site-packages:${PYTHONPATH} /usr/bin/python3 setup.py egg_info --egg-base ../../../../build/loki_teleop build --build-base /home/loki/Documents/GitHub/saga_repo/build/loki_teleop/build install --record /home/loki/Documents/GitHub/saga_repo/build/loki_teleop/install.log --single-version-externally-managed
