[1.323s] Invoking command in '/home/cairlab/Documents/GitHub/saga_repo/ros2_thor/src/loki/loki_teleop': PYTHONPATH=/home/cairlab/Documents/GitHub/saga_repo/build/loki_teleop/prefix_override:/home/cairlab/Documents/GitHub/saga_repo/install/loki_teleop/lib/python3.10/site-packages:${PYTHONPATH} /usr/bin/python3 setup.py egg_info --egg-base ../../../../build/loki_teleop build --build-base /home/cairlab/Documents/GitHub/saga_repo/build/loki_teleop/build install --record /home/cairlab/Documents/GitHub/saga_repo/build/loki_teleop/install.log --single-version-externally-managed
[1.584s] running egg_info
[1.603s] writing ../../../../build/loki_teleop/loki_teleop.egg-info/PKG-INFO
[1.604s] writing dependency_links to ../../../../build/loki_teleop/loki_teleop.egg-info/dependency_links.txt
[1.604s] writing entry points to ../../../../build/loki_teleop/loki_teleop.egg-info/entry_points.txt
[1.604s] writing requirements to ../../../../build/loki_teleop/loki_teleop.egg-info/requires.txt
[1.604s] writing top-level names to ../../../../build/loki_teleop/loki_teleop.egg-info/top_level.txt
[1.655s] reading manifest file '../../../../build/loki_teleop/loki_teleop.egg-info/SOURCES.txt'
[1.656s] writing manifest file '../../../../build/loki_teleop/loki_teleop.egg-info/SOURCES.txt'
[1.656s] running build
[1.657s] running build_py
[1.657s] running install
[1.658s] /home/cairlab/.local/lib/python3.10/site-packages/setuptools/_distutils/cmd.py:66: SetuptoolsDeprecationWarning: setup.py install is deprecated.
[1.658s] !!
[1.658s] 
[1.658s]         ********************************************************************************
[1.658s]         Please avoid running ``setup.py`` directly.
[1.658s]         Instead, use pypa/build, pypa/installer or other
[1.658s]         standards-based tools.
[1.658s] 
[1.658s]         See https://blog.ganssle.io/articles/2021/10/setup-py-deprecated.html for details.
[1.658s]         ********************************************************************************
[1.658s] 
[1.658s] !!
[1.658s]   self.initialize_options()
[1.668s] running install_lib
[1.688s] running install_data
[1.705s] running install_egg_info
[1.724s] removing '/home/cairlab/Documents/GitHub/saga_repo/install/loki_teleop/lib/python3.10/site-packages/loki_teleop-2.0.0-py3.10.egg-info' (and everything under it)
[1.725s] Copying ../../../../build/loki_teleop/loki_teleop.egg-info to /home/cairlab/Documents/GitHub/saga_repo/install/loki_teleop/lib/python3.10/site-packages/loki_teleop-2.0.0-py3.10.egg-info
[1.726s] running install_scripts
[1.916s] Installing teleop_node script to /home/cairlab/Documents/GitHub/saga_repo/install/loki_teleop/lib/loki_teleop
[1.916s] writing list of installed files to '/home/cairlab/Documents/GitHub/saga_repo/build/loki_teleop/install.log'
[1.952s] Invoked command in '/home/cairlab/Documents/GitHub/saga_repo/ros2_thor/src/loki/loki_teleop' returned '0': PYTHONPATH=/home/cairlab/Documents/GitHub/saga_repo/build/loki_teleop/prefix_override:/home/cairlab/Documents/GitHub/saga_repo/install/loki_teleop/lib/python3.10/site-packages:${PYTHONPATH} /usr/bin/python3 setup.py egg_info --egg-base ../../../../build/loki_teleop build --build-base /home/cairlab/Documents/GitHub/saga_repo/build/loki_teleop/build install --record /home/cairlab/Documents/GitHub/saga_repo/build/loki_teleop/install.log --single-version-externally-managed
