[2.619s] Invoking command in '/home/odin/Documents/GitHub/saga_repo/ros2_thor/src/loki/loki_teleop': PYTHONPATH=/home/odin/Documents/GitHub/saga_repo/build/loki_teleop/prefix_override:/home/odin/Documents/GitHub/saga_repo/install/loki_teleop/lib/python3.10/site-packages:${PYTHONPATH} /usr/bin/python3 setup.py egg_info --egg-base ../../../../build/loki_teleop build --build-base /home/odin/Documents/GitHub/saga_repo/build/loki_teleop/build install --record /home/odin/Documents/GitHub/saga_repo/build/loki_teleop/install.log --single-version-externally-managed
[3.553s] running egg_info
[3.555s] writing ../../../../build/loki_teleop/loki_teleop.egg-info/PKG-INFO
[3.555s] writing dependency_links to ../../../../build/loki_teleop/loki_teleop.egg-info/dependency_links.txt
[3.555s] writing entry points to ../../../../build/loki_teleop/loki_teleop.egg-info/entry_points.txt
[3.555s] writing requirements to ../../../../build/loki_teleop/loki_teleop.egg-info/requires.txt
[3.556s] writing top-level names to ../../../../build/loki_teleop/loki_teleop.egg-info/top_level.txt
[3.564s] reading manifest file '../../../../build/loki_teleop/loki_teleop.egg-info/SOURCES.txt'
[3.564s] writing manifest file '../../../../build/loki_teleop/loki_teleop.egg-info/SOURCES.txt'
[3.565s] running build
[3.565s] running build_py
[3.565s] running install
[3.567s] running install_lib
[3.570s] /usr/lib/python3/dist-packages/setuptools/command/install.py:34: SetuptoolsDeprecationWarning: setup.py install is deprecated. Use build and pip and other standards-based tools.
[3.570s]   warnings.warn(
[3.572s] running install_data
[3.573s] running install_egg_info
[3.577s] removing '/home/odin/Documents/GitHub/saga_repo/install/loki_teleop/lib/python3.10/site-packages/loki_teleop-2.0.0-py3.10.egg-info' (and everything under it)
[3.578s] Copying ../../../../build/loki_teleop/loki_teleop.egg-info to /home/odin/Documents/GitHub/saga_repo/install/loki_teleop/lib/python3.10/site-packages/loki_teleop-2.0.0-py3.10.egg-info
[3.579s] running install_scripts
[3.638s] Installing teleop_node script to /home/odin/Documents/GitHub/saga_repo/install/loki_teleop/lib/loki_teleop
[3.639s] writing list of installed files to '/home/odin/Documents/GitHub/saga_repo/build/loki_teleop/install.log'
[3.734s] Invoked command in '/home/odin/Documents/GitHub/saga_repo/ros2_thor/src/loki/loki_teleop' returned '0': PYTHONPATH=/home/odin/Documents/GitHub/saga_repo/build/loki_teleop/prefix_override:/home/odin/Documents/GitHub/saga_repo/install/loki_teleop/lib/python3.10/site-packages:${PYTHONPATH} /usr/bin/python3 setup.py egg_info --egg-base ../../../../build/loki_teleop build --build-base /home/odin/Documents/GitHub/saga_repo/build/loki_teleop/build install --record /home/odin/Documents/GitHub/saga_repo/build/loki_teleop/install.log --single-version-externally-managed
