[1.523s] Invoking command in '/home/loki/Documents/GitHub/saga_repo/ros2_thor/src/loki/loki_nav': PYTHONPATH=/home/loki/Documents/GitHub/saga_repo/build/loki_nav/prefix_override:/home/loki/Documents/GitHub/saga_repo/install/loki_nav/lib/python3.10/site-packages:${PYTHONPATH} /usr/bin/python3 setup.py egg_info --egg-base ../../../../build/loki_nav build --build-base /home/loki/Documents/GitHub/saga_repo/build/loki_nav/build install --record /home/loki/Documents/GitHub/saga_repo/build/loki_nav/install.log --single-version-externally-managed
[2.004s] running egg_info
[2.006s] writing ../../../../build/loki_nav/loki_nav.egg-info/PKG-INFO
[2.006s] writing dependency_links to ../../../../build/loki_nav/loki_nav.egg-info/dependency_links.txt
[2.007s] writing entry points to ../../../../build/loki_nav/loki_nav.egg-info/entry_points.txt
[2.007s] writing requirements to ../../../../build/loki_nav/loki_nav.egg-info/requires.txt
[2.007s] writing top-level names to ../../../../build/loki_nav/loki_nav.egg-info/top_level.txt
[2.010s] reading manifest file '../../../../build/loki_nav/loki_nav.egg-info/SOURCES.txt'
[2.011s] writing manifest file '../../../../build/loki_nav/loki_nav.egg-info/SOURCES.txt'
[2.011s] running build
[2.011s] running build_py
[2.012s] running install
[2.012s] /usr/lib/python3/dist-packages/setuptools/command/install.py:34: SetuptoolsDeprecationWarning: setup.py install is deprecated. Use build and pip and other standards-based tools.
[2.013s]   warnings.warn(
[2.013s] running install_lib
[2.015s] running install_data
[2.016s] copying launch/nav.launch.py -> /home/loki/Documents/GitHub/saga_repo/install/loki_nav/share/loki_nav/launch
[2.019s] running install_egg_info
[2.019s] removing '/home/loki/Documents/GitHub/saga_repo/install/loki_nav/lib/python3.10/site-packages/loki_nav-2.0.0-py3.10.egg-info' (and everything under it)
[2.020s] Copying ../../../../build/loki_nav/loki_nav.egg-info to /home/loki/Documents/GitHub/saga_repo/install/loki_nav/lib/python3.10/site-packages/loki_nav-2.0.0-py3.10.egg-info
[2.021s] running install_scripts
[2.063s] Installing waypoint_node script to /home/loki/Documents/GitHub/saga_repo/install/loki_nav/lib/loki_nav
[2.065s] writing list of installed files to '/home/loki/Documents/GitHub/saga_repo/build/loki_nav/install.log'
[2.107s] Invoked command in '/home/loki/Documents/GitHub/saga_repo/ros2_thor/src/loki/loki_nav' returned '0': PYTHONPATH=/home/loki/Documents/GitHub/saga_repo/build/loki_nav/prefix_override:/home/loki/Documents/GitHub/saga_repo/install/loki_nav/lib/python3.10/site-packages:${PYTHONPATH} /usr/bin/python3 setup.py egg_info --egg-base ../../../../build/loki_nav build --build-base /home/loki/Documents/GitHub/saga_repo/build/loki_nav/build install --record /home/loki/Documents/GitHub/saga_repo/build/loki_nav/install.log --single-version-externally-managed
