[0.666s] Invoking command in '/home/cairlab/Documents/GitHub/saga_repo/build/loki_twist_mux': AMENT_PREFIX_PATH=/home/cairlab/Documents/GitHub/saga_repo/install/twist_mux:${AMENT_PREFIX_PATH} CMAKE_PREFIX_PATH=/home/cairlab/Documents/GitHub/saga_repo/install/twist_mux:/opt/ros/humble /usr/bin/cmake /home/cairlab/Documents/GitHub/saga_repo/ros2_thor/src/loki/loki_twist_mux -DCMAKE_INSTALL_PREFIX=/home/cairlab/Documents/GitHub/saga_repo/install/loki_twist_mux
[0.846s] -- The C compiler identification is GNU 11.4.0
[1.086s] -- The CXX compiler identification is GNU 11.4.0
[1.115s] -- Detecting C compiler ABI info
[1.466s] -- Detecting C compiler ABI info - done
[1.478s] -- Check for working C compiler: /usr/bin/cc - skipped
[1.479s] -- Detecting C compile features
[1.480s] -- Detecting C compile features - done
[1.486s] -- Detecting CXX compiler ABI info
[1.605s] -- Detecting CXX compiler ABI info - done
[1.617s] -- Check for working CXX compiler: /usr/bin/c++ - skipped
[1.618s] -- Detecting CXX compile features
[1.618s] -- Detecting CXX compile features - done
[1.622s] -- Found ament_cmake: 1.3.5 (/opt/ros/humble/share/ament_cmake/cmake)
[2.029s] -- Found Python3: /usr/bin/python3.10 (found version "3.10.12") found components: Interpreter 
[2.116s] -- Found rclcpp: 16.0.6 (/opt/ros/humble/share/rclcpp/cmake)
[2.159s] -- Found rosidl_generator_c: 3.1.5 (/opt/ros/humble/share/rosidl_generator_c/cmake)
[2.163s] -- Found rosidl_adapter: 3.1.5 (/opt/ros/humble/share/rosidl_adapter/cmake)
[2.171s] -- Found rosidl_generator_cpp: 3.1.5 (/opt/ros/humble/share/rosidl_generator_cpp/cmake)
[2.183s] -- Using all available rosidl_typesupport_c: rosidl_typesupport_fastrtps_c;rosidl_typesupport_introspection_c
[2.201s] -- Using all available rosidl_typesupport_cpp: rosidl_typesupport_fastrtps_cpp;rosidl_typesupport_introspection_cpp
[2.266s] -- Found rmw_implementation_cmake: 6.1.1 (/opt/ros/humble/share/rmw_implementation_cmake/cmake)
[2.268s] -- Found rmw_fastrtps_cpp: 6.2.4 (/opt/ros/humble/share/rmw_fastrtps_cpp/cmake)
[2.364s] -- Found OpenSSL: /usr/lib/x86_64-linux-gnu/libcrypto.so (found version "3.0.2")  
[2.388s] -- Found FastRTPS: /opt/ros/humble/include  
[2.439s] -- Using RMW implementation 'rmw_fastrtps_cpp' as default
[2.450s] -- Looking for pthread.h
[2.524s] -- Looking for pthread.h - found
[2.524s] -- Performing Test CMAKE_HAVE_LIBC_PTHREAD
[2.589s] -- Performing Test CMAKE_HAVE_LIBC_PTHREAD - Success
[2.590s] -- Found Threads: TRUE  
[2.744s] -- Found rclpy: 3.3.10 (/opt/ros/humble/share/rclpy/cmake)
[2.745s] -- Found geometry_msgs: 4.2.3 (/opt/ros/humble/share/geometry_msgs/cmake)
[2.784s] -- Found twist_mux: 4.1.0 (/home/cairlab/Documents/GitHub/saga_repo/install/twist_mux/share/twist_mux/cmake)
[3.145s] -- Configuring done
[3.150s] -- Generating done
[3.153s] -- Build files have been written to: /home/cairlab/Documents/GitHub/saga_repo/build/loki_twist_mux
[3.161s] Invoked command in '/home/cairlab/Documents/GitHub/saga_repo/build/loki_twist_mux' returned '0': AMENT_PREFIX_PATH=/home/cairlab/Documents/GitHub/saga_repo/install/twist_mux:${AMENT_PREFIX_PATH} CMAKE_PREFIX_PATH=/home/cairlab/Documents/GitHub/saga_repo/install/twist_mux:/opt/ros/humble /usr/bin/cmake /home/cairlab/Documents/GitHub/saga_repo/ros2_thor/src/loki/loki_twist_mux -DCMAKE_INSTALL_PREFIX=/home/cairlab/Documents/GitHub/saga_repo/install/loki_twist_mux
[3.163s] Invoking command in '/home/cairlab/Documents/GitHub/saga_repo/build/loki_twist_mux': AMENT_PREFIX_PATH=/home/cairlab/Documents/GitHub/saga_repo/install/twist_mux:${AMENT_PREFIX_PATH} CMAKE_PREFIX_PATH=/home/cairlab/Documents/GitHub/saga_repo/install/twist_mux:/opt/ros/humble /usr/bin/cmake --build /home/cairlab/Documents/GitHub/saga_repo/build/loki_twist_mux -- -j12 -l12
[3.196s] Invoked command in '/home/cairlab/Documents/GitHub/saga_repo/build/loki_twist_mux' returned '0': AMENT_PREFIX_PATH=/home/cairlab/Documents/GitHub/saga_repo/install/twist_mux:${AMENT_PREFIX_PATH} CMAKE_PREFIX_PATH=/home/cairlab/Documents/GitHub/saga_repo/install/twist_mux:/opt/ros/humble /usr/bin/cmake --build /home/cairlab/Documents/GitHub/saga_repo/build/loki_twist_mux -- -j12 -l12
[3.218s] Invoking command in '/home/cairlab/Documents/GitHub/saga_repo/build/loki_twist_mux': AMENT_PREFIX_PATH=/home/cairlab/Documents/GitHub/saga_repo/install/twist_mux:${AMENT_PREFIX_PATH} CMAKE_PREFIX_PATH=/home/cairlab/Documents/GitHub/saga_repo/install/twist_mux:/opt/ros/humble /usr/bin/cmake --install /home/cairlab/Documents/GitHub/saga_repo/build/loki_twist_mux
[3.226s] -- Install configuration: ""
[3.226s] -- Installing: /home/cairlab/Documents/GitHub/saga_repo/install/loki_twist_mux/share/loki_twist_mux/launch
[3.226s] -- Installing: /home/cairlab/Documents/GitHub/saga_repo/install/loki_twist_mux/share/loki_twist_mux/launch/twist_mux.launch
[3.226s] -- Installing: /home/cairlab/Documents/GitHub/saga_repo/install/loki_twist_mux/share/loki_twist_mux/config
[3.226s] -- Installing: /home/cairlab/Documents/GitHub/saga_repo/install/loki_twist_mux/share/loki_twist_mux/config/twist_mux_locks.yaml
[3.226s] -- Installing: /home/cairlab/Documents/GitHub/saga_repo/install/loki_twist_mux/share/loki_twist_mux/config/twist_mux_topics.yaml
[3.226s] -- Installing: /home/cairlab/Documents/GitHub/saga_repo/install/loki_twist_mux/share/ament_index/resource_index/package_run_dependencies/loki_twist_mux
[3.227s] -- Installing: /home/cairlab/Documents/GitHub/saga_repo/install/loki_twist_mux/share/ament_index/resource_index/parent_prefix_path/loki_twist_mux
[3.227s] -- Installing: /home/cairlab/Documents/GitHub/saga_repo/install/loki_twist_mux/share/loki_twist_mux/environment/ament_prefix_path.sh
[3.227s] -- Installing: /home/cairlab/Documents/GitHub/saga_repo/install/loki_twist_mux/share/loki_twist_mux/environment/ament_prefix_path.dsv
[3.227s] -- Installing: /home/cairlab/Documents/GitHub/saga_repo/install/loki_twist_mux/share/loki_twist_mux/environment/path.sh
[3.227s] -- Installing: /home/cairlab/Documents/GitHub/saga_repo/install/loki_twist_mux/share/loki_twist_mux/environment/path.dsv
[3.227s] -- Installing: /home/cairlab/Documents/GitHub/saga_repo/install/loki_twist_mux/share/loki_twist_mux/local_setup.bash
[3.227s] -- Installing: /home/cairlab/Documents/GitHub/saga_repo/install/loki_twist_mux/share/loki_twist_mux/local_setup.sh
[3.227s] -- Installing: /home/cairlab/Documents/GitHub/saga_repo/install/loki_twist_mux/share/loki_twist_mux/local_setup.zsh
[3.227s] -- Installing: /home/cairlab/Documents/GitHub/saga_repo/install/loki_twist_mux/share/loki_twist_mux/local_setup.dsv
[3.228s] -- Installing: /home/cairlab/Documents/GitHub/saga_repo/install/loki_twist_mux/share/loki_twist_mux/package.dsv
[3.228s] -- Installing: /home/cairlab/Documents/GitHub/saga_repo/install/loki_twist_mux/share/ament_index/resource_index/packages/loki_twist_mux
[3.228s] -- Installing: /home/cairlab/Documents/GitHub/saga_repo/install/loki_twist_mux/share/loki_twist_mux/cmake/loki_twist_muxConfig.cmake
[3.228s] -- Installing: /home/cairlab/Documents/GitHub/saga_repo/install/loki_twist_mux/share/loki_twist_mux/cmake/loki_twist_muxConfig-version.cmake
[3.228s] -- Installing: /home/cairlab/Documents/GitHub/saga_repo/install/loki_twist_mux/share/loki_twist_mux/package.xml
[3.230s] Invoked command in '/home/cairlab/Documents/GitHub/saga_repo/build/loki_twist_mux' returned '0': AMENT_PREFIX_PATH=/home/cairlab/Documents/GitHub/saga_repo/install/twist_mux:${AMENT_PREFIX_PATH} CMAKE_PREFIX_PATH=/home/cairlab/Documents/GitHub/saga_repo/install/twist_mux:/opt/ros/humble /usr/bin/cmake --install /home/cairlab/Documents/GitHub/saga_repo/build/loki_twist_mux
