[0.245s] Invoking command in '/home/odin/Documents/GitHub/saga_repo/build/rasberry_gazebo': CMAKE_PREFIX_PATH=/opt/ros/humble /usr/bin/cmake /home/odin/Documents/GitHub/saga_repo/ros2_thor/src/loki/rasberry_gazebo -DCMAKE_INSTALL_PREFIX=/home/odin/Documents/GitHub/saga_repo/install/rasberry_gazebo
[0.252s] -- Found ament_cmake: 1.3.5 (/opt/ros/humble/share/ament_cmake/cmake)
[0.354s] -- Found rclcpp: 16.0.6 (/opt/ros/humble/share/rclcpp/cmake)
[0.374s] -- Found rosidl_generator_c: 3.1.5 (/opt/ros/humble/share/rosidl_generator_c/cmake)
[0.375s] -- Found rosidl_adapter: 3.1.5 (/opt/ros/humble/share/rosidl_adapter/cmake)
[0.380s] -- Found rosidl_generator_cpp: 3.1.5 (/opt/ros/humble/share/rosidl_generator_cpp/cmake)
[0.387s] -- Using all available rosidl_typesupport_c: rosidl_typesupport_fastrtps_c;rosidl_typesupport_introspection_c
[0.398s] -- Using all available rosidl_typesupport_cpp: rosidl_typesupport_fastrtps_cpp;rosidl_typesupport_introspection_cpp
[0.441s] -- Found rmw_implementation_cmake: 6.1.1 (/opt/ros/humble/share/rmw_implementation_cmake/cmake)
[0.441s] -- Found rmw_fastrtps_cpp: 6.2.4 (/opt/ros/humble/share/rmw_fastrtps_cpp/cmake)
[0.525s] -- Using RMW implementation 'rmw_fastrtps_cpp' as default
[0.638s] -- Found rclpy: 3.3.10 (/opt/ros/humble/share/rclpy/cmake)
[0.638s] -- Found control_msgs: 4.4.0 (/opt/ros/humble/share/control_msgs/cmake)
[1.022s] -- Found tf2: 0.25.4 (/opt/ros/humble/share/tf2/cmake)
[1.028s] -- Found gazebo_ros_pkgs: 3.7.0 (/opt/ros/humble/share/gazebo_ros_pkgs/cmake)
[1.028s] -- Found nav2_map_server: 1.1.12 (/opt/ros/humble/share/nav2_map_server/cmake)
[1.432s] -- Found eigen3_cmake_module: 0.1.1 (/opt/ros/humble/share/eigen3_cmake_module/cmake)
[1.433s] -- Ensuring Eigen3 include directory is part of orocos-kdl CMake target
[2.358s] [31mCMake Error at CMakeLists.txt:17 (find_package):
[2.358s]   By not providing "Findnavigation2.cmake" in CMAKE_MODULE_PATH this project
[2.358s]   has asked CMake to find a package configuration file provided by
[2.358s]   "navigation2", but CMake did not find one.
[2.358s] 
[2.358s]   Could not find a package configuration file provided by "navigation2" with
[2.358s]   any of the following names:
[2.358s] 
[2.358s]     navigation2Config.cmake
[2.358s]     navigation2-config.cmake
[2.358s] 
[2.358s]   Add the installation prefix of "navigation2" to CMAKE_PREFIX_PATH or set
[2.358s]   "navigation2_DIR" to a directory containing one of the above files.  If
[2.358s]   "navigation2" provides a separate development package or SDK, be sure it
[2.358s]   has been installed.
[2.358s] 
[2.359s] [0m
[2.359s] -- Configuring incomplete, errors occurred!
[2.359s] See also "/home/odin/Documents/GitHub/saga_repo/build/rasberry_gazebo/CMakeFiles/CMakeOutput.log".
[2.364s] Invoked command in '/home/odin/Documents/GitHub/saga_repo/build/rasberry_gazebo' returned '1': CMAKE_PREFIX_PATH=/opt/ros/humble /usr/bin/cmake /home/odin/Documents/GitHub/saga_repo/ros2_thor/src/loki/rasberry_gazebo -DCMAKE_INSTALL_PREFIX=/home/odin/Documents/GitHub/saga_repo/install/rasberry_gazebo
