[1.700s] Invoking command in '/home/loki/Documents/GitHub/saga_repo/ros2_thor/src/loki/loki_nav': AMENT_PREFIX_PATH=/home/loki/Documents/GitHub/saga_repo/install/septentrio_gnss_driver:${AMENT_PREFIX_PATH} CMAKE_PREFIX_PATH=/home/loki/Documents/GitHub/saga_repo/install/septentrio_gnss_driver LD_LIBRARY_PATH=/home/loki/Documents/GitHub/saga_repo/install/septentrio_gnss_driver/lib:${LD_LIBRARY_PATH} PYTHONPATH=/home/loki/Documents/GitHub/saga_repo/build/loki_nav/prefix_override:/home/loki/Documents/GitHub/saga_repo/install/loki_nav/lib/python3.10/site-packages:/home/loki/Documents/GitHub/saga_repo/install/septentrio_gnss_driver/local/lib/python3.10/dist-packages:${PYTHONPATH} /usr/bin/python3 setup.py egg_info --egg-base ../../../../build/loki_nav build --build-base /home/loki/Documents/GitHub/saga_repo/build/loki_nav/build install --record /home/loki/Documents/GitHub/saga_repo/build/loki_nav/install.log --single-version-externally-managed
[2.269s] running egg_info
[2.272s] writing ../../../../build/loki_nav/loki_nav.egg-info/PKG-INFO
[2.273s] writing dependency_links to ../../../../build/loki_nav/loki_nav.egg-info/dependency_links.txt
[2.274s] writing entry points to ../../../../build/loki_nav/loki_nav.egg-info/entry_points.txt
[2.275s] writing requirements to ../../../../build/loki_nav/loki_nav.egg-info/requires.txt
[2.276s] writing top-level names to ../../../../build/loki_nav/loki_nav.egg-info/top_level.txt
[2.279s] reading manifest file '../../../../build/loki_nav/loki_nav.egg-info/SOURCES.txt'
[2.281s] writing manifest file '../../../../build/loki_nav/loki_nav.egg-info/SOURCES.txt'
[2.282s] running build
[2.284s] running build_py
[2.285s] running install
[2.286s] /usr/lib/python3/dist-packages/setuptools/command/install.py:34: SetuptoolsDeprecationWarning: setup.py install is deprecated. Use build and pip and other standards-based tools.
[2.287s]   warnings.warn(
[2.288s] running install_lib
[2.289s] running install_data
[2.289s] running install_egg_info
[2.293s] removing '/home/loki/Documents/GitHub/saga_repo/install/loki_nav/lib/python3.10/site-packages/loki_nav-2.0.0-py3.10.egg-info' (and everything under it)
[2.294s] Copying ../../../../build/loki_nav/loki_nav.egg-info to /home/loki/Documents/GitHub/saga_repo/install/loki_nav/lib/python3.10/site-packages/loki_nav-2.0.0-py3.10.egg-info
[2.295s] running install_scripts
[2.351s] Installing waypoint_node script to /home/loki/Documents/GitHub/saga_repo/install/loki_nav/lib/loki_nav
[2.354s] writing list of installed files to '/home/loki/Documents/GitHub/saga_repo/build/loki_nav/install.log'
[2.502s] Invoked command in '/home/loki/Documents/GitHub/saga_repo/ros2_thor/src/loki/loki_nav' returned '0': AMENT_PREFIX_PATH=/home/loki/Documents/GitHub/saga_repo/install/septentrio_gnss_driver:${AMENT_PREFIX_PATH} CMAKE_PREFIX_PATH=/home/loki/Documents/GitHub/saga_repo/install/septentrio_gnss_driver LD_LIBRARY_PATH=/home/loki/Documents/GitHub/saga_repo/install/septentrio_gnss_driver/lib:${LD_LIBRARY_PATH} PYTHONPATH=/home/loki/Documents/GitHub/saga_repo/build/loki_nav/prefix_override:/home/loki/Documents/GitHub/saga_repo/install/loki_nav/lib/python3.10/site-packages:/home/loki/Documents/GitHub/saga_repo/install/septentrio_gnss_driver/local/lib/python3.10/dist-packages:${PYTHONPATH} /usr/bin/python3 setup.py egg_info --egg-base ../../../../build/loki_nav build --build-base /home/loki/Documents/GitHub/saga_repo/build/loki_nav/build install --record /home/loki/Documents/GitHub/saga_repo/build/loki_nav/install.log --single-version-externally-managed
