-- The C compiler identification is GNU 11.4.0
-- The CXX compiler identification is GNU 11.4.0
-- Detecting C compiler ABI info
-- Detecting C compiler ABI info - done
-- Check for working C compiler: /usr/bin/cc - skipped
-- Detecting C compile features
-- Detecting C compile features - done
-- Detecting CXX compiler ABI info
-- Detecting CXX compiler ABI info - done
-- Check for working CXX compiler: /usr/bin/c++ - skipped
-- Detecting CXX compile features
-- Detecting CXX compile features - done
-- Found ament_cmake: 1.3.5 (/opt/ros/humble/share/ament_cmake/cmake)
-- Found Python3: /usr/bin/python3.10 (found version "3.10.12") found components: Interpreter 
-- Found ament_lint_auto: 0.12.7 (/opt/ros/humble/share/ament_lint_auto/cmake)
-- Added test 'xmllint' to check XML markup files
-- Added test 'lint_cmake' to check CMake code style
-- Configuring done
-- Generating done
-- Build files have been written to: /home/cairlab/Documents/GitHub/saga_repo/build/diagnostic_common_diagnostics
Built target ament_cmake_python_copy_diagnostic_common_diagnostics
running egg_info
creating diagnostic_common_diagnostics.egg-info
writing diagnostic_common_diagnostics.egg-info/PKG-INFO
writing dependency_links to diagnostic_common_diagnostics.egg-info/dependency_links.txt
writing top-level names to diagnostic_common_diagnostics.egg-info/top_level.txt
writing manifest file 'diagnostic_common_diagnostics.egg-info/SOURCES.txt'
reading manifest file 'diagnostic_common_diagnostics.egg-info/SOURCES.txt'
writing manifest file 'diagnostic_common_diagnostics.egg-info/SOURCES.txt'
Built target ament_cmake_python_build_diagnostic_common_diagnostics_egg
-- Install configuration: ""
-- Installing: /home/cairlab/Documents/GitHub/saga_repo/install/diagnostic_common_diagnostics/share/diagnostic_common_diagnostics/environment/pythonpath.sh
-- Installing: /home/cairlab/Documents/GitHub/saga_repo/install/diagnostic_common_diagnostics/share/diagnostic_common_diagnostics/environment/pythonpath.dsv
-- Installing: /home/cairlab/Documents/GitHub/saga_repo/install/diagnostic_common_diagnostics/local/lib/python3.10/dist-packages/diagnostic_common_diagnostics-3.1.2-py3.10.egg-info
-- Installing: /home/cairlab/Documents/GitHub/saga_repo/install/diagnostic_common_diagnostics/local/lib/python3.10/dist-packages/diagnostic_common_diagnostics-3.1.2-py3.10.egg-info/dependency_links.txt
-- Installing: /home/cairlab/Documents/GitHub/saga_repo/install/diagnostic_common_diagnostics/local/lib/python3.10/dist-packages/diagnostic_common_diagnostics-3.1.2-py3.10.egg-info/PKG-INFO
-- Installing: /home/cairlab/Documents/GitHub/saga_repo/install/diagnostic_common_diagnostics/local/lib/python3.10/dist-packages/diagnostic_common_diagnostics-3.1.2-py3.10.egg-info/SOURCES.txt
-- Installing: /home/cairlab/Documents/GitHub/saga_repo/install/diagnostic_common_diagnostics/local/lib/python3.10/dist-packages/diagnostic_common_diagnostics-3.1.2-py3.10.egg-info/top_level.txt
-- Installing: /home/cairlab/Documents/GitHub/saga_repo/install/diagnostic_common_diagnostics/local/lib/python3.10/dist-packages/diagnostic_common_diagnostics
-- Installing: /home/cairlab/Documents/GitHub/saga_repo/install/diagnostic_common_diagnostics/local/lib/python3.10/dist-packages/diagnostic_common_diagnostics/ntp_monitor.py
-- Installing: /home/cairlab/Documents/GitHub/saga_repo/install/diagnostic_common_diagnostics/local/lib/python3.10/dist-packages/diagnostic_common_diagnostics/__init__.py
Listing '/home/cairlab/Documents/GitHub/saga_repo/install/diagnostic_common_diagnostics/local/lib/python3.10/dist-packages/diagnostic_common_diagnostics'...
Compiling '/home/cairlab/Documents/GitHub/saga_repo/install/diagnostic_common_diagnostics/local/lib/python3.10/dist-packages/diagnostic_common_diagnostics/__init__.py'...
Compiling '/home/cairlab/Documents/GitHub/saga_repo/install/diagnostic_common_diagnostics/local/lib/python3.10/dist-packages/diagnostic_common_diagnostics/ntp_monitor.py'...
-- Installing: /home/cairlab/Documents/GitHub/saga_repo/install/diagnostic_common_diagnostics/lib/diagnostic_common_diagnostics/ntp_monitor.py
-- Installing: /home/cairlab/Documents/GitHub/saga_repo/install/diagnostic_common_diagnostics/share/ament_index/resource_index/package_run_dependencies/diagnostic_common_diagnostics
-- Installing: /home/cairlab/Documents/GitHub/saga_repo/install/diagnostic_common_diagnostics/share/ament_index/resource_index/parent_prefix_path/diagnostic_common_diagnostics
-- Installing: /home/cairlab/Documents/GitHub/saga_repo/install/diagnostic_common_diagnostics/share/diagnostic_common_diagnostics/environment/ament_prefix_path.sh
-- Installing: /home/cairlab/Documents/GitHub/saga_repo/install/diagnostic_common_diagnostics/share/diagnostic_common_diagnostics/environment/ament_prefix_path.dsv
-- Installing: /home/cairlab/Documents/GitHub/saga_repo/install/diagnostic_common_diagnostics/share/diagnostic_common_diagnostics/environment/path.sh
-- Installing: /home/cairlab/Documents/GitHub/saga_repo/install/diagnostic_common_diagnostics/share/diagnostic_common_diagnostics/environment/path.dsv
-- Installing: /home/cairlab/Documents/GitHub/saga_repo/install/diagnostic_common_diagnostics/share/diagnostic_common_diagnostics/local_setup.bash
-- Installing: /home/cairlab/Documents/GitHub/saga_repo/install/diagnostic_common_diagnostics/share/diagnostic_common_diagnostics/local_setup.sh
-- Installing: /home/cairlab/Documents/GitHub/saga_repo/install/diagnostic_common_diagnostics/share/diagnostic_common_diagnostics/local_setup.zsh
-- Installing: /home/cairlab/Documents/GitHub/saga_repo/install/diagnostic_common_diagnostics/share/diagnostic_common_diagnostics/local_setup.dsv
-- Installing: /home/cairlab/Documents/GitHub/saga_repo/install/diagnostic_common_diagnostics/share/diagnostic_common_diagnostics/package.dsv
-- Installing: /home/cairlab/Documents/GitHub/saga_repo/install/diagnostic_common_diagnostics/share/ament_index/resource_index/packages/diagnostic_common_diagnostics
-- Installing: /home/cairlab/Documents/GitHub/saga_repo/install/diagnostic_common_diagnostics/share/diagnostic_common_diagnostics/cmake/diagnostic_common_diagnosticsConfig.cmake
-- Installing: /home/cairlab/Documents/GitHub/saga_repo/install/diagnostic_common_diagnostics/share/diagnostic_common_diagnostics/cmake/diagnostic_common_diagnosticsConfig-version.cmake
-- Installing: /home/cairlab/Documents/GitHub/saga_repo/install/diagnostic_common_diagnostics/share/diagnostic_common_diagnostics/package.xml
