[0.510s] Invoking command in '/home/loki/Documents/GitHub/saga_repo/build/loki_twist_mux': /usr/bin/cmake /home/loki/Documents/GitHub/saga_repo/ros2_thor/src/loki/loki_twist_mux -DCMAKE_INSTALL_PREFIX=/home/loki/Documents/GitHub/saga_repo/install/loki_twist_mux
[0.627s] -- The C compiler identification is GNU 11.4.0
[0.886s] -- The CXX compiler identification is GNU 11.4.0
[0.915s] -- Detecting C compiler ABI info
[1.125s] -- Detecting C compiler ABI info - done
[1.134s] -- Check for working C compiler: /usr/bin/cc - skipped
[1.135s] -- Detecting C compile features
[1.136s] -- Detecting C compile features - done
[1.142s] -- Detecting CXX compiler ABI info
[1.390s] -- Detecting CXX compiler ABI info - done
[1.411s] -- Check for working CXX compiler: /usr/bin/c++ - skipped
[1.413s] -- Detecting CXX compile features
[1.413s] -- Detecting CXX compile features - done
[1.433s] [31mCMake Error at CMakeLists.txt:4 (find_package):
[1.433s]   By not providing "Findament_cmake.cmake" in CMAKE_MODULE_PATH this project
[1.433s]   has asked CMake to find a package configuration file provided by
[1.433s]   "ament_cmake", but CMake did not find one.
[1.433s] 
[1.434s]   Could not find a package configuration file provided by "ament_cmake" with
[1.434s]   any of the following names:
[1.434s] 
[1.434s]     ament_cmakeConfig.cmake
[1.434s]     ament_cmake-config.cmake
[1.434s] 
[1.434s]   Add the installation prefix of "ament_cmake" to CMAKE_PREFIX_PATH or set
[1.434s]   "ament_cmake_DIR" to a directory containing one of the above files.  If
[1.434s]   "ament_cmake" provides a separate development package or SDK, be sure it
[1.434s]   has been installed.
[1.435s] 
[1.435s] [0m
[1.435s] -- Configuring incomplete, errors occurred!
[1.435s] See also "/home/loki/Documents/GitHub/saga_repo/build/loki_twist_mux/CMakeFiles/CMakeOutput.log".
