[1.488s] Invoking command in '/home/loki/Documents/GitHub/saga_repo/ros2_thor/src/loki/loki_nav': AMENT_PREFIX_PATH=/home/loki/Documents/GitHub/saga_repo/install/septentrio_gnss_driver:${AMENT_PREFIX_PATH} CMAKE_PREFIX_PATH=/home/loki/Documents/GitHub/saga_repo/install/septentrio_gnss_driver LD_LIBRARY_PATH=/home/loki/Documents/GitHub/saga_repo/install/septentrio_gnss_driver/lib:${LD_LIBRARY_PATH} PYTHONPATH=/home/loki/Documents/GitHub/saga_repo/build/loki_nav/prefix_override:/home/loki/Documents/GitHub/saga_repo/install/loki_nav/lib/python3.10/site-packages:/home/loki/Documents/GitHub/saga_repo/install/septentrio_gnss_driver/local/lib/python3.10/dist-packages:${PYTHONPATH} /usr/bin/python3 setup.py egg_info --egg-base ../../../../build/loki_nav build --build-base /home/loki/Documents/GitHub/saga_repo/build/loki_nav/build install --record /home/loki/Documents/GitHub/saga_repo/build/loki_nav/install.log --single-version-externally-managed
[1.925s] running egg_info
[1.928s] writing ../../../../build/loki_nav/loki_nav.egg-info/PKG-INFO
[1.928s] writing dependency_links to ../../../../build/loki_nav/loki_nav.egg-info/dependency_links.txt
[1.928s] writing entry points to ../../../../build/loki_nav/loki_nav.egg-info/entry_points.txt
[1.928s] writing requirements to ../../../../build/loki_nav/loki_nav.egg-info/requires.txt
[1.928s] writing top-level names to ../../../../build/loki_nav/loki_nav.egg-info/top_level.txt
[1.929s] reading manifest file '../../../../build/loki_nav/loki_nav.egg-info/SOURCES.txt'
[1.931s] writing manifest file '../../../../build/loki_nav/loki_nav.egg-info/SOURCES.txt'
[1.931s] running build
[1.931s] running build_py
[1.931s] copying loki_nav/waypoint_node.py -> /home/loki/Documents/GitHub/saga_repo/build/loki_nav/build/lib/loki_nav
[1.932s] running install
[1.932s] /usr/lib/python3/dist-packages/setuptools/command/install.py:34: SetuptoolsDeprecationWarning: setup.py install is deprecated. Use build and pip and other standards-based tools.
[1.933s]   warnings.warn(
[1.933s] running install_lib
[1.934s] copying /home/loki/Documents/GitHub/saga_repo/build/loki_nav/build/lib/loki_nav/waypoint_node.py -> /home/loki/Documents/GitHub/saga_repo/install/loki_nav/lib/python3.10/site-packages/loki_nav
[1.935s] byte-compiling /home/loki/Documents/GitHub/saga_repo/install/loki_nav/lib/python3.10/site-packages/loki_nav/waypoint_node.py to waypoint_node.cpython-310.pyc
[1.936s] Sorry: IndentationError: unindent does not match any outer indentation level (waypoint_node.py, line 84)
[1.936s] running install_data
[1.937s] running install_egg_info
[1.940s] removing '/home/loki/Documents/GitHub/saga_repo/install/loki_nav/lib/python3.10/site-packages/loki_nav-2.0.0-py3.10.egg-info' (and everything under it)
[1.940s] Copying ../../../../build/loki_nav/loki_nav.egg-info to /home/loki/Documents/GitHub/saga_repo/install/loki_nav/lib/python3.10/site-packages/loki_nav-2.0.0-py3.10.egg-info
[1.941s] running install_scripts
[1.980s] Installing waypoint_node script to /home/loki/Documents/GitHub/saga_repo/install/loki_nav/lib/loki_nav
[1.981s] writing list of installed files to '/home/loki/Documents/GitHub/saga_repo/build/loki_nav/install.log'
[2.264s] Invoked command in '/home/loki/Documents/GitHub/saga_repo/ros2_thor/src/loki/loki_nav' returned '0': AMENT_PREFIX_PATH=/home/loki/Documents/GitHub/saga_repo/install/septentrio_gnss_driver:${AMENT_PREFIX_PATH} CMAKE_PREFIX_PATH=/home/loki/Documents/GitHub/saga_repo/install/septentrio_gnss_driver LD_LIBRARY_PATH=/home/loki/Documents/GitHub/saga_repo/install/septentrio_gnss_driver/lib:${LD_LIBRARY_PATH} PYTHONPATH=/home/loki/Documents/GitHub/saga_repo/build/loki_nav/prefix_override:/home/loki/Documents/GitHub/saga_repo/install/loki_nav/lib/python3.10/site-packages:/home/loki/Documents/GitHub/saga_repo/install/septentrio_gnss_driver/local/lib/python3.10/dist-packages:${PYTHONPATH} /usr/bin/python3 setup.py egg_info --egg-base ../../../../build/loki_nav build --build-base /home/loki/Documents/GitHub/saga_repo/build/loki_nav/build install --record /home/loki/Documents/GitHub/saga_repo/build/loki_nav/install.log --single-version-externally-managed
