[0.228s] Invoking command in '/home/odin/Documents/GitHub/saga_repo/build/rasberry_gazebo': CMAKE_PREFIX_PATH=/opt/ros/humble /usr/bin/cmake /home/odin/Documents/GitHub/saga_repo/ros2_thor/src/loki/rasberry_gazebo -DCMAKE_INSTALL_PREFIX=/home/odin/Documents/GitHub/saga_repo/install/rasberry_gazebo
[0.235s] -- Found ament_cmake: 1.3.5 (/opt/ros/humble/share/ament_cmake/cmake)
[0.346s] -- Found rclcpp: 16.0.6 (/opt/ros/humble/share/rclcpp/cmake)
[0.376s] -- Found rosidl_generator_c: 3.1.5 (/opt/ros/humble/share/rosidl_generator_c/cmake)
[0.378s] -- Found rosidl_adapter: 3.1.5 (/opt/ros/humble/share/rosidl_adapter/cmake)
[0.382s] -- Found rosidl_generator_cpp: 3.1.5 (/opt/ros/humble/share/rosidl_generator_cpp/cmake)
[0.390s] -- Using all available rosidl_typesupport_c: rosidl_typesupport_fastrtps_c;rosidl_typesupport_introspection_c
[0.402s] -- Using all available rosidl_typesupport_cpp: rosidl_typesupport_fastrtps_cpp;rosidl_typesupport_introspection_cpp
[0.445s] -- Found rmw_implementation_cmake: 6.1.1 (/opt/ros/humble/share/rmw_implementation_cmake/cmake)
[0.446s] -- Found rmw_fastrtps_cpp: 6.2.4 (/opt/ros/humble/share/rmw_fastrtps_cpp/cmake)
[0.537s] -- Using RMW implementation 'rmw_fastrtps_cpp' as default
[0.652s] -- Found rclpy: 3.3.10 (/opt/ros/humble/share/rclpy/cmake)
[0.652s] -- Found control_msgs: 4.4.0 (/opt/ros/humble/share/control_msgs/cmake)
[0.994s] -- Found tf2: 0.25.4 (/opt/ros/humble/share/tf2/cmake)
[0.999s] -- Found gazebo_ros_pkgs: 3.7.0 (/opt/ros/humble/share/gazebo_ros_pkgs/cmake)
[0.999s] -- Found nav2_map_server: 1.1.12 (/opt/ros/humble/share/nav2_map_server/cmake)
[1.409s] -- Found eigen3_cmake_module: 0.1.1 (/opt/ros/humble/share/eigen3_cmake_module/cmake)
[1.410s] -- Ensuring Eigen3 include directory is part of orocos-kdl CMake target
[2.402s] -- Found navigation2: 1.1.12 (/opt/ros/humble/share/navigation2/cmake)
[2.413s] [31mCMake Error at CMakeLists.txt:18 (find_package):
[2.413s]   By not providing "Findrobot_localization.cmake" in CMAKE_MODULE_PATH this
[2.414s]   project has asked CMake to find a package configuration file provided by
[2.414s]   "robot_localization", but CMake did not find one.
[2.414s] 
[2.414s]   Could not find a package configuration file provided by
[2.414s]   "robot_localization" with any of the following names:
[2.414s] 
[2.414s]     robot_localizationConfig.cmake
[2.414s]     robot_localization-config.cmake
[2.414s] 
[2.414s]   Add the installation prefix of "robot_localization" to CMAKE_PREFIX_PATH or
[2.414s]   set "robot_localization_DIR" to a directory containing one of the above
[2.414s]   files.  If "robot_localization" provides a separate development package or
[2.414s]   SDK, be sure it has been installed.
[2.415s] 
[2.415s] [0m
[2.415s] -- Configuring incomplete, errors occurred!
[2.415s] See also "/home/odin/Documents/GitHub/saga_repo/build/rasberry_gazebo/CMakeFiles/CMakeOutput.log".
[2.425s] Invoked command in '/home/odin/Documents/GitHub/saga_repo/build/rasberry_gazebo' returned '1': CMAKE_PREFIX_PATH=/opt/ros/humble /usr/bin/cmake /home/odin/Documents/GitHub/saga_repo/ros2_thor/src/loki/rasberry_gazebo -DCMAKE_INSTALL_PREFIX=/home/odin/Documents/GitHub/saga_repo/install/rasberry_gazebo
