[0.035s] Invoking command in '/home/loki/Documents/GitHub/saga_repo/build/loki_can_devices': AMENT_PREFIX_PATH=/home/loki/Documents/GitHub/saga_repo/install/loki_msgs:/home/loki/Documents/GitHub/saga_repo/install/loki_description:${AMENT_PREFIX_PATH} CMAKE_PREFIX_PATH=/home/loki/Documents/GitHub/saga_repo/install/loki_msgs:/home/loki/Documents/GitHub/saga_repo/install/loki_description:/opt/ros/humble LD_LIBRARY_PATH=/home/loki/Documents/GitHub/saga_repo/install/loki_msgs/lib:${LD_LIBRARY_PATH} PYTHONPATH=/home/loki/Documents/GitHub/saga_repo/install/loki_msgs/local/lib/python3.10/dist-packages:${PYTHONPATH} /usr/bin/cmake --build /home/loki/Documents/GitHub/saga_repo/build/loki_can_devices -- -j8 -l8
[0.084s] [ 81%] Built target can
[0.098s] [35m[1mConsolidate compiler generated dependencies of target pytocpp[0m
[0.123s] [ 90%] [32mBuilding CXX object CMakeFiles/pytocpp.dir/src/py_to_cpp.cpp.o[0m
[3.462s] In file included from [01m[K/opt/ros/humble/include/rclcpp/rclcpp/logging.hpp:24[m[K,
[3.462s]                  from [01m[K/opt/ros/humble/include/rclcpp/rclcpp/client.hpp:40[m[K,
[3.462s]                  from [01m[K/opt/ros/humble/include/rclcpp/rclcpp/callback_group.hpp:24[m[K,
[3.462s]                  from [01m[K/opt/ros/humble/include/rclcpp/rclcpp/any_executable.hpp:20[m[K,
[3.463s]                  from [01m[K/opt/ros/humble/include/rclcpp/rclcpp/memory_strategy.hpp:25[m[K,
[3.463s]                  from [01m[K/opt/ros/humble/include/rclcpp/rclcpp/memory_strategies.hpp:18[m[K,
[3.463s]                  from [01m[K/opt/ros/humble/include/rclcpp/rclcpp/executor_options.hpp:20[m[K,
[3.463s]                  from [01m[K/opt/ros/humble/include/rclcpp/rclcpp/executor.hpp:37[m[K,
[3.463s]                  from [01m[K/opt/ros/humble/include/rclcpp/rclcpp/executors/multi_threaded_executor.hpp:25[m[K,
[3.463s]                  from [01m[K/opt/ros/humble/include/rclcpp/rclcpp/executors.hpp:21[m[K,
[3.463s]                  from [01m[K/opt/ros/humble/include/rclcpp/rclcpp/rclcpp.hpp:155[m[K,
[3.463s]                  from [01m[K/home/loki/Documents/GitHub/saga_repo/ros2_thor/src/loki/loki_can_devices/src/py_to_cpp.cpp:1[m[K:
[3.463s] [01m[K/home/loki/Documents/GitHub/saga_repo/ros2_thor/src/loki/loki_can_devices/src/py_to_cpp.cpp:[m[K In member function ‘[01m[Kbool PyToCpp::server_drive_cmds(std::shared_ptr<loki_msgs::srv::DriveCmds_Request_<std::allocator<void> > >, std::shared_ptr<loki_msgs::srv::DriveCmds_Response_<std::allocator<void> > >)[m[K’:
[3.463s] [01m[K/home/loki/Documents/GitHub/saga_repo/ros2_thor/src/loki/loki_can_devices/src/py_to_cpp.cpp:521:49:[m[K [01;35m[Kwarning: [m[Kformat ‘[01m[K%s[m[K’ expects argument of type ‘[01m[Kchar*[m[K’, but argument 5 has type ‘[01m[Kstd::vector<double, std::allocator<double> >[m[K’ [[01;35m[K]8;;https://gcc.gnu.org/onlinedocs/gcc/Warning-Options.html#index-Wformat=-Wformat=]8;;[m[K]
[3.464s]   521 |                 RCLCPP_INFO(this->get_logger(), [01;35m[K"propspeed %s"[m[K, base_command_out_.prop_speed);
[3.464s]       |                                                 [01;35m[K^~~~~~~~~~~~~~[m[K
[3.464s] [01m[K/home/loki/Documents/GitHub/saga_repo/ros2_thor/src/loki/loki_can_devices/src/py_to_cpp.cpp:521:61:[m[K [01;36m[Knote: [m[Kformat string is defined here
[3.464s]   521 |                 RCLCPP_INFO(this->get_logger(), "propspeed [01;36m[K%s[m[K", base_command_out_.prop_speed);
[3.464s]       |                                                            [01;36m[K~^[m[K
[3.464s]       |                                                             [01;36m[K|[m[K
[3.464s]       |                                                             [01;36m[Kchar*[m[K
[18.491s] [100%] [32m[1mLinking CXX executable pytocpp[0m
[19.779s] [100%] Built target pytocpp
[19.786s] Invoked command in '/home/loki/Documents/GitHub/saga_repo/build/loki_can_devices' returned '0': AMENT_PREFIX_PATH=/home/loki/Documents/GitHub/saga_repo/install/loki_msgs:/home/loki/Documents/GitHub/saga_repo/install/loki_description:${AMENT_PREFIX_PATH} CMAKE_PREFIX_PATH=/home/loki/Documents/GitHub/saga_repo/install/loki_msgs:/home/loki/Documents/GitHub/saga_repo/install/loki_description:/opt/ros/humble LD_LIBRARY_PATH=/home/loki/Documents/GitHub/saga_repo/install/loki_msgs/lib:${LD_LIBRARY_PATH} PYTHONPATH=/home/loki/Documents/GitHub/saga_repo/install/loki_msgs/local/lib/python3.10/dist-packages:${PYTHONPATH} /usr/bin/cmake --build /home/loki/Documents/GitHub/saga_repo/build/loki_can_devices -- -j8 -l8
[19.817s] Invoking command in '/home/loki/Documents/GitHub/saga_repo/build/loki_can_devices': AMENT_PREFIX_PATH=/home/loki/Documents/GitHub/saga_repo/install/loki_msgs:/home/loki/Documents/GitHub/saga_repo/install/loki_description:${AMENT_PREFIX_PATH} CMAKE_PREFIX_PATH=/home/loki/Documents/GitHub/saga_repo/install/loki_msgs:/home/loki/Documents/GitHub/saga_repo/install/loki_description:/opt/ros/humble LD_LIBRARY_PATH=/home/loki/Documents/GitHub/saga_repo/install/loki_msgs/lib:${LD_LIBRARY_PATH} PYTHONPATH=/home/loki/Documents/GitHub/saga_repo/install/loki_msgs/local/lib/python3.10/dist-packages:${PYTHONPATH} /usr/bin/cmake --install /home/loki/Documents/GitHub/saga_repo/build/loki_can_devices
[19.822s] -- Install configuration: ""
[19.822s] -- Up-to-date: /home/loki/Documents/GitHub/saga_repo/install/loki_can_devices/include
[19.822s] -- Up-to-date: /home/loki/Documents/GitHub/saga_repo/install/loki_can_devices/include/loki_can_devices
[19.822s] -- Up-to-date: /home/loki/Documents/GitHub/saga_repo/install/loki_can_devices/include/loki_can_devices/kc_battery.h
[19.822s] -- Up-to-date: /home/loki/Documents/GitHub/saga_repo/install/loki_can_devices/include/loki_can_devices/RoboteqFbl2360.h
[19.823s] -- Up-to-date: /home/loki/Documents/GitHub/saga_repo/install/loki_can_devices/include/loki_can_devices/can_frame.h
[19.823s] -- Up-to-date: /home/loki/Documents/GitHub/saga_repo/install/loki_can_devices/include/loki_can_devices/can_line_socketcan.h
[19.823s] -- Up-to-date: /home/loki/Documents/GitHub/saga_repo/install/loki_can_devices/include/loki_can_devices/can_battery_itf.h
[19.823s] -- Up-to-date: /home/loki/Documents/GitHub/saga_repo/install/loki_can_devices/include/loki_can_devices/can_ctrl_pltf.h
[19.823s] -- Up-to-date: /home/loki/Documents/GitHub/saga_repo/install/loki_can_devices/include/loki_can_devices/RoboteqFbl2360Diff.h
[19.823s] -- Up-to-date: /home/loki/Documents/GitHub/saga_repo/install/loki_can_devices/include/loki_can_devices/can_io_v1uv.h
[19.823s] -- Up-to-date: /home/loki/Documents/GitHub/saga_repo/install/loki_can_devices/include/loki_can_devices/can_io_itf.h
[19.823s] -- Up-to-date: /home/loki/Documents/GitHub/saga_repo/install/loki_can_devices/include/loki_can_devices/can_line_itf.h
[19.823s] -- Up-to-date: /home/loki/Documents/GitHub/saga_repo/install/loki_can_devices/include/loki_can_devices/CanDriveItf.h
[19.823s] -- Up-to-date: /home/loki/Documents/GitHub/saga_repo/install/loki_can_devices/include/loki_can_devices/can_io_v1pcb.h
[19.824s] -- Up-to-date: /home/loki/Documents/GitHub/saga_repo/install/loki_can_devices/share/loki_can_devices/launch
[19.824s] -- Up-to-date: /home/loki/Documents/GitHub/saga_repo/install/loki_can_devices/share/loki_can_devices/launch/pytocpp.launch.py
[19.824s] -- Up-to-date: /home/loki/Documents/GitHub/saga_repo/install/loki_can_devices/lib/libcan.so
[19.824s] -- Installing: /home/loki/Documents/GitHub/saga_repo/install/loki_can_devices/lib/loki_can_devices/pytocpp
[19.839s] -- Set runtime path of "/home/loki/Documents/GitHub/saga_repo/install/loki_can_devices/lib/loki_can_devices/pytocpp" to ""
[19.839s] -- Up-to-date: /home/loki/Documents/GitHub/saga_repo/install/loki_can_devices/share/loki_can_devices/environment/library_path.sh
[19.839s] -- Up-to-date: /home/loki/Documents/GitHub/saga_repo/install/loki_can_devices/share/loki_can_devices/environment/library_path.dsv
[19.839s] -- Up-to-date: /home/loki/Documents/GitHub/saga_repo/install/loki_can_devices/share/ament_index/resource_index/package_run_dependencies/loki_can_devices
[19.839s] -- Up-to-date: /home/loki/Documents/GitHub/saga_repo/install/loki_can_devices/share/ament_index/resource_index/parent_prefix_path/loki_can_devices
[19.839s] -- Up-to-date: /home/loki/Documents/GitHub/saga_repo/install/loki_can_devices/share/loki_can_devices/environment/ament_prefix_path.sh
[19.839s] -- Up-to-date: /home/loki/Documents/GitHub/saga_repo/install/loki_can_devices/share/loki_can_devices/environment/ament_prefix_path.dsv
[19.840s] -- Up-to-date: /home/loki/Documents/GitHub/saga_repo/install/loki_can_devices/share/loki_can_devices/environment/path.sh
[19.840s] -- Up-to-date: /home/loki/Documents/GitHub/saga_repo/install/loki_can_devices/share/loki_can_devices/environment/path.dsv
[19.840s] -- Up-to-date: /home/loki/Documents/GitHub/saga_repo/install/loki_can_devices/share/loki_can_devices/local_setup.bash
[19.840s] -- Up-to-date: /home/loki/Documents/GitHub/saga_repo/install/loki_can_devices/share/loki_can_devices/local_setup.sh
[19.840s] -- Up-to-date: /home/loki/Documents/GitHub/saga_repo/install/loki_can_devices/share/loki_can_devices/local_setup.zsh
[19.840s] -- Up-to-date: /home/loki/Documents/GitHub/saga_repo/install/loki_can_devices/share/loki_can_devices/local_setup.dsv
[19.840s] -- Installing: /home/loki/Documents/GitHub/saga_repo/install/loki_can_devices/share/loki_can_devices/package.dsv
[19.840s] -- Up-to-date: /home/loki/Documents/GitHub/saga_repo/install/loki_can_devices/share/ament_index/resource_index/packages/loki_can_devices
[19.840s] -- Up-to-date: /home/loki/Documents/GitHub/saga_repo/install/loki_can_devices/share/loki_can_devices/cmake/ConfigExtras.cmake
[19.840s] -- Up-to-date: /home/loki/Documents/GitHub/saga_repo/install/loki_can_devices/share/loki_can_devices/cmake/ament_cmake_export_dependencies-extras.cmake
[19.840s] -- Up-to-date: /home/loki/Documents/GitHub/saga_repo/install/loki_can_devices/share/loki_can_devices/cmake/ament_cmake_export_include_directories-extras.cmake
[19.841s] -- Up-to-date: /home/loki/Documents/GitHub/saga_repo/install/loki_can_devices/share/loki_can_devices/cmake/ament_cmake_export_libraries-extras.cmake
[19.841s] -- Up-to-date: /home/loki/Documents/GitHub/saga_repo/install/loki_can_devices/share/loki_can_devices/cmake/loki_can_devicesConfig.cmake
[19.841s] -- Up-to-date: /home/loki/Documents/GitHub/saga_repo/install/loki_can_devices/share/loki_can_devices/cmake/loki_can_devicesConfig-version.cmake
[19.842s] -- Up-to-date: /home/loki/Documents/GitHub/saga_repo/install/loki_can_devices/share/loki_can_devices/package.xml
[19.842s] Invoked command in '/home/loki/Documents/GitHub/saga_repo/build/loki_can_devices' returned '0': AMENT_PREFIX_PATH=/home/loki/Documents/GitHub/saga_repo/install/loki_msgs:/home/loki/Documents/GitHub/saga_repo/install/loki_description:${AMENT_PREFIX_PATH} CMAKE_PREFIX_PATH=/home/loki/Documents/GitHub/saga_repo/install/loki_msgs:/home/loki/Documents/GitHub/saga_repo/install/loki_description:/opt/ros/humble LD_LIBRARY_PATH=/home/loki/Documents/GitHub/saga_repo/install/loki_msgs/lib:${LD_LIBRARY_PATH} PYTHONPATH=/home/loki/Documents/GitHub/saga_repo/install/loki_msgs/local/lib/python3.10/dist-packages:${PYTHONPATH} /usr/bin/cmake --install /home/loki/Documents/GitHub/saga_repo/build/loki_can_devices
