[0.995s] Invoking command in '/home/cairlab/Documents/GitHub/saga_repo/ros2_thor/src/loki/loki_base': AMENT_PREFIX_PATH=/home/cairlab/Documents/GitHub/saga_repo/install/loki_can_devices:/home/cairlab/Documents/GitHub/saga_repo/install/loki_msgs:/home/cairlab/Documents/GitHub/saga_repo/install/loki_description:${AMENT_PREFIX_PATH} CMAKE_PREFIX_PATH=/home/cairlab/Documents/GitHub/saga_repo/install/loki_can_devices:/home/cairlab/Documents/GitHub/saga_repo/install/loki_msgs:/home/cairlab/Documents/GitHub/saga_repo/install/loki_description LD_LIBRARY_PATH=/home/cairlab/Documents/GitHub/saga_repo/install/loki_can_devices/lib:/home/cairlab/Documents/GitHub/saga_repo/install/loki_msgs/lib:${LD_LIBRARY_PATH} PYTHONPATH=/home/cairlab/Documents/GitHub/saga_repo/build/loki_base/prefix_override:/home/cairlab/Documents/GitHub/saga_repo/install/loki_base/lib/python3.10/site-packages:/home/cairlab/Documents/GitHub/saga_repo/install/loki_msgs/local/lib/python3.10/dist-packages:${PYTHONPATH} /usr/bin/python3 setup.py egg_info --egg-base ../../../../build/loki_base build --build-base /home/cairlab/Documents/GitHub/saga_repo/build/loki_base/build install --record /home/cairlab/Documents/GitHub/saga_repo/build/loki_base/install.log --single-version-externally-managed
[1.203s] running egg_info
[1.217s] writing ../../../../build/loki_base/loki_base.egg-info/PKG-INFO
[1.217s] writing dependency_links to ../../../../build/loki_base/loki_base.egg-info/dependency_links.txt
[1.217s] writing entry points to ../../../../build/loki_base/loki_base.egg-info/entry_points.txt
[1.217s] writing requirements to ../../../../build/loki_base/loki_base.egg-info/requires.txt
[1.217s] writing top-level names to ../../../../build/loki_base/loki_base.egg-info/top_level.txt
[1.248s] reading manifest file '../../../../build/loki_base/loki_base.egg-info/SOURCES.txt'
[1.249s] writing manifest file '../../../../build/loki_base/loki_base.egg-info/SOURCES.txt'
[1.249s] running build
[1.249s] running build_py
[1.250s] running install
[1.250s] /home/cairlab/.local/lib/python3.10/site-packages/setuptools/_distutils/cmd.py:66: SetuptoolsDeprecationWarning: setup.py install is deprecated.
[1.250s] !!
[1.250s] 
[1.251s]         ********************************************************************************
[1.251s]         Please avoid running ``setup.py`` directly.
[1.251s]         Instead, use pypa/build, pypa/installer or other
[1.251s]         standards-based tools.
[1.251s] 
[1.251s]         See https://blog.ganssle.io/articles/2021/10/setup-py-deprecated.html for details.
[1.251s]         ********************************************************************************
[1.251s] 
[1.251s] !!
[1.251s]   self.initialize_options()
[1.256s] running install_lib
[1.270s] running install_data
[1.286s] running install_egg_info
[1.300s] removing '/home/cairlab/Documents/GitHub/saga_repo/install/loki_base/lib/python3.10/site-packages/loki_base-2.0.0-py3.10.egg-info' (and everything under it)
[1.300s] Copying ../../../../build/loki_base/loki_base.egg-info to /home/cairlab/Documents/GitHub/saga_repo/install/loki_base/lib/python3.10/site-packages/loki_base-2.0.0-py3.10.egg-info
[1.302s] running install_scripts
[1.450s] Installing base_driver script to /home/cairlab/Documents/GitHub/saga_repo/install/loki_base/lib/loki_base
[1.450s] Installing enlcosure_board_serial script to /home/cairlab/Documents/GitHub/saga_repo/install/loki_base/lib/loki_base
[1.450s] writing list of installed files to '/home/cairlab/Documents/GitHub/saga_repo/build/loki_base/install.log'
[1.490s] Invoked command in '/home/cairlab/Documents/GitHub/saga_repo/ros2_thor/src/loki/loki_base' returned '0': AMENT_PREFIX_PATH=/home/cairlab/Documents/GitHub/saga_repo/install/loki_can_devices:/home/cairlab/Documents/GitHub/saga_repo/install/loki_msgs:/home/cairlab/Documents/GitHub/saga_repo/install/loki_description:${AMENT_PREFIX_PATH} CMAKE_PREFIX_PATH=/home/cairlab/Documents/GitHub/saga_repo/install/loki_can_devices:/home/cairlab/Documents/GitHub/saga_repo/install/loki_msgs:/home/cairlab/Documents/GitHub/saga_repo/install/loki_description LD_LIBRARY_PATH=/home/cairlab/Documents/GitHub/saga_repo/install/loki_can_devices/lib:/home/cairlab/Documents/GitHub/saga_repo/install/loki_msgs/lib:${LD_LIBRARY_PATH} PYTHONPATH=/home/cairlab/Documents/GitHub/saga_repo/build/loki_base/prefix_override:/home/cairlab/Documents/GitHub/saga_repo/install/loki_base/lib/python3.10/site-packages:/home/cairlab/Documents/GitHub/saga_repo/install/loki_msgs/local/lib/python3.10/dist-packages:${PYTHONPATH} /usr/bin/python3 setup.py egg_info --egg-base ../../../../build/loki_base build --build-base /home/cairlab/Documents/GitHub/saga_repo/build/loki_base/build install --record /home/cairlab/Documents/GitHub/saga_repo/build/loki_base/install.log --single-version-externally-managed
