[0.857s] Invoking command in '/home/loki/Documents/GitHub/saga_repo/build/loki_twist_mux': CMAKE_PREFIX_PATH=/opt/ros/humble /usr/bin/cmake --build /home/loki/Documents/GitHub/saga_repo/build/loki_twist_mux -- -j4 -l4
[0.995s] Invoked command in '/home/loki/Documents/GitHub/saga_repo/build/loki_twist_mux' returned '0': CMAKE_PREFIX_PATH=/opt/ros/humble /usr/bin/cmake --build /home/loki/Documents/GitHub/saga_repo/build/loki_twist_mux -- -j4 -l4
[1.081s] Invoking command in '/home/loki/Documents/GitHub/saga_repo/build/loki_twist_mux': CMAKE_PREFIX_PATH=/opt/ros/humble /usr/bin/cmake --install /home/loki/Documents/GitHub/saga_repo/build/loki_twist_mux
[1.157s] -- Install configuration: ""
[1.158s] -- Up-to-date: /home/loki/Documents/GitHub/saga_repo/install/loki_twist_mux/share/loki_twist_mux/launch
[1.158s] -- Up-to-date: /home/loki/Documents/GitHub/saga_repo/install/loki_twist_mux/share/loki_twist_mux/launch/twist_mux.launch
[1.162s] -- Up-to-date: /home/loki/Documents/GitHub/saga_repo/install/loki_twist_mux/share/loki_twist_mux/config
[1.163s] -- Up-to-date: /home/loki/Documents/GitHub/saga_repo/install/loki_twist_mux/share/loki_twist_mux/config/twist_mux_topics.yaml
[1.164s] -- Up-to-date: /home/loki/Documents/GitHub/saga_repo/install/loki_twist_mux/share/loki_twist_mux/config/twist_mux_locks.yaml
[1.165s] -- Up-to-date: /home/loki/Documents/GitHub/saga_repo/install/loki_twist_mux/share/ament_index/resource_index/package_run_dependencies/loki_twist_mux
[1.165s] -- Up-to-date: /home/loki/Documents/GitHub/saga_repo/install/loki_twist_mux/share/ament_index/resource_index/parent_prefix_path/loki_twist_mux
[1.166s] -- Up-to-date: /home/loki/Documents/GitHub/saga_repo/install/loki_twist_mux/share/loki_twist_mux/environment/ament_prefix_path.sh
[1.168s] -- Up-to-date: /home/loki/Documents/GitHub/saga_repo/install/loki_twist_mux/share/loki_twist_mux/environment/ament_prefix_path.dsv
[1.169s] -- Up-to-date: /home/loki/Documents/GitHub/saga_repo/install/loki_twist_mux/share/loki_twist_mux/environment/path.sh
[1.170s] -- Up-to-date: /home/loki/Documents/GitHub/saga_repo/install/loki_twist_mux/share/loki_twist_mux/environment/path.dsv
[1.171s] -- Up-to-date: /home/loki/Documents/GitHub/saga_repo/install/loki_twist_mux/share/loki_twist_mux/local_setup.bash
[1.172s] -- Up-to-date: /home/loki/Documents/GitHub/saga_repo/install/loki_twist_mux/share/loki_twist_mux/local_setup.sh
[1.173s] -- Up-to-date: /home/loki/Documents/GitHub/saga_repo/install/loki_twist_mux/share/loki_twist_mux/local_setup.zsh
[1.174s] -- Up-to-date: /home/loki/Documents/GitHub/saga_repo/install/loki_twist_mux/share/loki_twist_mux/local_setup.dsv
[1.174s] -- Installing: /home/loki/Documents/GitHub/saga_repo/install/loki_twist_mux/share/loki_twist_mux/package.dsv
[1.175s] -- Up-to-date: /home/loki/Documents/GitHub/saga_repo/install/loki_twist_mux/share/ament_index/resource_index/packages/loki_twist_mux
[1.176s] -- Up-to-date: /home/loki/Documents/GitHub/saga_repo/install/loki_twist_mux/share/loki_twist_mux/cmake/loki_twist_muxConfig.cmake
[1.177s] -- Up-to-date: /home/loki/Documents/GitHub/saga_repo/install/loki_twist_mux/share/loki_twist_mux/cmake/loki_twist_muxConfig-version.cmake
[1.178s] -- Up-to-date: /home/loki/Documents/GitHub/saga_repo/install/loki_twist_mux/share/loki_twist_mux/package.xml
[1.440s] Invoked command in '/home/loki/Documents/GitHub/saga_repo/build/loki_twist_mux' returned '0': CMAKE_PREFIX_PATH=/opt/ros/humble /usr/bin/cmake --install /home/loki/Documents/GitHub/saga_repo/build/loki_twist_mux
