[0.471s] Invoking command in '/home/loki/Documents/GitHub/saga_repo/ros2_thor/src/loki/loki_teleop': PYTHONPATH=/home/loki/Documents/GitHub/saga_repo/build/loki_teleop/prefix_override:/home/loki/Documents/GitHub/saga_repo/install/loki_teleop/lib/python3.10/site-packages: /usr/bin/python3 setup.py egg_info --egg-base ../../../../build/loki_teleop build --build-base /home/loki/Documents/GitHub/saga_repo/build/loki_teleop/build install --record /home/loki/Documents/GitHub/saga_repo/build/loki_teleop/install.log --single-version-externally-managed
[0.634s] running egg_info
[0.634s] writing ../../../../build/loki_teleop/loki_teleop.egg-info/PKG-INFO
[0.635s] writing dependency_links to ../../../../build/loki_teleop/loki_teleop.egg-info/dependency_links.txt
[0.635s] writing entry points to ../../../../build/loki_teleop/loki_teleop.egg-info/entry_points.txt
[0.635s] writing requirements to ../../../../build/loki_teleop/loki_teleop.egg-info/requires.txt
[0.635s] writing top-level names to ../../../../build/loki_teleop/loki_teleop.egg-info/top_level.txt
[0.637s] reading manifest file '../../../../build/loki_teleop/loki_teleop.egg-info/SOURCES.txt'
[0.638s] writing manifest file '../../../../build/loki_teleop/loki_teleop.egg-info/SOURCES.txt'
[0.638s] running build
[0.638s] running build_py
[0.638s] copying loki_teleop/teleop_node.py -> /home/loki/Documents/GitHub/saga_repo/build/loki_teleop/build/lib/loki_teleop
[0.639s] running install
[0.639s] /usr/lib/python3/dist-packages/setuptools/command/install.py:34: SetuptoolsDeprecationWarning: setup.py install is deprecated. Use build and pip and other standards-based tools.
[0.639s]   warnings.warn(
[0.639s] running install_lib
[0.640s] copying /home/loki/Documents/GitHub/saga_repo/build/loki_teleop/build/lib/loki_teleop/teleop_node.py -> /home/loki/Documents/GitHub/saga_repo/install/loki_teleop/lib/python3.10/site-packages/loki_teleop
[0.640s] byte-compiling /home/loki/Documents/GitHub/saga_repo/install/loki_teleop/lib/python3.10/site-packages/loki_teleop/teleop_node.py to teleop_node.cpython-310.pyc
[0.645s] running install_data
[0.645s] running install_egg_info
[0.647s] removing '/home/loki/Documents/GitHub/saga_repo/install/loki_teleop/lib/python3.10/site-packages/loki_teleop-2.0.0-py3.10.egg-info' (and everything under it)
[0.647s] Copying ../../../../build/loki_teleop/loki_teleop.egg-info to /home/loki/Documents/GitHub/saga_repo/install/loki_teleop/lib/python3.10/site-packages/loki_teleop-2.0.0-py3.10.egg-info
[0.648s] running install_scripts
[0.664s] Installing teleop_node script to /home/loki/Documents/GitHub/saga_repo/install/loki_teleop/lib/loki_teleop
[0.665s] writing list of installed files to '/home/loki/Documents/GitHub/saga_repo/build/loki_teleop/install.log'
[0.685s] Invoked command in '/home/loki/Documents/GitHub/saga_repo/ros2_thor/src/loki/loki_teleop' returned '0': PYTHONPATH=/home/loki/Documents/GitHub/saga_repo/build/loki_teleop/prefix_override:/home/loki/Documents/GitHub/saga_repo/install/loki_teleop/lib/python3.10/site-packages: /usr/bin/python3 setup.py egg_info --egg-base ../../../../build/loki_teleop build --build-base /home/loki/Documents/GitHub/saga_repo/build/loki_teleop/build install --record /home/loki/Documents/GitHub/saga_repo/build/loki_teleop/install.log --single-version-externally-managed
