[0.557s] DEBUG:colcon:Command line arguments: ['/usr/bin/colcon', 'build']
[0.557s] DEBUG:colcon:Parsed command line arguments: Namespace(log_base=None, log_level=None, verb_name='build', build_base='build', install_base='install', merge_install=False, symlink_install=False, test_result_base=None, continue_on_error=False, executor='parallel', parallel_workers=8, event_handlers=None, ignore_user_meta=False, metas=['./colcon.meta'], base_paths=['.'], packages_ignore=None, packages_ignore_regex=None, paths=None, packages_up_to=None, packages_up_to_regex=None, packages_above=None, packages_above_and_dependencies=None, packages_above_depth=None, packages_select_by_dep=None, packages_skip_by_dep=None, packages_skip_up_to=None, packages_select_build_failed=False, packages_skip_build_finished=False, packages_select_test_failures=False, packages_skip_test_passed=False, packages_select=None, packages_skip=None, packages_select_regex=None, packages_skip_regex=None, packages_start=None, packages_end=None, allow_overriding=[], cmake_args=None, cmake_target=None, cmake_target_skip_unavailable=False, cmake_clean_cache=False, cmake_clean_first=False, cmake_force_configure=False, ament_cmake_args=None, catkin_cmake_args=None, catkin_skip_building_tests=False, verb_parser=<colcon_defaults.argument_parser.defaults.DefaultArgumentsDecorator object at 0x7f32b92bd4b0>, verb_extension=<colcon_core.verb.build.BuildVerb object at 0x7f32ba4d3f40>, main=<bound method BuildVerb.main of <colcon_core.verb.build.BuildVerb object at 0x7f32ba4d3f40>>)
[0.586s] Level 1:colcon.colcon_core.package_discovery:discover_packages(colcon_meta) check parameters
[0.586s] Level 1:colcon.colcon_core.package_discovery:discover_packages(recursive) check parameters
[0.586s] Level 1:colcon.colcon_core.package_discovery:discover_packages(ignore) check parameters
[0.586s] Level 1:colcon.colcon_core.package_discovery:discover_packages(path) check parameters
[0.586s] Level 1:colcon.colcon_core.package_discovery:discover_packages(colcon_meta) discover
[0.586s] Level 1:colcon.colcon_core.package_discovery:discover_packages(recursive) discover
[0.586s] INFO:colcon.colcon_core.package_discovery:Crawling recursively for packages in '/home/loki/Documents/GitHub/saga_repo'
[0.586s] Level 1:colcon.colcon_core.package_identification:_identify(.) by extensions ['ignore', 'ignore_ament_install']
[0.586s] Level 1:colcon.colcon_core.package_identification:_identify(.) by extension 'ignore'
[0.586s] Level 1:colcon.colcon_core.package_identification:_identify(.) by extension 'ignore_ament_install'
[0.586s] Level 1:colcon.colcon_core.package_identification:_identify(.) by extensions ['colcon_pkg']
[0.586s] Level 1:colcon.colcon_core.package_identification:_identify(.) by extension 'colcon_pkg'
[0.586s] Level 1:colcon.colcon_core.package_identification:_identify(.) by extensions ['colcon_meta']
[0.586s] Level 1:colcon.colcon_core.package_identification:_identify(.) by extension 'colcon_meta'
[0.586s] Level 1:colcon.colcon_core.package_identification:_identify(.) by extensions ['ros']
[0.586s] Level 1:colcon.colcon_core.package_identification:_identify(.) by extension 'ros'
[0.593s] Level 1:colcon.colcon_core.package_identification:_identify(.) by extensions ['cmake', 'python']
[0.593s] Level 1:colcon.colcon_core.package_identification:_identify(.) by extension 'cmake'
[0.593s] Level 1:colcon.colcon_core.package_identification:_identify(.) by extension 'python'
[0.593s] Level 1:colcon.colcon_core.package_identification:_identify(.) by extensions ['python_setup_py']
[0.593s] Level 1:colcon.colcon_core.package_identification:_identify(.) by extension 'python_setup_py'
[0.594s] Level 1:colcon.colcon_core.package_identification:_identify(build) by extensions ['ignore', 'ignore_ament_install']
[0.594s] Level 1:colcon.colcon_core.package_identification:_identify(build) by extension 'ignore'
[0.594s] Level 1:colcon.colcon_core.package_identification:_identify(build) ignored
[0.594s] Level 1:colcon.colcon_core.package_identification:_identify(install) by extensions ['ignore', 'ignore_ament_install']
[0.594s] Level 1:colcon.colcon_core.package_identification:_identify(install) by extension 'ignore'
[0.594s] Level 1:colcon.colcon_core.package_identification:_identify(install) ignored
[0.594s] Level 1:colcon.colcon_core.package_identification:_identify(log) by extensions ['ignore', 'ignore_ament_install']
[0.594s] Level 1:colcon.colcon_core.package_identification:_identify(log) by extension 'ignore'
[0.594s] Level 1:colcon.colcon_core.package_identification:_identify(log) ignored
[0.594s] Level 1:colcon.colcon_core.package_identification:_identify(ros2_thor) by extensions ['ignore', 'ignore_ament_install']
[0.594s] Level 1:colcon.colcon_core.package_identification:_identify(ros2_thor) by extension 'ignore'
[0.594s] Level 1:colcon.colcon_core.package_identification:_identify(ros2_thor) by extension 'ignore_ament_install'
[0.594s] Level 1:colcon.colcon_core.package_identification:_identify(ros2_thor) by extensions ['colcon_pkg']
[0.594s] Level 1:colcon.colcon_core.package_identification:_identify(ros2_thor) by extension 'colcon_pkg'
[0.594s] Level 1:colcon.colcon_core.package_identification:_identify(ros2_thor) by extensions ['colcon_meta']
[0.594s] Level 1:colcon.colcon_core.package_identification:_identify(ros2_thor) by extension 'colcon_meta'
[0.594s] Level 1:colcon.colcon_core.package_identification:_identify(ros2_thor) by extensions ['ros']
[0.594s] Level 1:colcon.colcon_core.package_identification:_identify(ros2_thor) by extension 'ros'
[0.594s] Level 1:colcon.colcon_core.package_identification:_identify(ros2_thor) by extensions ['cmake', 'python']
[0.594s] Level 1:colcon.colcon_core.package_identification:_identify(ros2_thor) by extension 'cmake'
[0.594s] Level 1:colcon.colcon_core.package_identification:_identify(ros2_thor) by extension 'python'
[0.594s] Level 1:colcon.colcon_core.package_identification:_identify(ros2_thor) by extensions ['python_setup_py']
[0.594s] Level 1:colcon.colcon_core.package_identification:_identify(ros2_thor) by extension 'python_setup_py'
[0.594s] Level 1:colcon.colcon_core.package_identification:_identify(ros2_thor/src) by extensions ['ignore', 'ignore_ament_install']
[0.594s] Level 1:colcon.colcon_core.package_identification:_identify(ros2_thor/src) by extension 'ignore'
[0.594s] Level 1:colcon.colcon_core.package_identification:_identify(ros2_thor/src) by extension 'ignore_ament_install'
[0.594s] Level 1:colcon.colcon_core.package_identification:_identify(ros2_thor/src) by extensions ['colcon_pkg']
[0.595s] Level 1:colcon.colcon_core.package_identification:_identify(ros2_thor/src) by extension 'colcon_pkg'
[0.595s] Level 1:colcon.colcon_core.package_identification:_identify(ros2_thor/src) by extensions ['colcon_meta']
[0.595s] Level 1:colcon.colcon_core.package_identification:_identify(ros2_thor/src) by extension 'colcon_meta'
[0.595s] Level 1:colcon.colcon_core.package_identification:_identify(ros2_thor/src) by extensions ['ros']
[0.595s] Level 1:colcon.colcon_core.package_identification:_identify(ros2_thor/src) by extension 'ros'
[0.595s] Level 1:colcon.colcon_core.package_identification:_identify(ros2_thor/src) by extensions ['cmake', 'python']
[0.595s] Level 1:colcon.colcon_core.package_identification:_identify(ros2_thor/src) by extension 'cmake'
[0.595s] Level 1:colcon.colcon_core.package_identification:_identify(ros2_thor/src) by extension 'python'
[0.595s] Level 1:colcon.colcon_core.package_identification:_identify(ros2_thor/src) by extensions ['python_setup_py']
[0.595s] Level 1:colcon.colcon_core.package_identification:_identify(ros2_thor/src) by extension 'python_setup_py'
[0.595s] Level 1:colcon.colcon_core.package_identification:_identify(ros2_thor/src/loki) by extensions ['ignore', 'ignore_ament_install']
[0.595s] Level 1:colcon.colcon_core.package_identification:_identify(ros2_thor/src/loki) by extension 'ignore'
[0.595s] Level 1:colcon.colcon_core.package_identification:_identify(ros2_thor/src/loki) by extension 'ignore_ament_install'
[0.595s] Level 1:colcon.colcon_core.package_identification:_identify(ros2_thor/src/loki) by extensions ['colcon_pkg']
[0.595s] Level 1:colcon.colcon_core.package_identification:_identify(ros2_thor/src/loki) by extension 'colcon_pkg'
[0.595s] Level 1:colcon.colcon_core.package_identification:_identify(ros2_thor/src/loki) by extensions ['colcon_meta']
[0.595s] Level 1:colcon.colcon_core.package_identification:_identify(ros2_thor/src/loki) by extension 'colcon_meta'
[0.595s] Level 1:colcon.colcon_core.package_identification:_identify(ros2_thor/src/loki) by extensions ['ros']
[0.595s] Level 1:colcon.colcon_core.package_identification:_identify(ros2_thor/src/loki) by extension 'ros'
[0.595s] Level 1:colcon.colcon_core.package_identification:_identify(ros2_thor/src/loki) by extensions ['cmake', 'python']
[0.595s] Level 1:colcon.colcon_core.package_identification:_identify(ros2_thor/src/loki) by extension 'cmake'
[0.595s] Level 1:colcon.colcon_core.package_identification:_identify(ros2_thor/src/loki) by extension 'python'
[0.595s] Level 1:colcon.colcon_core.package_identification:_identify(ros2_thor/src/loki) by extensions ['python_setup_py']
[0.595s] Level 1:colcon.colcon_core.package_identification:_identify(ros2_thor/src/loki) by extension 'python_setup_py'
[0.595s] Level 1:colcon.colcon_core.package_identification:_identify(ros2_thor/src/loki/loki_base) by extensions ['ignore', 'ignore_ament_install']
[0.595s] Level 1:colcon.colcon_core.package_identification:_identify(ros2_thor/src/loki/loki_base) by extension 'ignore'
[0.595s] Level 1:colcon.colcon_core.package_identification:_identify(ros2_thor/src/loki/loki_base) by extension 'ignore_ament_install'
[0.595s] Level 1:colcon.colcon_core.package_identification:_identify(ros2_thor/src/loki/loki_base) by extensions ['colcon_pkg']
[0.595s] Level 1:colcon.colcon_core.package_identification:_identify(ros2_thor/src/loki/loki_base) by extension 'colcon_pkg'
[0.595s] Level 1:colcon.colcon_core.package_identification:_identify(ros2_thor/src/loki/loki_base) by extensions ['colcon_meta']
[0.595s] Level 1:colcon.colcon_core.package_identification:_identify(ros2_thor/src/loki/loki_base) by extension 'colcon_meta'
[0.595s] Level 1:colcon.colcon_core.package_identification:_identify(ros2_thor/src/loki/loki_base) by extensions ['ros']
[0.595s] Level 1:colcon.colcon_core.package_identification:_identify(ros2_thor/src/loki/loki_base) by extension 'ros'
[0.598s] DEBUG:colcon.colcon_core.package_identification:Package 'ros2_thor/src/loki/loki_base' with type 'ros.ament_python' and name 'loki_base'
[0.598s] Level 1:colcon.colcon_core.package_identification:_identify(ros2_thor/src/loki/loki_bringup) by extensions ['ignore', 'ignore_ament_install']
[0.598s] Level 1:colcon.colcon_core.package_identification:_identify(ros2_thor/src/loki/loki_bringup) by extension 'ignore'
[0.598s] Level 1:colcon.colcon_core.package_identification:_identify(ros2_thor/src/loki/loki_bringup) by extension 'ignore_ament_install'
[0.598s] Level 1:colcon.colcon_core.package_identification:_identify(ros2_thor/src/loki/loki_bringup) by extensions ['colcon_pkg']
[0.598s] Level 1:colcon.colcon_core.package_identification:_identify(ros2_thor/src/loki/loki_bringup) by extension 'colcon_pkg'
[0.598s] Level 1:colcon.colcon_core.package_identification:_identify(ros2_thor/src/loki/loki_bringup) by extensions ['colcon_meta']
[0.598s] Level 1:colcon.colcon_core.package_identification:_identify(ros2_thor/src/loki/loki_bringup) by extension 'colcon_meta'
[0.598s] Level 1:colcon.colcon_core.package_identification:_identify(ros2_thor/src/loki/loki_bringup) by extensions ['ros']
[0.598s] Level 1:colcon.colcon_core.package_identification:_identify(ros2_thor/src/loki/loki_bringup) by extension 'ros'
[0.599s] DEBUG:colcon.colcon_core.package_identification:Package 'ros2_thor/src/loki/loki_bringup' with type 'ros.ament_cmake' and name 'loki_bringup'
[0.599s] Level 1:colcon.colcon_core.package_identification:_identify(ros2_thor/src/loki/loki_can_devices) by extensions ['ignore', 'ignore_ament_install']
[0.599s] Level 1:colcon.colcon_core.package_identification:_identify(ros2_thor/src/loki/loki_can_devices) by extension 'ignore'
[0.599s] Level 1:colcon.colcon_core.package_identification:_identify(ros2_thor/src/loki/loki_can_devices) by extension 'ignore_ament_install'
[0.599s] Level 1:colcon.colcon_core.package_identification:_identify(ros2_thor/src/loki/loki_can_devices) by extensions ['colcon_pkg']
[0.599s] Level 1:colcon.colcon_core.package_identification:_identify(ros2_thor/src/loki/loki_can_devices) by extension 'colcon_pkg'
[0.599s] Level 1:colcon.colcon_core.package_identification:_identify(ros2_thor/src/loki/loki_can_devices) by extensions ['colcon_meta']
[0.599s] Level 1:colcon.colcon_core.package_identification:_identify(ros2_thor/src/loki/loki_can_devices) by extension 'colcon_meta'
[0.599s] Level 1:colcon.colcon_core.package_identification:_identify(ros2_thor/src/loki/loki_can_devices) by extensions ['ros']
[0.599s] Level 1:colcon.colcon_core.package_identification:_identify(ros2_thor/src/loki/loki_can_devices) by extension 'ros'
[0.600s] DEBUG:colcon.colcon_core.package_identification:Package 'ros2_thor/src/loki/loki_can_devices' with type 'ros.ament_cmake' and name 'loki_can_devices'
[0.600s] Level 1:colcon.colcon_core.package_identification:_identify(ros2_thor/src/loki/loki_description) by extensions ['ignore', 'ignore_ament_install']
[0.600s] Level 1:colcon.colcon_core.package_identification:_identify(ros2_thor/src/loki/loki_description) by extension 'ignore'
[0.600s] Level 1:colcon.colcon_core.package_identification:_identify(ros2_thor/src/loki/loki_description) by extension 'ignore_ament_install'
[0.600s] Level 1:colcon.colcon_core.package_identification:_identify(ros2_thor/src/loki/loki_description) by extensions ['colcon_pkg']
[0.600s] Level 1:colcon.colcon_core.package_identification:_identify(ros2_thor/src/loki/loki_description) by extension 'colcon_pkg'
[0.600s] Level 1:colcon.colcon_core.package_identification:_identify(ros2_thor/src/loki/loki_description) by extensions ['colcon_meta']
[0.600s] Level 1:colcon.colcon_core.package_identification:_identify(ros2_thor/src/loki/loki_description) by extension 'colcon_meta'
[0.601s] Level 1:colcon.colcon_core.package_identification:_identify(ros2_thor/src/loki/loki_description) by extensions ['ros']
[0.601s] Level 1:colcon.colcon_core.package_identification:_identify(ros2_thor/src/loki/loki_description) by extension 'ros'
[0.601s] DEBUG:colcon.colcon_core.package_identification:Package 'ros2_thor/src/loki/loki_description' with type 'ros.ament_cmake' and name 'loki_description'
[0.601s] Level 1:colcon.colcon_core.package_identification:_identify(ros2_thor/src/loki/loki_msgs) by extensions ['ignore', 'ignore_ament_install']
[0.601s] Level 1:colcon.colcon_core.package_identification:_identify(ros2_thor/src/loki/loki_msgs) by extension 'ignore'
[0.601s] Level 1:colcon.colcon_core.package_identification:_identify(ros2_thor/src/loki/loki_msgs) by extension 'ignore_ament_install'
[0.601s] Level 1:colcon.colcon_core.package_identification:_identify(ros2_thor/src/loki/loki_msgs) by extensions ['colcon_pkg']
[0.601s] Level 1:colcon.colcon_core.package_identification:_identify(ros2_thor/src/loki/loki_msgs) by extension 'colcon_pkg'
[0.601s] Level 1:colcon.colcon_core.package_identification:_identify(ros2_thor/src/loki/loki_msgs) by extensions ['colcon_meta']
[0.601s] Level 1:colcon.colcon_core.package_identification:_identify(ros2_thor/src/loki/loki_msgs) by extension 'colcon_meta'
[0.601s] Level 1:colcon.colcon_core.package_identification:_identify(ros2_thor/src/loki/loki_msgs) by extensions ['ros']
[0.601s] Level 1:colcon.colcon_core.package_identification:_identify(ros2_thor/src/loki/loki_msgs) by extension 'ros'
[0.602s] DEBUG:colcon.colcon_core.package_identification:Package 'ros2_thor/src/loki/loki_msgs' with type 'ros.ament_cmake' and name 'loki_msgs'
[0.602s] Level 1:colcon.colcon_core.package_identification:_identify(ros2_thor/src/loki/loki_simulator) by extensions ['ignore', 'ignore_ament_install']
[0.602s] Level 1:colcon.colcon_core.package_identification:_identify(ros2_thor/src/loki/loki_simulator) by extension 'ignore'
[0.602s] Level 1:colcon.colcon_core.package_identification:_identify(ros2_thor/src/loki/loki_simulator) by extension 'ignore_ament_install'
[0.602s] Level 1:colcon.colcon_core.package_identification:_identify(ros2_thor/src/loki/loki_simulator) by extensions ['colcon_pkg']
[0.602s] Level 1:colcon.colcon_core.package_identification:_identify(ros2_thor/src/loki/loki_simulator) by extension 'colcon_pkg'
[0.602s] Level 1:colcon.colcon_core.package_identification:_identify(ros2_thor/src/loki/loki_simulator) by extensions ['colcon_meta']
[0.602s] Level 1:colcon.colcon_core.package_identification:_identify(ros2_thor/src/loki/loki_simulator) by extension 'colcon_meta'
[0.602s] Level 1:colcon.colcon_core.package_identification:_identify(ros2_thor/src/loki/loki_simulator) by extensions ['ros']
[0.602s] Level 1:colcon.colcon_core.package_identification:_identify(ros2_thor/src/loki/loki_simulator) by extension 'ros'
[0.603s] DEBUG:colcon.colcon_core.package_identification:Package 'ros2_thor/src/loki/loki_simulator' with type 'ros.ament_cmake' and name 'loki_simulator'
[0.603s] Level 1:colcon.colcon_core.package_identification:_identify(ros2_thor/src/loki/loki_teleop) by extensions ['ignore', 'ignore_ament_install']
[0.603s] Level 1:colcon.colcon_core.package_identification:_identify(ros2_thor/src/loki/loki_teleop) by extension 'ignore'
[0.603s] Level 1:colcon.colcon_core.package_identification:_identify(ros2_thor/src/loki/loki_teleop) by extension 'ignore_ament_install'
[0.603s] Level 1:colcon.colcon_core.package_identification:_identify(ros2_thor/src/loki/loki_teleop) by extensions ['colcon_pkg']
[0.603s] Level 1:colcon.colcon_core.package_identification:_identify(ros2_thor/src/loki/loki_teleop) by extension 'colcon_pkg'
[0.603s] Level 1:colcon.colcon_core.package_identification:_identify(ros2_thor/src/loki/loki_teleop) by extensions ['colcon_meta']
[0.603s] Level 1:colcon.colcon_core.package_identification:_identify(ros2_thor/src/loki/loki_teleop) by extension 'colcon_meta'
[0.603s] Level 1:colcon.colcon_core.package_identification:_identify(ros2_thor/src/loki/loki_teleop) by extensions ['ros']
[0.603s] Level 1:colcon.colcon_core.package_identification:_identify(ros2_thor/src/loki/loki_teleop) by extension 'ros'
[0.603s] DEBUG:colcon.colcon_core.package_identification:Package 'ros2_thor/src/loki/loki_teleop' with type 'ros.ament_python' and name 'loki_teleop'
[0.604s] Level 1:colcon.colcon_core.package_identification:_identify(ros2_thor/src/loki/loki_twist_mux) by extensions ['ignore', 'ignore_ament_install']
[0.604s] Level 1:colcon.colcon_core.package_identification:_identify(ros2_thor/src/loki/loki_twist_mux) by extension 'ignore'
[0.604s] Level 1:colcon.colcon_core.package_identification:_identify(ros2_thor/src/loki/loki_twist_mux) by extension 'ignore_ament_install'
[0.604s] Level 1:colcon.colcon_core.package_identification:_identify(ros2_thor/src/loki/loki_twist_mux) by extensions ['colcon_pkg']
[0.604s] Level 1:colcon.colcon_core.package_identification:_identify(ros2_thor/src/loki/loki_twist_mux) by extension 'colcon_pkg'
[0.604s] Level 1:colcon.colcon_core.package_identification:_identify(ros2_thor/src/loki/loki_twist_mux) by extensions ['colcon_meta']
[0.604s] Level 1:colcon.colcon_core.package_identification:_identify(ros2_thor/src/loki/loki_twist_mux) by extension 'colcon_meta'
[0.604s] Level 1:colcon.colcon_core.package_identification:_identify(ros2_thor/src/loki/loki_twist_mux) by extensions ['ros']
[0.604s] Level 1:colcon.colcon_core.package_identification:_identify(ros2_thor/src/loki/loki_twist_mux) by extension 'ros'
[0.604s] DEBUG:colcon.colcon_core.package_identification:Package 'ros2_thor/src/loki/loki_twist_mux' with type 'ros.ament_cmake' and name 'loki_twist_mux'
[0.604s] Level 1:colcon.colcon_core.package_identification:_identify(ros2_thor/src/loki/rasberry_gazebo) by extensions ['ignore', 'ignore_ament_install']
[0.604s] Level 1:colcon.colcon_core.package_identification:_identify(ros2_thor/src/loki/rasberry_gazebo) by extension 'ignore'
[0.604s] Level 1:colcon.colcon_core.package_identification:_identify(ros2_thor/src/loki/rasberry_gazebo) by extension 'ignore_ament_install'
[0.604s] Level 1:colcon.colcon_core.package_identification:_identify(ros2_thor/src/loki/rasberry_gazebo) by extensions ['colcon_pkg']
[0.604s] Level 1:colcon.colcon_core.package_identification:_identify(ros2_thor/src/loki/rasberry_gazebo) by extension 'colcon_pkg'
[0.604s] Level 1:colcon.colcon_core.package_identification:_identify(ros2_thor/src/loki/rasberry_gazebo) by extensions ['colcon_meta']
[0.604s] Level 1:colcon.colcon_core.package_identification:_identify(ros2_thor/src/loki/rasberry_gazebo) by extension 'colcon_meta'
[0.604s] Level 1:colcon.colcon_core.package_identification:_identify(ros2_thor/src/loki/rasberry_gazebo) by extensions ['ros']
[0.604s] Level 1:colcon.colcon_core.package_identification:_identify(ros2_thor/src/loki/rasberry_gazebo) by extension 'ros'
[0.605s] DEBUG:colcon.colcon_core.package_identification:Package 'ros2_thor/src/loki/rasberry_gazebo' with type 'ros.ament_cmake' and name 'rasberry_gazebo'
[0.605s] Level 1:colcon.colcon_core.package_identification:_identify(ros2_thor/src/loki/robot_bringup) by extensions ['ignore', 'ignore_ament_install']
[0.605s] Level 1:colcon.colcon_core.package_identification:_identify(ros2_thor/src/loki/robot_bringup) by extension 'ignore'
[0.605s] Level 1:colcon.colcon_core.package_identification:_identify(ros2_thor/src/loki/robot_bringup) by extension 'ignore_ament_install'
[0.605s] Level 1:colcon.colcon_core.package_identification:_identify(ros2_thor/src/loki/robot_bringup) by extensions ['colcon_pkg']
[0.605s] Level 1:colcon.colcon_core.package_identification:_identify(ros2_thor/src/loki/robot_bringup) by extension 'colcon_pkg'
[0.605s] Level 1:colcon.colcon_core.package_identification:_identify(ros2_thor/src/loki/robot_bringup) by extensions ['colcon_meta']
[0.605s] Level 1:colcon.colcon_core.package_identification:_identify(ros2_thor/src/loki/robot_bringup) by extension 'colcon_meta'
[0.605s] Level 1:colcon.colcon_core.package_identification:_identify(ros2_thor/src/loki/robot_bringup) by extensions ['ros']
[0.606s] Level 1:colcon.colcon_core.package_identification:_identify(ros2_thor/src/loki/robot_bringup) by extension 'ros'
[0.606s] DEBUG:colcon.colcon_core.package_identification:Package 'ros2_thor/src/loki/robot_bringup' with type 'ros.ament_cmake' and name 'robot_bringup'
[0.606s] Level 1:colcon.colcon_core.package_discovery:discover_packages(recursive) using defaults
[0.606s] Level 1:colcon.colcon_core.package_discovery:discover_packages(ignore) discover
[0.606s] Level 1:colcon.colcon_core.package_discovery:discover_packages(ignore) using defaults
[0.606s] Level 1:colcon.colcon_core.package_discovery:discover_packages(path) discover
[0.606s] Level 1:colcon.colcon_core.package_discovery:discover_packages(path) using defaults
[0.660s] Level 1:colcon.colcon_core.package_discovery:discover_packages(prefix_path) check parameters
[0.660s] Level 1:colcon.colcon_core.package_discovery:discover_packages(prefix_path) discover
[0.677s] DEBUG:colcon.colcon_installed_package_information.package_discovery:Found 332 installed packages in /opt/ros/humble
[0.678s] Level 1:colcon.colcon_core.package_discovery:discover_packages(prefix_path) using defaults
[0.736s] Level 5:colcon.colcon_core.verb:set package 'loki_description' build argument 'cmake_args' from command line to 'None'
[0.736s] Level 5:colcon.colcon_core.verb:set package 'loki_description' build argument 'cmake_target' from command line to 'None'
[0.736s] Level 5:colcon.colcon_core.verb:set package 'loki_description' build argument 'cmake_target_skip_unavailable' from command line to 'False'
[0.736s] Level 5:colcon.colcon_core.verb:set package 'loki_description' build argument 'cmake_clean_cache' from command line to 'False'
[0.736s] Level 5:colcon.colcon_core.verb:set package 'loki_description' build argument 'cmake_clean_first' from command line to 'False'
[0.736s] Level 5:colcon.colcon_core.verb:set package 'loki_description' build argument 'cmake_force_configure' from command line to 'False'
[0.736s] Level 5:colcon.colcon_core.verb:set package 'loki_description' build argument 'ament_cmake_args' from command line to 'None'
[0.736s] Level 5:colcon.colcon_core.verb:set package 'loki_description' build argument 'catkin_cmake_args' from command line to 'None'
[0.736s] Level 5:colcon.colcon_core.verb:set package 'loki_description' build argument 'catkin_skip_building_tests' from command line to 'False'
[0.736s] DEBUG:colcon.colcon_core.verb:Building package 'loki_description' with the following arguments: {'ament_cmake_args': None, 'build_base': '/home/loki/Documents/GitHub/saga_repo/build/loki_description', 'catkin_cmake_args': None, 'catkin_skip_building_tests': False, 'cmake_args': None, 'cmake_clean_cache': False, 'cmake_clean_first': False, 'cmake_force_configure': False, 'cmake_target': None, 'cmake_target_skip_unavailable': False, 'install_base': '/home/loki/Documents/GitHub/saga_repo/install/loki_description', 'merge_install': False, 'path': '/home/loki/Documents/GitHub/saga_repo/ros2_thor/src/loki/loki_description', 'symlink_install': False, 'test_result_base': None}
[0.744s] Level 5:colcon.colcon_core.verb:set package 'loki_teleop' build argument 'cmake_args' from command line to 'None'
[0.744s] Level 5:colcon.colcon_core.verb:set package 'loki_teleop' build argument 'cmake_target' from command line to 'None'
[0.744s] Level 5:colcon.colcon_core.verb:set package 'loki_teleop' build argument 'cmake_target_skip_unavailable' from command line to 'False'
[0.744s] Level 5:colcon.colcon_core.verb:set package 'loki_teleop' build argument 'cmake_clean_cache' from command line to 'False'
[0.744s] Level 5:colcon.colcon_core.verb:set package 'loki_teleop' build argument 'cmake_clean_first' from command line to 'False'
[0.744s] Level 5:colcon.colcon_core.verb:set package 'loki_teleop' build argument 'cmake_force_configure' from command line to 'False'
[0.744s] Level 5:colcon.colcon_core.verb:set package 'loki_teleop' build argument 'ament_cmake_args' from command line to 'None'
[0.744s] Level 5:colcon.colcon_core.verb:set package 'loki_teleop' build argument 'catkin_cmake_args' from command line to 'None'
[0.744s] Level 5:colcon.colcon_core.verb:set package 'loki_teleop' build argument 'catkin_skip_building_tests' from command line to 'False'
[0.744s] DEBUG:colcon.colcon_core.verb:Building package 'loki_teleop' with the following arguments: {'ament_cmake_args': None, 'build_base': '/home/loki/Documents/GitHub/saga_repo/build/loki_teleop', 'catkin_cmake_args': None, 'catkin_skip_building_tests': False, 'cmake_args': None, 'cmake_clean_cache': False, 'cmake_clean_first': False, 'cmake_force_configure': False, 'cmake_target': None, 'cmake_target_skip_unavailable': False, 'install_base': '/home/loki/Documents/GitHub/saga_repo/install/loki_teleop', 'merge_install': False, 'path': '/home/loki/Documents/GitHub/saga_repo/ros2_thor/src/loki/loki_teleop', 'symlink_install': False, 'test_result_base': None}
[0.752s] Level 5:colcon.colcon_core.verb:set package 'loki_twist_mux' build argument 'cmake_args' from command line to 'None'
[0.752s] Level 5:colcon.colcon_core.verb:set package 'loki_twist_mux' build argument 'cmake_target' from command line to 'None'
[0.752s] Level 5:colcon.colcon_core.verb:set package 'loki_twist_mux' build argument 'cmake_target_skip_unavailable' from command line to 'False'
[0.752s] Level 5:colcon.colcon_core.verb:set package 'loki_twist_mux' build argument 'cmake_clean_cache' from command line to 'False'
[0.752s] Level 5:colcon.colcon_core.verb:set package 'loki_twist_mux' build argument 'cmake_clean_first' from command line to 'False'
[0.752s] Level 5:colcon.colcon_core.verb:set package 'loki_twist_mux' build argument 'cmake_force_configure' from command line to 'False'
[0.752s] Level 5:colcon.colcon_core.verb:set package 'loki_twist_mux' build argument 'ament_cmake_args' from command line to 'None'
[0.752s] Level 5:colcon.colcon_core.verb:set package 'loki_twist_mux' build argument 'catkin_cmake_args' from command line to 'None'
[0.752s] Level 5:colcon.colcon_core.verb:set package 'loki_twist_mux' build argument 'catkin_skip_building_tests' from command line to 'False'
[0.752s] DEBUG:colcon.colcon_core.verb:Building package 'loki_twist_mux' with the following arguments: {'ament_cmake_args': None, 'build_base': '/home/loki/Documents/GitHub/saga_repo/build/loki_twist_mux', 'catkin_cmake_args': None, 'catkin_skip_building_tests': False, 'cmake_args': None, 'cmake_clean_cache': False, 'cmake_clean_first': False, 'cmake_force_configure': False, 'cmake_target': None, 'cmake_target_skip_unavailable': False, 'install_base': '/home/loki/Documents/GitHub/saga_repo/install/loki_twist_mux', 'merge_install': False, 'path': '/home/loki/Documents/GitHub/saga_repo/ros2_thor/src/loki/loki_twist_mux', 'symlink_install': False, 'test_result_base': None}
[0.760s] Level 5:colcon.colcon_core.verb:set package 'rasberry_gazebo' build argument 'cmake_args' from command line to 'None'
[0.760s] Level 5:colcon.colcon_core.verb:set package 'rasberry_gazebo' build argument 'cmake_target' from command line to 'None'
[0.760s] Level 5:colcon.colcon_core.verb:set package 'rasberry_gazebo' build argument 'cmake_target_skip_unavailable' from command line to 'False'
[0.760s] Level 5:colcon.colcon_core.verb:set package 'rasberry_gazebo' build argument 'cmake_clean_cache' from command line to 'False'
[0.760s] Level 5:colcon.colcon_core.verb:set package 'rasberry_gazebo' build argument 'cmake_clean_first' from command line to 'False'
[0.760s] Level 5:colcon.colcon_core.verb:set package 'rasberry_gazebo' build argument 'cmake_force_configure' from command line to 'False'
[0.760s] Level 5:colcon.colcon_core.verb:set package 'rasberry_gazebo' build argument 'ament_cmake_args' from command line to 'None'
[0.760s] Level 5:colcon.colcon_core.verb:set package 'rasberry_gazebo' build argument 'catkin_cmake_args' from command line to 'None'
[0.760s] Level 5:colcon.colcon_core.verb:set package 'rasberry_gazebo' build argument 'catkin_skip_building_tests' from command line to 'False'
[0.760s] DEBUG:colcon.colcon_core.verb:Building package 'rasberry_gazebo' with the following arguments: {'ament_cmake_args': None, 'build_base': '/home/loki/Documents/GitHub/saga_repo/build/rasberry_gazebo', 'catkin_cmake_args': None, 'catkin_skip_building_tests': False, 'cmake_args': None, 'cmake_clean_cache': False, 'cmake_clean_first': False, 'cmake_force_configure': False, 'cmake_target': None, 'cmake_target_skip_unavailable': False, 'install_base': '/home/loki/Documents/GitHub/saga_repo/install/rasberry_gazebo', 'merge_install': False, 'path': '/home/loki/Documents/GitHub/saga_repo/ros2_thor/src/loki/rasberry_gazebo', 'symlink_install': False, 'test_result_base': None}
[0.768s] Level 5:colcon.colcon_core.verb:set package 'loki_msgs' build argument 'cmake_args' from command line to 'None'
[0.768s] Level 5:colcon.colcon_core.verb:set package 'loki_msgs' build argument 'cmake_target' from command line to 'None'
[0.768s] Level 5:colcon.colcon_core.verb:set package 'loki_msgs' build argument 'cmake_target_skip_unavailable' from command line to 'False'
[0.768s] Level 5:colcon.colcon_core.verb:set package 'loki_msgs' build argument 'cmake_clean_cache' from command line to 'False'
[0.768s] Level 5:colcon.colcon_core.verb:set package 'loki_msgs' build argument 'cmake_clean_first' from command line to 'False'
[0.768s] Level 5:colcon.colcon_core.verb:set package 'loki_msgs' build argument 'cmake_force_configure' from command line to 'False'
[0.768s] Level 5:colcon.colcon_core.verb:set package 'loki_msgs' build argument 'ament_cmake_args' from command line to 'None'
[0.768s] Level 5:colcon.colcon_core.verb:set package 'loki_msgs' build argument 'catkin_cmake_args' from command line to 'None'
[0.768s] Level 5:colcon.colcon_core.verb:set package 'loki_msgs' build argument 'catkin_skip_building_tests' from command line to 'False'
[0.768s] DEBUG:colcon.colcon_core.verb:Building package 'loki_msgs' with the following arguments: {'ament_cmake_args': None, 'build_base': '/home/loki/Documents/GitHub/saga_repo/build/loki_msgs', 'catkin_cmake_args': None, 'catkin_skip_building_tests': False, 'cmake_args': None, 'cmake_clean_cache': False, 'cmake_clean_first': False, 'cmake_force_configure': False, 'cmake_target': None, 'cmake_target_skip_unavailable': False, 'install_base': '/home/loki/Documents/GitHub/saga_repo/install/loki_msgs', 'merge_install': False, 'path': '/home/loki/Documents/GitHub/saga_repo/ros2_thor/src/loki/loki_msgs', 'symlink_install': False, 'test_result_base': None}
[0.776s] Level 5:colcon.colcon_core.verb:set package 'loki_can_devices' build argument 'cmake_args' from command line to 'None'
[0.776s] Level 5:colcon.colcon_core.verb:set package 'loki_can_devices' build argument 'cmake_target' from command line to 'None'
[0.776s] Level 5:colcon.colcon_core.verb:set package 'loki_can_devices' build argument 'cmake_target_skip_unavailable' from command line to 'False'
[0.776s] Level 5:colcon.colcon_core.verb:set package 'loki_can_devices' build argument 'cmake_clean_cache' from command line to 'False'
[0.776s] Level 5:colcon.colcon_core.verb:set package 'loki_can_devices' build argument 'cmake_clean_first' from command line to 'False'
[0.776s] Level 5:colcon.colcon_core.verb:set package 'loki_can_devices' build argument 'cmake_force_configure' from command line to 'False'
[0.776s] Level 5:colcon.colcon_core.verb:set package 'loki_can_devices' build argument 'ament_cmake_args' from command line to 'None'
[0.776s] Level 5:colcon.colcon_core.verb:set package 'loki_can_devices' build argument 'catkin_cmake_args' from command line to 'None'
[0.776s] Level 5:colcon.colcon_core.verb:set package 'loki_can_devices' build argument 'catkin_skip_building_tests' from command line to 'False'
[0.776s] DEBUG:colcon.colcon_core.verb:Building package 'loki_can_devices' with the following arguments: {'ament_cmake_args': None, 'build_base': '/home/loki/Documents/GitHub/saga_repo/build/loki_can_devices', 'catkin_cmake_args': None, 'catkin_skip_building_tests': False, 'cmake_args': None, 'cmake_clean_cache': False, 'cmake_clean_first': False, 'cmake_force_configure': False, 'cmake_target': None, 'cmake_target_skip_unavailable': False, 'install_base': '/home/loki/Documents/GitHub/saga_repo/install/loki_can_devices', 'merge_install': False, 'path': '/home/loki/Documents/GitHub/saga_repo/ros2_thor/src/loki/loki_can_devices', 'symlink_install': False, 'test_result_base': None}
[0.784s] Level 5:colcon.colcon_core.verb:set package 'loki_base' build argument 'cmake_args' from command line to 'None'
[0.784s] Level 5:colcon.colcon_core.verb:set package 'loki_base' build argument 'cmake_target' from command line to 'None'
[0.784s] Level 5:colcon.colcon_core.verb:set package 'loki_base' build argument 'cmake_target_skip_unavailable' from command line to 'False'
[0.784s] Level 5:colcon.colcon_core.verb:set package 'loki_base' build argument 'cmake_clean_cache' from command line to 'False'
[0.784s] Level 5:colcon.colcon_core.verb:set package 'loki_base' build argument 'cmake_clean_first' from command line to 'False'
[0.784s] Level 5:colcon.colcon_core.verb:set package 'loki_base' build argument 'cmake_force_configure' from command line to 'False'
[0.784s] Level 5:colcon.colcon_core.verb:set package 'loki_base' build argument 'ament_cmake_args' from command line to 'None'
[0.784s] Level 5:colcon.colcon_core.verb:set package 'loki_base' build argument 'catkin_cmake_args' from command line to 'None'
[0.784s] Level 5:colcon.colcon_core.verb:set package 'loki_base' build argument 'catkin_skip_building_tests' from command line to 'False'
[0.784s] DEBUG:colcon.colcon_core.verb:Building package 'loki_base' with the following arguments: {'ament_cmake_args': None, 'build_base': '/home/loki/Documents/GitHub/saga_repo/build/loki_base', 'catkin_cmake_args': None, 'catkin_skip_building_tests': False, 'cmake_args': None, 'cmake_clean_cache': False, 'cmake_clean_first': False, 'cmake_force_configure': False, 'cmake_target': None, 'cmake_target_skip_unavailable': False, 'install_base': '/home/loki/Documents/GitHub/saga_repo/install/loki_base', 'merge_install': False, 'path': '/home/loki/Documents/GitHub/saga_repo/ros2_thor/src/loki/loki_base', 'symlink_install': False, 'test_result_base': None}
[0.792s] Level 5:colcon.colcon_core.verb:set package 'loki_simulator' build argument 'cmake_args' from command line to 'None'
[0.792s] Level 5:colcon.colcon_core.verb:set package 'loki_simulator' build argument 'cmake_target' from command line to 'None'
[0.792s] Level 5:colcon.colcon_core.verb:set package 'loki_simulator' build argument 'cmake_target_skip_unavailable' from command line to 'False'
[0.792s] Level 5:colcon.colcon_core.verb:set package 'loki_simulator' build argument 'cmake_clean_cache' from command line to 'False'
[0.792s] Level 5:colcon.colcon_core.verb:set package 'loki_simulator' build argument 'cmake_clean_first' from command line to 'False'
[0.792s] Level 5:colcon.colcon_core.verb:set package 'loki_simulator' build argument 'cmake_force_configure' from command line to 'False'
[0.792s] Level 5:colcon.colcon_core.verb:set package 'loki_simulator' build argument 'ament_cmake_args' from command line to 'None'
[0.792s] Level 5:colcon.colcon_core.verb:set package 'loki_simulator' build argument 'catkin_cmake_args' from command line to 'None'
[0.792s] Level 5:colcon.colcon_core.verb:set package 'loki_simulator' build argument 'catkin_skip_building_tests' from command line to 'False'
[0.792s] DEBUG:colcon.colcon_core.verb:Building package 'loki_simulator' with the following arguments: {'ament_cmake_args': None, 'build_base': '/home/loki/Documents/GitHub/saga_repo/build/loki_simulator', 'catkin_cmake_args': None, 'catkin_skip_building_tests': False, 'cmake_args': None, 'cmake_clean_cache': False, 'cmake_clean_first': False, 'cmake_force_configure': False, 'cmake_target': None, 'cmake_target_skip_unavailable': False, 'install_base': '/home/loki/Documents/GitHub/saga_repo/install/loki_simulator', 'merge_install': False, 'path': '/home/loki/Documents/GitHub/saga_repo/ros2_thor/src/loki/loki_simulator', 'symlink_install': False, 'test_result_base': None}
[0.800s] Level 5:colcon.colcon_core.verb:set package 'robot_bringup' build argument 'cmake_args' from command line to 'None'
[0.800s] Level 5:colcon.colcon_core.verb:set package 'robot_bringup' build argument 'cmake_target' from command line to 'None'
[0.800s] Level 5:colcon.colcon_core.verb:set package 'robot_bringup' build argument 'cmake_target_skip_unavailable' from command line to 'False'
[0.800s] Level 5:colcon.colcon_core.verb:set package 'robot_bringup' build argument 'cmake_clean_cache' from command line to 'False'
[0.800s] Level 5:colcon.colcon_core.verb:set package 'robot_bringup' build argument 'cmake_clean_first' from command line to 'False'
[0.800s] Level 5:colcon.colcon_core.verb:set package 'robot_bringup' build argument 'cmake_force_configure' from command line to 'False'
[0.800s] Level 5:colcon.colcon_core.verb:set package 'robot_bringup' build argument 'ament_cmake_args' from command line to 'None'
[0.800s] Level 5:colcon.colcon_core.verb:set package 'robot_bringup' build argument 'catkin_cmake_args' from command line to 'None'
[0.800s] Level 5:colcon.colcon_core.verb:set package 'robot_bringup' build argument 'catkin_skip_building_tests' from command line to 'False'
[0.800s] DEBUG:colcon.colcon_core.verb:Building package 'robot_bringup' with the following arguments: {'ament_cmake_args': None, 'build_base': '/home/loki/Documents/GitHub/saga_repo/build/robot_bringup', 'catkin_cmake_args': None, 'catkin_skip_building_tests': False, 'cmake_args': None, 'cmake_clean_cache': False, 'cmake_clean_first': False, 'cmake_force_configure': False, 'cmake_target': None, 'cmake_target_skip_unavailable': False, 'install_base': '/home/loki/Documents/GitHub/saga_repo/install/robot_bringup', 'merge_install': False, 'path': '/home/loki/Documents/GitHub/saga_repo/ros2_thor/src/loki/robot_bringup', 'symlink_install': False, 'test_result_base': None}
[0.808s] Level 5:colcon.colcon_core.verb:set package 'loki_bringup' build argument 'cmake_args' from command line to 'None'
[0.808s] Level 5:colcon.colcon_core.verb:set package 'loki_bringup' build argument 'cmake_target' from command line to 'None'
[0.808s] Level 5:colcon.colcon_core.verb:set package 'loki_bringup' build argument 'cmake_target_skip_unavailable' from command line to 'False'
[0.808s] Level 5:colcon.colcon_core.verb:set package 'loki_bringup' build argument 'cmake_clean_cache' from command line to 'False'
[0.808s] Level 5:colcon.colcon_core.verb:set package 'loki_bringup' build argument 'cmake_clean_first' from command line to 'False'
[0.808s] Level 5:colcon.colcon_core.verb:set package 'loki_bringup' build argument 'cmake_force_configure' from command line to 'False'
[0.808s] Level 5:colcon.colcon_core.verb:set package 'loki_bringup' build argument 'ament_cmake_args' from command line to 'None'
[0.808s] Level 5:colcon.colcon_core.verb:set package 'loki_bringup' build argument 'catkin_cmake_args' from command line to 'None'
[0.808s] Level 5:colcon.colcon_core.verb:set package 'loki_bringup' build argument 'catkin_skip_building_tests' from command line to 'False'
[0.808s] DEBUG:colcon.colcon_core.verb:Building package 'loki_bringup' with the following arguments: {'ament_cmake_args': None, 'build_base': '/home/loki/Documents/GitHub/saga_repo/build/loki_bringup', 'catkin_cmake_args': None, 'catkin_skip_building_tests': False, 'cmake_args': None, 'cmake_clean_cache': False, 'cmake_clean_first': False, 'cmake_force_configure': False, 'cmake_target': None, 'cmake_target_skip_unavailable': False, 'install_base': '/home/loki/Documents/GitHub/saga_repo/install/loki_bringup', 'merge_install': False, 'path': '/home/loki/Documents/GitHub/saga_repo/ros2_thor/src/loki/loki_bringup', 'symlink_install': False, 'test_result_base': None}
[0.816s] INFO:colcon.colcon_core.executor:Executing jobs using 'parallel' executor
[0.824s] DEBUG:colcon.colcon_parallel_executor.executor.parallel:run_until_complete
[0.824s] INFO:colcon.colcon_ros.task.ament_cmake.build:Building ROS package in '/home/loki/Documents/GitHub/saga_repo/ros2_thor/src/loki/loki_description' with build type 'ament_cmake'
[0.825s] INFO:colcon.colcon_cmake.task.cmake.build:Building CMake package in '/home/loki/Documents/GitHub/saga_repo/ros2_thor/src/loki/loki_description'
[0.833s] INFO:colcon.colcon_core.plugin_system:Skipping extension 'colcon_core.shell.bat': Not used on non-Windows systems
[0.834s] INFO:colcon.colcon_core.shell:Skip shell extension 'powershell' for command environment: Not usable outside of PowerShell
[0.834s] DEBUG:colcon.colcon_core.shell:Skip shell extension 'dsv' for command environment
[0.851s] INFO:colcon.colcon_ros.task.ament_python.build:Building ROS package in '/home/loki/Documents/GitHub/saga_repo/ros2_thor/src/loki/loki_teleop' with build type 'ament_python'
[0.851s] Level 1:colcon.colcon_core.shell:create_environment_hook('loki_teleop', 'ament_prefix_path')
[0.862s] INFO:colcon.colcon_core.shell:Creating environment hook '/home/loki/Documents/GitHub/saga_repo/install/loki_teleop/share/loki_teleop/hook/ament_prefix_path.ps1'
[0.862s] INFO:colcon.colcon_core.shell:Creating environment descriptor '/home/loki/Documents/GitHub/saga_repo/install/loki_teleop/share/loki_teleop/hook/ament_prefix_path.dsv'
[0.862s] INFO:colcon.colcon_core.shell:Creating environment hook '/home/loki/Documents/GitHub/saga_repo/install/loki_teleop/share/loki_teleop/hook/ament_prefix_path.sh'
[0.871s] INFO:colcon.colcon_core.shell:Skip shell extension 'powershell' for command environment: Not usable outside of PowerShell
[0.871s] DEBUG:colcon.colcon_core.shell:Skip shell extension 'dsv' for command environment
[0.890s] INFO:colcon.colcon_ros.task.ament_cmake.build:Building ROS package in '/home/loki/Documents/GitHub/saga_repo/ros2_thor/src/loki/loki_twist_mux' with build type 'ament_cmake'
[0.890s] INFO:colcon.colcon_cmake.task.cmake.build:Building CMake package in '/home/loki/Documents/GitHub/saga_repo/ros2_thor/src/loki/loki_twist_mux'
[0.899s] INFO:colcon.colcon_core.shell:Skip shell extension 'powershell' for command environment: Not usable outside of PowerShell
[0.899s] DEBUG:colcon.colcon_core.shell:Skip shell extension 'dsv' for command environment
[0.929s] INFO:colcon.colcon_ros.task.ament_cmake.build:Building ROS package in '/home/loki/Documents/GitHub/saga_repo/ros2_thor/src/loki/rasberry_gazebo' with build type 'ament_cmake'
[0.929s] INFO:colcon.colcon_cmake.task.cmake.build:Building CMake package in '/home/loki/Documents/GitHub/saga_repo/ros2_thor/src/loki/rasberry_gazebo'
[0.938s] INFO:colcon.colcon_core.shell:Skip shell extension 'powershell' for command environment: Not usable outside of PowerShell
[0.938s] DEBUG:colcon.colcon_core.shell:Skip shell extension 'dsv' for command environment
[0.960s] DEBUG:colcon.colcon_core.event_handler.log_command:Invoking command in '/home/loki/Documents/GitHub/saga_repo/build/loki_description': CMAKE_PREFIX_PATH=/opt/ros/humble /usr/bin/cmake /home/loki/Documents/GitHub/saga_repo/ros2_thor/src/loki/loki_description -DCMAKE_INSTALL_PREFIX=/home/loki/Documents/GitHub/saga_repo/install/loki_description
[1.131s] INFO:colcon.colcon_core.task.python.build:Building Python package in '/home/loki/Documents/GitHub/saga_repo/ros2_thor/src/loki/loki_teleop'
[1.141s] INFO:colcon.colcon_core.shell:Skip shell extension 'powershell' for command environment: Not usable outside of PowerShell
[1.141s] DEBUG:colcon.colcon_core.shell:Skip shell extension 'dsv' for command environment
[1.165s] DEBUG:colcon.colcon_core.event_handler.log_command:Invoking command in '/home/loki/Documents/GitHub/saga_repo/build/loki_twist_mux': CMAKE_PREFIX_PATH=/opt/ros/humble /usr/bin/cmake /home/loki/Documents/GitHub/saga_repo/ros2_thor/src/loki/loki_twist_mux -DCMAKE_INSTALL_PREFIX=/home/loki/Documents/GitHub/saga_repo/install/loki_twist_mux
[1.170s] DEBUG:colcon.colcon_core.event_handler.log_command:Invoking command in '/home/loki/Documents/GitHub/saga_repo/build/rasberry_gazebo': CMAKE_PREFIX_PATH=/opt/ros/humble /usr/bin/cmake /home/loki/Documents/GitHub/saga_repo/ros2_thor/src/loki/rasberry_gazebo -DCMAKE_INSTALL_PREFIX=/home/loki/Documents/GitHub/saga_repo/install/rasberry_gazebo
[1.457s] DEBUG:colcon.colcon_core.event_handler.log_command:Invoking command in '/home/loki/Documents/GitHub/saga_repo/ros2_thor/src/loki/loki_teleop': PYTHONPATH=/home/loki/Documents/GitHub/saga_repo/build/loki_teleop/prefix_override:/home/loki/Documents/GitHub/saga_repo/install/loki_teleop/lib/python3.10/site-packages:${PYTHONPATH} /usr/bin/python3 setup.py egg_info --egg-base ../../../../build/loki_teleop build --build-base /home/loki/Documents/GitHub/saga_repo/build/loki_teleop/build install --record /home/loki/Documents/GitHub/saga_repo/build/loki_teleop/install.log --single-version-externally-managed
[1.679s] DEBUG:colcon.colcon_core.event_handler.log_command:Invoked command in '/home/loki/Documents/GitHub/saga_repo/ros2_thor/src/loki/loki_teleop' returned '0': PYTHONPATH=/home/loki/Documents/GitHub/saga_repo/build/loki_teleop/prefix_override:/home/loki/Documents/GitHub/saga_repo/install/loki_teleop/lib/python3.10/site-packages:${PYTHONPATH} /usr/bin/python3 setup.py egg_info --egg-base ../../../../build/loki_teleop build --build-base /home/loki/Documents/GitHub/saga_repo/build/loki_teleop/build install --record /home/loki/Documents/GitHub/saga_repo/build/loki_teleop/install.log --single-version-externally-managed
[1.689s] Level 1:colcon.colcon_core.environment:checking '/home/loki/Documents/GitHub/saga_repo/install/loki_teleop' for CMake module files
[1.690s] Level 1:colcon.colcon_core.environment:checking '/home/loki/Documents/GitHub/saga_repo/install/loki_teleop' for CMake config files
[1.690s] Level 1:colcon.colcon_core.environment:checking '/home/loki/Documents/GitHub/saga_repo/install/loki_teleop/lib'
[1.690s] Level 1:colcon.colcon_core.environment:checking '/home/loki/Documents/GitHub/saga_repo/install/loki_teleop/bin'
[1.690s] Level 1:colcon.colcon_core.environment:checking '/home/loki/Documents/GitHub/saga_repo/install/loki_teleop/lib/pkgconfig/loki_teleop.pc'
[1.691s] Level 1:colcon.colcon_core.environment:checking '/home/loki/Documents/GitHub/saga_repo/install/loki_teleop/lib/python3.10/site-packages'
[1.691s] Level 1:colcon.colcon_core.shell:create_environment_hook('loki_teleop', 'pythonpath')
[1.706s] INFO:colcon.colcon_core.shell:Creating environment hook '/home/loki/Documents/GitHub/saga_repo/install/loki_teleop/share/loki_teleop/hook/pythonpath.ps1'
[1.706s] INFO:colcon.colcon_core.shell:Creating environment descriptor '/home/loki/Documents/GitHub/saga_repo/install/loki_teleop/share/loki_teleop/hook/pythonpath.dsv'
[1.707s] INFO:colcon.colcon_core.shell:Creating environment hook '/home/loki/Documents/GitHub/saga_repo/install/loki_teleop/share/loki_teleop/hook/pythonpath.sh'
[1.707s] Level 1:colcon.colcon_core.environment:checking '/home/loki/Documents/GitHub/saga_repo/install/loki_teleop/bin'
[1.707s] Level 1:colcon.colcon_core.environment:create_environment_scripts_only(loki_teleop)
[1.721s] INFO:colcon.colcon_core.shell:Creating package script '/home/loki/Documents/GitHub/saga_repo/install/loki_teleop/share/loki_teleop/package.ps1'
[1.722s] INFO:colcon.colcon_core.shell:Creating package descriptor '/home/loki/Documents/GitHub/saga_repo/install/loki_teleop/share/loki_teleop/package.dsv'
[1.722s] INFO:colcon.colcon_core.shell:Creating package script '/home/loki/Documents/GitHub/saga_repo/install/loki_teleop/share/loki_teleop/package.sh'
[1.722s] INFO:colcon.colcon_core.shell:Creating package script '/home/loki/Documents/GitHub/saga_repo/install/loki_teleop/share/loki_teleop/package.bash'
[1.723s] INFO:colcon.colcon_core.shell:Creating package script '/home/loki/Documents/GitHub/saga_repo/install/loki_teleop/share/loki_teleop/package.zsh'
[1.723s] Level 1:colcon.colcon_core.environment:create_file_with_runtime_dependencies(/home/loki/Documents/GitHub/saga_repo/install/loki_teleop/share/colcon-core/packages/loki_teleop)
[2.908s] DEBUG:colcon.colcon_core.event_handler.log_command:Invoked command in '/home/loki/Documents/GitHub/saga_repo/build/loki_twist_mux' returned '0': CMAKE_PREFIX_PATH=/opt/ros/humble /usr/bin/cmake /home/loki/Documents/GitHub/saga_repo/ros2_thor/src/loki/loki_twist_mux -DCMAKE_INSTALL_PREFIX=/home/loki/Documents/GitHub/saga_repo/install/loki_twist_mux
[2.911s] DEBUG:colcon.colcon_core.event_handler.log_command:Invoking command in '/home/loki/Documents/GitHub/saga_repo/build/loki_twist_mux': CMAKE_PREFIX_PATH=/opt/ros/humble /usr/bin/cmake --build /home/loki/Documents/GitHub/saga_repo/build/loki_twist_mux -- -j8 -l8
[2.965s] DEBUG:colcon.colcon_core.event_handler.log_command:Invoked command in '/home/loki/Documents/GitHub/saga_repo/build/loki_twist_mux' returned '0': CMAKE_PREFIX_PATH=/opt/ros/humble /usr/bin/cmake --build /home/loki/Documents/GitHub/saga_repo/build/loki_twist_mux -- -j8 -l8
[3.001s] DEBUG:colcon.colcon_core.event_handler.log_command:Invoking command in '/home/loki/Documents/GitHub/saga_repo/build/loki_twist_mux': CMAKE_PREFIX_PATH=/opt/ros/humble /usr/bin/cmake --install /home/loki/Documents/GitHub/saga_repo/build/loki_twist_mux
[3.008s] Level 1:colcon.colcon_core.environment:create_environment_scripts_only(loki_twist_mux)
[3.009s] DEBUG:colcon.colcon_core.event_handler.log_command:Invoked command in '/home/loki/Documents/GitHub/saga_repo/build/loki_twist_mux' returned '0': CMAKE_PREFIX_PATH=/opt/ros/humble /usr/bin/cmake --install /home/loki/Documents/GitHub/saga_repo/build/loki_twist_mux
[3.024s] Level 1:colcon.colcon_core.environment:checking '/home/loki/Documents/GitHub/saga_repo/install/loki_twist_mux' for CMake module files
[3.024s] Level 1:colcon.colcon_core.environment:checking '/home/loki/Documents/GitHub/saga_repo/install/loki_twist_mux' for CMake config files
[3.024s] Level 1:colcon.colcon_core.shell:create_environment_hook('loki_twist_mux', 'cmake_prefix_path')
[3.039s] INFO:colcon.colcon_core.shell:Creating environment hook '/home/loki/Documents/GitHub/saga_repo/install/loki_twist_mux/share/loki_twist_mux/hook/cmake_prefix_path.ps1'
[3.039s] INFO:colcon.colcon_core.shell:Creating environment descriptor '/home/loki/Documents/GitHub/saga_repo/install/loki_twist_mux/share/loki_twist_mux/hook/cmake_prefix_path.dsv'
[3.040s] INFO:colcon.colcon_core.shell:Creating environment hook '/home/loki/Documents/GitHub/saga_repo/install/loki_twist_mux/share/loki_twist_mux/hook/cmake_prefix_path.sh'
[3.040s] Level 1:colcon.colcon_core.environment:checking '/home/loki/Documents/GitHub/saga_repo/install/loki_twist_mux/bin'
[3.040s] Level 1:colcon.colcon_core.environment:checking '/home/loki/Documents/GitHub/saga_repo/install/loki_twist_mux/lib/pkgconfig/loki_twist_mux.pc'
[3.041s] Level 1:colcon.colcon_core.environment:checking '/home/loki/Documents/GitHub/saga_repo/install/loki_twist_mux/lib/python3.10/site-packages'
[3.041s] Level 1:colcon.colcon_core.environment:checking '/home/loki/Documents/GitHub/saga_repo/install/loki_twist_mux/bin'
[3.056s] INFO:colcon.colcon_core.shell:Creating package script '/home/loki/Documents/GitHub/saga_repo/install/loki_twist_mux/share/loki_twist_mux/package.ps1'
[3.056s] INFO:colcon.colcon_core.shell:Creating package descriptor '/home/loki/Documents/GitHub/saga_repo/install/loki_twist_mux/share/loki_twist_mux/package.dsv'
[3.057s] INFO:colcon.colcon_core.shell:Creating package script '/home/loki/Documents/GitHub/saga_repo/install/loki_twist_mux/share/loki_twist_mux/package.sh'
[3.057s] INFO:colcon.colcon_core.shell:Creating package script '/home/loki/Documents/GitHub/saga_repo/install/loki_twist_mux/share/loki_twist_mux/package.bash'
[3.057s] INFO:colcon.colcon_core.shell:Creating package script '/home/loki/Documents/GitHub/saga_repo/install/loki_twist_mux/share/loki_twist_mux/package.zsh'
[3.058s] Level 1:colcon.colcon_core.environment:create_file_with_runtime_dependencies(/home/loki/Documents/GitHub/saga_repo/install/loki_twist_mux/share/colcon-core/packages/loki_twist_mux)
[3.082s] Level 1:colcon.colcon_core.environment:create_environment_scripts_only(loki_twist_mux)
[3.091s] Level 1:colcon.colcon_core.environment:checking '/home/loki/Documents/GitHub/saga_repo/install/loki_twist_mux' for CMake module files
[3.091s] Level 1:colcon.colcon_core.environment:checking '/home/loki/Documents/GitHub/saga_repo/install/loki_twist_mux' for CMake config files
[3.091s] Level 1:colcon.colcon_core.shell:create_environment_hook('loki_twist_mux', 'cmake_prefix_path')
[3.100s] INFO:colcon.colcon_core.shell:Creating environment hook '/home/loki/Documents/GitHub/saga_repo/install/loki_twist_mux/share/loki_twist_mux/hook/cmake_prefix_path.ps1'
[3.100s] INFO:colcon.colcon_core.shell:Creating environment descriptor '/home/loki/Documents/GitHub/saga_repo/install/loki_twist_mux/share/loki_twist_mux/hook/cmake_prefix_path.dsv'
[3.100s] INFO:colcon.colcon_core.shell:Creating environment hook '/home/loki/Documents/GitHub/saga_repo/install/loki_twist_mux/share/loki_twist_mux/hook/cmake_prefix_path.sh'
[3.101s] Level 1:colcon.colcon_core.environment:checking '/home/loki/Documents/GitHub/saga_repo/install/loki_twist_mux/bin'
[3.101s] Level 1:colcon.colcon_core.environment:checking '/home/loki/Documents/GitHub/saga_repo/install/loki_twist_mux/lib/pkgconfig/loki_twist_mux.pc'
[3.101s] Level 1:colcon.colcon_core.environment:checking '/home/loki/Documents/GitHub/saga_repo/install/loki_twist_mux/lib/python3.10/site-packages'
[3.101s] Level 1:colcon.colcon_core.environment:checking '/home/loki/Documents/GitHub/saga_repo/install/loki_twist_mux/bin'
[3.110s] INFO:colcon.colcon_core.shell:Creating package script '/home/loki/Documents/GitHub/saga_repo/install/loki_twist_mux/share/loki_twist_mux/package.ps1'
[3.110s] INFO:colcon.colcon_core.shell:Creating package descriptor '/home/loki/Documents/GitHub/saga_repo/install/loki_twist_mux/share/loki_twist_mux/package.dsv'
[3.110s] INFO:colcon.colcon_core.shell:Creating package script '/home/loki/Documents/GitHub/saga_repo/install/loki_twist_mux/share/loki_twist_mux/package.sh'
[3.111s] INFO:colcon.colcon_core.shell:Creating package script '/home/loki/Documents/GitHub/saga_repo/install/loki_twist_mux/share/loki_twist_mux/package.bash'
[3.111s] INFO:colcon.colcon_core.shell:Creating package script '/home/loki/Documents/GitHub/saga_repo/install/loki_twist_mux/share/loki_twist_mux/package.zsh'
[3.111s] Level 1:colcon.colcon_core.environment:create_file_with_runtime_dependencies(/home/loki/Documents/GitHub/saga_repo/install/loki_twist_mux/share/colcon-core/packages/loki_twist_mux)
[3.273s] DEBUG:colcon.colcon_core.event_handler.log_command:Invoked command in '/home/loki/Documents/GitHub/saga_repo/build/loki_description' returned '0': CMAKE_PREFIX_PATH=/opt/ros/humble /usr/bin/cmake /home/loki/Documents/GitHub/saga_repo/ros2_thor/src/loki/loki_description -DCMAKE_INSTALL_PREFIX=/home/loki/Documents/GitHub/saga_repo/install/loki_description
[3.274s] DEBUG:colcon.colcon_core.event_handler.log_command:Invoking command in '/home/loki/Documents/GitHub/saga_repo/build/loki_description': CMAKE_PREFIX_PATH=/opt/ros/humble /usr/bin/cmake --build /home/loki/Documents/GitHub/saga_repo/build/loki_description -- -j8 -l8
[3.301s] DEBUG:colcon.colcon_core.event_handler.log_command:Invoked command in '/home/loki/Documents/GitHub/saga_repo/build/loki_description' returned '0': CMAKE_PREFIX_PATH=/opt/ros/humble /usr/bin/cmake --build /home/loki/Documents/GitHub/saga_repo/build/loki_description -- -j8 -l8
[3.321s] DEBUG:colcon.colcon_core.event_handler.log_command:Invoking command in '/home/loki/Documents/GitHub/saga_repo/build/loki_description': CMAKE_PREFIX_PATH=/opt/ros/humble /usr/bin/cmake --install /home/loki/Documents/GitHub/saga_repo/build/loki_description
[3.343s] Level 1:colcon.colcon_core.environment:create_environment_scripts_only(loki_description)
[3.343s] DEBUG:colcon.colcon_core.event_handler.log_command:Invoked command in '/home/loki/Documents/GitHub/saga_repo/build/loki_description' returned '0': CMAKE_PREFIX_PATH=/opt/ros/humble /usr/bin/cmake --install /home/loki/Documents/GitHub/saga_repo/build/loki_description
[3.357s] Level 1:colcon.colcon_core.environment:checking '/home/loki/Documents/GitHub/saga_repo/install/loki_description' for CMake module files
[3.357s] Level 1:colcon.colcon_core.environment:checking '/home/loki/Documents/GitHub/saga_repo/install/loki_description' for CMake config files
[3.357s] Level 1:colcon.colcon_core.shell:create_environment_hook('loki_description', 'cmake_prefix_path')
[3.370s] INFO:colcon.colcon_core.shell:Creating environment hook '/home/loki/Documents/GitHub/saga_repo/install/loki_description/share/loki_description/hook/cmake_prefix_path.ps1'
[3.371s] INFO:colcon.colcon_core.shell:Creating environment descriptor '/home/loki/Documents/GitHub/saga_repo/install/loki_description/share/loki_description/hook/cmake_prefix_path.dsv'
[3.371s] INFO:colcon.colcon_core.shell:Creating environment hook '/home/loki/Documents/GitHub/saga_repo/install/loki_description/share/loki_description/hook/cmake_prefix_path.sh'
[3.372s] Level 1:colcon.colcon_core.environment:checking '/home/loki/Documents/GitHub/saga_repo/install/loki_description/bin'
[3.372s] Level 1:colcon.colcon_core.environment:checking '/home/loki/Documents/GitHub/saga_repo/install/loki_description/lib/pkgconfig/loki_description.pc'
[3.372s] Level 1:colcon.colcon_core.environment:checking '/home/loki/Documents/GitHub/saga_repo/install/loki_description/lib/python3.10/site-packages'
[3.372s] Level 1:colcon.colcon_core.environment:checking '/home/loki/Documents/GitHub/saga_repo/install/loki_description/bin'
[3.381s] INFO:colcon.colcon_core.shell:Creating package script '/home/loki/Documents/GitHub/saga_repo/install/loki_description/share/loki_description/package.ps1'
[3.381s] INFO:colcon.colcon_core.shell:Creating package descriptor '/home/loki/Documents/GitHub/saga_repo/install/loki_description/share/loki_description/package.dsv'
[3.382s] INFO:colcon.colcon_core.shell:Creating package script '/home/loki/Documents/GitHub/saga_repo/install/loki_description/share/loki_description/package.sh'
[3.382s] INFO:colcon.colcon_core.shell:Creating package script '/home/loki/Documents/GitHub/saga_repo/install/loki_description/share/loki_description/package.bash'
[3.382s] INFO:colcon.colcon_core.shell:Creating package script '/home/loki/Documents/GitHub/saga_repo/install/loki_description/share/loki_description/package.zsh'
[3.382s] Level 1:colcon.colcon_core.environment:create_file_with_runtime_dependencies(/home/loki/Documents/GitHub/saga_repo/install/loki_description/share/colcon-core/packages/loki_description)
[3.406s] Level 1:colcon.colcon_core.environment:create_environment_scripts_only(loki_description)
[3.415s] Level 1:colcon.colcon_core.environment:checking '/home/loki/Documents/GitHub/saga_repo/install/loki_description' for CMake module files
[3.415s] Level 1:colcon.colcon_core.environment:checking '/home/loki/Documents/GitHub/saga_repo/install/loki_description' for CMake config files
[3.415s] Level 1:colcon.colcon_core.shell:create_environment_hook('loki_description', 'cmake_prefix_path')
[3.424s] INFO:colcon.colcon_core.shell:Creating environment hook '/home/loki/Documents/GitHub/saga_repo/install/loki_description/share/loki_description/hook/cmake_prefix_path.ps1'
[3.424s] INFO:colcon.colcon_core.shell:Creating environment descriptor '/home/loki/Documents/GitHub/saga_repo/install/loki_description/share/loki_description/hook/cmake_prefix_path.dsv'
[3.424s] INFO:colcon.colcon_core.shell:Creating environment hook '/home/loki/Documents/GitHub/saga_repo/install/loki_description/share/loki_description/hook/cmake_prefix_path.sh'
[3.424s] Level 1:colcon.colcon_core.environment:checking '/home/loki/Documents/GitHub/saga_repo/install/loki_description/bin'
[3.424s] Level 1:colcon.colcon_core.environment:checking '/home/loki/Documents/GitHub/saga_repo/install/loki_description/lib/pkgconfig/loki_description.pc'
[3.425s] Level 1:colcon.colcon_core.environment:checking '/home/loki/Documents/GitHub/saga_repo/install/loki_description/lib/python3.10/site-packages'
[3.425s] Level 1:colcon.colcon_core.environment:checking '/home/loki/Documents/GitHub/saga_repo/install/loki_description/bin'
[3.434s] INFO:colcon.colcon_core.shell:Creating package script '/home/loki/Documents/GitHub/saga_repo/install/loki_description/share/loki_description/package.ps1'
[3.434s] INFO:colcon.colcon_core.shell:Creating package descriptor '/home/loki/Documents/GitHub/saga_repo/install/loki_description/share/loki_description/package.dsv'
[3.434s] INFO:colcon.colcon_core.shell:Creating package script '/home/loki/Documents/GitHub/saga_repo/install/loki_description/share/loki_description/package.sh'
[3.434s] INFO:colcon.colcon_core.shell:Creating package script '/home/loki/Documents/GitHub/saga_repo/install/loki_description/share/loki_description/package.bash'
[3.435s] INFO:colcon.colcon_core.shell:Creating package script '/home/loki/Documents/GitHub/saga_repo/install/loki_description/share/loki_description/package.zsh'
[3.435s] Level 1:colcon.colcon_core.environment:create_file_with_runtime_dependencies(/home/loki/Documents/GitHub/saga_repo/install/loki_description/share/colcon-core/packages/loki_description)
[3.435s] INFO:colcon.colcon_ros.task.ament_cmake.build:Building ROS package in '/home/loki/Documents/GitHub/saga_repo/ros2_thor/src/loki/loki_msgs' with build type 'ament_cmake'
[3.435s] INFO:colcon.colcon_cmake.task.cmake.build:Building CMake package in '/home/loki/Documents/GitHub/saga_repo/ros2_thor/src/loki/loki_msgs'
[3.445s] INFO:colcon.colcon_core.shell:Skip shell extension 'powershell' for command environment: Not usable outside of PowerShell
[3.445s] DEBUG:colcon.colcon_core.shell:Skip shell extension 'dsv' for command environment
[3.472s] DEBUG:colcon.colcon_core.event_handler.log_command:Invoking command in '/home/loki/Documents/GitHub/saga_repo/build/loki_msgs': AMENT_PREFIX_PATH=/home/loki/Documents/GitHub/saga_repo/install/loki_description:${AMENT_PREFIX_PATH} CMAKE_PREFIX_PATH=/home/loki/Documents/GitHub/saga_repo/install/loki_description:/opt/ros/humble /usr/bin/cmake /home/loki/Documents/GitHub/saga_repo/ros2_thor/src/loki/loki_msgs -DCMAKE_INSTALL_PREFIX=/home/loki/Documents/GitHub/saga_repo/install/loki_msgs
[4.347s] DEBUG:colcon.colcon_core.event_handler.log_command:Invoked command in '/home/loki/Documents/GitHub/saga_repo/build/rasberry_gazebo' returned '0': CMAKE_PREFIX_PATH=/opt/ros/humble /usr/bin/cmake /home/loki/Documents/GitHub/saga_repo/ros2_thor/src/loki/rasberry_gazebo -DCMAKE_INSTALL_PREFIX=/home/loki/Documents/GitHub/saga_repo/install/rasberry_gazebo
[4.349s] DEBUG:colcon.colcon_core.event_handler.log_command:Invoking command in '/home/loki/Documents/GitHub/saga_repo/build/rasberry_gazebo': CMAKE_PREFIX_PATH=/opt/ros/humble /usr/bin/cmake --build /home/loki/Documents/GitHub/saga_repo/build/rasberry_gazebo -- -j8 -l8
[4.396s] DEBUG:colcon.colcon_core.event_handler.log_command:Invoked command in '/home/loki/Documents/GitHub/saga_repo/build/rasberry_gazebo' returned '0': CMAKE_PREFIX_PATH=/opt/ros/humble /usr/bin/cmake --build /home/loki/Documents/GitHub/saga_repo/build/rasberry_gazebo -- -j8 -l8
[4.419s] DEBUG:colcon.colcon_core.event_handler.log_command:Invoking command in '/home/loki/Documents/GitHub/saga_repo/build/rasberry_gazebo': CMAKE_PREFIX_PATH=/opt/ros/humble /usr/bin/cmake --install /home/loki/Documents/GitHub/saga_repo/build/rasberry_gazebo
[4.430s] Level 1:colcon.colcon_core.environment:create_environment_scripts_only(rasberry_gazebo)
[4.430s] DEBUG:colcon.colcon_core.event_handler.log_command:Invoked command in '/home/loki/Documents/GitHub/saga_repo/build/rasberry_gazebo' returned '0': CMAKE_PREFIX_PATH=/opt/ros/humble /usr/bin/cmake --install /home/loki/Documents/GitHub/saga_repo/build/rasberry_gazebo
[4.440s] Level 1:colcon.colcon_core.environment:checking '/home/loki/Documents/GitHub/saga_repo/install/rasberry_gazebo' for CMake module files
[4.440s] Level 1:colcon.colcon_core.environment:checking '/home/loki/Documents/GitHub/saga_repo/install/rasberry_gazebo' for CMake config files
[4.440s] Level 1:colcon.colcon_core.shell:create_environment_hook('rasberry_gazebo', 'cmake_prefix_path')
[4.450s] INFO:colcon.colcon_core.shell:Creating environment hook '/home/loki/Documents/GitHub/saga_repo/install/rasberry_gazebo/share/rasberry_gazebo/hook/cmake_prefix_path.ps1'
[4.450s] INFO:colcon.colcon_core.shell:Creating environment descriptor '/home/loki/Documents/GitHub/saga_repo/install/rasberry_gazebo/share/rasberry_gazebo/hook/cmake_prefix_path.dsv'
[4.450s] INFO:colcon.colcon_core.shell:Creating environment hook '/home/loki/Documents/GitHub/saga_repo/install/rasberry_gazebo/share/rasberry_gazebo/hook/cmake_prefix_path.sh'
[4.451s] Level 1:colcon.colcon_core.environment:checking '/home/loki/Documents/GitHub/saga_repo/install/rasberry_gazebo/lib'
[4.451s] Level 1:colcon.colcon_core.environment:checking '/home/loki/Documents/GitHub/saga_repo/install/rasberry_gazebo/bin'
[4.451s] Level 1:colcon.colcon_core.environment:checking '/home/loki/Documents/GitHub/saga_repo/install/rasberry_gazebo/lib/pkgconfig/rasberry_gazebo.pc'
[4.451s] Level 1:colcon.colcon_core.environment:checking '/home/loki/Documents/GitHub/saga_repo/install/rasberry_gazebo/lib/python3.10/site-packages'
[4.451s] Level 1:colcon.colcon_core.environment:checking '/home/loki/Documents/GitHub/saga_repo/install/rasberry_gazebo/bin'
[4.461s] INFO:colcon.colcon_core.shell:Creating package script '/home/loki/Documents/GitHub/saga_repo/install/rasberry_gazebo/share/rasberry_gazebo/package.ps1'
[4.461s] INFO:colcon.colcon_core.shell:Creating package descriptor '/home/loki/Documents/GitHub/saga_repo/install/rasberry_gazebo/share/rasberry_gazebo/package.dsv'
[4.462s] INFO:colcon.colcon_core.shell:Creating package script '/home/loki/Documents/GitHub/saga_repo/install/rasberry_gazebo/share/rasberry_gazebo/package.sh'
[4.462s] INFO:colcon.colcon_core.shell:Creating package script '/home/loki/Documents/GitHub/saga_repo/install/rasberry_gazebo/share/rasberry_gazebo/package.bash'
[4.462s] INFO:colcon.colcon_core.shell:Creating package script '/home/loki/Documents/GitHub/saga_repo/install/rasberry_gazebo/share/rasberry_gazebo/package.zsh'
[4.462s] Level 1:colcon.colcon_core.environment:create_file_with_runtime_dependencies(/home/loki/Documents/GitHub/saga_repo/install/rasberry_gazebo/share/colcon-core/packages/rasberry_gazebo)
[4.486s] Level 1:colcon.colcon_core.environment:create_environment_scripts_only(rasberry_gazebo)
[4.494s] Level 1:colcon.colcon_core.environment:checking '/home/loki/Documents/GitHub/saga_repo/install/rasberry_gazebo' for CMake module files
[4.495s] Level 1:colcon.colcon_core.environment:checking '/home/loki/Documents/GitHub/saga_repo/install/rasberry_gazebo' for CMake config files
[4.495s] Level 1:colcon.colcon_core.shell:create_environment_hook('rasberry_gazebo', 'cmake_prefix_path')
[4.504s] INFO:colcon.colcon_core.shell:Creating environment hook '/home/loki/Documents/GitHub/saga_repo/install/rasberry_gazebo/share/rasberry_gazebo/hook/cmake_prefix_path.ps1'
[4.504s] INFO:colcon.colcon_core.shell:Creating environment descriptor '/home/loki/Documents/GitHub/saga_repo/install/rasberry_gazebo/share/rasberry_gazebo/hook/cmake_prefix_path.dsv'
[4.504s] INFO:colcon.colcon_core.shell:Creating environment hook '/home/loki/Documents/GitHub/saga_repo/install/rasberry_gazebo/share/rasberry_gazebo/hook/cmake_prefix_path.sh'
[4.505s] Level 1:colcon.colcon_core.environment:checking '/home/loki/Documents/GitHub/saga_repo/install/rasberry_gazebo/lib'
[4.505s] Level 1:colcon.colcon_core.environment:checking '/home/loki/Documents/GitHub/saga_repo/install/rasberry_gazebo/bin'
[4.505s] Level 1:colcon.colcon_core.environment:checking '/home/loki/Documents/GitHub/saga_repo/install/rasberry_gazebo/lib/pkgconfig/rasberry_gazebo.pc'
[4.505s] Level 1:colcon.colcon_core.environment:checking '/home/loki/Documents/GitHub/saga_repo/install/rasberry_gazebo/lib/python3.10/site-packages'
[4.505s] Level 1:colcon.colcon_core.environment:checking '/home/loki/Documents/GitHub/saga_repo/install/rasberry_gazebo/bin'
[4.514s] INFO:colcon.colcon_core.shell:Creating package script '/home/loki/Documents/GitHub/saga_repo/install/rasberry_gazebo/share/rasberry_gazebo/package.ps1'
[4.514s] INFO:colcon.colcon_core.shell:Creating package descriptor '/home/loki/Documents/GitHub/saga_repo/install/rasberry_gazebo/share/rasberry_gazebo/package.dsv'
[4.515s] INFO:colcon.colcon_core.shell:Creating package script '/home/loki/Documents/GitHub/saga_repo/install/rasberry_gazebo/share/rasberry_gazebo/package.sh'
[4.515s] INFO:colcon.colcon_core.shell:Creating package script '/home/loki/Documents/GitHub/saga_repo/install/rasberry_gazebo/share/rasberry_gazebo/package.bash'
[4.515s] INFO:colcon.colcon_core.shell:Creating package script '/home/loki/Documents/GitHub/saga_repo/install/rasberry_gazebo/share/rasberry_gazebo/package.zsh'
[4.515s] Level 1:colcon.colcon_core.environment:create_file_with_runtime_dependencies(/home/loki/Documents/GitHub/saga_repo/install/rasberry_gazebo/share/colcon-core/packages/rasberry_gazebo)
[5.408s] DEBUG:colcon.colcon_core.event_handler.log_command:Invoked command in '/home/loki/Documents/GitHub/saga_repo/build/loki_msgs' returned '0': AMENT_PREFIX_PATH=/home/loki/Documents/GitHub/saga_repo/install/loki_description:${AMENT_PREFIX_PATH} CMAKE_PREFIX_PATH=/home/loki/Documents/GitHub/saga_repo/install/loki_description:/opt/ros/humble /usr/bin/cmake /home/loki/Documents/GitHub/saga_repo/ros2_thor/src/loki/loki_msgs -DCMAKE_INSTALL_PREFIX=/home/loki/Documents/GitHub/saga_repo/install/loki_msgs
[5.409s] DEBUG:colcon.colcon_core.event_handler.log_command:Invoking command in '/home/loki/Documents/GitHub/saga_repo/build/loki_msgs': AMENT_PREFIX_PATH=/home/loki/Documents/GitHub/saga_repo/install/loki_description:${AMENT_PREFIX_PATH} CMAKE_PREFIX_PATH=/home/loki/Documents/GitHub/saga_repo/install/loki_description:/opt/ros/humble /usr/bin/cmake --build /home/loki/Documents/GitHub/saga_repo/build/loki_msgs -- -j8 -l8
[26.155s] DEBUG:colcon.colcon_core.event_handler.log_command:Invoked command in '/home/loki/Documents/GitHub/saga_repo/build/loki_msgs' returned '0': AMENT_PREFIX_PATH=/home/loki/Documents/GitHub/saga_repo/install/loki_description:${AMENT_PREFIX_PATH} CMAKE_PREFIX_PATH=/home/loki/Documents/GitHub/saga_repo/install/loki_description:/opt/ros/humble /usr/bin/cmake --build /home/loki/Documents/GitHub/saga_repo/build/loki_msgs -- -j8 -l8
[26.702s] DEBUG:colcon.colcon_core.event_handler.log_command:Invoking command in '/home/loki/Documents/GitHub/saga_repo/build/loki_msgs': AMENT_PREFIX_PATH=/home/loki/Documents/GitHub/saga_repo/install/loki_description:${AMENT_PREFIX_PATH} CMAKE_PREFIX_PATH=/home/loki/Documents/GitHub/saga_repo/install/loki_description:/opt/ros/humble /usr/bin/cmake --install /home/loki/Documents/GitHub/saga_repo/build/loki_msgs
[26.835s] Level 1:colcon.colcon_core.environment:create_environment_scripts_only(loki_msgs)
[26.835s] DEBUG:colcon.colcon_core.event_handler.log_command:Invoked command in '/home/loki/Documents/GitHub/saga_repo/build/loki_msgs' returned '0': AMENT_PREFIX_PATH=/home/loki/Documents/GitHub/saga_repo/install/loki_description:${AMENT_PREFIX_PATH} CMAKE_PREFIX_PATH=/home/loki/Documents/GitHub/saga_repo/install/loki_description:/opt/ros/humble /usr/bin/cmake --install /home/loki/Documents/GitHub/saga_repo/build/loki_msgs
[26.856s] Level 1:colcon.colcon_core.environment:checking '/home/loki/Documents/GitHub/saga_repo/install/loki_msgs' for CMake module files
[26.857s] Level 1:colcon.colcon_core.environment:checking '/home/loki/Documents/GitHub/saga_repo/install/loki_msgs' for CMake config files
[26.859s] Level 1:colcon.colcon_core.shell:create_environment_hook('loki_msgs', 'cmake_prefix_path')
[26.876s] INFO:colcon.colcon_core.shell:Creating environment hook '/home/loki/Documents/GitHub/saga_repo/install/loki_msgs/share/loki_msgs/hook/cmake_prefix_path.ps1'
[26.876s] INFO:colcon.colcon_core.shell:Creating environment descriptor '/home/loki/Documents/GitHub/saga_repo/install/loki_msgs/share/loki_msgs/hook/cmake_prefix_path.dsv'
[26.876s] INFO:colcon.colcon_core.shell:Creating environment hook '/home/loki/Documents/GitHub/saga_repo/install/loki_msgs/share/loki_msgs/hook/cmake_prefix_path.sh'
[26.877s] Level 1:colcon.colcon_core.environment:checking '/home/loki/Documents/GitHub/saga_repo/install/loki_msgs/lib'
[26.877s] Level 1:colcon.colcon_core.shell:create_environment_hook('loki_msgs', 'ld_library_path_lib')
[26.885s] INFO:colcon.colcon_core.shell:Creating environment hook '/home/loki/Documents/GitHub/saga_repo/install/loki_msgs/share/loki_msgs/hook/ld_library_path_lib.ps1'
[26.885s] INFO:colcon.colcon_core.shell:Creating environment descriptor '/home/loki/Documents/GitHub/saga_repo/install/loki_msgs/share/loki_msgs/hook/ld_library_path_lib.dsv'
[26.885s] INFO:colcon.colcon_core.shell:Creating environment hook '/home/loki/Documents/GitHub/saga_repo/install/loki_msgs/share/loki_msgs/hook/ld_library_path_lib.sh'
[26.886s] Level 1:colcon.colcon_core.environment:checking '/home/loki/Documents/GitHub/saga_repo/install/loki_msgs/bin'
[26.886s] Level 1:colcon.colcon_core.environment:checking '/home/loki/Documents/GitHub/saga_repo/install/loki_msgs/lib/pkgconfig/loki_msgs.pc'
[26.886s] Level 1:colcon.colcon_core.environment:checking '/home/loki/Documents/GitHub/saga_repo/install/loki_msgs/lib/python3.10/site-packages'
[26.886s] Level 1:colcon.colcon_core.environment:checking '/home/loki/Documents/GitHub/saga_repo/install/loki_msgs/bin'
[26.894s] INFO:colcon.colcon_core.shell:Creating package script '/home/loki/Documents/GitHub/saga_repo/install/loki_msgs/share/loki_msgs/package.ps1'
[26.894s] INFO:colcon.colcon_core.shell:Creating package descriptor '/home/loki/Documents/GitHub/saga_repo/install/loki_msgs/share/loki_msgs/package.dsv'
[26.894s] INFO:colcon.colcon_core.shell:Creating package script '/home/loki/Documents/GitHub/saga_repo/install/loki_msgs/share/loki_msgs/package.sh'
[26.895s] INFO:colcon.colcon_core.shell:Creating package script '/home/loki/Documents/GitHub/saga_repo/install/loki_msgs/share/loki_msgs/package.bash'
[26.895s] INFO:colcon.colcon_core.shell:Creating package script '/home/loki/Documents/GitHub/saga_repo/install/loki_msgs/share/loki_msgs/package.zsh'
[26.895s] Level 1:colcon.colcon_core.environment:create_file_with_runtime_dependencies(/home/loki/Documents/GitHub/saga_repo/install/loki_msgs/share/colcon-core/packages/loki_msgs)
[27.629s] Level 1:colcon.colcon_core.environment:create_environment_scripts_only(loki_msgs)
[27.648s] Level 1:colcon.colcon_core.environment:checking '/home/loki/Documents/GitHub/saga_repo/install/loki_msgs' for CMake module files
[27.649s] Level 1:colcon.colcon_core.environment:checking '/home/loki/Documents/GitHub/saga_repo/install/loki_msgs' for CMake config files
[27.651s] Level 1:colcon.colcon_core.shell:create_environment_hook('loki_msgs', 'cmake_prefix_path')
[27.674s] INFO:colcon.colcon_core.shell:Creating environment hook '/home/loki/Documents/GitHub/saga_repo/install/loki_msgs/share/loki_msgs/hook/cmake_prefix_path.ps1'
[27.675s] INFO:colcon.colcon_core.shell:Creating environment descriptor '/home/loki/Documents/GitHub/saga_repo/install/loki_msgs/share/loki_msgs/hook/cmake_prefix_path.dsv'
[27.676s] INFO:colcon.colcon_core.shell:Creating environment hook '/home/loki/Documents/GitHub/saga_repo/install/loki_msgs/share/loki_msgs/hook/cmake_prefix_path.sh'
[27.676s] Level 1:colcon.colcon_core.environment:checking '/home/loki/Documents/GitHub/saga_repo/install/loki_msgs/lib'
[27.677s] Level 1:colcon.colcon_core.shell:create_environment_hook('loki_msgs', 'ld_library_path_lib')
[27.684s] INFO:colcon.colcon_core.shell:Creating environment hook '/home/loki/Documents/GitHub/saga_repo/install/loki_msgs/share/loki_msgs/hook/ld_library_path_lib.ps1'
[27.685s] INFO:colcon.colcon_core.shell:Creating environment descriptor '/home/loki/Documents/GitHub/saga_repo/install/loki_msgs/share/loki_msgs/hook/ld_library_path_lib.dsv'
[27.685s] INFO:colcon.colcon_core.shell:Creating environment hook '/home/loki/Documents/GitHub/saga_repo/install/loki_msgs/share/loki_msgs/hook/ld_library_path_lib.sh'
[27.685s] Level 1:colcon.colcon_core.environment:checking '/home/loki/Documents/GitHub/saga_repo/install/loki_msgs/bin'
[27.685s] Level 1:colcon.colcon_core.environment:checking '/home/loki/Documents/GitHub/saga_repo/install/loki_msgs/lib/pkgconfig/loki_msgs.pc'
[27.685s] Level 1:colcon.colcon_core.environment:checking '/home/loki/Documents/GitHub/saga_repo/install/loki_msgs/lib/python3.10/site-packages'
[27.685s] Level 1:colcon.colcon_core.environment:checking '/home/loki/Documents/GitHub/saga_repo/install/loki_msgs/bin'
[27.693s] INFO:colcon.colcon_core.shell:Creating package script '/home/loki/Documents/GitHub/saga_repo/install/loki_msgs/share/loki_msgs/package.ps1'
[27.694s] INFO:colcon.colcon_core.shell:Creating package descriptor '/home/loki/Documents/GitHub/saga_repo/install/loki_msgs/share/loki_msgs/package.dsv'
[27.694s] INFO:colcon.colcon_core.shell:Creating package script '/home/loki/Documents/GitHub/saga_repo/install/loki_msgs/share/loki_msgs/package.sh'
[27.694s] INFO:colcon.colcon_core.shell:Creating package script '/home/loki/Documents/GitHub/saga_repo/install/loki_msgs/share/loki_msgs/package.bash'
[27.694s] INFO:colcon.colcon_core.shell:Creating package script '/home/loki/Documents/GitHub/saga_repo/install/loki_msgs/share/loki_msgs/package.zsh'
[27.695s] Level 1:colcon.colcon_core.environment:create_file_with_runtime_dependencies(/home/loki/Documents/GitHub/saga_repo/install/loki_msgs/share/colcon-core/packages/loki_msgs)
[27.695s] INFO:colcon.colcon_ros.task.ament_cmake.build:Building ROS package in '/home/loki/Documents/GitHub/saga_repo/ros2_thor/src/loki/loki_can_devices' with build type 'ament_cmake'
[27.695s] INFO:colcon.colcon_cmake.task.cmake.build:Building CMake package in '/home/loki/Documents/GitHub/saga_repo/ros2_thor/src/loki/loki_can_devices'
[27.704s] INFO:colcon.colcon_core.shell:Skip shell extension 'powershell' for command environment: Not usable outside of PowerShell
[27.704s] DEBUG:colcon.colcon_core.shell:Skip shell extension 'dsv' for command environment
[27.730s] DEBUG:colcon.colcon_core.event_handler.log_command:Invoking command in '/home/loki/Documents/GitHub/saga_repo/build/loki_can_devices': AMENT_PREFIX_PATH=/home/loki/Documents/GitHub/saga_repo/install/loki_msgs:/home/loki/Documents/GitHub/saga_repo/install/loki_description:${AMENT_PREFIX_PATH} CMAKE_PREFIX_PATH=/home/loki/Documents/GitHub/saga_repo/install/loki_msgs:/home/loki/Documents/GitHub/saga_repo/install/loki_description:/opt/ros/humble LD_LIBRARY_PATH=/home/loki/Documents/GitHub/saga_repo/install/loki_msgs/lib:${LD_LIBRARY_PATH} PYTHONPATH=/home/loki/Documents/GitHub/saga_repo/install/loki_msgs/local/lib/python3.10/dist-packages:${PYTHONPATH} /usr/bin/cmake /home/loki/Documents/GitHub/saga_repo/ros2_thor/src/loki/loki_can_devices -DCMAKE_INSTALL_PREFIX=/home/loki/Documents/GitHub/saga_repo/install/loki_can_devices
[28.848s] DEBUG:colcon.colcon_core.event_handler.log_command:Invoked command in '/home/loki/Documents/GitHub/saga_repo/build/loki_can_devices' returned '0': AMENT_PREFIX_PATH=/home/loki/Documents/GitHub/saga_repo/install/loki_msgs:/home/loki/Documents/GitHub/saga_repo/install/loki_description:${AMENT_PREFIX_PATH} CMAKE_PREFIX_PATH=/home/loki/Documents/GitHub/saga_repo/install/loki_msgs:/home/loki/Documents/GitHub/saga_repo/install/loki_description:/opt/ros/humble LD_LIBRARY_PATH=/home/loki/Documents/GitHub/saga_repo/install/loki_msgs/lib:${LD_LIBRARY_PATH} PYTHONPATH=/home/loki/Documents/GitHub/saga_repo/install/loki_msgs/local/lib/python3.10/dist-packages:${PYTHONPATH} /usr/bin/cmake /home/loki/Documents/GitHub/saga_repo/ros2_thor/src/loki/loki_can_devices -DCMAKE_INSTALL_PREFIX=/home/loki/Documents/GitHub/saga_repo/install/loki_can_devices
[28.849s] DEBUG:colcon.colcon_core.event_handler.log_command:Invoking command in '/home/loki/Documents/GitHub/saga_repo/build/loki_can_devices': AMENT_PREFIX_PATH=/home/loki/Documents/GitHub/saga_repo/install/loki_msgs:/home/loki/Documents/GitHub/saga_repo/install/loki_description:${AMENT_PREFIX_PATH} CMAKE_PREFIX_PATH=/home/loki/Documents/GitHub/saga_repo/install/loki_msgs:/home/loki/Documents/GitHub/saga_repo/install/loki_description:/opt/ros/humble LD_LIBRARY_PATH=/home/loki/Documents/GitHub/saga_repo/install/loki_msgs/lib:${LD_LIBRARY_PATH} PYTHONPATH=/home/loki/Documents/GitHub/saga_repo/install/loki_msgs/local/lib/python3.10/dist-packages:${PYTHONPATH} /usr/bin/cmake --build /home/loki/Documents/GitHub/saga_repo/build/loki_can_devices -- -j8 -l8
[49.056s] DEBUG:colcon.colcon_core.event_handler.log_command:Invoked command in '/home/loki/Documents/GitHub/saga_repo/build/loki_can_devices' returned '2': AMENT_PREFIX_PATH=/home/loki/Documents/GitHub/saga_repo/install/loki_msgs:/home/loki/Documents/GitHub/saga_repo/install/loki_description:${AMENT_PREFIX_PATH} CMAKE_PREFIX_PATH=/home/loki/Documents/GitHub/saga_repo/install/loki_msgs:/home/loki/Documents/GitHub/saga_repo/install/loki_description:/opt/ros/humble LD_LIBRARY_PATH=/home/loki/Documents/GitHub/saga_repo/install/loki_msgs/lib:${LD_LIBRARY_PATH} PYTHONPATH=/home/loki/Documents/GitHub/saga_repo/install/loki_msgs/local/lib/python3.10/dist-packages:${PYTHONPATH} /usr/bin/cmake --build /home/loki/Documents/GitHub/saga_repo/build/loki_can_devices -- -j8 -l8
[49.093s] Level 1:colcon.colcon_core.environment:create_environment_scripts_only(loki_can_devices)
[49.102s] Level 1:colcon.colcon_core.environment:checking '/home/loki/Documents/GitHub/saga_repo/install/loki_can_devices' for CMake module files
[49.102s] Level 1:colcon.colcon_core.environment:checking '/home/loki/Documents/GitHub/saga_repo/install/loki_can_devices' for CMake config files
[49.102s] Level 1:colcon.colcon_core.environment:checking '/home/loki/Documents/GitHub/saga_repo/install/loki_can_devices/bin'
[49.102s] Level 1:colcon.colcon_core.environment:checking '/home/loki/Documents/GitHub/saga_repo/install/loki_can_devices/lib/pkgconfig/loki_can_devices.pc'
[49.102s] Level 1:colcon.colcon_core.environment:checking '/home/loki/Documents/GitHub/saga_repo/install/loki_can_devices/lib/python3.10/site-packages'
[49.102s] Level 1:colcon.colcon_core.environment:checking '/home/loki/Documents/GitHub/saga_repo/install/loki_can_devices/bin'
[49.110s] INFO:colcon.colcon_core.shell:Creating package script '/home/loki/Documents/GitHub/saga_repo/install/loki_can_devices/share/loki_can_devices/package.ps1'
[49.110s] INFO:colcon.colcon_core.shell:Creating package descriptor '/home/loki/Documents/GitHub/saga_repo/install/loki_can_devices/share/loki_can_devices/package.dsv'
[49.111s] INFO:colcon.colcon_core.shell:Creating package script '/home/loki/Documents/GitHub/saga_repo/install/loki_can_devices/share/loki_can_devices/package.sh'
[49.111s] INFO:colcon.colcon_core.shell:Creating package script '/home/loki/Documents/GitHub/saga_repo/install/loki_can_devices/share/loki_can_devices/package.bash'
[49.111s] INFO:colcon.colcon_core.shell:Creating package script '/home/loki/Documents/GitHub/saga_repo/install/loki_can_devices/share/loki_can_devices/package.zsh'
[49.111s] Level 1:colcon.colcon_core.environment:create_file_with_runtime_dependencies(/home/loki/Documents/GitHub/saga_repo/install/loki_can_devices/share/colcon-core/packages/loki_can_devices)
[49.122s] DEBUG:colcon.colcon_parallel_executor.executor.parallel:closing loop
[49.122s] DEBUG:colcon.colcon_parallel_executor.executor.parallel:loop closed
[49.122s] DEBUG:colcon.colcon_parallel_executor.executor.parallel:run_until_complete finished with '2'
[49.122s] DEBUG:colcon.colcon_core.event_reactor:joining thread
[49.159s] INFO:colcon.colcon_core.plugin_system:Skipping extension 'colcon_notification.desktop_notification.terminal_notifier': Not used on non-Darwin systems
[49.159s] INFO:colcon.colcon_core.plugin_system:Skipping extension 'colcon_notification.desktop_notification.win32': Not used on non-Windows systems
[49.159s] INFO:colcon.colcon_notification.desktop_notification:Sending desktop notification using 'notify2'
[49.168s] DEBUG:colcon.colcon_core.event_reactor:joined thread
[49.194s] INFO:colcon.colcon_core.shell:Creating prefix script '/home/loki/Documents/GitHub/saga_repo/install/local_setup.ps1'
[49.195s] INFO:colcon.colcon_core.shell:Creating prefix util module '/home/loki/Documents/GitHub/saga_repo/install/_local_setup_util_ps1.py'
[49.196s] INFO:colcon.colcon_core.shell:Creating prefix chain script '/home/loki/Documents/GitHub/saga_repo/install/setup.ps1'
[49.218s] INFO:colcon.colcon_core.shell:Creating prefix script '/home/loki/Documents/GitHub/saga_repo/install/local_setup.sh'
[49.219s] INFO:colcon.colcon_core.shell:Creating prefix util module '/home/loki/Documents/GitHub/saga_repo/install/_local_setup_util_sh.py'
[49.220s] INFO:colcon.colcon_core.shell:Creating prefix chain script '/home/loki/Documents/GitHub/saga_repo/install/setup.sh'
[49.248s] INFO:colcon.colcon_core.shell:Creating prefix script '/home/loki/Documents/GitHub/saga_repo/install/local_setup.bash'
[49.250s] INFO:colcon.colcon_core.shell:Creating prefix chain script '/home/loki/Documents/GitHub/saga_repo/install/setup.bash'
[49.279s] INFO:colcon.colcon_core.shell:Creating prefix script '/home/loki/Documents/GitHub/saga_repo/install/local_setup.zsh'
[49.280s] INFO:colcon.colcon_core.shell:Creating prefix chain script '/home/loki/Documents/GitHub/saga_repo/install/setup.zsh'
