[1.443s] Invoking command in '/home/loki/Documents/GitHub/saga_repo/ros2_thor/src/loki/loki_nav': PYTHONPATH=/home/loki/Documents/GitHub/saga_repo/build/loki_nav/prefix_override:/home/loki/Documents/GitHub/saga_repo/install/loki_nav/lib/python3.10/site-packages:${PYTHONPATH} /usr/bin/python3 setup.py egg_info --egg-base ../../../../build/loki_nav build --build-base /home/loki/Documents/GitHub/saga_repo/build/loki_nav/build install --record /home/loki/Documents/GitHub/saga_repo/build/loki_nav/install.log --single-version-externally-managed
[1.916s] running egg_info
[1.918s] writing ../../../../build/loki_nav/loki_nav.egg-info/PKG-INFO
[1.918s] writing dependency_links to ../../../../build/loki_nav/loki_nav.egg-info/dependency_links.txt
[1.919s] writing entry points to ../../../../build/loki_nav/loki_nav.egg-info/entry_points.txt
[1.919s] writing requirements to ../../../../build/loki_nav/loki_nav.egg-info/requires.txt
[1.919s] writing top-level names to ../../../../build/loki_nav/loki_nav.egg-info/top_level.txt
[1.922s] reading manifest file '../../../../build/loki_nav/loki_nav.egg-info/SOURCES.txt'
[1.924s] writing manifest file '../../../../build/loki_nav/loki_nav.egg-info/SOURCES.txt'
[1.924s] running build
[1.924s] running build_py
[1.925s] running install
[1.925s] /usr/lib/python3/dist-packages/setuptools/command/install.py:34: SetuptoolsDeprecationWarning: setup.py install is deprecated. Use build and pip and other standards-based tools.
[1.925s]   warnings.warn(
[1.926s] running install_lib
[1.928s] running install_data
[1.929s] running install_egg_info
[1.933s] removing '/home/loki/Documents/GitHub/saga_repo/install/loki_nav/lib/python3.10/site-packages/loki_nav-2.0.0-py3.10.egg-info' (and everything under it)
[1.933s] Copying ../../../../build/loki_nav/loki_nav.egg-info to /home/loki/Documents/GitHub/saga_repo/install/loki_nav/lib/python3.10/site-packages/loki_nav-2.0.0-py3.10.egg-info
[1.934s] running install_scripts
[1.977s] Installing waypoint_node script to /home/loki/Documents/GitHub/saga_repo/install/loki_nav/lib/loki_nav
[1.977s] writing list of installed files to '/home/loki/Documents/GitHub/saga_repo/build/loki_nav/install.log'
[2.023s] Invoked command in '/home/loki/Documents/GitHub/saga_repo/ros2_thor/src/loki/loki_nav' returned '0': PYTHONPATH=/home/loki/Documents/GitHub/saga_repo/build/loki_nav/prefix_override:/home/loki/Documents/GitHub/saga_repo/install/loki_nav/lib/python3.10/site-packages:${PYTHONPATH} /usr/bin/python3 setup.py egg_info --egg-base ../../../../build/loki_nav build --build-base /home/loki/Documents/GitHub/saga_repo/build/loki_nav/build install --record /home/loki/Documents/GitHub/saga_repo/build/loki_nav/install.log --single-version-externally-managed
