[0.532s] Invoking command in '/home/loki/Documents/GitHub/saga_repo/build/loki_description': CMAKE_PREFIX_PATH=/home/loki/Documents/GitHub/saga_repo/install/loki_nav:/home/loki/Documents/GitHub/saga_repo/install/loki_teleop:/home/loki/Documents/GitHub/saga_repo/install/loki_base:/opt/ros/humble:${CMAKE_PREFIX_PATH} /usr/bin/cmake --build /home/loki/Documents/GitHub/saga_repo/build/loki_description -- -j4 -l4
[1.198s] Invoked command in '/home/loki/Documents/GitHub/saga_repo/build/loki_description' returned '0': CMAKE_PREFIX_PATH=/home/loki/Documents/GitHub/saga_repo/install/loki_nav:/home/loki/Documents/GitHub/saga_repo/install/loki_teleop:/home/loki/Documents/GitHub/saga_repo/install/loki_base:/opt/ros/humble:${CMAKE_PREFIX_PATH} /usr/bin/cmake --build /home/loki/Documents/GitHub/saga_repo/build/loki_description -- -j4 -l4
[1.312s] Invoking command in '/home/loki/Documents/GitHub/saga_repo/build/loki_description': CMAKE_PREFIX_PATH=/home/loki/Documents/GitHub/saga_repo/install/loki_nav:/home/loki/Documents/GitHub/saga_repo/install/loki_teleop:/home/loki/Documents/GitHub/saga_repo/install/loki_base:/opt/ros/humble:${CMAKE_PREFIX_PATH} /usr/bin/cmake --install /home/loki/Documents/GitHub/saga_repo/build/loki_description
[1.349s] -- Install configuration: ""
[1.349s] -- Up-to-date: /home/loki/Documents/GitHub/saga_repo/install/loki_description/share/loki_description/launch
[1.354s] -- Up-to-date: /home/loki/Documents/GitHub/saga_repo/install/loki_description/share/loki_description/launch/model.launch.py
[1.355s] -- Up-to-date: /home/loki/Documents/GitHub/saga_repo/install/loki_description/share/loki_description/launch/model.launch
[1.356s] -- Up-to-date: /home/loki/Documents/GitHub/saga_repo/install/loki_description/share/loki_description/meshes
[1.357s] -- Up-to-date: /home/loki/Documents/GitHub/saga_repo/install/loki_description/share/loki_description/meshes/tower_modules
[1.357s] -- Up-to-date: /home/loki/Documents/GitHub/saga_repo/install/loki_description/share/loki_description/meshes/tower_modules/DUMMY-DRIVE-BRACKET.stl
[1.358s] -- Up-to-date: /home/loki/Documents/GitHub/saga_repo/install/loki_description/share/loki_description/meshes/tower_modules/DUMMY-TOWER-MIRROR-M.stl
[1.359s] -- Up-to-date: /home/loki/Documents/GitHub/saga_repo/install/loki_description/share/loki_description/meshes/tower_modules/DUMMY-TOWER-M.stl
[1.360s] -- Up-to-date: /home/loki/Documents/GitHub/saga_repo/install/loki_description/share/loki_description/meshes/hokuyo
[1.361s] -- Up-to-date: /home/loki/Documents/GitHub/saga_repo/install/loki_description/share/loki_description/meshes/hokuyo/hokuyo.dae
[1.362s] -- Up-to-date: /home/loki/Documents/GitHub/saga_repo/install/loki_description/share/loki_description/meshes/bat_enc_modules
[1.363s] -- Up-to-date: /home/loki/Documents/GitHub/saga_repo/install/loki_description/share/loki_description/meshes/bat_enc_modules/836586-1-DUMMY-RevA.stl
[1.363s] -- Up-to-date: /home/loki/Documents/GitHub/saga_repo/install/loki_description/share/loki_description/meshes/clamps
[1.364s] -- Up-to-date: /home/loki/Documents/GitHub/saga_repo/install/loki_description/share/loki_description/meshes/clamps/DUMMY-SUSP.stl
[1.370s] -- Up-to-date: /home/loki/Documents/GitHub/saga_repo/install/loki_description/share/loki_description/meshes/clamps/DUMMY-T-BRACKET.stl
[1.371s] -- Up-to-date: /home/loki/Documents/GitHub/saga_repo/install/loki_description/share/loki_description/meshes/drive_modules
[1.371s] -- Up-to-date: /home/loki/Documents/GitHub/saga_repo/install/loki_description/share/loki_description/meshes/drive_modules/836745-5-DUMMY-RevA.stl
[1.372s] -- Up-to-date: /home/loki/Documents/GitHub/saga_repo/install/loki_description/share/loki_description/meshes/drive_modules/old
[1.373s] -- Up-to-date: /home/loki/Documents/GitHub/saga_repo/install/loki_description/share/loki_description/meshes/drive_modules/old/836586-1-DUMMY-RevA.stl
[1.374s] -- Up-to-date: /home/loki/Documents/GitHub/saga_repo/install/loki_description/share/loki_description/meshes/drive_modules/old/836745-5-DUMMY-RevA.stl
[1.375s] -- Up-to-date: /home/loki/Documents/GitHub/saga_repo/install/loki_description/share/loki_description/meshes/drive_modules/old/836745-5-DUMMY-MIRROR-RevA.stl
[1.376s] -- Up-to-date: /home/loki/Documents/GitHub/saga_repo/install/loki_description/share/loki_description/meshes/drive_modules/836745-5-DUMMY-MIRROR-RevA.stl
[1.377s] -- Up-to-date: /home/loki/Documents/GitHub/saga_repo/install/loki_description/share/loki_description/meshes/uv_frame
[1.377s] -- Up-to-date: /home/loki/Documents/GitHub/saga_repo/install/loki_description/share/loki_description/meshes/uv_frame/uv_arc.STL
[1.378s] -- Up-to-date: /home/loki/Documents/GitHub/saga_repo/install/loki_description/share/loki_description/urdf
[1.379s] -- Up-to-date: /home/loki/Documents/GitHub/saga_repo/install/loki_description/share/loki_description/urdf/sensor_modules
[1.380s] -- Up-to-date: /home/loki/Documents/GitHub/saga_repo/install/loki_description/share/loki_description/urdf/sensor_modules/sensor_frames_example.xacro
[1.381s] -- Up-to-date: /home/loki/Documents/GitHub/saga_repo/install/loki_description/share/loki_description/urdf/thorvald_model.xacro
[1.382s] -- Up-to-date: /home/loki/Documents/GitHub/saga_repo/install/loki_description/share/ament_index/resource_index/package_run_dependencies/loki_description
[1.383s] -- Up-to-date: /home/loki/Documents/GitHub/saga_repo/install/loki_description/share/ament_index/resource_index/parent_prefix_path/loki_description
[1.383s] -- Up-to-date: /home/loki/Documents/GitHub/saga_repo/install/loki_description/share/loki_description/environment/ament_prefix_path.sh
[1.384s] -- Up-to-date: /home/loki/Documents/GitHub/saga_repo/install/loki_description/share/loki_description/environment/ament_prefix_path.dsv
[1.385s] -- Up-to-date: /home/loki/Documents/GitHub/saga_repo/install/loki_description/share/loki_description/environment/path.sh
[1.386s] -- Up-to-date: /home/loki/Documents/GitHub/saga_repo/install/loki_description/share/loki_description/environment/path.dsv
[1.387s] -- Up-to-date: /home/loki/Documents/GitHub/saga_repo/install/loki_description/share/loki_description/local_setup.bash
[1.388s] -- Up-to-date: /home/loki/Documents/GitHub/saga_repo/install/loki_description/share/loki_description/local_setup.sh
[1.389s] -- Up-to-date: /home/loki/Documents/GitHub/saga_repo/install/loki_description/share/loki_description/local_setup.zsh
[1.389s] -- Up-to-date: /home/loki/Documents/GitHub/saga_repo/install/loki_description/share/loki_description/local_setup.dsv
[1.390s] -- Installing: /home/loki/Documents/GitHub/saga_repo/install/loki_description/share/loki_description/package.dsv
[1.391s] -- Up-to-date: /home/loki/Documents/GitHub/saga_repo/install/loki_description/share/ament_index/resource_index/packages/loki_description
[1.401s] -- Up-to-date: /home/loki/Documents/GitHub/saga_repo/install/loki_description/share/loki_description/cmake/loki_descriptionConfig.cmake
[1.402s] -- Up-to-date: /home/loki/Documents/GitHub/saga_repo/install/loki_description/share/loki_description/cmake/loki_descriptionConfig-version.cmake
[1.403s] -- Up-to-date: /home/loki/Documents/GitHub/saga_repo/install/loki_description/share/loki_description/package.xml
[1.404s] Invoked command in '/home/loki/Documents/GitHub/saga_repo/build/loki_description' returned '0': CMAKE_PREFIX_PATH=/home/loki/Documents/GitHub/saga_repo/install/loki_nav:/home/loki/Documents/GitHub/saga_repo/install/loki_teleop:/home/loki/Documents/GitHub/saga_repo/install/loki_base:/opt/ros/humble:${CMAKE_PREFIX_PATH} /usr/bin/cmake --install /home/loki/Documents/GitHub/saga_repo/build/loki_description
