[0.174s] Invoking command in '/home/loki/Documents/GitHub/saga_repo/build/rasberry_gazebo': /usr/bin/cmake /home/loki/Documents/GitHub/saga_repo/ros2_thor/src/loki/rasberry_gazebo -DCMAKE_INSTALL_PREFIX=/home/loki/Documents/GitHub/saga_repo/install/rasberry_gazebo
[0.208s] -- The C compiler identification is GNU 11.4.0
[0.254s] -- The CXX compiler identification is GNU 11.4.0
[0.259s] -- Detecting C compiler ABI info
[0.301s] -- Detecting C compiler ABI info - done
[0.307s] -- Check for working C compiler: /usr/bin/cc - skipped
[0.307s] -- Detecting C compile features
[0.307s] -- Detecting C compile features - done
[0.309s] -- Detecting CXX compiler ABI info
[0.359s] -- Detecting CXX compiler ABI info - done
[0.365s] -- Check for working CXX compiler: /usr/bin/c++ - skipped
[0.365s] -- Detecting CXX compile features
[0.365s] -- Detecting CXX compile features - done
[0.372s] -- Configuring incomplete, errors occurred!
[0.373s] See also "/home/loki/Documents/GitHub/saga_repo/build/rasberry_gazebo/CMakeFiles/CMakeOutput.log".
[0.373s] [31mCMake Error at CMakeLists.txt:5 (find_package):
[0.373s]   By not providing "Findament_cmake.cmake" in CMAKE_MODULE_PATH this project
[0.373s]   has asked CMake to find a package configuration file provided by
[0.373s]   "ament_cmake", but CMake did not find one.
[0.373s] 
[0.373s]   Could not find a package configuration file provided by "ament_cmake" with
[0.373s]   any of the following names:
[0.373s] 
[0.373s]     ament_cmakeConfig.cmake
[0.373s]     ament_cmake-config.cmake
[0.373s] 
[0.373s]   Add the installation prefix of "ament_cmake" to CMAKE_PREFIX_PATH or set
[0.373s]   "ament_cmake_DIR" to a directory containing one of the above files.  If
[0.373s]   "ament_cmake" provides a separate development package or SDK, be sure it
[0.373s]   has been installed.
[0.374s] 
[0.374s] [0m
