[0.478s] Invoking command in '/home/loki/Documents/GitHub/saga_repo/ros2_thor/src/loki/loki_base': CMAKE_PREFIX_PATH=/home/loki/Documents/GitHub/saga_repo/install/loki_can_devices:/home/loki/Documents/GitHub/saga_repo/install/loki_msgs:/home/loki/Documents/GitHub/saga_repo/install/loki_description:/home/loki/Documents/GitHub/saga_repo/install/loki_bringup:/home/loki/Documents/GitHub/saga_repo/install/robot_bringup:/home/loki/Documents/GitHub/saga_repo/install/loki_twist_mux:/home/loki/Documents/GitHub/saga_repo/install/loki_simulator LD_LIBRARY_PATH=/home/loki/Documents/GitHub/saga_repo/install/loki_can_devices/lib:/home/loki/Documents/GitHub/saga_repo/install/loki_msgs/lib:/usr/lib/x86_64-linux-gnu/gazebo-11/plugins:/opt/ros/humble/opt/rviz_ogre_vendor/lib:/opt/ros/humble/lib/x86_64-linux-gnu:/opt/ros/humble/lib PYTHONPATH=/home/loki/Documents/GitHub/saga_repo/build/loki_base/prefix_override:/home/loki/Documents/GitHub/saga_repo/install/loki_base/lib/python3.10/site-packages:${PYTHONPATH} /usr/bin/python3 setup.py egg_info --egg-base ../../../../build/loki_base build --build-base /home/loki/Documents/GitHub/saga_repo/build/loki_base/build install --record /home/loki/Documents/GitHub/saga_repo/build/loki_base/install.log --single-version-externally-managed
[0.630s] running egg_info
[0.630s] writing ../../../../build/loki_base/loki_base.egg-info/PKG-INFO
[0.630s] writing dependency_links to ../../../../build/loki_base/loki_base.egg-info/dependency_links.txt
[0.631s] writing entry points to ../../../../build/loki_base/loki_base.egg-info/entry_points.txt
[0.631s] writing requirements to ../../../../build/loki_base/loki_base.egg-info/requires.txt
[0.631s] writing top-level names to ../../../../build/loki_base/loki_base.egg-info/top_level.txt
[0.632s] reading manifest file '../../../../build/loki_base/loki_base.egg-info/SOURCES.txt'
[0.632s] writing manifest file '../../../../build/loki_base/loki_base.egg-info/SOURCES.txt'
[0.632s] running build
[0.633s] running build_py
[0.633s] copying loki_base/pltf_clc_std.py -> /home/loki/Documents/GitHub/saga_repo/build/loki_base/build/lib/loki_base
[0.633s] running install
[0.633s] /usr/lib/python3/dist-packages/setuptools/command/install.py:34: SetuptoolsDeprecationWarning: setup.py install is deprecated. Use build and pip and other standards-based tools.
[0.633s]   warnings.warn(
[0.633s] running install_lib
[0.634s] copying /home/loki/Documents/GitHub/saga_repo/build/loki_base/build/lib/loki_base/pltf_clc_std.py -> /home/loki/Documents/GitHub/saga_repo/install/loki_base/lib/python3.10/site-packages/loki_base
[0.635s] byte-compiling /home/loki/Documents/GitHub/saga_repo/install/loki_base/lib/python3.10/site-packages/loki_base/pltf_clc_std.py to pltf_clc_std.cpython-310.pyc
[0.636s] running install_data
[0.636s] running install_egg_info
[0.637s] removing '/home/loki/Documents/GitHub/saga_repo/install/loki_base/lib/python3.10/site-packages/loki_base-2.0.0-py3.10.egg-info' (and everything under it)
[0.638s] Copying ../../../../build/loki_base/loki_base.egg-info to /home/loki/Documents/GitHub/saga_repo/install/loki_base/lib/python3.10/site-packages/loki_base-2.0.0-py3.10.egg-info
[0.638s] running install_scripts
[0.652s] Installing base_driver script to /home/loki/Documents/GitHub/saga_repo/install/loki_base/lib/loki_base
[0.652s] Installing enlcosure_board_serial script to /home/loki/Documents/GitHub/saga_repo/install/loki_base/lib/loki_base
[0.653s] Installing isaac_wheels script to /home/loki/Documents/GitHub/saga_repo/install/loki_base/lib/loki_base
[0.653s] writing list of installed files to '/home/loki/Documents/GitHub/saga_repo/build/loki_base/install.log'
[0.671s] Invoked command in '/home/loki/Documents/GitHub/saga_repo/ros2_thor/src/loki/loki_base' returned '0': CMAKE_PREFIX_PATH=/home/loki/Documents/GitHub/saga_repo/install/loki_can_devices:/home/loki/Documents/GitHub/saga_repo/install/loki_msgs:/home/loki/Documents/GitHub/saga_repo/install/loki_description:/home/loki/Documents/GitHub/saga_repo/install/loki_bringup:/home/loki/Documents/GitHub/saga_repo/install/robot_bringup:/home/loki/Documents/GitHub/saga_repo/install/loki_twist_mux:/home/loki/Documents/GitHub/saga_repo/install/loki_simulator LD_LIBRARY_PATH=/home/loki/Documents/GitHub/saga_repo/install/loki_can_devices/lib:/home/loki/Documents/GitHub/saga_repo/install/loki_msgs/lib:/usr/lib/x86_64-linux-gnu/gazebo-11/plugins:/opt/ros/humble/opt/rviz_ogre_vendor/lib:/opt/ros/humble/lib/x86_64-linux-gnu:/opt/ros/humble/lib PYTHONPATH=/home/loki/Documents/GitHub/saga_repo/build/loki_base/prefix_override:/home/loki/Documents/GitHub/saga_repo/install/loki_base/lib/python3.10/site-packages:${PYTHONPATH} /usr/bin/python3 setup.py egg_info --egg-base ../../../../build/loki_base build --build-base /home/loki/Documents/GitHub/saga_repo/build/loki_base/build install --record /home/loki/Documents/GitHub/saga_repo/build/loki_base/install.log --single-version-externally-managed
