[0.342s] Invoking command in '/home/cairlab/Documents/GitHub/saga_repo/build/loki_twist_mux': AMENT_PREFIX_PATH=/home/cairlab/Documents/GitHub/saga_repo/install/twist_mux:${AMENT_PREFIX_PATH} CMAKE_PREFIX_PATH=/home/cairlab/Documents/GitHub/saga_repo/install/twist_mux:/opt/ros/humble /usr/bin/cmake --build /home/cairlab/Documents/GitHub/saga_repo/build/loki_twist_mux -- -j12 -l12
[0.376s] Invoked command in '/home/cairlab/Documents/GitHub/saga_repo/build/loki_twist_mux' returned '0': AMENT_PREFIX_PATH=/home/cairlab/Documents/GitHub/saga_repo/install/twist_mux:${AMENT_PREFIX_PATH} CMAKE_PREFIX_PATH=/home/cairlab/Documents/GitHub/saga_repo/install/twist_mux:/opt/ros/humble /usr/bin/cmake --build /home/cairlab/Documents/GitHub/saga_repo/build/loki_twist_mux -- -j12 -l12
[0.395s] Invoking command in '/home/cairlab/Documents/GitHub/saga_repo/build/loki_twist_mux': AMENT_PREFIX_PATH=/home/cairlab/Documents/GitHub/saga_repo/install/twist_mux:${AMENT_PREFIX_PATH} CMAKE_PREFIX_PATH=/home/cairlab/Documents/GitHub/saga_repo/install/twist_mux:/opt/ros/humble /usr/bin/cmake --install /home/cairlab/Documents/GitHub/saga_repo/build/loki_twist_mux
[0.404s] -- Install configuration: ""
[0.404s] -- Up-to-date: /home/cairlab/Documents/GitHub/saga_repo/install/loki_twist_mux/share/loki_twist_mux/launch
[0.404s] -- Up-to-date: /home/cairlab/Documents/GitHub/saga_repo/install/loki_twist_mux/share/loki_twist_mux/launch/twist_mux.launch
[0.404s] -- Up-to-date: /home/cairlab/Documents/GitHub/saga_repo/install/loki_twist_mux/share/loki_twist_mux/config
[0.405s] -- Up-to-date: /home/cairlab/Documents/GitHub/saga_repo/install/loki_twist_mux/share/loki_twist_mux/config/twist_mux_locks.yaml
[0.405s] -- Up-to-date: /home/cairlab/Documents/GitHub/saga_repo/install/loki_twist_mux/share/loki_twist_mux/config/twist_mux_topics.yaml
[0.405s] -- Up-to-date: /home/cairlab/Documents/GitHub/saga_repo/install/loki_twist_mux/share/ament_index/resource_index/package_run_dependencies/loki_twist_mux
[0.405s] -- Up-to-date: /home/cairlab/Documents/GitHub/saga_repo/install/loki_twist_mux/share/ament_index/resource_index/parent_prefix_path/loki_twist_mux
[0.405s] -- Up-to-date: /home/cairlab/Documents/GitHub/saga_repo/install/loki_twist_mux/share/loki_twist_mux/environment/ament_prefix_path.sh
[0.405s] -- Up-to-date: /home/cairlab/Documents/GitHub/saga_repo/install/loki_twist_mux/share/loki_twist_mux/environment/ament_prefix_path.dsv
[0.405s] -- Up-to-date: /home/cairlab/Documents/GitHub/saga_repo/install/loki_twist_mux/share/loki_twist_mux/environment/path.sh
[0.405s] -- Up-to-date: /home/cairlab/Documents/GitHub/saga_repo/install/loki_twist_mux/share/loki_twist_mux/environment/path.dsv
[0.406s] -- Up-to-date: /home/cairlab/Documents/GitHub/saga_repo/install/loki_twist_mux/share/loki_twist_mux/local_setup.bash
[0.406s] -- Up-to-date: /home/cairlab/Documents/GitHub/saga_repo/install/loki_twist_mux/share/loki_twist_mux/local_setup.sh
[0.406s] -- Up-to-date: /home/cairlab/Documents/GitHub/saga_repo/install/loki_twist_mux/share/loki_twist_mux/local_setup.zsh
[0.406s] -- Up-to-date: /home/cairlab/Documents/GitHub/saga_repo/install/loki_twist_mux/share/loki_twist_mux/local_setup.dsv
[0.406s] -- Installing: /home/cairlab/Documents/GitHub/saga_repo/install/loki_twist_mux/share/loki_twist_mux/package.dsv
[0.406s] -- Up-to-date: /home/cairlab/Documents/GitHub/saga_repo/install/loki_twist_mux/share/ament_index/resource_index/packages/loki_twist_mux
[0.406s] -- Up-to-date: /home/cairlab/Documents/GitHub/saga_repo/install/loki_twist_mux/share/loki_twist_mux/cmake/loki_twist_muxConfig.cmake
[0.406s] -- Up-to-date: /home/cairlab/Documents/GitHub/saga_repo/install/loki_twist_mux/share/loki_twist_mux/cmake/loki_twist_muxConfig-version.cmake
[0.406s] -- Up-to-date: /home/cairlab/Documents/GitHub/saga_repo/install/loki_twist_mux/share/loki_twist_mux/package.xml
[0.407s] Invoked command in '/home/cairlab/Documents/GitHub/saga_repo/build/loki_twist_mux' returned '0': AMENT_PREFIX_PATH=/home/cairlab/Documents/GitHub/saga_repo/install/twist_mux:${AMENT_PREFIX_PATH} CMAKE_PREFIX_PATH=/home/cairlab/Documents/GitHub/saga_repo/install/twist_mux:/opt/ros/humble /usr/bin/cmake --install /home/cairlab/Documents/GitHub/saga_repo/build/loki_twist_mux
