[0.149s] Invoking command in '/home/loki/Documents/GitHub/saga_repo/build/loki_description': /usr/bin/cmake /home/loki/Documents/GitHub/saga_repo/ros2_thor/src/loki/loki_description -DCMAKE_INSTALL_PREFIX=/home/loki/Documents/GitHub/saga_repo/install/loki_description
[0.590s] -- The C compiler identification is GNU 11.4.0
[0.591s] -- The CXX compiler identification is GNU 11.4.0
[0.591s] -- Detecting C compiler ABI info
[0.618s] -- Detecting C compiler ABI info - done
[0.632s] -- Check for working C compiler: /usr/bin/cc - skipped
[0.633s] -- Detecting C compile features
[0.635s] -- Detecting C compile features - done
[0.642s] -- Detecting CXX compiler ABI info
[0.911s] -- Detecting CXX compiler ABI info - done
[0.953s] -- Check for working CXX compiler: /usr/bin/c++ - skipped
[0.953s] -- Detecting CXX compile features
[0.954s] -- Detecting CXX compile features - done
[1.020s] [31mCMake Error at CMakeLists.txt:5 (find_package):
[1.020s]   By not providing "Findament_cmake.cmake" in CMAKE_MODULE_PATH this project
[1.020s]   has asked CMake to find a package configuration file provided by
[1.020s]   "ament_cmake", but CMake did not find one.
[1.020s] 
[1.020s]   Could not find a package configuration file provided by "ament_cmake" with
[1.020s]   any of the following names:
[1.020s] 
[1.020s]     ament_cmakeConfig.cmake
[1.021s]     ament_cmake-config.cmake
[1.021s] 
[1.021s]   Add the installation prefix of "ament_cmake" to CMAKE_PREFIX_PATH or set
[1.021s]   "ament_cmake_DIR" to a directory containing one of the above files.  If
[1.021s]   "ament_cmake" provides a separate development package or SDK, be sure it
[1.021s]   has been installed.
[1.021s] 
[1.029s] -- Configuring incomplete, errors occurred!
[1.029s] See also "/home/loki/Documents/GitHub/saga_repo/build/loki_description/CMakeFiles/CMakeOutput.log".
[1.029s] [0m
[1.060s] Invoked command in '/home/loki/Documents/GitHub/saga_repo/build/loki_description' returned '1': /usr/bin/cmake /home/loki/Documents/GitHub/saga_repo/ros2_thor/src/loki/loki_description -DCMAKE_INSTALL_PREFIX=/home/loki/Documents/GitHub/saga_repo/install/loki_description
