[0.484s] Invoking command in '/home/loki/Documents/GitHub/saga_repo/build/septentrio_gnss_driver': /usr/bin/cmake /home/loki/Documents/GitHub/saga_repo/ros2_thor/src/loki/septentrio_gnss_driver -DCATKIN_INSTALL_INTO_PREFIX_ROOT=0 -DCMAKE_INSTALL_PREFIX=/home/loki/Documents/GitHub/saga_repo/install/septentrio_gnss_driver
[0.601s] -- The C compiler identification is GNU 11.4.0
[0.832s] -- The CXX compiler identification is GNU 11.4.0
[0.849s] -- Detecting C compiler ABI info
[1.094s] -- Detecting C compiler ABI info - done
[1.127s] -- Check for working C compiler: /usr/bin/cc - skipped
[1.128s] -- Detecting C compile features
[1.128s] -- Detecting C compile features - done
[1.136s] -- Detecting CXX compiler ABI info
[1.321s] -- Detecting CXX compiler ABI info - done
[1.371s] -- Check for working CXX compiler: /usr/bin/c++ - skipped
[1.371s] -- Detecting CXX compile features
[1.373s] -- Detecting CXX compile features - done
[1.373s] -- Setting build type to Release as none was specified.
[1.396s] -- Found Boost: /usr/lib/x86_64-linux-gnu/cmake/Boost-1.74.0/BoostConfig.cmake (found version "1.74.0")  
[1.415s] -- Found GeographicLib: /usr/lib/x86_64-linux-gnu  
[1.453s] [31mCMake Error at CMakeLists.txt:302 (message):
[1.453s]   Build failed because neither catkin nor ament found.
[1.453s] 
[1.453s] [0m
[1.453s] -- Configuring incomplete, errors occurred!
[1.453s] See also "/home/loki/Documents/GitHub/saga_repo/build/septentrio_gnss_driver/CMakeFiles/CMakeOutput.log".
