[0.212s] Invoking command in '/home/loki/Documents/GitHub/saga_repo/build/loki_msgs': AMENT_PREFIX_PATH=/home/loki/Documents/GitHub/saga_repo/install/loki_description:${AMENT_PREFIX_PATH} CMAKE_PREFIX_PATH=/home/loki/Documents/GitHub/saga_repo/install/loki_description:/opt/ros/humble /usr/bin/cmake --build /home/loki/Documents/GitHub/saga_repo/build/loki_msgs -- -j8 -l8
[0.239s] -- Configuring incomplete, errors occurred!
[0.239s] See also "/home/loki/Documents/GitHub/saga_repo/build/loki_msgs/CMakeFiles/CMakeOutput.log".
[0.239s] [31mCMake Error at CMakeLists.txt:59:
[0.239s]   Parse error.  Function missing ending ")".  Instead found unterminated
[0.239s]   string with text "srv/HomeS.srv
[0.239s] 
[0.239s]   
[0.239s] 
[0.240s]     DEPENDENCIES 
[0.240s]     std_msgs
[0.240s]     sensor_msgs 
[0.240s] 
[0.240s]   )
[0.240s] 
[0.240s]   
[0.240s] 
[0.240s]   ament_export_dependencies(rosidl_default_runtime)
[0.240s] 
[0.240s]   
[0.240s] 
[0.240s]   ament_package()".
[0.240s] 
[0.240s] [0m
[0.240s] gmake: *** [Makefile:8955: cmake_check_build_system] Error 1
[0.325s] Invoked command in '/home/loki/Documents/GitHub/saga_repo/build/loki_msgs' returned '2': AMENT_PREFIX_PATH=/home/loki/Documents/GitHub/saga_repo/install/loki_description:${AMENT_PREFIX_PATH} CMAKE_PREFIX_PATH=/home/loki/Documents/GitHub/saga_repo/install/loki_description:/opt/ros/humble /usr/bin/cmake --build /home/loki/Documents/GitHub/saga_repo/build/loki_msgs -- -j8 -l8
