[0.163s] Invoking command in '/home/loki/Documents/GitHub/saga_repo/build/loki_description': /usr/bin/cmake --build /home/loki/Documents/GitHub/saga_repo/build/loki_description -- -j4 -l4
[0.609s] Invoked command in '/home/loki/Documents/GitHub/saga_repo/build/loki_description' returned '0': /usr/bin/cmake --build /home/loki/Documents/GitHub/saga_repo/build/loki_description -- -j4 -l4
[0.665s] Invoking command in '/home/loki/Documents/GitHub/saga_repo/build/loki_description': /usr/bin/cmake --install /home/loki/Documents/GitHub/saga_repo/build/loki_description
[0.679s] -- Install configuration: ""
[0.681s] -- Up-to-date: /home/loki/Documents/GitHub/saga_repo/install/loki_description/share/loki_description/launch
[0.682s] -- Up-to-date: /home/loki/Documents/GitHub/saga_repo/install/loki_description/share/loki_description/launch/model.launch.py
[0.684s] -- Up-to-date: /home/loki/Documents/GitHub/saga_repo/install/loki_description/share/loki_description/launch/model.launch
[0.684s] -- Up-to-date: /home/loki/Documents/GitHub/saga_repo/install/loki_description/share/loki_description/meshes
[0.686s] -- Up-to-date: /home/loki/Documents/GitHub/saga_repo/install/loki_description/share/loki_description/meshes/tower_modules
[0.688s] -- Up-to-date: /home/loki/Documents/GitHub/saga_repo/install/loki_description/share/loki_description/meshes/tower_modules/DUMMY-DRIVE-BRACKET.stl
[0.689s] -- Up-to-date: /home/loki/Documents/GitHub/saga_repo/install/loki_description/share/loki_description/meshes/tower_modules/DUMMY-TOWER-MIRROR-M.stl
[0.690s] -- Up-to-date: /home/loki/Documents/GitHub/saga_repo/install/loki_description/share/loki_description/meshes/tower_modules/DUMMY-TOWER-M.stl
[0.691s] -- Up-to-date: /home/loki/Documents/GitHub/saga_repo/install/loki_description/share/loki_description/meshes/hokuyo
[0.692s] -- Up-to-date: /home/loki/Documents/GitHub/saga_repo/install/loki_description/share/loki_description/meshes/hokuyo/hokuyo.dae
[0.693s] -- Up-to-date: /home/loki/Documents/GitHub/saga_repo/install/loki_description/share/loki_description/meshes/bat_enc_modules
[0.695s] -- Up-to-date: /home/loki/Documents/GitHub/saga_repo/install/loki_description/share/loki_description/meshes/bat_enc_modules/836586-1-DUMMY-RevA.stl
[0.696s] -- Up-to-date: /home/loki/Documents/GitHub/saga_repo/install/loki_description/share/loki_description/meshes/clamps
[0.697s] -- Up-to-date: /home/loki/Documents/GitHub/saga_repo/install/loki_description/share/loki_description/meshes/clamps/DUMMY-SUSP.stl
[0.697s] -- Up-to-date: /home/loki/Documents/GitHub/saga_repo/install/loki_description/share/loki_description/meshes/clamps/DUMMY-T-BRACKET.stl
[0.698s] -- Up-to-date: /home/loki/Documents/GitHub/saga_repo/install/loki_description/share/loki_description/meshes/drive_modules
[0.700s] -- Up-to-date: /home/loki/Documents/GitHub/saga_repo/install/loki_description/share/loki_description/meshes/drive_modules/836745-5-DUMMY-RevA.stl
[0.700s] -- Up-to-date: /home/loki/Documents/GitHub/saga_repo/install/loki_description/share/loki_description/meshes/drive_modules/old
[0.703s] -- Up-to-date: /home/loki/Documents/GitHub/saga_repo/install/loki_description/share/loki_description/meshes/drive_modules/old/836586-1-DUMMY-RevA.stl
[0.703s] -- Up-to-date: /home/loki/Documents/GitHub/saga_repo/install/loki_description/share/loki_description/meshes/drive_modules/old/836745-5-DUMMY-RevA.stl
[0.704s] -- Up-to-date: /home/loki/Documents/GitHub/saga_repo/install/loki_description/share/loki_description/meshes/drive_modules/old/836745-5-DUMMY-MIRROR-RevA.stl
[0.706s] -- Up-to-date: /home/loki/Documents/GitHub/saga_repo/install/loki_description/share/loki_description/meshes/drive_modules/836745-5-DUMMY-MIRROR-RevA.stl
[0.707s] -- Up-to-date: /home/loki/Documents/GitHub/saga_repo/install/loki_description/share/loki_description/meshes/uv_frame
[0.707s] -- Up-to-date: /home/loki/Documents/GitHub/saga_repo/install/loki_description/share/loki_description/meshes/uv_frame/uv_arc.STL
[0.707s] -- Up-to-date: /home/loki/Documents/GitHub/saga_repo/install/loki_description/share/loki_description/urdf
[0.707s] -- Up-to-date: /home/loki/Documents/GitHub/saga_repo/install/loki_description/share/loki_description/urdf/sensor_modules
[0.708s] -- Up-to-date: /home/loki/Documents/GitHub/saga_repo/install/loki_description/share/loki_description/urdf/sensor_modules/sensor_frames_example.xacro
[0.708s] -- Up-to-date: /home/loki/Documents/GitHub/saga_repo/install/loki_description/share/loki_description/urdf/thorvald_model.xacro
[0.708s] -- Up-to-date: /home/loki/Documents/GitHub/saga_repo/install/loki_description/share/ament_index/resource_index/package_run_dependencies/loki_description
[0.708s] -- Up-to-date: /home/loki/Documents/GitHub/saga_repo/install/loki_description/share/ament_index/resource_index/parent_prefix_path/loki_description
[0.708s] -- Up-to-date: /home/loki/Documents/GitHub/saga_repo/install/loki_description/share/loki_description/environment/ament_prefix_path.sh
[0.708s] -- Up-to-date: /home/loki/Documents/GitHub/saga_repo/install/loki_description/share/loki_description/environment/ament_prefix_path.dsv
[0.708s] -- Up-to-date: /home/loki/Documents/GitHub/saga_repo/install/loki_description/share/loki_description/environment/path.sh
[0.709s] -- Up-to-date: /home/loki/Documents/GitHub/saga_repo/install/loki_description/share/loki_description/environment/path.dsv
[0.709s] -- Up-to-date: /home/loki/Documents/GitHub/saga_repo/install/loki_description/share/loki_description/local_setup.bash
[0.709s] -- Up-to-date: /home/loki/Documents/GitHub/saga_repo/install/loki_description/share/loki_description/local_setup.sh
[0.709s] -- Up-to-date: /home/loki/Documents/GitHub/saga_repo/install/loki_description/share/loki_description/local_setup.zsh
[0.709s] -- Up-to-date: /home/loki/Documents/GitHub/saga_repo/install/loki_description/share/loki_description/local_setup.dsv
[0.709s] -- Installing: /home/loki/Documents/GitHub/saga_repo/install/loki_description/share/loki_description/package.dsv
[0.709s] -- Up-to-date: /home/loki/Documents/GitHub/saga_repo/install/loki_description/share/ament_index/resource_index/packages/loki_description
[0.709s] -- Up-to-date: /home/loki/Documents/GitHub/saga_repo/install/loki_description/share/loki_description/cmake/loki_descriptionConfig.cmake
[0.710s] -- Up-to-date: /home/loki/Documents/GitHub/saga_repo/install/loki_description/share/loki_description/cmake/loki_descriptionConfig-version.cmake
[0.710s] -- Up-to-date: /home/loki/Documents/GitHub/saga_repo/install/loki_description/share/loki_description/package.xml
[0.711s] Invoked command in '/home/loki/Documents/GitHub/saga_repo/build/loki_description' returned '0': /usr/bin/cmake --install /home/loki/Documents/GitHub/saga_repo/build/loki_description
