[0.065s] Invoking command in '/home/loki/Documents/GitHub/saga_repo/build/robot_bringup': AMENT_PREFIX_PATH=/home/loki/Documents/GitHub/saga_repo/install/loki_base:/home/loki/Documents/GitHub/saga_repo/install/loki_can_devices:/home/loki/Documents/GitHub/saga_repo/install/loki_msgs:/home/loki/Documents/GitHub/saga_repo/install/loki_twist_mux:/home/loki/Documents/GitHub/saga_repo/install/loki_teleop:/home/loki/Documents/GitHub/saga_repo/install/loki_description:${AMENT_PREFIX_PATH} CMAKE_PREFIX_PATH=/home/loki/Documents/GitHub/saga_repo/install/loki_can_devices:/home/loki/Documents/GitHub/saga_repo/install/loki_msgs:/home/loki/Documents/GitHub/saga_repo/install/loki_twist_mux:/home/loki/Documents/GitHub/saga_repo/install/loki_description:/opt/ros/humble LD_LIBRARY_PATH=/home/loki/Documents/GitHub/saga_repo/install/loki_can_devices/lib:/home/loki/Documents/GitHub/saga_repo/install/loki_msgs/lib:${LD_LIBRARY_PATH} PYTHONPATH=/home/loki/Documents/GitHub/saga_repo/install/loki_base/lib/python3.10/site-packages:/home/loki/Documents/GitHub/saga_repo/install/loki_msgs/local/lib/python3.10/dist-packages:/home/loki/Documents/GitHub/saga_repo/install/loki_teleop/lib/python3.10/site-packages:${PYTHONPATH} /usr/bin/cmake /home/loki/Documents/GitHub/saga_repo/ros2_thor/src/loki/robot_bringup -DCMAKE_INSTALL_PREFIX=/home/loki/Documents/GitHub/saga_repo/install/robot_bringup
[0.124s] -- The C compiler identification is GNU 11.4.0
[0.191s] -- The CXX compiler identification is GNU 11.4.0
[0.196s] -- Detecting C compiler ABI info
[0.295s] -- Detecting C compiler ABI info - done
[0.306s] -- Check for working C compiler: /usr/bin/cc - skipped
[0.306s] -- Detecting C compile features
[0.307s] -- Detecting C compile features - done
[0.310s] -- Detecting CXX compiler ABI info
[0.397s] -- Detecting CXX compiler ABI info - done
[0.405s] -- Check for working CXX compiler: /usr/bin/c++ - skipped
[0.405s] -- Detecting CXX compile features
[0.405s] -- Detecting CXX compile features - done
[0.408s] -- Found ament_cmake: 1.3.5 (/opt/ros/humble/share/ament_cmake/cmake)
[0.531s] -- Found Python3: /usr/bin/python3.10 (found version "3.10.12") found components: Interpreter 
[0.600s] -- Found rclcpp: 16.0.6 (/opt/ros/humble/share/rclcpp/cmake)
[0.638s] -- Found rosidl_generator_c: 3.1.5 (/opt/ros/humble/share/rosidl_generator_c/cmake)
[0.642s] -- Found rosidl_adapter: 3.1.5 (/opt/ros/humble/share/rosidl_adapter/cmake)
[0.649s] -- Found rosidl_generator_cpp: 3.1.5 (/opt/ros/humble/share/rosidl_generator_cpp/cmake)
[0.659s] -- Using all available rosidl_typesupport_c: rosidl_typesupport_fastrtps_c;rosidl_typesupport_introspection_c
[0.675s] -- Using all available rosidl_typesupport_cpp: rosidl_typesupport_fastrtps_cpp;rosidl_typesupport_introspection_cpp
[0.727s] -- Found rmw_implementation_cmake: 6.1.1 (/opt/ros/humble/share/rmw_implementation_cmake/cmake)
[0.730s] -- Found rmw_fastrtps_cpp: 6.2.4 (/opt/ros/humble/share/rmw_fastrtps_cpp/cmake)
[0.810s] -- Found OpenSSL: /usr/lib/x86_64-linux-gnu/libcrypto.so (found version "3.0.2")  
[0.838s] -- Found FastRTPS: /opt/ros/humble/include  
[0.895s] -- Using RMW implementation 'rmw_fastrtps_cpp' as default
[0.910s] -- Looking for pthread.h
[0.980s] -- Looking for pthread.h - found
[0.980s] -- Performing Test CMAKE_HAVE_LIBC_PTHREAD
[1.034s] -- Performing Test CMAKE_HAVE_LIBC_PTHREAD - Success
[1.035s] -- Found Threads: TRUE  
[1.141s] -- Found loki_description: 2.0.0 (/home/loki/Documents/GitHub/saga_repo/install/loki_description/share/loki_description/cmake)
[1.142s] -- Found loki_twist_mux: 2.0.0 (/home/loki/Documents/GitHub/saga_repo/install/loki_twist_mux/share/loki_twist_mux/cmake)
[1.186s] -- Configuring done
[1.188s] -- Generating done
[1.189s] -- Build files have been written to: /home/loki/Documents/GitHub/saga_repo/build/robot_bringup
[1.196s] Invoked command in '/home/loki/Documents/GitHub/saga_repo/build/robot_bringup' returned '0': AMENT_PREFIX_PATH=/home/loki/Documents/GitHub/saga_repo/install/loki_base:/home/loki/Documents/GitHub/saga_repo/install/loki_can_devices:/home/loki/Documents/GitHub/saga_repo/install/loki_msgs:/home/loki/Documents/GitHub/saga_repo/install/loki_twist_mux:/home/loki/Documents/GitHub/saga_repo/install/loki_teleop:/home/loki/Documents/GitHub/saga_repo/install/loki_description:${AMENT_PREFIX_PATH} CMAKE_PREFIX_PATH=/home/loki/Documents/GitHub/saga_repo/install/loki_can_devices:/home/loki/Documents/GitHub/saga_repo/install/loki_msgs:/home/loki/Documents/GitHub/saga_repo/install/loki_twist_mux:/home/loki/Documents/GitHub/saga_repo/install/loki_description:/opt/ros/humble LD_LIBRARY_PATH=/home/loki/Documents/GitHub/saga_repo/install/loki_can_devices/lib:/home/loki/Documents/GitHub/saga_repo/install/loki_msgs/lib:${LD_LIBRARY_PATH} PYTHONPATH=/home/loki/Documents/GitHub/saga_repo/install/loki_base/lib/python3.10/site-packages:/home/loki/Documents/GitHub/saga_repo/install/loki_msgs/local/lib/python3.10/dist-packages:/home/loki/Documents/GitHub/saga_repo/install/loki_teleop/lib/python3.10/site-packages:${PYTHONPATH} /usr/bin/cmake /home/loki/Documents/GitHub/saga_repo/ros2_thor/src/loki/robot_bringup -DCMAKE_INSTALL_PREFIX=/home/loki/Documents/GitHub/saga_repo/install/robot_bringup
[1.197s] Invoking command in '/home/loki/Documents/GitHub/saga_repo/build/robot_bringup': AMENT_PREFIX_PATH=/home/loki/Documents/GitHub/saga_repo/install/loki_base:/home/loki/Documents/GitHub/saga_repo/install/loki_can_devices:/home/loki/Documents/GitHub/saga_repo/install/loki_msgs:/home/loki/Documents/GitHub/saga_repo/install/loki_twist_mux:/home/loki/Documents/GitHub/saga_repo/install/loki_teleop:/home/loki/Documents/GitHub/saga_repo/install/loki_description:${AMENT_PREFIX_PATH} CMAKE_PREFIX_PATH=/home/loki/Documents/GitHub/saga_repo/install/loki_can_devices:/home/loki/Documents/GitHub/saga_repo/install/loki_msgs:/home/loki/Documents/GitHub/saga_repo/install/loki_twist_mux:/home/loki/Documents/GitHub/saga_repo/install/loki_description:/opt/ros/humble LD_LIBRARY_PATH=/home/loki/Documents/GitHub/saga_repo/install/loki_can_devices/lib:/home/loki/Documents/GitHub/saga_repo/install/loki_msgs/lib:${LD_LIBRARY_PATH} PYTHONPATH=/home/loki/Documents/GitHub/saga_repo/install/loki_base/lib/python3.10/site-packages:/home/loki/Documents/GitHub/saga_repo/install/loki_msgs/local/lib/python3.10/dist-packages:/home/loki/Documents/GitHub/saga_repo/install/loki_teleop/lib/python3.10/site-packages:${PYTHONPATH} /usr/bin/cmake --build /home/loki/Documents/GitHub/saga_repo/build/robot_bringup -- -j8 -l8
[1.222s] Invoked command in '/home/loki/Documents/GitHub/saga_repo/build/robot_bringup' returned '0': AMENT_PREFIX_PATH=/home/loki/Documents/GitHub/saga_repo/install/loki_base:/home/loki/Documents/GitHub/saga_repo/install/loki_can_devices:/home/loki/Documents/GitHub/saga_repo/install/loki_msgs:/home/loki/Documents/GitHub/saga_repo/install/loki_twist_mux:/home/loki/Documents/GitHub/saga_repo/install/loki_teleop:/home/loki/Documents/GitHub/saga_repo/install/loki_description:${AMENT_PREFIX_PATH} CMAKE_PREFIX_PATH=/home/loki/Documents/GitHub/saga_repo/install/loki_can_devices:/home/loki/Documents/GitHub/saga_repo/install/loki_msgs:/home/loki/Documents/GitHub/saga_repo/install/loki_twist_mux:/home/loki/Documents/GitHub/saga_repo/install/loki_description:/opt/ros/humble LD_LIBRARY_PATH=/home/loki/Documents/GitHub/saga_repo/install/loki_can_devices/lib:/home/loki/Documents/GitHub/saga_repo/install/loki_msgs/lib:${LD_LIBRARY_PATH} PYTHONPATH=/home/loki/Documents/GitHub/saga_repo/install/loki_base/lib/python3.10/site-packages:/home/loki/Documents/GitHub/saga_repo/install/loki_msgs/local/lib/python3.10/dist-packages:/home/loki/Documents/GitHub/saga_repo/install/loki_teleop/lib/python3.10/site-packages:${PYTHONPATH} /usr/bin/cmake --build /home/loki/Documents/GitHub/saga_repo/build/robot_bringup -- -j8 -l8
[1.238s] Invoking command in '/home/loki/Documents/GitHub/saga_repo/build/robot_bringup': AMENT_PREFIX_PATH=/home/loki/Documents/GitHub/saga_repo/install/loki_base:/home/loki/Documents/GitHub/saga_repo/install/loki_can_devices:/home/loki/Documents/GitHub/saga_repo/install/loki_msgs:/home/loki/Documents/GitHub/saga_repo/install/loki_twist_mux:/home/loki/Documents/GitHub/saga_repo/install/loki_teleop:/home/loki/Documents/GitHub/saga_repo/install/loki_description:${AMENT_PREFIX_PATH} CMAKE_PREFIX_PATH=/home/loki/Documents/GitHub/saga_repo/install/loki_can_devices:/home/loki/Documents/GitHub/saga_repo/install/loki_msgs:/home/loki/Documents/GitHub/saga_repo/install/loki_twist_mux:/home/loki/Documents/GitHub/saga_repo/install/loki_description:/opt/ros/humble LD_LIBRARY_PATH=/home/loki/Documents/GitHub/saga_repo/install/loki_can_devices/lib:/home/loki/Documents/GitHub/saga_repo/install/loki_msgs/lib:${LD_LIBRARY_PATH} PYTHONPATH=/home/loki/Documents/GitHub/saga_repo/install/loki_base/lib/python3.10/site-packages:/home/loki/Documents/GitHub/saga_repo/install/loki_msgs/local/lib/python3.10/dist-packages:/home/loki/Documents/GitHub/saga_repo/install/loki_teleop/lib/python3.10/site-packages:${PYTHONPATH} /usr/bin/cmake --install /home/loki/Documents/GitHub/saga_repo/build/robot_bringup
[1.243s] -- Install configuration: ""
[1.243s] -- Installing: /home/loki/Documents/GitHub/saga_repo/install/robot_bringup/share/robot_bringup/launch
[1.244s] -- Installing: /home/loki/Documents/GitHub/saga_repo/install/robot_bringup/share/robot_bringup/launch/robot_bringup.launch
[1.244s] -- Installing: /home/loki/Documents/GitHub/saga_repo/install/robot_bringup/share/ament_index/resource_index/package_run_dependencies/robot_bringup
[1.244s] -- Installing: /home/loki/Documents/GitHub/saga_repo/install/robot_bringup/share/ament_index/resource_index/parent_prefix_path/robot_bringup
[1.244s] -- Installing: /home/loki/Documents/GitHub/saga_repo/install/robot_bringup/share/robot_bringup/environment/ament_prefix_path.sh
[1.244s] -- Installing: /home/loki/Documents/GitHub/saga_repo/install/robot_bringup/share/robot_bringup/environment/ament_prefix_path.dsv
[1.244s] -- Installing: /home/loki/Documents/GitHub/saga_repo/install/robot_bringup/share/robot_bringup/environment/path.sh
[1.244s] -- Installing: /home/loki/Documents/GitHub/saga_repo/install/robot_bringup/share/robot_bringup/environment/path.dsv
[1.244s] -- Installing: /home/loki/Documents/GitHub/saga_repo/install/robot_bringup/share/robot_bringup/local_setup.bash
[1.244s] -- Installing: /home/loki/Documents/GitHub/saga_repo/install/robot_bringup/share/robot_bringup/local_setup.sh
[1.244s] -- Installing: /home/loki/Documents/GitHub/saga_repo/install/robot_bringup/share/robot_bringup/local_setup.zsh
[1.244s] -- Installing: /home/loki/Documents/GitHub/saga_repo/install/robot_bringup/share/robot_bringup/local_setup.dsv
[1.244s] -- Installing: /home/loki/Documents/GitHub/saga_repo/install/robot_bringup/share/robot_bringup/package.dsv
[1.245s] -- Installing: /home/loki/Documents/GitHub/saga_repo/install/robot_bringup/share/ament_index/resource_index/packages/robot_bringup
[1.245s] -- Installing: /home/loki/Documents/GitHub/saga_repo/install/robot_bringup/share/robot_bringup/cmake/robot_bringupConfig.cmake
[1.245s] -- Installing: /home/loki/Documents/GitHub/saga_repo/install/robot_bringup/share/robot_bringup/cmake/robot_bringupConfig-version.cmake
[1.245s] -- Installing: /home/loki/Documents/GitHub/saga_repo/install/robot_bringup/share/robot_bringup/package.xml
[1.246s] Invoked command in '/home/loki/Documents/GitHub/saga_repo/build/robot_bringup' returned '0': AMENT_PREFIX_PATH=/home/loki/Documents/GitHub/saga_repo/install/loki_base:/home/loki/Documents/GitHub/saga_repo/install/loki_can_devices:/home/loki/Documents/GitHub/saga_repo/install/loki_msgs:/home/loki/Documents/GitHub/saga_repo/install/loki_twist_mux:/home/loki/Documents/GitHub/saga_repo/install/loki_teleop:/home/loki/Documents/GitHub/saga_repo/install/loki_description:${AMENT_PREFIX_PATH} CMAKE_PREFIX_PATH=/home/loki/Documents/GitHub/saga_repo/install/loki_can_devices:/home/loki/Documents/GitHub/saga_repo/install/loki_msgs:/home/loki/Documents/GitHub/saga_repo/install/loki_twist_mux:/home/loki/Documents/GitHub/saga_repo/install/loki_description:/opt/ros/humble LD_LIBRARY_PATH=/home/loki/Documents/GitHub/saga_repo/install/loki_can_devices/lib:/home/loki/Documents/GitHub/saga_repo/install/loki_msgs/lib:${LD_LIBRARY_PATH} PYTHONPATH=/home/loki/Documents/GitHub/saga_repo/install/loki_base/lib/python3.10/site-packages:/home/loki/Documents/GitHub/saga_repo/install/loki_msgs/local/lib/python3.10/dist-packages:/home/loki/Documents/GitHub/saga_repo/install/loki_teleop/lib/python3.10/site-packages:${PYTHONPATH} /usr/bin/cmake --install /home/loki/Documents/GitHub/saga_repo/build/robot_bringup
