[0.037s] Invoking command in '/home/odin/Documents/GitHub/saga_repo/build/loki_bringup': AMENT_PREFIX_PATH=/home/odin/Documents/GitHub/saga_repo/install/robot_bringup:/home/odin/Documents/GitHub/saga_repo/install/loki_base:/home/odin/Documents/GitHub/saga_repo/install/loki_can_devices:/home/odin/Documents/GitHub/saga_repo/install/loki_msgs:/home/odin/Documents/GitHub/saga_repo/install/loki_twist_mux:/home/odin/Documents/GitHub/saga_repo/install/loki_teleop:/home/odin/Documents/GitHub/saga_repo/install/loki_description:${AMENT_PREFIX_PATH} CMAKE_PREFIX_PATH=/home/odin/Documents/GitHub/saga_repo/install/robot_bringup:/home/odin/Documents/GitHub/saga_repo/install/loki_can_devices:/home/odin/Documents/GitHub/saga_repo/install/loki_msgs:/home/odin/Documents/GitHub/saga_repo/install/loki_twist_mux:/home/odin/Documents/GitHub/saga_repo/install/loki_description:/opt/ros/humble LD_LIBRARY_PATH=/home/odin/Documents/GitHub/saga_repo/install/loki_can_devices/lib:/home/odin/Documents/GitHub/saga_repo/install/loki_msgs/lib:${LD_LIBRARY_PATH} PYTHONPATH=/home/odin/Documents/GitHub/saga_repo/install/loki_base/lib/python3.10/site-packages:/home/odin/Documents/GitHub/saga_repo/install/loki_msgs/local/lib/python3.10/dist-packages:/home/odin/Documents/GitHub/saga_repo/install/loki_teleop/lib/python3.10/site-packages:${PYTHONPATH} /usr/bin/cmake /home/odin/Documents/GitHub/saga_repo/ros2_thor/src/loki/loki_bringup -DCMAKE_INSTALL_PREFIX=/home/odin/Documents/GitHub/saga_repo/install/loki_bringup
[0.092s] -- The C compiler identification is GNU 11.4.0
[0.151s] -- The CXX compiler identification is GNU 11.4.0
[0.156s] -- Detecting C compiler ABI info
[0.218s] -- Detecting C compiler ABI info - done
[0.223s] -- Check for working C compiler: /usr/bin/cc - skipped
[0.223s] -- Detecting C compile features
[0.223s] -- Detecting C compile features - done
[0.225s] -- Detecting CXX compiler ABI info
[0.314s] -- Detecting CXX compiler ABI info - done
[0.319s] -- Check for working CXX compiler: /usr/bin/c++ - skipped
[0.319s] -- Detecting CXX compile features
[0.320s] -- Detecting CXX compile features - done
[0.321s] -- Found ament_cmake: 1.3.5 (/opt/ros/humble/share/ament_cmake/cmake)
[0.438s] -- Found Python3: /usr/bin/python3.10 (found version "3.10.12") found components: Interpreter 
[0.531s] -- Found rclcpp: 16.0.6 (/opt/ros/humble/share/rclcpp/cmake)
[0.609s] -- Found rosidl_generator_c: 3.1.5 (/opt/ros/humble/share/rosidl_generator_c/cmake)
[0.618s] -- Found rosidl_adapter: 3.1.5 (/opt/ros/humble/share/rosidl_adapter/cmake)
[0.634s] -- Found rosidl_generator_cpp: 3.1.5 (/opt/ros/humble/share/rosidl_generator_cpp/cmake)
[0.660s] -- Using all available rosidl_typesupport_c: rosidl_typesupport_fastrtps_c;rosidl_typesupport_introspection_c
[0.696s] -- Using all available rosidl_typesupport_cpp: rosidl_typesupport_fastrtps_cpp;rosidl_typesupport_introspection_cpp
[0.811s] -- Found rmw_implementation_cmake: 6.1.1 (/opt/ros/humble/share/rmw_implementation_cmake/cmake)
[0.815s] -- Found rmw_fastrtps_cpp: 6.2.4 (/opt/ros/humble/share/rmw_fastrtps_cpp/cmake)
[0.937s] -- Found OpenSSL: /usr/lib/x86_64-linux-gnu/libcrypto.so (found version "3.0.2")  
[0.970s] -- Found FastRTPS: /opt/ros/humble/include  
[1.031s] -- Using RMW implementation 'rmw_fastrtps_cpp' as default
[1.048s] -- Looking for pthread.h
[1.101s] -- Looking for pthread.h - found
[1.102s] -- Performing Test CMAKE_HAVE_LIBC_PTHREAD
[1.166s] -- Performing Test CMAKE_HAVE_LIBC_PTHREAD - Success
[1.168s] -- Found Threads: TRUE  
[1.363s] -- Found rclpy: 3.3.10 (/opt/ros/humble/share/rclpy/cmake)
[1.364s] -- Found loki_description: 2.0.0 (/home/odin/Documents/GitHub/saga_repo/install/loki_description/share/loki_description/cmake)
[1.365s] -- Found loki_twist_mux: 2.0.0 (/home/odin/Documents/GitHub/saga_repo/install/loki_twist_mux/share/loki_twist_mux/cmake)
[1.410s] -- Configuring done
[1.415s] -- Generating done
[1.416s] -- Build files have been written to: /home/odin/Documents/GitHub/saga_repo/build/loki_bringup
[1.427s] Invoked command in '/home/odin/Documents/GitHub/saga_repo/build/loki_bringup' returned '0': AMENT_PREFIX_PATH=/home/odin/Documents/GitHub/saga_repo/install/robot_bringup:/home/odin/Documents/GitHub/saga_repo/install/loki_base:/home/odin/Documents/GitHub/saga_repo/install/loki_can_devices:/home/odin/Documents/GitHub/saga_repo/install/loki_msgs:/home/odin/Documents/GitHub/saga_repo/install/loki_twist_mux:/home/odin/Documents/GitHub/saga_repo/install/loki_teleop:/home/odin/Documents/GitHub/saga_repo/install/loki_description:${AMENT_PREFIX_PATH} CMAKE_PREFIX_PATH=/home/odin/Documents/GitHub/saga_repo/install/robot_bringup:/home/odin/Documents/GitHub/saga_repo/install/loki_can_devices:/home/odin/Documents/GitHub/saga_repo/install/loki_msgs:/home/odin/Documents/GitHub/saga_repo/install/loki_twist_mux:/home/odin/Documents/GitHub/saga_repo/install/loki_description:/opt/ros/humble LD_LIBRARY_PATH=/home/odin/Documents/GitHub/saga_repo/install/loki_can_devices/lib:/home/odin/Documents/GitHub/saga_repo/install/loki_msgs/lib:${LD_LIBRARY_PATH} PYTHONPATH=/home/odin/Documents/GitHub/saga_repo/install/loki_base/lib/python3.10/site-packages:/home/odin/Documents/GitHub/saga_repo/install/loki_msgs/local/lib/python3.10/dist-packages:/home/odin/Documents/GitHub/saga_repo/install/loki_teleop/lib/python3.10/site-packages:${PYTHONPATH} /usr/bin/cmake /home/odin/Documents/GitHub/saga_repo/ros2_thor/src/loki/loki_bringup -DCMAKE_INSTALL_PREFIX=/home/odin/Documents/GitHub/saga_repo/install/loki_bringup
[1.428s] Invoking command in '/home/odin/Documents/GitHub/saga_repo/build/loki_bringup': AMENT_PREFIX_PATH=/home/odin/Documents/GitHub/saga_repo/install/robot_bringup:/home/odin/Documents/GitHub/saga_repo/install/loki_base:/home/odin/Documents/GitHub/saga_repo/install/loki_can_devices:/home/odin/Documents/GitHub/saga_repo/install/loki_msgs:/home/odin/Documents/GitHub/saga_repo/install/loki_twist_mux:/home/odin/Documents/GitHub/saga_repo/install/loki_teleop:/home/odin/Documents/GitHub/saga_repo/install/loki_description:${AMENT_PREFIX_PATH} CMAKE_PREFIX_PATH=/home/odin/Documents/GitHub/saga_repo/install/robot_bringup:/home/odin/Documents/GitHub/saga_repo/install/loki_can_devices:/home/odin/Documents/GitHub/saga_repo/install/loki_msgs:/home/odin/Documents/GitHub/saga_repo/install/loki_twist_mux:/home/odin/Documents/GitHub/saga_repo/install/loki_description:/opt/ros/humble LD_LIBRARY_PATH=/home/odin/Documents/GitHub/saga_repo/install/loki_can_devices/lib:/home/odin/Documents/GitHub/saga_repo/install/loki_msgs/lib:${LD_LIBRARY_PATH} PYTHONPATH=/home/odin/Documents/GitHub/saga_repo/install/loki_base/lib/python3.10/site-packages:/home/odin/Documents/GitHub/saga_repo/install/loki_msgs/local/lib/python3.10/dist-packages:/home/odin/Documents/GitHub/saga_repo/install/loki_teleop/lib/python3.10/site-packages:${PYTHONPATH} /usr/bin/cmake --build /home/odin/Documents/GitHub/saga_repo/build/loki_bringup -- -j8 -l8
[1.453s] Invoked command in '/home/odin/Documents/GitHub/saga_repo/build/loki_bringup' returned '0': AMENT_PREFIX_PATH=/home/odin/Documents/GitHub/saga_repo/install/robot_bringup:/home/odin/Documents/GitHub/saga_repo/install/loki_base:/home/odin/Documents/GitHub/saga_repo/install/loki_can_devices:/home/odin/Documents/GitHub/saga_repo/install/loki_msgs:/home/odin/Documents/GitHub/saga_repo/install/loki_twist_mux:/home/odin/Documents/GitHub/saga_repo/install/loki_teleop:/home/odin/Documents/GitHub/saga_repo/install/loki_description:${AMENT_PREFIX_PATH} CMAKE_PREFIX_PATH=/home/odin/Documents/GitHub/saga_repo/install/robot_bringup:/home/odin/Documents/GitHub/saga_repo/install/loki_can_devices:/home/odin/Documents/GitHub/saga_repo/install/loki_msgs:/home/odin/Documents/GitHub/saga_repo/install/loki_twist_mux:/home/odin/Documents/GitHub/saga_repo/install/loki_description:/opt/ros/humble LD_LIBRARY_PATH=/home/odin/Documents/GitHub/saga_repo/install/loki_can_devices/lib:/home/odin/Documents/GitHub/saga_repo/install/loki_msgs/lib:${LD_LIBRARY_PATH} PYTHONPATH=/home/odin/Documents/GitHub/saga_repo/install/loki_base/lib/python3.10/site-packages:/home/odin/Documents/GitHub/saga_repo/install/loki_msgs/local/lib/python3.10/dist-packages:/home/odin/Documents/GitHub/saga_repo/install/loki_teleop/lib/python3.10/site-packages:${PYTHONPATH} /usr/bin/cmake --build /home/odin/Documents/GitHub/saga_repo/build/loki_bringup -- -j8 -l8
[1.468s] Invoking command in '/home/odin/Documents/GitHub/saga_repo/build/loki_bringup': AMENT_PREFIX_PATH=/home/odin/Documents/GitHub/saga_repo/install/robot_bringup:/home/odin/Documents/GitHub/saga_repo/install/loki_base:/home/odin/Documents/GitHub/saga_repo/install/loki_can_devices:/home/odin/Documents/GitHub/saga_repo/install/loki_msgs:/home/odin/Documents/GitHub/saga_repo/install/loki_twist_mux:/home/odin/Documents/GitHub/saga_repo/install/loki_teleop:/home/odin/Documents/GitHub/saga_repo/install/loki_description:${AMENT_PREFIX_PATH} CMAKE_PREFIX_PATH=/home/odin/Documents/GitHub/saga_repo/install/robot_bringup:/home/odin/Documents/GitHub/saga_repo/install/loki_can_devices:/home/odin/Documents/GitHub/saga_repo/install/loki_msgs:/home/odin/Documents/GitHub/saga_repo/install/loki_twist_mux:/home/odin/Documents/GitHub/saga_repo/install/loki_description:/opt/ros/humble LD_LIBRARY_PATH=/home/odin/Documents/GitHub/saga_repo/install/loki_can_devices/lib:/home/odin/Documents/GitHub/saga_repo/install/loki_msgs/lib:${LD_LIBRARY_PATH} PYTHONPATH=/home/odin/Documents/GitHub/saga_repo/install/loki_base/lib/python3.10/site-packages:/home/odin/Documents/GitHub/saga_repo/install/loki_msgs/local/lib/python3.10/dist-packages:/home/odin/Documents/GitHub/saga_repo/install/loki_teleop/lib/python3.10/site-packages:${PYTHONPATH} /usr/bin/cmake --install /home/odin/Documents/GitHub/saga_repo/build/loki_bringup
[1.473s] -- Install configuration: ""
[1.473s] -- Installing: /home/odin/Documents/GitHub/saga_repo/install/loki_bringup/share/loki_bringup/launch
[1.473s] -- Installing: /home/odin/Documents/GitHub/saga_repo/install/loki_bringup/share/loki_bringup/launch/loki_bringup.launch
[1.473s] -- Installing: /home/odin/Documents/GitHub/saga_repo/install/loki_bringup/share/loki_bringup/launch/loki_bringup_namespace.launch
[1.473s] -- Installing: /home/odin/Documents/GitHub/saga_repo/install/loki_bringup/share/loki_bringup/launch/loki_example.launch
[1.473s] -- Installing: /home/odin/Documents/GitHub/saga_repo/install/loki_bringup/share/ament_index/resource_index/package_run_dependencies/loki_bringup
[1.473s] -- Installing: /home/odin/Documents/GitHub/saga_repo/install/loki_bringup/share/ament_index/resource_index/parent_prefix_path/loki_bringup
[1.473s] -- Installing: /home/odin/Documents/GitHub/saga_repo/install/loki_bringup/share/loki_bringup/environment/ament_prefix_path.sh
[1.474s] -- Installing: /home/odin/Documents/GitHub/saga_repo/install/loki_bringup/share/loki_bringup/environment/ament_prefix_path.dsv
[1.474s] -- Installing: /home/odin/Documents/GitHub/saga_repo/install/loki_bringup/share/loki_bringup/environment/path.sh
[1.474s] -- Installing: /home/odin/Documents/GitHub/saga_repo/install/loki_bringup/share/loki_bringup/environment/path.dsv
[1.474s] -- Installing: /home/odin/Documents/GitHub/saga_repo/install/loki_bringup/share/loki_bringup/local_setup.bash
[1.474s] -- Installing: /home/odin/Documents/GitHub/saga_repo/install/loki_bringup/share/loki_bringup/local_setup.sh
[1.474s] -- Installing: /home/odin/Documents/GitHub/saga_repo/install/loki_bringup/share/loki_bringup/local_setup.zsh
[1.474s] -- Installing: /home/odin/Documents/GitHub/saga_repo/install/loki_bringup/share/loki_bringup/local_setup.dsv
[1.474s] -- Installing: /home/odin/Documents/GitHub/saga_repo/install/loki_bringup/share/loki_bringup/package.dsv
[1.474s] -- Installing: /home/odin/Documents/GitHub/saga_repo/install/loki_bringup/share/ament_index/resource_index/packages/loki_bringup
[1.474s] -- Installing: /home/odin/Documents/GitHub/saga_repo/install/loki_bringup/share/loki_bringup/cmake/ament_cmake_export_include_directories-extras.cmake
[1.474s] -- Installing: /home/odin/Documents/GitHub/saga_repo/install/loki_bringup/share/loki_bringup/cmake/loki_bringupConfig.cmake
[1.474s] -- Installing: /home/odin/Documents/GitHub/saga_repo/install/loki_bringup/share/loki_bringup/cmake/loki_bringupConfig-version.cmake
[1.474s] -- Installing: /home/odin/Documents/GitHub/saga_repo/install/loki_bringup/share/loki_bringup/package.xml
[1.476s] Invoked command in '/home/odin/Documents/GitHub/saga_repo/build/loki_bringup' returned '0': AMENT_PREFIX_PATH=/home/odin/Documents/GitHub/saga_repo/install/robot_bringup:/home/odin/Documents/GitHub/saga_repo/install/loki_base:/home/odin/Documents/GitHub/saga_repo/install/loki_can_devices:/home/odin/Documents/GitHub/saga_repo/install/loki_msgs:/home/odin/Documents/GitHub/saga_repo/install/loki_twist_mux:/home/odin/Documents/GitHub/saga_repo/install/loki_teleop:/home/odin/Documents/GitHub/saga_repo/install/loki_description:${AMENT_PREFIX_PATH} CMAKE_PREFIX_PATH=/home/odin/Documents/GitHub/saga_repo/install/robot_bringup:/home/odin/Documents/GitHub/saga_repo/install/loki_can_devices:/home/odin/Documents/GitHub/saga_repo/install/loki_msgs:/home/odin/Documents/GitHub/saga_repo/install/loki_twist_mux:/home/odin/Documents/GitHub/saga_repo/install/loki_description:/opt/ros/humble LD_LIBRARY_PATH=/home/odin/Documents/GitHub/saga_repo/install/loki_can_devices/lib:/home/odin/Documents/GitHub/saga_repo/install/loki_msgs/lib:${LD_LIBRARY_PATH} PYTHONPATH=/home/odin/Documents/GitHub/saga_repo/install/loki_base/lib/python3.10/site-packages:/home/odin/Documents/GitHub/saga_repo/install/loki_msgs/local/lib/python3.10/dist-packages:/home/odin/Documents/GitHub/saga_repo/install/loki_teleop/lib/python3.10/site-packages:${PYTHONPATH} /usr/bin/cmake --install /home/odin/Documents/GitHub/saga_repo/build/loki_bringup
