[0.050s] Invoking command in '/home/loki/Documents/GitHub/saga_repo/build/loki_description': /usr/bin/cmake /home/loki/Documents/GitHub/saga_repo/ros2_thor/src/loki/loki_description -DCMAKE_INSTALL_PREFIX=/home/loki/Documents/GitHub/saga_repo/install/loki_description
[0.191s] -- Configuring incomplete, errors occurred!
[0.191s] See also "/home/loki/Documents/GitHub/saga_repo/build/loki_description/CMakeFiles/CMakeOutput.log".
[0.192s] [31mCMake Error at CMakeLists.txt:5 (find_package):
[0.192s]   By not providing "Findament_cmake.cmake" in CMAKE_MODULE_PATH this project
[0.192s]   has asked CMake to find a package configuration file provided by
[0.192s]   "ament_cmake", but CMake did not find one.
[0.192s] 
[0.192s]   Could not find a package configuration file provided by "ament_cmake" with
[0.192s]   any of the following names:
[0.192s] 
[0.192s]     ament_cmakeConfig.cmake
[0.192s]     ament_cmake-config.cmake
[0.192s] 
[0.192s]   Add the installation prefix of "ament_cmake" to CMAKE_PREFIX_PATH or set
[0.192s]   "ament_cmake_DIR" to a directory containing one of the above files.  If
[0.192s]   "ament_cmake" provides a separate development package or SDK, be sure it
[0.192s]   has been installed.
[0.192s] 
[0.192s] [0m
[0.195s] Invoked command in '/home/loki/Documents/GitHub/saga_repo/build/loki_description' returned '1': /usr/bin/cmake /home/loki/Documents/GitHub/saga_repo/ros2_thor/src/loki/loki_description -DCMAKE_INSTALL_PREFIX=/home/loki/Documents/GitHub/saga_repo/install/loki_description
