[0.666s] Invoking command in '/home/loki/Documents/GitHub/saga_repo/ros2_thor/src/loki/loki_teleop': PYTHONPATH=/home/loki/Documents/GitHub/saga_repo/build/loki_teleop/prefix_override:/home/loki/Documents/GitHub/saga_repo/install/loki_teleop/lib/python3.10/site-packages:${PYTHONPATH} /usr/bin/python3 setup.py egg_info --egg-base ../../../../build/loki_teleop build --build-base /home/loki/Documents/GitHub/saga_repo/build/loki_teleop/build install --record /home/loki/Documents/GitHub/saga_repo/build/loki_teleop/install.log --single-version-externally-managed
[0.896s] running egg_info
[0.897s] writing ../../../../build/loki_teleop/loki_teleop.egg-info/PKG-INFO
[0.897s] writing dependency_links to ../../../../build/loki_teleop/loki_teleop.egg-info/dependency_links.txt
[0.897s] writing entry points to ../../../../build/loki_teleop/loki_teleop.egg-info/entry_points.txt
[0.897s] writing requirements to ../../../../build/loki_teleop/loki_teleop.egg-info/requires.txt
[0.897s] writing top-level names to ../../../../build/loki_teleop/loki_teleop.egg-info/top_level.txt
[0.899s] reading manifest file '../../../../build/loki_teleop/loki_teleop.egg-info/SOURCES.txt'
[0.900s] writing manifest file '../../../../build/loki_teleop/loki_teleop.egg-info/SOURCES.txt'
[0.900s] running build
[0.901s] running build_py
[0.901s] copying loki_teleop/teleop_node.py -> /home/loki/Documents/GitHub/saga_repo/build/loki_teleop/build/lib/loki_teleop
[0.901s] copying loki_teleop/__init__.py -> /home/loki/Documents/GitHub/saga_repo/build/loki_teleop/build/lib/loki_teleop
[0.901s] running install
[0.902s] /usr/lib/python3/dist-packages/setuptools/command/install.py:34: SetuptoolsDeprecationWarning: setup.py install is deprecated. Use build and pip and other standards-based tools.
[0.902s]   warnings.warn(
[0.902s] running install_lib
[0.903s] copying /home/loki/Documents/GitHub/saga_repo/build/loki_teleop/build/lib/loki_teleop/teleop_node.py -> /home/loki/Documents/GitHub/saga_repo/install/loki_teleop/lib/python3.10/site-packages/loki_teleop
[0.903s] copying /home/loki/Documents/GitHub/saga_repo/build/loki_teleop/build/lib/loki_teleop/__init__.py -> /home/loki/Documents/GitHub/saga_repo/install/loki_teleop/lib/python3.10/site-packages/loki_teleop
[0.903s] byte-compiling /home/loki/Documents/GitHub/saga_repo/install/loki_teleop/lib/python3.10/site-packages/loki_teleop/teleop_node.py to teleop_node.cpython-310.pyc
[0.907s] byte-compiling /home/loki/Documents/GitHub/saga_repo/install/loki_teleop/lib/python3.10/site-packages/loki_teleop/__init__.py to __init__.cpython-310.pyc
[0.907s] running install_data
[0.908s] copying resource/loki_teleop -> /home/loki/Documents/GitHub/saga_repo/install/loki_teleop/share/ament_index/resource_index/packages
[0.908s] copying package.xml -> /home/loki/Documents/GitHub/saga_repo/install/loki_teleop/share/loki_teleop
[0.908s] copying launch/teleop_xbox.launch -> /home/loki/Documents/GitHub/saga_repo/install/loki_teleop/share/loki_teleop/launch
[0.908s] copying launch/teleop.launch -> /home/loki/Documents/GitHub/saga_repo/install/loki_teleop/share/loki_teleop/launch
[0.909s] running install_egg_info
[0.910s] removing '/home/loki/Documents/GitHub/saga_repo/install/loki_teleop/lib/python3.10/site-packages/loki_teleop-2.0.0-py3.10.egg-info' (and everything under it)
[0.911s] Copying ../../../../build/loki_teleop/loki_teleop.egg-info to /home/loki/Documents/GitHub/saga_repo/install/loki_teleop/lib/python3.10/site-packages/loki_teleop-2.0.0-py3.10.egg-info
[0.912s] running install_scripts
[0.934s] Installing teleop_node script to /home/loki/Documents/GitHub/saga_repo/install/loki_teleop/lib/loki_teleop
[0.935s] writing list of installed files to '/home/loki/Documents/GitHub/saga_repo/build/loki_teleop/install.log'
[0.959s] Invoked command in '/home/loki/Documents/GitHub/saga_repo/ros2_thor/src/loki/loki_teleop' returned '0': PYTHONPATH=/home/loki/Documents/GitHub/saga_repo/build/loki_teleop/prefix_override:/home/loki/Documents/GitHub/saga_repo/install/loki_teleop/lib/python3.10/site-packages:${PYTHONPATH} /usr/bin/python3 setup.py egg_info --egg-base ../../../../build/loki_teleop build --build-base /home/loki/Documents/GitHub/saga_repo/build/loki_teleop/build install --record /home/loki/Documents/GitHub/saga_repo/build/loki_teleop/install.log --single-version-externally-managed
