[0.105s] Invoking command in '/home/cairlab/Documents/GitHub/saga_repo/build/twist_mux': CMAKE_PREFIX_PATH=/opt/ros/humble /usr/bin/cmake --build /home/cairlab/Documents/GitHub/saga_repo/build/twist_mux -- -j12 -l12
[0.153s] [ 33%] Built target twist_marker
[0.154s] [100%] Built target twist_mux
[0.169s] Invoked command in '/home/cairlab/Documents/GitHub/saga_repo/build/twist_mux' returned '0': CMAKE_PREFIX_PATH=/opt/ros/humble /usr/bin/cmake --build /home/cairlab/Documents/GitHub/saga_repo/build/twist_mux -- -j12 -l12
[0.244s] Invoking command in '/home/cairlab/Documents/GitHub/saga_repo/build/twist_mux': CMAKE_PREFIX_PATH=/opt/ros/humble /usr/bin/cmake --install /home/cairlab/Documents/GitHub/saga_repo/build/twist_mux
[0.250s] -- Install configuration: ""
[0.250s] -- Up-to-date: /home/cairlab/Documents/GitHub/saga_repo/install/twist_mux/lib/twist_mux/twist_mux
[0.250s] -- Up-to-date: /home/cairlab/Documents/GitHub/saga_repo/install/twist_mux/lib/twist_mux/twist_marker
[0.251s] -- Up-to-date: /home/cairlab/Documents/GitHub/saga_repo/install/twist_mux/share/twist_mux/launch
[0.251s] -- Up-to-date: /home/cairlab/Documents/GitHub/saga_repo/install/twist_mux/share/twist_mux/launch/twist_mux.launch
[0.251s] -- Up-to-date: /home/cairlab/Documents/GitHub/saga_repo/install/twist_mux/share/twist_mux/launch/twist_mux_launch.py
[0.252s] -- Up-to-date: /home/cairlab/Documents/GitHub/saga_repo/install/twist_mux/share/twist_mux/config
[0.252s] -- Up-to-date: /home/cairlab/Documents/GitHub/saga_repo/install/twist_mux/share/twist_mux/config/twist_mux_locks.yaml
[0.252s] -- Up-to-date: /home/cairlab/Documents/GitHub/saga_repo/install/twist_mux/share/twist_mux/config/twist_mux_topics.yaml
[0.252s] -- Up-to-date: /home/cairlab/Documents/GitHub/saga_repo/install/twist_mux/share/twist_mux/config/joystick.yaml
[0.252s] -- Up-to-date: /home/cairlab/Documents/GitHub/saga_repo/install/twist_mux/include
[0.253s] -- Up-to-date: /home/cairlab/Documents/GitHub/saga_repo/install/twist_mux/include/twist_mux
[0.253s] -- Up-to-date: /home/cairlab/Documents/GitHub/saga_repo/install/twist_mux/include/twist_mux/twist_mux.hpp
[0.253s] -- Up-to-date: /home/cairlab/Documents/GitHub/saga_repo/install/twist_mux/include/twist_mux/twist_mux_diagnostics_status.hpp
[0.253s] -- Up-to-date: /home/cairlab/Documents/GitHub/saga_repo/install/twist_mux/include/twist_mux/twist_mux_diagnostics.hpp
[0.253s] -- Up-to-date: /home/cairlab/Documents/GitHub/saga_repo/install/twist_mux/include/twist_mux/topic_handle.hpp
[0.254s] -- Up-to-date: /home/cairlab/Documents/GitHub/saga_repo/install/twist_mux/include/twist_mux/params_helpers.hpp
[0.254s] -- Up-to-date: /home/cairlab/Documents/GitHub/saga_repo/install/twist_mux/include/twist_mux/utils.hpp
[0.254s] -- Up-to-date: /home/cairlab/Documents/GitHub/saga_repo/install/twist_mux/share/ament_index/resource_index/package_run_dependencies/twist_mux
[0.254s] -- Up-to-date: /home/cairlab/Documents/GitHub/saga_repo/install/twist_mux/share/ament_index/resource_index/parent_prefix_path/twist_mux
[0.255s] -- Up-to-date: /home/cairlab/Documents/GitHub/saga_repo/install/twist_mux/share/twist_mux/environment/ament_prefix_path.sh
[0.255s] -- Up-to-date: /home/cairlab/Documents/GitHub/saga_repo/install/twist_mux/share/twist_mux/environment/ament_prefix_path.dsv
[0.255s] -- Up-to-date: /home/cairlab/Documents/GitHub/saga_repo/install/twist_mux/share/twist_mux/environment/path.sh
[0.255s] -- Up-to-date: /home/cairlab/Documents/GitHub/saga_repo/install/twist_mux/share/twist_mux/environment/path.dsv
[0.256s] -- Up-to-date: /home/cairlab/Documents/GitHub/saga_repo/install/twist_mux/share/twist_mux/local_setup.bash
[0.256s] -- Up-to-date: /home/cairlab/Documents/GitHub/saga_repo/install/twist_mux/share/twist_mux/local_setup.sh
[0.256s] -- Up-to-date: /home/cairlab/Documents/GitHub/saga_repo/install/twist_mux/share/twist_mux/local_setup.zsh
[0.256s] -- Up-to-date: /home/cairlab/Documents/GitHub/saga_repo/install/twist_mux/share/twist_mux/local_setup.dsv
[0.256s] -- Installing: /home/cairlab/Documents/GitHub/saga_repo/install/twist_mux/share/twist_mux/package.dsv
[0.256s] -- Up-to-date: /home/cairlab/Documents/GitHub/saga_repo/install/twist_mux/share/ament_index/resource_index/packages/twist_mux
[0.257s] -- Up-to-date: /home/cairlab/Documents/GitHub/saga_repo/install/twist_mux/share/twist_mux/cmake/ament_cmake_export_include_directories-extras.cmake
[0.257s] -- Up-to-date: /home/cairlab/Documents/GitHub/saga_repo/install/twist_mux/share/twist_mux/cmake/ament_cmake_export_dependencies-extras.cmake
[0.257s] -- Up-to-date: /home/cairlab/Documents/GitHub/saga_repo/install/twist_mux/share/twist_mux/cmake/twist_muxConfig.cmake
[0.257s] -- Up-to-date: /home/cairlab/Documents/GitHub/saga_repo/install/twist_mux/share/twist_mux/cmake/twist_muxConfig-version.cmake
[0.257s] -- Up-to-date: /home/cairlab/Documents/GitHub/saga_repo/install/twist_mux/share/twist_mux/package.xml
[0.402s] Invoked command in '/home/cairlab/Documents/GitHub/saga_repo/build/twist_mux' returned '0': CMAKE_PREFIX_PATH=/opt/ros/humble /usr/bin/cmake --install /home/cairlab/Documents/GitHub/saga_repo/build/twist_mux
