-- The C compiler identification is GNU 11.4.0
-- The CXX compiler identification is GNU 11.4.0
-- Detecting C compiler ABI info
-- Detecting C compiler ABI info - done
-- Check for working C compiler: /usr/bin/cc - skipped
-- Detecting C compile features
-- Detecting C compile features - done
-- Detecting CXX compiler ABI info
-- Detecting CXX compiler ABI info - done
-- Check for working CXX compiler: /usr/bin/c++ - skipped
-- Detecting CXX compile features
-- Detecting CXX compile features - done
-- Found ament_cmake: 1.3.5 (/opt/ros/humble/share/ament_cmake/cmake)
-- Found Python3: /usr/bin/python3.10 (found version "3.10.12") found components: Interpreter 
-- Found rclcpp: 16.0.5 (/opt/ros/humble/share/rclcpp/cmake)
-- Found rosidl_generator_c: 3.1.5 (/opt/ros/humble/share/rosidl_generator_c/cmake)
-- Found rosidl_adapter: 3.1.5 (/opt/ros/humble/share/rosidl_adapter/cmake)
-- Found rosidl_generator_cpp: 3.1.5 (/opt/ros/humble/share/rosidl_generator_cpp/cmake)
-- Using all available rosidl_typesupport_c: rosidl_typesupport_fastrtps_c;rosidl_typesupport_introspection_c
-- Using all available rosidl_typesupport_cpp: rosidl_typesupport_fastrtps_cpp;rosidl_typesupport_introspection_cpp
-- Found rmw_implementation_cmake: 6.1.1 (/opt/ros/humble/share/rmw_implementation_cmake/cmake)
-- Found rmw_fastrtps_cpp: 6.2.3 (/opt/ros/humble/share/rmw_fastrtps_cpp/cmake)
-- Found OpenSSL: /usr/lib/x86_64-linux-gnu/libcrypto.so (found version "3.0.2")  
-- Found FastRTPS: /opt/ros/humble/include  
-- Using RMW implementation 'rmw_fastrtps_cpp' as default
-- Looking for pthread.h
-- Looking for pthread.h - found
-- Performing Test CMAKE_HAVE_LIBC_PTHREAD
-- Performing Test CMAKE_HAVE_LIBC_PTHREAD - Success
-- Found Threads: TRUE  
-- Found geometry_msgs: 5.2.0 (/home/cairlab/Documents/GitHub/saga_repo/install/geometry_msgs/share/geometry_msgs/cmake)
-- Found visualization_msgs: 5.2.0 (/home/cairlab/Documents/GitHub/saga_repo/install/visualization_msgs/share/visualization_msgs/cmake)
-- Found diagnostic_updater: 3.1.2 (/home/cairlab/Documents/GitHub/saga_repo/install/diagnostic_updater/share/diagnostic_updater/cmake)
-- Configuring done
-- Generating done
-- Build files have been written to: /home/cairlab/Documents/GitHub/saga_repo/build/twist_mux
[ 16%] [32mBuilding CXX object CMakeFiles/twist_mux.dir/src/twist_mux.cpp.o[0m
[ 50%] [32mBuilding CXX object CMakeFiles/twist_mux.dir/src/twist_mux_diagnostics.cpp.o[0m
[ 50%] [32mBuilding CXX object CMakeFiles/twist_marker.dir/src/twist_marker.cpp.o[0m
[ 66%] [32mBuilding CXX object CMakeFiles/twist_mux.dir/src/twist_mux_node.cpp.o[0m
[ 83%] [32m[1mLinking CXX executable twist_marker[0m
[ 83%] Built target twist_marker
[100%] [32m[1mLinking CXX executable twist_mux[0m
[100%] Built target twist_mux
-- Install configuration: ""
-- Installing: /home/cairlab/Documents/GitHub/saga_repo/install/twist_mux/lib/twist_mux/twist_mux
-- Set runtime path of "/home/cairlab/Documents/GitHub/saga_repo/install/twist_mux/lib/twist_mux/twist_mux" to ""
-- Installing: /home/cairlab/Documents/GitHub/saga_repo/install/twist_mux/lib/twist_mux/twist_marker
-- Set runtime path of "/home/cairlab/Documents/GitHub/saga_repo/install/twist_mux/lib/twist_mux/twist_marker" to ""
-- Installing: /home/cairlab/Documents/GitHub/saga_repo/install/twist_mux/share/twist_mux/launch
-- Installing: /home/cairlab/Documents/GitHub/saga_repo/install/twist_mux/share/twist_mux/launch/twist_mux.launch
-- Installing: /home/cairlab/Documents/GitHub/saga_repo/install/twist_mux/share/twist_mux/launch/twist_mux_launch.py
-- Installing: /home/cairlab/Documents/GitHub/saga_repo/install/twist_mux/share/twist_mux/config
-- Installing: /home/cairlab/Documents/GitHub/saga_repo/install/twist_mux/share/twist_mux/config/twist_mux_locks.yaml
-- Installing: /home/cairlab/Documents/GitHub/saga_repo/install/twist_mux/share/twist_mux/config/twist_mux_topics.yaml
-- Installing: /home/cairlab/Documents/GitHub/saga_repo/install/twist_mux/share/twist_mux/config/joystick.yaml
-- Installing: /home/cairlab/Documents/GitHub/saga_repo/install/twist_mux/include
-- Installing: /home/cairlab/Documents/GitHub/saga_repo/install/twist_mux/include/twist_mux
-- Installing: /home/cairlab/Documents/GitHub/saga_repo/install/twist_mux/include/twist_mux/twist_mux.hpp
-- Installing: /home/cairlab/Documents/GitHub/saga_repo/install/twist_mux/include/twist_mux/twist_mux_diagnostics_status.hpp
-- Installing: /home/cairlab/Documents/GitHub/saga_repo/install/twist_mux/include/twist_mux/twist_mux_diagnostics.hpp
-- Installing: /home/cairlab/Documents/GitHub/saga_repo/install/twist_mux/include/twist_mux/topic_handle.hpp
-- Installing: /home/cairlab/Documents/GitHub/saga_repo/install/twist_mux/include/twist_mux/params_helpers.hpp
-- Installing: /home/cairlab/Documents/GitHub/saga_repo/install/twist_mux/include/twist_mux/utils.hpp
-- Installing: /home/cairlab/Documents/GitHub/saga_repo/install/twist_mux/share/ament_index/resource_index/package_run_dependencies/twist_mux
-- Installing: /home/cairlab/Documents/GitHub/saga_repo/install/twist_mux/share/ament_index/resource_index/parent_prefix_path/twist_mux
-- Installing: /home/cairlab/Documents/GitHub/saga_repo/install/twist_mux/share/twist_mux/environment/ament_prefix_path.sh
-- Installing: /home/cairlab/Documents/GitHub/saga_repo/install/twist_mux/share/twist_mux/environment/ament_prefix_path.dsv
-- Installing: /home/cairlab/Documents/GitHub/saga_repo/install/twist_mux/share/twist_mux/environment/path.sh
-- Installing: /home/cairlab/Documents/GitHub/saga_repo/install/twist_mux/share/twist_mux/environment/path.dsv
-- Installing: /home/cairlab/Documents/GitHub/saga_repo/install/twist_mux/share/twist_mux/local_setup.bash
-- Installing: /home/cairlab/Documents/GitHub/saga_repo/install/twist_mux/share/twist_mux/local_setup.sh
-- Installing: /home/cairlab/Documents/GitHub/saga_repo/install/twist_mux/share/twist_mux/local_setup.zsh
-- Installing: /home/cairlab/Documents/GitHub/saga_repo/install/twist_mux/share/twist_mux/local_setup.dsv
-- Installing: /home/cairlab/Documents/GitHub/saga_repo/install/twist_mux/share/twist_mux/package.dsv
-- Installing: /home/cairlab/Documents/GitHub/saga_repo/install/twist_mux/share/ament_index/resource_index/packages/twist_mux
-- Installing: /home/cairlab/Documents/GitHub/saga_repo/install/twist_mux/share/twist_mux/cmake/ament_cmake_export_include_directories-extras.cmake
-- Installing: /home/cairlab/Documents/GitHub/saga_repo/install/twist_mux/share/twist_mux/cmake/ament_cmake_export_dependencies-extras.cmake
-- Installing: /home/cairlab/Documents/GitHub/saga_repo/install/twist_mux/share/twist_mux/cmake/twist_muxConfig.cmake
-- Installing: /home/cairlab/Documents/GitHub/saga_repo/install/twist_mux/share/twist_mux/cmake/twist_muxConfig-version.cmake
-- Installing: /home/cairlab/Documents/GitHub/saga_repo/install/twist_mux/share/twist_mux/package.xml
