[0.023s] Invoking command in '/home/cairlab/Documents/GitHub/saga_repo/build/twist_mux': AMENT_PREFIX_PATH=/home/cairlab/Documents/GitHub/saga_repo/install/visualization_msgs:/home/cairlab/Documents/GitHub/saga_repo/install/diagnostic_updater:/home/cairlab/Documents/GitHub/saga_repo/install/sensor_msgs:/home/cairlab/Documents/GitHub/saga_repo/install/diagnostic_msgs:/home/cairlab/Documents/GitHub/saga_repo/install/geometry_msgs:/home/cairlab/Documents/GitHub/saga_repo/install/std_msgs:${AMENT_PREFIX_PATH} CMAKE_PREFIX_PATH=/home/cairlab/Documents/GitHub/saga_repo/install/visualization_msgs:/home/cairlab/Documents/GitHub/saga_repo/install/diagnostic_updater:/home/cairlab/Documents/GitHub/saga_repo/install/sensor_msgs:/home/cairlab/Documents/GitHub/saga_repo/install/diagnostic_msgs:/home/cairlab/Documents/GitHub/saga_repo/install/geometry_msgs:/home/cairlab/Documents/GitHub/saga_repo/install/std_msgs:/opt/ros/humble LD_LIBRARY_PATH=/home/cairlab/Documents/GitHub/saga_repo/install/visualization_msgs/lib:/home/cairlab/Documents/GitHub/saga_repo/install/diagnostic_updater/lib:/home/cairlab/Documents/GitHub/saga_repo/install/sensor_msgs/lib:/home/cairlab/Documents/GitHub/saga_repo/install/diagnostic_msgs/lib:/home/cairlab/Documents/GitHub/saga_repo/install/geometry_msgs/lib:/home/cairlab/Documents/GitHub/saga_repo/install/std_msgs/lib:${LD_LIBRARY_PATH} PYTHONPATH=/home/cairlab/Documents/GitHub/saga_repo/install/visualization_msgs/local/lib/python3.10/dist-packages:/home/cairlab/Documents/GitHub/saga_repo/install/diagnostic_updater/local/lib/python3.10/dist-packages:/home/cairlab/Documents/GitHub/saga_repo/install/sensor_msgs/local/lib/python3.10/dist-packages:/home/cairlab/Documents/GitHub/saga_repo/install/diagnostic_msgs/local/lib/python3.10/dist-packages:/home/cairlab/Documents/GitHub/saga_repo/install/geometry_msgs/local/lib/python3.10/dist-packages:/home/cairlab/Documents/GitHub/saga_repo/install/std_msgs/local/lib/python3.10/dist-packages:${PYTHONPATH} /usr/bin/cmake /home/cairlab/Documents/GitHub/saga_repo/ros2_thor/src/twist_mux -DCMAKE_INSTALL_PREFIX=/home/cairlab/Documents/GitHub/saga_repo/install/twist_mux
[0.105s] -- The C compiler identification is GNU 11.4.0
[0.191s] -- The CXX compiler identification is GNU 11.4.0
[0.201s] -- Detecting C compiler ABI info
[0.304s] -- Detecting C compiler ABI info - done
[0.318s] -- Check for working C compiler: /usr/bin/cc - skipped
[0.318s] -- Detecting C compile features
[0.318s] -- Detecting C compile features - done
[0.322s] -- Detecting CXX compiler ABI info
[0.444s] -- Detecting CXX compiler ABI info - done
[0.459s] -- Check for working CXX compiler: /usr/bin/c++ - skipped
[0.460s] -- Detecting CXX compile features
[0.460s] -- Detecting CXX compile features - done
[0.463s] -- Found ament_cmake: 1.3.5 (/opt/ros/humble/share/ament_cmake/cmake)
[1.023s] -- Found Python3: /usr/bin/python3.10 (found version "3.10.12") found components: Interpreter 
[1.179s] -- Found rclcpp: 16.0.5 (/opt/ros/humble/share/rclcpp/cmake)
[1.251s] -- Found rosidl_generator_c: 3.1.5 (/opt/ros/humble/share/rosidl_generator_c/cmake)
[1.261s] -- Found rosidl_adapter: 3.1.5 (/opt/ros/humble/share/rosidl_adapter/cmake)
[1.275s] -- Found rosidl_generator_cpp: 3.1.5 (/opt/ros/humble/share/rosidl_generator_cpp/cmake)
[1.298s] -- Using all available rosidl_typesupport_c: rosidl_typesupport_fastrtps_c;rosidl_typesupport_introspection_c
[1.331s] -- Using all available rosidl_typesupport_cpp: rosidl_typesupport_fastrtps_cpp;rosidl_typesupport_introspection_cpp
[1.449s] -- Found rmw_implementation_cmake: 6.1.1 (/opt/ros/humble/share/rmw_implementation_cmake/cmake)
[1.454s] -- Found rmw_fastrtps_cpp: 6.2.3 (/opt/ros/humble/share/rmw_fastrtps_cpp/cmake)
[1.580s] -- Found OpenSSL: /usr/lib/x86_64-linux-gnu/libcrypto.so (found version "3.0.2")  
[1.610s] -- Found FastRTPS: /opt/ros/humble/include  
[1.657s] -- Using RMW implementation 'rmw_fastrtps_cpp' as default
[1.669s] -- Looking for pthread.h
[1.739s] -- Looking for pthread.h - found
[1.739s] -- Performing Test CMAKE_HAVE_LIBC_PTHREAD
[1.811s] -- Performing Test CMAKE_HAVE_LIBC_PTHREAD - Success
[1.812s] -- Found Threads: TRUE  
[1.975s] -- Found geometry_msgs: 5.2.0 (/home/cairlab/Documents/GitHub/saga_repo/install/geometry_msgs/share/geometry_msgs/cmake)
[2.017s] -- Found visualization_msgs: 5.2.0 (/home/cairlab/Documents/GitHub/saga_repo/install/visualization_msgs/share/visualization_msgs/cmake)
[2.239s] -- Found diagnostic_updater: 3.1.2 (/home/cairlab/Documents/GitHub/saga_repo/install/diagnostic_updater/share/diagnostic_updater/cmake)
[2.377s] -- Configuring done
[2.399s] -- Generating done
[2.402s] -- Build files have been written to: /home/cairlab/Documents/GitHub/saga_repo/build/twist_mux
[2.415s] Invoked command in '/home/cairlab/Documents/GitHub/saga_repo/build/twist_mux' returned '0': AMENT_PREFIX_PATH=/home/cairlab/Documents/GitHub/saga_repo/install/visualization_msgs:/home/cairlab/Documents/GitHub/saga_repo/install/diagnostic_updater:/home/cairlab/Documents/GitHub/saga_repo/install/sensor_msgs:/home/cairlab/Documents/GitHub/saga_repo/install/diagnostic_msgs:/home/cairlab/Documents/GitHub/saga_repo/install/geometry_msgs:/home/cairlab/Documents/GitHub/saga_repo/install/std_msgs:${AMENT_PREFIX_PATH} CMAKE_PREFIX_PATH=/home/cairlab/Documents/GitHub/saga_repo/install/visualization_msgs:/home/cairlab/Documents/GitHub/saga_repo/install/diagnostic_updater:/home/cairlab/Documents/GitHub/saga_repo/install/sensor_msgs:/home/cairlab/Documents/GitHub/saga_repo/install/diagnostic_msgs:/home/cairlab/Documents/GitHub/saga_repo/install/geometry_msgs:/home/cairlab/Documents/GitHub/saga_repo/install/std_msgs:/opt/ros/humble LD_LIBRARY_PATH=/home/cairlab/Documents/GitHub/saga_repo/install/visualization_msgs/lib:/home/cairlab/Documents/GitHub/saga_repo/install/diagnostic_updater/lib:/home/cairlab/Documents/GitHub/saga_repo/install/sensor_msgs/lib:/home/cairlab/Documents/GitHub/saga_repo/install/diagnostic_msgs/lib:/home/cairlab/Documents/GitHub/saga_repo/install/geometry_msgs/lib:/home/cairlab/Documents/GitHub/saga_repo/install/std_msgs/lib:${LD_LIBRARY_PATH} PYTHONPATH=/home/cairlab/Documents/GitHub/saga_repo/install/visualization_msgs/local/lib/python3.10/dist-packages:/home/cairlab/Documents/GitHub/saga_repo/install/diagnostic_updater/local/lib/python3.10/dist-packages:/home/cairlab/Documents/GitHub/saga_repo/install/sensor_msgs/local/lib/python3.10/dist-packages:/home/cairlab/Documents/GitHub/saga_repo/install/diagnostic_msgs/local/lib/python3.10/dist-packages:/home/cairlab/Documents/GitHub/saga_repo/install/geometry_msgs/local/lib/python3.10/dist-packages:/home/cairlab/Documents/GitHub/saga_repo/install/std_msgs/local/lib/python3.10/dist-packages:${PYTHONPATH} /usr/bin/cmake /home/cairlab/Documents/GitHub/saga_repo/ros2_thor/src/twist_mux -DCMAKE_INSTALL_PREFIX=/home/cairlab/Documents/GitHub/saga_repo/install/twist_mux
[2.417s] Invoking command in '/home/cairlab/Documents/GitHub/saga_repo/build/twist_mux': AMENT_PREFIX_PATH=/home/cairlab/Documents/GitHub/saga_repo/install/visualization_msgs:/home/cairlab/Documents/GitHub/saga_repo/install/diagnostic_updater:/home/cairlab/Documents/GitHub/saga_repo/install/sensor_msgs:/home/cairlab/Documents/GitHub/saga_repo/install/diagnostic_msgs:/home/cairlab/Documents/GitHub/saga_repo/install/geometry_msgs:/home/cairlab/Documents/GitHub/saga_repo/install/std_msgs:${AMENT_PREFIX_PATH} CMAKE_PREFIX_PATH=/home/cairlab/Documents/GitHub/saga_repo/install/visualization_msgs:/home/cairlab/Documents/GitHub/saga_repo/install/diagnostic_updater:/home/cairlab/Documents/GitHub/saga_repo/install/sensor_msgs:/home/cairlab/Documents/GitHub/saga_repo/install/diagnostic_msgs:/home/cairlab/Documents/GitHub/saga_repo/install/geometry_msgs:/home/cairlab/Documents/GitHub/saga_repo/install/std_msgs:/opt/ros/humble LD_LIBRARY_PATH=/home/cairlab/Documents/GitHub/saga_repo/install/visualization_msgs/lib:/home/cairlab/Documents/GitHub/saga_repo/install/diagnostic_updater/lib:/home/cairlab/Documents/GitHub/saga_repo/install/sensor_msgs/lib:/home/cairlab/Documents/GitHub/saga_repo/install/diagnostic_msgs/lib:/home/cairlab/Documents/GitHub/saga_repo/install/geometry_msgs/lib:/home/cairlab/Documents/GitHub/saga_repo/install/std_msgs/lib:${LD_LIBRARY_PATH} PYTHONPATH=/home/cairlab/Documents/GitHub/saga_repo/install/visualization_msgs/local/lib/python3.10/dist-packages:/home/cairlab/Documents/GitHub/saga_repo/install/diagnostic_updater/local/lib/python3.10/dist-packages:/home/cairlab/Documents/GitHub/saga_repo/install/sensor_msgs/local/lib/python3.10/dist-packages:/home/cairlab/Documents/GitHub/saga_repo/install/diagnostic_msgs/local/lib/python3.10/dist-packages:/home/cairlab/Documents/GitHub/saga_repo/install/geometry_msgs/local/lib/python3.10/dist-packages:/home/cairlab/Documents/GitHub/saga_repo/install/std_msgs/local/lib/python3.10/dist-packages:${PYTHONPATH} /usr/bin/cmake --build /home/cairlab/Documents/GitHub/saga_repo/build/twist_mux -- -j12 -l12
[2.487s] [ 16%] [32mBuilding CXX object CMakeFiles/twist_mux.dir/src/twist_mux.cpp.o[0m
[2.489s] [ 50%] [32mBuilding CXX object CMakeFiles/twist_mux.dir/src/twist_mux_diagnostics.cpp.o[0m
[2.489s] [ 50%] [32mBuilding CXX object CMakeFiles/twist_marker.dir/src/twist_marker.cpp.o[0m
[2.489s] [ 66%] [32mBuilding CXX object CMakeFiles/twist_mux.dir/src/twist_mux_node.cpp.o[0m
[10.559s] [ 83%] [32m[1mLinking CXX executable twist_marker[0m
[10.974s] [ 83%] Built target twist_marker
[13.993s] [100%] [32m[1mLinking CXX executable twist_mux[0m
[14.828s] [100%] Built target twist_mux
[14.842s] Invoked command in '/home/cairlab/Documents/GitHub/saga_repo/build/twist_mux' returned '0': AMENT_PREFIX_PATH=/home/cairlab/Documents/GitHub/saga_repo/install/visualization_msgs:/home/cairlab/Documents/GitHub/saga_repo/install/diagnostic_updater:/home/cairlab/Documents/GitHub/saga_repo/install/sensor_msgs:/home/cairlab/Documents/GitHub/saga_repo/install/diagnostic_msgs:/home/cairlab/Documents/GitHub/saga_repo/install/geometry_msgs:/home/cairlab/Documents/GitHub/saga_repo/install/std_msgs:${AMENT_PREFIX_PATH} CMAKE_PREFIX_PATH=/home/cairlab/Documents/GitHub/saga_repo/install/visualization_msgs:/home/cairlab/Documents/GitHub/saga_repo/install/diagnostic_updater:/home/cairlab/Documents/GitHub/saga_repo/install/sensor_msgs:/home/cairlab/Documents/GitHub/saga_repo/install/diagnostic_msgs:/home/cairlab/Documents/GitHub/saga_repo/install/geometry_msgs:/home/cairlab/Documents/GitHub/saga_repo/install/std_msgs:/opt/ros/humble LD_LIBRARY_PATH=/home/cairlab/Documents/GitHub/saga_repo/install/visualization_msgs/lib:/home/cairlab/Documents/GitHub/saga_repo/install/diagnostic_updater/lib:/home/cairlab/Documents/GitHub/saga_repo/install/sensor_msgs/lib:/home/cairlab/Documents/GitHub/saga_repo/install/diagnostic_msgs/lib:/home/cairlab/Documents/GitHub/saga_repo/install/geometry_msgs/lib:/home/cairlab/Documents/GitHub/saga_repo/install/std_msgs/lib:${LD_LIBRARY_PATH} PYTHONPATH=/home/cairlab/Documents/GitHub/saga_repo/install/visualization_msgs/local/lib/python3.10/dist-packages:/home/cairlab/Documents/GitHub/saga_repo/install/diagnostic_updater/local/lib/python3.10/dist-packages:/home/cairlab/Documents/GitHub/saga_repo/install/sensor_msgs/local/lib/python3.10/dist-packages:/home/cairlab/Documents/GitHub/saga_repo/install/diagnostic_msgs/local/lib/python3.10/dist-packages:/home/cairlab/Documents/GitHub/saga_repo/install/geometry_msgs/local/lib/python3.10/dist-packages:/home/cairlab/Documents/GitHub/saga_repo/install/std_msgs/local/lib/python3.10/dist-packages:${PYTHONPATH} /usr/bin/cmake --build /home/cairlab/Documents/GitHub/saga_repo/build/twist_mux -- -j12 -l12
[14.872s] Invoking command in '/home/cairlab/Documents/GitHub/saga_repo/build/twist_mux': AMENT_PREFIX_PATH=/home/cairlab/Documents/GitHub/saga_repo/install/visualization_msgs:/home/cairlab/Documents/GitHub/saga_repo/install/diagnostic_updater:/home/cairlab/Documents/GitHub/saga_repo/install/sensor_msgs:/home/cairlab/Documents/GitHub/saga_repo/install/diagnostic_msgs:/home/cairlab/Documents/GitHub/saga_repo/install/geometry_msgs:/home/cairlab/Documents/GitHub/saga_repo/install/std_msgs:${AMENT_PREFIX_PATH} CMAKE_PREFIX_PATH=/home/cairlab/Documents/GitHub/saga_repo/install/visualization_msgs:/home/cairlab/Documents/GitHub/saga_repo/install/diagnostic_updater:/home/cairlab/Documents/GitHub/saga_repo/install/sensor_msgs:/home/cairlab/Documents/GitHub/saga_repo/install/diagnostic_msgs:/home/cairlab/Documents/GitHub/saga_repo/install/geometry_msgs:/home/cairlab/Documents/GitHub/saga_repo/install/std_msgs:/opt/ros/humble LD_LIBRARY_PATH=/home/cairlab/Documents/GitHub/saga_repo/install/visualization_msgs/lib:/home/cairlab/Documents/GitHub/saga_repo/install/diagnostic_updater/lib:/home/cairlab/Documents/GitHub/saga_repo/install/sensor_msgs/lib:/home/cairlab/Documents/GitHub/saga_repo/install/diagnostic_msgs/lib:/home/cairlab/Documents/GitHub/saga_repo/install/geometry_msgs/lib:/home/cairlab/Documents/GitHub/saga_repo/install/std_msgs/lib:${LD_LIBRARY_PATH} PYTHONPATH=/home/cairlab/Documents/GitHub/saga_repo/install/visualization_msgs/local/lib/python3.10/dist-packages:/home/cairlab/Documents/GitHub/saga_repo/install/diagnostic_updater/local/lib/python3.10/dist-packages:/home/cairlab/Documents/GitHub/saga_repo/install/sensor_msgs/local/lib/python3.10/dist-packages:/home/cairlab/Documents/GitHub/saga_repo/install/diagnostic_msgs/local/lib/python3.10/dist-packages:/home/cairlab/Documents/GitHub/saga_repo/install/geometry_msgs/local/lib/python3.10/dist-packages:/home/cairlab/Documents/GitHub/saga_repo/install/std_msgs/local/lib/python3.10/dist-packages:${PYTHONPATH} /usr/bin/cmake --install /home/cairlab/Documents/GitHub/saga_repo/build/twist_mux
[14.880s] -- Install configuration: ""
[14.880s] -- Installing: /home/cairlab/Documents/GitHub/saga_repo/install/twist_mux/lib/twist_mux/twist_mux
[14.885s] -- Set runtime path of "/home/cairlab/Documents/GitHub/saga_repo/install/twist_mux/lib/twist_mux/twist_mux" to ""
[14.885s] -- Installing: /home/cairlab/Documents/GitHub/saga_repo/install/twist_mux/lib/twist_mux/twist_marker
[14.889s] -- Set runtime path of "/home/cairlab/Documents/GitHub/saga_repo/install/twist_mux/lib/twist_mux/twist_marker" to ""
[14.889s] -- Installing: /home/cairlab/Documents/GitHub/saga_repo/install/twist_mux/share/twist_mux/launch
[14.889s] -- Installing: /home/cairlab/Documents/GitHub/saga_repo/install/twist_mux/share/twist_mux/launch/twist_mux.launch
[14.889s] -- Installing: /home/cairlab/Documents/GitHub/saga_repo/install/twist_mux/share/twist_mux/launch/twist_mux_launch.py
[14.889s] -- Installing: /home/cairlab/Documents/GitHub/saga_repo/install/twist_mux/share/twist_mux/config
[14.890s] -- Installing: /home/cairlab/Documents/GitHub/saga_repo/install/twist_mux/share/twist_mux/config/twist_mux_locks.yaml
[14.890s] -- Installing: /home/cairlab/Documents/GitHub/saga_repo/install/twist_mux/share/twist_mux/config/twist_mux_topics.yaml
[14.890s] -- Installing: /home/cairlab/Documents/GitHub/saga_repo/install/twist_mux/share/twist_mux/config/joystick.yaml
[14.890s] -- Installing: /home/cairlab/Documents/GitHub/saga_repo/install/twist_mux/include
[14.890s] -- Installing: /home/cairlab/Documents/GitHub/saga_repo/install/twist_mux/include/twist_mux
[14.890s] -- Installing: /home/cairlab/Documents/GitHub/saga_repo/install/twist_mux/include/twist_mux/twist_mux.hpp
[14.890s] -- Installing: /home/cairlab/Documents/GitHub/saga_repo/install/twist_mux/include/twist_mux/twist_mux_diagnostics_status.hpp
[14.890s] -- Installing: /home/cairlab/Documents/GitHub/saga_repo/install/twist_mux/include/twist_mux/twist_mux_diagnostics.hpp
[14.890s] -- Installing: /home/cairlab/Documents/GitHub/saga_repo/install/twist_mux/include/twist_mux/topic_handle.hpp
[14.891s] -- Installing: /home/cairlab/Documents/GitHub/saga_repo/install/twist_mux/include/twist_mux/params_helpers.hpp
[14.891s] -- Installing: /home/cairlab/Documents/GitHub/saga_repo/install/twist_mux/include/twist_mux/utils.hpp
[14.891s] -- Installing: /home/cairlab/Documents/GitHub/saga_repo/install/twist_mux/share/ament_index/resource_index/package_run_dependencies/twist_mux
[14.891s] -- Installing: /home/cairlab/Documents/GitHub/saga_repo/install/twist_mux/share/ament_index/resource_index/parent_prefix_path/twist_mux
[14.891s] -- Installing: /home/cairlab/Documents/GitHub/saga_repo/install/twist_mux/share/twist_mux/environment/ament_prefix_path.sh
[14.891s] -- Installing: /home/cairlab/Documents/GitHub/saga_repo/install/twist_mux/share/twist_mux/environment/ament_prefix_path.dsv
[14.891s] -- Installing: /home/cairlab/Documents/GitHub/saga_repo/install/twist_mux/share/twist_mux/environment/path.sh
[14.891s] -- Installing: /home/cairlab/Documents/GitHub/saga_repo/install/twist_mux/share/twist_mux/environment/path.dsv
[14.891s] -- Installing: /home/cairlab/Documents/GitHub/saga_repo/install/twist_mux/share/twist_mux/local_setup.bash
[14.892s] -- Installing: /home/cairlab/Documents/GitHub/saga_repo/install/twist_mux/share/twist_mux/local_setup.sh
[14.892s] -- Installing: /home/cairlab/Documents/GitHub/saga_repo/install/twist_mux/share/twist_mux/local_setup.zsh
[14.892s] -- Installing: /home/cairlab/Documents/GitHub/saga_repo/install/twist_mux/share/twist_mux/local_setup.dsv
[14.892s] -- Installing: /home/cairlab/Documents/GitHub/saga_repo/install/twist_mux/share/twist_mux/package.dsv
[14.892s] -- Installing: /home/cairlab/Documents/GitHub/saga_repo/install/twist_mux/share/ament_index/resource_index/packages/twist_mux
[14.892s] -- Installing: /home/cairlab/Documents/GitHub/saga_repo/install/twist_mux/share/twist_mux/cmake/ament_cmake_export_include_directories-extras.cmake
[14.892s] -- Installing: /home/cairlab/Documents/GitHub/saga_repo/install/twist_mux/share/twist_mux/cmake/ament_cmake_export_dependencies-extras.cmake
[14.892s] -- Installing: /home/cairlab/Documents/GitHub/saga_repo/install/twist_mux/share/twist_mux/cmake/twist_muxConfig.cmake
[14.893s] -- Installing: /home/cairlab/Documents/GitHub/saga_repo/install/twist_mux/share/twist_mux/cmake/twist_muxConfig-version.cmake
[14.893s] -- Installing: /home/cairlab/Documents/GitHub/saga_repo/install/twist_mux/share/twist_mux/package.xml
[14.898s] Invoked command in '/home/cairlab/Documents/GitHub/saga_repo/build/twist_mux' returned '0': AMENT_PREFIX_PATH=/home/cairlab/Documents/GitHub/saga_repo/install/visualization_msgs:/home/cairlab/Documents/GitHub/saga_repo/install/diagnostic_updater:/home/cairlab/Documents/GitHub/saga_repo/install/sensor_msgs:/home/cairlab/Documents/GitHub/saga_repo/install/diagnostic_msgs:/home/cairlab/Documents/GitHub/saga_repo/install/geometry_msgs:/home/cairlab/Documents/GitHub/saga_repo/install/std_msgs:${AMENT_PREFIX_PATH} CMAKE_PREFIX_PATH=/home/cairlab/Documents/GitHub/saga_repo/install/visualization_msgs:/home/cairlab/Documents/GitHub/saga_repo/install/diagnostic_updater:/home/cairlab/Documents/GitHub/saga_repo/install/sensor_msgs:/home/cairlab/Documents/GitHub/saga_repo/install/diagnostic_msgs:/home/cairlab/Documents/GitHub/saga_repo/install/geometry_msgs:/home/cairlab/Documents/GitHub/saga_repo/install/std_msgs:/opt/ros/humble LD_LIBRARY_PATH=/home/cairlab/Documents/GitHub/saga_repo/install/visualization_msgs/lib:/home/cairlab/Documents/GitHub/saga_repo/install/diagnostic_updater/lib:/home/cairlab/Documents/GitHub/saga_repo/install/sensor_msgs/lib:/home/cairlab/Documents/GitHub/saga_repo/install/diagnostic_msgs/lib:/home/cairlab/Documents/GitHub/saga_repo/install/geometry_msgs/lib:/home/cairlab/Documents/GitHub/saga_repo/install/std_msgs/lib:${LD_LIBRARY_PATH} PYTHONPATH=/home/cairlab/Documents/GitHub/saga_repo/install/visualization_msgs/local/lib/python3.10/dist-packages:/home/cairlab/Documents/GitHub/saga_repo/install/diagnostic_updater/local/lib/python3.10/dist-packages:/home/cairlab/Documents/GitHub/saga_repo/install/sensor_msgs/local/lib/python3.10/dist-packages:/home/cairlab/Documents/GitHub/saga_repo/install/diagnostic_msgs/local/lib/python3.10/dist-packages:/home/cairlab/Documents/GitHub/saga_repo/install/geometry_msgs/local/lib/python3.10/dist-packages:/home/cairlab/Documents/GitHub/saga_repo/install/std_msgs/local/lib/python3.10/dist-packages:${PYTHONPATH} /usr/bin/cmake --install /home/cairlab/Documents/GitHub/saga_repo/build/twist_mux
