[0.991s] Invoking command in '/home/odin/Documents/GitHub/saga_repo/ros2_thor/src/loki/loki_base': AMENT_PREFIX_PATH=/home/odin/Documents/GitHub/saga_repo/install/loki_can_devices:/home/odin/Documents/GitHub/saga_repo/install/loki_msgs:/home/odin/Documents/GitHub/saga_repo/install/loki_description:${AMENT_PREFIX_PATH} CMAKE_PREFIX_PATH=/home/odin/Documents/GitHub/saga_repo/install/loki_can_devices:/home/odin/Documents/GitHub/saga_repo/install/loki_msgs:/home/odin/Documents/GitHub/saga_repo/install/loki_description LD_LIBRARY_PATH=/home/odin/Documents/GitHub/saga_repo/install/loki_can_devices/lib:/home/odin/Documents/GitHub/saga_repo/install/loki_msgs/lib:${LD_LIBRARY_PATH} PYTHONPATH=/home/odin/Documents/GitHub/saga_repo/build/loki_base/prefix_override:/home/odin/Documents/GitHub/saga_repo/install/loki_base/lib/python3.10/site-packages:/home/odin/Documents/GitHub/saga_repo/install/loki_msgs/local/lib/python3.10/dist-packages:${PYTHONPATH} /usr/bin/python3 setup.py egg_info --egg-base ../../../../build/loki_base build --build-base /home/odin/Documents/GitHub/saga_repo/build/loki_base/build install --record /home/odin/Documents/GitHub/saga_repo/build/loki_base/install.log --single-version-externally-managed
[1.285s] running egg_info
[1.286s] writing ../../../../build/loki_base/loki_base.egg-info/PKG-INFO
[1.286s] writing dependency_links to ../../../../build/loki_base/loki_base.egg-info/dependency_links.txt
[1.286s] writing entry points to ../../../../build/loki_base/loki_base.egg-info/entry_points.txt
[1.286s] writing requirements to ../../../../build/loki_base/loki_base.egg-info/requires.txt
[1.286s] writing top-level names to ../../../../build/loki_base/loki_base.egg-info/top_level.txt
[1.290s] reading manifest file '../../../../build/loki_base/loki_base.egg-info/SOURCES.txt'
[1.293s] writing manifest file '../../../../build/loki_base/loki_base.egg-info/SOURCES.txt'
[1.293s] running build
[1.293s] running build_py
[1.293s] running install
[1.294s] /usr/lib/python3/dist-packages/setuptools/command/install.py:34: SetuptoolsDeprecationWarning: setup.py install is deprecated. Use build and pip and other standards-based tools.
[1.294s]   warnings.warn(
[1.294s] running install_lib
[1.297s] running install_data
[1.300s] running install_egg_info
[1.306s] removing '/home/odin/Documents/GitHub/saga_repo/install/loki_base/lib/python3.10/site-packages/loki_base-2.0.0-py3.10.egg-info' (and everything under it)
[1.307s] Copying ../../../../build/loki_base/loki_base.egg-info to /home/odin/Documents/GitHub/saga_repo/install/loki_base/lib/python3.10/site-packages/loki_base-2.0.0-py3.10.egg-info
[1.308s] running install_scripts
[1.351s] Installing base_driver script to /home/odin/Documents/GitHub/saga_repo/install/loki_base/lib/loki_base
[1.351s] Installing enlcosure_board_serial script to /home/odin/Documents/GitHub/saga_repo/install/loki_base/lib/loki_base
[1.351s] writing list of installed files to '/home/odin/Documents/GitHub/saga_repo/build/loki_base/install.log'
[1.369s] Invoked command in '/home/odin/Documents/GitHub/saga_repo/ros2_thor/src/loki/loki_base' returned '0': AMENT_PREFIX_PATH=/home/odin/Documents/GitHub/saga_repo/install/loki_can_devices:/home/odin/Documents/GitHub/saga_repo/install/loki_msgs:/home/odin/Documents/GitHub/saga_repo/install/loki_description:${AMENT_PREFIX_PATH} CMAKE_PREFIX_PATH=/home/odin/Documents/GitHub/saga_repo/install/loki_can_devices:/home/odin/Documents/GitHub/saga_repo/install/loki_msgs:/home/odin/Documents/GitHub/saga_repo/install/loki_description LD_LIBRARY_PATH=/home/odin/Documents/GitHub/saga_repo/install/loki_can_devices/lib:/home/odin/Documents/GitHub/saga_repo/install/loki_msgs/lib:${LD_LIBRARY_PATH} PYTHONPATH=/home/odin/Documents/GitHub/saga_repo/build/loki_base/prefix_override:/home/odin/Documents/GitHub/saga_repo/install/loki_base/lib/python3.10/site-packages:/home/odin/Documents/GitHub/saga_repo/install/loki_msgs/local/lib/python3.10/dist-packages:${PYTHONPATH} /usr/bin/python3 setup.py egg_info --egg-base ../../../../build/loki_base build --build-base /home/odin/Documents/GitHub/saga_repo/build/loki_base/build install --record /home/odin/Documents/GitHub/saga_repo/build/loki_base/install.log --single-version-externally-managed
