[0.139s] Invoking command in '/home/loki/Documents/GitHub/saga_repo/build/loki_description': /usr/bin/cmake /home/loki/Documents/GitHub/saga_repo/ros2_thor/src/loki/loki_description -DCMAKE_INSTALL_PREFIX=/home/loki/Documents/GitHub/saga_repo/install/loki_description
[0.296s] -- The C compiler identification is GNU 11.4.0
[0.296s] -- The CXX compiler identification is GNU 11.4.0
[0.296s] -- Detecting C compiler ABI info
[0.341s] -- Detecting C compiler ABI info - done
[0.346s] -- Check for working C compiler: /usr/bin/cc - skipped
[0.346s] -- Detecting C compile features
[0.347s] -- Detecting C compile features - done
[0.351s] -- Detecting CXX compiler ABI info
[0.441s] -- Detecting CXX compiler ABI info - done
[0.461s] -- Check for working CXX compiler: /usr/bin/c++ - skipped
[0.461s] -- Detecting CXX compile features
[0.463s] -- Detecting CXX compile features - done
[0.476s] [31mCMake Error at CMakeLists.txt:5 (find_package):
[0.476s]   By not providing "Findament_cmake.cmake" in CMAKE_MODULE_PATH this project
[0.476s]   has asked CMake to find a package configuration file provided by
[0.476s]   "ament_cmake", but CMake did not find one.
[0.476s] 
[0.476s]   Could not find a package configuration file provided by "ament_cmake" with
[0.476s]   any of the following names:
[0.476s] 
[0.476s]     ament_cmakeConfig.cmake
[0.476s]     ament_cmake-config.cmake
[0.476s] 
[0.476s]   Add the installation prefix of "ament_cmake" to CMAKE_PREFIX_PATH or set
[0.476s]   "ament_cmake_DIR" to a directory containing one of the above files.  If
[0.476s]   "ament_cmake" provides a separate development package or SDK, be sure it
[0.476s]   has been installed.
[0.476s] 
[0.476s] [0m
[0.476s] -- Configuring incomplete, errors occurred!
[0.477s] See also "/home/loki/Documents/GitHub/saga_repo/build/loki_description/CMakeFiles/CMakeOutput.log".
[0.481s] Invoked command in '/home/loki/Documents/GitHub/saga_repo/build/loki_description' returned '1': /usr/bin/cmake /home/loki/Documents/GitHub/saga_repo/ros2_thor/src/loki/loki_description -DCMAKE_INSTALL_PREFIX=/home/loki/Documents/GitHub/saga_repo/install/loki_description
