[0.019s] Invoking command in '/home/cairlab/Documents/GitHub/saga_repo/build/shape_msgs': AMENT_PREFIX_PATH=/home/cairlab/Documents/GitHub/saga_repo/install/geometry_msgs:/home/cairlab/Documents/GitHub/saga_repo/install/std_msgs:${AMENT_PREFIX_PATH} CMAKE_PREFIX_PATH=/home/cairlab/Documents/GitHub/saga_repo/install/geometry_msgs:/home/cairlab/Documents/GitHub/saga_repo/install/std_msgs:/opt/ros/humble LD_LIBRARY_PATH=/home/cairlab/Documents/GitHub/saga_repo/install/geometry_msgs/lib:/home/cairlab/Documents/GitHub/saga_repo/install/std_msgs/lib:${LD_LIBRARY_PATH} PYTHONPATH=/home/cairlab/Documents/GitHub/saga_repo/install/geometry_msgs/local/lib/python3.10/dist-packages:/home/cairlab/Documents/GitHub/saga_repo/install/std_msgs/local/lib/python3.10/dist-packages:${PYTHONPATH} /usr/bin/cmake /home/cairlab/Documents/GitHub/saga_repo/ros2_thor/src/common_interfaces/shape_msgs -DCMAKE_INSTALL_PREFIX=/home/cairlab/Documents/GitHub/saga_repo/install/shape_msgs
[0.072s] -- The C compiler identification is GNU 11.4.0
[0.136s] -- The CXX compiler identification is GNU 11.4.0
[0.146s] -- Detecting C compiler ABI info
[0.214s] -- Detecting C compiler ABI info - done
[0.222s] -- Check for working C compiler: /usr/bin/cc - skipped
[0.222s] -- Detecting C compile features
[0.222s] -- Detecting C compile features - done
[0.225s] -- Detecting CXX compiler ABI info
[0.314s] -- Detecting CXX compiler ABI info - done
[0.326s] -- Check for working CXX compiler: /usr/bin/c++ - skipped
[0.326s] -- Detecting CXX compile features
[0.327s] -- Detecting CXX compile features - done
[0.330s] -- Found ament_cmake: 1.3.5 (/opt/ros/humble/share/ament_cmake/cmake)
[0.764s] -- Found Python3: /usr/bin/python3.10 (found version "3.10.12") found components: Interpreter 
[0.862s] -- Found geometry_msgs: 5.2.0 (/home/cairlab/Documents/GitHub/saga_repo/install/geometry_msgs/share/geometry_msgs/cmake)
[0.916s] -- Found rosidl_generator_c: 3.1.5 (/opt/ros/humble/share/rosidl_generator_c/cmake)
[0.920s] -- Found rosidl_adapter: 3.1.5 (/opt/ros/humble/share/rosidl_adapter/cmake)
[0.928s] -- Found rosidl_generator_cpp: 3.1.5 (/opt/ros/humble/share/rosidl_generator_cpp/cmake)
[0.941s] -- Using all available rosidl_typesupport_c: rosidl_typesupport_fastrtps_c;rosidl_typesupport_introspection_c
[0.959s] -- Using all available rosidl_typesupport_cpp: rosidl_typesupport_fastrtps_cpp;rosidl_typesupport_introspection_cpp
[1.083s] -- Found rosidl_default_generators: 1.2.0 (/opt/ros/humble/share/rosidl_default_generators/cmake)
[1.441s] -- Found ament_cmake_cppcheck: 0.12.7 (/opt/ros/humble/share/ament_cmake_cppcheck/cmake)
[1.444s] -- Found ament_cmake_cpplint: 0.12.7 (/opt/ros/humble/share/ament_cmake_cpplint/cmake)
[1.447s] -- Found ament_cmake_uncrustify: 0.12.7 (/opt/ros/humble/share/ament_cmake_uncrustify/cmake)
[1.451s] -- Found ament_cmake_ros: 0.10.0 (/opt/ros/humble/share/ament_cmake_ros/cmake)
[1.968s] -- Using all available rosidl_typesupport_c: rosidl_typesupport_fastrtps_c;rosidl_typesupport_introspection_c
[2.170s] -- Using all available rosidl_typesupport_cpp: rosidl_typesupport_fastrtps_cpp;rosidl_typesupport_introspection_cpp
[2.204s] -- Found PythonInterp: /usr/bin/python3 (found suitable version "3.10.12", minimum required is "3.6") 
[2.207s] -- Found python_cmake_module: 0.10.0 (/opt/ros/humble/share/python_cmake_module/cmake)
[2.236s] -- Found PythonLibs: /usr/lib/x86_64-linux-gnu/libpython3.10.so (found suitable version "3.10.12", minimum required is "3.5") 
[2.236s] -- Using PYTHON_EXECUTABLE: /usr/bin/python3
[2.236s] -- Using PYTHON_INCLUDE_DIRS: /usr/include/python3.10
[2.236s] -- Using PYTHON_LIBRARIES: /usr/lib/x86_64-linux-gnu/libpython3.10.so
[2.265s] -- Found PythonExtra: .so  
[2.373s] -- Found ament_cmake_flake8: 0.12.7 (/opt/ros/humble/share/ament_cmake_flake8/cmake)
[2.376s] -- Found ament_cmake_pep257: 0.12.7 (/opt/ros/humble/share/ament_cmake_pep257/cmake)
[2.390s] -- Configuring done
[2.447s] -- Generating done
[2.451s] -- Build files have been written to: /home/cairlab/Documents/GitHub/saga_repo/build/shape_msgs
[2.465s] Invoked command in '/home/cairlab/Documents/GitHub/saga_repo/build/shape_msgs' returned '0': AMENT_PREFIX_PATH=/home/cairlab/Documents/GitHub/saga_repo/install/geometry_msgs:/home/cairlab/Documents/GitHub/saga_repo/install/std_msgs:${AMENT_PREFIX_PATH} CMAKE_PREFIX_PATH=/home/cairlab/Documents/GitHub/saga_repo/install/geometry_msgs:/home/cairlab/Documents/GitHub/saga_repo/install/std_msgs:/opt/ros/humble LD_LIBRARY_PATH=/home/cairlab/Documents/GitHub/saga_repo/install/geometry_msgs/lib:/home/cairlab/Documents/GitHub/saga_repo/install/std_msgs/lib:${LD_LIBRARY_PATH} PYTHONPATH=/home/cairlab/Documents/GitHub/saga_repo/install/geometry_msgs/local/lib/python3.10/dist-packages:/home/cairlab/Documents/GitHub/saga_repo/install/std_msgs/local/lib/python3.10/dist-packages:${PYTHONPATH} /usr/bin/cmake /home/cairlab/Documents/GitHub/saga_repo/ros2_thor/src/common_interfaces/shape_msgs -DCMAKE_INSTALL_PREFIX=/home/cairlab/Documents/GitHub/saga_repo/install/shape_msgs
[2.466s] Invoking command in '/home/cairlab/Documents/GitHub/saga_repo/build/shape_msgs': AMENT_PREFIX_PATH=/home/cairlab/Documents/GitHub/saga_repo/install/geometry_msgs:/home/cairlab/Documents/GitHub/saga_repo/install/std_msgs:${AMENT_PREFIX_PATH} CMAKE_PREFIX_PATH=/home/cairlab/Documents/GitHub/saga_repo/install/geometry_msgs:/home/cairlab/Documents/GitHub/saga_repo/install/std_msgs:/opt/ros/humble LD_LIBRARY_PATH=/home/cairlab/Documents/GitHub/saga_repo/install/geometry_msgs/lib:/home/cairlab/Documents/GitHub/saga_repo/install/std_msgs/lib:${LD_LIBRARY_PATH} PYTHONPATH=/home/cairlab/Documents/GitHub/saga_repo/install/geometry_msgs/local/lib/python3.10/dist-packages:/home/cairlab/Documents/GitHub/saga_repo/install/std_msgs/local/lib/python3.10/dist-packages:${PYTHONPATH} /usr/bin/cmake --build /home/cairlab/Documents/GitHub/saga_repo/build/shape_msgs -- -j12 -l12
[2.525s] [  1%] [34m[1mGenerating C code for ROS interfaces[0m
[2.543s] [  3%] [34m[1mGenerating C++ code for ROS interfaces[0m
[2.588s] [  3%] Built target ament_cmake_python_copy_shape_msgs
[3.051s] running egg_info
[3.052s] creating shape_msgs.egg-info
[3.076s] writing shape_msgs.egg-info/PKG-INFO
[3.077s] writing dependency_links to shape_msgs.egg-info/dependency_links.txt
[3.077s] writing top-level names to shape_msgs.egg-info/top_level.txt
[3.077s] writing manifest file 'shape_msgs.egg-info/SOURCES.txt'
[3.153s] reading manifest file 'shape_msgs.egg-info/SOURCES.txt'
[3.154s] writing manifest file 'shape_msgs.egg-info/SOURCES.txt'
[3.239s] [  3%] Built target ament_cmake_python_build_shape_msgs_egg
[3.621s] [  3%] Built target shape_msgs__cpp
[3.643s] [  5%] [34m[1mGenerating C++ type support dispatch for ROS interfaces[0m
[3.663s] [  7%] [34m[1mGenerating C++ type support for eProsima Fast-RTPS[0m
[3.664s] [  9%] [34m[1mGenerating C++ introspection for ROS interfaces[0m
[3.882s] [ 10%] [32mBuilding C object CMakeFiles/shape_msgs__rosidl_generator_c.dir/rosidl_generator_c/shape_msgs/msg/detail/mesh__functions.c.o[0m
[3.920s] [ 12%] [32mBuilding C object CMakeFiles/shape_msgs__rosidl_generator_c.dir/rosidl_generator_c/shape_msgs/msg/detail/plane__functions.c.o[0m
[3.921s] [ 14%] [32mBuilding C object CMakeFiles/shape_msgs__rosidl_generator_c.dir/rosidl_generator_c/shape_msgs/msg/detail/mesh_triangle__functions.c.o[0m
[3.930s] [ 16%] [32mBuilding C object CMakeFiles/shape_msgs__rosidl_generator_c.dir/rosidl_generator_c/shape_msgs/msg/detail/solid_primitive__functions.c.o[0m
[4.165s] [ 18%] [32m[1mLinking C shared library libshape_msgs__rosidl_generator_c.so[0m
[4.342s] [ 18%] Built target shape_msgs__rosidl_generator_c
[4.397s] [ 20%] [34m[1mGenerating C type support for eProsima Fast-RTPS[0m
[4.429s] [ 21%] [34m[1mGenerating C introspection for ROS interfaces[0m
[4.458s] [ 23%] [34m[1mGenerating C type support dispatch for ROS interfaces[0m
[5.257s] [ 25%] [32mBuilding CXX object CMakeFiles/shape_msgs__rosidl_typesupport_introspection_cpp.dir/rosidl_typesupport_introspection_cpp/shape_msgs/msg/detail/mesh_triangle__type_support.cpp.o[0m
[5.270s] [ 27%] [32mBuilding CXX object CMakeFiles/shape_msgs__rosidl_typesupport_introspection_cpp.dir/rosidl_typesupport_introspection_cpp/shape_msgs/msg/detail/plane__type_support.cpp.o[0m
[5.289s] [ 29%] [32mBuilding CXX object CMakeFiles/shape_msgs__rosidl_typesupport_introspection_cpp.dir/rosidl_typesupport_introspection_cpp/shape_msgs/msg/detail/mesh__type_support.cpp.o[0m
[5.321s] [ 30%] [32mBuilding CXX object CMakeFiles/shape_msgs__rosidl_typesupport_introspection_cpp.dir/rosidl_typesupport_introspection_cpp/shape_msgs/msg/detail/solid_primitive__type_support.cpp.o[0m
[5.623s] [ 32%] [32mBuilding CXX object CMakeFiles/shape_msgs__rosidl_typesupport_cpp.dir/rosidl_typesupport_cpp/shape_msgs/msg/mesh__type_support.cpp.o[0m
[5.672s] [ 34%] [32mBuilding CXX object CMakeFiles/shape_msgs__rosidl_typesupport_cpp.dir/rosidl_typesupport_cpp/shape_msgs/msg/mesh_triangle__type_support.cpp.o[0m
[5.730s] [ 36%] [32mBuilding CXX object CMakeFiles/shape_msgs__rosidl_typesupport_cpp.dir/rosidl_typesupport_cpp/shape_msgs/msg/solid_primitive__type_support.cpp.o[0m
[5.743s] [ 38%] [32mBuilding CXX object CMakeFiles/shape_msgs__rosidl_typesupport_cpp.dir/rosidl_typesupport_cpp/shape_msgs/msg/plane__type_support.cpp.o[0m
[6.332s] [ 41%] [32mBuilding CXX object CMakeFiles/shape_msgs__rosidl_typesupport_c.dir/rosidl_typesupport_c/shape_msgs/msg/mesh_triangle__type_support.cpp.o[0m
[6.334s] [ 41%] [32mBuilding CXX object CMakeFiles/shape_msgs__rosidl_typesupport_c.dir/rosidl_typesupport_c/shape_msgs/msg/mesh__type_support.cpp.o[0m
[6.409s] [ 43%] [32mBuilding CXX object CMakeFiles/shape_msgs__rosidl_typesupport_c.dir/rosidl_typesupport_c/shape_msgs/msg/plane__type_support.cpp.o[0m
[6.503s] [ 45%] [32mBuilding CXX object CMakeFiles/shape_msgs__rosidl_typesupport_c.dir/rosidl_typesupport_c/shape_msgs/msg/solid_primitive__type_support.cpp.o[0m
[6.752s] [ 47%] [32m[1mLinking CXX shared library libshape_msgs__rosidl_typesupport_c.so[0m
[6.947s] [ 49%] [32mBuilding CXX object CMakeFiles/shape_msgs__rosidl_typesupport_fastrtps_cpp.dir/rosidl_typesupport_fastrtps_cpp/shape_msgs/msg/detail/dds_fastrtps/mesh__type_support.cpp.o[0m
[6.998s] [ 50%] [32mBuilding CXX object CMakeFiles/shape_msgs__rosidl_typesupport_fastrtps_cpp.dir/rosidl_typesupport_fastrtps_cpp/shape_msgs/msg/detail/dds_fastrtps/mesh_triangle__type_support.cpp.o[0m
[7.045s] [ 52%] [32mBuilding CXX object CMakeFiles/shape_msgs__rosidl_typesupport_fastrtps_cpp.dir/rosidl_typesupport_fastrtps_cpp/shape_msgs/msg/detail/dds_fastrtps/plane__type_support.cpp.o[0m
[7.094s] [ 52%] Built target shape_msgs__rosidl_typesupport_c
[7.171s] [ 54%] [32mBuilding CXX object CMakeFiles/shape_msgs__rosidl_typesupport_fastrtps_cpp.dir/rosidl_typesupport_fastrtps_cpp/shape_msgs/msg/detail/dds_fastrtps/solid_primitive__type_support.cpp.o[0m
[7.522s] [ 56%] [32m[1mLinking CXX shared library libshape_msgs__rosidl_typesupport_cpp.so[0m
[7.844s] [ 56%] Built target shape_msgs__rosidl_typesupport_cpp
[8.140s] [ 58%] [32m[1mLinking CXX shared library libshape_msgs__rosidl_typesupport_introspection_cpp.so[0m
[8.151s] [ 61%] [32mBuilding CXX object CMakeFiles/shape_msgs__rosidl_typesupport_fastrtps_c.dir/rosidl_typesupport_fastrtps_c/shape_msgs/msg/detail/mesh_triangle__type_support_c.cpp.o[0m
[8.152s] [ 60%] [32mBuilding CXX object CMakeFiles/shape_msgs__rosidl_typesupport_fastrtps_c.dir/rosidl_typesupport_fastrtps_c/shape_msgs/msg/detail/mesh__type_support_c.cpp.o[0m
[8.188s] [ 63%] [32mBuilding CXX object CMakeFiles/shape_msgs__rosidl_typesupport_fastrtps_c.dir/rosidl_typesupport_fastrtps_c/shape_msgs/msg/detail/plane__type_support_c.cpp.o[0m
[8.204s] [ 65%] [32mBuilding CXX object CMakeFiles/shape_msgs__rosidl_typesupport_fastrtps_c.dir/rosidl_typesupport_fastrtps_c/shape_msgs/msg/detail/solid_primitive__type_support_c.cpp.o[0m
[8.564s] [ 65%] Built target shape_msgs__rosidl_typesupport_introspection_cpp
[8.740s] [ 67%] [32mBuilding C object CMakeFiles/shape_msgs__rosidl_typesupport_introspection_c.dir/rosidl_typesupport_introspection_c/shape_msgs/msg/detail/mesh__type_support.c.o[0m
[8.768s] [ 69%] [32mBuilding C object CMakeFiles/shape_msgs__rosidl_typesupport_introspection_c.dir/rosidl_typesupport_introspection_c/shape_msgs/msg/detail/plane__type_support.c.o[0m
[8.786s] [ 70%] [32mBuilding C object CMakeFiles/shape_msgs__rosidl_typesupport_introspection_c.dir/rosidl_typesupport_introspection_c/shape_msgs/msg/detail/mesh_triangle__type_support.c.o[0m
[8.896s] [ 72%] [32mBuilding C object CMakeFiles/shape_msgs__rosidl_typesupport_introspection_c.dir/rosidl_typesupport_introspection_c/shape_msgs/msg/detail/solid_primitive__type_support.c.o[0m
[9.142s] [ 74%] [32m[1mLinking C shared library libshape_msgs__rosidl_typesupport_introspection_c.so[0m
[9.255s] [ 74%] Built target shape_msgs__rosidl_typesupport_introspection_c
[10.608s] [ 76%] [32m[1mLinking CXX shared library libshape_msgs__rosidl_typesupport_fastrtps_cpp.so[0m
[10.668s] [ 78%] [32m[1mLinking CXX shared library libshape_msgs__rosidl_typesupport_fastrtps_c.so[0m
[10.837s] [ 78%] Built target shape_msgs__rosidl_typesupport_fastrtps_cpp
[10.903s] [ 78%] Built target shape_msgs__rosidl_typesupport_fastrtps_c
[11.003s] [ 78%] Built target shape_msgs
[11.160s] [ 80%] [34m[1mGenerating Python code for ROS interfaces[0m
[13.789s] [ 80%] Built target shape_msgs__py
[13.826s] [ 81%] [32mBuilding C object CMakeFiles/shape_msgs__rosidl_generator_py.dir/rosidl_generator_py/shape_msgs/msg/_mesh_s.c.o[0m
[13.826s] [ 85%] [32mBuilding C object CMakeFiles/shape_msgs__rosidl_generator_py.dir/rosidl_generator_py/shape_msgs/msg/_plane_s.c.o[0m
[13.827s] [ 85%] [32mBuilding C object CMakeFiles/shape_msgs__rosidl_generator_py.dir/rosidl_generator_py/shape_msgs/msg/_mesh_triangle_s.c.o[0m
[13.832s] [ 87%] [32mBuilding C object CMakeFiles/shape_msgs__rosidl_generator_py.dir/rosidl_generator_py/shape_msgs/msg/_solid_primitive_s.c.o[0m
[14.037s] [ 89%] [32m[1mLinking C shared library rosidl_generator_py/shape_msgs/libshape_msgs__rosidl_generator_py.so[0m
[14.105s] [ 89%] Built target shape_msgs__rosidl_generator_py
[14.132s] [ 94%] [32mBuilding C object CMakeFiles/shape_msgs__rosidl_typesupport_fastrtps_c__pyext.dir/rosidl_generator_py/shape_msgs/_shape_msgs_s.ep.rosidl_typesupport_fastrtps_c.c.o[0m
[14.133s] [ 94%] [32mBuilding C object CMakeFiles/shape_msgs__rosidl_typesupport_introspection_c__pyext.dir/rosidl_generator_py/shape_msgs/_shape_msgs_s.ep.rosidl_typesupport_introspection_c.c.o[0m
[14.133s] [ 94%] [32mBuilding C object CMakeFiles/shape_msgs__rosidl_typesupport_c__pyext.dir/rosidl_generator_py/shape_msgs/_shape_msgs_s.ep.rosidl_typesupport_c.c.o[0m
[14.299s] [ 96%] [32m[1mLinking C shared library rosidl_generator_py/shape_msgs/shape_msgs_s__rosidl_typesupport_fastrtps_c.cpython-310-x86_64-linux-gnu.so[0m
[14.313s] [ 98%] [32m[1mLinking C shared library rosidl_generator_py/shape_msgs/shape_msgs_s__rosidl_typesupport_introspection_c.cpython-310-x86_64-linux-gnu.so[0m
[14.314s] [100%] [32m[1mLinking C shared library rosidl_generator_py/shape_msgs/shape_msgs_s__rosidl_typesupport_c.cpython-310-x86_64-linux-gnu.so[0m
[14.364s] [100%] Built target shape_msgs__rosidl_typesupport_fastrtps_c__pyext
[14.378s] [100%] Built target shape_msgs__rosidl_typesupport_introspection_c__pyext
[14.378s] [100%] Built target shape_msgs__rosidl_typesupport_c__pyext
[14.399s] Invoked command in '/home/cairlab/Documents/GitHub/saga_repo/build/shape_msgs' returned '0': AMENT_PREFIX_PATH=/home/cairlab/Documents/GitHub/saga_repo/install/geometry_msgs:/home/cairlab/Documents/GitHub/saga_repo/install/std_msgs:${AMENT_PREFIX_PATH} CMAKE_PREFIX_PATH=/home/cairlab/Documents/GitHub/saga_repo/install/geometry_msgs:/home/cairlab/Documents/GitHub/saga_repo/install/std_msgs:/opt/ros/humble LD_LIBRARY_PATH=/home/cairlab/Documents/GitHub/saga_repo/install/geometry_msgs/lib:/home/cairlab/Documents/GitHub/saga_repo/install/std_msgs/lib:${LD_LIBRARY_PATH} PYTHONPATH=/home/cairlab/Documents/GitHub/saga_repo/install/geometry_msgs/local/lib/python3.10/dist-packages:/home/cairlab/Documents/GitHub/saga_repo/install/std_msgs/local/lib/python3.10/dist-packages:${PYTHONPATH} /usr/bin/cmake --build /home/cairlab/Documents/GitHub/saga_repo/build/shape_msgs -- -j12 -l12
[14.519s] Invoking command in '/home/cairlab/Documents/GitHub/saga_repo/build/shape_msgs': AMENT_PREFIX_PATH=/home/cairlab/Documents/GitHub/saga_repo/install/geometry_msgs:/home/cairlab/Documents/GitHub/saga_repo/install/std_msgs:${AMENT_PREFIX_PATH} CMAKE_PREFIX_PATH=/home/cairlab/Documents/GitHub/saga_repo/install/geometry_msgs:/home/cairlab/Documents/GitHub/saga_repo/install/std_msgs:/opt/ros/humble LD_LIBRARY_PATH=/home/cairlab/Documents/GitHub/saga_repo/install/geometry_msgs/lib:/home/cairlab/Documents/GitHub/saga_repo/install/std_msgs/lib:${LD_LIBRARY_PATH} PYTHONPATH=/home/cairlab/Documents/GitHub/saga_repo/install/geometry_msgs/local/lib/python3.10/dist-packages:/home/cairlab/Documents/GitHub/saga_repo/install/std_msgs/local/lib/python3.10/dist-packages:${PYTHONPATH} /usr/bin/cmake --install /home/cairlab/Documents/GitHub/saga_repo/build/shape_msgs
[14.526s] -- Install configuration: ""
[14.526s] -- Installing: /home/cairlab/Documents/GitHub/saga_repo/install/shape_msgs/share/ament_index/resource_index/rosidl_interfaces/shape_msgs
[14.526s] -- Installing: /home/cairlab/Documents/GitHub/saga_repo/install/shape_msgs/include/shape_msgs/shape_msgs
[14.526s] -- Installing: /home/cairlab/Documents/GitHub/saga_repo/install/shape_msgs/include/shape_msgs/shape_msgs/msg
[14.527s] -- Installing: /home/cairlab/Documents/GitHub/saga_repo/install/shape_msgs/include/shape_msgs/shape_msgs/msg/mesh_triangle.h
[14.527s] -- Installing: /home/cairlab/Documents/GitHub/saga_repo/install/shape_msgs/include/shape_msgs/shape_msgs/msg/solid_primitive.h
[14.527s] -- Installing: /home/cairlab/Documents/GitHub/saga_repo/install/shape_msgs/include/shape_msgs/shape_msgs/msg/rosidl_generator_c__visibility_control.h
[14.527s] -- Installing: /home/cairlab/Documents/GitHub/saga_repo/install/shape_msgs/include/shape_msgs/shape_msgs/msg/mesh.h
[14.527s] -- Installing: /home/cairlab/Documents/GitHub/saga_repo/install/shape_msgs/include/shape_msgs/shape_msgs/msg/detail
[14.528s] -- Installing: /home/cairlab/Documents/GitHub/saga_repo/install/shape_msgs/include/shape_msgs/shape_msgs/msg/detail/plane__type_support.h
[14.528s] -- Installing: /home/cairlab/Documents/GitHub/saga_repo/install/shape_msgs/include/shape_msgs/shape_msgs/msg/detail/mesh__functions.c
[14.528s] -- Installing: /home/cairlab/Documents/GitHub/saga_repo/install/shape_msgs/include/shape_msgs/shape_msgs/msg/detail/solid_primitive__functions.c
[14.528s] -- Installing: /home/cairlab/Documents/GitHub/saga_repo/install/shape_msgs/include/shape_msgs/shape_msgs/msg/detail/solid_primitive__struct.h
[14.528s] -- Installing: /home/cairlab/Documents/GitHub/saga_repo/install/shape_msgs/include/shape_msgs/shape_msgs/msg/detail/mesh__functions.h
[14.528s] -- Installing: /home/cairlab/Documents/GitHub/saga_repo/install/shape_msgs/include/shape_msgs/shape_msgs/msg/detail/mesh_triangle__struct.h
[14.528s] -- Installing: /home/cairlab/Documents/GitHub/saga_repo/install/shape_msgs/include/shape_msgs/shape_msgs/msg/detail/mesh_triangle__type_support.h
[14.529s] -- Installing: /home/cairlab/Documents/GitHub/saga_repo/install/shape_msgs/include/shape_msgs/shape_msgs/msg/detail/plane__functions.h
[14.529s] -- Installing: /home/cairlab/Documents/GitHub/saga_repo/install/shape_msgs/include/shape_msgs/shape_msgs/msg/detail/mesh__struct.h
[14.529s] -- Installing: /home/cairlab/Documents/GitHub/saga_repo/install/shape_msgs/include/shape_msgs/shape_msgs/msg/detail/solid_primitive__type_support.h
[14.529s] -- Installing: /home/cairlab/Documents/GitHub/saga_repo/install/shape_msgs/include/shape_msgs/shape_msgs/msg/detail/mesh__type_support.h
[14.529s] -- Installing: /home/cairlab/Documents/GitHub/saga_repo/install/shape_msgs/include/shape_msgs/shape_msgs/msg/detail/mesh_triangle__functions.c
[14.529s] -- Installing: /home/cairlab/Documents/GitHub/saga_repo/install/shape_msgs/include/shape_msgs/shape_msgs/msg/detail/mesh_triangle__functions.h
[14.530s] -- Installing: /home/cairlab/Documents/GitHub/saga_repo/install/shape_msgs/include/shape_msgs/shape_msgs/msg/detail/solid_primitive__functions.h
[14.530s] -- Installing: /home/cairlab/Documents/GitHub/saga_repo/install/shape_msgs/include/shape_msgs/shape_msgs/msg/detail/plane__functions.c
[14.530s] -- Installing: /home/cairlab/Documents/GitHub/saga_repo/install/shape_msgs/include/shape_msgs/shape_msgs/msg/detail/plane__struct.h
[14.530s] -- Installing: /home/cairlab/Documents/GitHub/saga_repo/install/shape_msgs/include/shape_msgs/shape_msgs/msg/plane.h
[14.530s] -- Installing: /home/cairlab/Documents/GitHub/saga_repo/install/shape_msgs/share/shape_msgs/environment/library_path.sh
[14.530s] -- Installing: /home/cairlab/Documents/GitHub/saga_repo/install/shape_msgs/share/shape_msgs/environment/library_path.dsv
[14.530s] -- Installing: /home/cairlab/Documents/GitHub/saga_repo/install/shape_msgs/lib/libshape_msgs__rosidl_generator_c.so
[14.532s] -- Set runtime path of "/home/cairlab/Documents/GitHub/saga_repo/install/shape_msgs/lib/libshape_msgs__rosidl_generator_c.so" to ""
[14.532s] -- Up-to-date: /home/cairlab/Documents/GitHub/saga_repo/install/shape_msgs/include/shape_msgs/shape_msgs
[14.532s] -- Up-to-date: /home/cairlab/Documents/GitHub/saga_repo/install/shape_msgs/include/shape_msgs/shape_msgs/msg
[14.532s] -- Installing: /home/cairlab/Documents/GitHub/saga_repo/install/shape_msgs/include/shape_msgs/shape_msgs/msg/rosidl_typesupport_fastrtps_c__visibility_control.h
[14.533s] -- Up-to-date: /home/cairlab/Documents/GitHub/saga_repo/install/shape_msgs/include/shape_msgs/shape_msgs/msg/detail
[14.533s] -- Installing: /home/cairlab/Documents/GitHub/saga_repo/install/shape_msgs/include/shape_msgs/shape_msgs/msg/detail/mesh_triangle__rosidl_typesupport_fastrtps_c.h
[14.533s] -- Installing: /home/cairlab/Documents/GitHub/saga_repo/install/shape_msgs/include/shape_msgs/shape_msgs/msg/detail/mesh__rosidl_typesupport_fastrtps_c.h
[14.533s] -- Installing: /home/cairlab/Documents/GitHub/saga_repo/install/shape_msgs/include/shape_msgs/shape_msgs/msg/detail/plane__rosidl_typesupport_fastrtps_c.h
[14.533s] -- Installing: /home/cairlab/Documents/GitHub/saga_repo/install/shape_msgs/include/shape_msgs/shape_msgs/msg/detail/solid_primitive__rosidl_typesupport_fastrtps_c.h
[14.533s] -- Installing: /home/cairlab/Documents/GitHub/saga_repo/install/shape_msgs/lib/libshape_msgs__rosidl_typesupport_fastrtps_c.so
[14.534s] -- Set runtime path of "/home/cairlab/Documents/GitHub/saga_repo/install/shape_msgs/lib/libshape_msgs__rosidl_typesupport_fastrtps_c.so" to ""
[14.534s] -- Up-to-date: /home/cairlab/Documents/GitHub/saga_repo/install/shape_msgs/include/shape_msgs/shape_msgs
[14.534s] -- Up-to-date: /home/cairlab/Documents/GitHub/saga_repo/install/shape_msgs/include/shape_msgs/shape_msgs/msg
[14.534s] -- Installing: /home/cairlab/Documents/GitHub/saga_repo/install/shape_msgs/include/shape_msgs/shape_msgs/msg/mesh_triangle.hpp
[14.534s] -- Installing: /home/cairlab/Documents/GitHub/saga_repo/install/shape_msgs/include/shape_msgs/shape_msgs/msg/plane.hpp
[14.534s] -- Installing: /home/cairlab/Documents/GitHub/saga_repo/install/shape_msgs/include/shape_msgs/shape_msgs/msg/mesh.hpp
[14.534s] -- Installing: /home/cairlab/Documents/GitHub/saga_repo/install/shape_msgs/include/shape_msgs/shape_msgs/msg/solid_primitive.hpp
[14.534s] -- Up-to-date: /home/cairlab/Documents/GitHub/saga_repo/install/shape_msgs/include/shape_msgs/shape_msgs/msg/detail
[14.534s] -- Installing: /home/cairlab/Documents/GitHub/saga_repo/install/shape_msgs/include/shape_msgs/shape_msgs/msg/detail/mesh_triangle__struct.hpp
[14.534s] -- Installing: /home/cairlab/Documents/GitHub/saga_repo/install/shape_msgs/include/shape_msgs/shape_msgs/msg/detail/solid_primitive__builder.hpp
[14.535s] -- Installing: /home/cairlab/Documents/GitHub/saga_repo/install/shape_msgs/include/shape_msgs/shape_msgs/msg/detail/mesh__builder.hpp
[14.535s] -- Installing: /home/cairlab/Documents/GitHub/saga_repo/install/shape_msgs/include/shape_msgs/shape_msgs/msg/detail/mesh__struct.hpp
[14.536s] -- Installing: /home/cairlab/Documents/GitHub/saga_repo/install/shape_msgs/include/shape_msgs/shape_msgs/msg/detail/plane__traits.hpp
[14.537s] -- Installing: /home/cairlab/Documents/GitHub/saga_repo/install/shape_msgs/include/shape_msgs/shape_msgs/msg/detail/plane__struct.hpp
[14.537s] -- Installing: /home/cairlab/Documents/GitHub/saga_repo/install/shape_msgs/include/shape_msgs/shape_msgs/msg/detail/solid_primitive__struct.hpp
[14.537s] -- Installing: /home/cairlab/Documents/GitHub/saga_repo/install/shape_msgs/include/shape_msgs/shape_msgs/msg/detail/mesh_triangle__traits.hpp
[14.537s] -- Installing: /home/cairlab/Documents/GitHub/saga_repo/install/shape_msgs/include/shape_msgs/shape_msgs/msg/detail/mesh_triangle__builder.hpp
[14.537s] -- Installing: /home/cairlab/Documents/GitHub/saga_repo/install/shape_msgs/include/shape_msgs/shape_msgs/msg/detail/solid_primitive__traits.hpp
[14.537s] -- Installing: /home/cairlab/Documents/GitHub/saga_repo/install/shape_msgs/include/shape_msgs/shape_msgs/msg/detail/mesh__traits.hpp
[14.538s] -- Installing: /home/cairlab/Documents/GitHub/saga_repo/install/shape_msgs/include/shape_msgs/shape_msgs/msg/detail/plane__builder.hpp
[14.538s] -- Up-to-date: /home/cairlab/Documents/GitHub/saga_repo/install/shape_msgs/include/shape_msgs/shape_msgs
[14.538s] -- Up-to-date: /home/cairlab/Documents/GitHub/saga_repo/install/shape_msgs/include/shape_msgs/shape_msgs/msg
[14.538s] -- Installing: /home/cairlab/Documents/GitHub/saga_repo/install/shape_msgs/include/shape_msgs/shape_msgs/msg/rosidl_typesupport_fastrtps_cpp__visibility_control.h
[14.538s] -- Up-to-date: /home/cairlab/Documents/GitHub/saga_repo/install/shape_msgs/include/shape_msgs/shape_msgs/msg/detail
[14.538s] -- Installing: /home/cairlab/Documents/GitHub/saga_repo/install/shape_msgs/include/shape_msgs/shape_msgs/msg/detail/plane__rosidl_typesupport_fastrtps_cpp.hpp
[14.538s] -- Installing: /home/cairlab/Documents/GitHub/saga_repo/install/shape_msgs/include/shape_msgs/shape_msgs/msg/detail/mesh_triangle__rosidl_typesupport_fastrtps_cpp.hpp
[14.538s] -- Installing: /home/cairlab/Documents/GitHub/saga_repo/install/shape_msgs/include/shape_msgs/shape_msgs/msg/detail/solid_primitive__rosidl_typesupport_fastrtps_cpp.hpp
[14.538s] -- Installing: /home/cairlab/Documents/GitHub/saga_repo/install/shape_msgs/include/shape_msgs/shape_msgs/msg/detail/mesh__rosidl_typesupport_fastrtps_cpp.hpp
[14.539s] -- Installing: /home/cairlab/Documents/GitHub/saga_repo/install/shape_msgs/include/shape_msgs/shape_msgs/msg/detail/dds_fastrtps
[14.539s] -- Installing: /home/cairlab/Documents/GitHub/saga_repo/install/shape_msgs/lib/libshape_msgs__rosidl_typesupport_fastrtps_cpp.so
[14.539s] -- Set runtime path of "/home/cairlab/Documents/GitHub/saga_repo/install/shape_msgs/lib/libshape_msgs__rosidl_typesupport_fastrtps_cpp.so" to ""
[14.539s] -- Up-to-date: /home/cairlab/Documents/GitHub/saga_repo/install/shape_msgs/include/shape_msgs/shape_msgs
[14.539s] -- Up-to-date: /home/cairlab/Documents/GitHub/saga_repo/install/shape_msgs/include/shape_msgs/shape_msgs/msg
[14.539s] -- Installing: /home/cairlab/Documents/GitHub/saga_repo/install/shape_msgs/include/shape_msgs/shape_msgs/msg/rosidl_typesupport_introspection_c__visibility_control.h
[14.539s] -- Up-to-date: /home/cairlab/Documents/GitHub/saga_repo/install/shape_msgs/include/shape_msgs/shape_msgs/msg/detail
[14.539s] -- Installing: /home/cairlab/Documents/GitHub/saga_repo/install/shape_msgs/include/shape_msgs/shape_msgs/msg/detail/mesh__type_support.c
[14.540s] -- Installing: /home/cairlab/Documents/GitHub/saga_repo/install/shape_msgs/include/shape_msgs/shape_msgs/msg/detail/mesh__rosidl_typesupport_introspection_c.h
[14.540s] -- Installing: /home/cairlab/Documents/GitHub/saga_repo/install/shape_msgs/include/shape_msgs/shape_msgs/msg/detail/plane__rosidl_typesupport_introspection_c.h
[14.540s] -- Installing: /home/cairlab/Documents/GitHub/saga_repo/install/shape_msgs/include/shape_msgs/shape_msgs/msg/detail/solid_primitive__type_support.c
[14.540s] -- Installing: /home/cairlab/Documents/GitHub/saga_repo/install/shape_msgs/include/shape_msgs/shape_msgs/msg/detail/plane__type_support.c
[14.540s] -- Installing: /home/cairlab/Documents/GitHub/saga_repo/install/shape_msgs/include/shape_msgs/shape_msgs/msg/detail/mesh_triangle__rosidl_typesupport_introspection_c.h
[14.540s] -- Installing: /home/cairlab/Documents/GitHub/saga_repo/install/shape_msgs/include/shape_msgs/shape_msgs/msg/detail/mesh_triangle__type_support.c
[14.540s] -- Installing: /home/cairlab/Documents/GitHub/saga_repo/install/shape_msgs/include/shape_msgs/shape_msgs/msg/detail/solid_primitive__rosidl_typesupport_introspection_c.h
[14.540s] -- Installing: /home/cairlab/Documents/GitHub/saga_repo/install/shape_msgs/lib/libshape_msgs__rosidl_typesupport_introspection_c.so
[14.541s] -- Set runtime path of "/home/cairlab/Documents/GitHub/saga_repo/install/shape_msgs/lib/libshape_msgs__rosidl_typesupport_introspection_c.so" to ""
[14.541s] -- Installing: /home/cairlab/Documents/GitHub/saga_repo/install/shape_msgs/lib/libshape_msgs__rosidl_typesupport_c.so
[14.541s] -- Set runtime path of "/home/cairlab/Documents/GitHub/saga_repo/install/shape_msgs/lib/libshape_msgs__rosidl_typesupport_c.so" to ""
[14.542s] -- Up-to-date: /home/cairlab/Documents/GitHub/saga_repo/install/shape_msgs/include/shape_msgs/shape_msgs
[14.542s] -- Up-to-date: /home/cairlab/Documents/GitHub/saga_repo/install/shape_msgs/include/shape_msgs/shape_msgs/msg
[14.542s] -- Up-to-date: /home/cairlab/Documents/GitHub/saga_repo/install/shape_msgs/include/shape_msgs/shape_msgs/msg/detail
[14.542s] -- Installing: /home/cairlab/Documents/GitHub/saga_repo/install/shape_msgs/include/shape_msgs/shape_msgs/msg/detail/mesh_triangle__type_support.cpp
[14.542s] -- Installing: /home/cairlab/Documents/GitHub/saga_repo/install/shape_msgs/include/shape_msgs/shape_msgs/msg/detail/solid_primitive__type_support.cpp
[14.547s] -- Installing: /home/cairlab/Documents/GitHub/saga_repo/install/shape_msgs/include/shape_msgs/shape_msgs/msg/detail/mesh__rosidl_typesupport_introspection_cpp.hpp
[14.547s] -- Installing: /home/cairlab/Documents/GitHub/saga_repo/install/shape_msgs/include/shape_msgs/shape_msgs/msg/detail/plane__rosidl_typesupport_introspection_cpp.hpp
[14.548s] -- Installing: /home/cairlab/Documents/GitHub/saga_repo/install/shape_msgs/include/shape_msgs/shape_msgs/msg/detail/mesh__type_support.cpp
[14.548s] -- Installing: /home/cairlab/Documents/GitHub/saga_repo/install/shape_msgs/include/shape_msgs/shape_msgs/msg/detail/solid_primitive__rosidl_typesupport_introspection_cpp.hpp
[14.548s] -- Installing: /home/cairlab/Documents/GitHub/saga_repo/install/shape_msgs/include/shape_msgs/shape_msgs/msg/detail/plane__type_support.cpp
[14.548s] -- Installing: /home/cairlab/Documents/GitHub/saga_repo/install/shape_msgs/include/shape_msgs/shape_msgs/msg/detail/mesh_triangle__rosidl_typesupport_introspection_cpp.hpp
[14.548s] -- Installing: /home/cairlab/Documents/GitHub/saga_repo/install/shape_msgs/lib/libshape_msgs__rosidl_typesupport_introspection_cpp.so
[14.548s] -- Set runtime path of "/home/cairlab/Documents/GitHub/saga_repo/install/shape_msgs/lib/libshape_msgs__rosidl_typesupport_introspection_cpp.so" to ""
[14.548s] -- Installing: /home/cairlab/Documents/GitHub/saga_repo/install/shape_msgs/lib/libshape_msgs__rosidl_typesupport_cpp.so
[14.548s] -- Set runtime path of "/home/cairlab/Documents/GitHub/saga_repo/install/shape_msgs/lib/libshape_msgs__rosidl_typesupport_cpp.so" to ""
[14.549s] -- Installing: /home/cairlab/Documents/GitHub/saga_repo/install/shape_msgs/share/shape_msgs/environment/pythonpath.sh
[14.549s] -- Installing: /home/cairlab/Documents/GitHub/saga_repo/install/shape_msgs/share/shape_msgs/environment/pythonpath.dsv
[14.549s] -- Installing: /home/cairlab/Documents/GitHub/saga_repo/install/shape_msgs/local/lib/python3.10/dist-packages/shape_msgs-5.2.0-py3.10.egg-info
[14.549s] -- Installing: /home/cairlab/Documents/GitHub/saga_repo/install/shape_msgs/local/lib/python3.10/dist-packages/shape_msgs-5.2.0-py3.10.egg-info/dependency_links.txt
[14.549s] -- Installing: /home/cairlab/Documents/GitHub/saga_repo/install/shape_msgs/local/lib/python3.10/dist-packages/shape_msgs-5.2.0-py3.10.egg-info/PKG-INFO
[14.549s] -- Installing: /home/cairlab/Documents/GitHub/saga_repo/install/shape_msgs/local/lib/python3.10/dist-packages/shape_msgs-5.2.0-py3.10.egg-info/SOURCES.txt
[14.549s] -- Installing: /home/cairlab/Documents/GitHub/saga_repo/install/shape_msgs/local/lib/python3.10/dist-packages/shape_msgs-5.2.0-py3.10.egg-info/top_level.txt
[14.549s] -- Installing: /home/cairlab/Documents/GitHub/saga_repo/install/shape_msgs/local/lib/python3.10/dist-packages/shape_msgs
[14.549s] -- Installing: /home/cairlab/Documents/GitHub/saga_repo/install/shape_msgs/local/lib/python3.10/dist-packages/shape_msgs/_shape_msgs_s.ep.rosidl_typesupport_c.c
[14.550s] -- Installing: /home/cairlab/Documents/GitHub/saga_repo/install/shape_msgs/local/lib/python3.10/dist-packages/shape_msgs/shape_msgs_s__rosidl_typesupport_fastrtps_c.cpython-310-x86_64-linux-gnu.so
[14.550s] -- Installing: /home/cairlab/Documents/GitHub/saga_repo/install/shape_msgs/local/lib/python3.10/dist-packages/shape_msgs/_shape_msgs_s.ep.rosidl_typesupport_introspection_c.c
[14.550s] -- Installing: /home/cairlab/Documents/GitHub/saga_repo/install/shape_msgs/local/lib/python3.10/dist-packages/shape_msgs/_shape_msgs_s.ep.rosidl_typesupport_fastrtps_c.c
[14.550s] -- Installing: /home/cairlab/Documents/GitHub/saga_repo/install/shape_msgs/local/lib/python3.10/dist-packages/shape_msgs/__init__.py
[14.550s] -- Installing: /home/cairlab/Documents/GitHub/saga_repo/install/shape_msgs/local/lib/python3.10/dist-packages/shape_msgs/libshape_msgs__rosidl_generator_py.so
[14.550s] -- Installing: /home/cairlab/Documents/GitHub/saga_repo/install/shape_msgs/local/lib/python3.10/dist-packages/shape_msgs/shape_msgs_s__rosidl_typesupport_introspection_c.cpython-310-x86_64-linux-gnu.so
[14.550s] -- Installing: /home/cairlab/Documents/GitHub/saga_repo/install/shape_msgs/local/lib/python3.10/dist-packages/shape_msgs/msg
[14.550s] -- Installing: /home/cairlab/Documents/GitHub/saga_repo/install/shape_msgs/local/lib/python3.10/dist-packages/shape_msgs/msg/_mesh_triangle.py
[14.550s] -- Installing: /home/cairlab/Documents/GitHub/saga_repo/install/shape_msgs/local/lib/python3.10/dist-packages/shape_msgs/msg/_mesh_triangle_s.c
[14.550s] -- Installing: /home/cairlab/Documents/GitHub/saga_repo/install/shape_msgs/local/lib/python3.10/dist-packages/shape_msgs/msg/_solid_primitive.py
[14.550s] -- Installing: /home/cairlab/Documents/GitHub/saga_repo/install/shape_msgs/local/lib/python3.10/dist-packages/shape_msgs/msg/_plane.py
[14.550s] -- Installing: /home/cairlab/Documents/GitHub/saga_repo/install/shape_msgs/local/lib/python3.10/dist-packages/shape_msgs/msg/_mesh.py
[14.551s] -- Installing: /home/cairlab/Documents/GitHub/saga_repo/install/shape_msgs/local/lib/python3.10/dist-packages/shape_msgs/msg/_plane_s.c
[14.551s] -- Installing: /home/cairlab/Documents/GitHub/saga_repo/install/shape_msgs/local/lib/python3.10/dist-packages/shape_msgs/msg/__init__.py
[14.551s] -- Installing: /home/cairlab/Documents/GitHub/saga_repo/install/shape_msgs/local/lib/python3.10/dist-packages/shape_msgs/msg/_solid_primitive_s.c
[14.551s] -- Installing: /home/cairlab/Documents/GitHub/saga_repo/install/shape_msgs/local/lib/python3.10/dist-packages/shape_msgs/msg/_mesh_s.c
[14.551s] -- Installing: /home/cairlab/Documents/GitHub/saga_repo/install/shape_msgs/local/lib/python3.10/dist-packages/shape_msgs/shape_msgs_s__rosidl_typesupport_c.cpython-310-x86_64-linux-gnu.so
[14.590s] Listing '/home/cairlab/Documents/GitHub/saga_repo/install/shape_msgs/local/lib/python3.10/dist-packages/shape_msgs'...
[14.590s] Compiling '/home/cairlab/Documents/GitHub/saga_repo/install/shape_msgs/local/lib/python3.10/dist-packages/shape_msgs/__init__.py'...
[14.590s] Listing '/home/cairlab/Documents/GitHub/saga_repo/install/shape_msgs/local/lib/python3.10/dist-packages/shape_msgs/msg'...
[14.591s] Compiling '/home/cairlab/Documents/GitHub/saga_repo/install/shape_msgs/local/lib/python3.10/dist-packages/shape_msgs/msg/__init__.py'...
[14.591s] Compiling '/home/cairlab/Documents/GitHub/saga_repo/install/shape_msgs/local/lib/python3.10/dist-packages/shape_msgs/msg/_mesh.py'...
[14.591s] Compiling '/home/cairlab/Documents/GitHub/saga_repo/install/shape_msgs/local/lib/python3.10/dist-packages/shape_msgs/msg/_mesh_triangle.py'...
[14.591s] Compiling '/home/cairlab/Documents/GitHub/saga_repo/install/shape_msgs/local/lib/python3.10/dist-packages/shape_msgs/msg/_plane.py'...
[14.591s] Compiling '/home/cairlab/Documents/GitHub/saga_repo/install/shape_msgs/local/lib/python3.10/dist-packages/shape_msgs/msg/_solid_primitive.py'...
[14.595s] -- Installing: /home/cairlab/Documents/GitHub/saga_repo/install/shape_msgs/local/lib/python3.10/dist-packages/shape_msgs/shape_msgs_s__rosidl_typesupport_fastrtps_c.cpython-310-x86_64-linux-gnu.so
[14.595s] -- Set runtime path of "/home/cairlab/Documents/GitHub/saga_repo/install/shape_msgs/local/lib/python3.10/dist-packages/shape_msgs/shape_msgs_s__rosidl_typesupport_fastrtps_c.cpython-310-x86_64-linux-gnu.so" to ""
[14.595s] -- Installing: /home/cairlab/Documents/GitHub/saga_repo/install/shape_msgs/local/lib/python3.10/dist-packages/shape_msgs/shape_msgs_s__rosidl_typesupport_introspection_c.cpython-310-x86_64-linux-gnu.so
[14.596s] -- Set runtime path of "/home/cairlab/Documents/GitHub/saga_repo/install/shape_msgs/local/lib/python3.10/dist-packages/shape_msgs/shape_msgs_s__rosidl_typesupport_introspection_c.cpython-310-x86_64-linux-gnu.so" to ""
[14.596s] -- Installing: /home/cairlab/Documents/GitHub/saga_repo/install/shape_msgs/local/lib/python3.10/dist-packages/shape_msgs/shape_msgs_s__rosidl_typesupport_c.cpython-310-x86_64-linux-gnu.so
[14.596s] -- Set runtime path of "/home/cairlab/Documents/GitHub/saga_repo/install/shape_msgs/local/lib/python3.10/dist-packages/shape_msgs/shape_msgs_s__rosidl_typesupport_c.cpython-310-x86_64-linux-gnu.so" to ""
[14.597s] -- Installing: /home/cairlab/Documents/GitHub/saga_repo/install/shape_msgs/lib/libshape_msgs__rosidl_generator_py.so
[14.597s] -- Set runtime path of "/home/cairlab/Documents/GitHub/saga_repo/install/shape_msgs/lib/libshape_msgs__rosidl_generator_py.so" to ""
[14.597s] -- Installing: /home/cairlab/Documents/GitHub/saga_repo/install/shape_msgs/share/shape_msgs/msg/Mesh.idl
[14.597s] -- Installing: /home/cairlab/Documents/GitHub/saga_repo/install/shape_msgs/share/shape_msgs/msg/MeshTriangle.idl
[14.598s] -- Installing: /home/cairlab/Documents/GitHub/saga_repo/install/shape_msgs/share/shape_msgs/msg/Plane.idl
[14.598s] -- Installing: /home/cairlab/Documents/GitHub/saga_repo/install/shape_msgs/share/shape_msgs/msg/SolidPrimitive.idl
[14.598s] -- Installing: /home/cairlab/Documents/GitHub/saga_repo/install/shape_msgs/share/shape_msgs/msg/Mesh.msg
[14.598s] -- Installing: /home/cairlab/Documents/GitHub/saga_repo/install/shape_msgs/share/shape_msgs/msg/MeshTriangle.msg
[14.598s] -- Installing: /home/cairlab/Documents/GitHub/saga_repo/install/shape_msgs/share/shape_msgs/msg/Plane.msg
[14.598s] -- Installing: /home/cairlab/Documents/GitHub/saga_repo/install/shape_msgs/share/shape_msgs/msg/SolidPrimitive.msg
[14.599s] -- Installing: /home/cairlab/Documents/GitHub/saga_repo/install/shape_msgs/share/ament_index/resource_index/package_run_dependencies/shape_msgs
[14.599s] -- Installing: /home/cairlab/Documents/GitHub/saga_repo/install/shape_msgs/share/ament_index/resource_index/parent_prefix_path/shape_msgs
[14.599s] -- Installing: /home/cairlab/Documents/GitHub/saga_repo/install/shape_msgs/share/shape_msgs/environment/ament_prefix_path.sh
[14.599s] -- Installing: /home/cairlab/Documents/GitHub/saga_repo/install/shape_msgs/share/shape_msgs/environment/ament_prefix_path.dsv
[14.600s] -- Installing: /home/cairlab/Documents/GitHub/saga_repo/install/shape_msgs/share/shape_msgs/environment/path.sh
[14.600s] -- Installing: /home/cairlab/Documents/GitHub/saga_repo/install/shape_msgs/share/shape_msgs/environment/path.dsv
[14.600s] -- Installing: /home/cairlab/Documents/GitHub/saga_repo/install/shape_msgs/share/shape_msgs/local_setup.bash
[14.600s] -- Installing: /home/cairlab/Documents/GitHub/saga_repo/install/shape_msgs/share/shape_msgs/local_setup.sh
[14.600s] -- Installing: /home/cairlab/Documents/GitHub/saga_repo/install/shape_msgs/share/shape_msgs/local_setup.zsh
[14.600s] -- Installing: /home/cairlab/Documents/GitHub/saga_repo/install/shape_msgs/share/shape_msgs/local_setup.dsv
[14.601s] -- Installing: /home/cairlab/Documents/GitHub/saga_repo/install/shape_msgs/share/shape_msgs/package.dsv
[14.601s] -- Installing: /home/cairlab/Documents/GitHub/saga_repo/install/shape_msgs/share/ament_index/resource_index/packages/shape_msgs
[14.601s] -- Installing: /home/cairlab/Documents/GitHub/saga_repo/install/shape_msgs/share/shape_msgs/cmake/export_shape_msgs__rosidl_generator_cExport.cmake
[14.601s] -- Installing: /home/cairlab/Documents/GitHub/saga_repo/install/shape_msgs/share/shape_msgs/cmake/export_shape_msgs__rosidl_generator_cExport-noconfig.cmake
[14.602s] -- Installing: /home/cairlab/Documents/GitHub/saga_repo/install/shape_msgs/share/shape_msgs/cmake/export_shape_msgs__rosidl_typesupport_fastrtps_cExport.cmake
[14.602s] -- Installing: /home/cairlab/Documents/GitHub/saga_repo/install/shape_msgs/share/shape_msgs/cmake/export_shape_msgs__rosidl_typesupport_fastrtps_cExport-noconfig.cmake
[14.603s] -- Installing: /home/cairlab/Documents/GitHub/saga_repo/install/shape_msgs/share/shape_msgs/cmake/export_shape_msgs__rosidl_generator_cppExport.cmake
[14.603s] -- Installing: /home/cairlab/Documents/GitHub/saga_repo/install/shape_msgs/share/shape_msgs/cmake/export_shape_msgs__rosidl_typesupport_fastrtps_cppExport.cmake
[14.604s] -- Installing: /home/cairlab/Documents/GitHub/saga_repo/install/shape_msgs/share/shape_msgs/cmake/export_shape_msgs__rosidl_typesupport_fastrtps_cppExport-noconfig.cmake
[14.604s] -- Installing: /home/cairlab/Documents/GitHub/saga_repo/install/shape_msgs/share/shape_msgs/cmake/shape_msgs__rosidl_typesupport_introspection_cExport.cmake
[14.604s] -- Installing: /home/cairlab/Documents/GitHub/saga_repo/install/shape_msgs/share/shape_msgs/cmake/shape_msgs__rosidl_typesupport_introspection_cExport-noconfig.cmake
[14.606s] -- Installing: /home/cairlab/Documents/GitHub/saga_repo/install/shape_msgs/share/shape_msgs/cmake/shape_msgs__rosidl_typesupport_cExport.cmake
[14.606s] -- Installing: /home/cairlab/Documents/GitHub/saga_repo/install/shape_msgs/share/shape_msgs/cmake/shape_msgs__rosidl_typesupport_cExport-noconfig.cmake
[14.606s] -- Installing: /home/cairlab/Documents/GitHub/saga_repo/install/shape_msgs/share/shape_msgs/cmake/shape_msgs__rosidl_typesupport_introspection_cppExport.cmake
[14.606s] -- Installing: /home/cairlab/Documents/GitHub/saga_repo/install/shape_msgs/share/shape_msgs/cmake/shape_msgs__rosidl_typesupport_introspection_cppExport-noconfig.cmake
[14.606s] -- Installing: /home/cairlab/Documents/GitHub/saga_repo/install/shape_msgs/share/shape_msgs/cmake/shape_msgs__rosidl_typesupport_cppExport.cmake
[14.607s] -- Installing: /home/cairlab/Documents/GitHub/saga_repo/install/shape_msgs/share/shape_msgs/cmake/shape_msgs__rosidl_typesupport_cppExport-noconfig.cmake
[14.607s] -- Installing: /home/cairlab/Documents/GitHub/saga_repo/install/shape_msgs/share/shape_msgs/cmake/export_shape_msgs__rosidl_generator_pyExport.cmake
[14.611s] -- Installing: /home/cairlab/Documents/GitHub/saga_repo/install/shape_msgs/share/shape_msgs/cmake/export_shape_msgs__rosidl_generator_pyExport-noconfig.cmake
[14.611s] -- Installing: /home/cairlab/Documents/GitHub/saga_repo/install/shape_msgs/share/shape_msgs/cmake/rosidl_cmake-extras.cmake
[14.612s] -- Installing: /home/cairlab/Documents/GitHub/saga_repo/install/shape_msgs/share/shape_msgs/cmake/ament_cmake_export_dependencies-extras.cmake
[14.612s] -- Installing: /home/cairlab/Documents/GitHub/saga_repo/install/shape_msgs/share/shape_msgs/cmake/ament_cmake_export_include_directories-extras.cmake
[14.612s] -- Installing: /home/cairlab/Documents/GitHub/saga_repo/install/shape_msgs/share/shape_msgs/cmake/ament_cmake_export_libraries-extras.cmake
[14.612s] -- Installing: /home/cairlab/Documents/GitHub/saga_repo/install/shape_msgs/share/shape_msgs/cmake/ament_cmake_export_targets-extras.cmake
[14.613s] -- Installing: /home/cairlab/Documents/GitHub/saga_repo/install/shape_msgs/share/shape_msgs/cmake/rosidl_cmake_export_typesupport_targets-extras.cmake
[14.613s] -- Installing: /home/cairlab/Documents/GitHub/saga_repo/install/shape_msgs/share/shape_msgs/cmake/rosidl_cmake_export_typesupport_libraries-extras.cmake
[14.613s] -- Installing: /home/cairlab/Documents/GitHub/saga_repo/install/shape_msgs/share/shape_msgs/cmake/shape_msgsConfig.cmake
[14.614s] -- Installing: /home/cairlab/Documents/GitHub/saga_repo/install/shape_msgs/share/shape_msgs/cmake/shape_msgsConfig-version.cmake
[14.614s] -- Installing: /home/cairlab/Documents/GitHub/saga_repo/install/shape_msgs/share/shape_msgs/package.xml
[14.614s] Invoked command in '/home/cairlab/Documents/GitHub/saga_repo/build/shape_msgs' returned '0': AMENT_PREFIX_PATH=/home/cairlab/Documents/GitHub/saga_repo/install/geometry_msgs:/home/cairlab/Documents/GitHub/saga_repo/install/std_msgs:${AMENT_PREFIX_PATH} CMAKE_PREFIX_PATH=/home/cairlab/Documents/GitHub/saga_repo/install/geometry_msgs:/home/cairlab/Documents/GitHub/saga_repo/install/std_msgs:/opt/ros/humble LD_LIBRARY_PATH=/home/cairlab/Documents/GitHub/saga_repo/install/geometry_msgs/lib:/home/cairlab/Documents/GitHub/saga_repo/install/std_msgs/lib:${LD_LIBRARY_PATH} PYTHONPATH=/home/cairlab/Documents/GitHub/saga_repo/install/geometry_msgs/local/lib/python3.10/dist-packages:/home/cairlab/Documents/GitHub/saga_repo/install/std_msgs/local/lib/python3.10/dist-packages:${PYTHONPATH} /usr/bin/cmake --install /home/cairlab/Documents/GitHub/saga_repo/build/shape_msgs
