[0.120s] Invoking command in '/home/loki/Documents/GitHub/saga_repo/build/loki_simulator': AMENT_PREFIX_PATH=/home/loki/Documents/GitHub/saga_repo/install/loki_base:/home/loki/Documents/GitHub/saga_repo/install/loki_can_devices:/home/loki/Documents/GitHub/saga_repo/install/loki_msgs:/home/loki/Documents/GitHub/saga_repo/install/loki_description:${AMENT_PREFIX_PATH} CMAKE_PREFIX_PATH=/home/loki/Documents/GitHub/saga_repo/install/loki_can_devices:/home/loki/Documents/GitHub/saga_repo/install/loki_msgs:/home/loki/Documents/GitHub/saga_repo/install/loki_description:/opt/ros/humble LD_LIBRARY_PATH=/home/loki/Documents/GitHub/saga_repo/install/loki_can_devices/lib:/home/loki/Documents/GitHub/saga_repo/install/loki_msgs/lib:${LD_LIBRARY_PATH} PYTHONPATH=/home/loki/Documents/GitHub/saga_repo/install/loki_base/lib/python3.10/site-packages:/home/loki/Documents/GitHub/saga_repo/install/loki_msgs/local/lib/python3.10/dist-packages:${PYTHONPATH} /usr/bin/cmake /home/loki/Documents/GitHub/saga_repo/ros2_thor/src/loki/loki_simulator -DCMAKE_INSTALL_PREFIX=/home/loki/Documents/GitHub/saga_repo/install/loki_simulator
[0.303s] -- The C compiler identification is GNU 11.4.0
[0.482s] -- The CXX compiler identification is GNU 11.4.0
[0.508s] -- Detecting C compiler ABI info
[0.655s] -- Detecting C compiler ABI info - done
[0.663s] -- Check for working C compiler: /usr/bin/cc - skipped
[0.664s] -- Detecting C compile features
[0.671s] -- Detecting C compile features - done
[0.671s] -- Detecting CXX compiler ABI info
[0.857s] -- Detecting CXX compiler ABI info - done
[0.874s] -- Check for working CXX compiler: /usr/bin/c++ - skipped
[0.876s] -- Detecting CXX compile features
[0.879s] -- Detecting CXX compile features - done
[0.888s] -- Found ament_cmake: 1.3.5 (/opt/ros/humble/share/ament_cmake/cmake)
[1.264s] -- Found Python3: /usr/bin/python3.10 (found version "3.10.12") found components: Interpreter 
[1.616s] -- Configuring done
[1.641s] -- Generating done
[1.644s] -- Build files have been written to: /home/loki/Documents/GitHub/saga_repo/build/loki_simulator
[1.668s] Invoked command in '/home/loki/Documents/GitHub/saga_repo/build/loki_simulator' returned '0': AMENT_PREFIX_PATH=/home/loki/Documents/GitHub/saga_repo/install/loki_base:/home/loki/Documents/GitHub/saga_repo/install/loki_can_devices:/home/loki/Documents/GitHub/saga_repo/install/loki_msgs:/home/loki/Documents/GitHub/saga_repo/install/loki_description:${AMENT_PREFIX_PATH} CMAKE_PREFIX_PATH=/home/loki/Documents/GitHub/saga_repo/install/loki_can_devices:/home/loki/Documents/GitHub/saga_repo/install/loki_msgs:/home/loki/Documents/GitHub/saga_repo/install/loki_description:/opt/ros/humble LD_LIBRARY_PATH=/home/loki/Documents/GitHub/saga_repo/install/loki_can_devices/lib:/home/loki/Documents/GitHub/saga_repo/install/loki_msgs/lib:${LD_LIBRARY_PATH} PYTHONPATH=/home/loki/Documents/GitHub/saga_repo/install/loki_base/lib/python3.10/site-packages:/home/loki/Documents/GitHub/saga_repo/install/loki_msgs/local/lib/python3.10/dist-packages:${PYTHONPATH} /usr/bin/cmake /home/loki/Documents/GitHub/saga_repo/ros2_thor/src/loki/loki_simulator -DCMAKE_INSTALL_PREFIX=/home/loki/Documents/GitHub/saga_repo/install/loki_simulator
[1.669s] Invoking command in '/home/loki/Documents/GitHub/saga_repo/build/loki_simulator': AMENT_PREFIX_PATH=/home/loki/Documents/GitHub/saga_repo/install/loki_base:/home/loki/Documents/GitHub/saga_repo/install/loki_can_devices:/home/loki/Documents/GitHub/saga_repo/install/loki_msgs:/home/loki/Documents/GitHub/saga_repo/install/loki_description:${AMENT_PREFIX_PATH} CMAKE_PREFIX_PATH=/home/loki/Documents/GitHub/saga_repo/install/loki_can_devices:/home/loki/Documents/GitHub/saga_repo/install/loki_msgs:/home/loki/Documents/GitHub/saga_repo/install/loki_description:/opt/ros/humble LD_LIBRARY_PATH=/home/loki/Documents/GitHub/saga_repo/install/loki_can_devices/lib:/home/loki/Documents/GitHub/saga_repo/install/loki_msgs/lib:${LD_LIBRARY_PATH} PYTHONPATH=/home/loki/Documents/GitHub/saga_repo/install/loki_base/lib/python3.10/site-packages:/home/loki/Documents/GitHub/saga_repo/install/loki_msgs/local/lib/python3.10/dist-packages:${PYTHONPATH} /usr/bin/cmake --build /home/loki/Documents/GitHub/saga_repo/build/loki_simulator -- -j4 -l4
[1.764s] Invoked command in '/home/loki/Documents/GitHub/saga_repo/build/loki_simulator' returned '0': AMENT_PREFIX_PATH=/home/loki/Documents/GitHub/saga_repo/install/loki_base:/home/loki/Documents/GitHub/saga_repo/install/loki_can_devices:/home/loki/Documents/GitHub/saga_repo/install/loki_msgs:/home/loki/Documents/GitHub/saga_repo/install/loki_description:${AMENT_PREFIX_PATH} CMAKE_PREFIX_PATH=/home/loki/Documents/GitHub/saga_repo/install/loki_can_devices:/home/loki/Documents/GitHub/saga_repo/install/loki_msgs:/home/loki/Documents/GitHub/saga_repo/install/loki_description:/opt/ros/humble LD_LIBRARY_PATH=/home/loki/Documents/GitHub/saga_repo/install/loki_can_devices/lib:/home/loki/Documents/GitHub/saga_repo/install/loki_msgs/lib:${LD_LIBRARY_PATH} PYTHONPATH=/home/loki/Documents/GitHub/saga_repo/install/loki_base/lib/python3.10/site-packages:/home/loki/Documents/GitHub/saga_repo/install/loki_msgs/local/lib/python3.10/dist-packages:${PYTHONPATH} /usr/bin/cmake --build /home/loki/Documents/GitHub/saga_repo/build/loki_simulator -- -j4 -l4
[1.807s] Invoking command in '/home/loki/Documents/GitHub/saga_repo/build/loki_simulator': AMENT_PREFIX_PATH=/home/loki/Documents/GitHub/saga_repo/install/loki_base:/home/loki/Documents/GitHub/saga_repo/install/loki_can_devices:/home/loki/Documents/GitHub/saga_repo/install/loki_msgs:/home/loki/Documents/GitHub/saga_repo/install/loki_description:${AMENT_PREFIX_PATH} CMAKE_PREFIX_PATH=/home/loki/Documents/GitHub/saga_repo/install/loki_can_devices:/home/loki/Documents/GitHub/saga_repo/install/loki_msgs:/home/loki/Documents/GitHub/saga_repo/install/loki_description:/opt/ros/humble LD_LIBRARY_PATH=/home/loki/Documents/GitHub/saga_repo/install/loki_can_devices/lib:/home/loki/Documents/GitHub/saga_repo/install/loki_msgs/lib:${LD_LIBRARY_PATH} PYTHONPATH=/home/loki/Documents/GitHub/saga_repo/install/loki_base/lib/python3.10/site-packages:/home/loki/Documents/GitHub/saga_repo/install/loki_msgs/local/lib/python3.10/dist-packages:${PYTHONPATH} /usr/bin/cmake --install /home/loki/Documents/GitHub/saga_repo/build/loki_simulator
[1.823s] -- Install configuration: ""
[1.824s] -- Installing: /home/loki/Documents/GitHub/saga_repo/install/loki_simulator/share/ament_index/resource_index/package_run_dependencies/loki_simulator
[1.826s] -- Installing: /home/loki/Documents/GitHub/saga_repo/install/loki_simulator/share/ament_index/resource_index/parent_prefix_path/loki_simulator
[1.832s] -- Installing: /home/loki/Documents/GitHub/saga_repo/install/loki_simulator/share/loki_simulator/environment/ament_prefix_path.sh
[1.833s] -- Installing: /home/loki/Documents/GitHub/saga_repo/install/loki_simulator/share/loki_simulator/environment/ament_prefix_path.dsv
[1.834s] -- Installing: /home/loki/Documents/GitHub/saga_repo/install/loki_simulator/share/loki_simulator/environment/path.sh
[1.835s] -- Installing: /home/loki/Documents/GitHub/saga_repo/install/loki_simulator/share/loki_simulator/environment/path.dsv
[1.836s] -- Installing: /home/loki/Documents/GitHub/saga_repo/install/loki_simulator/share/loki_simulator/local_setup.bash
[1.837s] -- Installing: /home/loki/Documents/GitHub/saga_repo/install/loki_simulator/share/loki_simulator/local_setup.sh
[1.837s] -- Installing: /home/loki/Documents/GitHub/saga_repo/install/loki_simulator/share/loki_simulator/local_setup.zsh
[1.838s] -- Installing: /home/loki/Documents/GitHub/saga_repo/install/loki_simulator/share/loki_simulator/local_setup.dsv
[1.839s] -- Installing: /home/loki/Documents/GitHub/saga_repo/install/loki_simulator/share/loki_simulator/package.dsv
[1.840s] -- Installing: /home/loki/Documents/GitHub/saga_repo/install/loki_simulator/share/ament_index/resource_index/packages/loki_simulator
[1.841s] -- Installing: /home/loki/Documents/GitHub/saga_repo/install/loki_simulator/share/loki_simulator/cmake/loki_simulatorConfig.cmake
[1.842s] -- Installing: /home/loki/Documents/GitHub/saga_repo/install/loki_simulator/share/loki_simulator/cmake/loki_simulatorConfig-version.cmake
[1.844s] -- Installing: /home/loki/Documents/GitHub/saga_repo/install/loki_simulator/share/loki_simulator/package.xml
[1.846s] Invoked command in '/home/loki/Documents/GitHub/saga_repo/build/loki_simulator' returned '0': AMENT_PREFIX_PATH=/home/loki/Documents/GitHub/saga_repo/install/loki_base:/home/loki/Documents/GitHub/saga_repo/install/loki_can_devices:/home/loki/Documents/GitHub/saga_repo/install/loki_msgs:/home/loki/Documents/GitHub/saga_repo/install/loki_description:${AMENT_PREFIX_PATH} CMAKE_PREFIX_PATH=/home/loki/Documents/GitHub/saga_repo/install/loki_can_devices:/home/loki/Documents/GitHub/saga_repo/install/loki_msgs:/home/loki/Documents/GitHub/saga_repo/install/loki_description:/opt/ros/humble LD_LIBRARY_PATH=/home/loki/Documents/GitHub/saga_repo/install/loki_can_devices/lib:/home/loki/Documents/GitHub/saga_repo/install/loki_msgs/lib:${LD_LIBRARY_PATH} PYTHONPATH=/home/loki/Documents/GitHub/saga_repo/install/loki_base/lib/python3.10/site-packages:/home/loki/Documents/GitHub/saga_repo/install/loki_msgs/local/lib/python3.10/dist-packages:${PYTHONPATH} /usr/bin/cmake --install /home/loki/Documents/GitHub/saga_repo/build/loki_simulator
