[0.093s] Invoking command in '/home/cairlab/Documents/GitHub/saga_repo/build/robot_bringup': AMENT_PREFIX_PATH=/home/cairlab/Documents/GitHub/saga_repo/install/loki_base:/home/cairlab/Documents/GitHub/saga_repo/install/loki_can_devices:/home/cairlab/Documents/GitHub/saga_repo/install/loki_twist_mux:/home/cairlab/Documents/GitHub/saga_repo/install/loki_teleop:/home/cairlab/Documents/GitHub/saga_repo/install/loki_msgs:/home/cairlab/Documents/GitHub/saga_repo/install/twist_mux:/home/cairlab/Documents/GitHub/saga_repo/install/loki_description:${AMENT_PREFIX_PATH} CMAKE_PREFIX_PATH=/home/cairlab/Documents/GitHub/saga_repo/install/loki_can_devices:/home/cairlab/Documents/GitHub/saga_repo/install/loki_twist_mux:/home/cairlab/Documents/GitHub/saga_repo/install/loki_msgs:/home/cairlab/Documents/GitHub/saga_repo/install/twist_mux:/home/cairlab/Documents/GitHub/saga_repo/install/loki_description:/opt/ros/humble LD_LIBRARY_PATH=/home/cairlab/Documents/GitHub/saga_repo/install/loki_can_devices/lib:/home/cairlab/Documents/GitHub/saga_repo/install/loki_msgs/lib:${LD_LIBRARY_PATH} PYTHONPATH=/home/cairlab/Documents/GitHub/saga_repo/install/loki_base/lib/python3.10/site-packages:/home/cairlab/Documents/GitHub/saga_repo/install/loki_teleop/lib/python3.10/site-packages:/home/cairlab/Documents/GitHub/saga_repo/install/loki_msgs/local/lib/python3.10/dist-packages:${PYTHONPATH} /usr/bin/cmake /home/cairlab/Documents/GitHub/saga_repo/ros2_thor/src/loki/robot_bringup -DCMAKE_INSTALL_PREFIX=/home/cairlab/Documents/GitHub/saga_repo/install/robot_bringup
[0.150s] -- The C compiler identification is GNU 11.4.0
[0.216s] -- The CXX compiler identification is GNU 11.4.0
[0.226s] -- Detecting C compiler ABI info
[0.295s] -- Detecting C compiler ABI info - done
[0.302s] -- Check for working C compiler: /usr/bin/cc - skipped
[0.302s] -- Detecting C compile features
[0.302s] -- Detecting C compile features - done
[0.304s] -- Detecting CXX compiler ABI info
[0.385s] -- Detecting CXX compiler ABI info - done
[0.392s] -- Check for working CXX compiler: /usr/bin/c++ - skipped
[0.392s] -- Detecting CXX compile features
[0.393s] -- Detecting CXX compile features - done
[0.395s] -- Found ament_cmake: 1.3.5 (/opt/ros/humble/share/ament_cmake/cmake)
[0.725s] -- Found Python3: /usr/bin/python3.10 (found version "3.10.12") found components: Interpreter 
[0.812s] -- Found rclcpp: 16.0.6 (/opt/ros/humble/share/rclcpp/cmake)
[0.858s] -- Found rosidl_generator_c: 3.1.5 (/opt/ros/humble/share/rosidl_generator_c/cmake)
[0.863s] -- Found rosidl_adapter: 3.1.5 (/opt/ros/humble/share/rosidl_adapter/cmake)
[0.872s] -- Found rosidl_generator_cpp: 3.1.5 (/opt/ros/humble/share/rosidl_generator_cpp/cmake)
[0.886s] -- Using all available rosidl_typesupport_c: rosidl_typesupport_fastrtps_c;rosidl_typesupport_introspection_c
[0.906s] -- Using all available rosidl_typesupport_cpp: rosidl_typesupport_fastrtps_cpp;rosidl_typesupport_introspection_cpp
[0.974s] -- Found rmw_implementation_cmake: 6.1.1 (/opt/ros/humble/share/rmw_implementation_cmake/cmake)
[0.977s] -- Found rmw_fastrtps_cpp: 6.2.4 (/opt/ros/humble/share/rmw_fastrtps_cpp/cmake)
[1.071s] -- Found OpenSSL: /usr/lib/x86_64-linux-gnu/libcrypto.so (found version "3.0.2")  
[1.098s] -- Found FastRTPS: /opt/ros/humble/include  
[1.139s] -- Using RMW implementation 'rmw_fastrtps_cpp' as default
[1.149s] -- Looking for pthread.h
[1.223s] -- Looking for pthread.h - found
[1.223s] -- Performing Test CMAKE_HAVE_LIBC_PTHREAD
[1.292s] -- Performing Test CMAKE_HAVE_LIBC_PTHREAD - Success
[1.293s] -- Found Threads: TRUE  
[1.439s] -- Found loki_description: 2.0.0 (/home/cairlab/Documents/GitHub/saga_repo/install/loki_description/share/loki_description/cmake)
[1.439s] -- Found loki_twist_mux: 2.0.0 (/home/cairlab/Documents/GitHub/saga_repo/install/loki_twist_mux/share/loki_twist_mux/cmake)
[1.500s] -- Configuring done
[1.504s] -- Generating done
[1.505s] -- Build files have been written to: /home/cairlab/Documents/GitHub/saga_repo/build/robot_bringup
[1.512s] Invoked command in '/home/cairlab/Documents/GitHub/saga_repo/build/robot_bringup' returned '0': AMENT_PREFIX_PATH=/home/cairlab/Documents/GitHub/saga_repo/install/loki_base:/home/cairlab/Documents/GitHub/saga_repo/install/loki_can_devices:/home/cairlab/Documents/GitHub/saga_repo/install/loki_twist_mux:/home/cairlab/Documents/GitHub/saga_repo/install/loki_teleop:/home/cairlab/Documents/GitHub/saga_repo/install/loki_msgs:/home/cairlab/Documents/GitHub/saga_repo/install/twist_mux:/home/cairlab/Documents/GitHub/saga_repo/install/loki_description:${AMENT_PREFIX_PATH} CMAKE_PREFIX_PATH=/home/cairlab/Documents/GitHub/saga_repo/install/loki_can_devices:/home/cairlab/Documents/GitHub/saga_repo/install/loki_twist_mux:/home/cairlab/Documents/GitHub/saga_repo/install/loki_msgs:/home/cairlab/Documents/GitHub/saga_repo/install/twist_mux:/home/cairlab/Documents/GitHub/saga_repo/install/loki_description:/opt/ros/humble LD_LIBRARY_PATH=/home/cairlab/Documents/GitHub/saga_repo/install/loki_can_devices/lib:/home/cairlab/Documents/GitHub/saga_repo/install/loki_msgs/lib:${LD_LIBRARY_PATH} PYTHONPATH=/home/cairlab/Documents/GitHub/saga_repo/install/loki_base/lib/python3.10/site-packages:/home/cairlab/Documents/GitHub/saga_repo/install/loki_teleop/lib/python3.10/site-packages:/home/cairlab/Documents/GitHub/saga_repo/install/loki_msgs/local/lib/python3.10/dist-packages:${PYTHONPATH} /usr/bin/cmake /home/cairlab/Documents/GitHub/saga_repo/ros2_thor/src/loki/robot_bringup -DCMAKE_INSTALL_PREFIX=/home/cairlab/Documents/GitHub/saga_repo/install/robot_bringup
[1.513s] Invoking command in '/home/cairlab/Documents/GitHub/saga_repo/build/robot_bringup': AMENT_PREFIX_PATH=/home/cairlab/Documents/GitHub/saga_repo/install/loki_base:/home/cairlab/Documents/GitHub/saga_repo/install/loki_can_devices:/home/cairlab/Documents/GitHub/saga_repo/install/loki_twist_mux:/home/cairlab/Documents/GitHub/saga_repo/install/loki_teleop:/home/cairlab/Documents/GitHub/saga_repo/install/loki_msgs:/home/cairlab/Documents/GitHub/saga_repo/install/twist_mux:/home/cairlab/Documents/GitHub/saga_repo/install/loki_description:${AMENT_PREFIX_PATH} CMAKE_PREFIX_PATH=/home/cairlab/Documents/GitHub/saga_repo/install/loki_can_devices:/home/cairlab/Documents/GitHub/saga_repo/install/loki_twist_mux:/home/cairlab/Documents/GitHub/saga_repo/install/loki_msgs:/home/cairlab/Documents/GitHub/saga_repo/install/twist_mux:/home/cairlab/Documents/GitHub/saga_repo/install/loki_description:/opt/ros/humble LD_LIBRARY_PATH=/home/cairlab/Documents/GitHub/saga_repo/install/loki_can_devices/lib:/home/cairlab/Documents/GitHub/saga_repo/install/loki_msgs/lib:${LD_LIBRARY_PATH} PYTHONPATH=/home/cairlab/Documents/GitHub/saga_repo/install/loki_base/lib/python3.10/site-packages:/home/cairlab/Documents/GitHub/saga_repo/install/loki_teleop/lib/python3.10/site-packages:/home/cairlab/Documents/GitHub/saga_repo/install/loki_msgs/local/lib/python3.10/dist-packages:${PYTHONPATH} /usr/bin/cmake --build /home/cairlab/Documents/GitHub/saga_repo/build/robot_bringup -- -j12 -l12
[1.547s] Invoked command in '/home/cairlab/Documents/GitHub/saga_repo/build/robot_bringup' returned '0': AMENT_PREFIX_PATH=/home/cairlab/Documents/GitHub/saga_repo/install/loki_base:/home/cairlab/Documents/GitHub/saga_repo/install/loki_can_devices:/home/cairlab/Documents/GitHub/saga_repo/install/loki_twist_mux:/home/cairlab/Documents/GitHub/saga_repo/install/loki_teleop:/home/cairlab/Documents/GitHub/saga_repo/install/loki_msgs:/home/cairlab/Documents/GitHub/saga_repo/install/twist_mux:/home/cairlab/Documents/GitHub/saga_repo/install/loki_description:${AMENT_PREFIX_PATH} CMAKE_PREFIX_PATH=/home/cairlab/Documents/GitHub/saga_repo/install/loki_can_devices:/home/cairlab/Documents/GitHub/saga_repo/install/loki_twist_mux:/home/cairlab/Documents/GitHub/saga_repo/install/loki_msgs:/home/cairlab/Documents/GitHub/saga_repo/install/twist_mux:/home/cairlab/Documents/GitHub/saga_repo/install/loki_description:/opt/ros/humble LD_LIBRARY_PATH=/home/cairlab/Documents/GitHub/saga_repo/install/loki_can_devices/lib:/home/cairlab/Documents/GitHub/saga_repo/install/loki_msgs/lib:${LD_LIBRARY_PATH} PYTHONPATH=/home/cairlab/Documents/GitHub/saga_repo/install/loki_base/lib/python3.10/site-packages:/home/cairlab/Documents/GitHub/saga_repo/install/loki_teleop/lib/python3.10/site-packages:/home/cairlab/Documents/GitHub/saga_repo/install/loki_msgs/local/lib/python3.10/dist-packages:${PYTHONPATH} /usr/bin/cmake --build /home/cairlab/Documents/GitHub/saga_repo/build/robot_bringup -- -j12 -l12
[1.566s] Invoking command in '/home/cairlab/Documents/GitHub/saga_repo/build/robot_bringup': AMENT_PREFIX_PATH=/home/cairlab/Documents/GitHub/saga_repo/install/loki_base:/home/cairlab/Documents/GitHub/saga_repo/install/loki_can_devices:/home/cairlab/Documents/GitHub/saga_repo/install/loki_twist_mux:/home/cairlab/Documents/GitHub/saga_repo/install/loki_teleop:/home/cairlab/Documents/GitHub/saga_repo/install/loki_msgs:/home/cairlab/Documents/GitHub/saga_repo/install/twist_mux:/home/cairlab/Documents/GitHub/saga_repo/install/loki_description:${AMENT_PREFIX_PATH} CMAKE_PREFIX_PATH=/home/cairlab/Documents/GitHub/saga_repo/install/loki_can_devices:/home/cairlab/Documents/GitHub/saga_repo/install/loki_twist_mux:/home/cairlab/Documents/GitHub/saga_repo/install/loki_msgs:/home/cairlab/Documents/GitHub/saga_repo/install/twist_mux:/home/cairlab/Documents/GitHub/saga_repo/install/loki_description:/opt/ros/humble LD_LIBRARY_PATH=/home/cairlab/Documents/GitHub/saga_repo/install/loki_can_devices/lib:/home/cairlab/Documents/GitHub/saga_repo/install/loki_msgs/lib:${LD_LIBRARY_PATH} PYTHONPATH=/home/cairlab/Documents/GitHub/saga_repo/install/loki_base/lib/python3.10/site-packages:/home/cairlab/Documents/GitHub/saga_repo/install/loki_teleop/lib/python3.10/site-packages:/home/cairlab/Documents/GitHub/saga_repo/install/loki_msgs/local/lib/python3.10/dist-packages:${PYTHONPATH} /usr/bin/cmake --install /home/cairlab/Documents/GitHub/saga_repo/build/robot_bringup
[1.573s] -- Install configuration: ""
[1.573s] -- Installing: /home/cairlab/Documents/GitHub/saga_repo/install/robot_bringup/share/robot_bringup/launch
[1.573s] -- Installing: /home/cairlab/Documents/GitHub/saga_repo/install/robot_bringup/share/robot_bringup/launch/robot_bringup.launch
[1.573s] -- Installing: /home/cairlab/Documents/GitHub/saga_repo/install/robot_bringup/share/robot_bringup/config
[1.573s] -- Installing: /home/cairlab/Documents/GitHub/saga_repo/install/robot_bringup/share/robot_bringup/config/robot_017.yaml
[1.574s] -- Installing: /home/cairlab/Documents/GitHub/saga_repo/install/robot_bringup/share/robot_bringup/config/robot_017_extras.xml
[1.574s] -- Installing: /home/cairlab/Documents/GitHub/saga_repo/install/robot_bringup/share/ament_index/resource_index/package_run_dependencies/robot_bringup
[1.574s] -- Installing: /home/cairlab/Documents/GitHub/saga_repo/install/robot_bringup/share/ament_index/resource_index/parent_prefix_path/robot_bringup
[1.574s] -- Installing: /home/cairlab/Documents/GitHub/saga_repo/install/robot_bringup/share/robot_bringup/environment/ament_prefix_path.sh
[1.574s] -- Installing: /home/cairlab/Documents/GitHub/saga_repo/install/robot_bringup/share/robot_bringup/environment/ament_prefix_path.dsv
[1.574s] -- Installing: /home/cairlab/Documents/GitHub/saga_repo/install/robot_bringup/share/robot_bringup/environment/path.sh
[1.574s] -- Installing: /home/cairlab/Documents/GitHub/saga_repo/install/robot_bringup/share/robot_bringup/environment/path.dsv
[1.574s] -- Installing: /home/cairlab/Documents/GitHub/saga_repo/install/robot_bringup/share/robot_bringup/local_setup.bash
[1.574s] -- Installing: /home/cairlab/Documents/GitHub/saga_repo/install/robot_bringup/share/robot_bringup/local_setup.sh
[1.574s] -- Installing: /home/cairlab/Documents/GitHub/saga_repo/install/robot_bringup/share/robot_bringup/local_setup.zsh
[1.575s] -- Installing: /home/cairlab/Documents/GitHub/saga_repo/install/robot_bringup/share/robot_bringup/local_setup.dsv
[1.575s] -- Installing: /home/cairlab/Documents/GitHub/saga_repo/install/robot_bringup/share/robot_bringup/package.dsv
[1.575s] -- Installing: /home/cairlab/Documents/GitHub/saga_repo/install/robot_bringup/share/ament_index/resource_index/packages/robot_bringup
[1.575s] -- Installing: /home/cairlab/Documents/GitHub/saga_repo/install/robot_bringup/share/robot_bringup/cmake/robot_bringupConfig.cmake
[1.575s] -- Installing: /home/cairlab/Documents/GitHub/saga_repo/install/robot_bringup/share/robot_bringup/cmake/robot_bringupConfig-version.cmake
[1.575s] -- Installing: /home/cairlab/Documents/GitHub/saga_repo/install/robot_bringup/share/robot_bringup/package.xml
[1.577s] Invoked command in '/home/cairlab/Documents/GitHub/saga_repo/build/robot_bringup' returned '0': AMENT_PREFIX_PATH=/home/cairlab/Documents/GitHub/saga_repo/install/loki_base:/home/cairlab/Documents/GitHub/saga_repo/install/loki_can_devices:/home/cairlab/Documents/GitHub/saga_repo/install/loki_twist_mux:/home/cairlab/Documents/GitHub/saga_repo/install/loki_teleop:/home/cairlab/Documents/GitHub/saga_repo/install/loki_msgs:/home/cairlab/Documents/GitHub/saga_repo/install/twist_mux:/home/cairlab/Documents/GitHub/saga_repo/install/loki_description:${AMENT_PREFIX_PATH} CMAKE_PREFIX_PATH=/home/cairlab/Documents/GitHub/saga_repo/install/loki_can_devices:/home/cairlab/Documents/GitHub/saga_repo/install/loki_twist_mux:/home/cairlab/Documents/GitHub/saga_repo/install/loki_msgs:/home/cairlab/Documents/GitHub/saga_repo/install/twist_mux:/home/cairlab/Documents/GitHub/saga_repo/install/loki_description:/opt/ros/humble LD_LIBRARY_PATH=/home/cairlab/Documents/GitHub/saga_repo/install/loki_can_devices/lib:/home/cairlab/Documents/GitHub/saga_repo/install/loki_msgs/lib:${LD_LIBRARY_PATH} PYTHONPATH=/home/cairlab/Documents/GitHub/saga_repo/install/loki_base/lib/python3.10/site-packages:/home/cairlab/Documents/GitHub/saga_repo/install/loki_teleop/lib/python3.10/site-packages:/home/cairlab/Documents/GitHub/saga_repo/install/loki_msgs/local/lib/python3.10/dist-packages:${PYTHONPATH} /usr/bin/cmake --install /home/cairlab/Documents/GitHub/saga_repo/build/robot_bringup
