[0.038s] Invoking command in '/home/loki/Documents/GitHub/saga_repo/build/loki_can_devices': AMENT_PREFIX_PATH=/home/loki/Documents/GitHub/saga_repo/install/loki_msgs:/home/loki/Documents/GitHub/saga_repo/install/loki_description:${AMENT_PREFIX_PATH} CMAKE_PREFIX_PATH=/home/loki/Documents/GitHub/saga_repo/install/loki_msgs:/home/loki/Documents/GitHub/saga_repo/install/loki_description:/opt/ros/humble LD_LIBRARY_PATH=/home/loki/Documents/GitHub/saga_repo/install/loki_msgs/lib:${LD_LIBRARY_PATH} PYTHONPATH=/home/loki/Documents/GitHub/saga_repo/install/loki_msgs/local/lib/python3.10/dist-packages:${PYTHONPATH} /usr/bin/cmake --build /home/loki/Documents/GitHub/saga_repo/build/loki_can_devices -- -j8 -l8
[0.098s] [ 83%] Built target can
[0.141s] [100%] Built target pytocpp
[0.150s] Invoked command in '/home/loki/Documents/GitHub/saga_repo/build/loki_can_devices' returned '0': AMENT_PREFIX_PATH=/home/loki/Documents/GitHub/saga_repo/install/loki_msgs:/home/loki/Documents/GitHub/saga_repo/install/loki_description:${AMENT_PREFIX_PATH} CMAKE_PREFIX_PATH=/home/loki/Documents/GitHub/saga_repo/install/loki_msgs:/home/loki/Documents/GitHub/saga_repo/install/loki_description:/opt/ros/humble LD_LIBRARY_PATH=/home/loki/Documents/GitHub/saga_repo/install/loki_msgs/lib:${LD_LIBRARY_PATH} PYTHONPATH=/home/loki/Documents/GitHub/saga_repo/install/loki_msgs/local/lib/python3.10/dist-packages:${PYTHONPATH} /usr/bin/cmake --build /home/loki/Documents/GitHub/saga_repo/build/loki_can_devices -- -j8 -l8
[0.181s] Invoking command in '/home/loki/Documents/GitHub/saga_repo/build/loki_can_devices': AMENT_PREFIX_PATH=/home/loki/Documents/GitHub/saga_repo/install/loki_msgs:/home/loki/Documents/GitHub/saga_repo/install/loki_description:${AMENT_PREFIX_PATH} CMAKE_PREFIX_PATH=/home/loki/Documents/GitHub/saga_repo/install/loki_msgs:/home/loki/Documents/GitHub/saga_repo/install/loki_description:/opt/ros/humble LD_LIBRARY_PATH=/home/loki/Documents/GitHub/saga_repo/install/loki_msgs/lib:${LD_LIBRARY_PATH} PYTHONPATH=/home/loki/Documents/GitHub/saga_repo/install/loki_msgs/local/lib/python3.10/dist-packages:${PYTHONPATH} /usr/bin/cmake --install /home/loki/Documents/GitHub/saga_repo/build/loki_can_devices
[0.187s] -- Install configuration: ""
[0.187s] -- Up-to-date: /home/loki/Documents/GitHub/saga_repo/install/loki_can_devices/include
[0.188s] -- Up-to-date: /home/loki/Documents/GitHub/saga_repo/install/loki_can_devices/include/loki_can_devices
[0.188s] -- Up-to-date: /home/loki/Documents/GitHub/saga_repo/install/loki_can_devices/include/loki_can_devices/kc_battery.h
[0.188s] -- Up-to-date: /home/loki/Documents/GitHub/saga_repo/install/loki_can_devices/include/loki_can_devices/RoboteqFbl2360.h
[0.188s] -- Up-to-date: /home/loki/Documents/GitHub/saga_repo/install/loki_can_devices/include/loki_can_devices/can_frame.h
[0.188s] -- Up-to-date: /home/loki/Documents/GitHub/saga_repo/install/loki_can_devices/include/loki_can_devices/can_line_socketcan.h
[0.188s] -- Up-to-date: /home/loki/Documents/GitHub/saga_repo/install/loki_can_devices/include/loki_can_devices/can_battery_itf.h
[0.188s] -- Up-to-date: /home/loki/Documents/GitHub/saga_repo/install/loki_can_devices/include/loki_can_devices/can_ctrl_pltf.h
[0.188s] -- Up-to-date: /home/loki/Documents/GitHub/saga_repo/install/loki_can_devices/include/loki_can_devices/RoboteqFbl2360Diff.h
[0.188s] -- Up-to-date: /home/loki/Documents/GitHub/saga_repo/install/loki_can_devices/include/loki_can_devices/can_io_v1uv.h
[0.188s] -- Up-to-date: /home/loki/Documents/GitHub/saga_repo/install/loki_can_devices/include/loki_can_devices/can_line_dummy.h
[0.188s] -- Up-to-date: /home/loki/Documents/GitHub/saga_repo/install/loki_can_devices/include/loki_can_devices/can_io_itf.h
[0.188s] -- Up-to-date: /home/loki/Documents/GitHub/saga_repo/install/loki_can_devices/include/loki_can_devices/can_line_itf.h
[0.188s] -- Up-to-date: /home/loki/Documents/GitHub/saga_repo/install/loki_can_devices/include/loki_can_devices/CanDriveItf.h
[0.188s] -- Up-to-date: /home/loki/Documents/GitHub/saga_repo/install/loki_can_devices/include/loki_can_devices/can_io_v1pcb.h
[0.189s] -- Up-to-date: /home/loki/Documents/GitHub/saga_repo/install/loki_can_devices/share/loki_can_devices/launch
[0.189s] -- Up-to-date: /home/loki/Documents/GitHub/saga_repo/install/loki_can_devices/share/loki_can_devices/launch/pytocpp.launch.py
[0.189s] -- Up-to-date: /home/loki/Documents/GitHub/saga_repo/install/loki_can_devices/lib/libcan.so
[0.189s] -- Up-to-date: /home/loki/Documents/GitHub/saga_repo/install/loki_can_devices/lib/loki_can_devices/pytocpp
[0.189s] -- Up-to-date: /home/loki/Documents/GitHub/saga_repo/install/loki_can_devices/share/loki_can_devices/environment/library_path.sh
[0.189s] -- Up-to-date: /home/loki/Documents/GitHub/saga_repo/install/loki_can_devices/share/loki_can_devices/environment/library_path.dsv
[0.190s] -- Up-to-date: /home/loki/Documents/GitHub/saga_repo/install/loki_can_devices/share/ament_index/resource_index/package_run_dependencies/loki_can_devices
[0.190s] -- Up-to-date: /home/loki/Documents/GitHub/saga_repo/install/loki_can_devices/share/ament_index/resource_index/parent_prefix_path/loki_can_devices
[0.190s] -- Up-to-date: /home/loki/Documents/GitHub/saga_repo/install/loki_can_devices/share/loki_can_devices/environment/ament_prefix_path.sh
[0.190s] -- Up-to-date: /home/loki/Documents/GitHub/saga_repo/install/loki_can_devices/share/loki_can_devices/environment/ament_prefix_path.dsv
[0.190s] -- Up-to-date: /home/loki/Documents/GitHub/saga_repo/install/loki_can_devices/share/loki_can_devices/environment/path.sh
[0.191s] -- Up-to-date: /home/loki/Documents/GitHub/saga_repo/install/loki_can_devices/share/loki_can_devices/environment/path.dsv
[0.191s] -- Up-to-date: /home/loki/Documents/GitHub/saga_repo/install/loki_can_devices/share/loki_can_devices/local_setup.bash
[0.191s] -- Up-to-date: /home/loki/Documents/GitHub/saga_repo/install/loki_can_devices/share/loki_can_devices/local_setup.sh
[0.192s] -- Up-to-date: /home/loki/Documents/GitHub/saga_repo/install/loki_can_devices/share/loki_can_devices/local_setup.zsh
[0.192s] -- Up-to-date: /home/loki/Documents/GitHub/saga_repo/install/loki_can_devices/share/loki_can_devices/local_setup.dsv
[0.192s] -- Installing: /home/loki/Documents/GitHub/saga_repo/install/loki_can_devices/share/loki_can_devices/package.dsv
[0.193s] -- Up-to-date: /home/loki/Documents/GitHub/saga_repo/install/loki_can_devices/share/ament_index/resource_index/packages/loki_can_devices
[0.193s] -- Up-to-date: /home/loki/Documents/GitHub/saga_repo/install/loki_can_devices/share/loki_can_devices/cmake/ConfigExtras.cmake
[0.193s] -- Up-to-date: /home/loki/Documents/GitHub/saga_repo/install/loki_can_devices/share/loki_can_devices/cmake/ament_cmake_export_dependencies-extras.cmake
[0.194s] -- Up-to-date: /home/loki/Documents/GitHub/saga_repo/install/loki_can_devices/share/loki_can_devices/cmake/ament_cmake_export_include_directories-extras.cmake
[0.194s] -- Up-to-date: /home/loki/Documents/GitHub/saga_repo/install/loki_can_devices/share/loki_can_devices/cmake/ament_cmake_export_libraries-extras.cmake
[0.194s] -- Up-to-date: /home/loki/Documents/GitHub/saga_repo/install/loki_can_devices/share/loki_can_devices/cmake/loki_can_devicesConfig.cmake
[0.195s] -- Up-to-date: /home/loki/Documents/GitHub/saga_repo/install/loki_can_devices/share/loki_can_devices/cmake/loki_can_devicesConfig-version.cmake
[0.195s] -- Up-to-date: /home/loki/Documents/GitHub/saga_repo/install/loki_can_devices/share/loki_can_devices/package.xml
[0.196s] Invoked command in '/home/loki/Documents/GitHub/saga_repo/build/loki_can_devices' returned '0': AMENT_PREFIX_PATH=/home/loki/Documents/GitHub/saga_repo/install/loki_msgs:/home/loki/Documents/GitHub/saga_repo/install/loki_description:${AMENT_PREFIX_PATH} CMAKE_PREFIX_PATH=/home/loki/Documents/GitHub/saga_repo/install/loki_msgs:/home/loki/Documents/GitHub/saga_repo/install/loki_description:/opt/ros/humble LD_LIBRARY_PATH=/home/loki/Documents/GitHub/saga_repo/install/loki_msgs/lib:${LD_LIBRARY_PATH} PYTHONPATH=/home/loki/Documents/GitHub/saga_repo/install/loki_msgs/local/lib/python3.10/dist-packages:${PYTHONPATH} /usr/bin/cmake --install /home/loki/Documents/GitHub/saga_repo/build/loki_can_devices
