running egg_info
writing ../../../../build/loki_teleop/loki_teleop.egg-info/PKG-INFO
writing dependency_links to ../../../../build/loki_teleop/loki_teleop.egg-info/dependency_links.txt
writing entry points to ../../../../build/loki_teleop/loki_teleop.egg-info/entry_points.txt
writing requirements to ../../../../build/loki_teleop/loki_teleop.egg-info/requires.txt
writing top-level names to ../../../../build/loki_teleop/loki_teleop.egg-info/top_level.txt
reading manifest file '../../../../build/loki_teleop/loki_teleop.egg-info/SOURCES.txt'
/home/cairlab/.local/lib/python3.10/site-packages/setuptools/_distutils/cmd.py:66: SetuptoolsDeprecationWarning: setup.py install is deprecated.
!!

        ********************************************************************************
        Please avoid running ``setup.py`` directly.
        Instead, use pypa/build, pypa/installer or other
        standards-based tools.

        See https://blog.ganssle.io/articles/2021/10/setup-py-deprecated.html for details.
        ********************************************************************************

!!
  self.initialize_options()
writing manifest file '../../../../build/loki_teleop/loki_teleop.egg-info/SOURCES.txt'
running build
running build_py
running install
running install_lib
running install_data
running install_egg_info
removing '/home/cairlab/Documents/GitHub/saga_repo/install/loki_teleop/lib/python3.10/site-packages/loki_teleop-2.0.0-py3.10.egg-info' (and everything under it)
Copying ../../../../build/loki_teleop/loki_teleop.egg-info to /home/cairlab/Documents/GitHub/saga_repo/install/loki_teleop/lib/python3.10/site-packages/loki_teleop-2.0.0-py3.10.egg-info
running install_scripts
Installing teleop_node script to /home/cairlab/Documents/GitHub/saga_repo/install/loki_teleop/lib/loki_teleop
writing list of installed files to '/home/cairlab/Documents/GitHub/saga_repo/build/loki_teleop/install.log'
