[0.017s] Invoking command in '/home/loki/Documents/GitHub/saga_repo/build/loki_simulator': AMENT_PREFIX_PATH=/home/loki/Documents/GitHub/saga_repo/install/loki_base:/home/loki/Documents/GitHub/saga_repo/install/loki_can_devices:/home/loki/Documents/GitHub/saga_repo/install/loki_msgs:/home/loki/Documents/GitHub/saga_repo/install/loki_description CMAKE_PREFIX_PATH=/home/loki/Documents/GitHub/saga_repo/install/loki_can_devices:/home/loki/Documents/GitHub/saga_repo/install/loki_msgs:/home/loki/Documents/GitHub/saga_repo/install/loki_description LD_LIBRARY_PATH=/home/loki/Documents/GitHub/saga_repo/install/loki_can_devices/lib:/home/loki/Documents/GitHub/saga_repo/install/loki_msgs/lib PYTHONPATH=/home/loki/Documents/GitHub/saga_repo/install/loki_base/lib/python3.10/site-packages:/home/loki/Documents/GitHub/saga_repo/install/loki_msgs/local/lib/python3.10/dist-packages /usr/bin/cmake --build /home/loki/Documents/GitHub/saga_repo/build/loki_simulator -- -j8 -l8
[0.041s] Invoked command in '/home/loki/Documents/GitHub/saga_repo/build/loki_simulator' returned '0': AMENT_PREFIX_PATH=/home/loki/Documents/GitHub/saga_repo/install/loki_base:/home/loki/Documents/GitHub/saga_repo/install/loki_can_devices:/home/loki/Documents/GitHub/saga_repo/install/loki_msgs:/home/loki/Documents/GitHub/saga_repo/install/loki_description CMAKE_PREFIX_PATH=/home/loki/Documents/GitHub/saga_repo/install/loki_can_devices:/home/loki/Documents/GitHub/saga_repo/install/loki_msgs:/home/loki/Documents/GitHub/saga_repo/install/loki_description LD_LIBRARY_PATH=/home/loki/Documents/GitHub/saga_repo/install/loki_can_devices/lib:/home/loki/Documents/GitHub/saga_repo/install/loki_msgs/lib PYTHONPATH=/home/loki/Documents/GitHub/saga_repo/install/loki_base/lib/python3.10/site-packages:/home/loki/Documents/GitHub/saga_repo/install/loki_msgs/local/lib/python3.10/dist-packages /usr/bin/cmake --build /home/loki/Documents/GitHub/saga_repo/build/loki_simulator -- -j8 -l8
[0.054s] Invoking command in '/home/loki/Documents/GitHub/saga_repo/build/loki_simulator': AMENT_PREFIX_PATH=/home/loki/Documents/GitHub/saga_repo/install/loki_base:/home/loki/Documents/GitHub/saga_repo/install/loki_can_devices:/home/loki/Documents/GitHub/saga_repo/install/loki_msgs:/home/loki/Documents/GitHub/saga_repo/install/loki_description CMAKE_PREFIX_PATH=/home/loki/Documents/GitHub/saga_repo/install/loki_can_devices:/home/loki/Documents/GitHub/saga_repo/install/loki_msgs:/home/loki/Documents/GitHub/saga_repo/install/loki_description LD_LIBRARY_PATH=/home/loki/Documents/GitHub/saga_repo/install/loki_can_devices/lib:/home/loki/Documents/GitHub/saga_repo/install/loki_msgs/lib PYTHONPATH=/home/loki/Documents/GitHub/saga_repo/install/loki_base/lib/python3.10/site-packages:/home/loki/Documents/GitHub/saga_repo/install/loki_msgs/local/lib/python3.10/dist-packages /usr/bin/cmake --install /home/loki/Documents/GitHub/saga_repo/build/loki_simulator
[0.059s] -- Install configuration: ""
[0.059s] -- Up-to-date: /home/loki/Documents/GitHub/saga_repo/install/loki_simulator/share/ament_index/resource_index/package_run_dependencies/loki_simulator
[0.060s] -- Up-to-date: /home/loki/Documents/GitHub/saga_repo/install/loki_simulator/share/ament_index/resource_index/parent_prefix_path/loki_simulator
[0.060s] -- Up-to-date: /home/loki/Documents/GitHub/saga_repo/install/loki_simulator/share/loki_simulator/environment/ament_prefix_path.sh
[0.060s] -- Up-to-date: /home/loki/Documents/GitHub/saga_repo/install/loki_simulator/share/loki_simulator/environment/ament_prefix_path.dsv
[0.060s] -- Up-to-date: /home/loki/Documents/GitHub/saga_repo/install/loki_simulator/share/loki_simulator/environment/path.sh
[0.060s] -- Up-to-date: /home/loki/Documents/GitHub/saga_repo/install/loki_simulator/share/loki_simulator/environment/path.dsv
[0.060s] -- Up-to-date: /home/loki/Documents/GitHub/saga_repo/install/loki_simulator/share/loki_simulator/local_setup.bash
[0.060s] -- Up-to-date: /home/loki/Documents/GitHub/saga_repo/install/loki_simulator/share/loki_simulator/local_setup.sh
[0.060s] -- Up-to-date: /home/loki/Documents/GitHub/saga_repo/install/loki_simulator/share/loki_simulator/local_setup.zsh
[0.060s] -- Up-to-date: /home/loki/Documents/GitHub/saga_repo/install/loki_simulator/share/loki_simulator/local_setup.dsv
[0.060s] -- Installing: /home/loki/Documents/GitHub/saga_repo/install/loki_simulator/share/loki_simulator/package.dsv
[0.060s] -- Up-to-date: /home/loki/Documents/GitHub/saga_repo/install/loki_simulator/share/ament_index/resource_index/packages/loki_simulator
[0.060s] -- Up-to-date: /home/loki/Documents/GitHub/saga_repo/install/loki_simulator/share/loki_simulator/cmake/loki_simulatorConfig.cmake
[0.060s] -- Up-to-date: /home/loki/Documents/GitHub/saga_repo/install/loki_simulator/share/loki_simulator/cmake/loki_simulatorConfig-version.cmake
[0.060s] -- Up-to-date: /home/loki/Documents/GitHub/saga_repo/install/loki_simulator/share/loki_simulator/package.xml
[0.061s] Invoked command in '/home/loki/Documents/GitHub/saga_repo/build/loki_simulator' returned '0': AMENT_PREFIX_PATH=/home/loki/Documents/GitHub/saga_repo/install/loki_base:/home/loki/Documents/GitHub/saga_repo/install/loki_can_devices:/home/loki/Documents/GitHub/saga_repo/install/loki_msgs:/home/loki/Documents/GitHub/saga_repo/install/loki_description CMAKE_PREFIX_PATH=/home/loki/Documents/GitHub/saga_repo/install/loki_can_devices:/home/loki/Documents/GitHub/saga_repo/install/loki_msgs:/home/loki/Documents/GitHub/saga_repo/install/loki_description LD_LIBRARY_PATH=/home/loki/Documents/GitHub/saga_repo/install/loki_can_devices/lib:/home/loki/Documents/GitHub/saga_repo/install/loki_msgs/lib PYTHONPATH=/home/loki/Documents/GitHub/saga_repo/install/loki_base/lib/python3.10/site-packages:/home/loki/Documents/GitHub/saga_repo/install/loki_msgs/local/lib/python3.10/dist-packages /usr/bin/cmake --install /home/loki/Documents/GitHub/saga_repo/build/loki_simulator
