[1.037s] Invoking command in '/home/odin/Documents/GitHub/saga_repo/build/rasberry_gazebo': CMAKE_PREFIX_PATH=/opt/ros/humble /usr/bin/cmake --build /home/odin/Documents/GitHub/saga_repo/build/rasberry_gazebo -- -j8 -l8
[1.212s] Invoked command in '/home/odin/Documents/GitHub/saga_repo/build/rasberry_gazebo' returned '0': CMAKE_PREFIX_PATH=/opt/ros/humble /usr/bin/cmake --build /home/odin/Documents/GitHub/saga_repo/build/rasberry_gazebo -- -j8 -l8
[1.424s] Invoking command in '/home/odin/Documents/GitHub/saga_repo/build/rasberry_gazebo': CMAKE_PREFIX_PATH=/opt/ros/humble /usr/bin/cmake --install /home/odin/Documents/GitHub/saga_repo/build/rasberry_gazebo
[1.449s] -- Install configuration: ""
[1.449s] -- Up-to-date: /home/odin/Documents/GitHub/saga_repo/install/rasberry_gazebo/lib/rasberry_gazebo/move_base_seq.py
[1.450s] -- Up-to-date: /home/odin/Documents/GitHub/saga_repo/install/rasberry_gazebo/share/rasberry_gazebo/launch
[1.450s] -- Installing: /home/odin/Documents/GitHub/saga_repo/install/rasberry_gazebo/share/rasberry_gazebo/launch/spawn_thorvald.launch.py
[1.450s] -- Up-to-date: /home/odin/Documents/GitHub/saga_repo/install/rasberry_gazebo/share/rasberry_gazebo/launch/thorvald_playpen.launch.py
[1.450s] -- Up-to-date: /home/odin/Documents/GitHub/saga_repo/install/rasberry_gazebo/share/rasberry_gazebo/launch/gazebo.launch.py
[1.452s] -- Up-to-date: /home/odin/Documents/GitHub/saga_repo/install/rasberry_gazebo/share/rasberry_gazebo/launch/world.launch
[1.453s] -- Up-to-date: /home/odin/Documents/GitHub/saga_repo/install/rasberry_gazebo/share/rasberry_gazebo/worlds
[1.454s] -- Up-to-date: /home/odin/Documents/GitHub/saga_repo/install/rasberry_gazebo/share/rasberry_gazebo/worlds/empty_grass.world
[1.455s] -- Up-to-date: /home/odin/Documents/GitHub/saga_repo/install/rasberry_gazebo/share/ament_index/resource_index/package_run_dependencies/rasberry_gazebo
[1.456s] -- Up-to-date: /home/odin/Documents/GitHub/saga_repo/install/rasberry_gazebo/share/ament_index/resource_index/parent_prefix_path/rasberry_gazebo
[1.457s] -- Up-to-date: /home/odin/Documents/GitHub/saga_repo/install/rasberry_gazebo/share/rasberry_gazebo/environment/ament_prefix_path.sh
[1.458s] -- Up-to-date: /home/odin/Documents/GitHub/saga_repo/install/rasberry_gazebo/share/rasberry_gazebo/environment/ament_prefix_path.dsv
[1.459s] -- Up-to-date: /home/odin/Documents/GitHub/saga_repo/install/rasberry_gazebo/share/rasberry_gazebo/environment/path.sh
[1.460s] -- Up-to-date: /home/odin/Documents/GitHub/saga_repo/install/rasberry_gazebo/share/rasberry_gazebo/environment/path.dsv
[1.460s] -- Up-to-date: /home/odin/Documents/GitHub/saga_repo/install/rasberry_gazebo/share/rasberry_gazebo/local_setup.bash
[1.461s] -- Up-to-date: /home/odin/Documents/GitHub/saga_repo/install/rasberry_gazebo/share/rasberry_gazebo/local_setup.sh
[1.462s] -- Up-to-date: /home/odin/Documents/GitHub/saga_repo/install/rasberry_gazebo/share/rasberry_gazebo/local_setup.zsh
[1.463s] -- Up-to-date: /home/odin/Documents/GitHub/saga_repo/install/rasberry_gazebo/share/rasberry_gazebo/local_setup.dsv
[1.465s] -- Installing: /home/odin/Documents/GitHub/saga_repo/install/rasberry_gazebo/share/rasberry_gazebo/package.dsv
[1.470s] -- Up-to-date: /home/odin/Documents/GitHub/saga_repo/install/rasberry_gazebo/share/ament_index/resource_index/packages/rasberry_gazebo
[1.477s] -- Up-to-date: /home/odin/Documents/GitHub/saga_repo/install/rasberry_gazebo/share/rasberry_gazebo/cmake/rasberry_gazeboConfig.cmake
[1.478s] -- Up-to-date: /home/odin/Documents/GitHub/saga_repo/install/rasberry_gazebo/share/rasberry_gazebo/cmake/rasberry_gazeboConfig-version.cmake
[1.478s] -- Up-to-date: /home/odin/Documents/GitHub/saga_repo/install/rasberry_gazebo/share/rasberry_gazebo/package.xml
[1.864s] Invoked command in '/home/odin/Documents/GitHub/saga_repo/build/rasberry_gazebo' returned '0': CMAKE_PREFIX_PATH=/opt/ros/humble /usr/bin/cmake --install /home/odin/Documents/GitHub/saga_repo/build/rasberry_gazebo
