running egg_info
creating ../../../../build/loki_nav/loki_nav.egg-info
writing ../../../../build/loki_nav/loki_nav.egg-info/PKG-INFO
writing dependency_links to ../../../../build/loki_nav/loki_nav.egg-info/dependency_links.txt
writing entry points to ../../../../build/loki_nav/loki_nav.egg-info/entry_points.txt
writing requirements to ../../../../build/loki_nav/loki_nav.egg-info/requires.txt
writing top-level names to ../../../../build/loki_nav/loki_nav.egg-info/top_level.txt
writing manifest file '../../../../build/loki_nav/loki_nav.egg-info/SOURCES.txt'
reading manifest file '../../../../build/loki_nav/loki_nav.egg-info/SOURCES.txt'
writing manifest file '../../../../build/loki_nav/loki_nav.egg-info/SOURCES.txt'
running build
running build_py
creating /home/loki/Documents/GitHub/saga_repo/build/loki_nav/build
creating /home/loki/Documents/GitHub/saga_repo/build/loki_nav/build/lib
creating /home/loki/Documents/GitHub/saga_repo/build/loki_nav/build/lib/loki_nav
copying loki_nav/waypoint_node.py -> /home/loki/Documents/GitHub/saga_repo/build/loki_nav/build/lib/loki_nav
running install
running install_lib
creating /home/loki/Documents/GitHub/saga_repo/install/loki_nav/lib/python3.10/site-packages/loki_nav
copying /home/loki/Documents/GitHub/saga_repo/build/loki_nav/build/lib/loki_nav/waypoint_node.py -> /home/loki/Documents/GitHub/saga_repo/install/loki_nav/lib/python3.10/site-packages/loki_nav
byte-compiling /home/loki/Documents/GitHub/saga_repo/install/loki_nav/lib/python3.10/site-packages/loki_nav/waypoint_node.py to waypoint_node.cpython-310.pyc
running install_data
creating /home/loki/Documents/GitHub/saga_repo/install/loki_nav/share/ament_index
creating /home/loki/Documents/GitHub/saga_repo/install/loki_nav/share/ament_index/resource_index
creating /home/loki/Documents/GitHub/saga_repo/install/loki_nav/share/ament_index/resource_index/packages
copying resource/loki_nav -> /home/loki/Documents/GitHub/saga_repo/install/loki_nav/share/ament_index/resource_index/packages
copying package.xml -> /home/loki/Documents/GitHub/saga_repo/install/loki_nav/share/loki_nav
creating /home/loki/Documents/GitHub/saga_repo/install/loki_nav/share/loki_nav/launch
running install_egg_info
Copying ../../../../build/loki_nav/loki_nav.egg-info to /home/loki/Documents/GitHub/saga_repo/install/loki_nav/lib/python3.10/site-packages/loki_nav-2.0.0-py3.10.egg-info
running install_scripts
Installing nav script to /home/loki/Documents/GitHub/saga_repo/install/loki_nav/lib/loki_nav
writing list of installed files to '/home/loki/Documents/GitHub/saga_repo/build/loki_nav/install.log'
